[0.035s] Invoking command in '/home/hdm/lio-sam_simulation_car/robot_bringup/build/robot_bringup': CMAKE_PREFIX_PATH=${CMAKE_PREFIX_PATH}:/opt/ros/humble /usr/bin/cmake /home/hdm/lio-sam_simulation_car/robot_bringup -DCMAKE_INSTALL_PREFIX=/home/hdm/lio-sam_simulation_car/robot_bringup/install/robot_bringup
[0.054s] -- Found ament_cmake_auto: 1.3.8 (/opt/ros/humble/share/ament_cmake_auto/cmake)
[0.172s] -- Found rclcpp: 16.0.8 (/opt/ros/humble/share/rclcpp/cmake)
[0.232s] -- Found rosidl_generator_c: 3.1.5 (/opt/ros/humble/share/rosidl_generator_c/cmake)
[0.235s] -- Found rosidl_adapter: 3.1.5 (/opt/ros/humble/share/rosidl_adapter/cmake)
[0.242s] -- Found rosidl_generator_cpp: 3.1.5 (/opt/ros/humble/share/rosidl_generator_cpp/cmake)
[0.255s] -- Using all available rosidl_typesupport_c: rosidl_typesupport_fastrtps_c;rosidl_typesupport_introspection_c
[0.263s] -- Using all available rosidl_typesupport_cpp: rosidl_typesupport_fastrtps_cpp;rosidl_typesupport_introspection_cpp
[0.293s] -- Found rmw_implementation_cmake: 6.1.1 (/opt/ros/humble/share/rmw_implementation_cmake/cmake)
[0.293s] -- Found rmw_cyclonedds_cpp: 1.3.4 (/opt/ros/humble/share/rmw_cyclonedds_cpp/cmake)
[0.308s] -- Using RMW implementation 'rmw_cyclonedds_cpp' as default
[0.388s] -- Found sensor_msgs: 4.2.3 (/opt/ros/humble/share/sensor_msgs/cmake)
[0.453s] -- Found pcl_conversions: 2.4.0 (/opt/ros/humble/share/pcl_conversions/cmake)
[0.530s] -- Eigen found (include: /usr/include/eigen3, version: 3.4.0)
[0.550s] -- FLANN found (include: /usr/include, lib: /usr/lib/x86_64-linux-gnu/libflann_cpp.so)
[0.862s] -- OpenNI found (version: 1.5.4.0, include: /usr/include/ni, lib: /usr/lib/libOpenNI.so;libusb::libusb)
[0.867s] -- OpenNI2 found (version: 2.2.0.33, include: /usr/include/openni2, lib: /usr/lib/x86_64-linux-gnu/libOpenNI2.so;libusb::libusb)
[0.867s] [0m** WARNING ** io features related to pcap will be disabled[0m
[0.957s] -- Eigen found (include: /usr/include/eigen3, version: 3.4.0)
[0.963s] -- OpenNI found (version: 1.5.4.0, include: /usr/include/ni, lib: /usr/lib/libOpenNI.so;libusb::libusb)
[0.968s] -- OpenNI2 found (version: 2.2.0.33, include: /usr/include/openni2, lib: /usr/lib/x86_64-linux-gnu/libOpenNI2.so;libusb::libusb)
[1.052s] -- Found Qhull version 8.0.2
[1.140s] -- OpenNI found (version: 1.5.4.0, include: /usr/include/ni, lib: /usr/lib/libOpenNI.so;libusb::libusb)
[1.224s] -- looking for PCL_COMMON
[1.225s] -- looking for PCL_KDTREE
[1.225s] -- looking for PCL_OCTREE
[1.225s] -- looking for PCL_SEARCH
[1.225s] -- looking for PCL_SAMPLE_CONSENSUS
[1.225s] -- looking for PCL_FILTERS
[1.226s] -- looking for PCL_2D
[1.226s] -- looking for PCL_GEOMETRY
[1.226s] -- looking for PCL_IO
[1.226s] -- looking for PCL_FEATURES
[1.227s] -- looking for PCL_ML
[1.227s] -- looking for PCL_SEGMENTATION
[1.227s] -- looking for PCL_VISUALIZATION
[1.227s] -- looking for PCL_SURFACE
[1.227s] -- looking for PCL_REGISTRATION
[1.228s] -- looking for PCL_KEYPOINTS
[1.228s] -- looking for PCL_TRACKING
[1.228s] -- looking for PCL_RECOGNITION
[1.228s] -- looking for PCL_STEREO
[1.228s] -- looking for PCL_APPS
[1.228s] -- looking for PCL_IN_HAND_SCANNER
[1.229s] -- looking for PCL_MODELER
[1.229s] -- looking for PCL_POINT_CLOUD_EDITOR
[1.229s] -- looking for PCL_OUTOFCORE
[1.229s] -- looking for PCL_PEOPLE
[1.229s] -- Found ament_lint_auto: 0.12.10 (/opt/ros/humble/share/ament_lint_auto/cmake)
[1.290s] -- Added test 'copyright' to check source files copyright and LICENSE
[1.295s] -- Added test 'cppcheck' to perform static code analysis on C / C++ code
[1.295s] -- Configured cppcheck include dirs: 
[1.295s] -- Configured cppcheck exclude dirs and/or files: 
[1.299s] -- Added test 'cpplint' to check C / C++ code against the Google style
[1.299s] -- Configured cpplint exclude dirs and/or files: 
[1.300s] -- Added test 'flake8' to check Python code syntax and style conventions
[1.301s] -- Added test 'lint_cmake' to check CMake code style
[1.302s] -- Added test 'pep257' to check Python code against some of the docstring style conventions in PEP 257
[1.306s] -- Added test 'uncrustify' to check C / C++ code style
[1.306s] -- Configured uncrustify additional arguments: 
[1.306s] -- Added test 'xmllint' to check XML markup files
[1.307s] -- Configuring done
[1.310s] [31mCMake Error at CMakeLists.txt:29 (add_executable):
[1.310s]   Cannot find source file:
[1.310s] 
[1.310s]     src/point_laser.cpp
[1.310s] 
[1.310s]   Tried extensions .c .C .c++ .cc .cpp .cxx .cu .mpp .m .M .mm .ixx .cppm .h
[1.311s]   .hh .h++ .hm .hpp .hxx .in .txx .f .F .for .f77 .f90 .f95 .f03 .hip .ispc
[1.311s] 
[1.311s] [0m
[1.311s] [31mCMake Error at CMakeLists.txt:29 (add_executable):
[1.311s]   No SOURCES given to target: point_laser
[1.311s] 
[1.311s] [0m
[1.312s] [0mCMake Generate step failed.  Build files cannot be regenerated correctly.[0m
[1.319s] Invoked command in '/home/hdm/lio-sam_simulation_car/robot_bringup/build/robot_bringup' returned '1': CMAKE_PREFIX_PATH=${CMAKE_PREFIX_PATH}:/opt/ros/humble /usr/bin/cmake /home/hdm/lio-sam_simulation_car/robot_bringup -DCMAKE_INSTALL_PREFIX=/home/hdm/lio-sam_simulation_car/robot_bringup/install/robot_bringup
