Performing C SOURCE FILE Test CMAKE_HAVE_LIBC_PTHREAD failed with the following output:
Change Dir: /home/korey/Desktop/lio_nav2/build/robot_bringup/CMakeFiles/CMakeScratch/TryCompile-ldIRYb

Run Build Command(s):/usr/bin/make -f Makefile cmTC_51f2a/fast && /usr/bin/make  -f CMakeFiles/cmTC_51f2a.dir/build.make CMakeFiles/cmTC_51f2a.dir/build
make[1]: 进入目录“/home/korey/Desktop/lio_nav2/build/robot_bringup/CMakeFiles/CMakeScratch/TryCompile-ldIRYb”
Building C object CMakeFiles/cmTC_51f2a.dir/src.c.o
/usr/bin/cc -DCMAKE_HAVE_LIBC_PTHREAD   -o CMakeFiles/cmTC_51f2a.dir/src.c.o -c /home/korey/Desktop/lio_nav2/build/robot_bringup/CMakeFiles/CMakeScratch/TryCompile-ldIRYb/src.c
Linking C executable cmTC_51f2a
/home/korey/.local/lib/python3.8/site-packages/cmake/data/bin/cmake -E cmake_link_script CMakeFiles/cmTC_51f2a.dir/link.txt --verbose=1
/usr/bin/cc CMakeFiles/cmTC_51f2a.dir/src.c.o -o cmTC_51f2a 
/usr/bin/ld: CMakeFiles/cmTC_51f2a.dir/src.c.o: in function `main':
src.c:(.text+0x46): undefined reference to `pthread_create'
/usr/bin/ld: src.c:(.text+0x52): undefined reference to `pthread_detach'
/usr/bin/ld: src.c:(.text+0x5e): undefined reference to `pthread_cancel'
/usr/bin/ld: src.c:(.text+0x6f): undefined reference to `pthread_join'
collect2: error: ld returned 1 exit status
make[1]: *** [CMakeFiles/cmTC_51f2a.dir/build.make:99：cmTC_51f2a] 错误 1
make[1]: 离开目录“/home/korey/Desktop/lio_nav2/build/robot_bringup/CMakeFiles/CMakeScratch/TryCompile-ldIRYb”
make: *** [Makefile:127：cmTC_51f2a/fast] 错误 2


Source file was:
#include <pthread.h>

static void* test_func(void* data)
{
  return data;
}

int main(void)
{
  pthread_t thread;
  pthread_create(&thread, NULL, test_func, NULL);
  pthread_detach(thread);
  pthread_cancel(thread);
  pthread_join(thread, NULL);
  pthread_atfork(NULL, NULL, NULL);
  pthread_exit(NULL);

  return 0;
}


Determining if the function pthread_create exists in the pthreads failed with the following output:
Change Dir: /home/korey/Desktop/lio_nav2/build/robot_bringup/CMakeFiles/CMakeScratch/TryCompile-EyEg0a

Run Build Command(s):/usr/bin/make -f Makefile cmTC_76aa2/fast && /usr/bin/make  -f CMakeFiles/cmTC_76aa2.dir/build.make CMakeFiles/cmTC_76aa2.dir/build
make[1]: 进入目录“/home/korey/Desktop/lio_nav2/build/robot_bringup/CMakeFiles/CMakeScratch/TryCompile-EyEg0a”
Building C object CMakeFiles/cmTC_76aa2.dir/CheckFunctionExists.c.o
/usr/bin/cc   -DCHECK_FUNCTION_EXISTS=pthread_create -o CMakeFiles/cmTC_76aa2.dir/CheckFunctionExists.c.o -c /home/korey/Desktop/lio_nav2/build/robot_bringup/CMakeFiles/CMakeScratch/TryCompile-EyEg0a/CheckFunctionExists.c
Linking C executable cmTC_76aa2
/home/korey/.local/lib/python3.8/site-packages/cmake/data/bin/cmake -E cmake_link_script CMakeFiles/cmTC_76aa2.dir/link.txt --verbose=1
/usr/bin/cc  -DCHECK_FUNCTION_EXISTS=pthread_create CMakeFiles/cmTC_76aa2.dir/CheckFunctionExists.c.o -o cmTC_76aa2  -lpthreads 
/usr/bin/ld: 找不到 -lpthreads
collect2: error: ld returned 1 exit status
make[1]: *** [CMakeFiles/cmTC_76aa2.dir/build.make:99：cmTC_76aa2] 错误 1
make[1]: 离开目录“/home/korey/Desktop/lio_nav2/build/robot_bringup/CMakeFiles/CMakeScratch/TryCompile-EyEg0a”
make: *** [Makefile:127：cmTC_76aa2/fast] 错误 2



