[0.035s] Invoking command in '/home/hdm/lio-sam_simulation_car/robot_bringup/build/robot_bringup': CMAKE_PREFIX_PATH=${CMAKE_PREFIX_PATH}:/opt/ros/humble /usr/bin/cmake /home/hdm/lio-sam_simulation_car/robot_bringup -DCMAKE_INSTALL_PREFIX=/home/hdm/lio-sam_simulation_car/robot_bringup/install/robot_bringup
[0.052s] -- Found ament_cmake: 1.3.8 (/opt/ros/humble/share/ament_cmake/cmake)
[0.207s] -- Found rclcpp: 16.0.8 (/opt/ros/humble/share/rclcpp/cmake)
[0.275s] -- Found rosidl_generator_c: 3.1.5 (/opt/ros/humble/share/rosidl_generator_c/cmake)
[0.279s] -- Found rosidl_adapter: 3.1.5 (/opt/ros/humble/share/rosidl_adapter/cmake)
[0.287s] -- Found rosidl_generator_cpp: 3.1.5 (/opt/ros/humble/share/rosidl_generator_cpp/cmake)
[0.301s] -- Using all available rosidl_typesupport_c: rosidl_typesupport_fastrtps_c;rosidl_typesupport_introspection_c
[0.309s] -- Using all available rosidl_typesupport_cpp: rosidl_typesupport_fastrtps_cpp;rosidl_typesupport_introspection_cpp
[0.337s] -- Found rmw_implementation_cmake: 6.1.1 (/opt/ros/humble/share/rmw_implementation_cmake/cmake)
[0.338s] -- Found rmw_cyclonedds_cpp: 1.3.4 (/opt/ros/humble/share/rmw_cyclonedds_cpp/cmake)
[0.352s] -- Using RMW implementation 'rmw_cyclonedds_cpp' as default
[0.430s] -- Found sensor_msgs: 4.2.3 (/opt/ros/humble/share/sensor_msgs/cmake)
[0.493s] -- Found pcl_conversions: 2.4.0 (/opt/ros/humble/share/pcl_conversions/cmake)
[0.569s] -- Eigen found (include: /usr/include/eigen3, version: 3.4.0)
[0.588s] -- FLANN found (include: /usr/include, lib: /usr/lib/x86_64-linux-gnu/libflann_cpp.so)
[0.904s] -- OpenNI found (version: 1.5.4.0, include: /usr/include/ni, lib: /usr/lib/libOpenNI.so;libusb::libusb)
[0.909s] -- OpenNI2 found (version: 2.2.0.33, include: /usr/include/openni2, lib: /usr/lib/x86_64-linux-gnu/libOpenNI2.so;libusb::libusb)
[0.909s] [0m** WARNING ** io features related to pcap will be disabled[0m
[1.000s] -- Eigen found (include: /usr/include/eigen3, version: 3.4.0)
[1.005s] -- OpenNI found (version: 1.5.4.0, include: /usr/include/ni, lib: /usr/lib/libOpenNI.so;libusb::libusb)
[1.010s] -- OpenNI2 found (version: 2.2.0.33, include: /usr/include/openni2, lib: /usr/lib/x86_64-linux-gnu/libOpenNI2.so;libusb::libusb)
[1.094s] -- Found Qhull version 8.0.2
[1.183s] -- OpenNI found (version: 1.5.4.0, include: /usr/include/ni, lib: /usr/lib/libOpenNI.so;libusb::libusb)
[1.267s] -- looking for PCL_COMMON
[1.268s] -- looking for PCL_KDTREE
[1.268s] -- looking for PCL_OCTREE
[1.268s] -- looking for PCL_SEARCH
[1.268s] -- looking for PCL_SAMPLE_CONSENSUS
[1.268s] -- looking for PCL_FILTERS
[1.269s] -- looking for PCL_2D
[1.269s] -- looking for PCL_GEOMETRY
[1.269s] -- looking for PCL_IO
[1.269s] -- looking for PCL_FEATURES
[1.269s] -- looking for PCL_ML
[1.270s] -- looking for PCL_SEGMENTATION
[1.270s] -- looking for PCL_VISUALIZATION
[1.270s] -- looking for PCL_SURFACE
[1.270s] -- looking for PCL_REGISTRATION
[1.270s] -- looking for PCL_KEYPOINTS
[1.270s] -- looking for PCL_TRACKING
[1.271s] -- looking for PCL_RECOGNITION
[1.271s] -- looking for PCL_STEREO
[1.271s] -- looking for PCL_APPS
[1.271s] -- looking for PCL_IN_HAND_SCANNER
[1.272s] -- looking for PCL_MODELER
[1.272s] -- looking for PCL_POINT_CLOUD_EDITOR
[1.272s] -- looking for PCL_OUTOFCORE
[1.272s] -- looking for PCL_PEOPLE
[1.305s] -- Configuring incomplete, errors occurred!
[1.306s] See also "/home/hdm/lio-sam_simulation_car/robot_bringup/build/robot_bringup/CMakeFiles/CMakeOutput.log".
[1.306s] [31mCMake Error at CMakeLists.txt:27 (target_link_libraries):
[1.306s]   Cannot specify link libraries for target "robot_bringup" which is not built
[1.306s]   by this project.
[1.306s] 
[1.306s] [0m
[1.313s] Invoked command in '/home/hdm/lio-sam_simulation_car/robot_bringup/build/robot_bringup' returned '1': CMAKE_PREFIX_PATH=${CMAKE_PREFIX_PATH}:/opt/ros/humble /usr/bin/cmake /home/hdm/lio-sam_simulation_car/robot_bringup -DCMAKE_INSTALL_PREFIX=/home/hdm/lio-sam_simulation_car/robot_bringup/install/robot_bringup
