[0.013s] Invoking command in '/home/korey/Desktop/lio-sam_simulation_navigation/build/robot_navigation2': CONDA_PROMPT_MODIFIER=(base) /home/korey/.local/bin/cmake /home/korey/Desktop/lio-sam_simulation_navigation/src/robot_navigation2 -DAMENT_CMAKE_SYMLINK_INSTALL=1 -DCMAKE_INSTALL_PREFIX=/home/korey/Desktop/lio-sam_simulation_navigation/install/robot_navigation2
[0.061s] -- Found ament_cmake: 0.9.12 (/opt/ros/foxy/share/ament_cmake/cmake)
[0.078s] -- Using PYTHON_EXECUTABLE: /usr/bin/python3
[0.210s] Traceback (most recent call last):
[0.210s]   File "/opt/ros/foxy/share/ament_cmake_core/cmake/package_templates/templates_2_cmake.py", line 21, in <module>
[0.210s]     from ament_package.templates import get_environment_hook_template_path
[0.211s] ModuleNotFoundError: No module named 'ament_package'
[0.230s] CMake Error at /opt/ros/foxy/share/ament_cmake_core/cmake/ament_cmake_package_templates-extras.cmake:41 (message):
[0.230s]   execute_process(/usr/bin/python3
[0.230s]   /opt/ros/foxy/share/ament_cmake_core/cmake/package_templates/templates_2_cmake.py
[0.230s]   /home/korey/Desktop/lio-sam_simulation_navigation/build/robot_navigation2/ament_cmake_package_templates/templates.cmake)
[0.230s]   returned error code 1
[0.230s] Call Stack (most recent call first):
[0.230s]   /opt/ros/foxy/share/ament_cmake_core/cmake/ament_cmake_coreConfig.cmake:41 (include)
[0.230s]   /opt/ros/foxy/share/ament_cmake/cmake/ament_cmake_export_dependencies-extras.cmake:15 (find_package)
[0.230s]   /opt/ros/foxy/share/ament_cmake/cmake/ament_cmakeConfig.cmake:41 (include)
[0.231s]   CMakeLists.txt:3 (find_package)
[0.231s] 
[0.231s] 
[0.233s] -- Configuring incomplete, errors occurred!
[0.233s] See also "/home/korey/Desktop/lio-sam_simulation_navigation/build/robot_navigation2/CMakeFiles/CMakeOutput.log".
[0.240s] Invoked command in '/home/korey/Desktop/lio-sam_simulation_navigation/build/robot_navigation2' returned '1': CONDA_PROMPT_MODIFIER=(base) /home/korey/.local/bin/cmake /home/korey/Desktop/lio-sam_simulation_navigation/src/robot_navigation2 -DAMENT_CMAKE_SYMLINK_INSTALL=1 -DCMAKE_INSTALL_PREFIX=/home/korey/Desktop/lio-sam_simulation_navigation/install/robot_navigation2
