[0.042s] Invoking command in '/home/korey/Desktop/lio-sam_simulation_navigation/build/pointcloud_to_laserscan': CMAKE_PREFIX_PATH=/opt/ros/foxy /home/korey/.local/bin/cmake /home/korey/Desktop/lio-sam_simulation_navigation/src/pointcloud_to_laserscan -DCMAKE_INSTALL_PREFIX=/home/korey/Desktop/lio-sam_simulation_navigation/install/pointcloud_to_laserscan
[0.080s] -- Found ament_cmake_auto: 0.9.12 (/opt/ros/foxy/share/ament_cmake_auto/cmake)
[0.110s] -- Found PythonInterp: /usr/bin/python3 (found suitable version "3.8.10", minimum required is "3") 
[0.110s] -- Using PYTHON_EXECUTABLE: /usr/bin/python3
[0.438s] -- Using all available rosidl_typesupport_c: rosidl_typesupport_fastrtps_c;rosidl_typesupport_introspection_c
[0.448s] -- Found rosidl_adapter: 1.3.1 (/opt/ros/foxy/share/rosidl_adapter/cmake)
[0.552s] -- Found OpenSSL: /usr/lib/x86_64-linux-gnu/libcrypto.so (found version "1.1.1f")  
[0.592s] -- Found FastRTPS: /opt/ros/foxy/include  
[0.689s] -- Using all available rosidl_typesupport_cpp: rosidl_typesupport_fastrtps_cpp;rosidl_typesupport_introspection_cpp
[0.746s] -- Found rmw_implementation_cmake: 1.0.4 (/opt/ros/foxy/share/rmw_implementation_cmake/cmake)
[0.747s] -- Using RMW implementation 'rmw_fastrtps_cpp' as default
[0.747s] -- Performing Test CMAKE_HAVE_LIBC_PTHREAD
[0.811s] -- Performing Test CMAKE_HAVE_LIBC_PTHREAD - Failed
[0.812s] -- Looking for pthread_create in pthreads
[0.866s] -- Looking for pthread_create in pthreads - not found
[0.866s] -- Looking for pthread_create in pthread
[0.936s] -- Looking for pthread_create in pthread - found
[0.937s] -- Found Threads: TRUE  
[1.534s] -- Found ament_lint_auto: 0.9.8 (/opt/ros/foxy/share/ament_lint_auto/cmake)
[1.554s] -- Added test 'cppcheck' to perform static code analysis on C / C++ code
[1.554s] -- Configured cppcheck include dirs: /home/korey/Desktop/lio-sam_simulation_navigation/src/pointcloud_to_laserscan/include
[1.554s] -- Configured cppcheck exclude dirs and/or files: 
[1.556s] -- Added test 'cpplint' to check C / C++ code against the Google style
[1.556s] -- Configured cpplint exclude dirs and/or files: 
[1.557s] -- Added test 'flake8' to check Python code syntax and style conventions
[1.557s] -- Added test 'lint_cmake' to check CMake code style
[1.558s] -- Added test 'pep257' to check Python code against some of the style conventions in PEP 257
[1.560s] -- Added test 'uncrustify' to check C / C++ code style
[1.560s] -- Configured uncrustify additional arguments: 
[1.560s] -- Added test 'xmllint' to check XML markup files
[1.565s] -- Configuring done
[1.604s] -- Generating done
[1.616s] -- Build files have been written to: /home/korey/Desktop/lio-sam_simulation_navigation/build/pointcloud_to_laserscan
[1.635s] Invoked command in '/home/korey/Desktop/lio-sam_simulation_navigation/build/pointcloud_to_laserscan' returned '0': CMAKE_PREFIX_PATH=/opt/ros/foxy /home/korey/.local/bin/cmake /home/korey/Desktop/lio-sam_simulation_navigation/src/pointcloud_to_laserscan -DCMAKE_INSTALL_PREFIX=/home/korey/Desktop/lio-sam_simulation_navigation/install/pointcloud_to_laserscan
[1.635s] Invoking command in '/home/korey/Desktop/lio-sam_simulation_navigation/build/pointcloud_to_laserscan': CMAKE_PREFIX_PATH=/opt/ros/foxy /home/korey/.local/bin/cmake --build /home/korey/Desktop/lio-sam_simulation_navigation/build/pointcloud_to_laserscan -- -j12 -l12
[1.684s] [ 10%] [32mBuilding CXX object CMakeFiles/laserscan_to_pointcloud_node.dir/rclcpp_components/node_main_laserscan_to_pointcloud_node.cpp.o[0m
[1.684s] [ 20%] [32mBuilding CXX object CMakeFiles/pointcloud_to_laserscan_node.dir/rclcpp_components/node_main_pointcloud_to_laserscan_node.cpp.o[0m
[1.685s] [ 30%] [32mBuilding CXX object CMakeFiles/laserscan_to_pointcloud.dir/src/laserscan_to_pointcloud_node.cpp.o[0m
[4.848s] [ 40%] [32m[1mLinking CXX executable pointcloud_to_laserscan_node[0m
[4.849s] [ 50%] [32m[1mLinking CXX executable laserscan_to_pointcloud_node[0m
[4.977s] [ 50%] Built target pointcloud_to_laserscan_node
[5.017s] [ 50%] Built target laserscan_to_pointcloud_node
[14.230s] [ 60%] [32m[1mLinking CXX shared library liblaserscan_to_pointcloud.so[0m
[14.472s] [ 60%] Built target laserscan_to_pointcloud
[14.486s] [ 70%] [32mBuilding CXX object CMakeFiles/pointcloud_to_laserscan.dir/src/pointcloud_to_laserscan_node.cpp.o[0m
[24.822s] [ 80%] [32m[1mLinking CXX shared library libpointcloud_to_laserscan.so[0m
[24.995s] [ 80%] Built target pointcloud_to_laserscan
[25.010s] [ 90%] [32mBuilding CXX object CMakeFiles/dummy_pointcloud_publisher.dir/src/dummy_pointcloud_publisher.cpp.o[0m
[29.037s] [100%] [32m[1mLinking CXX executable dummy_pointcloud_publisher[0m
[29.221s] [100%] Built target dummy_pointcloud_publisher
[29.233s] Invoked command in '/home/korey/Desktop/lio-sam_simulation_navigation/build/pointcloud_to_laserscan' returned '0': CMAKE_PREFIX_PATH=/opt/ros/foxy /home/korey/.local/bin/cmake --build /home/korey/Desktop/lio-sam_simulation_navigation/build/pointcloud_to_laserscan -- -j12 -l12
[29.238s] Invoking command in '/home/korey/Desktop/lio-sam_simulation_navigation/build/pointcloud_to_laserscan': CMAKE_PREFIX_PATH=/opt/ros/foxy /home/korey/.local/bin/cmake --install /home/korey/Desktop/lio-sam_simulation_navigation/build/pointcloud_to_laserscan
[29.279s] -- Install configuration: ""
[29.279s] -- Installing: /home/korey/Desktop/lio-sam_simulation_navigation/install/pointcloud_to_laserscan/lib/pointcloud_to_laserscan/laserscan_to_pointcloud_node
[29.280s] -- Set runtime path of "/home/korey/Desktop/lio-sam_simulation_navigation/install/pointcloud_to_laserscan/lib/pointcloud_to_laserscan/laserscan_to_pointcloud_node" to ""
[29.280s] -- Installing: /home/korey/Desktop/lio-sam_simulation_navigation/install/pointcloud_to_laserscan/lib/pointcloud_to_laserscan/pointcloud_to_laserscan_node
[29.281s] -- Set runtime path of "/home/korey/Desktop/lio-sam_simulation_navigation/install/pointcloud_to_laserscan/lib/pointcloud_to_laserscan/pointcloud_to_laserscan_node" to ""
[29.281s] -- Installing: /home/korey/Desktop/lio-sam_simulation_navigation/install/pointcloud_to_laserscan/include
[29.281s] -- Installing: /home/korey/Desktop/lio-sam_simulation_navigation/install/pointcloud_to_laserscan/include/pointcloud_to_laserscan
[29.281s] -- Installing: /home/korey/Desktop/lio-sam_simulation_navigation/install/pointcloud_to_laserscan/include/pointcloud_to_laserscan/pointcloud_to_laserscan_node.hpp
[29.281s] -- Installing: /home/korey/Desktop/lio-sam_simulation_navigation/install/pointcloud_to_laserscan/include/pointcloud_to_laserscan/visibility_control.h
[29.281s] -- Installing: /home/korey/Desktop/lio-sam_simulation_navigation/install/pointcloud_to_laserscan/include/pointcloud_to_laserscan/laserscan_to_pointcloud_node.hpp
[29.282s] -- Installing: /home/korey/Desktop/lio-sam_simulation_navigation/install/pointcloud_to_laserscan/share/pointcloud_to_laserscan/environment/library_path.sh
[29.282s] -- Installing: /home/korey/Desktop/lio-sam_simulation_navigation/install/pointcloud_to_laserscan/share/pointcloud_to_laserscan/environment/library_path.dsv
[29.283s] -- Installing: /home/korey/Desktop/lio-sam_simulation_navigation/install/pointcloud_to_laserscan/lib/liblaserscan_to_pointcloud.so
[29.285s] -- Set runtime path of "/home/korey/Desktop/lio-sam_simulation_navigation/install/pointcloud_to_laserscan/lib/liblaserscan_to_pointcloud.so" to ""
[29.285s] -- Installing: /home/korey/Desktop/lio-sam_simulation_navigation/install/pointcloud_to_laserscan/lib/libpointcloud_to_laserscan.so
[29.287s] -- Set runtime path of "/home/korey/Desktop/lio-sam_simulation_navigation/install/pointcloud_to_laserscan/lib/libpointcloud_to_laserscan.so" to ""
[29.287s] -- Installing: /home/korey/Desktop/lio-sam_simulation_navigation/install/pointcloud_to_laserscan/lib/pointcloud_to_laserscan/dummy_pointcloud_publisher
[29.288s] -- Set runtime path of "/home/korey/Desktop/lio-sam_simulation_navigation/install/pointcloud_to_laserscan/lib/pointcloud_to_laserscan/dummy_pointcloud_publisher" to ""
[29.288s] -- Installing: /home/korey/Desktop/lio-sam_simulation_navigation/install/pointcloud_to_laserscan/share/pointcloud_to_laserscan/launch
[29.288s] -- Installing: /home/korey/Desktop/lio-sam_simulation_navigation/install/pointcloud_to_laserscan/share/pointcloud_to_laserscan/launch/pointcloud_to_laserscan_launch.py
[29.289s] -- Installing: /home/korey/Desktop/lio-sam_simulation_navigation/install/pointcloud_to_laserscan/share/ament_index/resource_index/package_run_dependencies/pointcloud_to_laserscan
[29.289s] -- Installing: /home/korey/Desktop/lio-sam_simulation_navigation/install/pointcloud_to_laserscan/share/ament_index/resource_index/parent_prefix_path/pointcloud_to_laserscan
[29.289s] -- Installing: /home/korey/Desktop/lio-sam_simulation_navigation/install/pointcloud_to_laserscan/share/pointcloud_to_laserscan/environment/ament_prefix_path.sh
[29.289s] -- Installing: /home/korey/Desktop/lio-sam_simulation_navigation/install/pointcloud_to_laserscan/share/pointcloud_to_laserscan/environment/ament_prefix_path.dsv
[29.290s] -- Installing: /home/korey/Desktop/lio-sam_simulation_navigation/install/pointcloud_to_laserscan/share/pointcloud_to_laserscan/environment/path.sh
[29.290s] -- Installing: /home/korey/Desktop/lio-sam_simulation_navigation/install/pointcloud_to_laserscan/share/pointcloud_to_laserscan/environment/path.dsv
[29.290s] -- Installing: /home/korey/Desktop/lio-sam_simulation_navigation/install/pointcloud_to_laserscan/share/pointcloud_to_laserscan/local_setup.bash
[29.290s] -- Installing: /home/korey/Desktop/lio-sam_simulation_navigation/install/pointcloud_to_laserscan/share/pointcloud_to_laserscan/local_setup.sh
[29.290s] -- Installing: /home/korey/Desktop/lio-sam_simulation_navigation/install/pointcloud_to_laserscan/share/pointcloud_to_laserscan/local_setup.zsh
[29.291s] -- Installing: /home/korey/Desktop/lio-sam_simulation_navigation/install/pointcloud_to_laserscan/share/pointcloud_to_laserscan/local_setup.dsv
[29.291s] -- Installing: /home/korey/Desktop/lio-sam_simulation_navigation/install/pointcloud_to_laserscan/share/pointcloud_to_laserscan/package.dsv
[29.291s] -- Installing: /home/korey/Desktop/lio-sam_simulation_navigation/install/pointcloud_to_laserscan/share/ament_index/resource_index/packages/pointcloud_to_laserscan
[29.291s] -- Installing: /home/korey/Desktop/lio-sam_simulation_navigation/install/pointcloud_to_laserscan/share/ament_index/resource_index/rclcpp_components/pointcloud_to_laserscan
[29.291s] -- Installing: /home/korey/Desktop/lio-sam_simulation_navigation/install/pointcloud_to_laserscan/share/pointcloud_to_laserscan/cmake/ament_cmake_export_dependencies-extras.cmake
[29.292s] -- Installing: /home/korey/Desktop/lio-sam_simulation_navigation/install/pointcloud_to_laserscan/share/pointcloud_to_laserscan/cmake/ament_cmake_export_include_directories-extras.cmake
[29.292s] -- Installing: /home/korey/Desktop/lio-sam_simulation_navigation/install/pointcloud_to_laserscan/share/pointcloud_to_laserscan/cmake/ament_cmake_export_libraries-extras.cmake
[29.292s] -- Installing: /home/korey/Desktop/lio-sam_simulation_navigation/install/pointcloud_to_laserscan/share/pointcloud_to_laserscan/cmake/pointcloud_to_laserscanConfig.cmake
[29.292s] -- Installing: /home/korey/Desktop/lio-sam_simulation_navigation/install/pointcloud_to_laserscan/share/pointcloud_to_laserscan/cmake/pointcloud_to_laserscanConfig-version.cmake
[29.293s] -- Installing: /home/korey/Desktop/lio-sam_simulation_navigation/install/pointcloud_to_laserscan/share/pointcloud_to_laserscan/package.xml
[29.301s] Invoked command in '/home/korey/Desktop/lio-sam_simulation_navigation/build/pointcloud_to_laserscan' returned '0': CMAKE_PREFIX_PATH=/opt/ros/foxy /home/korey/.local/bin/cmake --install /home/korey/Desktop/lio-sam_simulation_navigation/build/pointcloud_to_laserscan
