[0.018s] Invoking command in '/home/korey/Desktop/lio-sam_simulation_navigation/build/lio_sam_op': CMAKE_PREFIX_PATH=/opt/ros/foxy CONDA_PROMPT_MODIFIER=(base) /usr/bin/cmake /home/korey/Desktop/lio-sam_simulation_navigation/src/LIO-SAM -DAMENT_CMAKE_SYMLINK_INSTALL=1 -DCMAKE_INSTALL_PREFIX=/home/korey/Desktop/lio-sam_simulation_navigation/install/lio_sam_op
[0.034s] -- Found ament_cmake: 0.9.12 (/opt/ros/foxy/share/ament_cmake/cmake)
[0.060s] -- Found PythonInterp: /usr/bin/python3 (found suitable version "3.8.10", minimum required is "3") 
[0.060s] -- Using PYTHON_EXECUTABLE: /usr/bin/python3
[0.245s] -- Override CMake install command with custom implementation using symlinks instead of copying resources
[0.258s] -- Found rosidl_default_generators: 1.0.1 (/opt/ros/foxy/share/rosidl_default_generators/cmake)
[0.259s] -- Using all available rosidl_typesupport_c: rosidl_typesupport_fastrtps_c;rosidl_typesupport_introspection_c
[0.263s] -- Found rosidl_adapter: 1.3.1 (/opt/ros/foxy/share/rosidl_adapter/cmake)
[0.435s] -- Using all available rosidl_typesupport_cpp: rosidl_typesupport_fastrtps_cpp;rosidl_typesupport_introspection_cpp
[0.455s] -- Found rclcpp: 2.4.3 (/opt/ros/foxy/share/rclcpp/cmake)
[0.506s] -- Found rmw_implementation_cmake: 1.0.4 (/opt/ros/foxy/share/rmw_implementation_cmake/cmake)
[0.507s] -- Using RMW implementation 'rmw_fastrtps_cpp' as default
[0.640s] -- Found rclpy: 1.0.13 (/opt/ros/foxy/share/rclpy/cmake)
[0.640s] -- Found cv_bridge: 3.0.7 (/opt/ros/foxy/share/cv_bridge/cmake)
[0.775s] -- Found nav_msgs: 2.0.5 (/opt/ros/foxy/share/nav_msgs/cmake)
[0.843s] -- Found visualization_msgs: 2.0.5 (/opt/ros/foxy/share/visualization_msgs/cmake)
[0.907s] -- Found tf2: 0.13.14 (/opt/ros/foxy/share/tf2/cmake)
[0.917s] -- Found tf2_geometry_msgs: 0.13.14 (/opt/ros/foxy/share/tf2_geometry_msgs/cmake)
[0.922s] -- Found eigen3_cmake_module: 0.1.1 (/opt/ros/foxy/share/eigen3_cmake_module/cmake)
[1.271s] -- Found tf2_sensor_msgs: 0.13.14 (/opt/ros/foxy/share/tf2_sensor_msgs/cmake)
[1.286s] -- Found tf2_eigen: 0.13.14 (/opt/ros/foxy/share/tf2_eigen/cmake)
[1.310s] -- Found Eigen: /usr/include/eigen3 (Required is at least version "3.1") 
[1.310s] -- Eigen found (include: /usr/include/eigen3, version: 3.3.7)
[1.322s] -- Found Boost: /usr/include (found suitable version "1.71.0", minimum required is "1.55.0") found components: system filesystem date_time iostreams regex 
[1.408s] -- The imported target "vtkParseOGLExt" references the file
[1.408s]    "/usr/bin/vtkParseOGLExt-7.1"
[1.408s] but this file does not exist.  Possible reasons include:
[1.408s] * The file was deleted, renamed, or moved to another location.
[1.408s] * An install or uninstall procedure did not complete successfully.
[1.408s] * The installation package was faulty and contained
[1.408s]    "/usr/lib/cmake/vtk-7.1/VTKTargets.cmake"
[1.409s] but not all the files it references.
[1.409s] 
[1.409s] -- The imported target "vtkRenderingPythonTkWidgets" references the file
[1.409s]    "/usr/lib/x86_64-linux-gnu/libvtkRenderingPythonTkWidgets.so"
[1.409s] but this file does not exist.  Possible reasons include:
[1.409s] * The file was deleted, renamed, or moved to another location.
[1.409s] * An install or uninstall procedure did not complete successfully.
[1.409s] * The installation package was faulty and contained
[1.410s]    "/usr/lib/cmake/vtk-7.1/VTKTargets.cmake"
[1.410s] but not all the files it references.
[1.410s] 
[1.410s] -- The imported target "vtk" references the file
[1.410s]    "/usr/bin/vtk"
[1.410s] but this file does not exist.  Possible reasons include:
[1.410s] * The file was deleted, renamed, or moved to another location.
[1.410s] * An install or uninstall procedure did not complete successfully.
[1.410s] * The installation package was faulty and contained
[1.410s]    "/usr/lib/cmake/vtk-7.1/VTKTargets.cmake"
[1.410s] but not all the files it references.
[1.411s] 
[1.411s] -- The imported target "pvtk" references the file
[1.411s]    "/usr/bin/pvtk"
[1.411s] but this file does not exist.  Possible reasons include:
[1.411s] * The file was deleted, renamed, or moved to another location.
[1.411s] * An install or uninstall procedure did not complete successfully.
[1.411s] * The installation package was faulty and contained
[1.411s]    "/usr/lib/cmake/vtk-7.1/VTKTargets.cmake"
[1.411s] but not all the files it references.
[1.411s] 
[1.431s] -- OpenNI found (include: /usr/include/ni, lib: /usr/lib/libOpenNI.so)
[1.439s] -- OpenNI2 found (include: /usr/include/openni2, lib: /usr/lib/libOpenNI2.so)
[1.439s] ** WARNING ** io features related to pcap will be disabled
[1.439s] ** WARNING ** io features related to png will be disabled
[1.452s] ** WARNING ** io features related to libusb-1.0 will be disabled
[1.461s] -- OpenNI found (include: /usr/include/ni, lib: /usr/lib/libOpenNI.so)
[1.471s] -- OpenNI2 found (include: /usr/include/openni2, lib: /usr/lib/libOpenNI2.so)
[1.486s] -- QHULL found (include: /usr/include, lib: optimized;/usr/lib/x86_64-linux-gnu/libqhull.so;debug;/usr/lib/x86_64-linux-gnu/libqhull.so)
[1.495s] -- OpenNI found (include: /usr/include/ni, lib: /usr/lib/libOpenNI.so)
[1.510s] -- looking for PCL_COMMON
[1.511s] -- looking for PCL_KDTREE
[1.511s] -- looking for PCL_OCTREE
[1.512s] -- looking for PCL_SEARCH
[1.512s] -- looking for PCL_SAMPLE_CONSENSUS
[1.513s] -- looking for PCL_FILTERS
[1.514s] -- looking for PCL_2D
[1.514s] -- looking for PCL_GEOMETRY
[1.514s] -- looking for PCL_IO
[1.515s] -- looking for PCL_FEATURES
[1.516s] -- looking for PCL_ML
[1.516s] -- looking for PCL_SEGMENTATION
[1.517s] -- looking for PCL_VISUALIZATION
[1.517s] -- looking for PCL_SURFACE
[1.518s] -- looking for PCL_REGISTRATION
[1.519s] -- looking for PCL_KEYPOINTS
[1.519s] -- looking for PCL_TRACKING
[1.520s] -- looking for PCL_RECOGNITION
[1.521s] -- looking for PCL_STEREO
[1.521s] -- looking for PCL_APPS
[1.522s] -- looking for PCL_IN_HAND_SCANNER
[1.523s] -- looking for PCL_POINT_CLOUD_EDITOR
[1.523s] -- looking for PCL_OUTOFCORE
[1.524s] -- looking for PCL_PEOPLE
[1.542s] -- Found Boost: /usr/include (found suitable version "1.71.0", minimum required is "1.43") found components: serialization system filesystem thread program_options date_time timer chrono regex atomic 
[1.545s] -- GTSAM include directory:  /usr/lib/cmake/GTSAM/../../../include
[1.551s] -- Found Eigen: /usr/include/eigen3  
[1.551s] -- Eigen found (include: /usr/include/eigen3, version: 3.3.7)
[1.551s] -- Found pcl_msgs: 1.0.0 (/opt/ros/foxy/share/pcl_msgs/cmake)
[1.655s] -- Found OpenMP_C: -fopenmp  
[1.656s] -- Found OpenMP_CXX: -fopenmp  
[1.656s] -- Found OpenMP: TRUE   
[1.656s] -- Found pcl_conversions: 2.2.1 (/opt/ros/foxy/share/pcl_conversions/cmake)
[1.717s] -- Found PythonInterp: /usr/bin/python3 (found version "3.8.10") 
[1.907s] -- Found ament_cmake_ros: 0.9.2 (/opt/ros/foxy/share/ament_cmake_ros/cmake)
[2.233s] -- Using all available rosidl_typesupport_c: rosidl_typesupport_fastrtps_c;rosidl_typesupport_introspection_c
[2.370s] -- Using all available rosidl_typesupport_cpp: rosidl_typesupport_fastrtps_cpp;rosidl_typesupport_introspection_cpp
[2.395s] -- Found PythonInterp: /usr/bin/python3 (found suitable version "3.8.10", minimum required is "3.5") 
[2.395s] -- Found python_cmake_module: 0.8.1 (/opt/ros/foxy/share/python_cmake_module/cmake)
[2.423s] -- Using PYTHON_EXECUTABLE: /usr/bin/python3
[2.423s] -- Using PYTHON_INCLUDE_DIRS: /usr/include/python3.8
[2.423s] -- Using PYTHON_LIBRARIES: /usr/lib/x86_64-linux-gnu/libpython3.8.so
[2.880s] -- Found ament_lint_auto: 0.9.8 (/opt/ros/foxy/share/ament_lint_auto/cmake)
[2.915s] -- Added test 'copyright' to check source files copyright and LICENSE
[2.988s] -- Added test 'cppcheck' to perform static code analysis on C / C++ code
[2.992s] -- Configured cppcheck include dirs: /home/korey/Desktop/lio-sam_simulation_navigation/src/LIO-SAM/include
[2.992s] -- Configured cppcheck exclude dirs and/or files: 
[3.067s] -- Added test 'cpplint' to check C / C++ code against the Google style
[3.067s] -- Configured cpplint exclude dirs and/or files: 
[3.077s] -- Added test 'flake8' to check Python code syntax and style conventions
[3.096s] -- Added test 'lint_cmake' to check CMake code style
[3.106s] -- Added test 'pep257' to check Python code against some of the style conventions in PEP 257
[3.179s] -- Added test 'uncrustify' to check C / C++ code style
[3.179s] -- Configured uncrustify additional arguments: 
[3.189s] -- Added test 'xmllint' to check XML markup files
[3.198s] -- Configuring done
[3.594s] -- Generating done
[3.794s] -- Build files have been written to: /home/korey/Desktop/lio-sam_simulation_navigation/build/lio_sam_op
[3.810s] Invoked command in '/home/korey/Desktop/lio-sam_simulation_navigation/build/lio_sam_op' returned '0': CMAKE_PREFIX_PATH=/opt/ros/foxy CONDA_PROMPT_MODIFIER=(base) /usr/bin/cmake /home/korey/Desktop/lio-sam_simulation_navigation/src/LIO-SAM -DAMENT_CMAKE_SYMLINK_INSTALL=1 -DCMAKE_INSTALL_PREFIX=/home/korey/Desktop/lio-sam_simulation_navigation/install/lio_sam_op
[3.815s] Invoking command in '/home/korey/Desktop/lio-sam_simulation_navigation/build/lio_sam_op': CMAKE_PREFIX_PATH=/opt/ros/foxy CONDA_PROMPT_MODIFIER=(base) /usr/bin/cmake --build /home/korey/Desktop/lio-sam_simulation_navigation/build/lio_sam_op -- -j12 -l12
[3.877s] [  2%] Generating C code for ROS interfaces
[3.878s] Scanning dependencies of target lio_sam_op__cpp
[3.893s] [  4%] Generating C++ code for ROS interfaces
[4.233s] Scanning dependencies of target lio_sam_op__rosidl_generator_c
[4.237s] [  4%] Built target lio_sam_op__cpp
[4.249s] [  6%] Building C object CMakeFiles/lio_sam_op__rosidl_generator_c.dir/rosidl_generator_c/lio_sam_op/srv/detail/save_map__functions.c.o
[4.250s] [  8%] Building C object CMakeFiles/lio_sam_op__rosidl_generator_c.dir/rosidl_generator_c/lio_sam_op/msg/detail/cloud_info__functions.c.o
[4.254s] [ 10%] Generating C++ introspection for ROS interfaces
[4.254s] [ 12%] Generating C++ type support dispatch for ROS interfaces
[4.256s] [ 14%] Generating C++ type support for eProsima Fast-RTPS
[4.410s] [ 16%] Linking C shared library liblio_sam_op__rosidl_generator_c.so
[4.463s] [ 16%] Built target lio_sam_op__rosidl_generator_c
[4.480s] [ 20%] Generating C introspection for ROS interfaces
[4.480s] [ 20%] Generating C type support dispatch for ROS interfaces
[4.599s] Scanning dependencies of target lio_sam_op__rosidl_typesupport_cpp
[4.614s] [ 22%] Building CXX object CMakeFiles/lio_sam_op__rosidl_typesupport_cpp.dir/rosidl_typesupport_cpp/lio_sam_op/srv/save_map__type_support.cpp.o
[4.615s] [ 24%] Building CXX object CMakeFiles/lio_sam_op__rosidl_typesupport_cpp.dir/rosidl_typesupport_cpp/lio_sam_op/msg/cloud_info__type_support.cpp.o
[4.618s] Scanning dependencies of target lio_sam_op__rosidl_typesupport_introspection_cpp
[4.630s] Scanning dependencies of target lio_sam_op__rosidl_typesupport_fastrtps_cpp
[4.636s] [ 26%] Building CXX object CMakeFiles/lio_sam_op__rosidl_typesupport_introspection_cpp.dir/rosidl_typesupport_introspection_cpp/lio_sam_op/srv/detail/save_map__type_support.cpp.o
[4.636s] [ 28%] Building CXX object CMakeFiles/lio_sam_op__rosidl_typesupport_introspection_cpp.dir/rosidl_typesupport_introspection_cpp/lio_sam_op/msg/detail/cloud_info__type_support.cpp.o
[4.649s] [ 30%] Building CXX object CMakeFiles/lio_sam_op__rosidl_typesupport_fastrtps_cpp.dir/rosidl_typesupport_fastrtps_cpp/lio_sam_op/msg/detail/dds_fastrtps/cloud_info__type_support.cpp.o
[4.650s] [ 32%] Building CXX object CMakeFiles/lio_sam_op__rosidl_typesupport_fastrtps_cpp.dir/rosidl_typesupport_fastrtps_cpp/lio_sam_op/srv/detail/dds_fastrtps/save_map__type_support.cpp.o
[4.849s] Scanning dependencies of target lio_sam_op__rosidl_typesupport_c
[4.871s] [ 34%] Building CXX object CMakeFiles/lio_sam_op__rosidl_typesupport_c.dir/rosidl_typesupport_c/lio_sam_op/msg/cloud_info__type_support.cpp.o
[4.872s] [ 36%] Building CXX object CMakeFiles/lio_sam_op__rosidl_typesupport_c.dir/rosidl_typesupport_c/lio_sam_op/srv/save_map__type_support.cpp.o
[4.941s] [ 38%] Linking CXX shared library liblio_sam_op__rosidl_typesupport_c.so
[4.988s] Scanning dependencies of target lio_sam_op__rosidl_typesupport_introspection_c
[4.999s] [ 40%] Linking CXX shared library liblio_sam_op__rosidl_typesupport_cpp.so
[5.005s] [ 42%] Building C object CMakeFiles/lio_sam_op__rosidl_typesupport_introspection_c.dir/rosidl_typesupport_introspection_c/lio_sam_op/srv/detail/save_map__type_support.c.o
[5.006s] [ 42%] Built target lio_sam_op__rosidl_typesupport_c
[5.007s] [ 44%] Building C object CMakeFiles/lio_sam_op__rosidl_typesupport_introspection_c.dir/rosidl_typesupport_introspection_c/lio_sam_op/msg/detail/cloud_info__type_support.c.o
[5.059s] [ 46%] Linking C shared library liblio_sam_op__rosidl_typesupport_introspection_c.so
[5.060s] [ 46%] Built target lio_sam_op__rosidl_typesupport_cpp
[5.099s] [ 46%] Built target lio_sam_op__rosidl_typesupport_introspection_c
[5.206s] [ 48%] Linking CXX shared library liblio_sam_op__rosidl_typesupport_introspection_cpp.so
[5.217s] [ 51%] Linking CXX shared library liblio_sam_op__rosidl_typesupport_fastrtps_cpp.so
[5.291s] [ 51%] Built target lio_sam_op__rosidl_typesupport_introspection_cpp
[5.313s] [ 51%] Built target lio_sam_op__rosidl_typesupport_fastrtps_cpp
[5.327s] [ 53%] Generating C type support for eProsima Fast-RTPS
[5.675s] Scanning dependencies of target lio_sam_op__rosidl_typesupport_fastrtps_c
[5.696s] [ 55%] Building CXX object CMakeFiles/lio_sam_op__rosidl_typesupport_fastrtps_c.dir/rosidl_typesupport_fastrtps_c/lio_sam_op/msg/detail/cloud_info__type_support_c.cpp.o
[5.696s] [ 57%] Building CXX object CMakeFiles/lio_sam_op__rosidl_typesupport_fastrtps_c.dir/rosidl_typesupport_fastrtps_c/lio_sam_op/srv/detail/save_map__type_support_c.cpp.o
[6.051s] [ 59%] Linking CXX shared library liblio_sam_op__rosidl_typesupport_fastrtps_c.so
[6.147s] [ 59%] Built target lio_sam_op__rosidl_typesupport_fastrtps_c
[6.159s] Scanning dependencies of target lio_sam_op
[6.176s] [ 59%] Built target lio_sam_op
[6.191s] Scanning dependencies of target lio_sam_op__py
[6.209s] [ 61%] Generating Python code for ROS interfaces
[6.310s] Scanning dependencies of target lio_sam_op_imageProjection
[6.317s] Scanning dependencies of target lio_sam_op_transformFusion
[6.317s] Scanning dependencies of target lio_sam_op_featureExtraction
[6.318s] Scanning dependencies of target lio_sam_op_mapOptimization
[6.318s] Scanning dependencies of target lio_sam_op_imuPreintegration
[6.349s] [ 63%] Building CXX object CMakeFiles/lio_sam_op_featureExtraction.dir/src/featureExtraction.cpp.o
[6.349s] [ 65%] Building CXX object CMakeFiles/lio_sam_op_imageProjection.dir/src/imageProjection.cpp.o
[6.351s] [ 67%] Building CXX object CMakeFiles/lio_sam_op_transformFusion.dir/src/transformFusion.cpp.o
[6.351s] [ 69%] Building CXX object CMakeFiles/lio_sam_op_mapOptimization.dir/src/mapOptimization.cpp.o
[6.358s] [ 71%] Building CXX object CMakeFiles/lio_sam_op_imuPreintegration.dir/src/imuPreintegration.cpp.o
[7.021s] [ 71%] Built target lio_sam_op__py
[7.058s] Scanning dependencies of target lio_sam_op__python
[7.077s] [ 73%] Building C object CMakeFiles/lio_sam_op__python.dir/rosidl_generator_py/lio_sam_op/srv/_save_map_s.c.o
[7.077s] [ 75%] Building C object CMakeFiles/lio_sam_op__python.dir/rosidl_generator_py/lio_sam_op/msg/_cloud_info_s.c.o
[7.344s] [ 77%] Linking C shared library rosidl_generator_py/lio_sam_op/liblio_sam_op__python.so
[7.401s] [ 77%] Built target lio_sam_op__python
[7.428s] Scanning dependencies of target lio_sam_op__rosidl_typesupport_c__pyext
[7.430s] Scanning dependencies of target lio_sam_op__rosidl_typesupport_fastrtps_c__pyext
[7.431s] Scanning dependencies of target lio_sam_op__rosidl_typesupport_introspection_c__pyext
[7.450s] [ 79%] Building C object CMakeFiles/lio_sam_op__rosidl_typesupport_c__pyext.dir/rosidl_generator_py/lio_sam_op/_lio_sam_op_s.ep.rosidl_typesupport_c.c.o
[7.455s] [ 81%] Building C object CMakeFiles/lio_sam_op__rosidl_typesupport_introspection_c__pyext.dir/rosidl_generator_py/lio_sam_op/_lio_sam_op_s.ep.rosidl_typesupport_introspection_c.c.o
[7.457s] [ 83%] Building C object CMakeFiles/lio_sam_op__rosidl_typesupport_fastrtps_c__pyext.dir/rosidl_generator_py/lio_sam_op/_lio_sam_op_s.ep.rosidl_typesupport_fastrtps_c.c.o
[7.601s] [ 85%] Linking C shared library rosidl_generator_py/lio_sam_op/lio_sam_op_s__rosidl_typesupport_c.cpython-38-x86_64-linux-gnu.so
[7.613s] [ 87%] Linking C shared library rosidl_generator_py/lio_sam_op/lio_sam_op_s__rosidl_typesupport_introspection_c.cpython-38-x86_64-linux-gnu.so
[7.640s] [ 89%] Linking CXX shared library rosidl_generator_py/lio_sam_op/lio_sam_op_s__rosidl_typesupport_fastrtps_c.cpython-38-x86_64-linux-gnu.so
[7.657s] [ 89%] Built target lio_sam_op__rosidl_typesupport_c__pyext
[7.679s] [ 89%] Built target lio_sam_op__rosidl_typesupport_introspection_c__pyext
[7.739s] [ 89%] Built target lio_sam_op__rosidl_typesupport_fastrtps_c__pyext
[8.701s] In file included from /home/korey/Desktop/lio-sam_simulation_navigation/src/LIO-SAM/src/featureExtraction.cpp:24:
[8.701s] /home/korey/Desktop/lio-sam_simulation_navigation/src/LIO-SAM/include/lio_sam_op/utility.hpp:38:10: fatal error: tf2_eigen/tf2_eigen.hpp: 没有那个文件或目录
[8.701s]    38 | #include <tf2_eigen/tf2_eigen.hpp>
[8.701s]       |          ^~~~~~~~~~~~~~~~~~~~~~~~~
[8.701s] compilation terminated.
[8.705s] In file included from /home/korey/Desktop/lio-sam_simulation_navigation/src/LIO-SAM/src/imageProjection.cpp:37:
[8.705s] /home/korey/Desktop/lio-sam_simulation_navigation/src/LIO-SAM/include/lio_sam_op/utility.hpp:38:10: fatal error: tf2_eigen/tf2_eigen.hpp: 没有那个文件或目录
[8.705s]    38 | #include <tf2_eigen/tf2_eigen.hpp>
[8.705s]       |          ^~~~~~~~~~~~~~~~~~~~~~~~~
[8.705s] compilation terminated.
[8.745s] In file included from /home/korey/Desktop/lio-sam_simulation_navigation/src/LIO-SAM/src/imuPreintegration.cpp:53:
[8.745s] /home/korey/Desktop/lio-sam_simulation_navigation/src/LIO-SAM/include/lio_sam_op/utility.hpp:38:10: fatal error: tf2_eigen/tf2_eigen.hpp: 没有那个文件或目录
[8.745s]    38 | #include <tf2_eigen/tf2_eigen.hpp>
[8.745s]       |          ^~~~~~~~~~~~~~~~~~~~~~~~~
[8.745s] compilation terminated.
[8.752s] make[2]: *** [CMakeFiles/lio_sam_op_featureExtraction.dir/build.make:63：CMakeFiles/lio_sam_op_featureExtraction.dir/src/featureExtraction.cpp.o] 错误 1
[8.753s] make[1]: *** [CMakeFiles/Makefile2:646：CMakeFiles/lio_sam_op_featureExtraction.dir/all] 错误 2
[8.753s] make[1]: *** 正在等待未完成的任务....
[8.758s] make[2]: *** [CMakeFiles/lio_sam_op_imageProjection.dir/build.make:63：CMakeFiles/lio_sam_op_imageProjection.dir/src/imageProjection.cpp.o] 错误 1
[8.758s] make[1]: *** [CMakeFiles/Makefile2:221：CMakeFiles/lio_sam_op_imageProjection.dir/all] 错误 2
[8.795s] make[2]: *** [CMakeFiles/lio_sam_op_imuPreintegration.dir/build.make:63：CMakeFiles/lio_sam_op_imuPreintegration.dir/src/imuPreintegration.cpp.o] 错误 1
[8.795s] make[1]: *** [CMakeFiles/Makefile2:510：CMakeFiles/lio_sam_op_imuPreintegration.dir/all] 错误 2
[8.901s] In file included from /home/korey/Desktop/lio-sam_simulation_navigation/src/LIO-SAM/src/transformFusion.cpp:23:
[8.901s] /home/korey/Desktop/lio-sam_simulation_navigation/src/LIO-SAM/include/lio_sam_op/utility.hpp:38:10: fatal error: tf2_eigen/tf2_eigen.hpp: 没有那个文件或目录
[8.901s]    38 | #include <tf2_eigen/tf2_eigen.hpp>
[8.901s]       |          ^~~~~~~~~~~~~~~~~~~~~~~~~
[8.902s] compilation terminated.
[8.949s] make[2]: *** [CMakeFiles/lio_sam_op_transformFusion.dir/build.make:63：CMakeFiles/lio_sam_op_transformFusion.dir/src/transformFusion.cpp.o] 错误 1
[8.949s] make[1]: *** [CMakeFiles/Makefile2:482：CMakeFiles/lio_sam_op_transformFusion.dir/all] 错误 2
[9.050s] In file included from /home/korey/Desktop/lio-sam_simulation_navigation/src/LIO-SAM/src/mapOptimization.cpp:23:
[9.050s] /home/korey/Desktop/lio-sam_simulation_navigation/src/LIO-SAM/include/lio_sam_op/utility.hpp:38:10: fatal error: tf2_eigen/tf2_eigen.hpp: 没有那个文件或目录
[9.050s]    38 | #include <tf2_eigen/tf2_eigen.hpp>
[9.050s]       |          ^~~~~~~~~~~~~~~~~~~~~~~~~
[9.050s] compilation terminated.
[9.097s] make[2]: *** [CMakeFiles/lio_sam_op_mapOptimization.dir/build.make:63：CMakeFiles/lio_sam_op_mapOptimization.dir/src/mapOptimization.cpp.o] 错误 1
[9.098s] make[1]: *** [CMakeFiles/Makefile2:132：CMakeFiles/lio_sam_op_mapOptimization.dir/all] 错误 2
[9.098s] make: *** [Makefile:141：all] 错误 2
[9.102s] Invoked command in '/home/korey/Desktop/lio-sam_simulation_navigation/build/lio_sam_op' returned '2': CMAKE_PREFIX_PATH=/opt/ros/foxy CONDA_PROMPT_MODIFIER=(base) /usr/bin/cmake --build /home/korey/Desktop/lio-sam_simulation_navigation/build/lio_sam_op -- -j12 -l12
