[0.027s] Invoking command in '/home/hdm/lio-sam_simulation_car/robot_bringup/build/robot_bringup': CMAKE_PREFIX_PATH=/opt/ros/humble /usr/bin/cmake /home/hdm/lio-sam_simulation_car/robot_bringup -DCMAKE_INSTALL_PREFIX=/home/hdm/lio-sam_simulation_car/robot_bringup/install/robot_bringup
[0.113s] -- The C compiler identification is GNU 11.4.0
[0.200s] -- The CXX compiler identification is GNU 11.4.0
[0.216s] -- Detecting C compiler ABI info
[0.329s] -- Detecting C compiler ABI info - done
[0.351s] -- Check for working C compiler: /usr/bin/cc - skipped
[0.352s] -- Detecting C compile features
[0.353s] -- Detecting C compile features - done
[0.362s] -- Detecting CXX compiler ABI info
[0.482s] -- Detecting CXX compiler ABI info - done
[0.493s] -- Check for working CXX compiler: /usr/bin/c++ - skipped
[0.493s] -- Detecting CXX compile features
[0.494s] -- Detecting CXX compile features - done
[0.497s] -- Found ament_cmake_auto: 1.3.8 (/opt/ros/humble/share/ament_cmake_auto/cmake)
[0.682s] -- Found Python3: /usr/bin/python3 (found version "3.10.12") found components: Interpreter 
[0.908s] -- Found rosidl_generator_c: 3.1.5 (/opt/ros/humble/share/rosidl_generator_c/cmake)
[0.914s] -- Found rosidl_adapter: 3.1.5 (/opt/ros/humble/share/rosidl_adapter/cmake)
[0.919s] -- Found rosidl_generator_cpp: 3.1.5 (/opt/ros/humble/share/rosidl_generator_cpp/cmake)
[0.926s] -- Using all available rosidl_typesupport_c: rosidl_typesupport_fastrtps_c;rosidl_typesupport_introspection_c
[0.936s] -- Using all available rosidl_typesupport_cpp: rosidl_typesupport_fastrtps_cpp;rosidl_typesupport_introspection_cpp
[0.972s] -- Found rmw_implementation_cmake: 6.1.1 (/opt/ros/humble/share/rmw_implementation_cmake/cmake)
[0.973s] -- Found rmw_cyclonedds_cpp: 1.3.4 (/opt/ros/humble/share/rmw_cyclonedds_cpp/cmake)
[0.989s] -- Using RMW implementation 'rmw_cyclonedds_cpp' as default
[0.994s] -- Looking for pthread.h
[1.103s] -- Looking for pthread.h - found
[1.103s] -- Performing Test CMAKE_HAVE_LIBC_PTHREAD
[1.224s] -- Performing Test CMAKE_HAVE_LIBC_PTHREAD - Success
[1.227s] -- Found Threads: TRUE  
[1.529s] -- Found ament_lint_auto: 0.12.10 (/opt/ros/humble/share/ament_lint_auto/cmake)
[1.544s] -- Added test 'cppcheck' to perform static code analysis on C / C++ code
[1.544s] -- Configured cppcheck include dirs: 
[1.544s] -- Configured cppcheck exclude dirs and/or files: 
[1.547s] -- Added test 'cpplint' to check C / C++ code against the Google style
[1.548s] -- Configured cpplint exclude dirs and/or files: 
[1.548s] -- Added test 'flake8' to check Python code syntax and style conventions
[1.549s] -- Added test 'lint_cmake' to check CMake code style
[1.550s] -- Added test 'pep257' to check Python code against some of the docstring style conventions in PEP 257
[1.550s] -- Added test 'xmllint' to check XML markup files
[1.551s] -- Configuring done
[1.552s] -- Generating done
[1.553s] -- Build files have been written to: /home/hdm/lio-sam_simulation_car/robot_bringup/build/robot_bringup
[1.559s] Invoked command in '/home/hdm/lio-sam_simulation_car/robot_bringup/build/robot_bringup' returned '0': CMAKE_PREFIX_PATH=/opt/ros/humble /usr/bin/cmake /home/hdm/lio-sam_simulation_car/robot_bringup -DCMAKE_INSTALL_PREFIX=/home/hdm/lio-sam_simulation_car/robot_bringup/install/robot_bringup
[1.560s] Invoking command in '/home/hdm/lio-sam_simulation_car/robot_bringup/build/robot_bringup': CMAKE_PREFIX_PATH=/opt/ros/humble /usr/bin/cmake --build /home/hdm/lio-sam_simulation_car/robot_bringup/build/robot_bringup -- -j24 -l24
[1.608s] Invoked command in '/home/hdm/lio-sam_simulation_car/robot_bringup/build/robot_bringup' returned '0': CMAKE_PREFIX_PATH=/opt/ros/humble /usr/bin/cmake --build /home/hdm/lio-sam_simulation_car/robot_bringup/build/robot_bringup -- -j24 -l24
[1.644s] Invoking command in '/home/hdm/lio-sam_simulation_car/robot_bringup/build/robot_bringup': CMAKE_PREFIX_PATH=/opt/ros/humble /usr/bin/cmake --install /home/hdm/lio-sam_simulation_car/robot_bringup/build/robot_bringup
[1.648s] -- Install configuration: ""
[1.648s] -- Installing: /home/hdm/lio-sam_simulation_car/robot_bringup/install/robot_bringup/share/robot_bringup/launch
[1.648s] -- Installing: /home/hdm/lio-sam_simulation_car/robot_bringup/install/robot_bringup/share/robot_bringup/launch/bringup.launch.py
[1.648s] -- Installing: /home/hdm/lio-sam_simulation_car/robot_bringup/install/robot_bringup/share/robot_bringup/urdf
[1.648s] -- Installing: /home/hdm/lio-sam_simulation_car/robot_bringup/install/robot_bringup/share/robot_bringup/urdf/robo_car.urdf.xacro
[1.649s] -- Installing: /home/hdm/lio-sam_simulation_car/robot_bringup/install/robot_bringup/share/ament_index/resource_index/package_run_dependencies/robot_bringup
[1.649s] -- Installing: /home/hdm/lio-sam_simulation_car/robot_bringup/install/robot_bringup/share/ament_index/resource_index/parent_prefix_path/robot_bringup
[1.649s] -- Installing: /home/hdm/lio-sam_simulation_car/robot_bringup/install/robot_bringup/share/robot_bringup/environment/ament_prefix_path.sh
[1.649s] -- Installing: /home/hdm/lio-sam_simulation_car/robot_bringup/install/robot_bringup/share/robot_bringup/environment/ament_prefix_path.dsv
[1.650s] -- Installing: /home/hdm/lio-sam_simulation_car/robot_bringup/install/robot_bringup/share/robot_bringup/environment/path.sh
[1.650s] -- Installing: /home/hdm/lio-sam_simulation_car/robot_bringup/install/robot_bringup/share/robot_bringup/environment/path.dsv
[1.650s] -- Installing: /home/hdm/lio-sam_simulation_car/robot_bringup/install/robot_bringup/share/robot_bringup/local_setup.bash
[1.650s] -- Installing: /home/hdm/lio-sam_simulation_car/robot_bringup/install/robot_bringup/share/robot_bringup/local_setup.sh
[1.650s] -- Installing: /home/hdm/lio-sam_simulation_car/robot_bringup/install/robot_bringup/share/robot_bringup/local_setup.zsh
[1.651s] -- Installing: /home/hdm/lio-sam_simulation_car/robot_bringup/install/robot_bringup/share/robot_bringup/local_setup.dsv
[1.651s] -- Installing: /home/hdm/lio-sam_simulation_car/robot_bringup/install/robot_bringup/share/robot_bringup/package.dsv
[1.651s] -- Installing: /home/hdm/lio-sam_simulation_car/robot_bringup/install/robot_bringup/share/ament_index/resource_index/packages/robot_bringup
[1.651s] -- Installing: /home/hdm/lio-sam_simulation_car/robot_bringup/install/robot_bringup/share/robot_bringup/cmake/ament_cmake_export_dependencies-extras.cmake
[1.652s] -- Installing: /home/hdm/lio-sam_simulation_car/robot_bringup/install/robot_bringup/share/robot_bringup/cmake/robot_bringupConfig.cmake
[1.652s] -- Installing: /home/hdm/lio-sam_simulation_car/robot_bringup/install/robot_bringup/share/robot_bringup/cmake/robot_bringupConfig-version.cmake
[1.652s] -- Installing: /home/hdm/lio-sam_simulation_car/robot_bringup/install/robot_bringup/share/robot_bringup/package.xml
[1.653s] Invoked command in '/home/hdm/lio-sam_simulation_car/robot_bringup/build/robot_bringup' returned '0': CMAKE_PREFIX_PATH=/opt/ros/humble /usr/bin/cmake --install /home/hdm/lio-sam_simulation_car/robot_bringup/build/robot_bringup
