[0.029s] Invoking command in '/home/korey/Desktop/lio_nav2/build/robot_bringup': CMAKE_PREFIX_PATH=/opt/ros/foxy /home/korey/.local/bin/cmake --build /home/korey/Desktop/lio_nav2/build/robot_bringup -- -j12 -l12
[0.096s] [100%] Built target point_deal
[0.105s] Invoked command in '/home/korey/Desktop/lio_nav2/build/robot_bringup' returned '0': CMAKE_PREFIX_PATH=/opt/ros/foxy /home/korey/.local/bin/cmake --build /home/korey/Desktop/lio_nav2/build/robot_bringup -- -j12 -l12
[0.146s] Invoking command in '/home/korey/Desktop/lio_nav2/build/robot_bringup': CMAKE_PREFIX_PATH=/opt/ros/foxy /home/korey/.local/bin/cmake --install /home/korey/Desktop/lio_nav2/build/robot_bringup
[0.174s] -- Install configuration: ""
[0.174s] -- Up-to-date: /home/korey/Desktop/lio_nav2/install/robot_bringup/lib/robot_bringup/point_deal
[0.175s] -- Up-to-date: /home/korey/Desktop/lio_nav2/install/robot_bringup/share/robot_bringup/launch
[0.176s] -- Up-to-date: /home/korey/Desktop/lio_nav2/install/robot_bringup/share/robot_bringup/launch/__pycache__
[0.179s] -- Up-to-date: /home/korey/Desktop/lio_nav2/install/robot_bringup/share/robot_bringup/launch/__pycache__/bringup.launch.cpython-313.pyc
[0.180s] -- Up-to-date: /home/korey/Desktop/lio_nav2/install/robot_bringup/share/robot_bringup/launch/__pycache__/bringup.launch.cpython-38.pyc
[0.180s] -- Up-to-date: /home/korey/Desktop/lio_nav2/install/robot_bringup/share/robot_bringup/launch/bringup.launch.py
[0.180s] -- Up-to-date: /home/korey/Desktop/lio_nav2/install/robot_bringup/share/robot_bringup/urdf
[0.180s] -- Up-to-date: /home/korey/Desktop/lio_nav2/install/robot_bringup/share/robot_bringup/urdf/robo_car.urdf.xacro
[0.180s] -- Up-to-date: /home/korey/Desktop/lio_nav2/install/robot_bringup/share/robot_bringup/world
[0.180s] -- Up-to-date: /home/korey/Desktop/lio_nav2/install/robot_bringup/share/robot_bringup/world/my_world.world
[0.182s] -- Up-to-date: /home/korey/Desktop/lio_nav2/install/robot_bringup/share/ament_index/resource_index/package_run_dependencies/robot_bringup
[0.183s] -- Up-to-date: /home/korey/Desktop/lio_nav2/install/robot_bringup/share/ament_index/resource_index/parent_prefix_path/robot_bringup
[0.183s] -- Up-to-date: /home/korey/Desktop/lio_nav2/install/robot_bringup/share/robot_bringup/environment/ament_prefix_path.sh
[0.183s] -- Up-to-date: /home/korey/Desktop/lio_nav2/install/robot_bringup/share/robot_bringup/environment/ament_prefix_path.dsv
[0.184s] -- Up-to-date: /home/korey/Desktop/lio_nav2/install/robot_bringup/share/robot_bringup/environment/path.sh
[0.184s] -- Up-to-date: /home/korey/Desktop/lio_nav2/install/robot_bringup/share/robot_bringup/environment/path.dsv
[0.184s] -- Up-to-date: /home/korey/Desktop/lio_nav2/install/robot_bringup/share/robot_bringup/local_setup.bash
[0.184s] -- Up-to-date: /home/korey/Desktop/lio_nav2/install/robot_bringup/share/robot_bringup/local_setup.sh
[0.184s] -- Up-to-date: /home/korey/Desktop/lio_nav2/install/robot_bringup/share/robot_bringup/local_setup.zsh
[0.185s] -- Up-to-date: /home/korey/Desktop/lio_nav2/install/robot_bringup/share/robot_bringup/local_setup.dsv
[0.185s] -- Installing: /home/korey/Desktop/lio_nav2/install/robot_bringup/share/robot_bringup/package.dsv
[0.185s] -- Up-to-date: /home/korey/Desktop/lio_nav2/install/robot_bringup/share/ament_index/resource_index/packages/robot_bringup
[0.185s] -- Up-to-date: /home/korey/Desktop/lio_nav2/install/robot_bringup/share/robot_bringup/cmake/ament_cmake_export_dependencies-extras.cmake
[0.186s] -- Up-to-date: /home/korey/Desktop/lio_nav2/install/robot_bringup/share/robot_bringup/cmake/robot_bringupConfig.cmake
[0.186s] -- Up-to-date: /home/korey/Desktop/lio_nav2/install/robot_bringup/share/robot_bringup/cmake/robot_bringupConfig-version.cmake
[0.186s] -- Up-to-date: /home/korey/Desktop/lio_nav2/install/robot_bringup/share/robot_bringup/package.xml
[0.189s] Invoked command in '/home/korey/Desktop/lio_nav2/build/robot_bringup' returned '0': CMAKE_PREFIX_PATH=/opt/ros/foxy /home/korey/.local/bin/cmake --install /home/korey/Desktop/lio_nav2/build/robot_bringup
