[0.037s] Invoking command in '/home/hdm/lio-sam_simulation_car/robot_bringup/build/robot_bringup': CMAKE_PREFIX_PATH=${CMAKE_PREFIX_PATH}:/opt/ros/humble /usr/bin/cmake --build /home/hdm/lio-sam_simulation_car/robot_bringup/build/robot_bringup -- -j24 -l24
[0.131s] [100%] Built target point_laser
[0.145s] Invoked command in '/home/hdm/lio-sam_simulation_car/robot_bringup/build/robot_bringup' returned '0': CMAKE_PREFIX_PATH=${CMAKE_PREFIX_PATH}:/opt/ros/humble /usr/bin/cmake --build /home/hdm/lio-sam_simulation_car/robot_bringup/build/robot_bringup -- -j24 -l24
[0.185s] Invoking command in '/home/hdm/lio-sam_simulation_car/robot_bringup/build/robot_bringup': CMAKE_PREFIX_PATH=${CMAKE_PREFIX_PATH}:/opt/ros/humble /usr/bin/cmake --install /home/hdm/lio-sam_simulation_car/robot_bringup/build/robot_bringup
[0.189s] -- Install configuration: ""
[0.189s] -- Up-to-date: /home/hdm/lio-sam_simulation_car/robot_bringup/install/robot_bringup/lib/robot_bringup/point_laser
[0.189s] -- Up-to-date: /home/hdm/lio-sam_simulation_car/robot_bringup/install/robot_bringup/share/robot_bringup/launch
[0.189s] -- Up-to-date: /home/hdm/lio-sam_simulation_car/robot_bringup/install/robot_bringup/share/robot_bringup/launch/bringup.launch.py
[0.190s] -- Up-to-date: /home/hdm/lio-sam_simulation_car/robot_bringup/install/robot_bringup/share/robot_bringup/urdf
[0.190s] -- Installing: /home/hdm/lio-sam_simulation_car/robot_bringup/install/robot_bringup/share/robot_bringup/urdf/robo_car.urdf.xacro
[0.190s] -- Up-to-date: /home/hdm/lio-sam_simulation_car/robot_bringup/install/robot_bringup/share/robot_bringup/world
[0.190s] -- Up-to-date: /home/hdm/lio-sam_simulation_car/robot_bringup/install/robot_bringup/share/robot_bringup/world/my_world.world
[0.190s] -- Up-to-date: /home/hdm/lio-sam_simulation_car/robot_bringup/install/robot_bringup/share/ament_index/resource_index/package_run_dependencies/robot_bringup
[0.190s] -- Up-to-date: /home/hdm/lio-sam_simulation_car/robot_bringup/install/robot_bringup/share/ament_index/resource_index/parent_prefix_path/robot_bringup
[0.191s] -- Up-to-date: /home/hdm/lio-sam_simulation_car/robot_bringup/install/robot_bringup/share/robot_bringup/environment/ament_prefix_path.sh
[0.191s] -- Up-to-date: /home/hdm/lio-sam_simulation_car/robot_bringup/install/robot_bringup/share/robot_bringup/environment/ament_prefix_path.dsv
[0.191s] -- Up-to-date: /home/hdm/lio-sam_simulation_car/robot_bringup/install/robot_bringup/share/robot_bringup/environment/path.sh
[0.191s] -- Up-to-date: /home/hdm/lio-sam_simulation_car/robot_bringup/install/robot_bringup/share/robot_bringup/environment/path.dsv
[0.192s] -- Up-to-date: /home/hdm/lio-sam_simulation_car/robot_bringup/install/robot_bringup/share/robot_bringup/local_setup.bash
[0.192s] -- Up-to-date: /home/hdm/lio-sam_simulation_car/robot_bringup/install/robot_bringup/share/robot_bringup/local_setup.sh
[0.192s] -- Up-to-date: /home/hdm/lio-sam_simulation_car/robot_bringup/install/robot_bringup/share/robot_bringup/local_setup.zsh
[0.192s] -- Up-to-date: /home/hdm/lio-sam_simulation_car/robot_bringup/install/robot_bringup/share/robot_bringup/local_setup.dsv
[0.192s] -- Installing: /home/hdm/lio-sam_simulation_car/robot_bringup/install/robot_bringup/share/robot_bringup/package.dsv
[0.192s] -- Up-to-date: /home/hdm/lio-sam_simulation_car/robot_bringup/install/robot_bringup/share/ament_index/resource_index/packages/robot_bringup
[0.192s] -- Up-to-date: /home/hdm/lio-sam_simulation_car/robot_bringup/install/robot_bringup/share/robot_bringup/cmake/ament_cmake_export_dependencies-extras.cmake
[0.192s] -- Up-to-date: /home/hdm/lio-sam_simulation_car/robot_bringup/install/robot_bringup/share/robot_bringup/cmake/robot_bringupConfig.cmake
[0.193s] -- Up-to-date: /home/hdm/lio-sam_simulation_car/robot_bringup/install/robot_bringup/share/robot_bringup/cmake/robot_bringupConfig-version.cmake
[0.193s] -- Up-to-date: /home/hdm/lio-sam_simulation_car/robot_bringup/install/robot_bringup/share/robot_bringup/package.xml
[0.193s] Invoked command in '/home/hdm/lio-sam_simulation_car/robot_bringup/build/robot_bringup' returned '0': CMAKE_PREFIX_PATH=${CMAKE_PREFIX_PATH}:/opt/ros/humble /usr/bin/cmake --install /home/hdm/lio-sam_simulation_car/robot_bringup/build/robot_bringup
