-- The C compiler identification is GNU 9.4.0
-- The CXX compiler identification is GNU 9.4.0
-- Check for working C compiler: /usr/bin/cc
-- Check for working C compiler: /usr/bin/cc -- works
-- Detecting C compiler ABI info
-- Detecting C compiler ABI info - done
-- Detecting C compile features
-- Detecting C compile features - done
-- Check for working CXX compiler: /usr/bin/c++
-- Check for working CXX compiler: /usr/bin/c++ -- works
-- Detecting CXX compiler ABI info
-- Detecting CXX compiler ABI info - done
-- Detecting CXX compile features
-- Detecting CXX compile features - done
-- Found ament_cmake_auto: 0.9.12 (/opt/ros/foxy/share/ament_cmake_auto/cmake)
-- Using PYTHON_EXECUTABLE: /usr/bin/python3
-- Override CMake install command with custom implementation using symlinks instead of copying resources
-- Using all available rosidl_typesupport_c: rosidl_typesupport_fastrtps_c;rosidl_typesupport_introspection_c
-- Found rosidl_adapter: 1.3.1 (/opt/ros/foxy/share/rosidl_adapter/cmake)
-- Using all available rosidl_typesupport_cpp: rosidl_typesupport_fastrtps_cpp;rosidl_typesupport_introspection_cpp
-- Found rmw_implementation_cmake: 1.0.4 (/opt/ros/foxy/share/rmw_implementation_cmake/cmake)
-- Using RMW implementation 'rmw_fastrtps_cpp' as default
-- Looking for pthread.h
-- Looking for pthread.h - found
-- Eigen found (include: /usr/include/eigen3, version: 3.3.7)
-- The imported target "vtkParseOGLExt" references the file
   "/usr/bin/vtkParseOGLExt-7.1"
but this file does not exist.  Possible reasons include:
* The file was deleted, renamed, or moved to another location.
* An install or uninstall procedure did not complete successfully.
* The installation package was faulty and contained
   "/usr/lib/cmake/vtk-7.1/VTKTargets.cmake"
but not all the files it references.

-- The imported target "vtkRenderingPythonTkWidgets" references the file
   "/usr/lib/x86_64-linux-gnu/libvtkRenderingPythonTkWidgets.so"
but this file does not exist.  Possible reasons include:
* The file was deleted, renamed, or moved to another location.
* An install or uninstall procedure did not complete successfully.
* The installation package was faulty and contained
   "/usr/lib/cmake/vtk-7.1/VTKTargets.cmake"
but not all the files it references.

-- The imported target "vtk" references the file
   "/usr/bin/vtk"
but this file does not exist.  Possible reasons include:
* The file was deleted, renamed, or moved to another location.
* An install or uninstall procedure did not complete successfully.
* The installation package was faulty and contained
   "/usr/lib/cmake/vtk-7.1/VTKTargets.cmake"
but not all the files it references.

-- The imported target "pvtk" references the file
   "/usr/bin/pvtk"
but this file does not exist.  Possible reasons include:
* The file was deleted, renamed, or moved to another location.
* An install or uninstall procedure did not complete successfully.
* The installation package was faulty and contained
   "/usr/lib/cmake/vtk-7.1/VTKTargets.cmake"
but not all the files it references.

-- OpenNI found (include: /usr/include/ni, lib: /usr/lib/libOpenNI.so)
-- OpenNI2 found (include: /usr/include/openni2, lib: /usr/lib/libOpenNI2.so)
-- OpenNI found (include: /usr/include/ni, lib: /usr/lib/libOpenNI.so)
-- OpenNI2 found (include: /usr/include/openni2, lib: /usr/lib/libOpenNI2.so)
-- QHULL found (include: /usr/include, lib: optimized;/usr/lib/x86_64-linux-gnu/libqhull.so;debug;/usr/lib/x86_64-linux-gnu/libqhull.so)
-- OpenNI found (include: /usr/include/ni, lib: /usr/lib/libOpenNI.so)
-- Found pcl_ros: 2.2.1 (/opt/ros/foxy/share/pcl_ros/cmake)
-- Found eigen3_cmake_module: 0.1.1 (/opt/ros/foxy/share/eigen3_cmake_module/cmake)
-- Found ament_lint_auto: 0.9.8 (/opt/ros/foxy/share/ament_lint_auto/cmake)
-- Added test 'cppcheck' to perform static code analysis on C / C++ code
-- Configured cppcheck include dirs: /home/korey/Desktop/lio-sam_simulation_navigation/src/pointcloud_downsampling/include
-- Configured cppcheck exclude dirs and/or files: 
-- Added test 'cpplint' to check C / C++ code against the Google style
-- Configured cpplint exclude dirs and/or files: 
-- Added test 'flake8' to check Python code syntax and style conventions
-- Added test 'lint_cmake' to check CMake code style
-- Added test 'pep257' to check Python code against some of the style conventions in PEP 257
-- Added test 'xmllint' to check XML markup files
-- Configuring done
-- Generating done
-- Build files have been written to: /home/korey/Desktop/lio-sam_simulation_navigation/build/pointcloud_downsampling
Scanning dependencies of target pointcloud_downsampling_node
[ 25%] Building CXX object CMakeFiles/pointcloud_downsampling_node.dir/rclcpp_components/node_main_pointcloud_downsampling_node.cpp.o
Scanning dependencies of target pointcloud_downsampling
[ 50%] Building CXX object CMakeFiles/pointcloud_downsampling.dir/src/voxel_filtering.cpp.o
[ 75%] Linking CXX executable pointcloud_downsampling_node
[ 75%] Built target pointcloud_downsampling_node
[100%] Linking CXX shared library libpointcloud_downsampling.so
[100%] Built target pointcloud_downsampling
-- Install configuration: ""
-- Execute custom install script
-- Symlinking: /home/korey/Desktop/lio-sam_simulation_navigation/install/pointcloud_downsampling/lib/pointcloud_downsampling/pointcloud_downsampling_node
-- Symlinking: /home/korey/Desktop/lio-sam_simulation_navigation/install/pointcloud_downsampling/include/pointcloud_downsampling.h
-- Symlinking: /home/korey/Desktop/lio-sam_simulation_navigation/install/pointcloud_downsampling/share/pointcloud_downsampling/environment/library_path.sh
-- Symlinking: /home/korey/Desktop/lio-sam_simulation_navigation/install/pointcloud_downsampling/share/pointcloud_downsampling/environment/library_path.dsv
-- Symlinking: /home/korey/Desktop/lio-sam_simulation_navigation/install/pointcloud_downsampling/lib/libpointcloud_downsampling.so
-- Symlinking: /home/korey/Desktop/lio-sam_simulation_navigation/install/pointcloud_downsampling/share/pointcloud_downsampling/launch/pointcloud_downsampling.launch.py
-- Symlinking: /home/korey/Desktop/lio-sam_simulation_navigation/install/pointcloud_downsampling/share/pointcloud_downsampling/config/pointcloud_downsampling.yaml
-- Symlinking: /home/korey/Desktop/lio-sam_simulation_navigation/install/pointcloud_downsampling/share/ament_index/resource_index/package_run_dependencies/pointcloud_downsampling
-- Symlinking: /home/korey/Desktop/lio-sam_simulation_navigation/install/pointcloud_downsampling/share/ament_index/resource_index/parent_prefix_path/pointcloud_downsampling
-- Symlinking: /home/korey/Desktop/lio-sam_simulation_navigation/install/pointcloud_downsampling/share/pointcloud_downsampling/environment/ament_prefix_path.sh
-- Symlinking: /home/korey/Desktop/lio-sam_simulation_navigation/install/pointcloud_downsampling/share/pointcloud_downsampling/environment/ament_prefix_path.dsv
-- Symlinking: /home/korey/Desktop/lio-sam_simulation_navigation/install/pointcloud_downsampling/share/pointcloud_downsampling/environment/path.sh
-- Symlinking: /home/korey/Desktop/lio-sam_simulation_navigation/install/pointcloud_downsampling/share/pointcloud_downsampling/environment/path.dsv
-- Symlinking: /home/korey/Desktop/lio-sam_simulation_navigation/install/pointcloud_downsampling/share/pointcloud_downsampling/local_setup.bash
-- Symlinking: /home/korey/Desktop/lio-sam_simulation_navigation/install/pointcloud_downsampling/share/pointcloud_downsampling/local_setup.sh
-- Symlinking: /home/korey/Desktop/lio-sam_simulation_navigation/install/pointcloud_downsampling/share/pointcloud_downsampling/local_setup.zsh
-- Symlinking: /home/korey/Desktop/lio-sam_simulation_navigation/install/pointcloud_downsampling/share/pointcloud_downsampling/local_setup.dsv
-- Symlinking: /home/korey/Desktop/lio-sam_simulation_navigation/install/pointcloud_downsampling/share/pointcloud_downsampling/package.dsv
-- Symlinking: /home/korey/Desktop/lio-sam_simulation_navigation/install/pointcloud_downsampling/share/ament_index/resource_index/packages/pointcloud_downsampling
-- Symlinking: /home/korey/Desktop/lio-sam_simulation_navigation/install/pointcloud_downsampling/share/ament_index/resource_index/rclcpp_components/pointcloud_downsampling
-- Symlinking: /home/korey/Desktop/lio-sam_simulation_navigation/install/pointcloud_downsampling/share/pointcloud_downsampling/cmake/ament_cmake_export_dependencies-extras.cmake
-- Symlinking: /home/korey/Desktop/lio-sam_simulation_navigation/install/pointcloud_downsampling/share/pointcloud_downsampling/cmake/ament_cmake_export_include_directories-extras.cmake
-- Symlinking: /home/korey/Desktop/lio-sam_simulation_navigation/install/pointcloud_downsampling/share/pointcloud_downsampling/cmake/ament_cmake_export_libraries-extras.cmake
-- Symlinking: /home/korey/Desktop/lio-sam_simulation_navigation/install/pointcloud_downsampling/share/pointcloud_downsampling/cmake/pointcloud_downsamplingConfig.cmake
-- Symlinking: /home/korey/Desktop/lio-sam_simulation_navigation/install/pointcloud_downsampling/share/pointcloud_downsampling/cmake/pointcloud_downsamplingConfig-version.cmake
-- Symlinking: /home/korey/Desktop/lio-sam_simulation_navigation/install/pointcloud_downsampling/share/pointcloud_downsampling/package.xml
