[0.028s] Invoking command in '/home/korey/Desktop/lio-sam_simulation_navigation/build/pointcloud_downsampling': CMAKE_PREFIX_PATH=/opt/ros/foxy CONDA_PROMPT_MODIFIER=(base) /usr/bin/cmake /home/korey/Desktop/lio-sam_simulation_navigation/src/pointcloud_downsampling -DAMENT_CMAKE_SYMLINK_INSTALL=1 -DCMAKE_INSTALL_PREFIX=/home/korey/Desktop/lio-sam_simulation_navigation/install/pointcloud_downsampling
[0.104s] -- The C compiler identification is GNU 9.4.0
[0.174s] -- The CXX compiler identification is GNU 9.4.0
[0.179s] -- Check for working C compiler: /usr/bin/cc
[0.275s] -- Check for working C compiler: /usr/bin/cc -- works
[0.276s] -- Detecting C compiler ABI info
[0.374s] -- Detecting C compiler ABI info - done
[0.388s] -- Detecting C compile features
[0.388s] -- Detecting C compile features - done
[0.391s] -- Check for working CXX compiler: /usr/bin/c++
[0.490s] -- Check for working CXX compiler: /usr/bin/c++ -- works
[0.491s] -- Detecting CXX compiler ABI info
[0.597s] -- Detecting CXX compiler ABI info - done
[0.610s] -- Detecting CXX compile features
[0.610s] -- Detecting CXX compile features - done
[0.612s] -- Found ament_cmake_auto: 0.9.12 (/opt/ros/foxy/share/ament_cmake_auto/cmake)
[0.638s] -- Using PYTHON_EXECUTABLE: /usr/bin/python3
[0.826s] -- Override CMake install command with custom implementation using symlinks instead of copying resources
[0.940s] -- Using all available rosidl_typesupport_c: rosidl_typesupport_fastrtps_c;rosidl_typesupport_introspection_c
[0.944s] -- Found rosidl_adapter: 1.3.1 (/opt/ros/foxy/share/rosidl_adapter/cmake)
[1.114s] -- Using all available rosidl_typesupport_cpp: rosidl_typesupport_fastrtps_cpp;rosidl_typesupport_introspection_cpp
[1.166s] -- Found rmw_implementation_cmake: 1.0.4 (/opt/ros/foxy/share/rmw_implementation_cmake/cmake)
[1.168s] -- Using RMW implementation 'rmw_fastrtps_cpp' as default
[1.169s] -- Looking for pthread.h
[1.270s] -- Looking for pthread.h - found
[1.491s] -- Eigen found (include: /usr/include/eigen3, version: 3.3.7)
[1.609s] -- The imported target "vtkParseOGLExt" references the file
[1.609s]    "/usr/bin/vtkParseOGLExt-7.1"
[1.609s] but this file does not exist.  Possible reasons include:
[1.610s] * The file was deleted, renamed, or moved to another location.
[1.610s] * An install or uninstall procedure did not complete successfully.
[1.610s] * The installation package was faulty and contained
[1.610s]    "/usr/lib/cmake/vtk-7.1/VTKTargets.cmake"
[1.610s] but not all the files it references.
[1.611s] 
[1.611s] -- The imported target "vtkRenderingPythonTkWidgets" references the file
[1.611s]    "/usr/lib/x86_64-linux-gnu/libvtkRenderingPythonTkWidgets.so"
[1.611s] but this file does not exist.  Possible reasons include:
[1.611s] * The file was deleted, renamed, or moved to another location.
[1.612s] * An install or uninstall procedure did not complete successfully.
[1.612s] * The installation package was faulty and contained
[1.612s]    "/usr/lib/cmake/vtk-7.1/VTKTargets.cmake"
[1.612s] but not all the files it references.
[1.612s] 
[1.612s] -- The imported target "vtk" references the file
[1.612s]    "/usr/bin/vtk"
[1.612s] but this file does not exist.  Possible reasons include:
[1.612s] * The file was deleted, renamed, or moved to another location.
[1.612s] * An install or uninstall procedure did not complete successfully.
[1.612s] * The installation package was faulty and contained
[1.612s]    "/usr/lib/cmake/vtk-7.1/VTKTargets.cmake"
[1.612s] but not all the files it references.
[1.612s] 
[1.613s] -- The imported target "pvtk" references the file
[1.613s]    "/usr/bin/pvtk"
[1.613s] but this file does not exist.  Possible reasons include:
[1.613s] * The file was deleted, renamed, or moved to another location.
[1.613s] * An install or uninstall procedure did not complete successfully.
[1.613s] * The installation package was faulty and contained
[1.613s]    "/usr/lib/cmake/vtk-7.1/VTKTargets.cmake"
[1.613s] but not all the files it references.
[1.613s] 
[1.641s] -- OpenNI found (include: /usr/include/ni, lib: /usr/lib/libOpenNI.so)
[1.651s] -- OpenNI2 found (include: /usr/include/openni2, lib: /usr/lib/libOpenNI2.so)
[1.679s] -- OpenNI found (include: /usr/include/ni, lib: /usr/lib/libOpenNI.so)
[1.688s] -- OpenNI2 found (include: /usr/include/openni2, lib: /usr/lib/libOpenNI2.so)
[1.705s] -- QHULL found (include: /usr/include, lib: optimized;/usr/lib/x86_64-linux-gnu/libqhull.so;debug;/usr/lib/x86_64-linux-gnu/libqhull.so)
[1.716s] -- OpenNI found (include: /usr/include/ni, lib: /usr/lib/libOpenNI.so)
[1.855s] -- Found pcl_ros: 2.2.1 (/opt/ros/foxy/share/pcl_ros/cmake)
[2.104s] -- Found eigen3_cmake_module: 0.1.1 (/opt/ros/foxy/share/eigen3_cmake_module/cmake)
[2.693s] -- Found ament_lint_auto: 0.9.8 (/opt/ros/foxy/share/ament_lint_auto/cmake)
[2.724s] -- Added test 'cppcheck' to perform static code analysis on C / C++ code
[2.724s] -- Configured cppcheck include dirs: /home/korey/Desktop/lio-sam_simulation_navigation/src/pointcloud_downsampling/include
[2.724s] -- Configured cppcheck exclude dirs and/or files: 
[2.726s] -- Added test 'cpplint' to check C / C++ code against the Google style
[2.726s] -- Configured cpplint exclude dirs and/or files: 
[2.726s] -- Added test 'flake8' to check Python code syntax and style conventions
[2.726s] -- Added test 'lint_cmake' to check CMake code style
[2.727s] -- Added test 'pep257' to check Python code against some of the style conventions in PEP 257
[2.727s] -- Added test 'xmllint' to check XML markup files
[2.735s] -- Configuring done
[2.806s] -- Generating done
[2.838s] -- Build files have been written to: /home/korey/Desktop/lio-sam_simulation_navigation/build/pointcloud_downsampling
[2.854s] Invoked command in '/home/korey/Desktop/lio-sam_simulation_navigation/build/pointcloud_downsampling' returned '0': CMAKE_PREFIX_PATH=/opt/ros/foxy CONDA_PROMPT_MODIFIER=(base) /usr/bin/cmake /home/korey/Desktop/lio-sam_simulation_navigation/src/pointcloud_downsampling -DAMENT_CMAKE_SYMLINK_INSTALL=1 -DCMAKE_INSTALL_PREFIX=/home/korey/Desktop/lio-sam_simulation_navigation/install/pointcloud_downsampling
[2.855s] Invoking command in '/home/korey/Desktop/lio-sam_simulation_navigation/build/pointcloud_downsampling': CMAKE_PREFIX_PATH=/opt/ros/foxy CONDA_PROMPT_MODIFIER=(base) /usr/bin/cmake --build /home/korey/Desktop/lio-sam_simulation_navigation/build/pointcloud_downsampling -- -j12 -l12
[2.946s] Scanning dependencies of target pointcloud_downsampling_node
[2.968s] [ 25%] Building CXX object CMakeFiles/pointcloud_downsampling_node.dir/rclcpp_components/node_main_pointcloud_downsampling_node.cpp.o
[2.976s] Scanning dependencies of target pointcloud_downsampling
[3.005s] [ 50%] Building CXX object CMakeFiles/pointcloud_downsampling.dir/src/voxel_filtering.cpp.o
[4.843s] [ 75%] Linking CXX executable pointcloud_downsampling_node
[4.995s] [ 75%] Built target pointcloud_downsampling_node
[12.148s] [100%] Linking CXX shared library libpointcloud_downsampling.so
[13.026s] [100%] Built target pointcloud_downsampling
[13.044s] Invoked command in '/home/korey/Desktop/lio-sam_simulation_navigation/build/pointcloud_downsampling' returned '0': CMAKE_PREFIX_PATH=/opt/ros/foxy CONDA_PROMPT_MODIFIER=(base) /usr/bin/cmake --build /home/korey/Desktop/lio-sam_simulation_navigation/build/pointcloud_downsampling -- -j12 -l12
[13.049s] Invoking command in '/home/korey/Desktop/lio-sam_simulation_navigation/build/pointcloud_downsampling': CMAKE_PREFIX_PATH=/opt/ros/foxy CONDA_PROMPT_MODIFIER=(base) /usr/bin/cmake --install /home/korey/Desktop/lio-sam_simulation_navigation/build/pointcloud_downsampling
[13.062s] -- Install configuration: ""
[13.062s] -- Execute custom install script
[13.062s] -- Symlinking: /home/korey/Desktop/lio-sam_simulation_navigation/install/pointcloud_downsampling/lib/pointcloud_downsampling/pointcloud_downsampling_node
[13.078s] -- Symlinking: /home/korey/Desktop/lio-sam_simulation_navigation/install/pointcloud_downsampling/include/pointcloud_downsampling.h
[13.093s] -- Symlinking: /home/korey/Desktop/lio-sam_simulation_navigation/install/pointcloud_downsampling/share/pointcloud_downsampling/environment/library_path.sh
[13.104s] -- Symlinking: /home/korey/Desktop/lio-sam_simulation_navigation/install/pointcloud_downsampling/share/pointcloud_downsampling/environment/library_path.dsv
[13.120s] -- Symlinking: /home/korey/Desktop/lio-sam_simulation_navigation/install/pointcloud_downsampling/lib/libpointcloud_downsampling.so
[13.135s] -- Symlinking: /home/korey/Desktop/lio-sam_simulation_navigation/install/pointcloud_downsampling/share/pointcloud_downsampling/launch/pointcloud_downsampling.launch.py
[13.146s] -- Symlinking: /home/korey/Desktop/lio-sam_simulation_navigation/install/pointcloud_downsampling/share/pointcloud_downsampling/config/pointcloud_downsampling.yaml
[13.160s] -- Symlinking: /home/korey/Desktop/lio-sam_simulation_navigation/install/pointcloud_downsampling/share/ament_index/resource_index/package_run_dependencies/pointcloud_downsampling
[13.174s] -- Symlinking: /home/korey/Desktop/lio-sam_simulation_navigation/install/pointcloud_downsampling/share/ament_index/resource_index/parent_prefix_path/pointcloud_downsampling
[13.185s] -- Symlinking: /home/korey/Desktop/lio-sam_simulation_navigation/install/pointcloud_downsampling/share/pointcloud_downsampling/environment/ament_prefix_path.sh
[13.200s] -- Symlinking: /home/korey/Desktop/lio-sam_simulation_navigation/install/pointcloud_downsampling/share/pointcloud_downsampling/environment/ament_prefix_path.dsv
[13.213s] -- Symlinking: /home/korey/Desktop/lio-sam_simulation_navigation/install/pointcloud_downsampling/share/pointcloud_downsampling/environment/path.sh
[13.228s] -- Symlinking: /home/korey/Desktop/lio-sam_simulation_navigation/install/pointcloud_downsampling/share/pointcloud_downsampling/environment/path.dsv
[13.242s] -- Symlinking: /home/korey/Desktop/lio-sam_simulation_navigation/install/pointcloud_downsampling/share/pointcloud_downsampling/local_setup.bash
[13.256s] -- Symlinking: /home/korey/Desktop/lio-sam_simulation_navigation/install/pointcloud_downsampling/share/pointcloud_downsampling/local_setup.sh
[13.273s] -- Symlinking: /home/korey/Desktop/lio-sam_simulation_navigation/install/pointcloud_downsampling/share/pointcloud_downsampling/local_setup.zsh
[13.289s] -- Symlinking: /home/korey/Desktop/lio-sam_simulation_navigation/install/pointcloud_downsampling/share/pointcloud_downsampling/local_setup.dsv
[13.304s] -- Symlinking: /home/korey/Desktop/lio-sam_simulation_navigation/install/pointcloud_downsampling/share/pointcloud_downsampling/package.dsv
[13.318s] -- Symlinking: /home/korey/Desktop/lio-sam_simulation_navigation/install/pointcloud_downsampling/share/ament_index/resource_index/packages/pointcloud_downsampling
[13.330s] -- Symlinking: /home/korey/Desktop/lio-sam_simulation_navigation/install/pointcloud_downsampling/share/ament_index/resource_index/rclcpp_components/pointcloud_downsampling
[13.344s] -- Symlinking: /home/korey/Desktop/lio-sam_simulation_navigation/install/pointcloud_downsampling/share/pointcloud_downsampling/cmake/ament_cmake_export_dependencies-extras.cmake
[13.357s] -- Symlinking: /home/korey/Desktop/lio-sam_simulation_navigation/install/pointcloud_downsampling/share/pointcloud_downsampling/cmake/ament_cmake_export_include_directories-extras.cmake
[13.375s] -- Symlinking: /home/korey/Desktop/lio-sam_simulation_navigation/install/pointcloud_downsampling/share/pointcloud_downsampling/cmake/ament_cmake_export_libraries-extras.cmake
[13.391s] -- Symlinking: /home/korey/Desktop/lio-sam_simulation_navigation/install/pointcloud_downsampling/share/pointcloud_downsampling/cmake/pointcloud_downsamplingConfig.cmake
[13.405s] -- Symlinking: /home/korey/Desktop/lio-sam_simulation_navigation/install/pointcloud_downsampling/share/pointcloud_downsampling/cmake/pointcloud_downsamplingConfig-version.cmake
[13.419s] -- Symlinking: /home/korey/Desktop/lio-sam_simulation_navigation/install/pointcloud_downsampling/share/pointcloud_downsampling/package.xml
[13.439s] Invoked command in '/home/korey/Desktop/lio-sam_simulation_navigation/build/pointcloud_downsampling' returned '0': CMAKE_PREFIX_PATH=/opt/ros/foxy CONDA_PROMPT_MODIFIER=(base) /usr/bin/cmake --install /home/korey/Desktop/lio-sam_simulation_navigation/build/pointcloud_downsampling
