[0.413s] DEBUG:colcon:Command line arguments: ['/usr/bin/colcon', 'build']
[0.413s] DEBUG:colcon:Parsed command line arguments: Namespace(log_base=None, log_level=None, verb_name='build', build_base='build', install_base='install', merge_install=False, symlink_install=False, test_result_base=None, continue_on_error=False, executor='parallel', parallel_workers=24, event_handlers=None, ignore_user_meta=False, metas=['./colcon.meta'], base_paths=['.'], packages_ignore=None, packages_ignore_regex=None, paths=None, packages_up_to=None, packages_up_to_regex=None, packages_above=None, packages_above_and_dependencies=None, packages_above_depth=None, packages_select_by_dep=None, packages_skip_by_dep=None, packages_skip_up_to=None, packages_select_build_failed=False, packages_skip_build_finished=False, packages_select_test_failures=False, packages_skip_test_passed=False, packages_select=None, packages_skip=None, packages_select_regex=None, packages_skip_regex=None, packages_start=None, packages_end=None, allow_overriding=[], cmake_args=None, cmake_target=None, cmake_target_skip_unavailable=False, cmake_clean_cache=False, cmake_clean_first=False, cmake_force_configure=False, ament_cmake_args=None, catkin_cmake_args=None, catkin_skip_building_tests=False, verb_parser=<colcon_defaults.argument_parser.defaults.DefaultArgumentsDecorator object at 0x7d72ec778eb0>, verb_extension=<colcon_core.verb.build.BuildVerb object at 0x7d72ec7787f0>, main=<bound method BuildVerb.main of <colcon_core.verb.build.BuildVerb object at 0x7d72ec7787f0>>)
[0.434s] Level 1:colcon.colcon_core.package_discovery:discover_packages(colcon_meta) check parameters
[0.434s] Level 1:colcon.colcon_core.package_discovery:discover_packages(recursive) check parameters
[0.434s] Level 1:colcon.colcon_core.package_discovery:discover_packages(ignore) check parameters
[0.434s] Level 1:colcon.colcon_core.package_discovery:discover_packages(path) check parameters
[0.434s] Level 1:colcon.colcon_core.package_discovery:discover_packages(colcon_meta) discover
[0.434s] Level 1:colcon.colcon_core.package_discovery:discover_packages(recursive) discover
[0.434s] INFO:colcon.colcon_core.package_discovery:Crawling recursively for packages in '/home/hdm/lio-sam_simulation_car/robot_bringup'
[0.434s] Level 1:colcon.colcon_core.package_identification:_identify(.) by extensions ['ignore', 'ignore_ament_install']
[0.434s] Level 1:colcon.colcon_core.package_identification:_identify(.) by extension 'ignore'
[0.434s] Level 1:colcon.colcon_core.package_identification:_identify(.) by extension 'ignore_ament_install'
[0.434s] Level 1:colcon.colcon_core.package_identification:_identify(.) by extensions ['colcon_pkg']
[0.434s] Level 1:colcon.colcon_core.package_identification:_identify(.) by extension 'colcon_pkg'
[0.434s] Level 1:colcon.colcon_core.package_identification:_identify(.) by extensions ['colcon_meta']
[0.434s] Level 1:colcon.colcon_core.package_identification:_identify(.) by extension 'colcon_meta'
[0.434s] Level 1:colcon.colcon_core.package_identification:_identify(.) by extensions ['ros']
[0.434s] Level 1:colcon.colcon_core.package_identification:_identify(.) by extension 'ros'
[0.441s] DEBUG:colcon.colcon_core.package_identification:Package '.' with type 'ros.ament_cmake' and name 'point_laser'
[0.441s] Level 1:colcon.colcon_core.package_discovery:discover_packages(recursive) using defaults
[0.441s] Level 1:colcon.colcon_core.package_discovery:discover_packages(ignore) discover
[0.441s] Level 1:colcon.colcon_core.package_discovery:discover_packages(ignore) using defaults
[0.441s] Level 1:colcon.colcon_core.package_discovery:discover_packages(path) discover
[0.441s] Level 1:colcon.colcon_core.package_discovery:discover_packages(path) using defaults
[0.479s] Level 1:colcon.colcon_core.package_discovery:discover_packages(prefix_path) check parameters
[0.479s] Level 1:colcon.colcon_core.package_discovery:discover_packages(prefix_path) discover
[0.492s] DEBUG:colcon.colcon_installed_package_information.package_discovery:Found 1 installed packages in /home/hdm/lio-sam_simulation_car/robot_bringup/install
[0.498s] DEBUG:colcon.colcon_installed_package_information.package_discovery:Found 394 installed packages in /opt/ros/humble
[0.499s] Level 1:colcon.colcon_core.package_discovery:discover_packages(prefix_path) using defaults
[0.551s] Level 5:colcon.colcon_core.verb:set package 'point_laser' build argument 'cmake_args' from command line to 'None'
[0.551s] Level 5:colcon.colcon_core.verb:set package 'point_laser' build argument 'cmake_target' from command line to 'None'
[0.551s] Level 5:colcon.colcon_core.verb:set package 'point_laser' build argument 'cmake_target_skip_unavailable' from command line to 'False'
[0.551s] Level 5:colcon.colcon_core.verb:set package 'point_laser' build argument 'cmake_clean_cache' from command line to 'False'
[0.551s] Level 5:colcon.colcon_core.verb:set package 'point_laser' build argument 'cmake_clean_first' from command line to 'False'
[0.551s] Level 5:colcon.colcon_core.verb:set package 'point_laser' build argument 'cmake_force_configure' from command line to 'False'
[0.551s] Level 5:colcon.colcon_core.verb:set package 'point_laser' build argument 'ament_cmake_args' from command line to 'None'
[0.551s] Level 5:colcon.colcon_core.verb:set package 'point_laser' build argument 'catkin_cmake_args' from command line to 'None'
[0.551s] Level 5:colcon.colcon_core.verb:set package 'point_laser' build argument 'catkin_skip_building_tests' from command line to 'False'
[0.551s] DEBUG:colcon.colcon_core.verb:Building package 'point_laser' with the following arguments: {'ament_cmake_args': None, 'build_base': '/home/hdm/lio-sam_simulation_car/robot_bringup/build/point_laser', 'catkin_cmake_args': None, 'catkin_skip_building_tests': False, 'cmake_args': None, 'cmake_clean_cache': False, 'cmake_clean_first': False, 'cmake_force_configure': False, 'cmake_target': None, 'cmake_target_skip_unavailable': False, 'install_base': '/home/hdm/lio-sam_simulation_car/robot_bringup/install/point_laser', 'merge_install': False, 'path': '/home/hdm/lio-sam_simulation_car/robot_bringup', 'symlink_install': False, 'test_result_base': None}
[0.557s] INFO:colcon.colcon_core.executor:Executing jobs using 'parallel' executor
[0.565s] DEBUG:colcon.colcon_parallel_executor.executor.parallel:run_until_complete
[0.565s] INFO:colcon.colcon_ros.task.ament_cmake.build:Building ROS package in '/home/hdm/lio-sam_simulation_car/robot_bringup' with build type 'ament_cmake'
[0.565s] INFO:colcon.colcon_cmake.task.cmake.build:Building CMake package in '/home/hdm/lio-sam_simulation_car/robot_bringup'
[0.572s] INFO:colcon.colcon_core.plugin_system:Skipping extension 'colcon_core.shell.bat': Not used on non-Windows systems
[0.572s] INFO:colcon.colcon_core.shell:Skip shell extension 'powershell' for command environment: Not usable outside of PowerShell
[0.572s] DEBUG:colcon.colcon_core.shell:Skip shell extension 'dsv' for command environment
[0.600s] DEBUG:colcon.colcon_core.event_handler.log_command:Invoking command in '/home/hdm/lio-sam_simulation_car/robot_bringup/build/point_laser': CMAKE_PREFIX_PATH=${CMAKE_PREFIX_PATH}:/opt/ros/humble /usr/bin/cmake /home/hdm/lio-sam_simulation_car/robot_bringup -DCMAKE_INSTALL_PREFIX=/home/hdm/lio-sam_simulation_car/robot_bringup/install/point_laser
[3.873s] DEBUG:colcon.colcon_core.event_handler.log_command:Invoked command in '/home/hdm/lio-sam_simulation_car/robot_bringup/build/point_laser' returned '0': CMAKE_PREFIX_PATH=${CMAKE_PREFIX_PATH}:/opt/ros/humble /usr/bin/cmake /home/hdm/lio-sam_simulation_car/robot_bringup -DCMAKE_INSTALL_PREFIX=/home/hdm/lio-sam_simulation_car/robot_bringup/install/point_laser
[3.874s] DEBUG:colcon.colcon_core.event_handler.log_command:Invoking command in '/home/hdm/lio-sam_simulation_car/robot_bringup/build/point_laser': CMAKE_PREFIX_PATH=${CMAKE_PREFIX_PATH}:/opt/ros/humble /usr/bin/cmake --build /home/hdm/lio-sam_simulation_car/robot_bringup/build/point_laser -- -j24 -l24
[10.228s] DEBUG:colcon.colcon_core.event_handler.log_command:Invoked command in '/home/hdm/lio-sam_simulation_car/robot_bringup/build/point_laser' returned '0': CMAKE_PREFIX_PATH=${CMAKE_PREFIX_PATH}:/opt/ros/humble /usr/bin/cmake --build /home/hdm/lio-sam_simulation_car/robot_bringup/build/point_laser -- -j24 -l24
[10.282s] DEBUG:colcon.colcon_core.event_handler.log_command:Invoking command in '/home/hdm/lio-sam_simulation_car/robot_bringup/build/point_laser': CMAKE_PREFIX_PATH=${CMAKE_PREFIX_PATH}:/opt/ros/humble /usr/bin/cmake --install /home/hdm/lio-sam_simulation_car/robot_bringup/build/point_laser
[10.288s] Level 1:colcon.colcon_core.environment:create_environment_scripts_only(point_laser)
[10.289s] DEBUG:colcon.colcon_core.event_handler.log_command:Invoked command in '/home/hdm/lio-sam_simulation_car/robot_bringup/build/point_laser' returned '0': CMAKE_PREFIX_PATH=${CMAKE_PREFIX_PATH}:/opt/ros/humble /usr/bin/cmake --install /home/hdm/lio-sam_simulation_car/robot_bringup/build/point_laser
[10.332s] Level 1:colcon.colcon_core.environment:checking '/home/hdm/lio-sam_simulation_car/robot_bringup/install/point_laser' for CMake module files
[10.333s] Level 1:colcon.colcon_core.environment:checking '/home/hdm/lio-sam_simulation_car/robot_bringup/install/point_laser' for CMake config files
[10.334s] Level 1:colcon.colcon_core.shell:create_environment_hook('point_laser', 'cmake_prefix_path')
[10.363s] INFO:colcon.colcon_core.shell:Creating environment hook '/home/hdm/lio-sam_simulation_car/robot_bringup/install/point_laser/share/point_laser/hook/cmake_prefix_path.ps1'
[10.364s] INFO:colcon.colcon_core.shell:Creating environment descriptor '/home/hdm/lio-sam_simulation_car/robot_bringup/install/point_laser/share/point_laser/hook/cmake_prefix_path.dsv'
[10.364s] INFO:colcon.colcon_core.shell:Creating environment hook '/home/hdm/lio-sam_simulation_car/robot_bringup/install/point_laser/share/point_laser/hook/cmake_prefix_path.sh'
[10.366s] Level 1:colcon.colcon_core.environment:checking '/home/hdm/lio-sam_simulation_car/robot_bringup/install/point_laser/lib'
[10.366s] Level 1:colcon.colcon_core.environment:checking '/home/hdm/lio-sam_simulation_car/robot_bringup/install/point_laser/bin'
[10.366s] Level 1:colcon.colcon_core.environment:checking '/home/hdm/lio-sam_simulation_car/robot_bringup/install/point_laser/lib/pkgconfig/point_laser.pc'
[10.367s] Level 1:colcon.colcon_core.environment:checking '/home/hdm/lio-sam_simulation_car/robot_bringup/install/point_laser/lib/python3.10/site-packages'
[10.367s] Level 1:colcon.colcon_core.environment:checking '/home/hdm/lio-sam_simulation_car/robot_bringup/install/point_laser/bin'
[10.387s] INFO:colcon.colcon_core.shell:Creating package script '/home/hdm/lio-sam_simulation_car/robot_bringup/install/point_laser/share/point_laser/package.ps1'
[10.388s] INFO:colcon.colcon_core.shell:Creating package descriptor '/home/hdm/lio-sam_simulation_car/robot_bringup/install/point_laser/share/point_laser/package.dsv'
[10.388s] INFO:colcon.colcon_core.shell:Creating package script '/home/hdm/lio-sam_simulation_car/robot_bringup/install/point_laser/share/point_laser/package.sh'
[10.389s] INFO:colcon.colcon_core.shell:Creating package script '/home/hdm/lio-sam_simulation_car/robot_bringup/install/point_laser/share/point_laser/package.bash'
[10.390s] INFO:colcon.colcon_core.shell:Creating package script '/home/hdm/lio-sam_simulation_car/robot_bringup/install/point_laser/share/point_laser/package.zsh'
[10.391s] Level 1:colcon.colcon_core.environment:create_file_with_runtime_dependencies(/home/hdm/lio-sam_simulation_car/robot_bringup/install/point_laser/share/colcon-core/packages/point_laser)
[10.449s] Level 1:colcon.colcon_core.environment:create_environment_scripts_only(point_laser)
[10.465s] Level 1:colcon.colcon_core.environment:checking '/home/hdm/lio-sam_simulation_car/robot_bringup/install/point_laser' for CMake module files
[10.465s] Level 1:colcon.colcon_core.environment:checking '/home/hdm/lio-sam_simulation_car/robot_bringup/install/point_laser' for CMake config files
[10.466s] Level 1:colcon.colcon_core.shell:create_environment_hook('point_laser', 'cmake_prefix_path')
[10.481s] INFO:colcon.colcon_core.shell:Creating environment hook '/home/hdm/lio-sam_simulation_car/robot_bringup/install/point_laser/share/point_laser/hook/cmake_prefix_path.ps1'
[10.482s] INFO:colcon.colcon_core.shell:Creating environment descriptor '/home/hdm/lio-sam_simulation_car/robot_bringup/install/point_laser/share/point_laser/hook/cmake_prefix_path.dsv'
[10.482s] INFO:colcon.colcon_core.shell:Creating environment hook '/home/hdm/lio-sam_simulation_car/robot_bringup/install/point_laser/share/point_laser/hook/cmake_prefix_path.sh'
[10.483s] Level 1:colcon.colcon_core.environment:checking '/home/hdm/lio-sam_simulation_car/robot_bringup/install/point_laser/lib'
[10.483s] Level 1:colcon.colcon_core.environment:checking '/home/hdm/lio-sam_simulation_car/robot_bringup/install/point_laser/bin'
[10.483s] Level 1:colcon.colcon_core.environment:checking '/home/hdm/lio-sam_simulation_car/robot_bringup/install/point_laser/lib/pkgconfig/point_laser.pc'
[10.483s] Level 1:colcon.colcon_core.environment:checking '/home/hdm/lio-sam_simulation_car/robot_bringup/install/point_laser/lib/python3.10/site-packages'
[10.483s] Level 1:colcon.colcon_core.environment:checking '/home/hdm/lio-sam_simulation_car/robot_bringup/install/point_laser/bin'
[10.499s] INFO:colcon.colcon_core.shell:Creating package script '/home/hdm/lio-sam_simulation_car/robot_bringup/install/point_laser/share/point_laser/package.ps1'
[10.499s] INFO:colcon.colcon_core.shell:Creating package descriptor '/home/hdm/lio-sam_simulation_car/robot_bringup/install/point_laser/share/point_laser/package.dsv'
[10.500s] INFO:colcon.colcon_core.shell:Creating package script '/home/hdm/lio-sam_simulation_car/robot_bringup/install/point_laser/share/point_laser/package.sh'
[10.500s] INFO:colcon.colcon_core.shell:Creating package script '/home/hdm/lio-sam_simulation_car/robot_bringup/install/point_laser/share/point_laser/package.bash'
[10.500s] INFO:colcon.colcon_core.shell:Creating package script '/home/hdm/lio-sam_simulation_car/robot_bringup/install/point_laser/share/point_laser/package.zsh'
[10.501s] Level 1:colcon.colcon_core.environment:create_file_with_runtime_dependencies(/home/hdm/lio-sam_simulation_car/robot_bringup/install/point_laser/share/colcon-core/packages/point_laser)
[10.501s] DEBUG:colcon.colcon_parallel_executor.executor.parallel:closing loop
[10.501s] DEBUG:colcon.colcon_parallel_executor.executor.parallel:loop closed
[10.501s] DEBUG:colcon.colcon_parallel_executor.executor.parallel:run_until_complete finished with '0'
[10.501s] DEBUG:colcon.colcon_core.event_reactor:joining thread
[10.529s] INFO:colcon.colcon_core.plugin_system:Skipping extension 'colcon_notification.desktop_notification.terminal_notifier': Not used on non-Darwin systems
[10.529s] INFO:colcon.colcon_core.plugin_system:Skipping extension 'colcon_notification.desktop_notification.win32': Not used on non-Windows systems
[10.529s] INFO:colcon.colcon_notification.desktop_notification:Sending desktop notification using 'notify2'
[10.572s] DEBUG:colcon.colcon_core.event_reactor:joined thread
[10.588s] INFO:colcon.colcon_core.shell:Creating prefix script '/home/hdm/lio-sam_simulation_car/robot_bringup/install/local_setup.ps1'
[10.589s] INFO:colcon.colcon_core.shell:Creating prefix util module '/home/hdm/lio-sam_simulation_car/robot_bringup/install/_local_setup_util_ps1.py'
[10.590s] INFO:colcon.colcon_core.shell:Creating prefix chain script '/home/hdm/lio-sam_simulation_car/robot_bringup/install/setup.ps1'
[10.605s] INFO:colcon.colcon_core.shell:Creating prefix script '/home/hdm/lio-sam_simulation_car/robot_bringup/install/local_setup.sh'
[10.606s] INFO:colcon.colcon_core.shell:Creating prefix util module '/home/hdm/lio-sam_simulation_car/robot_bringup/install/_local_setup_util_sh.py'
[10.606s] INFO:colcon.colcon_core.shell:Creating prefix chain script '/home/hdm/lio-sam_simulation_car/robot_bringup/install/setup.sh'
[10.622s] INFO:colcon.colcon_core.shell:Creating prefix script '/home/hdm/lio-sam_simulation_car/robot_bringup/install/local_setup.bash'
[10.623s] INFO:colcon.colcon_core.shell:Creating prefix chain script '/home/hdm/lio-sam_simulation_car/robot_bringup/install/setup.bash'
[10.636s] INFO:colcon.colcon_core.shell:Creating prefix script '/home/hdm/lio-sam_simulation_car/robot_bringup/install/local_setup.zsh'
[10.636s] INFO:colcon.colcon_core.shell:Creating prefix chain script '/home/hdm/lio-sam_simulation_car/robot_bringup/install/setup.zsh'
