[0.020s] Invoking command in '/home/korey/Desktop/lio-sam_simulation_navigation/build/lio_sam': CMAKE_PREFIX_PATH=/opt/ros/foxy CONDA_PROMPT_MODIFIER=(base) /usr/bin/cmake --build /home/korey/Desktop/lio-sam_simulation_navigation/build/lio_sam -- -j12 -l12
[0.122s] [  2%] Built target lio_sam__cpp
[0.128s] [ 10%] Built target lio_sam__rosidl_generator_c
[0.157s] [ 19%] Built target lio_sam__rosidl_typesupport_c
[0.158s] [ 27%] Built target lio_sam__rosidl_typesupport_cpp
[0.158s] [ 36%] Built target lio_sam__rosidl_typesupport_introspection_cpp
[0.163s] [ 44%] Built target lio_sam__rosidl_typesupport_fastrtps_cpp
[0.165s] [ 53%] Built target lio_sam__rosidl_typesupport_introspection_c
[0.208s] [ 61%] Built target lio_sam__rosidl_typesupport_fastrtps_c
[0.237s] [ 61%] Built target lio_sam
[0.267s] [ 63%] Built target lio_sam__py
[0.304s] [ 78%] Built target lio_sam_imageProjection
[0.304s] [ 78%] Built target lio_sam__python
[0.304s] [ 78%] Built target lio_sam_imuPreintegration
[0.304s] [ 82%] Built target lio_sam_featureExtraction
[0.341s] [ 87%] Built target lio_sam__rosidl_typesupport_fastrtps_c__pyext
[0.341s] [ 91%] Built target lio_sam__rosidl_typesupport_c__pyext
[0.343s] [ 95%] Built target lio_sam__rosidl_typesupport_introspection_c__pyext
[0.343s] Scanning dependencies of target lio_sam_mapOptimization
[0.377s] [ 97%] Building CXX object CMakeFiles/lio_sam_mapOptimization.dir/src/mapOptmization.cpp.o
[51.602s] [100%] Linking CXX executable lio_sam_mapOptimization
[52.448s] [100%] Built target lio_sam_mapOptimization
[52.466s] Invoked command in '/home/korey/Desktop/lio-sam_simulation_navigation/build/lio_sam' returned '0': CMAKE_PREFIX_PATH=/opt/ros/foxy CONDA_PROMPT_MODIFIER=(base) /usr/bin/cmake --build /home/korey/Desktop/lio-sam_simulation_navigation/build/lio_sam -- -j12 -l12
[52.489s] Invoking command in '/home/korey/Desktop/lio-sam_simulation_navigation/build/lio_sam': CMAKE_PREFIX_PATH=/opt/ros/foxy CONDA_PROMPT_MODIFIER=(base) /usr/bin/cmake --install /home/korey/Desktop/lio-sam_simulation_navigation/build/lio_sam
[52.503s] -- Install configuration: "Release"
[52.503s] -- Execute custom install script
[52.504s] -- Up-to-date symlink: /home/korey/Desktop/lio-sam_simulation_navigation/install/lio_sam/share/ament_index/resource_index/rosidl_interfaces/lio_sam
[52.504s] -- Up-to-date symlink: /home/korey/Desktop/lio-sam_simulation_navigation/install/lio_sam/include/lio_sam/msg/cloud_info.h
[52.506s] -- Up-to-date symlink: /home/korey/Desktop/lio-sam_simulation_navigation/install/lio_sam/include/lio_sam/msg/detail/cloud_info__functions.h
[52.506s] -- Up-to-date symlink: /home/korey/Desktop/lio-sam_simulation_navigation/install/lio_sam/include/lio_sam/msg/detail/cloud_info__struct.h
[52.507s] -- Up-to-date symlink: /home/korey/Desktop/lio-sam_simulation_navigation/install/lio_sam/include/lio_sam/msg/detail/cloud_info__type_support.h
[52.507s] -- Up-to-date symlink: /home/korey/Desktop/lio-sam_simulation_navigation/install/lio_sam/include/lio_sam/msg/rosidl_generator_c__visibility_control.h
[52.507s] -- Up-to-date symlink: /home/korey/Desktop/lio-sam_simulation_navigation/install/lio_sam/include/lio_sam/srv/detail/save_map__functions.h
[52.507s] -- Up-to-date symlink: /home/korey/Desktop/lio-sam_simulation_navigation/install/lio_sam/include/lio_sam/srv/detail/save_map__struct.h
[52.507s] -- Up-to-date symlink: /home/korey/Desktop/lio-sam_simulation_navigation/install/lio_sam/include/lio_sam/srv/detail/save_map__type_support.h
[52.507s] -- Up-to-date symlink: /home/korey/Desktop/lio-sam_simulation_navigation/install/lio_sam/include/lio_sam/srv/save_map.h
[52.507s] -- Up-to-date symlink: /home/korey/Desktop/lio-sam_simulation_navigation/install/lio_sam/share/lio_sam/environment/library_path.sh
[52.507s] -- Up-to-date symlink: /home/korey/Desktop/lio-sam_simulation_navigation/install/lio_sam/share/lio_sam/environment/library_path.dsv
[52.514s] -- Up-to-date symlink: /home/korey/Desktop/lio-sam_simulation_navigation/install/lio_sam/include/lio_sam/msg/detail/cloud_info__rosidl_typesupport_fastrtps_c.h
[52.514s] -- Up-to-date symlink: /home/korey/Desktop/lio-sam_simulation_navigation/install/lio_sam/include/lio_sam/msg/rosidl_typesupport_fastrtps_c__visibility_control.h
[52.514s] -- Up-to-date symlink: /home/korey/Desktop/lio-sam_simulation_navigation/install/lio_sam/include/lio_sam/srv/detail/save_map__rosidl_typesupport_fastrtps_c.h
[52.514s] -- Up-to-date symlink: /home/korey/Desktop/lio-sam_simulation_navigation/install/lio_sam/lib/liblio_sam__rosidl_typesupport_fastrtps_c.so
[52.515s] -- Up-to-date symlink: /home/korey/Desktop/lio-sam_simulation_navigation/install/lio_sam/include/lio_sam/msg/detail/cloud_info__rosidl_typesupport_fastrtps_cpp.hpp
[52.515s] -- Up-to-date symlink: /home/korey/Desktop/lio-sam_simulation_navigation/install/lio_sam/include/lio_sam/msg/rosidl_typesupport_fastrtps_cpp__visibility_control.h
[52.515s] -- Up-to-date symlink: /home/korey/Desktop/lio-sam_simulation_navigation/install/lio_sam/include/lio_sam/srv/detail/save_map__rosidl_typesupport_fastrtps_cpp.hpp
[52.516s] -- Up-to-date symlink: /home/korey/Desktop/lio-sam_simulation_navigation/install/lio_sam/lib/liblio_sam__rosidl_typesupport_fastrtps_cpp.so
[52.516s] -- Up-to-date symlink: /home/korey/Desktop/lio-sam_simulation_navigation/install/lio_sam/include/lio_sam/msg/detail/cloud_info__rosidl_typesupport_introspection_c.h
[52.516s] -- Up-to-date symlink: /home/korey/Desktop/lio-sam_simulation_navigation/install/lio_sam/include/lio_sam/msg/rosidl_typesupport_introspection_c__visibility_control.h
[52.517s] -- Up-to-date symlink: /home/korey/Desktop/lio-sam_simulation_navigation/install/lio_sam/include/lio_sam/srv/detail/save_map__rosidl_typesupport_introspection_c.h
[52.517s] -- Up-to-date symlink: /home/korey/Desktop/lio-sam_simulation_navigation/install/lio_sam/include/lio_sam/msg/cloud_info.hpp
[52.517s] -- Up-to-date symlink: /home/korey/Desktop/lio-sam_simulation_navigation/install/lio_sam/include/lio_sam/msg/detail/cloud_info__builder.hpp
[52.517s] -- Up-to-date symlink: /home/korey/Desktop/lio-sam_simulation_navigation/install/lio_sam/include/lio_sam/msg/detail/cloud_info__struct.hpp
[52.517s] -- Up-to-date symlink: /home/korey/Desktop/lio-sam_simulation_navigation/install/lio_sam/include/lio_sam/msg/detail/cloud_info__traits.hpp
[52.517s] -- Up-to-date symlink: /home/korey/Desktop/lio-sam_simulation_navigation/install/lio_sam/include/lio_sam/msg/detail/cloud_info__type_support.hpp
[52.517s] -- Up-to-date symlink: /home/korey/Desktop/lio-sam_simulation_navigation/install/lio_sam/include/lio_sam/msg/rosidl_generator_cpp__visibility_control.hpp
[52.517s] -- Up-to-date symlink: /home/korey/Desktop/lio-sam_simulation_navigation/install/lio_sam/include/lio_sam/srv/detail/save_map__builder.hpp
[52.518s] -- Up-to-date symlink: /home/korey/Desktop/lio-sam_simulation_navigation/install/lio_sam/include/lio_sam/srv/detail/save_map__struct.hpp
[52.518s] -- Up-to-date symlink: /home/korey/Desktop/lio-sam_simulation_navigation/install/lio_sam/include/lio_sam/srv/detail/save_map__traits.hpp
[52.518s] -- Up-to-date symlink: /home/korey/Desktop/lio-sam_simulation_navigation/install/lio_sam/include/lio_sam/srv/detail/save_map__type_support.hpp
[52.518s] -- Up-to-date symlink: /home/korey/Desktop/lio-sam_simulation_navigation/install/lio_sam/include/lio_sam/srv/save_map.hpp
[52.518s] -- Up-to-date symlink: /home/korey/Desktop/lio-sam_simulation_navigation/install/lio_sam/include/lio_sam/msg/detail/cloud_info__rosidl_typesupport_introspection_cpp.hpp
[52.518s] -- Up-to-date symlink: /home/korey/Desktop/lio-sam_simulation_navigation/install/lio_sam/include/lio_sam/srv/detail/save_map__rosidl_typesupport_introspection_cpp.hpp
[52.518s] -- Up-to-date symlink: /home/korey/Desktop/lio-sam_simulation_navigation/install/lio_sam/share/lio_sam/environment/pythonpath.sh
[52.518s] -- Up-to-date symlink: /home/korey/Desktop/lio-sam_simulation_navigation/install/lio_sam/share/lio_sam/environment/pythonpath.dsv
[52.518s] -- Up-to-date symlink: /home/korey/Desktop/lio-sam_simulation_navigation/install/lio_sam/lib/python3.8/site-packages/lio_sam/__init__.py
[52.518s] -- Up-to-date symlink: /home/korey/Desktop/lio-sam_simulation_navigation/install/lio_sam/lib/python3.8/site-packages/lio_sam/msg/__init__.py
[52.519s] -- Up-to-date symlink: /home/korey/Desktop/lio-sam_simulation_navigation/install/lio_sam/lib/python3.8/site-packages/lio_sam/msg/_cloud_info.py
[52.519s] -- Up-to-date symlink: /home/korey/Desktop/lio-sam_simulation_navigation/install/lio_sam/lib/python3.8/site-packages/lio_sam/srv/__init__.py
[52.519s] -- Up-to-date symlink: /home/korey/Desktop/lio-sam_simulation_navigation/install/lio_sam/lib/python3.8/site-packages/lio_sam/srv/_save_map.py
[52.519s] -- Up-to-date symlink: /home/korey/Desktop/lio-sam_simulation_navigation/install/lio_sam/lib/python3.8/site-packages/lio_sam/lio_sam_s__rosidl_typesupport_fastrtps_c.cpython-38-x86_64-linux-gnu.so
[52.519s] -- Up-to-date symlink: /home/korey/Desktop/lio-sam_simulation_navigation/install/lio_sam/lib/python3.8/site-packages/lio_sam/lio_sam_s__rosidl_typesupport_introspection_c.cpython-38-x86_64-linux-gnu.so
[52.519s] -- Up-to-date symlink: /home/korey/Desktop/lio-sam_simulation_navigation/install/lio_sam/lib/python3.8/site-packages/lio_sam/lio_sam_s__rosidl_typesupport_c.cpython-38-x86_64-linux-gnu.so
[52.519s] -- Up-to-date symlink: /home/korey/Desktop/lio-sam_simulation_navigation/install/lio_sam/lib/liblio_sam__python.so
[52.519s] -- Up-to-date symlink: /home/korey/Desktop/lio-sam_simulation_navigation/install/lio_sam/share/lio_sam/msg/CloudInfo.idl
[52.520s] -- Up-to-date symlink: /home/korey/Desktop/lio-sam_simulation_navigation/install/lio_sam/share/lio_sam/srv/SaveMap.idl
[52.520s] -- Up-to-date symlink: /home/korey/Desktop/lio-sam_simulation_navigation/install/lio_sam/share/lio_sam/msg/CloudInfo.msg
[52.520s] -- Up-to-date symlink: /home/korey/Desktop/lio-sam_simulation_navigation/install/lio_sam/share/lio_sam/srv/SaveMap.srv
[52.520s] -- Up-to-date symlink: /home/korey/Desktop/lio-sam_simulation_navigation/install/lio_sam/share/lio_sam/srv/SaveMap_Request.msg
[52.521s] -- Up-to-date symlink: /home/korey/Desktop/lio-sam_simulation_navigation/install/lio_sam/share/lio_sam/srv/SaveMap_Response.msg
[52.521s] -- Up-to-date symlink: /home/korey/Desktop/lio-sam_simulation_navigation/install/lio_sam/share/lio_sam//launch/__pycache__/run.launch.cpython-313.pyc
[52.521s] -- Up-to-date symlink: /home/korey/Desktop/lio-sam_simulation_navigation/install/lio_sam/share/lio_sam//launch/run.launch.py
[52.522s] -- Up-to-date symlink: /home/korey/Desktop/lio-sam_simulation_navigation/install/lio_sam/share/lio_sam//config/doc/demo.gif
[52.522s] -- Up-to-date symlink: /home/korey/Desktop/lio-sam_simulation_navigation/install/lio_sam/share/lio_sam//config/doc/device-boat.png
[52.522s] -- Up-to-date symlink: /home/korey/Desktop/lio-sam_simulation_navigation/install/lio_sam/share/lio_sam//config/doc/device-hand-2.png
[52.522s] -- Up-to-date symlink: /home/korey/Desktop/lio-sam_simulation_navigation/install/lio_sam/share/lio_sam//config/doc/device-hand.png
[52.523s] -- Up-to-date symlink: /home/korey/Desktop/lio-sam_simulation_navigation/install/lio_sam/share/lio_sam//config/doc/device-jackal.png
[52.523s] -- Up-to-date symlink: /home/korey/Desktop/lio-sam_simulation_navigation/install/lio_sam/share/lio_sam//config/doc/gps-demo.gif
[52.523s] -- Up-to-date symlink: /home/korey/Desktop/lio-sam_simulation_navigation/install/lio_sam/share/lio_sam//config/doc/imu-debug.gif
[52.524s] -- Up-to-date symlink: /home/korey/Desktop/lio-sam_simulation_navigation/install/lio_sam/share/lio_sam//config/doc/imu-transform.png
[52.524s] -- Up-to-date symlink: /home/korey/Desktop/lio-sam_simulation_navigation/install/lio_sam/share/lio_sam//config/doc/kitti-demo.gif
[52.524s] -- Up-to-date symlink: /home/korey/Desktop/lio-sam_simulation_navigation/install/lio_sam/share/lio_sam//config/doc/kitti-map.png
[52.524s] -- Up-to-date symlink: /home/korey/Desktop/lio-sam_simulation_navigation/install/lio_sam/share/lio_sam//config/doc/kitti2bag/README.md
[52.524s] -- Up-to-date symlink: /home/korey/Desktop/lio-sam_simulation_navigation/install/lio_sam/share/lio_sam//config/doc/kitti2bag/kitti2bag.py
[52.525s] -- Up-to-date symlink: /home/korey/Desktop/lio-sam_simulation_navigation/install/lio_sam/share/lio_sam//config/doc/loop-closure-2.gif
[52.525s] -- Up-to-date symlink: /home/korey/Desktop/lio-sam_simulation_navigation/install/lio_sam/share/lio_sam//config/doc/loop-closure.gif
[52.525s] -- Up-to-date symlink: /home/korey/Desktop/lio-sam_simulation_navigation/install/lio_sam/share/lio_sam//config/doc/ouster-demo.gif
[52.525s] -- Up-to-date symlink: /home/korey/Desktop/lio-sam_simulation_navigation/install/lio_sam/share/lio_sam//config/doc/ouster-device.jpg
[52.525s] -- Up-to-date symlink: /home/korey/Desktop/lio-sam_simulation_navigation/install/lio_sam/share/lio_sam//config/doc/paper.pdf
[52.526s] -- Up-to-date symlink: /home/korey/Desktop/lio-sam_simulation_navigation/install/lio_sam/share/lio_sam//config/doc/system.png
[52.526s] -- Up-to-date symlink: /home/korey/Desktop/lio-sam_simulation_navigation/install/lio_sam/share/lio_sam//config/params.yaml
[52.526s] -- Up-to-date symlink: /home/korey/Desktop/lio-sam_simulation_navigation/install/lio_sam/share/lio_sam//config/robot.urdf.xacro
[52.532s] -- Up-to-date symlink: /home/korey/Desktop/lio-sam_simulation_navigation/install/lio_sam/share/lio_sam//config/rviz2.rviz
[52.532s] -- Up-to-date symlink: /home/korey/Desktop/lio-sam_simulation_navigation/install/lio_sam/lib/lio_sam/lio_sam_imageProjection
[52.532s] -- Up-to-date symlink: /home/korey/Desktop/lio-sam_simulation_navigation/install/lio_sam/lib/lio_sam/lio_sam_imuPreintegration
[52.532s] -- Up-to-date symlink: /home/korey/Desktop/lio-sam_simulation_navigation/install/lio_sam/lib/lio_sam/lio_sam_featureExtraction
[52.533s] -- Up-to-date symlink: /home/korey/Desktop/lio-sam_simulation_navigation/install/lio_sam/lib/lio_sam/lio_sam_mapOptimization
[52.533s] -- Up-to-date symlink: /home/korey/Desktop/lio-sam_simulation_navigation/install/lio_sam/include/lio_sam/utility.hpp
[52.533s] -- Up-to-date symlink: /home/korey/Desktop/lio-sam_simulation_navigation/install/lio_sam/share/ament_index/resource_index/package_run_dependencies/lio_sam
[52.533s] -- Up-to-date symlink: /home/korey/Desktop/lio-sam_simulation_navigation/install/lio_sam/share/ament_index/resource_index/parent_prefix_path/lio_sam
[52.533s] -- Up-to-date symlink: /home/korey/Desktop/lio-sam_simulation_navigation/install/lio_sam/share/lio_sam/environment/ament_prefix_path.sh
[52.533s] -- Up-to-date symlink: /home/korey/Desktop/lio-sam_simulation_navigation/install/lio_sam/share/lio_sam/environment/ament_prefix_path.dsv
[52.533s] -- Up-to-date symlink: /home/korey/Desktop/lio-sam_simulation_navigation/install/lio_sam/share/lio_sam/environment/path.sh
[52.533s] -- Up-to-date symlink: /home/korey/Desktop/lio-sam_simulation_navigation/install/lio_sam/share/lio_sam/environment/path.dsv
[52.533s] -- Up-to-date symlink: /home/korey/Desktop/lio-sam_simulation_navigation/install/lio_sam/share/lio_sam/local_setup.bash
[52.533s] -- Up-to-date symlink: /home/korey/Desktop/lio-sam_simulation_navigation/install/lio_sam/share/lio_sam/local_setup.sh
[52.533s] -- Up-to-date symlink: /home/korey/Desktop/lio-sam_simulation_navigation/install/lio_sam/share/lio_sam/local_setup.zsh
[52.533s] -- Up-to-date symlink: /home/korey/Desktop/lio-sam_simulation_navigation/install/lio_sam/share/lio_sam/local_setup.dsv
[52.534s] -- Symlinking: /home/korey/Desktop/lio-sam_simulation_navigation/install/lio_sam/share/lio_sam/package.dsv
[52.546s] -- Up-to-date symlink: /home/korey/Desktop/lio-sam_simulation_navigation/install/lio_sam/share/ament_index/resource_index/packages/lio_sam
[52.546s] -- Up-to-date symlink: /home/korey/Desktop/lio-sam_simulation_navigation/install/lio_sam/share/lio_sam/cmake/rosidl_cmake-extras.cmake
[52.546s] -- Up-to-date symlink: /home/korey/Desktop/lio-sam_simulation_navigation/install/lio_sam/share/lio_sam/cmake/ament_cmake_export_dependencies-extras.cmake
[52.547s] -- Up-to-date symlink: /home/korey/Desktop/lio-sam_simulation_navigation/install/lio_sam/share/lio_sam/cmake/ament_cmake_export_libraries-extras.cmake
[52.547s] -- Up-to-date symlink: /home/korey/Desktop/lio-sam_simulation_navigation/install/lio_sam/share/lio_sam/cmake/ament_cmake_export_targets-extras.cmake
[52.548s] -- Up-to-date symlink: /home/korey/Desktop/lio-sam_simulation_navigation/install/lio_sam/share/lio_sam/cmake/ament_cmake_export_include_directories-extras.cmake
[52.548s] -- Up-to-date symlink: /home/korey/Desktop/lio-sam_simulation_navigation/install/lio_sam/share/lio_sam/cmake/rosidl_cmake_export_typesupport_libraries-extras.cmake
[52.549s] -- Up-to-date symlink: /home/korey/Desktop/lio-sam_simulation_navigation/install/lio_sam/share/lio_sam/cmake/rosidl_cmake_export_typesupport_targets-extras.cmake
[52.549s] -- Up-to-date symlink: /home/korey/Desktop/lio-sam_simulation_navigation/install/lio_sam/share/lio_sam/cmake/lio_samConfig.cmake
[52.549s] -- Up-to-date symlink: /home/korey/Desktop/lio-sam_simulation_navigation/install/lio_sam/share/lio_sam/cmake/lio_samConfig-version.cmake
[52.550s] -- Up-to-date symlink: /home/korey/Desktop/lio-sam_simulation_navigation/install/lio_sam/share/lio_sam/package.xml
[52.550s] -- Up-to-date: /home/korey/Desktop/lio-sam_simulation_navigation/install/lio_sam/lib/liblio_sam__rosidl_generator_c.so
[52.551s] -- Up-to-date: /home/korey/Desktop/lio-sam_simulation_navigation/install/lio_sam/lib/liblio_sam__rosidl_typesupport_introspection_c.so
[52.552s] -- Up-to-date: /home/korey/Desktop/lio-sam_simulation_navigation/install/lio_sam/lib/liblio_sam__rosidl_typesupport_c.so
[52.552s] -- Up-to-date: /home/korey/Desktop/lio-sam_simulation_navigation/install/lio_sam/lib/liblio_sam__rosidl_typesupport_introspection_cpp.so
[52.553s] -- Up-to-date: /home/korey/Desktop/lio-sam_simulation_navigation/install/lio_sam/lib/liblio_sam__rosidl_typesupport_cpp.so
[52.587s] -- Up-to-date: /home/korey/Desktop/lio-sam_simulation_navigation/install/lio_sam/share/lio_sam/cmake/lio_sam__rosidl_generator_cExport.cmake
[52.587s] -- Up-to-date: /home/korey/Desktop/lio-sam_simulation_navigation/install/lio_sam/share/lio_sam/cmake/lio_sam__rosidl_generator_cExport-release.cmake
[52.587s] -- Up-to-date: /home/korey/Desktop/lio-sam_simulation_navigation/install/lio_sam/share/lio_sam/cmake/lio_sam__rosidl_typesupport_introspection_cExport.cmake
[52.588s] -- Up-to-date: /home/korey/Desktop/lio-sam_simulation_navigation/install/lio_sam/share/lio_sam/cmake/lio_sam__rosidl_typesupport_introspection_cExport-release.cmake
[52.588s] -- Up-to-date: /home/korey/Desktop/lio-sam_simulation_navigation/install/lio_sam/share/lio_sam/cmake/lio_sam__rosidl_typesupport_cExport.cmake
[52.588s] -- Up-to-date: /home/korey/Desktop/lio-sam_simulation_navigation/install/lio_sam/share/lio_sam/cmake/lio_sam__rosidl_typesupport_cExport-release.cmake
[52.590s] -- Up-to-date: /home/korey/Desktop/lio-sam_simulation_navigation/install/lio_sam/share/lio_sam/cmake/lio_sam__rosidl_generator_cppExport.cmake
[52.590s] -- Up-to-date: /home/korey/Desktop/lio-sam_simulation_navigation/install/lio_sam/share/lio_sam/cmake/lio_sam__rosidl_typesupport_introspection_cppExport.cmake
[52.591s] -- Up-to-date: /home/korey/Desktop/lio-sam_simulation_navigation/install/lio_sam/share/lio_sam/cmake/lio_sam__rosidl_typesupport_introspection_cppExport-release.cmake
[52.591s] -- Up-to-date: /home/korey/Desktop/lio-sam_simulation_navigation/install/lio_sam/share/lio_sam/cmake/lio_sam__rosidl_typesupport_cppExport.cmake
[52.591s] -- Up-to-date: /home/korey/Desktop/lio-sam_simulation_navigation/install/lio_sam/share/lio_sam/cmake/lio_sam__rosidl_typesupport_cppExport-release.cmake
[52.593s] Invoked command in '/home/korey/Desktop/lio-sam_simulation_navigation/build/lio_sam' returned '0': CMAKE_PREFIX_PATH=/opt/ros/foxy CONDA_PROMPT_MODIFIER=(base) /usr/bin/cmake --install /home/korey/Desktop/lio-sam_simulation_navigation/build/lio_sam
