** WARNING ** io features related to pcap will be disabled
** WARNING ** io features related to png will be disabled
** WARNING ** io features related to libusb-1.0 will be disabled
In file included from /usr/include/boost/preprocessor/tuple/elem.hpp:23,
                 from /usr/include/boost/preprocessor/arithmetic/add.hpp:21,
                 from /usr/include/boost/mpl/aux_/preprocessor/def_params_tail.hpp:66,
                 from /usr/include/boost/mpl/aux_/na_spec.hpp:28,
                 from /usr/include/boost/mpl/not.hpp:20,
                 from /usr/include/boost/mpl/assert.hpp:17,
                 from /usr/include/pcl-1.10/pcl/point_traits.h:48,
                 from /usr/include/pcl-1.10/pcl/point_cloud.h:50,
                 from /usr/include/pcl-1.10/pcl/kdtree/kdtree.h:43,
                 from /usr/include/pcl-1.10/pcl/kdtree/kdtree_flann.h:43,
                 from /home/korey/Desktop/lio-sam_simulation_navigation/src/LIO-SAM/include/lio_sam/utility.hpp:21,
                 from /home/korey/Desktop/lio-sam_simulation_navigation/src/LIO-SAM/src/imageProjection.cpp:1:
/home/korey/Desktop/lio-sam_simulation_navigation/src/LIO-SAM/src/imageProjection.cpp:14:6: warning: ‘using uint16_t = uint16_t’ is deprecated: use std::uint16_t instead of pcl::uint16_t [-Wdeprecated-declarations]
   14 |     (uint16_t, ring, ring) (float, time, time)
      |      ^~~~~~~~
In file included from /usr/include/pcl-1.10/pcl/kdtree/kdtree.h:42,
                 from /usr/include/pcl-1.10/pcl/kdtree/kdtree_flann.h:43,
                 from /home/korey/Desktop/lio-sam_simulation_navigation/src/LIO-SAM/include/lio_sam/utility.hpp:21,
                 from /home/korey/Desktop/lio-sam_simulation_navigation/src/LIO-SAM/src/imageProjection.cpp:1:
/usr/include/pcl-1.10/pcl/pcl_macros.h:94:9: note: declared here
   94 |   using uint16_t [[deprecated("use std::uint16_t instead of pcl::uint16_t")]] = std::uint16_t;
      |         ^~~~~~~~
In file included from /usr/include/boost/preprocessor/tuple/elem.hpp:23,
                 from /usr/include/boost/preprocessor/arithmetic/add.hpp:21,
                 from /usr/include/boost/mpl/aux_/preprocessor/def_params_tail.hpp:66,
                 from /usr/include/boost/mpl/aux_/na_spec.hpp:28,
                 from /usr/include/boost/mpl/not.hpp:20,
                 from /usr/include/boost/mpl/assert.hpp:17,
                 from /usr/include/pcl-1.10/pcl/point_traits.h:48,
                 from /usr/include/pcl-1.10/pcl/point_cloud.h:50,
                 from /usr/include/pcl-1.10/pcl/kdtree/kdtree.h:43,
                 from /usr/include/pcl-1.10/pcl/kdtree/kdtree_flann.h:43,
                 from /home/korey/Desktop/lio-sam_simulation_navigation/src/LIO-SAM/include/lio_sam/utility.hpp:21,
                 from /home/korey/Desktop/lio-sam_simulation_navigation/src/LIO-SAM/src/imageProjection.cpp:1:
/home/korey/Desktop/lio-sam_simulation_navigation/src/LIO-SAM/src/imageProjection.cpp:29:6: warning: ‘using uint32_t = uint32_t’ is deprecated: use std::uint32_t instead of pcl::uint32_t [-Wdeprecated-declarations]
   29 |     (uint32_t, t, t) (uint16_t, reflectivity, reflectivity)
      |      ^~~~~~~~
In file included from /usr/include/pcl-1.10/pcl/kdtree/kdtree.h:42,
                 from /usr/include/pcl-1.10/pcl/kdtree/kdtree_flann.h:43,
                 from /home/korey/Desktop/lio-sam_simulation_navigation/src/LIO-SAM/include/lio_sam/utility.hpp:21,
                 from /home/korey/Desktop/lio-sam_simulation_navigation/src/LIO-SAM/src/imageProjection.cpp:1:
/usr/include/pcl-1.10/pcl/pcl_macros.h:96:9: note: declared here
   96 |   using uint32_t [[deprecated("use std::uint32_t instead of pcl::uint32_t")]] = std::uint32_t;
      |         ^~~~~~~~
In file included from /usr/include/boost/preprocessor/tuple/elem.hpp:23,
                 from /usr/include/boost/preprocessor/arithmetic/add.hpp:21,
                 from /usr/include/boost/mpl/aux_/preprocessor/def_params_tail.hpp:66,
                 from /usr/include/boost/mpl/aux_/na_spec.hpp:28,
                 from /usr/include/boost/mpl/not.hpp:20,
                 from /usr/include/boost/mpl/assert.hpp:17,
                 from /usr/include/pcl-1.10/pcl/point_traits.h:48,
                 from /usr/include/pcl-1.10/pcl/point_cloud.h:50,
                 from /usr/include/pcl-1.10/pcl/kdtree/kdtree.h:43,
                 from /usr/include/pcl-1.10/pcl/kdtree/kdtree_flann.h:43,
                 from /home/korey/Desktop/lio-sam_simulation_navigation/src/LIO-SAM/include/lio_sam/utility.hpp:21,
                 from /home/korey/Desktop/lio-sam_simulation_navigation/src/LIO-SAM/src/imageProjection.cpp:1:
/home/korey/Desktop/lio-sam_simulation_navigation/src/LIO-SAM/src/imageProjection.cpp:29:23: warning: ‘using uint16_t = uint16_t’ is deprecated: use std::uint16_t instead of pcl::uint16_t [-Wdeprecated-declarations]
   29 |     (uint32_t, t, t) (uint16_t, reflectivity, reflectivity)
      |                       ^~~~~~~~
In file included from /usr/include/pcl-1.10/pcl/kdtree/kdtree.h:42,
                 from /usr/include/pcl-1.10/pcl/kdtree/kdtree_flann.h:43,
                 from /home/korey/Desktop/lio-sam_simulation_navigation/src/LIO-SAM/include/lio_sam/utility.hpp:21,
                 from /home/korey/Desktop/lio-sam_simulation_navigation/src/LIO-SAM/src/imageProjection.cpp:1:
/usr/include/pcl-1.10/pcl/pcl_macros.h:94:9: note: declared here
   94 |   using uint16_t [[deprecated("use std::uint16_t instead of pcl::uint16_t")]] = std::uint16_t;
      |         ^~~~~~~~
In file included from /usr/include/boost/preprocessor/tuple/elem.hpp:23,
                 from /usr/include/boost/preprocessor/arithmetic/add.hpp:21,
                 from /usr/include/boost/mpl/aux_/preprocessor/def_params_tail.hpp:66,
                 from /usr/include/boost/mpl/aux_/na_spec.hpp:28,
                 from /usr/include/boost/mpl/not.hpp:20,
                 from /usr/include/boost/mpl/assert.hpp:17,
                 from /usr/include/pcl-1.10/pcl/point_traits.h:48,
                 from /usr/include/pcl-1.10/pcl/point_cloud.h:50,
                 from /usr/include/pcl-1.10/pcl/kdtree/kdtree.h:43,
                 from /usr/include/pcl-1.10/pcl/kdtree/kdtree_flann.h:43,
                 from /home/korey/Desktop/lio-sam_simulation_navigation/src/LIO-SAM/include/lio_sam/utility.hpp:21,
                 from /home/korey/Desktop/lio-sam_simulation_navigation/src/LIO-SAM/src/imageProjection.cpp:1:
/home/korey/Desktop/lio-sam_simulation_navigation/src/LIO-SAM/src/imageProjection.cpp:30:6: warning: ‘using uint8_t = uint8_t’ is deprecated: use std::uint8_t instead of pcl::uint8_t [-Wdeprecated-declarations]
   30 |     (uint8_t, ring, ring) (uint16_t, noise, noise) (uint32_t, range, range)
      |      ^~~~~~~
In file included from /usr/include/pcl-1.10/pcl/kdtree/kdtree.h:42,
                 from /usr/include/pcl-1.10/pcl/kdtree/kdtree_flann.h:43,
                 from /home/korey/Desktop/lio-sam_simulation_navigation/src/LIO-SAM/include/lio_sam/utility.hpp:21,
                 from /home/korey/Desktop/lio-sam_simulation_navigation/src/LIO-SAM/src/imageProjection.cpp:1:
/usr/include/pcl-1.10/pcl/pcl_macros.h:92:9: note: declared here
   92 |   using uint8_t [[deprecated("use std::uint8_t instead of pcl::uint8_t")]] = std::uint8_t;
      |         ^~~~~~~
In file included from /usr/include/boost/preprocessor/tuple/elem.hpp:23,
                 from /usr/include/boost/preprocessor/arithmetic/add.hpp:21,
                 from /usr/include/boost/mpl/aux_/preprocessor/def_params_tail.hpp:66,
                 from /usr/include/boost/mpl/aux_/na_spec.hpp:28,
                 from /usr/include/boost/mpl/not.hpp:20,
                 from /usr/include/boost/mpl/assert.hpp:17,
                 from /usr/include/pcl-1.10/pcl/point_traits.h:48,
                 from /usr/include/pcl-1.10/pcl/point_cloud.h:50,
                 from /usr/include/pcl-1.10/pcl/kdtree/kdtree.h:43,
                 from /usr/include/pcl-1.10/pcl/kdtree/kdtree_flann.h:43,
                 from /home/korey/Desktop/lio-sam_simulation_navigation/src/LIO-SAM/include/lio_sam/utility.hpp:21,
                 from /home/korey/Desktop/lio-sam_simulation_navigation/src/LIO-SAM/src/imageProjection.cpp:1:
/home/korey/Desktop/lio-sam_simulation_navigation/src/LIO-SAM/src/imageProjection.cpp:30:28: warning: ‘using uint16_t = uint16_t’ is deprecated: use std::uint16_t instead of pcl::uint16_t [-Wdeprecated-declarations]
   30 |     (uint8_t, ring, ring) (uint16_t, noise, noise) (uint32_t, range, range)
      |                            ^~~~~~~~
In file included from /usr/include/pcl-1.10/pcl/kdtree/kdtree.h:42,
                 from /usr/include/pcl-1.10/pcl/kdtree/kdtree_flann.h:43,
                 from /home/korey/Desktop/lio-sam_simulation_navigation/src/LIO-SAM/include/lio_sam/utility.hpp:21,
                 from /home/korey/Desktop/lio-sam_simulation_navigation/src/LIO-SAM/src/imageProjection.cpp:1:
/usr/include/pcl-1.10/pcl/pcl_macros.h:94:9: note: declared here
   94 |   using uint16_t [[deprecated("use std::uint16_t instead of pcl::uint16_t")]] = std::uint16_t;
      |         ^~~~~~~~
In file included from /usr/include/boost/preprocessor/tuple/elem.hpp:23,
                 from /usr/include/boost/preprocessor/arithmetic/add.hpp:21,
                 from /usr/include/boost/mpl/aux_/preprocessor/def_params_tail.hpp:66,
                 from /usr/include/boost/mpl/aux_/na_spec.hpp:28,
                 from /usr/include/boost/mpl/not.hpp:20,
                 from /usr/include/boost/mpl/assert.hpp:17,
                 from /usr/include/pcl-1.10/pcl/point_traits.h:48,
                 from /usr/include/pcl-1.10/pcl/point_cloud.h:50,
                 from /usr/include/pcl-1.10/pcl/kdtree/kdtree.h:43,
                 from /usr/include/pcl-1.10/pcl/kdtree/kdtree_flann.h:43,
                 from /home/korey/Desktop/lio-sam_simulation_navigation/src/LIO-SAM/include/lio_sam/utility.hpp:21,
                 from /home/korey/Desktop/lio-sam_simulation_navigation/src/LIO-SAM/src/imageProjection.cpp:1:
/home/korey/Desktop/lio-sam_simulation_navigation/src/LIO-SAM/src/imageProjection.cpp:30:53: warning: ‘using uint32_t = uint32_t’ is deprecated: use std::uint32_t instead of pcl::uint32_t [-Wdeprecated-declarations]
   30 |     (uint8_t, ring, ring) (uint16_t, noise, noise) (uint32_t, range, range)
      |                                                     ^~~~~~~~
In file included from /usr/include/pcl-1.10/pcl/kdtree/kdtree.h:42,
                 from /usr/include/pcl-1.10/pcl/kdtree/kdtree_flann.h:43,
                 from /home/korey/Desktop/lio-sam_simulation_navigation/src/LIO-SAM/include/lio_sam/utility.hpp:21,
                 from /home/korey/Desktop/lio-sam_simulation_navigation/src/LIO-SAM/src/imageProjection.cpp:1:
/usr/include/pcl-1.10/pcl/pcl_macros.h:96:9: note: declared here
   96 |   using uint32_t [[deprecated("use std::uint32_t instead of pcl::uint32_t")]] = std::uint32_t;
      |         ^~~~~~~~
In file included from /usr/include/boost/preprocessor/tuple/elem.hpp:23,
                 from /usr/include/boost/preprocessor/arithmetic/add.hpp:21,
                 from /usr/include/boost/mpl/aux_/preprocessor/def_params_tail.hpp:66,
                 from /usr/include/boost/mpl/aux_/na_spec.hpp:28,
                 from /usr/include/boost/mpl/not.hpp:20,
                 from /usr/include/boost/mpl/assert.hpp:17,
                 from /usr/include/pcl-1.10/pcl/point_traits.h:48,
                 from /usr/include/pcl-1.10/pcl/point_cloud.h:50,
                 from /usr/include/pcl-1.10/pcl/kdtree/kdtree.h:43,
                 from /usr/include/pcl-1.10/pcl/kdtree/kdtree_flann.h:43,
                 from /home/korey/Desktop/lio-sam_simulation_navigation/src/LIO-SAM/include/lio_sam/utility.hpp:21,
                 from /home/korey/Desktop/lio-sam_simulation_navigation/src/LIO-SAM/src/imageProjection.cpp:1:
/home/korey/Desktop/lio-sam_simulation_navigation/src/LIO-SAM/src/imageProjection.cpp:41:6: warning: ‘using uint8_t = uint8_t’ is deprecated: use std::uint8_t instead of pcl::uint8_t [-Wdeprecated-declarations]
   41 |     (uint8_t, tag, tag) (uint8_t, line, line)
      |      ^~~~~~~
In file included from /usr/include/pcl-1.10/pcl/kdtree/kdtree.h:42,
                 from /usr/include/pcl-1.10/pcl/kdtree/kdtree_flann.h:43,
                 from /home/korey/Desktop/lio-sam_simulation_navigation/src/LIO-SAM/include/lio_sam/utility.hpp:21,
                 from /home/korey/Desktop/lio-sam_simulation_navigation/src/LIO-SAM/src/imageProjection.cpp:1:
/usr/include/pcl-1.10/pcl/pcl_macros.h:92:9: note: declared here
   92 |   using uint8_t [[deprecated("use std::uint8_t instead of pcl::uint8_t")]] = std::uint8_t;
      |         ^~~~~~~
In file included from /usr/include/boost/preprocessor/tuple/elem.hpp:23,
                 from /usr/include/boost/preprocessor/arithmetic/add.hpp:21,
                 from /usr/include/boost/mpl/aux_/preprocessor/def_params_tail.hpp:66,
                 from /usr/include/boost/mpl/aux_/na_spec.hpp:28,
                 from /usr/include/boost/mpl/not.hpp:20,
                 from /usr/include/boost/mpl/assert.hpp:17,
                 from /usr/include/pcl-1.10/pcl/point_traits.h:48,
                 from /usr/include/pcl-1.10/pcl/point_cloud.h:50,
                 from /usr/include/pcl-1.10/pcl/kdtree/kdtree.h:43,
                 from /usr/include/pcl-1.10/pcl/kdtree/kdtree_flann.h:43,
                 from /home/korey/Desktop/lio-sam_simulation_navigation/src/LIO-SAM/include/lio_sam/utility.hpp:21,
                 from /home/korey/Desktop/lio-sam_simulation_navigation/src/LIO-SAM/src/imageProjection.cpp:1:
/home/korey/Desktop/lio-sam_simulation_navigation/src/LIO-SAM/src/imageProjection.cpp:41:26: warning: ‘using uint8_t = uint8_t’ is deprecated: use std::uint8_t instead of pcl::uint8_t [-Wdeprecated-declarations]
   41 |     (uint8_t, tag, tag) (uint8_t, line, line)
      |                          ^~~~~~~
In file included from /usr/include/pcl-1.10/pcl/kdtree/kdtree.h:42,
                 from /usr/include/pcl-1.10/pcl/kdtree/kdtree_flann.h:43,
                 from /home/korey/Desktop/lio-sam_simulation_navigation/src/LIO-SAM/include/lio_sam/utility.hpp:21,
                 from /home/korey/Desktop/lio-sam_simulation_navigation/src/LIO-SAM/src/imageProjection.cpp:1:
/usr/include/pcl-1.10/pcl/pcl_macros.h:92:9: note: declared here
   92 |   using uint8_t [[deprecated("use std::uint8_t instead of pcl::uint8_t")]] = std::uint8_t;
      |         ^~~~~~~
