-- The C compiler identification is GNU 9.4.0
-- The CXX compiler identification is GNU 9.4.0
-- Check for working C compiler: /usr/bin/cc
-- Check for working C compiler: /usr/bin/cc -- works
-- Detecting C compiler ABI info
-- Detecting C compiler ABI info - done
-- Detecting C compile features
-- Detecting C compile features - done
-- Check for working CXX compiler: /usr/bin/c++
-- Check for working CXX compiler: /usr/bin/c++ -- works
-- Detecting CXX compiler ABI info
-- Detecting CXX compiler ABI info - done
-- Detecting CXX compile features
-- Detecting CXX compile features - done
-- Found ament_cmake: 0.9.12 (/opt/ros/foxy/share/ament_cmake/cmake)
-- Found PythonInterp: /usr/bin/python3 (found suitable version "3.8.10", minimum required is "3") 
-- Using PYTHON_EXECUTABLE: /usr/bin/python3
-- Override CMake install command with custom implementation using symlinks instead of copying resources
-- Found rosidl_default_generators: 1.0.1 (/opt/ros/foxy/share/rosidl_default_generators/cmake)
-- Using all available rosidl_typesupport_c: rosidl_typesupport_fastrtps_c;rosidl_typesupport_introspection_c
-- Found rosidl_adapter: 1.3.1 (/opt/ros/foxy/share/rosidl_adapter/cmake)
-- Using all available rosidl_typesupport_cpp: rosidl_typesupport_fastrtps_cpp;rosidl_typesupport_introspection_cpp
-- Found rclcpp: 2.4.3 (/opt/ros/foxy/share/rclcpp/cmake)
-- Found rmw_implementation_cmake: 1.0.4 (/opt/ros/foxy/share/rmw_implementation_cmake/cmake)
-- Using RMW implementation 'rmw_fastrtps_cpp' as default
-- Looking for pthread.h
-- Looking for pthread.h - found
-- Found rclpy: 1.0.13 (/opt/ros/foxy/share/rclpy/cmake)
-- Found cv_bridge: 3.0.7 (/opt/ros/foxy/share/cv_bridge/cmake)
-- Found nav_msgs: 2.0.5 (/opt/ros/foxy/share/nav_msgs/cmake)
-- Found visualization_msgs: 2.0.5 (/opt/ros/foxy/share/visualization_msgs/cmake)
-- Found pcl_msgs: 1.0.0 (/opt/ros/foxy/share/pcl_msgs/cmake)
-- Found tf2: 0.13.14 (/opt/ros/foxy/share/tf2/cmake)
-- Found tf2_geometry_msgs: 0.13.14 (/opt/ros/foxy/share/tf2_geometry_msgs/cmake)
-- Found eigen3_cmake_module: 0.1.1 (/opt/ros/foxy/share/eigen3_cmake_module/cmake)
-- Found tf2_sensor_msgs: 0.13.14 (/opt/ros/foxy/share/tf2_sensor_msgs/cmake)
-- Found tf2_eigen: 0.13.14 (/opt/ros/foxy/share/tf2_eigen/cmake)
-- Found Eigen: /usr/include/eigen3 (Required is at least version "3.1") 
-- Eigen found (include: /usr/include/eigen3, version: 3.3.7)
-- Found Boost: /usr/include (found suitable version "1.71.0", minimum required is "1.55.0") found components: system filesystem date_time iostreams regex 
-- The imported target "vtkParseOGLExt" references the file
   "/usr/bin/vtkParseOGLExt-7.1"
but this file does not exist.  Possible reasons include:
* The file was deleted, renamed, or moved to another location.
* An install or uninstall procedure did not complete successfully.
* The installation package was faulty and contained
   "/usr/lib/cmake/vtk-7.1/VTKTargets.cmake"
but not all the files it references.

-- The imported target "vtkRenderingPythonTkWidgets" references the file
   "/usr/lib/x86_64-linux-gnu/libvtkRenderingPythonTkWidgets.so"
but this file does not exist.  Possible reasons include:
* The file was deleted, renamed, or moved to another location.
* An install or uninstall procedure did not complete successfully.
* The installation package was faulty and contained
   "/usr/lib/cmake/vtk-7.1/VTKTargets.cmake"
but not all the files it references.

-- The imported target "vtk" references the file
   "/usr/bin/vtk"
but this file does not exist.  Possible reasons include:
* The file was deleted, renamed, or moved to another location.
* An install or uninstall procedure did not complete successfully.
* The installation package was faulty and contained
   "/usr/lib/cmake/vtk-7.1/VTKTargets.cmake"
but not all the files it references.

-- The imported target "pvtk" references the file
   "/usr/bin/pvtk"
but this file does not exist.  Possible reasons include:
* The file was deleted, renamed, or moved to another location.
* An install or uninstall procedure did not complete successfully.
* The installation package was faulty and contained
   "/usr/lib/cmake/vtk-7.1/VTKTargets.cmake"
but not all the files it references.

-- OpenNI found (include: /usr/include/ni, lib: /usr/lib/libOpenNI.so)
-- OpenNI2 found (include: /usr/include/openni2, lib: /usr/lib/libOpenNI2.so)
-- OpenNI found (include: /usr/include/ni, lib: /usr/lib/libOpenNI.so)
-- OpenNI2 found (include: /usr/include/openni2, lib: /usr/lib/libOpenNI2.so)
-- QHULL found (include: /usr/include, lib: optimized;/usr/lib/x86_64-linux-gnu/libqhull.so;debug;/usr/lib/x86_64-linux-gnu/libqhull.so)
-- OpenNI found (include: /usr/include/ni, lib: /usr/lib/libOpenNI.so)
-- looking for PCL_COMMON
-- looking for PCL_KDTREE
-- looking for PCL_OCTREE
-- looking for PCL_SEARCH
-- looking for PCL_SAMPLE_CONSENSUS
-- looking for PCL_FILTERS
-- looking for PCL_2D
-- looking for PCL_GEOMETRY
-- looking for PCL_IO
-- looking for PCL_FEATURES
-- looking for PCL_ML
-- looking for PCL_SEGMENTATION
-- looking for PCL_VISUALIZATION
-- looking for PCL_SURFACE
-- looking for PCL_REGISTRATION
-- looking for PCL_KEYPOINTS
-- looking for PCL_TRACKING
-- looking for PCL_RECOGNITION
-- looking for PCL_STEREO
-- looking for PCL_APPS
-- looking for PCL_IN_HAND_SCANNER
-- looking for PCL_POINT_CLOUD_EDITOR
-- looking for PCL_OUTOFCORE
-- looking for PCL_PEOPLE
-- Found Boost: /usr/include (found suitable version "1.71.0", minimum required is "1.43") found components: serialization system filesystem thread program_options date_time timer chrono regex atomic 
-- GTSAM include directory:  /usr/lib/cmake/GTSAM/../../../include
-- Found Eigen: /usr/include/eigen3 (Required is at least version "3.4.0") 
-- Eigen found (include: /usr/include/eigen3, version: 3.3.7)
-- Found PythonInterp: /usr/bin/python3 (found version "3.8.10") 
-- Found ament_cmake_ros: 0.9.2 (/opt/ros/foxy/share/ament_cmake_ros/cmake)
-- Using all available rosidl_typesupport_c: rosidl_typesupport_fastrtps_c;rosidl_typesupport_introspection_c
-- Using all available rosidl_typesupport_cpp: rosidl_typesupport_fastrtps_cpp;rosidl_typesupport_introspection_cpp
-- Found PythonInterp: /usr/bin/python3 (found suitable version "3.8.10", minimum required is "3.5") 
-- Found python_cmake_module: 0.8.1 (/opt/ros/foxy/share/python_cmake_module/cmake)
-- Using PYTHON_EXECUTABLE: /usr/bin/python3
-- Using PYTHON_INCLUDE_DIRS: /usr/include/python3.8
-- Using PYTHON_LIBRARIES: /usr/lib/x86_64-linux-gnu/libpython3.8.so
-- Found ament_lint_auto: 0.9.8 (/opt/ros/foxy/share/ament_lint_auto/cmake)
-- Added test 'copyright' to check source files copyright and LICENSE
-- Added test 'cppcheck' to perform static code analysis on C / C++ code
-- Configured cppcheck include dirs: /home/korey/Desktop/lio-sam_simulation_navigation/src/LIO-SAM/include/lio_sam
-- Configured cppcheck exclude dirs and/or files: 
-- Added test 'cpplint' to check C / C++ code against the Google style
-- Configured cpplint exclude dirs and/or files: 
-- Added test 'flake8' to check Python code syntax and style conventions
-- Added test 'lint_cmake' to check CMake code style
-- Added test 'pep257' to check Python code against some of the style conventions in PEP 257
-- Added test 'uncrustify' to check C / C++ code style
-- Configured uncrustify additional arguments: 
-- Added test 'xmllint' to check XML markup files
-- Configuring done
-- Generating done
-- Build files have been written to: /home/korey/Desktop/lio-sam_simulation_navigation/build/lio_sam
Scanning dependencies of target lio_sam__cpp
Scanning dependencies of target lio_sam__rosidl_generator_c
[  2%] Built target lio_sam__cpp
[  4%] Building C object CMakeFiles/lio_sam__rosidl_generator_c.dir/rosidl_generator_c/lio_sam/msg/detail/cloud_info__functions.c.o
[  6%] Building C object CMakeFiles/lio_sam__rosidl_generator_c.dir/rosidl_generator_c/lio_sam/srv/detail/save_map__functions.c.o
Scanning dependencies of target lio_sam__rosidl_typesupport_cpp
Scanning dependencies of target lio_sam__rosidl_typesupport_introspection_cpp
Scanning dependencies of target lio_sam__rosidl_typesupport_fastrtps_cpp
[ 10%] Building CXX object CMakeFiles/lio_sam__rosidl_typesupport_introspection_cpp.dir/rosidl_typesupport_introspection_cpp/lio_sam/srv/detail/save_map__type_support.cpp.o
[ 10%] Building CXX object CMakeFiles/lio_sam__rosidl_typesupport_introspection_cpp.dir/rosidl_typesupport_introspection_cpp/lio_sam/msg/detail/cloud_info__type_support.cpp.o
[ 12%] Building CXX object CMakeFiles/lio_sam__rosidl_typesupport_cpp.dir/rosidl_typesupport_cpp/lio_sam/msg/cloud_info__type_support.cpp.o
[ 14%] Building CXX object CMakeFiles/lio_sam__rosidl_typesupport_cpp.dir/rosidl_typesupport_cpp/lio_sam/srv/save_map__type_support.cpp.o
[ 17%] Building CXX object CMakeFiles/lio_sam__rosidl_typesupport_fastrtps_cpp.dir/rosidl_typesupport_fastrtps_cpp/lio_sam/msg/detail/dds_fastrtps/cloud_info__type_support.cpp.o
[ 19%] Building CXX object CMakeFiles/lio_sam__rosidl_typesupport_fastrtps_cpp.dir/rosidl_typesupport_fastrtps_cpp/lio_sam/srv/detail/dds_fastrtps/save_map__type_support.cpp.o
[ 21%] Linking C shared library liblio_sam__rosidl_generator_c.so
[ 23%] Built target lio_sam__rosidl_generator_c
Scanning dependencies of target lio_sam__rosidl_typesupport_c
Scanning dependencies of target lio_sam__rosidl_typesupport_introspection_c
[ 25%] Building CXX object CMakeFiles/lio_sam__rosidl_typesupport_c.dir/rosidl_typesupport_c/lio_sam/srv/save_map__type_support.cpp.o
[ 27%] Building CXX object CMakeFiles/lio_sam__rosidl_typesupport_c.dir/rosidl_typesupport_c/lio_sam/msg/cloud_info__type_support.cpp.o
[ 29%] Building C object CMakeFiles/lio_sam__rosidl_typesupport_introspection_c.dir/rosidl_typesupport_introspection_c/lio_sam/srv/detail/save_map__type_support.c.o
[ 31%] Building C object CMakeFiles/lio_sam__rosidl_typesupport_introspection_c.dir/rosidl_typesupport_introspection_c/lio_sam/msg/detail/cloud_info__type_support.c.o
[ 34%] Linking CXX shared library liblio_sam__rosidl_typesupport_c.so
[ 36%] Linking CXX shared library liblio_sam__rosidl_typesupport_cpp.so
[ 38%] Linking C shared library liblio_sam__rosidl_typesupport_introspection_c.so
[ 40%] Built target lio_sam__rosidl_typesupport_c
[ 42%] Built target lio_sam__rosidl_typesupport_introspection_c
[ 44%] Built target lio_sam__rosidl_typesupport_cpp
[ 46%] Linking CXX shared library liblio_sam__rosidl_typesupport_introspection_cpp.so
[ 48%] Linking CXX shared library liblio_sam__rosidl_typesupport_fastrtps_cpp.so
[ 51%] Built target lio_sam__rosidl_typesupport_introspection_cpp
[ 53%] Built target lio_sam__rosidl_typesupport_fastrtps_cpp
Scanning dependencies of target lio_sam__rosidl_typesupport_fastrtps_c
[ 55%] Building CXX object CMakeFiles/lio_sam__rosidl_typesupport_fastrtps_c.dir/rosidl_typesupport_fastrtps_c/lio_sam/msg/detail/cloud_info__type_support_c.cpp.o
[ 57%] Building CXX object CMakeFiles/lio_sam__rosidl_typesupport_fastrtps_c.dir/rosidl_typesupport_fastrtps_c/lio_sam/srv/detail/save_map__type_support_c.cpp.o
[ 59%] Linking CXX shared library liblio_sam__rosidl_typesupport_fastrtps_c.so
[ 61%] Built target lio_sam__rosidl_typesupport_fastrtps_c
Scanning dependencies of target lio_sam
[ 61%] Built target lio_sam
Scanning dependencies of target lio_sam__py
[ 63%] Built target lio_sam__py
Scanning dependencies of target lio_sam__python
[ 65%] Building C object CMakeFiles/lio_sam__python.dir/rosidl_generator_py/lio_sam/msg/_cloud_info_s.c.o
[ 68%] Building C object CMakeFiles/lio_sam__python.dir/rosidl_generator_py/lio_sam/srv/_save_map_s.c.o
Scanning dependencies of target lio_sam_imuPreintegration
Scanning dependencies of target lio_sam_imageProjection
Scanning dependencies of target lio_sam_featureExtraction
Scanning dependencies of target lio_sam_mapOptimization
[ 70%] Building CXX object CMakeFiles/lio_sam_featureExtraction.dir/src/featureExtraction.cpp.o
[ 72%] Building CXX object CMakeFiles/lio_sam_imuPreintegration.dir/src/imuPreintegration.cpp.o
[ 74%] Building CXX object CMakeFiles/lio_sam_imageProjection.dir/src/imageProjection.cpp.o
[ 76%] Building CXX object CMakeFiles/lio_sam_mapOptimization.dir/src/mapOptmization.cpp.o
[ 78%] Linking C shared library rosidl_generator_py/lio_sam/liblio_sam__python.so
[ 78%] Built target lio_sam__python
Scanning dependencies of target lio_sam__rosidl_typesupport_introspection_c__pyext
Scanning dependencies of target lio_sam__rosidl_typesupport_c__pyext
Scanning dependencies of target lio_sam__rosidl_typesupport_fastrtps_c__pyext
[ 80%] Building C object CMakeFiles/lio_sam__rosidl_typesupport_introspection_c__pyext.dir/rosidl_generator_py/lio_sam/_lio_sam_s.ep.rosidl_typesupport_introspection_c.c.o
[ 82%] Building C object CMakeFiles/lio_sam__rosidl_typesupport_c__pyext.dir/rosidl_generator_py/lio_sam/_lio_sam_s.ep.rosidl_typesupport_c.c.o
[ 85%] Building C object CMakeFiles/lio_sam__rosidl_typesupport_fastrtps_c__pyext.dir/rosidl_generator_py/lio_sam/_lio_sam_s.ep.rosidl_typesupport_fastrtps_c.c.o
[ 89%] Linking C shared library rosidl_generator_py/lio_sam/lio_sam_s__rosidl_typesupport_introspection_c.cpython-38-x86_64-linux-gnu.so
[ 89%] Linking C shared library rosidl_generator_py/lio_sam/lio_sam_s__rosidl_typesupport_c.cpython-38-x86_64-linux-gnu.so
[ 91%] Linking CXX shared library rosidl_generator_py/lio_sam/lio_sam_s__rosidl_typesupport_fastrtps_c.cpython-38-x86_64-linux-gnu.so
[ 91%] Built target lio_sam__rosidl_typesupport_introspection_c__pyext
[ 91%] Built target lio_sam__rosidl_typesupport_c__pyext
[ 91%] Built target lio_sam__rosidl_typesupport_fastrtps_c__pyext
[ 93%] Linking CXX executable lio_sam_featureExtraction
[ 93%] Built target lio_sam_featureExtraction
[ 95%] Linking CXX executable lio_sam_imageProjection
[ 95%] Built target lio_sam_imageProjection
[ 97%] Linking CXX executable lio_sam_imuPreintegration
[ 97%] Built target lio_sam_imuPreintegration
[100%] Linking CXX executable lio_sam_mapOptimization
[100%] Built target lio_sam_mapOptimization
-- Install configuration: "Release"
-- Execute custom install script
-- Symlinking: /home/korey/Desktop/lio-sam_simulation_navigation/install/lio_sam/share/ament_index/resource_index/rosidl_interfaces/lio_sam
-- Symlinking: /home/korey/Desktop/lio-sam_simulation_navigation/install/lio_sam/include/lio_sam/msg/cloud_info.h
-- Symlinking: /home/korey/Desktop/lio-sam_simulation_navigation/install/lio_sam/include/lio_sam/msg/detail/cloud_info__functions.h
-- Symlinking: /home/korey/Desktop/lio-sam_simulation_navigation/install/lio_sam/include/lio_sam/msg/detail/cloud_info__struct.h
-- Symlinking: /home/korey/Desktop/lio-sam_simulation_navigation/install/lio_sam/include/lio_sam/msg/detail/cloud_info__type_support.h
-- Symlinking: /home/korey/Desktop/lio-sam_simulation_navigation/install/lio_sam/include/lio_sam/msg/rosidl_generator_c__visibility_control.h
-- Symlinking: /home/korey/Desktop/lio-sam_simulation_navigation/install/lio_sam/include/lio_sam/srv/detail/save_map__functions.h
-- Symlinking: /home/korey/Desktop/lio-sam_simulation_navigation/install/lio_sam/include/lio_sam/srv/detail/save_map__struct.h
-- Symlinking: /home/korey/Desktop/lio-sam_simulation_navigation/install/lio_sam/include/lio_sam/srv/detail/save_map__type_support.h
-- Symlinking: /home/korey/Desktop/lio-sam_simulation_navigation/install/lio_sam/include/lio_sam/srv/save_map.h
-- Symlinking: /home/korey/Desktop/lio-sam_simulation_navigation/install/lio_sam/share/lio_sam/environment/library_path.sh
-- Symlinking: /home/korey/Desktop/lio-sam_simulation_navigation/install/lio_sam/share/lio_sam/environment/library_path.dsv
-- Symlinking: /home/korey/Desktop/lio-sam_simulation_navigation/install/lio_sam/include/lio_sam/msg/detail/cloud_info__rosidl_typesupport_fastrtps_c.h
-- Symlinking: /home/korey/Desktop/lio-sam_simulation_navigation/install/lio_sam/include/lio_sam/msg/rosidl_typesupport_fastrtps_c__visibility_control.h
-- Symlinking: /home/korey/Desktop/lio-sam_simulation_navigation/install/lio_sam/include/lio_sam/srv/detail/save_map__rosidl_typesupport_fastrtps_c.h
-- Symlinking: /home/korey/Desktop/lio-sam_simulation_navigation/install/lio_sam/lib/liblio_sam__rosidl_typesupport_fastrtps_c.so
-- Symlinking: /home/korey/Desktop/lio-sam_simulation_navigation/install/lio_sam/include/lio_sam/msg/detail/cloud_info__rosidl_typesupport_fastrtps_cpp.hpp
-- Symlinking: /home/korey/Desktop/lio-sam_simulation_navigation/install/lio_sam/include/lio_sam/msg/rosidl_typesupport_fastrtps_cpp__visibility_control.h
-- Symlinking: /home/korey/Desktop/lio-sam_simulation_navigation/install/lio_sam/include/lio_sam/srv/detail/save_map__rosidl_typesupport_fastrtps_cpp.hpp
-- Symlinking: /home/korey/Desktop/lio-sam_simulation_navigation/install/lio_sam/lib/liblio_sam__rosidl_typesupport_fastrtps_cpp.so
-- Symlinking: /home/korey/Desktop/lio-sam_simulation_navigation/install/lio_sam/include/lio_sam/msg/detail/cloud_info__rosidl_typesupport_introspection_c.h
-- Symlinking: /home/korey/Desktop/lio-sam_simulation_navigation/install/lio_sam/include/lio_sam/msg/rosidl_typesupport_introspection_c__visibility_control.h
-- Symlinking: /home/korey/Desktop/lio-sam_simulation_navigation/install/lio_sam/include/lio_sam/srv/detail/save_map__rosidl_typesupport_introspection_c.h
-- Symlinking: /home/korey/Desktop/lio-sam_simulation_navigation/install/lio_sam/include/lio_sam/msg/cloud_info.hpp
-- Symlinking: /home/korey/Desktop/lio-sam_simulation_navigation/install/lio_sam/include/lio_sam/msg/detail/cloud_info__builder.hpp
-- Symlinking: /home/korey/Desktop/lio-sam_simulation_navigation/install/lio_sam/include/lio_sam/msg/detail/cloud_info__struct.hpp
-- Symlinking: /home/korey/Desktop/lio-sam_simulation_navigation/install/lio_sam/include/lio_sam/msg/detail/cloud_info__traits.hpp
-- Symlinking: /home/korey/Desktop/lio-sam_simulation_navigation/install/lio_sam/include/lio_sam/msg/detail/cloud_info__type_support.hpp
-- Symlinking: /home/korey/Desktop/lio-sam_simulation_navigation/install/lio_sam/include/lio_sam/msg/rosidl_generator_cpp__visibility_control.hpp
-- Symlinking: /home/korey/Desktop/lio-sam_simulation_navigation/install/lio_sam/include/lio_sam/srv/detail/save_map__builder.hpp
-- Symlinking: /home/korey/Desktop/lio-sam_simulation_navigation/install/lio_sam/include/lio_sam/srv/detail/save_map__struct.hpp
-- Symlinking: /home/korey/Desktop/lio-sam_simulation_navigation/install/lio_sam/include/lio_sam/srv/detail/save_map__traits.hpp
-- Symlinking: /home/korey/Desktop/lio-sam_simulation_navigation/install/lio_sam/include/lio_sam/srv/detail/save_map__type_support.hpp
-- Symlinking: /home/korey/Desktop/lio-sam_simulation_navigation/install/lio_sam/include/lio_sam/srv/save_map.hpp
-- Symlinking: /home/korey/Desktop/lio-sam_simulation_navigation/install/lio_sam/include/lio_sam/msg/detail/cloud_info__rosidl_typesupport_introspection_cpp.hpp
-- Symlinking: /home/korey/Desktop/lio-sam_simulation_navigation/install/lio_sam/include/lio_sam/srv/detail/save_map__rosidl_typesupport_introspection_cpp.hpp
-- Symlinking: /home/korey/Desktop/lio-sam_simulation_navigation/install/lio_sam/share/lio_sam/environment/pythonpath.sh
-- Symlinking: /home/korey/Desktop/lio-sam_simulation_navigation/install/lio_sam/share/lio_sam/environment/pythonpath.dsv
-- Symlinking: /home/korey/Desktop/lio-sam_simulation_navigation/install/lio_sam/lib/python3.8/site-packages/lio_sam/__init__.py
-- Symlinking: /home/korey/Desktop/lio-sam_simulation_navigation/install/lio_sam/lib/python3.8/site-packages/lio_sam/msg/__init__.py
-- Symlinking: /home/korey/Desktop/lio-sam_simulation_navigation/install/lio_sam/lib/python3.8/site-packages/lio_sam/msg/_cloud_info.py
-- Symlinking: /home/korey/Desktop/lio-sam_simulation_navigation/install/lio_sam/lib/python3.8/site-packages/lio_sam/srv/__init__.py
-- Symlinking: /home/korey/Desktop/lio-sam_simulation_navigation/install/lio_sam/lib/python3.8/site-packages/lio_sam/srv/_save_map.py
-- Symlinking: /home/korey/Desktop/lio-sam_simulation_navigation/install/lio_sam/lib/python3.8/site-packages/lio_sam/lio_sam_s__rosidl_typesupport_fastrtps_c.cpython-38-x86_64-linux-gnu.so
-- Symlinking: /home/korey/Desktop/lio-sam_simulation_navigation/install/lio_sam/lib/python3.8/site-packages/lio_sam/lio_sam_s__rosidl_typesupport_introspection_c.cpython-38-x86_64-linux-gnu.so
-- Symlinking: /home/korey/Desktop/lio-sam_simulation_navigation/install/lio_sam/lib/python3.8/site-packages/lio_sam/lio_sam_s__rosidl_typesupport_c.cpython-38-x86_64-linux-gnu.so
-- Symlinking: /home/korey/Desktop/lio-sam_simulation_navigation/install/lio_sam/lib/liblio_sam__python.so
-- Symlinking: /home/korey/Desktop/lio-sam_simulation_navigation/install/lio_sam/share/lio_sam/msg/CloudInfo.idl
-- Symlinking: /home/korey/Desktop/lio-sam_simulation_navigation/install/lio_sam/share/lio_sam/srv/SaveMap.idl
-- Symlinking: /home/korey/Desktop/lio-sam_simulation_navigation/install/lio_sam/share/lio_sam/msg/CloudInfo.msg
-- Symlinking: /home/korey/Desktop/lio-sam_simulation_navigation/install/lio_sam/share/lio_sam/srv/SaveMap.srv
-- Symlinking: /home/korey/Desktop/lio-sam_simulation_navigation/install/lio_sam/share/lio_sam/srv/SaveMap_Request.msg
-- Symlinking: /home/korey/Desktop/lio-sam_simulation_navigation/install/lio_sam/share/lio_sam/srv/SaveMap_Response.msg
-- Symlinking: /home/korey/Desktop/lio-sam_simulation_navigation/install/lio_sam/share/lio_sam//launch/__pycache__/run.launch.cpython-313.pyc
-- Symlinking: /home/korey/Desktop/lio-sam_simulation_navigation/install/lio_sam/share/lio_sam//launch/run.launch.py
-- Symlinking: /home/korey/Desktop/lio-sam_simulation_navigation/install/lio_sam/share/lio_sam//config/doc/demo.gif
-- Symlinking: /home/korey/Desktop/lio-sam_simulation_navigation/install/lio_sam/share/lio_sam//config/doc/device-boat.png
-- Symlinking: /home/korey/Desktop/lio-sam_simulation_navigation/install/lio_sam/share/lio_sam//config/doc/device-hand-2.png
-- Symlinking: /home/korey/Desktop/lio-sam_simulation_navigation/install/lio_sam/share/lio_sam//config/doc/device-hand.png
-- Symlinking: /home/korey/Desktop/lio-sam_simulation_navigation/install/lio_sam/share/lio_sam//config/doc/device-jackal.png
-- Symlinking: /home/korey/Desktop/lio-sam_simulation_navigation/install/lio_sam/share/lio_sam//config/doc/gps-demo.gif
-- Symlinking: /home/korey/Desktop/lio-sam_simulation_navigation/install/lio_sam/share/lio_sam//config/doc/imu-debug.gif
-- Symlinking: /home/korey/Desktop/lio-sam_simulation_navigation/install/lio_sam/share/lio_sam//config/doc/imu-transform.png
-- Symlinking: /home/korey/Desktop/lio-sam_simulation_navigation/install/lio_sam/share/lio_sam//config/doc/kitti-demo.gif
-- Symlinking: /home/korey/Desktop/lio-sam_simulation_navigation/install/lio_sam/share/lio_sam//config/doc/kitti-map.png
-- Symlinking: /home/korey/Desktop/lio-sam_simulation_navigation/install/lio_sam/share/lio_sam//config/doc/kitti2bag/README.md
-- Symlinking: /home/korey/Desktop/lio-sam_simulation_navigation/install/lio_sam/share/lio_sam//config/doc/kitti2bag/kitti2bag.py
-- Symlinking: /home/korey/Desktop/lio-sam_simulation_navigation/install/lio_sam/share/lio_sam//config/doc/loop-closure-2.gif
-- Symlinking: /home/korey/Desktop/lio-sam_simulation_navigation/install/lio_sam/share/lio_sam//config/doc/loop-closure.gif
-- Symlinking: /home/korey/Desktop/lio-sam_simulation_navigation/install/lio_sam/share/lio_sam//config/doc/ouster-demo.gif
-- Symlinking: /home/korey/Desktop/lio-sam_simulation_navigation/install/lio_sam/share/lio_sam//config/doc/ouster-device.jpg
-- Symlinking: /home/korey/Desktop/lio-sam_simulation_navigation/install/lio_sam/share/lio_sam//config/doc/paper.pdf
-- Symlinking: /home/korey/Desktop/lio-sam_simulation_navigation/install/lio_sam/share/lio_sam//config/doc/system.png
-- Symlinking: /home/korey/Desktop/lio-sam_simulation_navigation/install/lio_sam/share/lio_sam//config/params.yaml
-- Symlinking: /home/korey/Desktop/lio-sam_simulation_navigation/install/lio_sam/share/lio_sam//config/robot.urdf.xacro
-- Symlinking: /home/korey/Desktop/lio-sam_simulation_navigation/install/lio_sam/share/lio_sam//config/rviz2.rviz
-- Symlinking: /home/korey/Desktop/lio-sam_simulation_navigation/install/lio_sam/lib/lio_sam/lio_sam_imageProjection
-- Symlinking: /home/korey/Desktop/lio-sam_simulation_navigation/install/lio_sam/lib/lio_sam/lio_sam_imuPreintegration
-- Symlinking: /home/korey/Desktop/lio-sam_simulation_navigation/install/lio_sam/lib/lio_sam/lio_sam_featureExtraction
-- Symlinking: /home/korey/Desktop/lio-sam_simulation_navigation/install/lio_sam/lib/lio_sam/lio_sam_mapOptimization
-- Symlinking: /home/korey/Desktop/lio-sam_simulation_navigation/install/lio_sam/include/lio_sam/utility.hpp
-- Symlinking: /home/korey/Desktop/lio-sam_simulation_navigation/install/lio_sam/share/ament_index/resource_index/package_run_dependencies/lio_sam
-- Symlinking: /home/korey/Desktop/lio-sam_simulation_navigation/install/lio_sam/share/ament_index/resource_index/parent_prefix_path/lio_sam
-- Symlinking: /home/korey/Desktop/lio-sam_simulation_navigation/install/lio_sam/share/lio_sam/environment/ament_prefix_path.sh
-- Symlinking: /home/korey/Desktop/lio-sam_simulation_navigation/install/lio_sam/share/lio_sam/environment/ament_prefix_path.dsv
-- Symlinking: /home/korey/Desktop/lio-sam_simulation_navigation/install/lio_sam/share/lio_sam/environment/path.sh
-- Symlinking: /home/korey/Desktop/lio-sam_simulation_navigation/install/lio_sam/share/lio_sam/environment/path.dsv
-- Symlinking: /home/korey/Desktop/lio-sam_simulation_navigation/install/lio_sam/share/lio_sam/local_setup.bash
-- Symlinking: /home/korey/Desktop/lio-sam_simulation_navigation/install/lio_sam/share/lio_sam/local_setup.sh
-- Symlinking: /home/korey/Desktop/lio-sam_simulation_navigation/install/lio_sam/share/lio_sam/local_setup.zsh
-- Symlinking: /home/korey/Desktop/lio-sam_simulation_navigation/install/lio_sam/share/lio_sam/local_setup.dsv
-- Symlinking: /home/korey/Desktop/lio-sam_simulation_navigation/install/lio_sam/share/lio_sam/package.dsv
-- Symlinking: /home/korey/Desktop/lio-sam_simulation_navigation/install/lio_sam/share/ament_index/resource_index/packages/lio_sam
-- Symlinking: /home/korey/Desktop/lio-sam_simulation_navigation/install/lio_sam/share/lio_sam/cmake/rosidl_cmake-extras.cmake
-- Symlinking: /home/korey/Desktop/lio-sam_simulation_navigation/install/lio_sam/share/lio_sam/cmake/ament_cmake_export_dependencies-extras.cmake
-- Symlinking: /home/korey/Desktop/lio-sam_simulation_navigation/install/lio_sam/share/lio_sam/cmake/ament_cmake_export_libraries-extras.cmake
-- Symlinking: /home/korey/Desktop/lio-sam_simulation_navigation/install/lio_sam/share/lio_sam/cmake/ament_cmake_export_targets-extras.cmake
-- Symlinking: /home/korey/Desktop/lio-sam_simulation_navigation/install/lio_sam/share/lio_sam/cmake/ament_cmake_export_include_directories-extras.cmake
-- Symlinking: /home/korey/Desktop/lio-sam_simulation_navigation/install/lio_sam/share/lio_sam/cmake/rosidl_cmake_export_typesupport_libraries-extras.cmake
-- Symlinking: /home/korey/Desktop/lio-sam_simulation_navigation/install/lio_sam/share/lio_sam/cmake/rosidl_cmake_export_typesupport_targets-extras.cmake
-- Symlinking: /home/korey/Desktop/lio-sam_simulation_navigation/install/lio_sam/share/lio_sam/cmake/lio_samConfig.cmake
-- Symlinking: /home/korey/Desktop/lio-sam_simulation_navigation/install/lio_sam/share/lio_sam/cmake/lio_samConfig-version.cmake
-- Symlinking: /home/korey/Desktop/lio-sam_simulation_navigation/install/lio_sam/share/lio_sam/package.xml
-- Installing: /home/korey/Desktop/lio-sam_simulation_navigation/install/lio_sam/lib/liblio_sam__rosidl_generator_c.so
-- Set runtime path of "/home/korey/Desktop/lio-sam_simulation_navigation/install/lio_sam/lib/liblio_sam__rosidl_generator_c.so" to ""
-- Installing: /home/korey/Desktop/lio-sam_simulation_navigation/install/lio_sam/lib/liblio_sam__rosidl_typesupport_introspection_c.so
-- Set runtime path of "/home/korey/Desktop/lio-sam_simulation_navigation/install/lio_sam/lib/liblio_sam__rosidl_typesupport_introspection_c.so" to ""
-- Installing: /home/korey/Desktop/lio-sam_simulation_navigation/install/lio_sam/lib/liblio_sam__rosidl_typesupport_c.so
-- Set runtime path of "/home/korey/Desktop/lio-sam_simulation_navigation/install/lio_sam/lib/liblio_sam__rosidl_typesupport_c.so" to ""
-- Installing: /home/korey/Desktop/lio-sam_simulation_navigation/install/lio_sam/lib/liblio_sam__rosidl_typesupport_introspection_cpp.so
-- Set runtime path of "/home/korey/Desktop/lio-sam_simulation_navigation/install/lio_sam/lib/liblio_sam__rosidl_typesupport_introspection_cpp.so" to ""
-- Installing: /home/korey/Desktop/lio-sam_simulation_navigation/install/lio_sam/lib/liblio_sam__rosidl_typesupport_cpp.so
-- Set runtime path of "/home/korey/Desktop/lio-sam_simulation_navigation/install/lio_sam/lib/liblio_sam__rosidl_typesupport_cpp.so" to ""
Compiling '/home/korey/Desktop/lio-sam_simulation_navigation/install/lio_sam/lib/python3.8/site-packages/lio_sam/__init__.py'...
-- Old export file "/home/korey/Desktop/lio-sam_simulation_navigation/install/lio_sam/share/lio_sam/cmake/lio_sam__rosidl_generator_cExport.cmake" will be replaced.  Removing files [/home/korey/Desktop/lio-sam_simulation_navigation/install/lio_sam/share/lio_sam/cmake/lio_sam__rosidl_generator_cExport-release.cmake].
-- Installing: /home/korey/Desktop/lio-sam_simulation_navigation/install/lio_sam/share/lio_sam/cmake/lio_sam__rosidl_generator_cExport.cmake
-- Installing: /home/korey/Desktop/lio-sam_simulation_navigation/install/lio_sam/share/lio_sam/cmake/lio_sam__rosidl_generator_cExport-release.cmake
-- Old export file "/home/korey/Desktop/lio-sam_simulation_navigation/install/lio_sam/share/lio_sam/cmake/lio_sam__rosidl_typesupport_introspection_cExport.cmake" will be replaced.  Removing files [/home/korey/Desktop/lio-sam_simulation_navigation/install/lio_sam/share/lio_sam/cmake/lio_sam__rosidl_typesupport_introspection_cExport-release.cmake].
-- Installing: /home/korey/Desktop/lio-sam_simulation_navigation/install/lio_sam/share/lio_sam/cmake/lio_sam__rosidl_typesupport_introspection_cExport.cmake
-- Installing: /home/korey/Desktop/lio-sam_simulation_navigation/install/lio_sam/share/lio_sam/cmake/lio_sam__rosidl_typesupport_introspection_cExport-release.cmake
-- Old export file "/home/korey/Desktop/lio-sam_simulation_navigation/install/lio_sam/share/lio_sam/cmake/lio_sam__rosidl_typesupport_cExport.cmake" will be replaced.  Removing files [/home/korey/Desktop/lio-sam_simulation_navigation/install/lio_sam/share/lio_sam/cmake/lio_sam__rosidl_typesupport_cExport-release.cmake].
-- Installing: /home/korey/Desktop/lio-sam_simulation_navigation/install/lio_sam/share/lio_sam/cmake/lio_sam__rosidl_typesupport_cExport.cmake
-- Installing: /home/korey/Desktop/lio-sam_simulation_navigation/install/lio_sam/share/lio_sam/cmake/lio_sam__rosidl_typesupport_cExport-release.cmake
-- Installing: /home/korey/Desktop/lio-sam_simulation_navigation/install/lio_sam/share/lio_sam/cmake/lio_sam__rosidl_generator_cppExport.cmake
-- Old export file "/home/korey/Desktop/lio-sam_simulation_navigation/install/lio_sam/share/lio_sam/cmake/lio_sam__rosidl_typesupport_introspection_cppExport.cmake" will be replaced.  Removing files [/home/korey/Desktop/lio-sam_simulation_navigation/install/lio_sam/share/lio_sam/cmake/lio_sam__rosidl_typesupport_introspection_cppExport-release.cmake].
-- Installing: /home/korey/Desktop/lio-sam_simulation_navigation/install/lio_sam/share/lio_sam/cmake/lio_sam__rosidl_typesupport_introspection_cppExport.cmake
-- Installing: /home/korey/Desktop/lio-sam_simulation_navigation/install/lio_sam/share/lio_sam/cmake/lio_sam__rosidl_typesupport_introspection_cppExport-release.cmake
-- Old export file "/home/korey/Desktop/lio-sam_simulation_navigation/install/lio_sam/share/lio_sam/cmake/lio_sam__rosidl_typesupport_cppExport.cmake" will be replaced.  Removing files [/home/korey/Desktop/lio-sam_simulation_navigation/install/lio_sam/share/lio_sam/cmake/lio_sam__rosidl_typesupport_cppExport-release.cmake].
-- Installing: /home/korey/Desktop/lio-sam_simulation_navigation/install/lio_sam/share/lio_sam/cmake/lio_sam__rosidl_typesupport_cppExport.cmake
-- Installing: /home/korey/Desktop/lio-sam_simulation_navigation/install/lio_sam/share/lio_sam/cmake/lio_sam__rosidl_typesupport_cppExport-release.cmake
