[0.171s] DEBUG:colcon:Command line arguments: ['/usr/bin/colcon', 'build']
[0.171s] DEBUG:colcon:Parsed command line arguments: Namespace(allow_overriding=[], ament_cmake_args=None, base_paths=['.'], build_base='build', catkin_cmake_args=None, catkin_skip_building_tests=False, cmake_args=None, cmake_clean_cache=False, cmake_clean_first=False, cmake_force_configure=False, cmake_target=None, cmake_target_skip_unavailable=False, continue_on_error=False, event_handlers=None, executor='parallel', ignore_user_meta=False, install_base='install', log_base=None, log_level=None, main=<bound method BuildVerb.main of <colcon_core.verb.build.BuildVerb object at 0x7f0ac5002070>>, merge_install=False, metas=['./colcon.meta'], packages_above=None, packages_above_and_dependencies=None, packages_above_depth=None, packages_end=None, packages_ignore=None, packages_ignore_regex=None, packages_select=None, packages_select_build_failed=False, packages_select_by_dep=None, packages_select_regex=None, packages_select_test_failures=False, packages_skip=None, packages_skip_build_finished=False, packages_skip_by_dep=None, packages_skip_regex=None, packages_skip_test_passed=False, packages_skip_up_to=None, packages_start=None, packages_up_to=None, packages_up_to_regex=None, parallel_workers=12, paths=None, symlink_install=False, test_result_base=None, verb_extension=<colcon_core.verb.build.BuildVerb object at 0x7f0ac5002070>, verb_name='build', verb_parser=<colcon_defaults.argument_parser.defaults.DefaultArgumentsDecorator object at 0x7f0ac4eb9310>)
[0.205s] Level 1:colcon.colcon_core.package_discovery:discover_packages(colcon_meta) check parameters
[0.206s] Level 1:colcon.colcon_core.package_discovery:discover_packages(recursive) check parameters
[0.206s] Level 1:colcon.colcon_core.package_discovery:discover_packages(ignore) check parameters
[0.206s] Level 1:colcon.colcon_core.package_discovery:discover_packages(path) check parameters
[0.206s] Level 1:colcon.colcon_core.package_discovery:discover_packages(colcon_meta) discover
[0.206s] Level 1:colcon.colcon_core.package_discovery:discover_packages(recursive) discover
[0.206s] INFO:colcon.colcon_core.package_discovery:Crawling recursively for packages in '/home/korey/Desktop/lio_nav2'
[0.206s] Level 1:colcon.colcon_core.package_identification:_identify(.) by extensions ['ignore', 'ignore_ament_install']
[0.206s] Level 1:colcon.colcon_core.package_identification:_identify(.) by extension 'ignore'
[0.206s] Level 1:colcon.colcon_core.package_identification:_identify(.) by extension 'ignore_ament_install'
[0.206s] Level 1:colcon.colcon_core.package_identification:_identify(.) by extensions ['colcon_pkg']
[0.206s] Level 1:colcon.colcon_core.package_identification:_identify(.) by extension 'colcon_pkg'
[0.206s] Level 1:colcon.colcon_core.package_identification:_identify(.) by extensions ['colcon_meta']
[0.206s] Level 1:colcon.colcon_core.package_identification:_identify(.) by extension 'colcon_meta'
[0.206s] Level 1:colcon.colcon_core.package_identification:_identify(.) by extensions ['ros']
[0.206s] Level 1:colcon.colcon_core.package_identification:_identify(.) by extension 'ros'
[0.217s] Level 1:colcon.colcon_core.package_identification:_identify(.) by extensions ['cmake', 'python']
[0.217s] Level 1:colcon.colcon_core.package_identification:_identify(.) by extension 'cmake'
[0.218s] Level 1:colcon.colcon_core.package_identification:_identify(.) by extension 'python'
[0.218s] Level 1:colcon.colcon_core.package_identification:_identify(.) by extensions ['python_setup_py']
[0.218s] Level 1:colcon.colcon_core.package_identification:_identify(.) by extension 'python_setup_py'
[0.218s] Level 1:colcon.colcon_core.package_identification:_identify(build) by extensions ['ignore', 'ignore_ament_install']
[0.218s] Level 1:colcon.colcon_core.package_identification:_identify(build) by extension 'ignore'
[0.218s] Level 1:colcon.colcon_core.package_identification:_identify(build) ignored
[0.218s] Level 1:colcon.colcon_core.package_identification:_identify(docs) by extensions ['ignore', 'ignore_ament_install']
[0.218s] Level 1:colcon.colcon_core.package_identification:_identify(docs) by extension 'ignore'
[0.218s] Level 1:colcon.colcon_core.package_identification:_identify(docs) by extension 'ignore_ament_install'
[0.218s] Level 1:colcon.colcon_core.package_identification:_identify(docs) by extensions ['colcon_pkg']
[0.218s] Level 1:colcon.colcon_core.package_identification:_identify(docs) by extension 'colcon_pkg'
[0.218s] Level 1:colcon.colcon_core.package_identification:_identify(docs) by extensions ['colcon_meta']
[0.218s] Level 1:colcon.colcon_core.package_identification:_identify(docs) by extension 'colcon_meta'
[0.218s] Level 1:colcon.colcon_core.package_identification:_identify(docs) by extensions ['ros']
[0.218s] Level 1:colcon.colcon_core.package_identification:_identify(docs) by extension 'ros'
[0.218s] Level 1:colcon.colcon_core.package_identification:_identify(docs) by extensions ['cmake', 'python']
[0.218s] Level 1:colcon.colcon_core.package_identification:_identify(docs) by extension 'cmake'
[0.218s] Level 1:colcon.colcon_core.package_identification:_identify(docs) by extension 'python'
[0.219s] Level 1:colcon.colcon_core.package_identification:_identify(docs) by extensions ['python_setup_py']
[0.219s] Level 1:colcon.colcon_core.package_identification:_identify(docs) by extension 'python_setup_py'
[0.219s] Level 1:colcon.colcon_core.package_identification:_identify(install) by extensions ['ignore', 'ignore_ament_install']
[0.219s] Level 1:colcon.colcon_core.package_identification:_identify(install) by extension 'ignore'
[0.219s] Level 1:colcon.colcon_core.package_identification:_identify(install) ignored
[0.219s] Level 1:colcon.colcon_core.package_identification:_identify(log) by extensions ['ignore', 'ignore_ament_install']
[0.219s] Level 1:colcon.colcon_core.package_identification:_identify(log) by extension 'ignore'
[0.219s] Level 1:colcon.colcon_core.package_identification:_identify(log) ignored
[0.219s] Level 1:colcon.colcon_core.package_identification:_identify(maps) by extensions ['ignore', 'ignore_ament_install']
[0.219s] Level 1:colcon.colcon_core.package_identification:_identify(maps) by extension 'ignore'
[0.219s] Level 1:colcon.colcon_core.package_identification:_identify(maps) by extension 'ignore_ament_install'
[0.219s] Level 1:colcon.colcon_core.package_identification:_identify(maps) by extensions ['colcon_pkg']
[0.219s] Level 1:colcon.colcon_core.package_identification:_identify(maps) by extension 'colcon_pkg'
[0.219s] Level 1:colcon.colcon_core.package_identification:_identify(maps) by extensions ['colcon_meta']
[0.219s] Level 1:colcon.colcon_core.package_identification:_identify(maps) by extension 'colcon_meta'
[0.220s] Level 1:colcon.colcon_core.package_identification:_identify(maps) by extensions ['ros']
[0.220s] Level 1:colcon.colcon_core.package_identification:_identify(maps) by extension 'ros'
[0.220s] Level 1:colcon.colcon_core.package_identification:_identify(maps) by extensions ['cmake', 'python']
[0.220s] Level 1:colcon.colcon_core.package_identification:_identify(maps) by extension 'cmake'
[0.220s] Level 1:colcon.colcon_core.package_identification:_identify(maps) by extension 'python'
[0.220s] Level 1:colcon.colcon_core.package_identification:_identify(maps) by extensions ['python_setup_py']
[0.220s] Level 1:colcon.colcon_core.package_identification:_identify(maps) by extension 'python_setup_py'
[0.220s] Level 1:colcon.colcon_core.package_identification:_identify(maps/lio_sam_map) by extensions ['ignore', 'ignore_ament_install']
[0.220s] Level 1:colcon.colcon_core.package_identification:_identify(maps/lio_sam_map) by extension 'ignore'
[0.220s] Level 1:colcon.colcon_core.package_identification:_identify(maps/lio_sam_map) by extension 'ignore_ament_install'
[0.220s] Level 1:colcon.colcon_core.package_identification:_identify(maps/lio_sam_map) by extensions ['colcon_pkg']
[0.220s] Level 1:colcon.colcon_core.package_identification:_identify(maps/lio_sam_map) by extension 'colcon_pkg'
[0.220s] Level 1:colcon.colcon_core.package_identification:_identify(maps/lio_sam_map) by extensions ['colcon_meta']
[0.220s] Level 1:colcon.colcon_core.package_identification:_identify(maps/lio_sam_map) by extension 'colcon_meta'
[0.220s] Level 1:colcon.colcon_core.package_identification:_identify(maps/lio_sam_map) by extensions ['ros']
[0.220s] Level 1:colcon.colcon_core.package_identification:_identify(maps/lio_sam_map) by extension 'ros'
[0.220s] Level 1:colcon.colcon_core.package_identification:_identify(maps/lio_sam_map) by extensions ['cmake', 'python']
[0.220s] Level 1:colcon.colcon_core.package_identification:_identify(maps/lio_sam_map) by extension 'cmake'
[0.220s] Level 1:colcon.colcon_core.package_identification:_identify(maps/lio_sam_map) by extension 'python'
[0.220s] Level 1:colcon.colcon_core.package_identification:_identify(maps/lio_sam_map) by extensions ['python_setup_py']
[0.220s] Level 1:colcon.colcon_core.package_identification:_identify(maps/lio_sam_map) by extension 'python_setup_py'
[0.221s] Level 1:colcon.colcon_core.package_identification:_identify(scripts) by extensions ['ignore', 'ignore_ament_install']
[0.221s] Level 1:colcon.colcon_core.package_identification:_identify(scripts) by extension 'ignore'
[0.221s] Level 1:colcon.colcon_core.package_identification:_identify(scripts) by extension 'ignore_ament_install'
[0.221s] Level 1:colcon.colcon_core.package_identification:_identify(scripts) by extensions ['colcon_pkg']
[0.221s] Level 1:colcon.colcon_core.package_identification:_identify(scripts) by extension 'colcon_pkg'
[0.221s] Level 1:colcon.colcon_core.package_identification:_identify(scripts) by extensions ['colcon_meta']
[0.221s] Level 1:colcon.colcon_core.package_identification:_identify(scripts) by extension 'colcon_meta'
[0.221s] Level 1:colcon.colcon_core.package_identification:_identify(scripts) by extensions ['ros']
[0.221s] Level 1:colcon.colcon_core.package_identification:_identify(scripts) by extension 'ros'
[0.221s] Level 1:colcon.colcon_core.package_identification:_identify(scripts) by extensions ['cmake', 'python']
[0.221s] Level 1:colcon.colcon_core.package_identification:_identify(scripts) by extension 'cmake'
[0.221s] Level 1:colcon.colcon_core.package_identification:_identify(scripts) by extension 'python'
[0.221s] Level 1:colcon.colcon_core.package_identification:_identify(scripts) by extensions ['python_setup_py']
[0.221s] Level 1:colcon.colcon_core.package_identification:_identify(scripts) by extension 'python_setup_py'
[0.221s] Level 1:colcon.colcon_core.package_identification:_identify(src) by extensions ['ignore', 'ignore_ament_install']
[0.221s] Level 1:colcon.colcon_core.package_identification:_identify(src) by extension 'ignore'
[0.221s] Level 1:colcon.colcon_core.package_identification:_identify(src) by extension 'ignore_ament_install'
[0.221s] Level 1:colcon.colcon_core.package_identification:_identify(src) by extensions ['colcon_pkg']
[0.221s] Level 1:colcon.colcon_core.package_identification:_identify(src) by extension 'colcon_pkg'
[0.221s] Level 1:colcon.colcon_core.package_identification:_identify(src) by extensions ['colcon_meta']
[0.222s] Level 1:colcon.colcon_core.package_identification:_identify(src) by extension 'colcon_meta'
[0.222s] Level 1:colcon.colcon_core.package_identification:_identify(src) by extensions ['ros']
[0.222s] Level 1:colcon.colcon_core.package_identification:_identify(src) by extension 'ros'
[0.222s] Level 1:colcon.colcon_core.package_identification:_identify(src) by extensions ['cmake', 'python']
[0.222s] Level 1:colcon.colcon_core.package_identification:_identify(src) by extension 'cmake'
[0.222s] Level 1:colcon.colcon_core.package_identification:_identify(src) by extension 'python'
[0.222s] Level 1:colcon.colcon_core.package_identification:_identify(src) by extensions ['python_setup_py']
[0.222s] Level 1:colcon.colcon_core.package_identification:_identify(src) by extension 'python_setup_py'
[0.222s] Level 1:colcon.colcon_core.package_identification:_identify(src/LIO-SAM) by extensions ['ignore', 'ignore_ament_install']
[0.222s] Level 1:colcon.colcon_core.package_identification:_identify(src/LIO-SAM) by extension 'ignore'
[0.222s] Level 1:colcon.colcon_core.package_identification:_identify(src/LIO-SAM) by extension 'ignore_ament_install'
[0.222s] Level 1:colcon.colcon_core.package_identification:_identify(src/LIO-SAM) by extensions ['colcon_pkg']
[0.222s] Level 1:colcon.colcon_core.package_identification:_identify(src/LIO-SAM) by extension 'colcon_pkg'
[0.222s] Level 1:colcon.colcon_core.package_identification:_identify(src/LIO-SAM) by extensions ['colcon_meta']
[0.222s] Level 1:colcon.colcon_core.package_identification:_identify(src/LIO-SAM) by extension 'colcon_meta'
[0.222s] Level 1:colcon.colcon_core.package_identification:_identify(src/LIO-SAM) by extensions ['ros']
[0.222s] Level 1:colcon.colcon_core.package_identification:_identify(src/LIO-SAM) by extension 'ros'
[0.224s] DEBUG:colcon.colcon_core.package_identification:Package 'src/LIO-SAM' with type 'ros.ament_cmake' and name 'lio_sam_op'
[0.224s] Level 1:colcon.colcon_core.package_identification:_identify(src/pointcloud_to_laserscan) by extensions ['ignore', 'ignore_ament_install']
[0.225s] Level 1:colcon.colcon_core.package_identification:_identify(src/pointcloud_to_laserscan) by extension 'ignore'
[0.225s] Level 1:colcon.colcon_core.package_identification:_identify(src/pointcloud_to_laserscan) by extension 'ignore_ament_install'
[0.225s] Level 1:colcon.colcon_core.package_identification:_identify(src/pointcloud_to_laserscan) by extensions ['colcon_pkg']
[0.225s] Level 1:colcon.colcon_core.package_identification:_identify(src/pointcloud_to_laserscan) by extension 'colcon_pkg'
[0.225s] Level 1:colcon.colcon_core.package_identification:_identify(src/pointcloud_to_laserscan) by extensions ['colcon_meta']
[0.225s] Level 1:colcon.colcon_core.package_identification:_identify(src/pointcloud_to_laserscan) by extension 'colcon_meta'
[0.225s] Level 1:colcon.colcon_core.package_identification:_identify(src/pointcloud_to_laserscan) by extensions ['ros']
[0.225s] Level 1:colcon.colcon_core.package_identification:_identify(src/pointcloud_to_laserscan) by extension 'ros'
[0.227s] DEBUG:colcon.colcon_core.package_identification:Package 'src/pointcloud_to_laserscan' with type 'ros.ament_cmake' and name 'pointcloud_to_laserscan'
[0.228s] Level 1:colcon.colcon_core.package_identification:_identify(src/robot_bringup) by extensions ['ignore', 'ignore_ament_install']
[0.228s] Level 1:colcon.colcon_core.package_identification:_identify(src/robot_bringup) by extension 'ignore'
[0.228s] Level 1:colcon.colcon_core.package_identification:_identify(src/robot_bringup) by extension 'ignore_ament_install'
[0.228s] Level 1:colcon.colcon_core.package_identification:_identify(src/robot_bringup) by extensions ['colcon_pkg']
[0.228s] Level 1:colcon.colcon_core.package_identification:_identify(src/robot_bringup) by extension 'colcon_pkg'
[0.228s] Level 1:colcon.colcon_core.package_identification:_identify(src/robot_bringup) by extensions ['colcon_meta']
[0.228s] Level 1:colcon.colcon_core.package_identification:_identify(src/robot_bringup) by extension 'colcon_meta'
[0.228s] Level 1:colcon.colcon_core.package_identification:_identify(src/robot_bringup) by extensions ['ros']
[0.228s] Level 1:colcon.colcon_core.package_identification:_identify(src/robot_bringup) by extension 'ros'
[0.229s] DEBUG:colcon.colcon_core.package_identification:Package 'src/robot_bringup' with type 'ros.ament_cmake' and name 'robot_bringup'
[0.229s] Level 1:colcon.colcon_core.package_identification:_identify(src/robot_navigation2) by extensions ['ignore', 'ignore_ament_install']
[0.229s] Level 1:colcon.colcon_core.package_identification:_identify(src/robot_navigation2) by extension 'ignore'
[0.229s] Level 1:colcon.colcon_core.package_identification:_identify(src/robot_navigation2) by extension 'ignore_ament_install'
[0.229s] Level 1:colcon.colcon_core.package_identification:_identify(src/robot_navigation2) by extensions ['colcon_pkg']
[0.229s] Level 1:colcon.colcon_core.package_identification:_identify(src/robot_navigation2) by extension 'colcon_pkg'
[0.229s] Level 1:colcon.colcon_core.package_identification:_identify(src/robot_navigation2) by extensions ['colcon_meta']
[0.229s] Level 1:colcon.colcon_core.package_identification:_identify(src/robot_navigation2) by extension 'colcon_meta'
[0.229s] Level 1:colcon.colcon_core.package_identification:_identify(src/robot_navigation2) by extensions ['ros']
[0.229s] Level 1:colcon.colcon_core.package_identification:_identify(src/robot_navigation2) by extension 'ros'
[0.230s] DEBUG:colcon.colcon_core.package_identification:Package 'src/robot_navigation2' with type 'ros.ament_cmake' and name 'robot_navigation2'
[0.230s] Level 1:colcon.colcon_core.package_identification:_identify(tools) by extensions ['ignore', 'ignore_ament_install']
[0.230s] Level 1:colcon.colcon_core.package_identification:_identify(tools) by extension 'ignore'
[0.230s] Level 1:colcon.colcon_core.package_identification:_identify(tools) by extension 'ignore_ament_install'
[0.230s] Level 1:colcon.colcon_core.package_identification:_identify(tools) by extensions ['colcon_pkg']
[0.230s] Level 1:colcon.colcon_core.package_identification:_identify(tools) by extension 'colcon_pkg'
[0.230s] Level 1:colcon.colcon_core.package_identification:_identify(tools) by extensions ['colcon_meta']
[0.230s] Level 1:colcon.colcon_core.package_identification:_identify(tools) by extension 'colcon_meta'
[0.230s] Level 1:colcon.colcon_core.package_identification:_identify(tools) by extensions ['ros']
[0.230s] Level 1:colcon.colcon_core.package_identification:_identify(tools) by extension 'ros'
[0.230s] Level 1:colcon.colcon_core.package_identification:_identify(tools) by extensions ['cmake', 'python']
[0.231s] Level 1:colcon.colcon_core.package_identification:_identify(tools) by extension 'cmake'
[0.231s] Level 1:colcon.colcon_core.package_identification:_identify(tools) by extension 'python'
[0.231s] Level 1:colcon.colcon_core.package_identification:_identify(tools) by extensions ['python_setup_py']
[0.231s] Level 1:colcon.colcon_core.package_identification:_identify(tools) by extension 'python_setup_py'
[0.231s] Level 1:colcon.colcon_core.package_identification:_identify(tools/__pycache__) by extensions ['ignore', 'ignore_ament_install']
[0.231s] Level 1:colcon.colcon_core.package_identification:_identify(tools/__pycache__) by extension 'ignore'
[0.231s] Level 1:colcon.colcon_core.package_identification:_identify(tools/__pycache__) by extension 'ignore_ament_install'
[0.231s] Level 1:colcon.colcon_core.package_identification:_identify(tools/__pycache__) by extensions ['colcon_pkg']
[0.231s] Level 1:colcon.colcon_core.package_identification:_identify(tools/__pycache__) by extension 'colcon_pkg'
[0.231s] Level 1:colcon.colcon_core.package_identification:_identify(tools/__pycache__) by extensions ['colcon_meta']
[0.231s] Level 1:colcon.colcon_core.package_identification:_identify(tools/__pycache__) by extension 'colcon_meta'
[0.231s] Level 1:colcon.colcon_core.package_identification:_identify(tools/__pycache__) by extensions ['ros']
[0.231s] Level 1:colcon.colcon_core.package_identification:_identify(tools/__pycache__) by extension 'ros'
[0.231s] Level 1:colcon.colcon_core.package_identification:_identify(tools/__pycache__) by extensions ['cmake', 'python']
[0.231s] Level 1:colcon.colcon_core.package_identification:_identify(tools/__pycache__) by extension 'cmake'
[0.231s] Level 1:colcon.colcon_core.package_identification:_identify(tools/__pycache__) by extension 'python'
[0.231s] Level 1:colcon.colcon_core.package_identification:_identify(tools/__pycache__) by extensions ['python_setup_py']
[0.231s] Level 1:colcon.colcon_core.package_identification:_identify(tools/__pycache__) by extension 'python_setup_py'
[0.231s] Level 1:colcon.colcon_core.package_discovery:discover_packages(recursive) using defaults
[0.231s] Level 1:colcon.colcon_core.package_discovery:discover_packages(ignore) discover
[0.231s] Level 1:colcon.colcon_core.package_discovery:discover_packages(ignore) using defaults
[0.232s] Level 1:colcon.colcon_core.package_discovery:discover_packages(path) discover
[0.232s] Level 1:colcon.colcon_core.package_discovery:discover_packages(path) using defaults
[0.246s] Level 1:colcon.colcon_core.package_discovery:discover_packages(prefix_path) check parameters
[0.246s] Level 1:colcon.colcon_core.package_discovery:discover_packages(prefix_path) discover
[0.249s] DEBUG:colcon.colcon_installed_package_information.package_discovery:Found 328 installed packages in /opt/ros/foxy
[0.250s] Level 1:colcon.colcon_core.package_discovery:discover_packages(prefix_path) using defaults
[0.294s] Level 5:colcon.colcon_core.verb:set package 'lio_sam_op' build argument 'cmake_args' from command line to 'None'
[0.294s] Level 5:colcon.colcon_core.verb:set package 'lio_sam_op' build argument 'cmake_target' from command line to 'None'
[0.294s] Level 5:colcon.colcon_core.verb:set package 'lio_sam_op' build argument 'cmake_target_skip_unavailable' from command line to 'False'
[0.294s] Level 5:colcon.colcon_core.verb:set package 'lio_sam_op' build argument 'cmake_clean_cache' from command line to 'False'
[0.294s] Level 5:colcon.colcon_core.verb:set package 'lio_sam_op' build argument 'cmake_clean_first' from command line to 'False'
[0.294s] Level 5:colcon.colcon_core.verb:set package 'lio_sam_op' build argument 'cmake_force_configure' from command line to 'False'
[0.294s] Level 5:colcon.colcon_core.verb:set package 'lio_sam_op' build argument 'ament_cmake_args' from command line to 'None'
[0.294s] Level 5:colcon.colcon_core.verb:set package 'lio_sam_op' build argument 'catkin_cmake_args' from command line to 'None'
[0.294s] Level 5:colcon.colcon_core.verb:set package 'lio_sam_op' build argument 'catkin_skip_building_tests' from command line to 'False'
[0.294s] DEBUG:colcon.colcon_core.verb:Building package 'lio_sam_op' with the following arguments: {'ament_cmake_args': None, 'build_base': '/home/korey/Desktop/lio_nav2/build/lio_sam_op', 'catkin_cmake_args': None, 'catkin_skip_building_tests': False, 'cmake_args': None, 'cmake_clean_cache': False, 'cmake_clean_first': False, 'cmake_force_configure': False, 'cmake_target': None, 'cmake_target_skip_unavailable': False, 'install_base': '/home/korey/Desktop/lio_nav2/install/lio_sam_op', 'merge_install': False, 'path': '/home/korey/Desktop/lio_nav2/src/LIO-SAM', 'symlink_install': False, 'test_result_base': None}
[0.295s] Level 5:colcon.colcon_core.verb:set package 'pointcloud_to_laserscan' build argument 'cmake_args' from command line to 'None'
[0.295s] Level 5:colcon.colcon_core.verb:set package 'pointcloud_to_laserscan' build argument 'cmake_target' from command line to 'None'
[0.295s] Level 5:colcon.colcon_core.verb:set package 'pointcloud_to_laserscan' build argument 'cmake_target_skip_unavailable' from command line to 'False'
[0.295s] Level 5:colcon.colcon_core.verb:set package 'pointcloud_to_laserscan' build argument 'cmake_clean_cache' from command line to 'False'
[0.295s] Level 5:colcon.colcon_core.verb:set package 'pointcloud_to_laserscan' build argument 'cmake_clean_first' from command line to 'False'
[0.295s] Level 5:colcon.colcon_core.verb:set package 'pointcloud_to_laserscan' build argument 'cmake_force_configure' from command line to 'False'
[0.295s] Level 5:colcon.colcon_core.verb:set package 'pointcloud_to_laserscan' build argument 'ament_cmake_args' from command line to 'None'
[0.295s] Level 5:colcon.colcon_core.verb:set package 'pointcloud_to_laserscan' build argument 'catkin_cmake_args' from command line to 'None'
[0.295s] Level 5:colcon.colcon_core.verb:set package 'pointcloud_to_laserscan' build argument 'catkin_skip_building_tests' from command line to 'False'
[0.295s] DEBUG:colcon.colcon_core.verb:Building package 'pointcloud_to_laserscan' with the following arguments: {'ament_cmake_args': None, 'build_base': '/home/korey/Desktop/lio_nav2/build/pointcloud_to_laserscan', 'catkin_cmake_args': None, 'catkin_skip_building_tests': False, 'cmake_args': None, 'cmake_clean_cache': False, 'cmake_clean_first': False, 'cmake_force_configure': False, 'cmake_target': None, 'cmake_target_skip_unavailable': False, 'install_base': '/home/korey/Desktop/lio_nav2/install/pointcloud_to_laserscan', 'merge_install': False, 'path': '/home/korey/Desktop/lio_nav2/src/pointcloud_to_laserscan', 'symlink_install': False, 'test_result_base': None}
[0.295s] Level 5:colcon.colcon_core.verb:set package 'robot_bringup' build argument 'cmake_args' from command line to 'None'
[0.295s] Level 5:colcon.colcon_core.verb:set package 'robot_bringup' build argument 'cmake_target' from command line to 'None'
[0.295s] Level 5:colcon.colcon_core.verb:set package 'robot_bringup' build argument 'cmake_target_skip_unavailable' from command line to 'False'
[0.295s] Level 5:colcon.colcon_core.verb:set package 'robot_bringup' build argument 'cmake_clean_cache' from command line to 'False'
[0.295s] Level 5:colcon.colcon_core.verb:set package 'robot_bringup' build argument 'cmake_clean_first' from command line to 'False'
[0.295s] Level 5:colcon.colcon_core.verb:set package 'robot_bringup' build argument 'cmake_force_configure' from command line to 'False'
[0.295s] Level 5:colcon.colcon_core.verb:set package 'robot_bringup' build argument 'ament_cmake_args' from command line to 'None'
[0.295s] Level 5:colcon.colcon_core.verb:set package 'robot_bringup' build argument 'catkin_cmake_args' from command line to 'None'
[0.295s] Level 5:colcon.colcon_core.verb:set package 'robot_bringup' build argument 'catkin_skip_building_tests' from command line to 'False'
[0.295s] DEBUG:colcon.colcon_core.verb:Building package 'robot_bringup' with the following arguments: {'ament_cmake_args': None, 'build_base': '/home/korey/Desktop/lio_nav2/build/robot_bringup', 'catkin_cmake_args': None, 'catkin_skip_building_tests': False, 'cmake_args': None, 'cmake_clean_cache': False, 'cmake_clean_first': False, 'cmake_force_configure': False, 'cmake_target': None, 'cmake_target_skip_unavailable': False, 'install_base': '/home/korey/Desktop/lio_nav2/install/robot_bringup', 'merge_install': False, 'path': '/home/korey/Desktop/lio_nav2/src/robot_bringup', 'symlink_install': False, 'test_result_base': None}
[0.296s] Level 5:colcon.colcon_core.verb:set package 'robot_navigation2' build argument 'cmake_args' from command line to 'None'
[0.296s] Level 5:colcon.colcon_core.verb:set package 'robot_navigation2' build argument 'cmake_target' from command line to 'None'
[0.296s] Level 5:colcon.colcon_core.verb:set package 'robot_navigation2' build argument 'cmake_target_skip_unavailable' from command line to 'False'
[0.296s] Level 5:colcon.colcon_core.verb:set package 'robot_navigation2' build argument 'cmake_clean_cache' from command line to 'False'
[0.296s] Level 5:colcon.colcon_core.verb:set package 'robot_navigation2' build argument 'cmake_clean_first' from command line to 'False'
[0.296s] Level 5:colcon.colcon_core.verb:set package 'robot_navigation2' build argument 'cmake_force_configure' from command line to 'False'
[0.296s] Level 5:colcon.colcon_core.verb:set package 'robot_navigation2' build argument 'ament_cmake_args' from command line to 'None'
[0.296s] Level 5:colcon.colcon_core.verb:set package 'robot_navigation2' build argument 'catkin_cmake_args' from command line to 'None'
[0.296s] Level 5:colcon.colcon_core.verb:set package 'robot_navigation2' build argument 'catkin_skip_building_tests' from command line to 'False'
[0.296s] DEBUG:colcon.colcon_core.verb:Building package 'robot_navigation2' with the following arguments: {'ament_cmake_args': None, 'build_base': '/home/korey/Desktop/lio_nav2/build/robot_navigation2', 'catkin_cmake_args': None, 'catkin_skip_building_tests': False, 'cmake_args': None, 'cmake_clean_cache': False, 'cmake_clean_first': False, 'cmake_force_configure': False, 'cmake_target': None, 'cmake_target_skip_unavailable': False, 'install_base': '/home/korey/Desktop/lio_nav2/install/robot_navigation2', 'merge_install': False, 'path': '/home/korey/Desktop/lio_nav2/src/robot_navigation2', 'symlink_install': False, 'test_result_base': None}
[0.296s] INFO:colcon.colcon_core.executor:Executing jobs using 'parallel' executor
[0.297s] DEBUG:colcon.colcon_parallel_executor.executor.parallel:run_until_complete
[0.297s] INFO:colcon.colcon_ros.task.ament_cmake.build:Building ROS package in '/home/korey/Desktop/lio_nav2/src/LIO-SAM' with build type 'ament_cmake'
[0.297s] INFO:colcon.colcon_cmake.task.cmake.build:Building CMake package in '/home/korey/Desktop/lio_nav2/src/LIO-SAM'
[0.299s] INFO:colcon.colcon_core.plugin_system:Skipping extension 'colcon_core.shell.bat': Not used on non-Windows systems
[0.299s] INFO:colcon.colcon_core.shell:Skip shell extension 'powershell' for command environment: Not usable outside of PowerShell
[0.299s] DEBUG:colcon.colcon_core.shell:Skip shell extension 'dsv' for command environment
[0.306s] INFO:colcon.colcon_ros.task.ament_cmake.build:Building ROS package in '/home/korey/Desktop/lio_nav2/src/pointcloud_to_laserscan' with build type 'ament_cmake'
[0.306s] INFO:colcon.colcon_cmake.task.cmake.build:Building CMake package in '/home/korey/Desktop/lio_nav2/src/pointcloud_to_laserscan'
[0.307s] INFO:colcon.colcon_core.shell:Skip shell extension 'powershell' for command environment: Not usable outside of PowerShell
[0.307s] DEBUG:colcon.colcon_core.shell:Skip shell extension 'dsv' for command environment
[0.315s] INFO:colcon.colcon_ros.task.ament_cmake.build:Building ROS package in '/home/korey/Desktop/lio_nav2/src/robot_bringup' with build type 'ament_cmake'
[0.315s] INFO:colcon.colcon_cmake.task.cmake.build:Building CMake package in '/home/korey/Desktop/lio_nav2/src/robot_bringup'
[0.316s] INFO:colcon.colcon_core.shell:Skip shell extension 'powershell' for command environment: Not usable outside of PowerShell
[0.316s] DEBUG:colcon.colcon_core.shell:Skip shell extension 'dsv' for command environment
[0.323s] INFO:colcon.colcon_ros.task.ament_cmake.build:Building ROS package in '/home/korey/Desktop/lio_nav2/src/robot_navigation2' with build type 'ament_cmake'
[0.323s] INFO:colcon.colcon_cmake.task.cmake.build:Building CMake package in '/home/korey/Desktop/lio_nav2/src/robot_navigation2'
[0.324s] INFO:colcon.colcon_core.shell:Skip shell extension 'powershell' for command environment: Not usable outside of PowerShell
[0.324s] DEBUG:colcon.colcon_core.shell:Skip shell extension 'dsv' for command environment
[0.348s] DEBUG:colcon.colcon_core.event_handler.log_command:Invoking command in '/home/korey/Desktop/lio_nav2/build/lio_sam_op': CMAKE_PREFIX_PATH=/opt/ros/foxy /home/korey/.local/bin/cmake --build /home/korey/Desktop/lio_nav2/build/lio_sam_op -- -j12 -l12
[0.354s] DEBUG:colcon.colcon_core.event_handler.log_command:Invoking command in '/home/korey/Desktop/lio_nav2/build/pointcloud_to_laserscan': CMAKE_PREFIX_PATH=/opt/ros/foxy /home/korey/.local/bin/cmake --build /home/korey/Desktop/lio_nav2/build/pointcloud_to_laserscan -- -j12 -l12
[0.359s] DEBUG:colcon.colcon_core.event_handler.log_command:Invoking command in '/home/korey/Desktop/lio_nav2/build/robot_bringup': CMAKE_PREFIX_PATH=/opt/ros/foxy /home/korey/.local/bin/cmake --build /home/korey/Desktop/lio_nav2/build/robot_bringup -- -j12 -l12
[0.371s] DEBUG:colcon.colcon_core.event_handler.log_command:Invoking command in '/home/korey/Desktop/lio_nav2/build/robot_navigation2': CMAKE_PREFIX_PATH=/opt/ros/foxy /home/korey/.local/bin/cmake --build /home/korey/Desktop/lio_nav2/build/robot_navigation2 -- -j12 -l12
[0.423s] DEBUG:colcon.colcon_core.event_handler.log_command:Invoked command in '/home/korey/Desktop/lio_nav2/build/robot_navigation2' returned '0': CMAKE_PREFIX_PATH=/opt/ros/foxy /home/korey/.local/bin/cmake --build /home/korey/Desktop/lio_nav2/build/robot_navigation2 -- -j12 -l12
[0.452s] DEBUG:colcon.colcon_core.event_handler.log_command:Invoking command in '/home/korey/Desktop/lio_nav2/build/robot_navigation2': CMAKE_PREFIX_PATH=/opt/ros/foxy /home/korey/.local/bin/cmake --install /home/korey/Desktop/lio_nav2/build/robot_navigation2
[0.456s] DEBUG:colcon.colcon_core.event_handler.log_command:Invoked command in '/home/korey/Desktop/lio_nav2/build/robot_bringup' returned '0': CMAKE_PREFIX_PATH=/opt/ros/foxy /home/korey/.local/bin/cmake --build /home/korey/Desktop/lio_nav2/build/robot_bringup -- -j12 -l12
[0.464s] DEBUG:colcon.colcon_core.event_handler.log_command:Invoking command in '/home/korey/Desktop/lio_nav2/build/robot_bringup': CMAKE_PREFIX_PATH=/opt/ros/foxy /home/korey/.local/bin/cmake --install /home/korey/Desktop/lio_nav2/build/robot_bringup
[0.468s] DEBUG:colcon.colcon_core.event_handler.log_command:Invoked command in '/home/korey/Desktop/lio_nav2/build/pointcloud_to_laserscan' returned '0': CMAKE_PREFIX_PATH=/opt/ros/foxy /home/korey/.local/bin/cmake --build /home/korey/Desktop/lio_nav2/build/pointcloud_to_laserscan -- -j12 -l12
[0.473s] DEBUG:colcon.colcon_core.event_handler.log_command:Invoking command in '/home/korey/Desktop/lio_nav2/build/pointcloud_to_laserscan': CMAKE_PREFIX_PATH=/opt/ros/foxy /home/korey/.local/bin/cmake --install /home/korey/Desktop/lio_nav2/build/pointcloud_to_laserscan
[0.509s] Level 1:colcon.colcon_core.environment:create_environment_scripts_only(robot_bringup)
[0.510s] DEBUG:colcon.colcon_core.event_handler.log_command:Invoked command in '/home/korey/Desktop/lio_nav2/build/robot_bringup' returned '0': CMAKE_PREFIX_PATH=/opt/ros/foxy /home/korey/.local/bin/cmake --install /home/korey/Desktop/lio_nav2/build/robot_bringup
[0.512s] Level 1:colcon.colcon_core.environment:checking '/home/korey/Desktop/lio_nav2/install/robot_bringup' for CMake module files
[0.513s] Level 1:colcon.colcon_core.environment:checking '/home/korey/Desktop/lio_nav2/install/robot_bringup' for CMake config files
[0.513s] Level 1:colcon.colcon_core.shell:create_environment_hook('robot_bringup', 'cmake_prefix_path')
[0.513s] INFO:colcon.colcon_core.shell:Creating environment hook '/home/korey/Desktop/lio_nav2/install/robot_bringup/share/robot_bringup/hook/cmake_prefix_path.ps1'
[0.514s] INFO:colcon.colcon_core.shell:Creating environment descriptor '/home/korey/Desktop/lio_nav2/install/robot_bringup/share/robot_bringup/hook/cmake_prefix_path.dsv'
[0.515s] INFO:colcon.colcon_core.shell:Creating environment hook '/home/korey/Desktop/lio_nav2/install/robot_bringup/share/robot_bringup/hook/cmake_prefix_path.sh'
[0.516s] Level 1:colcon.colcon_core.environment:checking '/home/korey/Desktop/lio_nav2/install/robot_bringup/lib'
[0.516s] Level 1:colcon.colcon_core.environment:checking '/home/korey/Desktop/lio_nav2/install/robot_bringup/bin'
[0.516s] Level 1:colcon.colcon_core.environment:checking '/home/korey/Desktop/lio_nav2/install/robot_bringup/lib/pkgconfig/robot_bringup.pc'
[0.516s] Level 1:colcon.colcon_core.environment:checking '/home/korey/Desktop/lio_nav2/install/robot_bringup/lib/python3.8/site-packages'
[0.517s] Level 1:colcon.colcon_core.environment:checking '/home/korey/Desktop/lio_nav2/install/robot_bringup/bin'
[0.517s] INFO:colcon.colcon_core.shell:Creating package script '/home/korey/Desktop/lio_nav2/install/robot_bringup/share/robot_bringup/package.ps1'
[0.519s] INFO:colcon.colcon_core.shell:Creating package descriptor '/home/korey/Desktop/lio_nav2/install/robot_bringup/share/robot_bringup/package.dsv'
[0.519s] INFO:colcon.colcon_core.shell:Creating package script '/home/korey/Desktop/lio_nav2/install/robot_bringup/share/robot_bringup/package.sh'
[0.520s] INFO:colcon.colcon_core.shell:Creating package script '/home/korey/Desktop/lio_nav2/install/robot_bringup/share/robot_bringup/package.bash'
[0.535s] INFO:colcon.colcon_core.shell:Creating package script '/home/korey/Desktop/lio_nav2/install/robot_bringup/share/robot_bringup/package.zsh'
[0.536s] Level 1:colcon.colcon_core.environment:create_file_with_runtime_dependencies(/home/korey/Desktop/lio_nav2/install/robot_bringup/share/colcon-core/packages/robot_bringup)
[0.537s] Level 1:colcon.colcon_core.environment:create_environment_scripts_only(robot_bringup)
[0.537s] Level 1:colcon.colcon_core.environment:checking '/home/korey/Desktop/lio_nav2/install/robot_bringup' for CMake module files
[0.539s] Level 1:colcon.colcon_core.environment:checking '/home/korey/Desktop/lio_nav2/install/robot_bringup' for CMake config files
[0.540s] Level 1:colcon.colcon_core.shell:create_environment_hook('robot_bringup', 'cmake_prefix_path')
[0.541s] INFO:colcon.colcon_core.shell:Creating environment hook '/home/korey/Desktop/lio_nav2/install/robot_bringup/share/robot_bringup/hook/cmake_prefix_path.ps1'
[0.541s] INFO:colcon.colcon_core.shell:Creating environment descriptor '/home/korey/Desktop/lio_nav2/install/robot_bringup/share/robot_bringup/hook/cmake_prefix_path.dsv'
[0.542s] INFO:colcon.colcon_core.shell:Creating environment hook '/home/korey/Desktop/lio_nav2/install/robot_bringup/share/robot_bringup/hook/cmake_prefix_path.sh'
[0.542s] Level 1:colcon.colcon_core.environment:checking '/home/korey/Desktop/lio_nav2/install/robot_bringup/lib'
[0.542s] Level 1:colcon.colcon_core.environment:checking '/home/korey/Desktop/lio_nav2/install/robot_bringup/bin'
[0.543s] Level 1:colcon.colcon_core.environment:checking '/home/korey/Desktop/lio_nav2/install/robot_bringup/lib/pkgconfig/robot_bringup.pc'
[0.543s] Level 1:colcon.colcon_core.environment:checking '/home/korey/Desktop/lio_nav2/install/robot_bringup/lib/python3.8/site-packages'
[0.543s] Level 1:colcon.colcon_core.environment:checking '/home/korey/Desktop/lio_nav2/install/robot_bringup/bin'
[0.543s] INFO:colcon.colcon_core.shell:Creating package script '/home/korey/Desktop/lio_nav2/install/robot_bringup/share/robot_bringup/package.ps1'
[0.544s] INFO:colcon.colcon_core.shell:Creating package descriptor '/home/korey/Desktop/lio_nav2/install/robot_bringup/share/robot_bringup/package.dsv'
[0.544s] INFO:colcon.colcon_core.shell:Creating package script '/home/korey/Desktop/lio_nav2/install/robot_bringup/share/robot_bringup/package.sh'
[0.545s] INFO:colcon.colcon_core.shell:Creating package script '/home/korey/Desktop/lio_nav2/install/robot_bringup/share/robot_bringup/package.bash'
[0.545s] INFO:colcon.colcon_core.shell:Creating package script '/home/korey/Desktop/lio_nav2/install/robot_bringup/share/robot_bringup/package.zsh'
[0.546s] Level 1:colcon.colcon_core.environment:create_file_with_runtime_dependencies(/home/korey/Desktop/lio_nav2/install/robot_bringup/share/colcon-core/packages/robot_bringup)
[0.547s] Level 1:colcon.colcon_core.environment:create_environment_scripts_only(pointcloud_to_laserscan)
[0.547s] Level 1:colcon.colcon_core.environment:checking '/home/korey/Desktop/lio_nav2/install/pointcloud_to_laserscan' for CMake module files
[0.548s] DEBUG:colcon.colcon_core.event_handler.log_command:Invoked command in '/home/korey/Desktop/lio_nav2/build/pointcloud_to_laserscan' returned '0': CMAKE_PREFIX_PATH=/opt/ros/foxy /home/korey/.local/bin/cmake --install /home/korey/Desktop/lio_nav2/build/pointcloud_to_laserscan
[0.549s] Level 1:colcon.colcon_core.environment:checking '/home/korey/Desktop/lio_nav2/install/pointcloud_to_laserscan' for CMake config files
[0.549s] Level 1:colcon.colcon_core.shell:create_environment_hook('pointcloud_to_laserscan', 'cmake_prefix_path')
[0.550s] INFO:colcon.colcon_core.shell:Creating environment hook '/home/korey/Desktop/lio_nav2/install/pointcloud_to_laserscan/share/pointcloud_to_laserscan/hook/cmake_prefix_path.ps1'
[0.550s] INFO:colcon.colcon_core.shell:Creating environment descriptor '/home/korey/Desktop/lio_nav2/install/pointcloud_to_laserscan/share/pointcloud_to_laserscan/hook/cmake_prefix_path.dsv'
[0.551s] INFO:colcon.colcon_core.shell:Creating environment hook '/home/korey/Desktop/lio_nav2/install/pointcloud_to_laserscan/share/pointcloud_to_laserscan/hook/cmake_prefix_path.sh'
[0.551s] Level 1:colcon.colcon_core.environment:checking '/home/korey/Desktop/lio_nav2/install/pointcloud_to_laserscan/lib'
[0.551s] Level 1:colcon.colcon_core.shell:create_environment_hook('pointcloud_to_laserscan', 'ld_library_path_lib')
[0.552s] INFO:colcon.colcon_core.shell:Creating environment hook '/home/korey/Desktop/lio_nav2/install/pointcloud_to_laserscan/share/pointcloud_to_laserscan/hook/ld_library_path_lib.ps1'
[0.552s] INFO:colcon.colcon_core.shell:Creating environment descriptor '/home/korey/Desktop/lio_nav2/install/pointcloud_to_laserscan/share/pointcloud_to_laserscan/hook/ld_library_path_lib.dsv'
[0.553s] INFO:colcon.colcon_core.shell:Creating environment hook '/home/korey/Desktop/lio_nav2/install/pointcloud_to_laserscan/share/pointcloud_to_laserscan/hook/ld_library_path_lib.sh'
[0.553s] Level 1:colcon.colcon_core.environment:checking '/home/korey/Desktop/lio_nav2/install/pointcloud_to_laserscan/bin'
[0.553s] Level 1:colcon.colcon_core.environment:checking '/home/korey/Desktop/lio_nav2/install/pointcloud_to_laserscan/lib/pkgconfig/pointcloud_to_laserscan.pc'
[0.553s] Level 1:colcon.colcon_core.environment:checking '/home/korey/Desktop/lio_nav2/install/pointcloud_to_laserscan/lib/python3.8/site-packages'
[0.553s] Level 1:colcon.colcon_core.environment:checking '/home/korey/Desktop/lio_nav2/install/pointcloud_to_laserscan/bin'
[0.554s] INFO:colcon.colcon_core.shell:Creating package script '/home/korey/Desktop/lio_nav2/install/pointcloud_to_laserscan/share/pointcloud_to_laserscan/package.ps1'
[0.554s] INFO:colcon.colcon_core.shell:Creating package descriptor '/home/korey/Desktop/lio_nav2/install/pointcloud_to_laserscan/share/pointcloud_to_laserscan/package.dsv'
[0.555s] INFO:colcon.colcon_core.shell:Creating package script '/home/korey/Desktop/lio_nav2/install/pointcloud_to_laserscan/share/pointcloud_to_laserscan/package.sh'
[0.555s] INFO:colcon.colcon_core.shell:Creating package script '/home/korey/Desktop/lio_nav2/install/pointcloud_to_laserscan/share/pointcloud_to_laserscan/package.bash'
[0.555s] INFO:colcon.colcon_core.shell:Creating package script '/home/korey/Desktop/lio_nav2/install/pointcloud_to_laserscan/share/pointcloud_to_laserscan/package.zsh'
[0.556s] Level 1:colcon.colcon_core.environment:create_file_with_runtime_dependencies(/home/korey/Desktop/lio_nav2/install/pointcloud_to_laserscan/share/colcon-core/packages/pointcloud_to_laserscan)
[0.556s] Level 1:colcon.colcon_core.environment:create_environment_scripts_only(pointcloud_to_laserscan)
[0.556s] Level 1:colcon.colcon_core.environment:checking '/home/korey/Desktop/lio_nav2/install/pointcloud_to_laserscan' for CMake module files
[0.557s] Level 1:colcon.colcon_core.environment:checking '/home/korey/Desktop/lio_nav2/install/pointcloud_to_laserscan' for CMake config files
[0.557s] Level 1:colcon.colcon_core.shell:create_environment_hook('pointcloud_to_laserscan', 'cmake_prefix_path')
[0.557s] INFO:colcon.colcon_core.shell:Creating environment hook '/home/korey/Desktop/lio_nav2/install/pointcloud_to_laserscan/share/pointcloud_to_laserscan/hook/cmake_prefix_path.ps1'
[0.558s] INFO:colcon.colcon_core.shell:Creating environment descriptor '/home/korey/Desktop/lio_nav2/install/pointcloud_to_laserscan/share/pointcloud_to_laserscan/hook/cmake_prefix_path.dsv'
[0.558s] INFO:colcon.colcon_core.shell:Creating environment hook '/home/korey/Desktop/lio_nav2/install/pointcloud_to_laserscan/share/pointcloud_to_laserscan/hook/cmake_prefix_path.sh'
[0.558s] Level 1:colcon.colcon_core.environment:checking '/home/korey/Desktop/lio_nav2/install/pointcloud_to_laserscan/lib'
[0.558s] Level 1:colcon.colcon_core.shell:create_environment_hook('pointcloud_to_laserscan', 'ld_library_path_lib')
[0.559s] INFO:colcon.colcon_core.shell:Creating environment hook '/home/korey/Desktop/lio_nav2/install/pointcloud_to_laserscan/share/pointcloud_to_laserscan/hook/ld_library_path_lib.ps1'
[0.559s] INFO:colcon.colcon_core.shell:Creating environment descriptor '/home/korey/Desktop/lio_nav2/install/pointcloud_to_laserscan/share/pointcloud_to_laserscan/hook/ld_library_path_lib.dsv'
[0.559s] INFO:colcon.colcon_core.shell:Creating environment hook '/home/korey/Desktop/lio_nav2/install/pointcloud_to_laserscan/share/pointcloud_to_laserscan/hook/ld_library_path_lib.sh'
[0.560s] Level 1:colcon.colcon_core.environment:checking '/home/korey/Desktop/lio_nav2/install/pointcloud_to_laserscan/bin'
[0.560s] Level 1:colcon.colcon_core.environment:checking '/home/korey/Desktop/lio_nav2/install/pointcloud_to_laserscan/lib/pkgconfig/pointcloud_to_laserscan.pc'
[0.560s] Level 1:colcon.colcon_core.environment:checking '/home/korey/Desktop/lio_nav2/install/pointcloud_to_laserscan/lib/python3.8/site-packages'
[0.560s] Level 1:colcon.colcon_core.environment:checking '/home/korey/Desktop/lio_nav2/install/pointcloud_to_laserscan/bin'
[0.560s] INFO:colcon.colcon_core.shell:Creating package script '/home/korey/Desktop/lio_nav2/install/pointcloud_to_laserscan/share/pointcloud_to_laserscan/package.ps1'
[0.561s] INFO:colcon.colcon_core.shell:Creating package descriptor '/home/korey/Desktop/lio_nav2/install/pointcloud_to_laserscan/share/pointcloud_to_laserscan/package.dsv'
[0.561s] INFO:colcon.colcon_core.shell:Creating package script '/home/korey/Desktop/lio_nav2/install/pointcloud_to_laserscan/share/pointcloud_to_laserscan/package.sh'
[0.562s] INFO:colcon.colcon_core.shell:Creating package script '/home/korey/Desktop/lio_nav2/install/pointcloud_to_laserscan/share/pointcloud_to_laserscan/package.bash'
[0.562s] INFO:colcon.colcon_core.shell:Creating package script '/home/korey/Desktop/lio_nav2/install/pointcloud_to_laserscan/share/pointcloud_to_laserscan/package.zsh'
[0.562s] Level 1:colcon.colcon_core.environment:create_file_with_runtime_dependencies(/home/korey/Desktop/lio_nav2/install/pointcloud_to_laserscan/share/colcon-core/packages/pointcloud_to_laserscan)
[0.567s] DEBUG:colcon.colcon_core.event_handler.log_command:Invoked command in '/home/korey/Desktop/lio_nav2/build/lio_sam_op' returned '0': CMAKE_PREFIX_PATH=/opt/ros/foxy /home/korey/.local/bin/cmake --build /home/korey/Desktop/lio_nav2/build/lio_sam_op -- -j12 -l12
[0.569s] DEBUG:colcon.colcon_core.event_handler.log_command:Invoking command in '/home/korey/Desktop/lio_nav2/build/lio_sam_op': CMAKE_PREFIX_PATH=/opt/ros/foxy /home/korey/.local/bin/cmake --install /home/korey/Desktop/lio_nav2/build/lio_sam_op
[0.569s] Level 1:colcon.colcon_core.environment:create_environment_scripts_only(robot_navigation2)
[0.570s] Level 1:colcon.colcon_core.environment:checking '/home/korey/Desktop/lio_nav2/install/robot_navigation2' for CMake module files
[0.570s] DEBUG:colcon.colcon_core.event_handler.log_command:Invoked command in '/home/korey/Desktop/lio_nav2/build/robot_navigation2' returned '0': CMAKE_PREFIX_PATH=/opt/ros/foxy /home/korey/.local/bin/cmake --install /home/korey/Desktop/lio_nav2/build/robot_navigation2
[0.571s] Level 1:colcon.colcon_core.environment:checking '/home/korey/Desktop/lio_nav2/install/robot_navigation2' for CMake config files
[0.571s] Level 1:colcon.colcon_core.shell:create_environment_hook('robot_navigation2', 'cmake_prefix_path')
[0.571s] INFO:colcon.colcon_core.shell:Creating environment hook '/home/korey/Desktop/lio_nav2/install/robot_navigation2/share/robot_navigation2/hook/cmake_prefix_path.ps1'
[0.572s] INFO:colcon.colcon_core.shell:Creating environment descriptor '/home/korey/Desktop/lio_nav2/install/robot_navigation2/share/robot_navigation2/hook/cmake_prefix_path.dsv'
[0.572s] INFO:colcon.colcon_core.shell:Creating environment hook '/home/korey/Desktop/lio_nav2/install/robot_navigation2/share/robot_navigation2/hook/cmake_prefix_path.sh'
[0.573s] Level 1:colcon.colcon_core.environment:checking '/home/korey/Desktop/lio_nav2/install/robot_navigation2/lib'
[0.573s] Level 1:colcon.colcon_core.environment:checking '/home/korey/Desktop/lio_nav2/install/robot_navigation2/bin'
[0.573s] Level 1:colcon.colcon_core.environment:checking '/home/korey/Desktop/lio_nav2/install/robot_navigation2/lib/pkgconfig/robot_navigation2.pc'
[0.573s] Level 1:colcon.colcon_core.environment:checking '/home/korey/Desktop/lio_nav2/install/robot_navigation2/lib/python3.8/site-packages'
[0.573s] Level 1:colcon.colcon_core.shell:create_environment_hook('robot_navigation2', 'pythonpath')
[0.573s] INFO:colcon.colcon_core.shell:Creating environment hook '/home/korey/Desktop/lio_nav2/install/robot_navigation2/share/robot_navigation2/hook/pythonpath.ps1'
[0.574s] INFO:colcon.colcon_core.shell:Creating environment descriptor '/home/korey/Desktop/lio_nav2/install/robot_navigation2/share/robot_navigation2/hook/pythonpath.dsv'
[0.574s] INFO:colcon.colcon_core.shell:Creating environment hook '/home/korey/Desktop/lio_nav2/install/robot_navigation2/share/robot_navigation2/hook/pythonpath.sh'
[0.574s] Level 1:colcon.colcon_core.environment:checking '/home/korey/Desktop/lio_nav2/install/robot_navigation2/bin'
[0.575s] INFO:colcon.colcon_core.shell:Creating package script '/home/korey/Desktop/lio_nav2/install/robot_navigation2/share/robot_navigation2/package.ps1'
[0.575s] INFO:colcon.colcon_core.shell:Creating package descriptor '/home/korey/Desktop/lio_nav2/install/robot_navigation2/share/robot_navigation2/package.dsv'
[0.576s] INFO:colcon.colcon_core.shell:Creating package script '/home/korey/Desktop/lio_nav2/install/robot_navigation2/share/robot_navigation2/package.sh'
[0.576s] INFO:colcon.colcon_core.shell:Creating package script '/home/korey/Desktop/lio_nav2/install/robot_navigation2/share/robot_navigation2/package.bash'
[0.576s] INFO:colcon.colcon_core.shell:Creating package script '/home/korey/Desktop/lio_nav2/install/robot_navigation2/share/robot_navigation2/package.zsh'
[0.577s] Level 1:colcon.colcon_core.environment:create_file_with_runtime_dependencies(/home/korey/Desktop/lio_nav2/install/robot_navigation2/share/colcon-core/packages/robot_navigation2)
[0.577s] Level 1:colcon.colcon_core.environment:create_environment_scripts_only(robot_navigation2)
[0.577s] Level 1:colcon.colcon_core.environment:checking '/home/korey/Desktop/lio_nav2/install/robot_navigation2' for CMake module files
[0.578s] Level 1:colcon.colcon_core.environment:checking '/home/korey/Desktop/lio_nav2/install/robot_navigation2' for CMake config files
[0.578s] Level 1:colcon.colcon_core.shell:create_environment_hook('robot_navigation2', 'cmake_prefix_path')
[0.578s] INFO:colcon.colcon_core.shell:Creating environment hook '/home/korey/Desktop/lio_nav2/install/robot_navigation2/share/robot_navigation2/hook/cmake_prefix_path.ps1'
[0.579s] INFO:colcon.colcon_core.shell:Creating environment descriptor '/home/korey/Desktop/lio_nav2/install/robot_navigation2/share/robot_navigation2/hook/cmake_prefix_path.dsv'
[0.579s] INFO:colcon.colcon_core.shell:Creating environment hook '/home/korey/Desktop/lio_nav2/install/robot_navigation2/share/robot_navigation2/hook/cmake_prefix_path.sh'
[0.579s] Level 1:colcon.colcon_core.environment:checking '/home/korey/Desktop/lio_nav2/install/robot_navigation2/lib'
[0.579s] Level 1:colcon.colcon_core.environment:checking '/home/korey/Desktop/lio_nav2/install/robot_navigation2/bin'
[0.580s] Level 1:colcon.colcon_core.environment:checking '/home/korey/Desktop/lio_nav2/install/robot_navigation2/lib/pkgconfig/robot_navigation2.pc'
[0.580s] Level 1:colcon.colcon_core.environment:checking '/home/korey/Desktop/lio_nav2/install/robot_navigation2/lib/python3.8/site-packages'
[0.580s] Level 1:colcon.colcon_core.shell:create_environment_hook('robot_navigation2', 'pythonpath')
[0.580s] INFO:colcon.colcon_core.shell:Creating environment hook '/home/korey/Desktop/lio_nav2/install/robot_navigation2/share/robot_navigation2/hook/pythonpath.ps1'
[0.580s] INFO:colcon.colcon_core.shell:Creating environment descriptor '/home/korey/Desktop/lio_nav2/install/robot_navigation2/share/robot_navigation2/hook/pythonpath.dsv'
[0.581s] INFO:colcon.colcon_core.shell:Creating environment hook '/home/korey/Desktop/lio_nav2/install/robot_navigation2/share/robot_navigation2/hook/pythonpath.sh'
[0.581s] Level 1:colcon.colcon_core.environment:checking '/home/korey/Desktop/lio_nav2/install/robot_navigation2/bin'
[0.582s] INFO:colcon.colcon_core.shell:Creating package script '/home/korey/Desktop/lio_nav2/install/robot_navigation2/share/robot_navigation2/package.ps1'
[0.582s] INFO:colcon.colcon_core.shell:Creating package descriptor '/home/korey/Desktop/lio_nav2/install/robot_navigation2/share/robot_navigation2/package.dsv'
[0.583s] INFO:colcon.colcon_core.shell:Creating package script '/home/korey/Desktop/lio_nav2/install/robot_navigation2/share/robot_navigation2/package.sh'
[0.583s] INFO:colcon.colcon_core.shell:Creating package script '/home/korey/Desktop/lio_nav2/install/robot_navigation2/share/robot_navigation2/package.bash'
[0.583s] INFO:colcon.colcon_core.shell:Creating package script '/home/korey/Desktop/lio_nav2/install/robot_navigation2/share/robot_navigation2/package.zsh'
[0.584s] Level 1:colcon.colcon_core.environment:create_file_with_runtime_dependencies(/home/korey/Desktop/lio_nav2/install/robot_navigation2/share/colcon-core/packages/robot_navigation2)
[0.644s] Level 1:colcon.colcon_core.environment:create_environment_scripts_only(lio_sam_op)
[0.645s] Level 1:colcon.colcon_core.environment:checking '/home/korey/Desktop/lio_nav2/install/lio_sam_op' for CMake module files
[0.645s] DEBUG:colcon.colcon_core.event_handler.log_command:Invoked command in '/home/korey/Desktop/lio_nav2/build/lio_sam_op' returned '0': CMAKE_PREFIX_PATH=/opt/ros/foxy /home/korey/.local/bin/cmake --install /home/korey/Desktop/lio_nav2/build/lio_sam_op
[0.646s] Level 1:colcon.colcon_core.environment:checking '/home/korey/Desktop/lio_nav2/install/lio_sam_op' for CMake config files
[0.647s] Level 1:colcon.colcon_core.shell:create_environment_hook('lio_sam_op', 'cmake_prefix_path')
[0.647s] INFO:colcon.colcon_core.shell:Creating environment hook '/home/korey/Desktop/lio_nav2/install/lio_sam_op/share/lio_sam_op/hook/cmake_prefix_path.ps1'
[0.648s] INFO:colcon.colcon_core.shell:Creating environment descriptor '/home/korey/Desktop/lio_nav2/install/lio_sam_op/share/lio_sam_op/hook/cmake_prefix_path.dsv'
[0.648s] INFO:colcon.colcon_core.shell:Creating environment hook '/home/korey/Desktop/lio_nav2/install/lio_sam_op/share/lio_sam_op/hook/cmake_prefix_path.sh'
[0.648s] Level 1:colcon.colcon_core.environment:checking '/home/korey/Desktop/lio_nav2/install/lio_sam_op/lib'
[0.649s] Level 1:colcon.colcon_core.shell:create_environment_hook('lio_sam_op', 'ld_library_path_lib')
[0.649s] INFO:colcon.colcon_core.shell:Creating environment hook '/home/korey/Desktop/lio_nav2/install/lio_sam_op/share/lio_sam_op/hook/ld_library_path_lib.ps1'
[0.649s] INFO:colcon.colcon_core.shell:Creating environment descriptor '/home/korey/Desktop/lio_nav2/install/lio_sam_op/share/lio_sam_op/hook/ld_library_path_lib.dsv'
[0.649s] INFO:colcon.colcon_core.shell:Creating environment hook '/home/korey/Desktop/lio_nav2/install/lio_sam_op/share/lio_sam_op/hook/ld_library_path_lib.sh'
[0.650s] Level 1:colcon.colcon_core.environment:checking '/home/korey/Desktop/lio_nav2/install/lio_sam_op/bin'
[0.650s] Level 1:colcon.colcon_core.environment:checking '/home/korey/Desktop/lio_nav2/install/lio_sam_op/lib/pkgconfig/lio_sam_op.pc'
[0.650s] Level 1:colcon.colcon_core.environment:checking '/home/korey/Desktop/lio_nav2/install/lio_sam_op/lib/python3.8/site-packages'
[0.650s] Level 1:colcon.colcon_core.shell:create_environment_hook('lio_sam_op', 'pythonpath')
[0.650s] INFO:colcon.colcon_core.shell:Creating environment hook '/home/korey/Desktop/lio_nav2/install/lio_sam_op/share/lio_sam_op/hook/pythonpath.ps1'
[0.650s] INFO:colcon.colcon_core.shell:Creating environment descriptor '/home/korey/Desktop/lio_nav2/install/lio_sam_op/share/lio_sam_op/hook/pythonpath.dsv'
[0.651s] INFO:colcon.colcon_core.shell:Creating environment hook '/home/korey/Desktop/lio_nav2/install/lio_sam_op/share/lio_sam_op/hook/pythonpath.sh'
[0.651s] Level 1:colcon.colcon_core.environment:checking '/home/korey/Desktop/lio_nav2/install/lio_sam_op/bin'
[0.652s] INFO:colcon.colcon_core.shell:Creating package script '/home/korey/Desktop/lio_nav2/install/lio_sam_op/share/lio_sam_op/package.ps1'
[0.652s] INFO:colcon.colcon_core.shell:Creating package descriptor '/home/korey/Desktop/lio_nav2/install/lio_sam_op/share/lio_sam_op/package.dsv'
[0.653s] INFO:colcon.colcon_core.shell:Creating package script '/home/korey/Desktop/lio_nav2/install/lio_sam_op/share/lio_sam_op/package.sh'
[0.653s] INFO:colcon.colcon_core.shell:Creating package script '/home/korey/Desktop/lio_nav2/install/lio_sam_op/share/lio_sam_op/package.bash'
[0.653s] INFO:colcon.colcon_core.shell:Creating package script '/home/korey/Desktop/lio_nav2/install/lio_sam_op/share/lio_sam_op/package.zsh'
[0.654s] Level 1:colcon.colcon_core.environment:create_file_with_runtime_dependencies(/home/korey/Desktop/lio_nav2/install/lio_sam_op/share/colcon-core/packages/lio_sam_op)
[0.654s] Level 1:colcon.colcon_core.environment:create_environment_scripts_only(lio_sam_op)
[0.654s] Level 1:colcon.colcon_core.environment:checking '/home/korey/Desktop/lio_nav2/install/lio_sam_op' for CMake module files
[0.655s] Level 1:colcon.colcon_core.environment:checking '/home/korey/Desktop/lio_nav2/install/lio_sam_op' for CMake config files
[0.656s] Level 1:colcon.colcon_core.shell:create_environment_hook('lio_sam_op', 'cmake_prefix_path')
[0.656s] INFO:colcon.colcon_core.shell:Creating environment hook '/home/korey/Desktop/lio_nav2/install/lio_sam_op/share/lio_sam_op/hook/cmake_prefix_path.ps1'
[0.656s] INFO:colcon.colcon_core.shell:Creating environment descriptor '/home/korey/Desktop/lio_nav2/install/lio_sam_op/share/lio_sam_op/hook/cmake_prefix_path.dsv'
[0.657s] INFO:colcon.colcon_core.shell:Creating environment hook '/home/korey/Desktop/lio_nav2/install/lio_sam_op/share/lio_sam_op/hook/cmake_prefix_path.sh'
[0.657s] Level 1:colcon.colcon_core.environment:checking '/home/korey/Desktop/lio_nav2/install/lio_sam_op/lib'
[0.657s] Level 1:colcon.colcon_core.shell:create_environment_hook('lio_sam_op', 'ld_library_path_lib')
[0.657s] INFO:colcon.colcon_core.shell:Creating environment hook '/home/korey/Desktop/lio_nav2/install/lio_sam_op/share/lio_sam_op/hook/ld_library_path_lib.ps1'
[0.658s] INFO:colcon.colcon_core.shell:Creating environment descriptor '/home/korey/Desktop/lio_nav2/install/lio_sam_op/share/lio_sam_op/hook/ld_library_path_lib.dsv'
[0.658s] INFO:colcon.colcon_core.shell:Creating environment hook '/home/korey/Desktop/lio_nav2/install/lio_sam_op/share/lio_sam_op/hook/ld_library_path_lib.sh'
[0.658s] Level 1:colcon.colcon_core.environment:checking '/home/korey/Desktop/lio_nav2/install/lio_sam_op/bin'
[0.658s] Level 1:colcon.colcon_core.environment:checking '/home/korey/Desktop/lio_nav2/install/lio_sam_op/lib/pkgconfig/lio_sam_op.pc'
[0.659s] Level 1:colcon.colcon_core.environment:checking '/home/korey/Desktop/lio_nav2/install/lio_sam_op/lib/python3.8/site-packages'
[0.659s] Level 1:colcon.colcon_core.shell:create_environment_hook('lio_sam_op', 'pythonpath')
[0.659s] INFO:colcon.colcon_core.shell:Creating environment hook '/home/korey/Desktop/lio_nav2/install/lio_sam_op/share/lio_sam_op/hook/pythonpath.ps1'
[0.659s] INFO:colcon.colcon_core.shell:Creating environment descriptor '/home/korey/Desktop/lio_nav2/install/lio_sam_op/share/lio_sam_op/hook/pythonpath.dsv'
[0.659s] INFO:colcon.colcon_core.shell:Creating environment hook '/home/korey/Desktop/lio_nav2/install/lio_sam_op/share/lio_sam_op/hook/pythonpath.sh'
[0.660s] Level 1:colcon.colcon_core.environment:checking '/home/korey/Desktop/lio_nav2/install/lio_sam_op/bin'
[0.660s] INFO:colcon.colcon_core.shell:Creating package script '/home/korey/Desktop/lio_nav2/install/lio_sam_op/share/lio_sam_op/package.ps1'
[0.661s] INFO:colcon.colcon_core.shell:Creating package descriptor '/home/korey/Desktop/lio_nav2/install/lio_sam_op/share/lio_sam_op/package.dsv'
[0.661s] INFO:colcon.colcon_core.shell:Creating package script '/home/korey/Desktop/lio_nav2/install/lio_sam_op/share/lio_sam_op/package.sh'
[0.662s] INFO:colcon.colcon_core.shell:Creating package script '/home/korey/Desktop/lio_nav2/install/lio_sam_op/share/lio_sam_op/package.bash'
[0.662s] INFO:colcon.colcon_core.shell:Creating package script '/home/korey/Desktop/lio_nav2/install/lio_sam_op/share/lio_sam_op/package.zsh'
[0.662s] Level 1:colcon.colcon_core.environment:create_file_with_runtime_dependencies(/home/korey/Desktop/lio_nav2/install/lio_sam_op/share/colcon-core/packages/lio_sam_op)
[0.662s] DEBUG:colcon.colcon_parallel_executor.executor.parallel:closing loop
[0.663s] DEBUG:colcon.colcon_parallel_executor.executor.parallel:loop closed
[0.663s] DEBUG:colcon.colcon_parallel_executor.executor.parallel:run_until_complete finished with '0'
[0.663s] DEBUG:colcon.colcon_core.event_reactor:joining thread
[0.667s] INFO:colcon.colcon_core.plugin_system:Skipping extension 'colcon_notification.desktop_notification.terminal_notifier': Not used on non-Darwin systems
[0.667s] INFO:colcon.colcon_core.plugin_system:Skipping extension 'colcon_notification.desktop_notification.win32': Not used on non-Windows systems
[0.667s] INFO:colcon.colcon_notification.desktop_notification:Sending desktop notification using 'notify2'
[0.682s] DEBUG:colcon.colcon_core.event_reactor:joined thread
[0.683s] INFO:colcon.colcon_core.shell:Creating prefix script '/home/korey/Desktop/lio_nav2/install/local_setup.ps1'
[0.684s] INFO:colcon.colcon_core.shell:Creating prefix util module '/home/korey/Desktop/lio_nav2/install/_local_setup_util_ps1.py'
[0.686s] INFO:colcon.colcon_core.shell:Creating prefix chain script '/home/korey/Desktop/lio_nav2/install/setup.ps1'
[0.688s] INFO:colcon.colcon_core.shell:Creating prefix script '/home/korey/Desktop/lio_nav2/install/local_setup.sh'
[0.689s] INFO:colcon.colcon_core.shell:Creating prefix util module '/home/korey/Desktop/lio_nav2/install/_local_setup_util_sh.py'
[0.690s] INFO:colcon.colcon_core.shell:Creating prefix chain script '/home/korey/Desktop/lio_nav2/install/setup.sh'
[0.691s] INFO:colcon.colcon_core.shell:Creating prefix script '/home/korey/Desktop/lio_nav2/install/local_setup.bash'
[0.692s] INFO:colcon.colcon_core.shell:Creating prefix chain script '/home/korey/Desktop/lio_nav2/install/setup.bash'
[0.693s] INFO:colcon.colcon_core.shell:Creating prefix script '/home/korey/Desktop/lio_nav2/install/local_setup.zsh'
[0.693s] INFO:colcon.colcon_core.shell:Creating prefix chain script '/home/korey/Desktop/lio_nav2/install/setup.zsh'
