[0.034s] Invoking command in '/home/korey/Desktop/lio-sam_simulation_navigation/build/pointcloud_to_laserscan': /home/korey/.local/bin/cmake /home/korey/Desktop/lio-sam_simulation_navigation/src/pointcloud_to_laserscan -DCMAKE_INSTALL_PREFIX=/home/korey/Desktop/lio-sam_simulation_navigation/install/pointcloud_to_laserscan
[0.181s] -- The C compiler identification is GNU 9.4.0
[0.297s] -- The CXX compiler identification is GNU 9.4.0
[0.311s] -- Detecting C compiler ABI info
[0.377s] -- Detecting C compiler ABI info - done
[0.391s] -- Check for working C compiler: /usr/bin/cc - skipped
[0.391s] -- Detecting C compile features
[0.392s] -- Detecting C compile features - done
[0.396s] -- Detecting CXX compiler ABI info
[0.468s] -- Detecting CXX compiler ABI info - done
[0.480s] -- Check for working CXX compiler: /usr/bin/c++ - skipped
[0.480s] -- Detecting CXX compile features
[0.481s] -- Detecting CXX compile features - done
[0.507s] [31mCMake Error at CMakeLists.txt:7 (find_package):
[0.507s]   By not providing "Findament_cmake_auto.cmake" in CMAKE_MODULE_PATH this
[0.507s]   project has asked CMake to find a package configuration file provided by
[0.507s]   "ament_cmake_auto", but CMake did not find one.
[0.507s] 
[0.507s]   Could not find a package configuration file provided by "ament_cmake_auto"
[0.507s]   with any of the following names:
[0.508s] 
[0.510s]     ament_cmake_autoConfig.cmake
[0.511s]     ament_cmake_auto-config.cmake
[0.511s] 
[0.511s]   Add the installation prefix of "ament_cmake_auto" to CMAKE_PREFIX_PATH or
[0.511s]   set "ament_cmake_auto_DIR" to a directory containing one of the above
[0.511s]   files.  If "ament_cmake_auto" provides a separate development package or
[0.511s]   SDK, be sure it has been installed.
[0.512s] 
[0.512s] [0m
[0.512s] -- Configuring incomplete, errors occurred!
[0.512s] See also "/home/korey/Desktop/lio-sam_simulation_navigation/build/pointcloud_to_laserscan/CMakeFiles/CMakeOutput.log".
[0.534s] Invoked command in '/home/korey/Desktop/lio-sam_simulation_navigation/build/pointcloud_to_laserscan' returned '1': /home/korey/.local/bin/cmake /home/korey/Desktop/lio-sam_simulation_navigation/src/pointcloud_to_laserscan -DCMAKE_INSTALL_PREFIX=/home/korey/Desktop/lio-sam_simulation_navigation/install/pointcloud_to_laserscan
