[0.173s] DEBUG:colcon:Command line arguments: ['/usr/bin/colcon', 'build', '--packages-select', 'lio_sam_op', 'robot_bringup', '--symlink-install', '--event-handlers', 'console_direct+']
[0.173s] DEBUG:colcon:Parsed command line arguments: Namespace(allow_overriding=[], ament_cmake_args=None, base_paths=['.'], build_base='build', catkin_cmake_args=None, catkin_skip_building_tests=False, cmake_args=None, cmake_clean_cache=False, cmake_clean_first=False, cmake_force_configure=False, cmake_target=None, cmake_target_skip_unavailable=False, continue_on_error=False, event_handlers=['console_direct+'], executor='parallel', ignore_user_meta=False, install_base='install', log_base=None, log_level=None, main=<bound method BuildVerb.main of <colcon_core.verb.build.BuildVerb object at 0x7fb27efc7fd0>>, merge_install=False, metas=['./colcon.meta'], packages_above=None, packages_above_and_dependencies=None, packages_above_depth=None, packages_end=None, packages_ignore=None, packages_ignore_regex=None, packages_select=['lio_sam_op', 'robot_bringup'], packages_select_build_failed=False, packages_select_by_dep=None, packages_select_regex=None, packages_select_test_failures=False, packages_skip=None, packages_skip_build_finished=False, packages_skip_by_dep=None, packages_skip_regex=None, packages_skip_test_passed=False, packages_skip_up_to=None, packages_start=None, packages_up_to=None, packages_up_to_regex=None, parallel_workers=12, paths=None, symlink_install=True, test_result_base=None, verb_extension=<colcon_core.verb.build.BuildVerb object at 0x7fb27efc7fd0>, verb_name='build', verb_parser=<colcon_defaults.argument_parser.defaults.DefaultArgumentsDecorator object at 0x7fb27ef8e700>)
[0.211s] Level 1:colcon.colcon_core.package_discovery:discover_packages(colcon_meta) check parameters
[0.211s] Level 1:colcon.colcon_core.package_discovery:discover_packages(recursive) check parameters
[0.211s] Level 1:colcon.colcon_core.package_discovery:discover_packages(ignore) check parameters
[0.211s] Level 1:colcon.colcon_core.package_discovery:discover_packages(path) check parameters
[0.211s] Level 1:colcon.colcon_core.package_discovery:discover_packages(colcon_meta) discover
[0.211s] Level 1:colcon.colcon_core.package_discovery:discover_packages(recursive) discover
[0.211s] INFO:colcon.colcon_core.package_discovery:Crawling recursively for packages in '/home/korey/Desktop/lio-sam_simulation_navigation'
[0.211s] Level 1:colcon.colcon_core.package_identification:_identify(.) by extensions ['ignore', 'ignore_ament_install']
[0.211s] Level 1:colcon.colcon_core.package_identification:_identify(.) by extension 'ignore'
[0.211s] Level 1:colcon.colcon_core.package_identification:_identify(.) by extension 'ignore_ament_install'
[0.211s] Level 1:colcon.colcon_core.package_identification:_identify(.) by extensions ['colcon_pkg']
[0.211s] Level 1:colcon.colcon_core.package_identification:_identify(.) by extension 'colcon_pkg'
[0.211s] Level 1:colcon.colcon_core.package_identification:_identify(.) by extensions ['colcon_meta']
[0.211s] Level 1:colcon.colcon_core.package_identification:_identify(.) by extension 'colcon_meta'
[0.211s] Level 1:colcon.colcon_core.package_identification:_identify(.) by extensions ['ros']
[0.211s] Level 1:colcon.colcon_core.package_identification:_identify(.) by extension 'ros'
[0.223s] Level 1:colcon.colcon_core.package_identification:_identify(.) by extensions ['cmake', 'python']
[0.223s] Level 1:colcon.colcon_core.package_identification:_identify(.) by extension 'cmake'
[0.223s] Level 1:colcon.colcon_core.package_identification:_identify(.) by extension 'python'
[0.223s] Level 1:colcon.colcon_core.package_identification:_identify(.) by extensions ['python_setup_py']
[0.223s] Level 1:colcon.colcon_core.package_identification:_identify(.) by extension 'python_setup_py'
[0.223s] Level 1:colcon.colcon_core.package_identification:_identify(build) by extensions ['ignore', 'ignore_ament_install']
[0.223s] Level 1:colcon.colcon_core.package_identification:_identify(build) by extension 'ignore'
[0.223s] Level 1:colcon.colcon_core.package_identification:_identify(build) ignored
[0.224s] Level 1:colcon.colcon_core.package_identification:_identify(install) by extensions ['ignore', 'ignore_ament_install']
[0.224s] Level 1:colcon.colcon_core.package_identification:_identify(install) by extension 'ignore'
[0.224s] Level 1:colcon.colcon_core.package_identification:_identify(install) ignored
[0.224s] Level 1:colcon.colcon_core.package_identification:_identify(log) by extensions ['ignore', 'ignore_ament_install']
[0.224s] Level 1:colcon.colcon_core.package_identification:_identify(log) by extension 'ignore'
[0.224s] Level 1:colcon.colcon_core.package_identification:_identify(log) ignored
[0.224s] Level 1:colcon.colcon_core.package_identification:_identify(scripts) by extensions ['ignore', 'ignore_ament_install']
[0.224s] Level 1:colcon.colcon_core.package_identification:_identify(scripts) by extension 'ignore'
[0.224s] Level 1:colcon.colcon_core.package_identification:_identify(scripts) by extension 'ignore_ament_install'
[0.224s] Level 1:colcon.colcon_core.package_identification:_identify(scripts) by extensions ['colcon_pkg']
[0.224s] Level 1:colcon.colcon_core.package_identification:_identify(scripts) by extension 'colcon_pkg'
[0.224s] Level 1:colcon.colcon_core.package_identification:_identify(scripts) by extensions ['colcon_meta']
[0.224s] Level 1:colcon.colcon_core.package_identification:_identify(scripts) by extension 'colcon_meta'
[0.224s] Level 1:colcon.colcon_core.package_identification:_identify(scripts) by extensions ['ros']
[0.224s] Level 1:colcon.colcon_core.package_identification:_identify(scripts) by extension 'ros'
[0.224s] Level 1:colcon.colcon_core.package_identification:_identify(scripts) by extensions ['cmake', 'python']
[0.224s] Level 1:colcon.colcon_core.package_identification:_identify(scripts) by extension 'cmake'
[0.224s] Level 1:colcon.colcon_core.package_identification:_identify(scripts) by extension 'python'
[0.224s] Level 1:colcon.colcon_core.package_identification:_identify(scripts) by extensions ['python_setup_py']
[0.224s] Level 1:colcon.colcon_core.package_identification:_identify(scripts) by extension 'python_setup_py'
[0.224s] Level 1:colcon.colcon_core.package_identification:_identify(src) by extensions ['ignore', 'ignore_ament_install']
[0.224s] Level 1:colcon.colcon_core.package_identification:_identify(src) by extension 'ignore'
[0.224s] Level 1:colcon.colcon_core.package_identification:_identify(src) by extension 'ignore_ament_install'
[0.225s] Level 1:colcon.colcon_core.package_identification:_identify(src) by extensions ['colcon_pkg']
[0.225s] Level 1:colcon.colcon_core.package_identification:_identify(src) by extension 'colcon_pkg'
[0.225s] Level 1:colcon.colcon_core.package_identification:_identify(src) by extensions ['colcon_meta']
[0.225s] Level 1:colcon.colcon_core.package_identification:_identify(src) by extension 'colcon_meta'
[0.225s] Level 1:colcon.colcon_core.package_identification:_identify(src) by extensions ['ros']
[0.225s] Level 1:colcon.colcon_core.package_identification:_identify(src) by extension 'ros'
[0.225s] Level 1:colcon.colcon_core.package_identification:_identify(src) by extensions ['cmake', 'python']
[0.225s] Level 1:colcon.colcon_core.package_identification:_identify(src) by extension 'cmake'
[0.225s] Level 1:colcon.colcon_core.package_identification:_identify(src) by extension 'python'
[0.225s] Level 1:colcon.colcon_core.package_identification:_identify(src) by extensions ['python_setup_py']
[0.225s] Level 1:colcon.colcon_core.package_identification:_identify(src) by extension 'python_setup_py'
[0.225s] Level 1:colcon.colcon_core.package_identification:_identify(src/LIO-SAM) by extensions ['ignore', 'ignore_ament_install']
[0.225s] Level 1:colcon.colcon_core.package_identification:_identify(src/LIO-SAM) by extension 'ignore'
[0.225s] Level 1:colcon.colcon_core.package_identification:_identify(src/LIO-SAM) by extension 'ignore_ament_install'
[0.225s] Level 1:colcon.colcon_core.package_identification:_identify(src/LIO-SAM) by extensions ['colcon_pkg']
[0.225s] Level 1:colcon.colcon_core.package_identification:_identify(src/LIO-SAM) by extension 'colcon_pkg'
[0.225s] Level 1:colcon.colcon_core.package_identification:_identify(src/LIO-SAM) by extensions ['colcon_meta']
[0.225s] Level 1:colcon.colcon_core.package_identification:_identify(src/LIO-SAM) by extension 'colcon_meta'
[0.225s] Level 1:colcon.colcon_core.package_identification:_identify(src/LIO-SAM) by extensions ['ros']
[0.225s] Level 1:colcon.colcon_core.package_identification:_identify(src/LIO-SAM) by extension 'ros'
[0.227s] DEBUG:colcon.colcon_core.package_identification:Package 'src/LIO-SAM' with type 'ros.ament_cmake' and name 'lio_sam_op'
[0.227s] Level 1:colcon.colcon_core.package_identification:_identify(src/pointcloud_downsampling) by extensions ['ignore', 'ignore_ament_install']
[0.228s] Level 1:colcon.colcon_core.package_identification:_identify(src/pointcloud_downsampling) by extension 'ignore'
[0.228s] Level 1:colcon.colcon_core.package_identification:_identify(src/pointcloud_downsampling) by extension 'ignore_ament_install'
[0.228s] Level 1:colcon.colcon_core.package_identification:_identify(src/pointcloud_downsampling) by extensions ['colcon_pkg']
[0.228s] Level 1:colcon.colcon_core.package_identification:_identify(src/pointcloud_downsampling) by extension 'colcon_pkg'
[0.228s] Level 1:colcon.colcon_core.package_identification:_identify(src/pointcloud_downsampling) by extensions ['colcon_meta']
[0.228s] Level 1:colcon.colcon_core.package_identification:_identify(src/pointcloud_downsampling) by extension 'colcon_meta'
[0.228s] Level 1:colcon.colcon_core.package_identification:_identify(src/pointcloud_downsampling) by extensions ['ros']
[0.228s] Level 1:colcon.colcon_core.package_identification:_identify(src/pointcloud_downsampling) by extension 'ros'
[0.229s] DEBUG:colcon.colcon_core.package_identification:Package 'src/pointcloud_downsampling' with type 'ros.ament_cmake' and name 'pointcloud_downsampling'
[0.229s] Level 1:colcon.colcon_core.package_identification:_identify(src/pointcloud_to_laserscan) by extensions ['ignore', 'ignore_ament_install']
[0.229s] Level 1:colcon.colcon_core.package_identification:_identify(src/pointcloud_to_laserscan) by extension 'ignore'
[0.229s] Level 1:colcon.colcon_core.package_identification:_identify(src/pointcloud_to_laserscan) by extension 'ignore_ament_install'
[0.229s] Level 1:colcon.colcon_core.package_identification:_identify(src/pointcloud_to_laserscan) by extensions ['colcon_pkg']
[0.229s] Level 1:colcon.colcon_core.package_identification:_identify(src/pointcloud_to_laserscan) by extension 'colcon_pkg'
[0.229s] Level 1:colcon.colcon_core.package_identification:_identify(src/pointcloud_to_laserscan) by extensions ['colcon_meta']
[0.229s] Level 1:colcon.colcon_core.package_identification:_identify(src/pointcloud_to_laserscan) by extension 'colcon_meta'
[0.229s] Level 1:colcon.colcon_core.package_identification:_identify(src/pointcloud_to_laserscan) by extensions ['ros']
[0.229s] Level 1:colcon.colcon_core.package_identification:_identify(src/pointcloud_to_laserscan) by extension 'ros'
[0.230s] DEBUG:colcon.colcon_core.package_identification:Package 'src/pointcloud_to_laserscan' with type 'ros.ament_cmake' and name 'pointcloud_to_laserscan'
[0.231s] Level 1:colcon.colcon_core.package_identification:_identify(src/robot_bringup) by extensions ['ignore', 'ignore_ament_install']
[0.231s] Level 1:colcon.colcon_core.package_identification:_identify(src/robot_bringup) by extension 'ignore'
[0.231s] Level 1:colcon.colcon_core.package_identification:_identify(src/robot_bringup) by extension 'ignore_ament_install'
[0.231s] Level 1:colcon.colcon_core.package_identification:_identify(src/robot_bringup) by extensions ['colcon_pkg']
[0.231s] Level 1:colcon.colcon_core.package_identification:_identify(src/robot_bringup) by extension 'colcon_pkg'
[0.231s] Level 1:colcon.colcon_core.package_identification:_identify(src/robot_bringup) by extensions ['colcon_meta']
[0.231s] Level 1:colcon.colcon_core.package_identification:_identify(src/robot_bringup) by extension 'colcon_meta'
[0.231s] Level 1:colcon.colcon_core.package_identification:_identify(src/robot_bringup) by extensions ['ros']
[0.231s] Level 1:colcon.colcon_core.package_identification:_identify(src/robot_bringup) by extension 'ros'
[0.231s] DEBUG:colcon.colcon_core.package_identification:Package 'src/robot_bringup' with type 'ros.ament_cmake' and name 'robot_bringup'
[0.232s] Level 1:colcon.colcon_core.package_identification:_identify(src/robot_navigation2) by extensions ['ignore', 'ignore_ament_install']
[0.232s] Level 1:colcon.colcon_core.package_identification:_identify(src/robot_navigation2) by extension 'ignore'
[0.232s] Level 1:colcon.colcon_core.package_identification:_identify(src/robot_navigation2) by extension 'ignore_ament_install'
[0.232s] Level 1:colcon.colcon_core.package_identification:_identify(src/robot_navigation2) by extensions ['colcon_pkg']
[0.232s] Level 1:colcon.colcon_core.package_identification:_identify(src/robot_navigation2) by extension 'colcon_pkg'
[0.232s] Level 1:colcon.colcon_core.package_identification:_identify(src/robot_navigation2) by extensions ['colcon_meta']
[0.232s] Level 1:colcon.colcon_core.package_identification:_identify(src/robot_navigation2) by extension 'colcon_meta'
[0.232s] Level 1:colcon.colcon_core.package_identification:_identify(src/robot_navigation2) by extensions ['ros']
[0.232s] Level 1:colcon.colcon_core.package_identification:_identify(src/robot_navigation2) by extension 'ros'
[0.232s] DEBUG:colcon.colcon_core.package_identification:Package 'src/robot_navigation2' with type 'ros.ament_cmake' and name 'robot_navigation2'
[0.232s] Level 1:colcon.colcon_core.package_discovery:discover_packages(recursive) using defaults
[0.232s] Level 1:colcon.colcon_core.package_discovery:discover_packages(ignore) discover
[0.232s] Level 1:colcon.colcon_core.package_discovery:discover_packages(ignore) using defaults
[0.232s] Level 1:colcon.colcon_core.package_discovery:discover_packages(path) discover
[0.232s] Level 1:colcon.colcon_core.package_discovery:discover_packages(path) using defaults
[0.247s] INFO:colcon.colcon_core.package_selection:Skipping not selected package 'pointcloud_downsampling' in 'src/pointcloud_downsampling'
[0.247s] INFO:colcon.colcon_core.package_selection:Skipping not selected package 'pointcloud_to_laserscan' in 'src/pointcloud_to_laserscan'
[0.247s] INFO:colcon.colcon_core.package_selection:Skipping not selected package 'robot_navigation2' in 'src/robot_navigation2'
[0.247s] Level 1:colcon.colcon_core.package_discovery:discover_packages(prefix_path) check parameters
[0.247s] Level 1:colcon.colcon_core.package_discovery:discover_packages(prefix_path) discover
[0.250s] DEBUG:colcon.colcon_installed_package_information.package_discovery:Found 327 installed packages in /opt/ros/foxy
[0.251s] Level 1:colcon.colcon_core.package_discovery:discover_packages(prefix_path) using defaults
[0.296s] Level 5:colcon.colcon_core.verb:set package 'lio_sam_op' build argument 'cmake_args' from command line to 'None'
[0.296s] Level 5:colcon.colcon_core.verb:set package 'lio_sam_op' build argument 'cmake_target' from command line to 'None'
[0.296s] Level 5:colcon.colcon_core.verb:set package 'lio_sam_op' build argument 'cmake_target_skip_unavailable' from command line to 'False'
[0.296s] Level 5:colcon.colcon_core.verb:set package 'lio_sam_op' build argument 'cmake_clean_cache' from command line to 'False'
[0.296s] Level 5:colcon.colcon_core.verb:set package 'lio_sam_op' build argument 'cmake_clean_first' from command line to 'False'
[0.296s] Level 5:colcon.colcon_core.verb:set package 'lio_sam_op' build argument 'cmake_force_configure' from command line to 'False'
[0.296s] Level 5:colcon.colcon_core.verb:set package 'lio_sam_op' build argument 'ament_cmake_args' from command line to 'None'
[0.296s] Level 5:colcon.colcon_core.verb:set package 'lio_sam_op' build argument 'catkin_cmake_args' from command line to 'None'
[0.296s] Level 5:colcon.colcon_core.verb:set package 'lio_sam_op' build argument 'catkin_skip_building_tests' from command line to 'False'
[0.296s] DEBUG:colcon.colcon_core.verb:Building package 'lio_sam_op' with the following arguments: {'ament_cmake_args': None, 'build_base': '/home/korey/Desktop/lio-sam_simulation_navigation/build/lio_sam_op', 'catkin_cmake_args': None, 'catkin_skip_building_tests': False, 'cmake_args': None, 'cmake_clean_cache': False, 'cmake_clean_first': False, 'cmake_force_configure': False, 'cmake_target': None, 'cmake_target_skip_unavailable': False, 'install_base': '/home/korey/Desktop/lio-sam_simulation_navigation/install/lio_sam_op', 'merge_install': False, 'path': '/home/korey/Desktop/lio-sam_simulation_navigation/src/LIO-SAM', 'symlink_install': True, 'test_result_base': None}
[0.296s] Level 5:colcon.colcon_core.verb:set package 'robot_bringup' build argument 'cmake_args' from command line to 'None'
[0.296s] Level 5:colcon.colcon_core.verb:set package 'robot_bringup' build argument 'cmake_target' from command line to 'None'
[0.296s] Level 5:colcon.colcon_core.verb:set package 'robot_bringup' build argument 'cmake_target_skip_unavailable' from command line to 'False'
[0.297s] Level 5:colcon.colcon_core.verb:set package 'robot_bringup' build argument 'cmake_clean_cache' from command line to 'False'
[0.297s] Level 5:colcon.colcon_core.verb:set package 'robot_bringup' build argument 'cmake_clean_first' from command line to 'False'
[0.297s] Level 5:colcon.colcon_core.verb:set package 'robot_bringup' build argument 'cmake_force_configure' from command line to 'False'
[0.297s] Level 5:colcon.colcon_core.verb:set package 'robot_bringup' build argument 'ament_cmake_args' from command line to 'None'
[0.297s] Level 5:colcon.colcon_core.verb:set package 'robot_bringup' build argument 'catkin_cmake_args' from command line to 'None'
[0.297s] Level 5:colcon.colcon_core.verb:set package 'robot_bringup' build argument 'catkin_skip_building_tests' from command line to 'False'
[0.297s] DEBUG:colcon.colcon_core.verb:Building package 'robot_bringup' with the following arguments: {'ament_cmake_args': None, 'build_base': '/home/korey/Desktop/lio-sam_simulation_navigation/build/robot_bringup', 'catkin_cmake_args': None, 'catkin_skip_building_tests': False, 'cmake_args': None, 'cmake_clean_cache': False, 'cmake_clean_first': False, 'cmake_force_configure': False, 'cmake_target': None, 'cmake_target_skip_unavailable': False, 'install_base': '/home/korey/Desktop/lio-sam_simulation_navigation/install/robot_bringup', 'merge_install': False, 'path': '/home/korey/Desktop/lio-sam_simulation_navigation/src/robot_bringup', 'symlink_install': True, 'test_result_base': None}
[0.297s] INFO:colcon.colcon_core.executor:Executing jobs using 'parallel' executor
[0.297s] DEBUG:colcon.colcon_parallel_executor.executor.parallel:run_until_complete
[0.298s] INFO:colcon.colcon_ros.task.ament_cmake.build:Building ROS package in '/home/korey/Desktop/lio-sam_simulation_navigation/src/LIO-SAM' with build type 'ament_cmake'
[0.298s] INFO:colcon.colcon_cmake.task.cmake.build:Building CMake package in '/home/korey/Desktop/lio-sam_simulation_navigation/src/LIO-SAM'
[0.299s] INFO:colcon.colcon_core.plugin_system:Skipping extension 'colcon_core.shell.bat': Not used on non-Windows systems
[0.299s] INFO:colcon.colcon_core.shell:Skip shell extension 'powershell' for command environment: Not usable outside of PowerShell
[0.299s] DEBUG:colcon.colcon_core.shell:Skip shell extension 'dsv' for command environment
[0.305s] INFO:colcon.colcon_ros.task.ament_cmake.build:Building ROS package in '/home/korey/Desktop/lio-sam_simulation_navigation/src/robot_bringup' with build type 'ament_cmake'
[0.305s] INFO:colcon.colcon_cmake.task.cmake.build:Building CMake package in '/home/korey/Desktop/lio-sam_simulation_navigation/src/robot_bringup'
[0.306s] INFO:colcon.colcon_core.shell:Skip shell extension 'powershell' for command environment: Not usable outside of PowerShell
[0.306s] DEBUG:colcon.colcon_core.shell:Skip shell extension 'dsv' for command environment
[0.317s] DEBUG:colcon.colcon_core.event_handler.log_command:Invoking command in '/home/korey/Desktop/lio-sam_simulation_navigation/build/lio_sam_op': CMAKE_PREFIX_PATH=/opt/ros/foxy CONDA_PROMPT_MODIFIER=(base) /usr/bin/cmake /home/korey/Desktop/lio-sam_simulation_navigation/src/LIO-SAM -DAMENT_CMAKE_SYMLINK_INSTALL=1 -DCMAKE_INSTALL_PREFIX=/home/korey/Desktop/lio-sam_simulation_navigation/install/lio_sam_op
[0.323s] DEBUG:colcon.colcon_core.event_handler.log_command:Invoking command in '/home/korey/Desktop/lio-sam_simulation_navigation/build/robot_bringup': CMAKE_PREFIX_PATH=/opt/ros/foxy CONDA_PROMPT_MODIFIER=(base) /usr/bin/cmake --build /home/korey/Desktop/lio-sam_simulation_navigation/build/robot_bringup -- -j12 -l12
[0.427s] DEBUG:colcon.colcon_core.event_handler.log_command:Invoked command in '/home/korey/Desktop/lio-sam_simulation_navigation/build/robot_bringup' returned '0': CMAKE_PREFIX_PATH=/opt/ros/foxy CONDA_PROMPT_MODIFIER=(base) /usr/bin/cmake --build /home/korey/Desktop/lio-sam_simulation_navigation/build/robot_bringup -- -j12 -l12
[0.446s] DEBUG:colcon.colcon_core.event_handler.log_command:Invoking command in '/home/korey/Desktop/lio-sam_simulation_navigation/build/robot_bringup': CMAKE_PREFIX_PATH=/opt/ros/foxy CONDA_PROMPT_MODIFIER=(base) /usr/bin/cmake --install /home/korey/Desktop/lio-sam_simulation_navigation/build/robot_bringup
[0.471s] Level 1:colcon.colcon_core.environment:create_environment_scripts_only(robot_bringup)
[0.472s] DEBUG:colcon.colcon_core.event_handler.log_command:Invoked command in '/home/korey/Desktop/lio-sam_simulation_navigation/build/robot_bringup' returned '0': CMAKE_PREFIX_PATH=/opt/ros/foxy CONDA_PROMPT_MODIFIER=(base) /usr/bin/cmake --install /home/korey/Desktop/lio-sam_simulation_navigation/build/robot_bringup
[0.475s] Level 1:colcon.colcon_core.environment:checking '/home/korey/Desktop/lio-sam_simulation_navigation/install/robot_bringup' for CMake module files
[0.476s] Level 1:colcon.colcon_core.environment:checking '/home/korey/Desktop/lio-sam_simulation_navigation/install/robot_bringup' for CMake config files
[0.476s] Level 1:colcon.colcon_core.shell:create_environment_hook('robot_bringup', 'cmake_prefix_path')
[0.476s] INFO:colcon.colcon_core.shell:Creating environment hook '/home/korey/Desktop/lio-sam_simulation_navigation/install/robot_bringup/share/robot_bringup/hook/cmake_prefix_path.ps1'
[0.477s] INFO:colcon.colcon_core.shell:Creating environment descriptor '/home/korey/Desktop/lio-sam_simulation_navigation/install/robot_bringup/share/robot_bringup/hook/cmake_prefix_path.dsv'
[0.478s] INFO:colcon.colcon_core.shell:Creating environment hook '/home/korey/Desktop/lio-sam_simulation_navigation/install/robot_bringup/share/robot_bringup/hook/cmake_prefix_path.sh'
[0.479s] Level 1:colcon.colcon_core.environment:checking '/home/korey/Desktop/lio-sam_simulation_navigation/install/robot_bringup/lib'
[0.480s] Level 1:colcon.colcon_core.environment:checking '/home/korey/Desktop/lio-sam_simulation_navigation/install/robot_bringup/bin'
[0.480s] Level 1:colcon.colcon_core.environment:checking '/home/korey/Desktop/lio-sam_simulation_navigation/install/robot_bringup/lib/pkgconfig/robot_bringup.pc'
[0.480s] Level 1:colcon.colcon_core.environment:checking '/home/korey/Desktop/lio-sam_simulation_navigation/install/robot_bringup/lib/python3.8/site-packages'
[0.481s] Level 1:colcon.colcon_core.environment:checking '/home/korey/Desktop/lio-sam_simulation_navigation/install/robot_bringup/bin'
[0.481s] INFO:colcon.colcon_core.shell:Creating package script '/home/korey/Desktop/lio-sam_simulation_navigation/install/robot_bringup/share/robot_bringup/package.ps1'
[0.483s] INFO:colcon.colcon_core.shell:Creating package descriptor '/home/korey/Desktop/lio-sam_simulation_navigation/install/robot_bringup/share/robot_bringup/package.dsv'
[0.483s] INFO:colcon.colcon_core.shell:Creating package script '/home/korey/Desktop/lio-sam_simulation_navigation/install/robot_bringup/share/robot_bringup/package.sh'
[0.484s] INFO:colcon.colcon_core.shell:Creating package script '/home/korey/Desktop/lio-sam_simulation_navigation/install/robot_bringup/share/robot_bringup/package.bash'
[0.484s] INFO:colcon.colcon_core.shell:Creating package script '/home/korey/Desktop/lio-sam_simulation_navigation/install/robot_bringup/share/robot_bringup/package.zsh'
[0.485s] Level 1:colcon.colcon_core.environment:create_file_with_runtime_dependencies(/home/korey/Desktop/lio-sam_simulation_navigation/install/robot_bringup/share/colcon-core/packages/robot_bringup)
[0.485s] Level 1:colcon.colcon_core.environment:create_environment_scripts_only(robot_bringup)
[0.485s] Level 1:colcon.colcon_core.environment:checking '/home/korey/Desktop/lio-sam_simulation_navigation/install/robot_bringup' for CMake module files
[0.486s] Level 1:colcon.colcon_core.environment:checking '/home/korey/Desktop/lio-sam_simulation_navigation/install/robot_bringup' for CMake config files
[0.486s] Level 1:colcon.colcon_core.shell:create_environment_hook('robot_bringup', 'cmake_prefix_path')
[0.486s] INFO:colcon.colcon_core.shell:Creating environment hook '/home/korey/Desktop/lio-sam_simulation_navigation/install/robot_bringup/share/robot_bringup/hook/cmake_prefix_path.ps1'
[0.487s] INFO:colcon.colcon_core.shell:Creating environment descriptor '/home/korey/Desktop/lio-sam_simulation_navigation/install/robot_bringup/share/robot_bringup/hook/cmake_prefix_path.dsv'
[0.487s] INFO:colcon.colcon_core.shell:Creating environment hook '/home/korey/Desktop/lio-sam_simulation_navigation/install/robot_bringup/share/robot_bringup/hook/cmake_prefix_path.sh'
[0.487s] Level 1:colcon.colcon_core.environment:checking '/home/korey/Desktop/lio-sam_simulation_navigation/install/robot_bringup/lib'
[0.487s] Level 1:colcon.colcon_core.environment:checking '/home/korey/Desktop/lio-sam_simulation_navigation/install/robot_bringup/bin'
[0.487s] Level 1:colcon.colcon_core.environment:checking '/home/korey/Desktop/lio-sam_simulation_navigation/install/robot_bringup/lib/pkgconfig/robot_bringup.pc'
[0.487s] Level 1:colcon.colcon_core.environment:checking '/home/korey/Desktop/lio-sam_simulation_navigation/install/robot_bringup/lib/python3.8/site-packages'
[0.488s] Level 1:colcon.colcon_core.environment:checking '/home/korey/Desktop/lio-sam_simulation_navigation/install/robot_bringup/bin'
[0.488s] INFO:colcon.colcon_core.shell:Creating package script '/home/korey/Desktop/lio-sam_simulation_navigation/install/robot_bringup/share/robot_bringup/package.ps1'
[0.488s] INFO:colcon.colcon_core.shell:Creating package descriptor '/home/korey/Desktop/lio-sam_simulation_navigation/install/robot_bringup/share/robot_bringup/package.dsv'
[0.489s] INFO:colcon.colcon_core.shell:Creating package script '/home/korey/Desktop/lio-sam_simulation_navigation/install/robot_bringup/share/robot_bringup/package.sh'
[0.489s] INFO:colcon.colcon_core.shell:Creating package script '/home/korey/Desktop/lio-sam_simulation_navigation/install/robot_bringup/share/robot_bringup/package.bash'
[0.489s] INFO:colcon.colcon_core.shell:Creating package script '/home/korey/Desktop/lio-sam_simulation_navigation/install/robot_bringup/share/robot_bringup/package.zsh'
[0.489s] Level 1:colcon.colcon_core.environment:create_file_with_runtime_dependencies(/home/korey/Desktop/lio-sam_simulation_navigation/install/robot_bringup/share/colcon-core/packages/robot_bringup)
[4.109s] DEBUG:colcon.colcon_core.event_handler.log_command:Invoked command in '/home/korey/Desktop/lio-sam_simulation_navigation/build/lio_sam_op' returned '0': CMAKE_PREFIX_PATH=/opt/ros/foxy CONDA_PROMPT_MODIFIER=(base) /usr/bin/cmake /home/korey/Desktop/lio-sam_simulation_navigation/src/LIO-SAM -DAMENT_CMAKE_SYMLINK_INSTALL=1 -DCMAKE_INSTALL_PREFIX=/home/korey/Desktop/lio-sam_simulation_navigation/install/lio_sam_op
[4.113s] DEBUG:colcon.colcon_core.event_handler.log_command:Invoking command in '/home/korey/Desktop/lio-sam_simulation_navigation/build/lio_sam_op': CMAKE_PREFIX_PATH=/opt/ros/foxy CONDA_PROMPT_MODIFIER=(base) /usr/bin/cmake --build /home/korey/Desktop/lio-sam_simulation_navigation/build/lio_sam_op -- -j12 -l12
[9.400s] DEBUG:colcon.colcon_core.event_handler.log_command:Invoked command in '/home/korey/Desktop/lio-sam_simulation_navigation/build/lio_sam_op' returned '2': CMAKE_PREFIX_PATH=/opt/ros/foxy CONDA_PROMPT_MODIFIER=(base) /usr/bin/cmake --build /home/korey/Desktop/lio-sam_simulation_navigation/build/lio_sam_op -- -j12 -l12
[9.401s] Level 1:colcon.colcon_core.environment:create_environment_scripts_only(lio_sam_op)
[9.402s] Level 1:colcon.colcon_core.environment:checking '/home/korey/Desktop/lio-sam_simulation_navigation/install/lio_sam_op' for CMake module files
[9.402s] Level 1:colcon.colcon_core.environment:checking '/home/korey/Desktop/lio-sam_simulation_navigation/install/lio_sam_op' for CMake config files
[9.403s] Level 1:colcon.colcon_core.environment:checking '/home/korey/Desktop/lio-sam_simulation_navigation/install/lio_sam_op/bin'
[9.403s] Level 1:colcon.colcon_core.environment:checking '/home/korey/Desktop/lio-sam_simulation_navigation/install/lio_sam_op/lib/pkgconfig/lio_sam_op.pc'
[9.403s] Level 1:colcon.colcon_core.environment:checking '/home/korey/Desktop/lio-sam_simulation_navigation/install/lio_sam_op/lib/python3.8/site-packages'
[9.404s] Level 1:colcon.colcon_core.environment:checking '/home/korey/Desktop/lio-sam_simulation_navigation/install/lio_sam_op/bin'
[9.404s] INFO:colcon.colcon_core.shell:Creating package script '/home/korey/Desktop/lio-sam_simulation_navigation/install/lio_sam_op/share/lio_sam_op/package.ps1'
[9.405s] INFO:colcon.colcon_core.shell:Creating package descriptor '/home/korey/Desktop/lio-sam_simulation_navigation/install/lio_sam_op/share/lio_sam_op/package.dsv'
[9.406s] INFO:colcon.colcon_core.shell:Creating package script '/home/korey/Desktop/lio-sam_simulation_navigation/install/lio_sam_op/share/lio_sam_op/package.sh'
[9.407s] INFO:colcon.colcon_core.shell:Creating package script '/home/korey/Desktop/lio-sam_simulation_navigation/install/lio_sam_op/share/lio_sam_op/package.bash'
[9.407s] INFO:colcon.colcon_core.shell:Creating package script '/home/korey/Desktop/lio-sam_simulation_navigation/install/lio_sam_op/share/lio_sam_op/package.zsh'
[9.408s] Level 1:colcon.colcon_core.environment:create_file_with_runtime_dependencies(/home/korey/Desktop/lio-sam_simulation_navigation/install/lio_sam_op/share/colcon-core/packages/lio_sam_op)
[9.418s] DEBUG:colcon.colcon_parallel_executor.executor.parallel:closing loop
[9.419s] DEBUG:colcon.colcon_parallel_executor.executor.parallel:loop closed
[9.419s] DEBUG:colcon.colcon_parallel_executor.executor.parallel:run_until_complete finished with '2'
[9.419s] DEBUG:colcon.colcon_core.event_reactor:joining thread
[9.438s] INFO:colcon.colcon_core.plugin_system:Skipping extension 'colcon_notification.desktop_notification.terminal_notifier': Not used on non-Darwin systems
[9.438s] INFO:colcon.colcon_core.plugin_system:Skipping extension 'colcon_notification.desktop_notification.win32': Not used on non-Windows systems
[9.438s] INFO:colcon.colcon_notification.desktop_notification:Sending desktop notification using 'notify2'
[9.457s] DEBUG:colcon.colcon_core.event_reactor:joined thread
[9.457s] INFO:colcon.colcon_core.shell:Creating prefix script '/home/korey/Desktop/lio-sam_simulation_navigation/install/local_setup.ps1'
[9.459s] INFO:colcon.colcon_core.shell:Creating prefix util module '/home/korey/Desktop/lio-sam_simulation_navigation/install/_local_setup_util_ps1.py'
[9.461s] INFO:colcon.colcon_core.shell:Creating prefix chain script '/home/korey/Desktop/lio-sam_simulation_navigation/install/setup.ps1'
[9.463s] INFO:colcon.colcon_core.shell:Creating prefix script '/home/korey/Desktop/lio-sam_simulation_navigation/install/local_setup.sh'
[9.464s] INFO:colcon.colcon_core.shell:Creating prefix util module '/home/korey/Desktop/lio-sam_simulation_navigation/install/_local_setup_util_sh.py'
[9.464s] INFO:colcon.colcon_core.shell:Creating prefix chain script '/home/korey/Desktop/lio-sam_simulation_navigation/install/setup.sh'
[9.466s] INFO:colcon.colcon_core.shell:Creating prefix script '/home/korey/Desktop/lio-sam_simulation_navigation/install/local_setup.bash'
[9.466s] INFO:colcon.colcon_core.shell:Creating prefix chain script '/home/korey/Desktop/lio-sam_simulation_navigation/install/setup.bash'
[9.467s] INFO:colcon.colcon_core.shell:Creating prefix script '/home/korey/Desktop/lio-sam_simulation_navigation/install/local_setup.zsh'
[9.467s] INFO:colcon.colcon_core.shell:Creating prefix chain script '/home/korey/Desktop/lio-sam_simulation_navigation/install/setup.zsh'
