[0.035s] Invoking command in '/home/hdm/lio-sam_simulation_car/robot_bringup/build/robot_bringup': CMAKE_PREFIX_PATH=${CMAKE_PREFIX_PATH}:/opt/ros/humble /usr/bin/cmake --build /home/hdm/lio-sam_simulation_car/robot_bringup/build/robot_bringup -- -j24 -l24
[0.078s] -- Found ament_cmake: 1.3.8 (/opt/ros/humble/share/ament_cmake/cmake)
[0.226s] -- Found rclcpp: 16.0.8 (/opt/ros/humble/share/rclcpp/cmake)
[0.292s] -- Found rosidl_generator_c: 3.1.5 (/opt/ros/humble/share/rosidl_generator_c/cmake)
[0.295s] -- Found rosidl_adapter: 3.1.5 (/opt/ros/humble/share/rosidl_adapter/cmake)
[0.304s] -- Found rosidl_generator_cpp: 3.1.5 (/opt/ros/humble/share/rosidl_generator_cpp/cmake)
[0.315s] -- Using all available rosidl_typesupport_c: rosidl_typesupport_fastrtps_c;rosidl_typesupport_introspection_c
[0.324s] -- Using all available rosidl_typesupport_cpp: rosidl_typesupport_fastrtps_cpp;rosidl_typesupport_introspection_cpp
[0.353s] -- Found rmw_implementation_cmake: 6.1.1 (/opt/ros/humble/share/rmw_implementation_cmake/cmake)
[0.354s] -- Found rmw_cyclonedds_cpp: 1.3.4 (/opt/ros/humble/share/rmw_cyclonedds_cpp/cmake)
[0.369s] -- Using RMW implementation 'rmw_cyclonedds_cpp' as default
[0.450s] -- Found sensor_msgs: 4.2.3 (/opt/ros/humble/share/sensor_msgs/cmake)
[0.515s] -- Found pcl_conversions: 2.4.0 (/opt/ros/humble/share/pcl_conversions/cmake)
[0.592s] -- Eigen found (include: /usr/include/eigen3, version: 3.4.0)
[0.612s] -- FLANN found (include: /usr/include, lib: /usr/lib/x86_64-linux-gnu/libflann_cpp.so)
[0.931s] -- OpenNI found (version: 1.5.4.0, include: /usr/include/ni, lib: /usr/lib/libOpenNI.so;libusb::libusb)
[0.936s] -- OpenNI2 found (version: 2.2.0.33, include: /usr/include/openni2, lib: /usr/lib/x86_64-linux-gnu/libOpenNI2.so;libusb::libusb)
[0.936s] [0m** WARNING ** io features related to pcap will be disabled[0m
[1.027s] -- Eigen found (include: /usr/include/eigen3, version: 3.4.0)
[1.032s] -- OpenNI found (version: 1.5.4.0, include: /usr/include/ni, lib: /usr/lib/libOpenNI.so;libusb::libusb)
[1.037s] -- OpenNI2 found (version: 2.2.0.33, include: /usr/include/openni2, lib: /usr/lib/x86_64-linux-gnu/libOpenNI2.so;libusb::libusb)
[1.120s] -- Found Qhull version 8.0.2
[1.208s] -- OpenNI found (version: 1.5.4.0, include: /usr/include/ni, lib: /usr/lib/libOpenNI.so;libusb::libusb)
[1.294s] -- looking for PCL_COMMON
[1.294s] -- looking for PCL_KDTREE
[1.294s] -- looking for PCL_OCTREE
[1.294s] -- looking for PCL_SEARCH
[1.294s] -- looking for PCL_SAMPLE_CONSENSUS
[1.295s] -- looking for PCL_FILTERS
[1.295s] -- looking for PCL_2D
[1.295s] -- looking for PCL_GEOMETRY
[1.295s] -- looking for PCL_IO
[1.295s] -- looking for PCL_FEATURES
[1.296s] -- looking for PCL_ML
[1.296s] -- looking for PCL_SEGMENTATION
[1.296s] -- looking for PCL_VISUALIZATION
[1.296s] -- looking for PCL_SURFACE
[1.296s] -- looking for PCL_REGISTRATION
[1.296s] -- looking for PCL_KEYPOINTS
[1.296s] -- looking for PCL_TRACKING
[1.297s] -- looking for PCL_RECOGNITION
[1.297s] -- looking for PCL_STEREO
[1.297s] -- looking for PCL_APPS
[1.297s] -- looking for PCL_IN_HAND_SCANNER
[1.298s] -- looking for PCL_MODELER
[1.298s] -- looking for PCL_POINT_CLOUD_EDITOR
[1.298s] -- looking for PCL_OUTOFCORE
[1.298s] -- looking for PCL_PEOPLE
[1.299s] -- Found ament_cmake_auto: 1.3.8 (/opt/ros/humble/share/ament_cmake_auto/cmake)
[1.357s] [31mCMake Error at /opt/ros/humble/share/ament_cmake_target_dependencies/cmake/ament_target_dependencies.cmake:42 (message):
[1.358s]   ament_target_dependencies() the first argument must be a valid target name
[1.358s] Call Stack (most recent call first):
[1.358s]   CMakeLists.txt:22 (ament_target_dependencies)
[1.358s] 
[1.359s] [0m
[1.359s] -- Configuring incomplete, errors occurred!
[1.359s] See also "/home/hdm/lio-sam_simulation_car/robot_bringup/build/robot_bringup/CMakeFiles/CMakeOutput.log".
[1.367s] gmake: *** [Makefile:267：cmake_check_build_system] 错误 1
[1.370s] Invoked command in '/home/hdm/lio-sam_simulation_car/robot_bringup/build/robot_bringup' returned '2': CMAKE_PREFIX_PATH=${CMAKE_PREFIX_PATH}:/opt/ros/humble /usr/bin/cmake --build /home/hdm/lio-sam_simulation_car/robot_bringup/build/robot_bringup -- -j24 -l24
