[0.042s] Invoking command in '/home/korey/Desktop/lio_nav2/build/lio_sam_op': CMAKE_PREFIX_PATH=/opt/ros/foxy /home/korey/.local/bin/cmake /home/korey/Desktop/lio_nav2/src/LIO-SAM -DCMAKE_INSTALL_PREFIX=/home/korey/Desktop/lio_nav2/install/lio_sam_op
[0.166s] -- The C compiler identification is GNU 9.4.0
[0.235s] -- The CXX compiler identification is GNU 9.4.0
[0.251s] -- Detecting C compiler ABI info
[0.316s] -- Detecting C compiler ABI info - done
[0.328s] -- Check for working C compiler: /usr/bin/cc - skipped
[0.329s] -- Detecting C compile features
[0.329s] -- Detecting C compile features - done
[0.334s] -- Detecting CXX compiler ABI info
[0.416s] -- Detecting CXX compiler ABI info - done
[0.431s] -- Check for working CXX compiler: /usr/bin/c++ - skipped
[0.431s] -- Detecting CXX compile features
[0.432s] -- Detecting CXX compile features - done
[0.434s] -- Found ament_cmake: 0.9.12 (/opt/ros/foxy/share/ament_cmake/cmake)
[0.460s] -- Found PythonInterp: /usr/bin/python3 (found suitable version "3.8.10", minimum required is "3") 
[0.461s] -- Using PYTHON_EXECUTABLE: /usr/bin/python3
[0.709s] -- Found rosidl_default_generators: 1.0.1 (/opt/ros/foxy/share/rosidl_default_generators/cmake)
[0.714s] -- Using all available rosidl_typesupport_c: rosidl_typesupport_fastrtps_c;rosidl_typesupport_introspection_c
[0.727s] -- Found rosidl_adapter: 1.3.1 (/opt/ros/foxy/share/rosidl_adapter/cmake)
[0.889s] -- Found OpenSSL: /usr/lib/x86_64-linux-gnu/libcrypto.so (found version "1.1.1f")  
[0.934s] -- Found FastRTPS: /opt/ros/foxy/include  
[1.035s] -- Using all available rosidl_typesupport_cpp: rosidl_typesupport_fastrtps_cpp;rosidl_typesupport_introspection_cpp
[1.066s] -- Found rclcpp: 2.4.3 (/opt/ros/foxy/share/rclcpp/cmake)
[1.146s] -- Found rmw_implementation_cmake: 1.0.4 (/opt/ros/foxy/share/rmw_implementation_cmake/cmake)
[1.148s] -- Using RMW implementation 'rmw_fastrtps_cpp' as default
[1.150s] -- Performing Test CMAKE_HAVE_LIBC_PTHREAD
[1.228s] -- Performing Test CMAKE_HAVE_LIBC_PTHREAD - Failed
[1.228s] -- Looking for pthread_create in pthreads
[1.287s] -- Looking for pthread_create in pthreads - not found
[1.287s] -- Looking for pthread_create in pthread
[1.352s] -- Looking for pthread_create in pthread - found
[1.354s] -- Found Threads: TRUE  
[1.509s] -- Found rclpy: 1.0.13 (/opt/ros/foxy/share/rclpy/cmake)
[1.510s] -- Found cv_bridge: 3.0.7 (/opt/ros/foxy/share/cv_bridge/cmake)
[1.642s] -- Found nav_msgs: 2.0.5 (/opt/ros/foxy/share/nav_msgs/cmake)
[1.710s] -- Found visualization_msgs: 2.0.5 (/opt/ros/foxy/share/visualization_msgs/cmake)
[1.781s] -- Found tf2: 0.13.14 (/opt/ros/foxy/share/tf2/cmake)
[1.792s] -- Found tf2_geometry_msgs: 0.13.14 (/opt/ros/foxy/share/tf2_geometry_msgs/cmake)
[1.800s] -- Found eigen3_cmake_module: 0.1.1 (/opt/ros/foxy/share/eigen3_cmake_module/cmake)
[1.805s] -- Found Eigen3: TRUE (found version "3.3.7") 
[2.169s] -- Found tf2_sensor_msgs: 0.13.14 (/opt/ros/foxy/share/tf2_sensor_msgs/cmake)
[2.185s] -- Found tf2_eigen: 0.13.14 (/opt/ros/foxy/share/tf2_eigen/cmake)
[2.192s] -- Found OpenCV: /usr (found version "4.2.0") 
[2.208s] -- Checking for module 'eigen3'
[2.244s] --   Found eigen3, version 3.3.7
[2.338s] -- Found Eigen: /usr/include/eigen3 (Required is at least version "3.1") 
[2.338s] -- Eigen found (include: /usr/include/eigen3, version: 3.3.7)
[2.406s] -- Found Boost: /usr/include (found suitable version "1.71.0", minimum required is "1.55.0") found components: system filesystem date_time iostreams regex 
[2.434s] -- Checking for module 'flann'
[2.456s] --   Found flann, version 1.9.1
[2.541s] -- Found FLANN: /usr/lib/x86_64-linux-gnu/libflann_cpp.so  
[2.596s] -- The imported target "vtkParseOGLExt" references the file
[2.596s]    "/usr/bin/vtkParseOGLExt-7.1"
[2.596s] but this file does not exist.  Possible reasons include:
[2.596s] * The file was deleted, renamed, or moved to another location.
[2.596s] * An install or uninstall procedure did not complete successfully.
[2.596s] * The installation package was faulty and contained
[2.596s]    "/usr/lib/cmake/vtk-7.1/VTKTargets.cmake"
[2.597s] but not all the files it references.
[2.597s] 
[2.597s] -- The imported target "vtkRenderingPythonTkWidgets" references the file
[2.597s]    "/usr/lib/x86_64-linux-gnu/libvtkRenderingPythonTkWidgets.so"
[2.597s] but this file does not exist.  Possible reasons include:
[2.597s] * The file was deleted, renamed, or moved to another location.
[2.597s] * An install or uninstall procedure did not complete successfully.
[2.597s] * The installation package was faulty and contained
[2.597s]    "/usr/lib/cmake/vtk-7.1/VTKTargets.cmake"
[2.597s] but not all the files it references.
[2.597s] 
[2.598s] -- The imported target "vtk" references the file
[2.598s]    "/usr/bin/vtk"
[2.598s] but this file does not exist.  Possible reasons include:
[2.598s] * The file was deleted, renamed, or moved to another location.
[2.598s] * An install or uninstall procedure did not complete successfully.
[2.598s] * The installation package was faulty and contained
[2.598s]    "/usr/lib/cmake/vtk-7.1/VTKTargets.cmake"
[2.598s] but not all the files it references.
[2.598s] 
[2.598s] -- The imported target "pvtk" references the file
[2.599s]    "/usr/bin/pvtk"
[2.599s] but this file does not exist.  Possible reasons include:
[2.599s] * The file was deleted, renamed, or moved to another location.
[2.599s] * An install or uninstall procedure did not complete successfully.
[2.599s] * The installation package was faulty and contained
[2.599s]    "/usr/lib/cmake/vtk-7.1/VTKTargets.cmake"
[2.599s] but not all the files it references.
[2.599s] 
[2.628s] -- Checking for module 'libusb-1.0'
[2.653s] --   Found libusb-1.0, version 1.0.23
[2.729s] [33mCMake Warning (dev) at /home/korey/.local/lib/python3.8/site-packages/cmake/data/share/cmake-3.25/Modules/FindPackageHandleStandardArgs.cmake:438 (message):
[2.729s]   The package name passed to `find_package_handle_standard_args` (USB_10)
[2.730s]   does not match the name of the calling package (OpenNI).  This can lead to
[2.730s]   problems in calling code that expects `find_package` result variables
[2.730s]   (e.g., `_FOUND`) to follow a certain pattern.
[2.730s] Call Stack (most recent call first):
[2.730s]   /usr/lib/x86_64-linux-gnu/cmake/pcl/Modules/FindOpenNI.cmake:28 (find_package_handle_standard_args)
[2.730s]   /usr/lib/x86_64-linux-gnu/cmake/pcl/PCLConfig.cmake:179 (find_package)
[2.730s]   /usr/lib/x86_64-linux-gnu/cmake/pcl/PCLConfig.cmake:322 (find_openni)
[2.730s]   /usr/lib/x86_64-linux-gnu/cmake/pcl/PCLConfig.cmake:548 (find_external_library)
[2.730s]   CMakeLists.txt:28 (find_package)
[2.730s] This warning is for project developers.  Use -Wno-dev to suppress it.
[2.730s] [0m
[2.731s] -- Found USB_10: /usr/lib/x86_64-linux-gnu/libusb-1.0.so  
[2.832s] -- Found OpenNI: /usr/lib/libOpenNI.so  
[2.832s] -- OpenNI found (include: /usr/include/ni, lib: /usr/lib/libOpenNI.so)
[2.841s] [33mCMake Warning (dev) at /home/korey/.local/lib/python3.8/site-packages/cmake/data/share/cmake-3.25/Modules/FindPackageHandleStandardArgs.cmake:438 (message):
[2.841s]   The package name passed to `find_package_handle_standard_args` (USB_10)
[2.841s]   does not match the name of the calling package (OpenNI2).  This can lead to
[2.841s]   problems in calling code that expects `find_package` result variables
[2.841s]   (e.g., `_FOUND`) to follow a certain pattern.
[2.841s] Call Stack (most recent call first):
[2.841s]   /usr/lib/x86_64-linux-gnu/cmake/pcl/Modules/FindOpenNI2.cmake:28 (find_package_handle_standard_args)
[2.841s]   /usr/lib/x86_64-linux-gnu/cmake/pcl/PCLConfig.cmake:193 (find_package)
[2.841s]   /usr/lib/x86_64-linux-gnu/cmake/pcl/PCLConfig.cmake:324 (find_openni2)
[2.841s]   /usr/lib/x86_64-linux-gnu/cmake/pcl/PCLConfig.cmake:548 (find_external_library)
[2.841s]   CMakeLists.txt:28 (find_package)
[2.842s] This warning is for project developers.  Use -Wno-dev to suppress it.
[2.842s] [0m
[2.936s] -- Found OpenNI2: /usr/lib/libOpenNI2.so  
[2.936s] -- OpenNI2 found (include: /usr/include/openni2, lib: /usr/lib/libOpenNI2.so)
[2.936s] [0m** WARNING ** io features related to pcap will be disabled[0m
[2.936s] [0m** WARNING ** io features related to png will be disabled[0m
[2.951s] [33mCMake Warning (dev) at /home/korey/.local/lib/python3.8/site-packages/cmake/data/share/cmake-3.25/Modules/FindPackageHandleStandardArgs.cmake:438 (message):
[2.951s]   The package name passed to `find_package_handle_standard_args` (libusb-1.0)
[2.951s]   does not match the name of the calling package (PCL).  This can lead to
[2.951s]   problems in calling code that expects `find_package` result variables
[2.951s]   (e.g., `_FOUND`) to follow a certain pattern.
[2.952s] Call Stack (most recent call first):
[2.952s]   /usr/lib/x86_64-linux-gnu/cmake/pcl/PCLConfig.cmake:291 (find_package_handle_standard_args)
[2.952s]   /usr/lib/x86_64-linux-gnu/cmake/pcl/PCLConfig.cmake:338 (find_libusb)
[2.952s]   /usr/lib/x86_64-linux-gnu/cmake/pcl/PCLConfig.cmake:548 (find_external_library)
[2.952s]   CMakeLists.txt:28 (find_package)
[2.952s] This warning is for project developers.  Use -Wno-dev to suppress it.
[2.952s] [0m
[2.952s] -- Found libusb-1.0: /usr/include  
[2.952s] [0m** WARNING ** io features related to libusb-1.0 will be disabled[0m
[2.958s] [33mCMake Warning (dev) at /home/korey/.local/lib/python3.8/site-packages/cmake/data/share/cmake-3.25/Modules/FindPackageHandleStandardArgs.cmake:438 (message):
[2.958s]   The package name passed to `find_package_handle_standard_args` (USB_10)
[2.958s]   does not match the name of the calling package (OpenNI).  This can lead to
[2.958s]   problems in calling code that expects `find_package` result variables
[2.958s]   (e.g., `_FOUND`) to follow a certain pattern.
[2.958s] Call Stack (most recent call first):
[2.958s]   /usr/lib/x86_64-linux-gnu/cmake/pcl/Modules/FindOpenNI.cmake:28 (find_package_handle_standard_args)
[2.959s]   /usr/lib/x86_64-linux-gnu/cmake/pcl/PCLConfig.cmake:179 (find_package)
[2.959s]   /usr/lib/x86_64-linux-gnu/cmake/pcl/PCLConfig.cmake:322 (find_openni)
[2.959s]   /usr/lib/x86_64-linux-gnu/cmake/pcl/PCLConfig.cmake:548 (find_external_library)
[2.959s]   CMakeLists.txt:28 (find_package)
[2.959s] This warning is for project developers.  Use -Wno-dev to suppress it.
[2.959s] [0m
[2.959s] -- OpenNI found (include: /usr/include/ni, lib: /usr/lib/libOpenNI.so)
[2.966s] [33mCMake Warning (dev) at /home/korey/.local/lib/python3.8/site-packages/cmake/data/share/cmake-3.25/Modules/FindPackageHandleStandardArgs.cmake:438 (message):
[2.966s]   The package name passed to `find_package_handle_standard_args` (USB_10)
[2.966s]   does not match the name of the calling package (OpenNI2).  This can lead to
[2.966s]   problems in calling code that expects `find_package` result variables
[2.966s]   (e.g., `_FOUND`) to follow a certain pattern.
[2.966s] Call Stack (most recent call first):
[2.966s]   /usr/lib/x86_64-linux-gnu/cmake/pcl/Modules/FindOpenNI2.cmake:28 (find_package_handle_standard_args)
[2.966s]   /usr/lib/x86_64-linux-gnu/cmake/pcl/PCLConfig.cmake:193 (find_package)
[2.966s]   /usr/lib/x86_64-linux-gnu/cmake/pcl/PCLConfig.cmake:324 (find_openni2)
[2.967s]   /usr/lib/x86_64-linux-gnu/cmake/pcl/PCLConfig.cmake:548 (find_external_library)
[2.967s]   CMakeLists.txt:28 (find_package)
[2.967s] This warning is for project developers.  Use -Wno-dev to suppress it.
[2.967s] [0m
[2.967s] -- OpenNI2 found (include: /usr/include/openni2, lib: /usr/lib/libOpenNI2.so)
[2.993s] -- Found Qhull: optimized;/usr/lib/x86_64-linux-gnu/libqhull.so;debug;/usr/lib/x86_64-linux-gnu/libqhull.so  
[2.993s] -- QHULL found (include: /usr/include, lib: optimized;/usr/lib/x86_64-linux-gnu/libqhull.so;debug;/usr/lib/x86_64-linux-gnu/libqhull.so)
[3.001s] [33mCMake Warning (dev) at /home/korey/.local/lib/python3.8/site-packages/cmake/data/share/cmake-3.25/Modules/FindPackageHandleStandardArgs.cmake:438 (message):
[3.001s]   The package name passed to `find_package_handle_standard_args` (USB_10)
[3.001s]   does not match the name of the calling package (OpenNI).  This can lead to
[3.001s]   problems in calling code that expects `find_package` result variables
[3.001s]   (e.g., `_FOUND`) to follow a certain pattern.
[3.002s] Call Stack (most recent call first):
[3.002s]   /usr/lib/x86_64-linux-gnu/cmake/pcl/Modules/FindOpenNI.cmake:28 (find_package_handle_standard_args)
[3.002s]   /usr/lib/x86_64-linux-gnu/cmake/pcl/PCLConfig.cmake:179 (find_package)
[3.002s]   /usr/lib/x86_64-linux-gnu/cmake/pcl/PCLConfig.cmake:322 (find_openni)
[3.002s]   /usr/lib/x86_64-linux-gnu/cmake/pcl/PCLConfig.cmake:548 (find_external_library)
[3.002s]   CMakeLists.txt:28 (find_package)
[3.002s] This warning is for project developers.  Use -Wno-dev to suppress it.
[3.002s] [0m
[3.003s] -- OpenNI found (include: /usr/include/ni, lib: /usr/lib/libOpenNI.so)
[3.020s] -- looking for PCL_COMMON
[3.021s] [33mCMake Warning (dev) at /home/korey/.local/lib/python3.8/site-packages/cmake/data/share/cmake-3.25/Modules/FindPackageHandleStandardArgs.cmake:438 (message):
[3.021s]   The package name passed to `find_package_handle_standard_args` (PCL_COMMON)
[3.021s]   does not match the name of the calling package (PCL).  This can lead to
[3.022s]   problems in calling code that expects `find_package` result variables
[3.022s]   (e.g., `_FOUND`) to follow a certain pattern.
[3.022s] Call Stack (most recent call first):
[3.022s]   /usr/lib/x86_64-linux-gnu/cmake/pcl/PCLConfig.cmake:616 (find_package_handle_standard_args)
[3.022s]   CMakeLists.txt:28 (find_package)
[3.022s] This warning is for project developers.  Use -Wno-dev to suppress it.
[3.022s] [0m
[3.023s] [33mCMake Warning (dev) at /home/korey/.local/lib/python3.8/site-packages/cmake/data/share/cmake-3.25/Modules/FindPackageHandleStandardArgs.cmake:438 (message):
[3.023s]   The package name passed to `find_package_handle_standard_args` (PCL_KDTREE)
[3.023s]   does not match the name of the calling package (PCL).  This can lead to
[3.023s]   problems in calling code that expects `find_package` result variables
[3.023s]   (e.g., `_FOUND`) to follow a certain pattern.
[3.023s] Call Stack (most recent call first):
[3.023s]   /usr/lib/x86_64-linux-gnu/cmake/pcl/PCLConfig.cmake:616 (find_package_handle_standard_args)
[3.023s]   CMakeLists.txt:28 (find_package)
[3.023s] This warning is for project developers.  Use -Wno-dev to suppress it.
[3.023s] [0m
[3.023s] -- Found PCL_COMMON: /usr/lib/x86_64-linux-gnu/libpcl_common.so  
[3.023s] -- looking for PCL_KDTREE
[3.023s] -- Found PCL_KDTREE: /usr/lib/x86_64-linux-gnu/libpcl_kdtree.so  
[3.024s] -- looking for PCL_OCTREE
[3.024s] [33mCMake Warning (dev) at /home/korey/.local/lib/python3.8/site-packages/cmake/data/share/cmake-3.25/Modules/FindPackageHandleStandardArgs.cmake:438 (message):
[3.024s]   The package name passed to `find_package_handle_standard_args` (PCL_OCTREE)
[3.024s]   does not match the name of the calling package (PCL).  This can lead to
[3.024s]   problems in calling code that expects `find_package` result variables
[3.024s]   (e.g., `_FOUND`) to follow a certain pattern.
[3.024s] Call Stack (most recent call first):
[3.024s]   /usr/lib/x86_64-linux-gnu/cmake/pcl/PCLConfig.cmake:616 (find_package_handle_standard_args)
[3.024s]   CMakeLists.txt:28 (find_package)
[3.025s] This warning is for project developers.  Use -Wno-dev to suppress it.
[3.025s] [0m
[3.025s] -- Found PCL_OCTREE: /usr/lib/x86_64-linux-gnu/libpcl_octree.so  
[3.025s] -- looking for PCL_SEARCH
[3.025s] [33mCMake Warning (dev) at /home/korey/.local/lib/python3.8/site-packages/cmake/data/share/cmake-3.25/Modules/FindPackageHandleStandardArgs.cmake:438 (message):
[3.025s]   The package name passed to `find_package_handle_standard_args` (PCL_SEARCH)
[3.025s]   does not match the name of the calling package (PCL).  This can lead to
[3.025s]   problems in calling code that expects `find_package` result variables
[3.025s]   (e.g., `_FOUND`) to follow a certain pattern.
[3.025s] Call Stack (most recent call first):
[3.026s]   /usr/lib/x86_64-linux-gnu/cmake/pcl/PCLConfig.cmake:616 (find_package_handle_standard_args)
[3.026s]   CMakeLists.txt:28 (find_package)
[3.026s] This warning is for project developers.  Use -Wno-dev to suppress it.
[3.026s] [0m
[3.026s] -- Found PCL_SEARCH: /usr/lib/x86_64-linux-gnu/libpcl_search.so  
[3.027s] [33mCMake Warning (dev) at /home/korey/.local/lib/python3.8/site-packages/cmake/data/share/cmake-3.25/Modules/FindPackageHandleStandardArgs.cmake:438 (message):
[3.027s]   The package name passed to `find_package_handle_standard_args`
[3.027s]   (PCL_SAMPLE_CONSENSUS) does not match the name of the calling package
[3.027s]   (PCL).  This can lead to problems in calling code that expects
[3.027s]   `find_package` result variables (e.g., `_FOUND`) to follow a certain
[3.027s]   pattern.
[3.027s] Call Stack (most recent call first):
[3.027s]   /usr/lib/x86_64-linux-gnu/cmake/pcl/PCLConfig.cmake:616 (find_package_handle_standard_args)
[3.027s]   CMakeLists.txt:28 (find_package)
[3.027s] This warning is for project developers.  Use -Wno-dev to suppress it.
[3.028s] [0m
[3.028s] -- looking for PCL_SAMPLE_CONSENSUS
[3.028s] -- Found PCL_SAMPLE_CONSENSUS: /usr/lib/x86_64-linux-gnu/libpcl_sample_consensus.so  
[3.028s] -- looking for PCL_FILTERS
[3.028s] [33mCMake Warning (dev) at /home/korey/.local/lib/python3.8/site-packages/cmake/data/share/cmake-3.25/Modules/FindPackageHandleStandardArgs.cmake:438 (message):
[3.028s]   The package name passed to `find_package_handle_standard_args`
[3.028s]   (PCL_FILTERS) does not match the name of the calling package (PCL).  This
[3.028s]   can lead to problems in calling code that expects `find_package` result
[3.028s]   variables (e.g., `_FOUND`) to follow a certain pattern.
[3.028s] Call Stack (most recent call first):
[3.028s]   /usr/lib/x86_64-linux-gnu/cmake/pcl/PCLConfig.cmake:616 (find_package_handle_standard_args)
[3.029s]   CMakeLists.txt:28 (find_package)
[3.029s] This warning is for project developers.  Use -Wno-dev to suppress it.
[3.029s] [0m
[3.029s] -- Found PCL_FILTERS: /usr/lib/x86_64-linux-gnu/libpcl_filters.so  
[3.029s] -- looking for PCL_2D
[3.029s] [33mCMake Warning (dev) at /home/korey/.local/lib/python3.8/site-packages/cmake/data/share/cmake-3.25/Modules/FindPackageHandleStandardArgs.cmake:438 (message):
[3.029s]   The package name passed to `find_package_handle_standard_args` (PCL_2D)
[3.029s]   does not match the name of the calling package (PCL).  This can lead to
[3.029s]   problems in calling code that expects `find_package` result variables
[3.029s]   (e.g., `_FOUND`) to follow a certain pattern.
[3.029s] Call Stack (most recent call first):
[3.029s]   /usr/lib/x86_64-linux-gnu/cmake/pcl/PCLConfig.cmake:619 (find_package_handle_standard_args)
[3.029s]   CMakeLists.txt:28 (find_package)
[3.030s] This warning is for project developers.  Use -Wno-dev to suppress it.
[3.030s] [0m
[3.030s] -- Found PCL_2D: /usr/include/pcl-1.10  
[3.030s] -- looking for PCL_GEOMETRY
[3.030s] [33mCMake Warning (dev) at /home/korey/.local/lib/python3.8/site-packages/cmake/data/share/cmake-3.25/Modules/FindPackageHandleStandardArgs.cmake:438 (message):
[3.030s]   The package name passed to `find_package_handle_standard_args`
[3.030s]   (PCL_GEOMETRY) does not match the name of the calling package (PCL).  This
[3.030s]   can lead to problems in calling code that expects `find_package` result
[3.031s]   variables (e.g., `_FOUND`) to follow a certain pattern.
[3.031s] Call Stack (most recent call first):
[3.031s]   /usr/lib/x86_64-linux-gnu/cmake/pcl/PCLConfig.cmake:619 (find_package_handle_standard_args)
[3.031s]   CMakeLists.txt:28 (find_package)
[3.031s] This warning is for project developers.  Use -Wno-dev to suppress it.
[3.031s] [0m
[3.031s] -- Found PCL_GEOMETRY: /usr/include/pcl-1.10  
[3.031s] -- looking for PCL_IO
[3.032s] [33mCMake Warning (dev) at /home/korey/.local/lib/python3.8/site-packages/cmake/data/share/cmake-3.25/Modules/FindPackageHandleStandardArgs.cmake:438 (message):
[3.032s]   The package name passed to `find_package_handle_standard_args` (PCL_IO)
[3.032s]   does not match the name of the calling package (PCL).  This can lead to
[3.032s]   problems in calling code that expects `find_package` result variables
[3.032s]   (e.g., `_FOUND`) to follow a certain pattern.
[3.032s] Call Stack (most recent call first):
[3.032s]   /usr/lib/x86_64-linux-gnu/cmake/pcl/PCLConfig.cmake:616 (find_package_handle_standard_args)
[3.033s]   CMakeLists.txt:28 (find_package)
[3.033s] This warning is for project developers.  Use -Wno-dev to suppress it.
[3.033s] [0m
[3.033s] -- Found PCL_IO: /usr/lib/x86_64-linux-gnu/libpcl_io.so  
[3.033s] -- looking for PCL_FEATURES
[3.033s] [33mCMake Warning (dev) at /home/korey/.local/lib/python3.8/site-packages/cmake/data/share/cmake-3.25/Modules/FindPackageHandleStandardArgs.cmake:438 (message):
[3.034s]   The package name passed to `find_package_handle_standard_args`
[3.034s]   (PCL_FEATURES) does not match the name of the calling package (PCL).  This
[3.034s]   can lead to problems in calling code that expects `find_package` result
[3.034s]   variables (e.g., `_FOUND`) to follow a certain pattern.
[3.034s] Call Stack (most recent call first):
[3.034s]   /usr/lib/x86_64-linux-gnu/cmake/pcl/PCLConfig.cmake:616 (find_package_handle_standard_args)
[3.034s]   CMakeLists.txt:28 (find_package)
[3.034s] This warning is for project developers.  Use -Wno-dev to suppress it.
[3.034s] [0m
[3.034s] -- Found PCL_FEATURES: /usr/lib/x86_64-linux-gnu/libpcl_features.so  
[3.034s] -- looking for PCL_ML
[3.035s] [33mCMake Warning (dev) at /home/korey/.local/lib/python3.8/site-packages/cmake/data/share/cmake-3.25/Modules/FindPackageHandleStandardArgs.cmake:438 (message):
[3.035s]   The package name passed to `find_package_handle_standard_args` (PCL_ML)
[3.035s]   does not match the name of the calling package (PCL).  This can lead to
[3.035s]   problems in calling code that expects `find_package` result variables
[3.035s]   (e.g., `_FOUND`) to follow a certain pattern.
[3.035s] Call Stack (most recent call first):
[3.035s]   /usr/lib/x86_64-linux-gnu/cmake/pcl/PCLConfig.cmake:616 (find_package_handle_standard_args)
[3.035s]   CMakeLists.txt:28 (find_package)
[3.035s] This warning is for project developers.  Use -Wno-dev to suppress it.
[3.035s] [0m
[3.035s] -- Found PCL_ML: /usr/lib/x86_64-linux-gnu/libpcl_ml.so  
[3.036s] -- looking for PCL_SEGMENTATION
[3.036s] [33mCMake Warning (dev) at /home/korey/.local/lib/python3.8/site-packages/cmake/data/share/cmake-3.25/Modules/FindPackageHandleStandardArgs.cmake:438 (message):
[3.036s]   The package name passed to `find_package_handle_standard_args`
[3.036s]   (PCL_SEGMENTATION) does not match the name of the calling package (PCL).
[3.036s]   This can lead to problems in calling code that expects `find_package`
[3.036s]   result variables (e.g., `_FOUND`) to follow a certain pattern.
[3.036s] Call Stack (most recent call first):
[3.037s]   /usr/lib/x86_64-linux-gnu/cmake/pcl/PCLConfig.cmake:616 (find_package_handle_standard_args)
[3.037s]   CMakeLists.txt:28 (find_package)
[3.037s] This warning is for project developers.  Use -Wno-dev to suppress it.
[3.037s] [0m
[3.037s] -- Found PCL_SEGMENTATION: /usr/lib/x86_64-linux-gnu/libpcl_segmentation.so  
[3.037s] -- looking for PCL_VISUALIZATION
[3.037s] [33mCMake Warning (dev) at /home/korey/.local/lib/python3.8/site-packages/cmake/data/share/cmake-3.25/Modules/FindPackageHandleStandardArgs.cmake:438 (message):
[3.038s]   The package name passed to `find_package_handle_standard_args`
[3.038s]   (PCL_VISUALIZATION) does not match the name of the calling package (PCL).
[3.038s]   This can lead to problems in calling code that expects `find_package`
[3.038s]   result variables (e.g., `_FOUND`) to follow a certain pattern.
[3.038s] Call Stack (most recent call first):
[3.038s]   /usr/lib/x86_64-linux-gnu/cmake/pcl/PCLConfig.cmake:616 (find_package_handle_standard_args)
[3.039s]   CMakeLists.txt:28 (find_package)
[3.039s] This warning is for project developers.  Use -Wno-dev to suppress it.
[3.039s] [0m
[3.039s] -- Found PCL_VISUALIZATION: /usr/lib/x86_64-linux-gnu/libpcl_visualization.so  
[3.039s] -- looking for PCL_SURFACE
[3.039s] [33mCMake Warning (dev) at /home/korey/.local/lib/python3.8/site-packages/cmake/data/share/cmake-3.25/Modules/FindPackageHandleStandardArgs.cmake:438 (message):
[3.039s]   The package name passed to `find_package_handle_standard_args`
[3.039s]   (PCL_SURFACE) does not match the name of the calling package (PCL).  This
[3.039s]   can lead to problems in calling code that expects `find_package` result
[3.039s]   variables (e.g., `_FOUND`) to follow a certain pattern.
[3.039s] Call Stack (most recent call first):
[3.039s]   /usr/lib/x86_64-linux-gnu/cmake/pcl/PCLConfig.cmake:616 (find_package_handle_standard_args)
[3.039s]   CMakeLists.txt:28 (find_package)
[3.039s] This warning is for project developers.  Use -Wno-dev to suppress it.
[3.039s] [0m
[3.040s] -- Found PCL_SURFACE: /usr/lib/x86_64-linux-gnu/libpcl_surface.so  
[3.040s] -- looking for PCL_REGISTRATION
[3.040s] [33mCMake Warning (dev) at /home/korey/.local/lib/python3.8/site-packages/cmake/data/share/cmake-3.25/Modules/FindPackageHandleStandardArgs.cmake:438 (message):
[3.040s]   The package name passed to `find_package_handle_standard_args`
[3.040s]   (PCL_REGISTRATION) does not match the name of the calling package (PCL).
[3.040s]   This can lead to problems in calling code that expects `find_package`
[3.040s]   result variables (e.g., `_FOUND`) to follow a certain pattern.
[3.040s] Call Stack (most recent call first):
[3.040s]   /usr/lib/x86_64-linux-gnu/cmake/pcl/PCLConfig.cmake:616 (find_package_handle_standard_args)
[3.040s]   CMakeLists.txt:28 (find_package)
[3.040s] This warning is for project developers.  Use -Wno-dev to suppress it.
[3.040s] [0m
[3.040s] -- Found PCL_REGISTRATION: /usr/lib/x86_64-linux-gnu/libpcl_registration.so  
[3.040s] -- looking for PCL_KEYPOINTS
[3.041s] [33mCMake Warning (dev) at /home/korey/.local/lib/python3.8/site-packages/cmake/data/share/cmake-3.25/Modules/FindPackageHandleStandardArgs.cmake:438 (message):
[3.041s]   The package name passed to `find_package_handle_standard_args`
[3.041s]   (PCL_KEYPOINTS) does not match the name of the calling package (PCL).  This
[3.041s]   can lead to problems in calling code that expects `find_package` result
[3.041s]   variables (e.g., `_FOUND`) to follow a certain pattern.
[3.041s] Call Stack (most recent call first):
[3.041s]   /usr/lib/x86_64-linux-gnu/cmake/pcl/PCLConfig.cmake:616 (find_package_handle_standard_args)
[3.041s]   CMakeLists.txt:28 (find_package)
[3.041s] This warning is for project developers.  Use -Wno-dev to suppress it.
[3.042s] [0m
[3.042s] -- Found PCL_KEYPOINTS: /usr/lib/x86_64-linux-gnu/libpcl_keypoints.so  
[3.042s] -- looking for PCL_TRACKING
[3.043s] [33mCMake Warning (dev) at /home/korey/.local/lib/python3.8/site-packages/cmake/data/share/cmake-3.25/Modules/FindPackageHandleStandardArgs.cmake:438 (message):
[3.043s]   The package name passed to `find_package_handle_standard_args`
[3.043s]   (PCL_TRACKING) does not match the name of the calling package (PCL).  This
[3.043s]   can lead to problems in calling code that expects `find_package` result
[3.043s]   variables (e.g., `_FOUND`) to follow a certain pattern.
[3.043s] Call Stack (most recent call first):
[3.043s]   /usr/lib/x86_64-linux-gnu/cmake/pcl/PCLConfig.cmake:616 (find_package_handle_standard_args)
[3.043s]   CMakeLists.txt:28 (find_package)
[3.044s] This warning is for project developers.  Use -Wno-dev to suppress it.
[3.044s] [0m
[3.044s] -- Found PCL_TRACKING: /usr/lib/x86_64-linux-gnu/libpcl_tracking.so  
[3.044s] -- looking for PCL_RECOGNITION
[3.044s] [33mCMake Warning (dev) at /home/korey/.local/lib/python3.8/site-packages/cmake/data/share/cmake-3.25/Modules/FindPackageHandleStandardArgs.cmake:438 (message):
[3.044s]   The package name passed to `find_package_handle_standard_args`
[3.044s]   (PCL_RECOGNITION) does not match the name of the calling package (PCL).
[3.045s]   This can lead to problems in calling code that expects `find_package`
[3.045s]   result variables (e.g., `_FOUND`) to follow a certain pattern.
[3.045s] Call Stack (most recent call first):
[3.045s]   /usr/lib/x86_64-linux-gnu/cmake/pcl/PCLConfig.cmake:616 (find_package_handle_standard_args)
[3.045s]   CMakeLists.txt:28 (find_package)
[3.045s] This warning is for project developers.  Use -Wno-dev to suppress it.
[3.045s] [0m
[3.045s] -- Found PCL_RECOGNITION: /usr/lib/x86_64-linux-gnu/libpcl_recognition.so  
[3.045s] -- looking for PCL_STEREO
[3.046s] [33mCMake Warning (dev) at /home/korey/.local/lib/python3.8/site-packages/cmake/data/share/cmake-3.25/Modules/FindPackageHandleStandardArgs.cmake:438 (message):
[3.046s]   The package name passed to `find_package_handle_standard_args` (PCL_STEREO)
[3.046s]   does not match the name of the calling package (PCL).  This can lead to
[3.046s]   problems in calling code that expects `find_package` result variables
[3.047s]   (e.g., `_FOUND`) to follow a certain pattern.
[3.047s] Call Stack (most recent call first):
[3.047s]   /usr/lib/x86_64-linux-gnu/cmake/pcl/PCLConfig.cmake:616 (find_package_handle_standard_args)
[3.047s]   CMakeLists.txt:28 (find_package)
[3.047s] This warning is for project developers.  Use -Wno-dev to suppress it.
[3.047s] [0m
[3.047s] -- Found PCL_STEREO: /usr/lib/x86_64-linux-gnu/libpcl_stereo.so  
[3.047s] -- looking for PCL_APPS
[3.048s] [33mCMake Warning (dev) at /home/korey/.local/lib/python3.8/site-packages/cmake/data/share/cmake-3.25/Modules/FindPackageHandleStandardArgs.cmake:438 (message):
[3.048s]   The package name passed to `find_package_handle_standard_args` (PCL_APPS)
[3.048s]   does not match the name of the calling package (PCL).  This can lead to
[3.048s]   problems in calling code that expects `find_package` result variables
[3.048s]   (e.g., `_FOUND`) to follow a certain pattern.
[3.048s] Call Stack (most recent call first):
[3.048s]   /usr/lib/x86_64-linux-gnu/cmake/pcl/PCLConfig.cmake:616 (find_package_handle_standard_args)
[3.049s]   CMakeLists.txt:28 (find_package)
[3.049s] This warning is for project developers.  Use -Wno-dev to suppress it.
[3.049s] [0m
[3.049s] -- Found PCL_APPS: /usr/lib/x86_64-linux-gnu/libpcl_apps.so  
[3.049s] -- looking for PCL_IN_HAND_SCANNER
[3.050s] [33mCMake Warning (dev) at /home/korey/.local/lib/python3.8/site-packages/cmake/data/share/cmake-3.25/Modules/FindPackageHandleStandardArgs.cmake:438 (message):
[3.050s]   The package name passed to `find_package_handle_standard_args`
[3.050s]   (PCL_IN_HAND_SCANNER) does not match the name of the calling package (PCL).
[3.050s]   This can lead to problems in calling code that expects `find_package`
[3.050s]   result variables (e.g., `_FOUND`) to follow a certain pattern.
[3.050s] Call Stack (most recent call first):
[3.050s]   /usr/lib/x86_64-linux-gnu/cmake/pcl/PCLConfig.cmake:619 (find_package_handle_standard_args)
[3.050s]   CMakeLists.txt:28 (find_package)
[3.050s] This warning is for project developers.  Use -Wno-dev to suppress it.
[3.050s] [0m
[3.051s] -- Found PCL_IN_HAND_SCANNER: /usr/include/pcl-1.10  
[3.051s] -- looking for PCL_POINT_CLOUD_EDITOR
[3.051s] [33mCMake Warning (dev) at /home/korey/.local/lib/python3.8/site-packages/cmake/data/share/cmake-3.25/Modules/FindPackageHandleStandardArgs.cmake:438 (message):
[3.051s]   The package name passed to `find_package_handle_standard_args`
[3.051s]   (PCL_POINT_CLOUD_EDITOR) does not match the name of the calling package
[3.051s]   (PCL).  This can lead to problems in calling code that expects
[3.051s]   `find_package` result variables (e.g., `_FOUND`) to follow a certain
[3.051s]   pattern.
[3.051s] Call Stack (most recent call first):
[3.051s]   /usr/lib/x86_64-linux-gnu/cmake/pcl/PCLConfig.cmake:619 (find_package_handle_standard_args)
[3.051s]   CMakeLists.txt:28 (find_package)
[3.051s] This warning is for project developers.  Use -Wno-dev to suppress it.
[3.052s] -- Found PCL_POINT_CLOUD_EDITOR: /usr/include/pcl-1.10  
[3.052s] [0m
[3.052s] -- looking for PCL_OUTOFCORE
[3.053s] [33mCMake Warning (dev) at /home/korey/.local/lib/python3.8/site-packages/cmake/data/share/cmake-3.25/Modules/FindPackageHandleStandardArgs.cmake:438 (message):
[3.053s]   The package name passed to `find_package_handle_standard_args`
[3.053s]   (PCL_OUTOFCORE) does not match the name of the calling package (PCL).  This
[3.053s]   can lead to problems in calling code that expects `find_package` result
[3.053s]   variables (e.g., `_FOUND`) to follow a certain pattern.
[3.053s] Call Stack (most recent call first):
[3.053s]   /usr/lib/x86_64-linux-gnu/cmake/pcl/PCLConfig.cmake:616 (find_package_handle_standard_args)
[3.053s]   CMakeLists.txt:28 (find_package)
[3.054s] This warning is for project developers.  Use -Wno-dev to suppress it.
[3.054s] [0m
[3.054s] -- Found PCL_OUTOFCORE: /usr/lib/x86_64-linux-gnu/libpcl_outofcore.so  
[3.054s] -- looking for PCL_PEOPLE
[3.055s] [33mCMake Warning (dev) at /home/korey/.local/lib/python3.8/site-packages/cmake/data/share/cmake-3.25/Modules/FindPackageHandleStandardArgs.cmake:438 (message):
[3.055s]   The package name passed to `find_package_handle_standard_args` (PCL_PEOPLE)
[3.055s]   does not match the name of the calling package (PCL).  This can lead to
[3.055s]   problems in calling code that expects `find_package` result variables
[3.055s]   (e.g., `_FOUND`) to follow a certain pattern.
[3.055s] Call Stack (most recent call first):
[3.055s]   /usr/lib/x86_64-linux-gnu/cmake/pcl/PCLConfig.cmake:616 (find_package_handle_standard_args)
[3.055s]   CMakeLists.txt:28 (find_package)
[3.055s] This warning is for project developers.  Use -Wno-dev to suppress it.
[3.055s] [0m
[3.055s] -- Found PCL_PEOPLE: /usr/lib/x86_64-linux-gnu/libpcl_people.so  
[3.057s] -- Found PCL: pcl_common;pcl_kdtree;pcl_octree;pcl_search;pcl_sample_consensus;pcl_filters;pcl_io;pcl_features;pcl_ml;pcl_segmentation;pcl_visualization;pcl_surface;pcl_registration;pcl_keypoints;pcl_tracking;pcl_recognition;pcl_stereo;pcl_apps;pcl_outofcore;pcl_people;/usr/lib/x86_64-linux-gnu/libboost_system.so;/usr/lib/x86_64-linux-gnu/libboost_filesystem.so;/usr/lib/x86_64-linux-gnu/libboost_date_time.so;/usr/lib/x86_64-linux-gnu/libboost_iostreams.so;/usr/lib/x86_64-linux-gnu/libboost_regex.so;optimized;/usr/lib/x86_64-linux-gnu/libqhull.so;debug;/usr/lib/x86_64-linux-gnu/libqhull.so;/usr/lib/libOpenNI.so;/usr/lib/libOpenNI2.so;vtkChartsCore;vtkCommonColor;vtkCommonCore;vtksys;vtkCommonDataModel;vtkCommonMath;vtkCommonMisc;vtkCommonSystem;vtkCommonTransforms;vtkCommonExecutionModel;vtkFiltersGeneral;vtkCommonComputationalGeometry;vtkFiltersCore;vtkInfovisCore;vtkFiltersExtraction;vtkFiltersStatistics;vtkImagingFourier;vtkImagingCore;vtkalglib;vtkRenderingContext2D;vtkRenderingCore;vtkFiltersGeometry;vtkFiltersSources;vtkRenderingFreeType;/usr/lib/x86_64-linux-gnu/libfreetype.so;/usr/lib/x86_64-linux-gnu/libz.so;vtkFiltersModeling;vtkImagingSources;vtkInteractionStyle;vtkInteractionWidgets;vtkFiltersHybrid;vtkImagingColor;vtkImagingGeneral;vtkImagingHybrid;vtkIOImage;vtkDICOMParser;vtkmetaio;/usr/lib/x86_64-linux-gnu/libjpeg.so;/usr/lib/x86_64-linux-gnu/libpng.so;/usr/lib/x86_64-linux-gnu/libtiff.so;vtkRenderingAnnotation;vtkRenderingVolume;vtkIOXML;vtkIOCore;vtkIOXMLParser;/usr/lib/x86_64-linux-gnu/libexpat.so;vtkIOGeometry;vtkIOLegacy;vtkIOPLY;vtkRenderingLOD;vtkViewsContext2D;vtkViewsCore;vtkRenderingContextOpenGL2;vtkRenderingOpenGL2;FLANN::FLANN  
[3.111s] -- Found Boost: /usr/include (found suitable version "1.71.0", minimum required is "1.43") found components: serialization system filesystem thread program_options date_time timer chrono regex atomic 
[3.114s] -- GTSAM include directory:  /usr/lib/cmake/GTSAM/../../../include
[3.124s] -- Found Eigen: /usr/include/eigen3  
[3.124s] -- Eigen found (include: /usr/include/eigen3, version: 3.3.7)
[3.126s] -- Found pcl_msgs: 1.0.0 (/opt/ros/foxy/share/pcl_msgs/cmake)
[3.598s] -- Found OpenMP_C: -fopenmp (found version "4.5") 
[3.683s] -- Found OpenMP_CXX: -fopenmp (found version "4.5") 
[3.683s] -- Found OpenMP: TRUE (found version "4.5")  
[3.686s] -- Found pcl_conversions: 2.2.1 (/opt/ros/foxy/share/pcl_conversions/cmake)
[3.765s] -- Found PythonInterp: /usr/bin/python3 (found version "3.8.10") 
[4.000s] -- Found ament_cmake_ros: 0.9.2 (/opt/ros/foxy/share/ament_cmake_ros/cmake)
[4.381s] -- Using all available rosidl_typesupport_c: rosidl_typesupport_fastrtps_c;rosidl_typesupport_introspection_c
[4.550s] -- Using all available rosidl_typesupport_cpp: rosidl_typesupport_fastrtps_cpp;rosidl_typesupport_introspection_cpp
[4.582s] -- Found PythonInterp: /usr/bin/python3 (found suitable version "3.8.10", minimum required is "3.5") 
[4.584s] -- Found python_cmake_module: 0.8.1 (/opt/ros/foxy/share/python_cmake_module/cmake)
[4.614s] -- Found PythonLibs: /usr/lib/x86_64-linux-gnu/libpython3.8.so (found suitable version "3.8.10", minimum required is "3.5") 
[4.614s] -- Using PYTHON_EXECUTABLE: /usr/bin/python3
[4.614s] -- Using PYTHON_INCLUDE_DIRS: /usr/include/python3.8
[4.614s] -- Using PYTHON_LIBRARIES: /usr/lib/x86_64-linux-gnu/libpython3.8.so
[4.644s] -- Found PythonExtra: .so  
[5.380s] -- Found ament_lint_auto: 0.9.8 (/opt/ros/foxy/share/ament_lint_auto/cmake)
[5.404s] -- Added test 'copyright' to check source files copyright and LICENSE
[5.491s] -- Added test 'cppcheck' to perform static code analysis on C / C++ code
[5.495s] -- Configured cppcheck include dirs: /home/korey/Desktop/lio_nav2/src/LIO-SAM/include
[5.495s] -- Configured cppcheck exclude dirs and/or files: 
[5.580s] -- Added test 'cpplint' to check C / C++ code against the Google style
[5.580s] -- Configured cpplint exclude dirs and/or files: 
[5.590s] -- Added test 'flake8' to check Python code syntax and style conventions
[5.613s] -- Added test 'lint_cmake' to check CMake code style
[5.625s] -- Added test 'pep257' to check Python code against some of the style conventions in PEP 257
[5.718s] -- Added test 'uncrustify' to check C / C++ code style
[5.718s] -- Configured uncrustify additional arguments: 
[5.732s] -- Added test 'xmllint' to check XML markup files
[5.735s] -- Configuring done
[5.993s] -- Generating done
[6.076s] -- Build files have been written to: /home/korey/Desktop/lio_nav2/build/lio_sam_op
[6.101s] Invoked command in '/home/korey/Desktop/lio_nav2/build/lio_sam_op' returned '0': CMAKE_PREFIX_PATH=/opt/ros/foxy /home/korey/.local/bin/cmake /home/korey/Desktop/lio_nav2/src/LIO-SAM -DCMAKE_INSTALL_PREFIX=/home/korey/Desktop/lio_nav2/install/lio_sam_op
[6.105s] Invoking command in '/home/korey/Desktop/lio_nav2/build/lio_sam_op': CMAKE_PREFIX_PATH=/opt/ros/foxy /home/korey/.local/bin/cmake --build /home/korey/Desktop/lio_nav2/build/lio_sam_op -- -j12 -l12
[6.159s] [  2%] [34m[1mGenerating C code for ROS interfaces[0m
[6.164s] [  4%] [34m[1mGenerating C++ code for ROS interfaces[0m
[6.550s] [  4%] Built target lio_sam_op__cpp
[6.553s] [  6%] [32mBuilding C object CMakeFiles/lio_sam_op__rosidl_generator_c.dir/rosidl_generator_c/lio_sam_op/srv/detail/save_map__functions.c.o[0m
[6.553s] [  8%] [32mBuilding C object CMakeFiles/lio_sam_op__rosidl_generator_c.dir/rosidl_generator_c/lio_sam_op/msg/detail/cloud_info__functions.c.o[0m
[6.556s] [ 12%] [34m[1mGenerating C++ type support for eProsima Fast-RTPS[0m
[6.556s] [ 12%] [34m[1mGenerating C++ type support dispatch for ROS interfaces[0m
[6.557s] [ 14%] [34m[1mGenerating C++ introspection for ROS interfaces[0m
[6.704s] [ 16%] [32m[1mLinking C shared library liblio_sam_op__rosidl_generator_c.so[0m
[6.743s] [ 16%] Built target lio_sam_op__rosidl_generator_c
[6.749s] [ 20%] [34m[1mGenerating C introspection for ROS interfaces[0m
[6.750s] [ 20%] [34m[1mGenerating C type support dispatch for ROS interfaces[0m
[6.909s] [ 22%] [32mBuilding CXX object CMakeFiles/lio_sam_op__rosidl_typesupport_introspection_cpp.dir/rosidl_typesupport_introspection_cpp/lio_sam_op/srv/detail/save_map__type_support.cpp.o[0m
[6.910s] [ 24%] [32mBuilding CXX object CMakeFiles/lio_sam_op__rosidl_typesupport_introspection_cpp.dir/rosidl_typesupport_introspection_cpp/lio_sam_op/msg/detail/cloud_info__type_support.cpp.o[0m
[6.975s] [ 26%] [32mBuilding CXX object CMakeFiles/lio_sam_op__rosidl_typesupport_cpp.dir/rosidl_typesupport_cpp/lio_sam_op/msg/cloud_info__type_support.cpp.o[0m
[6.977s] [ 28%] [32mBuilding CXX object CMakeFiles/lio_sam_op__rosidl_typesupport_cpp.dir/rosidl_typesupport_cpp/lio_sam_op/srv/save_map__type_support.cpp.o[0m
[7.085s] [ 30%] [32mBuilding CXX object CMakeFiles/lio_sam_op__rosidl_typesupport_fastrtps_cpp.dir/rosidl_typesupport_fastrtps_cpp/lio_sam_op/srv/detail/dds_fastrtps/save_map__type_support.cpp.o[0m
[7.092s] [ 32%] [32mBuilding CXX object CMakeFiles/lio_sam_op__rosidl_typesupport_fastrtps_cpp.dir/rosidl_typesupport_fastrtps_cpp/lio_sam_op/msg/detail/dds_fastrtps/cloud_info__type_support.cpp.o[0m
[7.230s] [ 34%] [32mBuilding CXX object CMakeFiles/lio_sam_op__rosidl_typesupport_c.dir/rosidl_typesupport_c/lio_sam_op/msg/cloud_info__type_support.cpp.o[0m
[7.259s] [ 36%] [32mBuilding CXX object CMakeFiles/lio_sam_op__rosidl_typesupport_c.dir/rosidl_typesupport_c/lio_sam_op/srv/save_map__type_support.cpp.o[0m
[7.325s] [ 38%] [32mBuilding C object CMakeFiles/lio_sam_op__rosidl_typesupport_introspection_c.dir/rosidl_typesupport_introspection_c/lio_sam_op/srv/detail/save_map__type_support.c.o[0m
[7.326s] [ 40%] [32mBuilding C object CMakeFiles/lio_sam_op__rosidl_typesupport_introspection_c.dir/rosidl_typesupport_introspection_c/lio_sam_op/msg/detail/cloud_info__type_support.c.o[0m
[7.337s] [ 42%] [32m[1mLinking CXX shared library liblio_sam_op__rosidl_typesupport_c.so[0m
[7.376s] [ 44%] [32m[1mLinking CXX shared library liblio_sam_op__rosidl_typesupport_cpp.so[0m
[7.437s] [ 46%] [32m[1mLinking C shared library liblio_sam_op__rosidl_typesupport_introspection_c.so[0m
[7.439s] [ 46%] Built target lio_sam_op__rosidl_typesupport_cpp
[7.449s] [ 46%] Built target lio_sam_op__rosidl_typesupport_c
[7.482s] [ 46%] Built target lio_sam_op__rosidl_typesupport_introspection_c
[7.545s] [ 48%] [32m[1mLinking CXX shared library liblio_sam_op__rosidl_typesupport_introspection_cpp.so[0m
[7.628s] [ 48%] Built target lio_sam_op__rosidl_typesupport_introspection_cpp
[7.743s] [ 51%] [32m[1mLinking CXX shared library liblio_sam_op__rosidl_typesupport_fastrtps_cpp.so[0m
[7.822s] [ 51%] Built target lio_sam_op__rosidl_typesupport_fastrtps_cpp
[7.829s] [ 53%] [34m[1mGenerating C type support for eProsima Fast-RTPS[0m
[8.171s] [ 57%] [32mBuilding CXX object CMakeFiles/lio_sam_op__rosidl_typesupport_fastrtps_c.dir/rosidl_typesupport_fastrtps_c/lio_sam_op/srv/detail/save_map__type_support_c.cpp.o[0m
[8.171s] [ 57%] [32mBuilding CXX object CMakeFiles/lio_sam_op__rosidl_typesupport_fastrtps_c.dir/rosidl_typesupport_fastrtps_c/lio_sam_op/msg/detail/cloud_info__type_support_c.cpp.o[0m
[8.554s] [ 59%] [32m[1mLinking CXX shared library liblio_sam_op__rosidl_typesupport_fastrtps_c.so[0m
[8.631s] [ 59%] Built target lio_sam_op__rosidl_typesupport_fastrtps_c
[8.642s] [ 59%] Built target lio_sam_op
[8.658s] [ 65%] [34m[1mGenerating Python code for ROS interfaces[0m
[8.658s] [ 65%] [32mBuilding CXX object CMakeFiles/lio_sam_op_mapOptimization.dir/src/mapOptimization.cpp.o[0m
[8.658s] [ 65%] [32mBuilding CXX object CMakeFiles/lio_sam_op_imageProjection.dir/src/imageProjection.cpp.o[0m
[8.658s] [ 67%] [32mBuilding CXX object CMakeFiles/lio_sam_op_featureExtraction.dir/src/featureExtraction.cpp.o[0m
[8.658s] [ 69%] [32mBuilding CXX object CMakeFiles/lio_sam_op_imuPreintegration.dir/src/imuPreintegration.cpp.o[0m
[8.658s] [ 71%] [32mBuilding CXX object CMakeFiles/lio_sam_op_transformFusion.dir/src/transformFusion.cpp.o[0m
[9.710s] [ 71%] Built target lio_sam_op__py
[9.722s] [ 73%] [32mBuilding C object CMakeFiles/lio_sam_op__python.dir/rosidl_generator_py/lio_sam_op/srv/_save_map_s.c.o[0m
[9.722s] [ 75%] [32mBuilding C object CMakeFiles/lio_sam_op__python.dir/rosidl_generator_py/lio_sam_op/msg/_cloud_info_s.c.o[0m
[10.075s] [ 77%] [32m[1mLinking C shared library rosidl_generator_py/lio_sam_op/liblio_sam_op__python.so[0m
[10.121s] [ 77%] Built target lio_sam_op__python
[10.142s] [ 79%] [32mBuilding C object CMakeFiles/lio_sam_op__rosidl_typesupport_introspection_c__pyext.dir/rosidl_generator_py/lio_sam_op/_lio_sam_op_s.ep.rosidl_typesupport_introspection_c.c.o[0m
[10.149s] [ 81%] [32mBuilding C object CMakeFiles/lio_sam_op__rosidl_typesupport_fastrtps_c__pyext.dir/rosidl_generator_py/lio_sam_op/_lio_sam_op_s.ep.rosidl_typesupport_fastrtps_c.c.o[0m
[10.154s] [ 83%] [32mBuilding C object CMakeFiles/lio_sam_op__rosidl_typesupport_c__pyext.dir/rosidl_generator_py/lio_sam_op/_lio_sam_op_s.ep.rosidl_typesupport_c.c.o[0m
[10.346s] [ 85%] [32m[1mLinking CXX shared library rosidl_generator_py/lio_sam_op/lio_sam_op_s__rosidl_typesupport_fastrtps_c.cpython-38-x86_64-linux-gnu.so[0m
[10.380s] [ 89%] [32m[1mLinking C shared library rosidl_generator_py/lio_sam_op/lio_sam_op_s__rosidl_typesupport_introspection_c.cpython-38-x86_64-linux-gnu.so[0m
[10.380s] [ 89%] [32m[1mLinking C shared library rosidl_generator_py/lio_sam_op/lio_sam_op_s__rosidl_typesupport_c.cpython-38-x86_64-linux-gnu.so[0m
[10.433s] [ 89%] Built target lio_sam_op__rosidl_typesupport_c__pyext
[10.434s] [ 89%] Built target lio_sam_op__rosidl_typesupport_introspection_c__pyext
[10.447s] [ 89%] Built target lio_sam_op__rosidl_typesupport_fastrtps_c__pyext
[19.037s] In file included from [01m[K/usr/include/boost/preprocessor/tuple/elem.hpp:23[m[K,
[19.037s]                  from [01m[K/usr/include/boost/preprocessor/arithmetic/add.hpp:21[m[K,
[19.037s]                  from [01m[K/usr/include/boost/mpl/aux_/preprocessor/def_params_tail.hpp:66[m[K,
[19.037s]                  from [01m[K/usr/include/boost/mpl/aux_/na_spec.hpp:28[m[K,
[19.037s]                  from [01m[K/usr/include/boost/mpl/not.hpp:20[m[K,
[19.038s]                  from [01m[K/usr/include/boost/mpl/assert.hpp:17[m[K,
[19.038s]                  from [01m[K/usr/include/pcl-1.10/pcl/point_traits.h:48[m[K,
[19.038s]                  from [01m[K/usr/include/pcl-1.10/pcl/point_cloud.h:50[m[K,
[19.038s]                  from [01m[K/home/korey/Desktop/lio_nav2/src/LIO-SAM/include/lio_sam_op/utility.hpp:21[m[K,
[19.038s]                  from [01m[K/home/korey/Desktop/lio_nav2/src/LIO-SAM/src/imageProjection.cpp:37[m[K:
[19.038s] [01m[K/home/korey/Desktop/lio_nav2/src/LIO-SAM/src/imageProjection.cpp:58:104:[m[K [01;35m[Kwarning: [m[K‘[01m[Kusing uint16_t = uint16_t[m[K’ is deprecated: use std::uint16_t instead of pcl::uint16_t [[01;35m[K-Wdeprecated-declarations[m[K]
[19.038s]    58 |                                   (float, x, x)(float, y, y)(float, z, z)(float, intensity, intensity)([01;35m[Kuint16_t[m[K, ring, ring)(float, time, time))
[19.038s]       |                                                                                                        [01;35m[K^~~~~~~~[m[K
[19.038s] In file included from [01m[K/usr/include/pcl-1.10/pcl/PCLHeader.h:10[m[K,
[19.038s]                  from [01m[K/usr/include/pcl-1.10/pcl/point_cloud.h:47[m[K,
[19.038s]                  from [01m[K/home/korey/Desktop/lio_nav2/src/LIO-SAM/include/lio_sam_op/utility.hpp:21[m[K,
[19.038s]                  from [01m[K/home/korey/Desktop/lio_nav2/src/LIO-SAM/src/imageProjection.cpp:37[m[K:
[19.038s] [01m[K/usr/include/pcl-1.10/pcl/pcl_macros.h:94:9:[m[K [01;36m[Knote: [m[Kdeclared here
[19.039s]    94 |   using [01;36m[Kuint16_t[m[K [[deprecated("use std::uint16_t instead of pcl::uint16_t")]] = std::uint16_t;
[19.039s]       |         [01;36m[K^~~~~~~~[m[K
[19.047s] In file included from [01m[K/usr/include/boost/preprocessor/tuple/elem.hpp:23[m[K,
[19.047s]                  from [01m[K/usr/include/boost/preprocessor/arithmetic/add.hpp:21[m[K,
[19.047s]                  from [01m[K/usr/include/boost/mpl/aux_/preprocessor/def_params_tail.hpp:66[m[K,
[19.047s]                  from [01m[K/usr/include/boost/mpl/aux_/na_spec.hpp:28[m[K,
[19.047s]                  from [01m[K/usr/include/boost/mpl/not.hpp:20[m[K,
[19.047s]                  from [01m[K/usr/include/boost/mpl/assert.hpp:17[m[K,
[19.047s]                  from [01m[K/usr/include/pcl-1.10/pcl/point_traits.h:48[m[K,
[19.047s]                  from [01m[K/usr/include/pcl-1.10/pcl/point_cloud.h:50[m[K,
[19.048s]                  from [01m[K/home/korey/Desktop/lio_nav2/src/LIO-SAM/include/lio_sam_op/utility.hpp:21[m[K,
[19.048s]                  from [01m[K/home/korey/Desktop/lio_nav2/src/LIO-SAM/src/imageProjection.cpp:37[m[K:
[19.048s] [01m[K/home/korey/Desktop/lio_nav2/src/LIO-SAM/src/imageProjection.cpp:75:104:[m[K [01;35m[Kwarning: [m[K‘[01m[Kusing uint32_t = uint32_t[m[K’ is deprecated: use std::uint32_t instead of pcl::uint32_t [[01;35m[K-Wdeprecated-declarations[m[K]
[19.048s]    75 |                                   (float, x, x)(float, y, y)(float, z, z)(float, intensity, intensity)([01;35m[Kuint32_t[m[K, t, t)(uint16_t, reflectivity, reflectivity)(uint8_t, ring, ring)(uint16_t, ambient, ambient)(uint32_t, range, range))
[19.048s]       |                                                                                                        [01;35m[K^~~~~~~~[m[K
[19.048s] In file included from [01m[K/usr/include/pcl-1.10/pcl/PCLHeader.h:10[m[K,
[19.048s]                  from [01m[K/usr/include/pcl-1.10/pcl/point_cloud.h:47[m[K,
[19.048s]                  from [01m[K/home/korey/Desktop/lio_nav2/src/LIO-SAM/include/lio_sam_op/utility.hpp:21[m[K,
[19.048s]                  from [01m[K/home/korey/Desktop/lio_nav2/src/LIO-SAM/src/imageProjection.cpp:37[m[K:
[19.048s] [01m[K/usr/include/pcl-1.10/pcl/pcl_macros.h:96:9:[m[K [01;36m[Knote: [m[Kdeclared here
[19.048s]    96 |   using [01;36m[Kuint32_t[m[K [[deprecated("use std::uint32_t instead of pcl::uint32_t")]] = std::uint32_t;
[19.048s]       |         [01;36m[K^~~~~~~~[m[K
[19.049s] In file included from [01m[K/usr/include/boost/preprocessor/tuple/elem.hpp:23[m[K,
[19.049s]                  from [01m[K/usr/include/boost/preprocessor/arithmetic/add.hpp:21[m[K,
[19.049s]                  from [01m[K/usr/include/boost/mpl/aux_/preprocessor/def_params_tail.hpp:66[m[K,
[19.049s]                  from [01m[K/usr/include/boost/mpl/aux_/na_spec.hpp:28[m[K,
[19.049s]                  from [01m[K/usr/include/boost/mpl/not.hpp:20[m[K,
[19.049s]                  from [01m[K/usr/include/boost/mpl/assert.hpp:17[m[K,
[19.049s]                  from [01m[K/usr/include/pcl-1.10/pcl/point_traits.h:48[m[K,
[19.049s]                  from [01m[K/usr/include/pcl-1.10/pcl/point_cloud.h:50[m[K,
[19.049s]                  from [01m[K/home/korey/Desktop/lio_nav2/src/LIO-SAM/include/lio_sam_op/utility.hpp:21[m[K,
[19.050s]                  from [01m[K/home/korey/Desktop/lio_nav2/src/LIO-SAM/src/imageProjection.cpp:37[m[K:
[19.050s] [01m[K/home/korey/Desktop/lio_nav2/src/LIO-SAM/src/imageProjection.cpp:75:120:[m[K [01;35m[Kwarning: [m[K‘[01m[Kusing uint16_t = uint16_t[m[K’ is deprecated: use std::uint16_t instead of pcl::uint16_t [[01;35m[K-Wdeprecated-declarations[m[K]
[19.050s]    75 |                                   (float, x, x)(float, y, y)(float, z, z)(float, intensity, intensity)(uint32_t, t, t)([01;35m[Kuint16_t[m[K, reflectivity, reflectivity)(uint8_t, ring, ring)(uint16_t, ambient, ambient)(uint32_t, range, range))
[19.050s]       |                                                                                                                        [01;35m[K^~~~~~~~[m[K
[19.050s] In file included from [01m[K/usr/include/pcl-1.10/pcl/PCLHeader.h:10[m[K,
[19.050s]                  from [01m[K/usr/include/pcl-1.10/pcl/point_cloud.h:47[m[K,
[19.050s]                  from [01m[K/home/korey/Desktop/lio_nav2/src/LIO-SAM/include/lio_sam_op/utility.hpp:21[m[K,
[19.050s]                  from [01m[K/home/korey/Desktop/lio_nav2/src/LIO-SAM/src/imageProjection.cpp:37[m[K:
[19.050s] [01m[K/usr/include/pcl-1.10/pcl/pcl_macros.h:94:9:[m[K [01;36m[Knote: [m[Kdeclared here
[19.050s]    94 |   using [01;36m[Kuint16_t[m[K [[deprecated("use std::uint16_t instead of pcl::uint16_t")]] = std::uint16_t;
[19.050s]       |         [01;36m[K^~~~~~~~[m[K
[19.050s] In file included from [01m[K/usr/include/boost/preprocessor/tuple/elem.hpp:23[m[K,
[19.050s]                  from [01m[K/usr/include/boost/preprocessor/arithmetic/add.hpp:21[m[K,
[19.050s]                  from [01m[K/usr/include/boost/mpl/aux_/preprocessor/def_params_tail.hpp:66[m[K,
[19.050s]                  from [01m[K/usr/include/boost/mpl/aux_/na_spec.hpp:28[m[K,
[19.051s]                  from [01m[K/usr/include/boost/mpl/not.hpp:20[m[K,
[19.051s]                  from [01m[K/usr/include/boost/mpl/assert.hpp:17[m[K,
[19.051s]                  from [01m[K/usr/include/pcl-1.10/pcl/point_traits.h:48[m[K,
[19.051s]                  from [01m[K/usr/include/pcl-1.10/pcl/point_cloud.h:50[m[K,
[19.051s]                  from [01m[K/home/korey/Desktop/lio_nav2/src/LIO-SAM/include/lio_sam_op/utility.hpp:21[m[K,
[19.051s]                  from [01m[K/home/korey/Desktop/lio_nav2/src/LIO-SAM/src/imageProjection.cpp:37[m[K:
[19.051s] [01m[K/home/korey/Desktop/lio_nav2/src/LIO-SAM/src/imageProjection.cpp:75:158:[m[K [01;35m[Kwarning: [m[K‘[01m[Kusing uint8_t = uint8_t[m[K’ is deprecated: use std::uint8_t instead of pcl::uint8_t [[01;35m[K-Wdeprecated-declarations[m[K]
[19.051s]    75 |                                   (float, x, x)(float, y, y)(float, z, z)(float, intensity, intensity)(uint32_t, t, t)(uint16_t, reflectivity, reflectivity)([01;35m[Kuint8_t[m[K, ring, ring)(uint16_t, ambient, ambient)(uint32_t, range, range))
[19.051s]       |                                                                                                                                                              [01;35m[K^~~~~~~[m[K
[19.051s] In file included from [01m[K/usr/include/pcl-1.10/pcl/PCLHeader.h:10[m[K,
[19.051s]                  from [01m[K/usr/include/pcl-1.10/pcl/point_cloud.h:47[m[K,
[19.051s]                  from [01m[K/home/korey/Desktop/lio_nav2/src/LIO-SAM/include/lio_sam_op/utility.hpp:21[m[K,
[19.051s]                  from [01m[K/home/korey/Desktop/lio_nav2/src/LIO-SAM/src/imageProjection.cpp:37[m[K:
[19.051s] [01m[K/usr/include/pcl-1.10/pcl/pcl_macros.h:92:9:[m[K [01;36m[Knote: [m[Kdeclared here
[19.051s]    92 |   using [01;36m[Kuint8_t[m[K [[deprecated("use std::uint8_t instead of pcl::uint8_t")]] = std::uint8_t;
[19.052s]       |         [01;36m[K^~~~~~~[m[K
[19.052s] In file included from [01m[K/usr/include/boost/preprocessor/tuple/elem.hpp:23[m[K,
[19.052s]                  from [01m[K/usr/include/boost/preprocessor/arithmetic/add.hpp:21[m[K,
[19.052s]                  from [01m[K/usr/include/boost/mpl/aux_/preprocessor/def_params_tail.hpp:66[m[K,
[19.052s]                  from [01m[K/usr/include/boost/mpl/aux_/na_spec.hpp:28[m[K,
[19.052s]                  from [01m[K/usr/include/boost/mpl/not.hpp:20[m[K,
[19.052s]                  from [01m[K/usr/include/boost/mpl/assert.hpp:17[m[K,
[19.052s]                  from [01m[K/usr/include/pcl-1.10/pcl/point_traits.h:48[m[K,
[19.052s]                  from [01m[K/usr/include/pcl-1.10/pcl/point_cloud.h:50[m[K,
[19.052s]                  from [01m[K/home/korey/Desktop/lio_nav2/src/LIO-SAM/include/lio_sam_op/utility.hpp:21[m[K,
[19.052s]                  from [01m[K/home/korey/Desktop/lio_nav2/src/LIO-SAM/src/imageProjection.cpp:37[m[K:
[19.052s] [01m[K/home/korey/Desktop/lio_nav2/src/LIO-SAM/src/imageProjection.cpp:75:179:[m[K [01;35m[Kwarning: [m[K‘[01m[Kusing uint16_t = uint16_t[m[K’ is deprecated: use std::uint16_t instead of pcl::uint16_t [[01;35m[K-Wdeprecated-declarations[m[K]
[19.052s]    75 |                                   (float, x, x)(float, y, y)(float, z, z)(float, intensity, intensity)(uint32_t, t, t)(uint16_t, reflectivity, reflectivity)(uint8_t, ring, ring)([01;35m[Kuint16_t[m[K, ambient, ambient)(uint32_t, range, range))
[19.052s]       |                                                                                                                                                                                   [01;35m[K^~~~~~~~[m[K
[19.053s] In file included from [01m[K/usr/include/pcl-1.10/pcl/PCLHeader.h:10[m[K,
[19.053s]                  from [01m[K/usr/include/pcl-1.10/pcl/point_cloud.h:47[m[K,
[19.053s]                  from [01m[K/home/korey/Desktop/lio_nav2/src/LIO-SAM/include/lio_sam_op/utility.hpp:21[m[K,
[19.053s]                  from [01m[K/home/korey/Desktop/lio_nav2/src/LIO-SAM/src/imageProjection.cpp:37[m[K:
[19.053s] [01m[K/usr/include/pcl-1.10/pcl/pcl_macros.h:94:9:[m[K [01;36m[Knote: [m[Kdeclared here
[19.053s]    94 |   using [01;36m[Kuint16_t[m[K [[deprecated("use std::uint16_t instead of pcl::uint16_t")]] = std::uint16_t;
[19.053s]       |         [01;36m[K^~~~~~~~[m[K
[19.053s] In file included from [01m[K/usr/include/boost/preprocessor/tuple/elem.hpp:23[m[K,
[19.053s]                  from [01m[K/usr/include/boost/preprocessor/arithmetic/add.hpp:21[m[K,
[19.053s]                  from [01m[K/usr/include/boost/mpl/aux_/preprocessor/def_params_tail.hpp:66[m[K,
[19.053s]                  from [01m[K/usr/include/boost/mpl/aux_/na_spec.hpp:28[m[K,
[19.053s]                  from [01m[K/usr/include/boost/mpl/not.hpp:20[m[K,
[19.053s]                  from [01m[K/usr/include/boost/mpl/assert.hpp:17[m[K,
[19.053s]                  from [01m[K/usr/include/pcl-1.10/pcl/point_traits.h:48[m[K,
[19.053s]                  from [01m[K/usr/include/pcl-1.10/pcl/point_cloud.h:50[m[K,
[19.054s]                  from [01m[K/home/korey/Desktop/lio_nav2/src/LIO-SAM/include/lio_sam_op/utility.hpp:21[m[K,
[19.054s]                  from [01m[K/home/korey/Desktop/lio_nav2/src/LIO-SAM/src/imageProjection.cpp:37[m[K:
[19.054s] [01m[K/home/korey/Desktop/lio_nav2/src/LIO-SAM/src/imageProjection.cpp:75:207:[m[K [01;35m[Kwarning: [m[K‘[01m[Kusing uint32_t = uint32_t[m[K’ is deprecated: use std::uint32_t instead of pcl::uint32_t [[01;35m[K-Wdeprecated-declarations[m[K]
[19.054s]    75 |                                   (float, x, x)(float, y, y)(float, z, z)(float, intensity, intensity)(uint32_t, t, t)(uint16_t, reflectivity, reflectivity)(uint8_t, ring, ring)(uint16_t, ambient, ambient)([01;35m[Kuint32_t[m[K, range, range))
[19.054s]       |                                                                                                                                                                                                               [01;35m[K^~~~~~~~[m[K
[19.054s] In file included from [01m[K/usr/include/pcl-1.10/pcl/PCLHeader.h:10[m[K,
[19.054s]                  from [01m[K/usr/include/pcl-1.10/pcl/point_cloud.h:47[m[K,
[19.054s]                  from [01m[K/home/korey/Desktop/lio_nav2/src/LIO-SAM/include/lio_sam_op/utility.hpp:21[m[K,
[19.054s]                  from [01m[K/home/korey/Desktop/lio_nav2/src/LIO-SAM/src/imageProjection.cpp:37[m[K:
[19.054s] [01m[K/usr/include/pcl-1.10/pcl/pcl_macros.h:96:9:[m[K [01;36m[Knote: [m[Kdeclared here
[19.054s]    96 |   using [01;36m[Kuint32_t[m[K [[deprecated("use std::uint32_t instead of pcl::uint32_t")]] = std::uint32_t;
[19.054s]       |         [01;36m[K^~~~~~~~[m[K
[36.960s] [ 91%] [32m[1mLinking CXX executable lio_sam_op_featureExtraction[0m
[37.660s] [ 93%] [32m[1mLinking CXX executable lio_sam_op_transformFusion[0m
[38.578s] [ 93%] Built target lio_sam_op_transformFusion
[38.825s] [ 93%] Built target lio_sam_op_featureExtraction
[42.545s] [ 95%] [32m[1mLinking CXX executable lio_sam_op_imageProjection[0m
[43.035s] [ 95%] Built target lio_sam_op_imageProjection
[51.749s] [ 97%] [32m[1mLinking CXX executable lio_sam_op_imuPreintegration[0m
[52.679s] [ 97%] Built target lio_sam_op_imuPreintegration
[66.091s] [100%] [32m[1mLinking CXX executable lio_sam_op_mapOptimization[0m
[67.374s] [100%] Built target lio_sam_op_mapOptimization
[67.387s] Invoked command in '/home/korey/Desktop/lio_nav2/build/lio_sam_op' returned '0': CMAKE_PREFIX_PATH=/opt/ros/foxy /home/korey/.local/bin/cmake --build /home/korey/Desktop/lio_nav2/build/lio_sam_op -- -j12 -l12
[67.392s] Invoking command in '/home/korey/Desktop/lio_nav2/build/lio_sam_op': CMAKE_PREFIX_PATH=/opt/ros/foxy /home/korey/.local/bin/cmake --install /home/korey/Desktop/lio_nav2/build/lio_sam_op
[67.423s] -- Install configuration: "Release"
[67.423s] -- Installing: /home/korey/Desktop/lio_nav2/install/lio_sam_op/share/ament_index/resource_index/rosidl_interfaces/lio_sam_op
[67.423s] -- Installing: /home/korey/Desktop/lio_nav2/install/lio_sam_op/include/lio_sam_op
[67.423s] -- Installing: /home/korey/Desktop/lio_nav2/install/lio_sam_op/include/lio_sam_op/srv
[67.424s] -- Installing: /home/korey/Desktop/lio_nav2/install/lio_sam_op/include/lio_sam_op/srv/detail
[67.424s] -- Installing: /home/korey/Desktop/lio_nav2/install/lio_sam_op/include/lio_sam_op/srv/detail/save_map__struct.h
[67.424s] -- Installing: /home/korey/Desktop/lio_nav2/install/lio_sam_op/include/lio_sam_op/srv/detail/save_map__type_support.h
[67.424s] -- Installing: /home/korey/Desktop/lio_nav2/install/lio_sam_op/include/lio_sam_op/srv/detail/save_map__functions.c
[67.424s] -- Installing: /home/korey/Desktop/lio_nav2/install/lio_sam_op/include/lio_sam_op/srv/detail/save_map__functions.h
[67.425s] -- Installing: /home/korey/Desktop/lio_nav2/install/lio_sam_op/include/lio_sam_op/srv/save_map.h
[67.425s] -- Installing: /home/korey/Desktop/lio_nav2/install/lio_sam_op/include/lio_sam_op/msg
[67.425s] -- Installing: /home/korey/Desktop/lio_nav2/install/lio_sam_op/include/lio_sam_op/msg/rosidl_generator_c__visibility_control.h
[67.425s] -- Installing: /home/korey/Desktop/lio_nav2/install/lio_sam_op/include/lio_sam_op/msg/cloud_info.h
[67.426s] -- Installing: /home/korey/Desktop/lio_nav2/install/lio_sam_op/include/lio_sam_op/msg/detail
[67.426s] -- Installing: /home/korey/Desktop/lio_nav2/install/lio_sam_op/include/lio_sam_op/msg/detail/cloud_info__functions.h
[67.426s] -- Installing: /home/korey/Desktop/lio_nav2/install/lio_sam_op/include/lio_sam_op/msg/detail/cloud_info__functions.c
[67.426s] -- Installing: /home/korey/Desktop/lio_nav2/install/lio_sam_op/include/lio_sam_op/msg/detail/cloud_info__type_support.h
[67.426s] -- Installing: /home/korey/Desktop/lio_nav2/install/lio_sam_op/include/lio_sam_op/msg/detail/cloud_info__struct.h
[67.426s] -- Installing: /home/korey/Desktop/lio_nav2/install/lio_sam_op/share/lio_sam_op/environment/library_path.sh
[67.427s] -- Installing: /home/korey/Desktop/lio_nav2/install/lio_sam_op/share/lio_sam_op/environment/library_path.dsv
[67.427s] -- Installing: /home/korey/Desktop/lio_nav2/install/lio_sam_op/lib/liblio_sam_op__rosidl_generator_c.so
[67.428s] -- Set runtime path of "/home/korey/Desktop/lio_nav2/install/lio_sam_op/lib/liblio_sam_op__rosidl_generator_c.so" to ""
[67.428s] -- Up-to-date: /home/korey/Desktop/lio_nav2/install/lio_sam_op/include/lio_sam_op
[67.428s] -- Up-to-date: /home/korey/Desktop/lio_nav2/install/lio_sam_op/include/lio_sam_op/srv
[67.428s] -- Up-to-date: /home/korey/Desktop/lio_nav2/install/lio_sam_op/include/lio_sam_op/srv/detail
[67.428s] -- Installing: /home/korey/Desktop/lio_nav2/install/lio_sam_op/include/lio_sam_op/srv/detail/save_map__rosidl_typesupport_fastrtps_c.h
[67.428s] -- Up-to-date: /home/korey/Desktop/lio_nav2/install/lio_sam_op/include/lio_sam_op/msg
[67.428s] -- Up-to-date: /home/korey/Desktop/lio_nav2/install/lio_sam_op/include/lio_sam_op/msg/detail
[67.428s] -- Installing: /home/korey/Desktop/lio_nav2/install/lio_sam_op/include/lio_sam_op/msg/detail/cloud_info__rosidl_typesupport_fastrtps_c.h
[67.428s] -- Installing: /home/korey/Desktop/lio_nav2/install/lio_sam_op/include/lio_sam_op/msg/rosidl_typesupport_fastrtps_c__visibility_control.h
[67.428s] -- Installing: /home/korey/Desktop/lio_nav2/install/lio_sam_op/lib/liblio_sam_op__rosidl_typesupport_fastrtps_c.so
[67.429s] -- Set runtime path of "/home/korey/Desktop/lio_nav2/install/lio_sam_op/lib/liblio_sam_op__rosidl_typesupport_fastrtps_c.so" to ""
[67.429s] -- Up-to-date: /home/korey/Desktop/lio_nav2/install/lio_sam_op/include/lio_sam_op
[67.429s] -- Up-to-date: /home/korey/Desktop/lio_nav2/install/lio_sam_op/include/lio_sam_op/srv
[67.429s] -- Up-to-date: /home/korey/Desktop/lio_nav2/install/lio_sam_op/include/lio_sam_op/srv/detail
[67.429s] -- Installing: /home/korey/Desktop/lio_nav2/install/lio_sam_op/include/lio_sam_op/srv/detail/dds_fastrtps
[67.429s] -- Installing: /home/korey/Desktop/lio_nav2/install/lio_sam_op/include/lio_sam_op/srv/detail/save_map__rosidl_typesupport_fastrtps_cpp.hpp
[67.430s] -- Up-to-date: /home/korey/Desktop/lio_nav2/install/lio_sam_op/include/lio_sam_op/msg
[67.430s] -- Up-to-date: /home/korey/Desktop/lio_nav2/install/lio_sam_op/include/lio_sam_op/msg/detail
[67.430s] -- Installing: /home/korey/Desktop/lio_nav2/install/lio_sam_op/include/lio_sam_op/msg/detail/dds_fastrtps
[67.430s] -- Installing: /home/korey/Desktop/lio_nav2/install/lio_sam_op/include/lio_sam_op/msg/detail/cloud_info__rosidl_typesupport_fastrtps_cpp.hpp
[67.430s] -- Installing: /home/korey/Desktop/lio_nav2/install/lio_sam_op/include/lio_sam_op/msg/rosidl_typesupport_fastrtps_cpp__visibility_control.h
[67.430s] -- Installing: /home/korey/Desktop/lio_nav2/install/lio_sam_op/lib/liblio_sam_op__rosidl_typesupport_fastrtps_cpp.so
[67.430s] -- Set runtime path of "/home/korey/Desktop/lio_nav2/install/lio_sam_op/lib/liblio_sam_op__rosidl_typesupport_fastrtps_cpp.so" to ""
[67.431s] -- Up-to-date: /home/korey/Desktop/lio_nav2/install/lio_sam_op/include/lio_sam_op
[67.431s] -- Up-to-date: /home/korey/Desktop/lio_nav2/install/lio_sam_op/include/lio_sam_op/srv
[67.431s] -- Up-to-date: /home/korey/Desktop/lio_nav2/install/lio_sam_op/include/lio_sam_op/srv/detail
[67.431s] -- Installing: /home/korey/Desktop/lio_nav2/install/lio_sam_op/include/lio_sam_op/srv/detail/save_map__rosidl_typesupport_introspection_c.h
[67.431s] -- Installing: /home/korey/Desktop/lio_nav2/install/lio_sam_op/include/lio_sam_op/srv/detail/save_map__type_support.c
[67.431s] -- Up-to-date: /home/korey/Desktop/lio_nav2/install/lio_sam_op/include/lio_sam_op/msg
[67.431s] -- Installing: /home/korey/Desktop/lio_nav2/install/lio_sam_op/include/lio_sam_op/msg/rosidl_typesupport_introspection_c__visibility_control.h
[67.431s] -- Up-to-date: /home/korey/Desktop/lio_nav2/install/lio_sam_op/include/lio_sam_op/msg/detail
[67.431s] -- Installing: /home/korey/Desktop/lio_nav2/install/lio_sam_op/include/lio_sam_op/msg/detail/cloud_info__type_support.c
[67.431s] -- Installing: /home/korey/Desktop/lio_nav2/install/lio_sam_op/include/lio_sam_op/msg/detail/cloud_info__rosidl_typesupport_introspection_c.h
[67.432s] -- Installing: /home/korey/Desktop/lio_nav2/install/lio_sam_op/lib/liblio_sam_op__rosidl_typesupport_introspection_c.so
[67.432s] -- Set runtime path of "/home/korey/Desktop/lio_nav2/install/lio_sam_op/lib/liblio_sam_op__rosidl_typesupport_introspection_c.so" to ""
[67.432s] -- Installing: /home/korey/Desktop/lio_nav2/install/lio_sam_op/lib/liblio_sam_op__rosidl_typesupport_c.so
[67.432s] -- Set runtime path of "/home/korey/Desktop/lio_nav2/install/lio_sam_op/lib/liblio_sam_op__rosidl_typesupport_c.so" to ""
[67.432s] -- Up-to-date: /home/korey/Desktop/lio_nav2/install/lio_sam_op/include/lio_sam_op
[67.433s] -- Up-to-date: /home/korey/Desktop/lio_nav2/install/lio_sam_op/include/lio_sam_op/srv
[67.433s] -- Up-to-date: /home/korey/Desktop/lio_nav2/install/lio_sam_op/include/lio_sam_op/srv/detail
[67.433s] -- Installing: /home/korey/Desktop/lio_nav2/install/lio_sam_op/include/lio_sam_op/srv/detail/save_map__traits.hpp
[67.433s] -- Installing: /home/korey/Desktop/lio_nav2/install/lio_sam_op/include/lio_sam_op/srv/detail/save_map__builder.hpp
[67.433s] -- Installing: /home/korey/Desktop/lio_nav2/install/lio_sam_op/include/lio_sam_op/srv/detail/save_map__struct.hpp
[67.433s] -- Installing: /home/korey/Desktop/lio_nav2/install/lio_sam_op/include/lio_sam_op/srv/detail/save_map__type_support.hpp
[67.433s] -- Installing: /home/korey/Desktop/lio_nav2/install/lio_sam_op/include/lio_sam_op/srv/save_map.hpp
[67.434s] -- Up-to-date: /home/korey/Desktop/lio_nav2/install/lio_sam_op/include/lio_sam_op/msg
[67.434s] -- Installing: /home/korey/Desktop/lio_nav2/install/lio_sam_op/include/lio_sam_op/msg/rosidl_generator_cpp__visibility_control.hpp
[67.434s] -- Up-to-date: /home/korey/Desktop/lio_nav2/install/lio_sam_op/include/lio_sam_op/msg/detail
[67.434s] -- Installing: /home/korey/Desktop/lio_nav2/install/lio_sam_op/include/lio_sam_op/msg/detail/cloud_info__traits.hpp
[67.434s] -- Installing: /home/korey/Desktop/lio_nav2/install/lio_sam_op/include/lio_sam_op/msg/detail/cloud_info__type_support.hpp
[67.434s] -- Installing: /home/korey/Desktop/lio_nav2/install/lio_sam_op/include/lio_sam_op/msg/detail/cloud_info__builder.hpp
[67.434s] -- Installing: /home/korey/Desktop/lio_nav2/install/lio_sam_op/include/lio_sam_op/msg/detail/cloud_info__struct.hpp
[67.435s] -- Installing: /home/korey/Desktop/lio_nav2/install/lio_sam_op/include/lio_sam_op/msg/cloud_info.hpp
[67.435s] -- Up-to-date: /home/korey/Desktop/lio_nav2/install/lio_sam_op/include/lio_sam_op
[67.435s] -- Up-to-date: /home/korey/Desktop/lio_nav2/install/lio_sam_op/include/lio_sam_op/srv
[67.435s] -- Up-to-date: /home/korey/Desktop/lio_nav2/install/lio_sam_op/include/lio_sam_op/srv/detail
[67.435s] -- Installing: /home/korey/Desktop/lio_nav2/install/lio_sam_op/include/lio_sam_op/srv/detail/save_map__type_support.cpp
[67.435s] -- Installing: /home/korey/Desktop/lio_nav2/install/lio_sam_op/include/lio_sam_op/srv/detail/save_map__rosidl_typesupport_introspection_cpp.hpp
[67.435s] -- Up-to-date: /home/korey/Desktop/lio_nav2/install/lio_sam_op/include/lio_sam_op/msg
[67.435s] -- Up-to-date: /home/korey/Desktop/lio_nav2/install/lio_sam_op/include/lio_sam_op/msg/detail
[67.435s] -- Installing: /home/korey/Desktop/lio_nav2/install/lio_sam_op/include/lio_sam_op/msg/detail/cloud_info__type_support.cpp
[67.435s] -- Installing: /home/korey/Desktop/lio_nav2/install/lio_sam_op/include/lio_sam_op/msg/detail/cloud_info__rosidl_typesupport_introspection_cpp.hpp
[67.435s] -- Installing: /home/korey/Desktop/lio_nav2/install/lio_sam_op/lib/liblio_sam_op__rosidl_typesupport_introspection_cpp.so
[67.436s] -- Set runtime path of "/home/korey/Desktop/lio_nav2/install/lio_sam_op/lib/liblio_sam_op__rosidl_typesupport_introspection_cpp.so" to ""
[67.436s] -- Installing: /home/korey/Desktop/lio_nav2/install/lio_sam_op/lib/liblio_sam_op__rosidl_typesupport_cpp.so
[67.436s] -- Set runtime path of "/home/korey/Desktop/lio_nav2/install/lio_sam_op/lib/liblio_sam_op__rosidl_typesupport_cpp.so" to ""
[67.436s] -- Installing: /home/korey/Desktop/lio_nav2/install/lio_sam_op/share/lio_sam_op/environment/pythonpath.sh
[67.436s] -- Installing: /home/korey/Desktop/lio_nav2/install/lio_sam_op/share/lio_sam_op/environment/pythonpath.dsv
[67.437s] -- Installing: /home/korey/Desktop/lio_nav2/install/lio_sam_op/lib/python3.8/site-packages/lio_sam_op/__init__.py
[67.469s] Compiling '/home/korey/Desktop/lio_nav2/install/lio_sam_op/lib/python3.8/site-packages/lio_sam_op/__init__.py'...
[67.473s] -- Installing: /home/korey/Desktop/lio_nav2/install/lio_sam_op/lib/python3.8/site-packages/lio_sam_op/msg
[67.473s] -- Installing: /home/korey/Desktop/lio_nav2/install/lio_sam_op/lib/python3.8/site-packages/lio_sam_op/msg/_cloud_info_s.c
[67.473s] -- Installing: /home/korey/Desktop/lio_nav2/install/lio_sam_op/lib/python3.8/site-packages/lio_sam_op/msg/__init__.py
[67.473s] -- Installing: /home/korey/Desktop/lio_nav2/install/lio_sam_op/lib/python3.8/site-packages/lio_sam_op/msg/_cloud_info.py
[67.474s] -- Installing: /home/korey/Desktop/lio_nav2/install/lio_sam_op/lib/python3.8/site-packages/lio_sam_op/srv
[67.474s] -- Installing: /home/korey/Desktop/lio_nav2/install/lio_sam_op/lib/python3.8/site-packages/lio_sam_op/srv/_save_map.py
[67.474s] -- Installing: /home/korey/Desktop/lio_nav2/install/lio_sam_op/lib/python3.8/site-packages/lio_sam_op/srv/__init__.py
[67.474s] -- Installing: /home/korey/Desktop/lio_nav2/install/lio_sam_op/lib/python3.8/site-packages/lio_sam_op/srv/_save_map_s.c
[67.474s] -- Installing: /home/korey/Desktop/lio_nav2/install/lio_sam_op/lib/python3.8/site-packages/lio_sam_op/lio_sam_op_s__rosidl_typesupport_fastrtps_c.cpython-38-x86_64-linux-gnu.so
[67.475s] -- Set runtime path of "/home/korey/Desktop/lio_nav2/install/lio_sam_op/lib/python3.8/site-packages/lio_sam_op/lio_sam_op_s__rosidl_typesupport_fastrtps_c.cpython-38-x86_64-linux-gnu.so" to ""
[67.475s] -- Installing: /home/korey/Desktop/lio_nav2/install/lio_sam_op/lib/python3.8/site-packages/lio_sam_op/lio_sam_op_s__rosidl_typesupport_introspection_c.cpython-38-x86_64-linux-gnu.so
[67.476s] -- Set runtime path of "/home/korey/Desktop/lio_nav2/install/lio_sam_op/lib/python3.8/site-packages/lio_sam_op/lio_sam_op_s__rosidl_typesupport_introspection_c.cpython-38-x86_64-linux-gnu.so" to ""
[67.476s] -- Installing: /home/korey/Desktop/lio_nav2/install/lio_sam_op/lib/python3.8/site-packages/lio_sam_op/lio_sam_op_s__rosidl_typesupport_c.cpython-38-x86_64-linux-gnu.so
[67.476s] -- Set runtime path of "/home/korey/Desktop/lio_nav2/install/lio_sam_op/lib/python3.8/site-packages/lio_sam_op/lio_sam_op_s__rosidl_typesupport_c.cpython-38-x86_64-linux-gnu.so" to ""
[67.476s] -- Installing: /home/korey/Desktop/lio_nav2/install/lio_sam_op/lib/liblio_sam_op__python.so
[67.477s] -- Set runtime path of "/home/korey/Desktop/lio_nav2/install/lio_sam_op/lib/liblio_sam_op__python.so" to ""
[67.477s] -- Installing: /home/korey/Desktop/lio_nav2/install/lio_sam_op/share/lio_sam_op/msg/CloudInfo.idl
[67.477s] -- Installing: /home/korey/Desktop/lio_nav2/install/lio_sam_op/share/lio_sam_op/srv/SaveMap.idl
[67.478s] -- Installing: /home/korey/Desktop/lio_nav2/install/lio_sam_op/share/lio_sam_op/msg/CloudInfo.msg
[67.478s] -- Installing: /home/korey/Desktop/lio_nav2/install/lio_sam_op/share/lio_sam_op/srv/SaveMap.srv
[67.478s] -- Installing: /home/korey/Desktop/lio_nav2/install/lio_sam_op/share/lio_sam_op/srv/SaveMap_Request.msg
[67.478s] -- Installing: /home/korey/Desktop/lio_nav2/install/lio_sam_op/share/lio_sam_op/srv/SaveMap_Response.msg
[67.479s] -- Installing: /home/korey/Desktop/lio_nav2/install/lio_sam_op/lib/lio_sam_op/lio_sam_op_imageProjection
[67.481s] -- Set runtime path of "/home/korey/Desktop/lio_nav2/install/lio_sam_op/lib/lio_sam_op/lio_sam_op_imageProjection" to ""
[67.481s] -- Installing: /home/korey/Desktop/lio_nav2/install/lio_sam_op/lib/lio_sam_op/lio_sam_op_featureExtraction
[67.482s] -- Set runtime path of "/home/korey/Desktop/lio_nav2/install/lio_sam_op/lib/lio_sam_op/lio_sam_op_featureExtraction" to ""
[67.482s] -- Installing: /home/korey/Desktop/lio_nav2/install/lio_sam_op/lib/lio_sam_op/lio_sam_op_imuPreintegration
[67.484s] -- Set runtime path of "/home/korey/Desktop/lio_nav2/install/lio_sam_op/lib/lio_sam_op/lio_sam_op_imuPreintegration" to ""
[67.484s] -- Installing: /home/korey/Desktop/lio_nav2/install/lio_sam_op/lib/lio_sam_op/lio_sam_op_mapOptimization
[67.487s] -- Set runtime path of "/home/korey/Desktop/lio_nav2/install/lio_sam_op/lib/lio_sam_op/lio_sam_op_mapOptimization" to ""
[67.487s] -- Installing: /home/korey/Desktop/lio_nav2/install/lio_sam_op/lib/lio_sam_op/lio_sam_op_transformFusion
[67.489s] -- Set runtime path of "/home/korey/Desktop/lio_nav2/install/lio_sam_op/lib/lio_sam_op/lio_sam_op_transformFusion" to ""
[67.489s] -- Up-to-date: /home/korey/Desktop/lio_nav2/install/lio_sam_op/include/lio_sam_op
[67.489s] -- Installing: /home/korey/Desktop/lio_nav2/install/lio_sam_op/include/lio_sam_op/lio_sam_op
[67.489s] -- Installing: /home/korey/Desktop/lio_nav2/install/lio_sam_op/include/lio_sam_op/lio_sam_op/utility.hpp
[67.489s] -- Installing: /home/korey/Desktop/lio_nav2/install/lio_sam_op/share/lio_sam_op/launch
[67.489s] -- Installing: /home/korey/Desktop/lio_nav2/install/lio_sam_op/share/lio_sam_op/launch/run.launch.py
[67.489s] -- Installing: /home/korey/Desktop/lio_nav2/install/lio_sam_op/share/lio_sam_op/launch/pureLioSam.launch.py
[67.490s] -- Installing: /home/korey/Desktop/lio_nav2/install/lio_sam_op/share/lio_sam_op/launch/__pycache__
[67.490s] -- Installing: /home/korey/Desktop/lio_nav2/install/lio_sam_op/share/lio_sam_op/launch/__pycache__/run.launch.cpython-313.pyc
[67.490s] -- Installing: /home/korey/Desktop/lio_nav2/install/lio_sam_op/share/lio_sam_op/config
[67.490s] -- Installing: /home/korey/Desktop/lio_nav2/install/lio_sam_op/share/lio_sam_op/config/rviz2.rviz
[67.490s] -- Installing: /home/korey/Desktop/lio_nav2/install/lio_sam_op/share/lio_sam_op/config/robot.urdf.xacro
[67.490s] -- Installing: /home/korey/Desktop/lio_nav2/install/lio_sam_op/share/lio_sam_op/config/params_default.yaml
[67.491s] -- Installing: /home/korey/Desktop/lio_nav2/install/lio_sam_op/share/lio_sam_op/config/params.yaml
[67.491s] -- Installing: /home/korey/Desktop/lio_nav2/install/lio_sam_op/share/ament_index/resource_index/package_run_dependencies/lio_sam_op
[67.491s] -- Installing: /home/korey/Desktop/lio_nav2/install/lio_sam_op/share/ament_index/resource_index/parent_prefix_path/lio_sam_op
[67.492s] -- Installing: /home/korey/Desktop/lio_nav2/install/lio_sam_op/share/lio_sam_op/environment/ament_prefix_path.sh
[67.492s] -- Installing: /home/korey/Desktop/lio_nav2/install/lio_sam_op/share/lio_sam_op/environment/ament_prefix_path.dsv
[67.492s] -- Installing: /home/korey/Desktop/lio_nav2/install/lio_sam_op/share/lio_sam_op/environment/path.sh
[67.492s] -- Installing: /home/korey/Desktop/lio_nav2/install/lio_sam_op/share/lio_sam_op/environment/path.dsv
[67.492s] -- Installing: /home/korey/Desktop/lio_nav2/install/lio_sam_op/share/lio_sam_op/local_setup.bash
[67.493s] -- Installing: /home/korey/Desktop/lio_nav2/install/lio_sam_op/share/lio_sam_op/local_setup.sh
[67.493s] -- Installing: /home/korey/Desktop/lio_nav2/install/lio_sam_op/share/lio_sam_op/local_setup.zsh
[67.493s] -- Installing: /home/korey/Desktop/lio_nav2/install/lio_sam_op/share/lio_sam_op/local_setup.dsv
[67.493s] -- Installing: /home/korey/Desktop/lio_nav2/install/lio_sam_op/share/lio_sam_op/package.dsv
[67.493s] -- Installing: /home/korey/Desktop/lio_nav2/install/lio_sam_op/share/ament_index/resource_index/packages/lio_sam_op
[67.494s] -- Installing: /home/korey/Desktop/lio_nav2/install/lio_sam_op/share/lio_sam_op/cmake/lio_sam_op__rosidl_generator_cExport.cmake
[67.494s] -- Installing: /home/korey/Desktop/lio_nav2/install/lio_sam_op/share/lio_sam_op/cmake/lio_sam_op__rosidl_generator_cExport-release.cmake
[67.494s] -- Installing: /home/korey/Desktop/lio_nav2/install/lio_sam_op/share/lio_sam_op/cmake/lio_sam_op__rosidl_typesupport_introspection_cExport.cmake
[67.494s] -- Installing: /home/korey/Desktop/lio_nav2/install/lio_sam_op/share/lio_sam_op/cmake/lio_sam_op__rosidl_typesupport_introspection_cExport-release.cmake
[67.494s] -- Installing: /home/korey/Desktop/lio_nav2/install/lio_sam_op/share/lio_sam_op/cmake/lio_sam_op__rosidl_typesupport_cExport.cmake
[67.495s] -- Installing: /home/korey/Desktop/lio_nav2/install/lio_sam_op/share/lio_sam_op/cmake/lio_sam_op__rosidl_typesupport_cExport-release.cmake
[67.495s] -- Installing: /home/korey/Desktop/lio_nav2/install/lio_sam_op/share/lio_sam_op/cmake/lio_sam_op__rosidl_generator_cppExport.cmake
[67.495s] -- Installing: /home/korey/Desktop/lio_nav2/install/lio_sam_op/share/lio_sam_op/cmake/lio_sam_op__rosidl_typesupport_introspection_cppExport.cmake
[67.495s] -- Installing: /home/korey/Desktop/lio_nav2/install/lio_sam_op/share/lio_sam_op/cmake/lio_sam_op__rosidl_typesupport_introspection_cppExport-release.cmake
[67.495s] -- Installing: /home/korey/Desktop/lio_nav2/install/lio_sam_op/share/lio_sam_op/cmake/lio_sam_op__rosidl_typesupport_cppExport.cmake
[67.495s] -- Installing: /home/korey/Desktop/lio_nav2/install/lio_sam_op/share/lio_sam_op/cmake/lio_sam_op__rosidl_typesupport_cppExport-release.cmake
[67.496s] -- Installing: /home/korey/Desktop/lio_nav2/install/lio_sam_op/share/lio_sam_op/cmake/rosidl_cmake-extras.cmake
[67.496s] -- Installing: /home/korey/Desktop/lio_nav2/install/lio_sam_op/share/lio_sam_op/cmake/ament_cmake_export_dependencies-extras.cmake
[67.496s] -- Installing: /home/korey/Desktop/lio_nav2/install/lio_sam_op/share/lio_sam_op/cmake/ament_cmake_export_libraries-extras.cmake
[67.496s] -- Installing: /home/korey/Desktop/lio_nav2/install/lio_sam_op/share/lio_sam_op/cmake/ament_cmake_export_targets-extras.cmake
[67.496s] -- Installing: /home/korey/Desktop/lio_nav2/install/lio_sam_op/share/lio_sam_op/cmake/ament_cmake_export_include_directories-extras.cmake
[67.496s] -- Installing: /home/korey/Desktop/lio_nav2/install/lio_sam_op/share/lio_sam_op/cmake/rosidl_cmake_export_typesupport_libraries-extras.cmake
[67.497s] -- Installing: /home/korey/Desktop/lio_nav2/install/lio_sam_op/share/lio_sam_op/cmake/rosidl_cmake_export_typesupport_targets-extras.cmake
[67.497s] -- Installing: /home/korey/Desktop/lio_nav2/install/lio_sam_op/share/lio_sam_op/cmake/lio_sam_opConfig.cmake
[67.497s] -- Installing: /home/korey/Desktop/lio_nav2/install/lio_sam_op/share/lio_sam_op/cmake/lio_sam_opConfig-version.cmake
[67.497s] -- Installing: /home/korey/Desktop/lio_nav2/install/lio_sam_op/share/lio_sam_op/package.xml
[67.504s] Invoked command in '/home/korey/Desktop/lio_nav2/build/lio_sam_op' returned '0': CMAKE_PREFIX_PATH=/opt/ros/foxy /home/korey/.local/bin/cmake --install /home/korey/Desktop/lio_nav2/build/lio_sam_op
