[0.022s] Invoking command in '/home/korey/Desktop/lio-sam_simulation_navigation/build/pointcloud_downsampling': CONDA_PROMPT_MODIFIER=(base) /home/korey/.local/bin/cmake --build /home/korey/Desktop/lio-sam_simulation_navigation/build/pointcloud_downsampling -- -j12 -l12
[0.127s] [ 50%] Built target pointcloud_downsampling_node
[0.153s] Scanning dependencies of target pointcloud_downsampling
[0.179s] [ 75%] Building CXX object CMakeFiles/pointcloud_downsampling.dir/src/voxel_filtering.cpp.o
[9.488s] [100%] Linking CXX shared library libpointcloud_downsampling.so
[10.422s] [100%] Built target pointcloud_downsampling
[10.443s] Invoked command in '/home/korey/Desktop/lio-sam_simulation_navigation/build/pointcloud_downsampling' returned '0': CONDA_PROMPT_MODIFIER=(base) /home/korey/.local/bin/cmake --build /home/korey/Desktop/lio-sam_simulation_navigation/build/pointcloud_downsampling -- -j12 -l12
[10.445s] Invoking command in '/home/korey/Desktop/lio-sam_simulation_navigation/build/pointcloud_downsampling': CONDA_PROMPT_MODIFIER=(base) /home/korey/.local/bin/cmake --install /home/korey/Desktop/lio-sam_simulation_navigation/build/pointcloud_downsampling
[10.473s] -- Install configuration: ""
[10.473s] -- Execute custom install script
[10.473s] -- Up-to-date symlink: /home/korey/Desktop/lio-sam_simulation_navigation/install/pointcloud_downsampling/lib/pointcloud_downsampling/pointcloud_downsampling_node
[10.474s] -- Up-to-date symlink: /home/korey/Desktop/lio-sam_simulation_navigation/install/pointcloud_downsampling/include/pointcloud_downsampling.h
[10.474s] -- Up-to-date symlink: /home/korey/Desktop/lio-sam_simulation_navigation/install/pointcloud_downsampling/share/pointcloud_downsampling/environment/library_path.sh
[10.475s] -- Up-to-date symlink: /home/korey/Desktop/lio-sam_simulation_navigation/install/pointcloud_downsampling/share/pointcloud_downsampling/environment/library_path.dsv
[10.475s] -- Up-to-date symlink: /home/korey/Desktop/lio-sam_simulation_navigation/install/pointcloud_downsampling/lib/libpointcloud_downsampling.so
[10.476s] -- Up-to-date symlink: /home/korey/Desktop/lio-sam_simulation_navigation/install/pointcloud_downsampling/share/pointcloud_downsampling/launch/pointcloud_downsampling.launch.py
[10.476s] -- Up-to-date symlink: /home/korey/Desktop/lio-sam_simulation_navigation/install/pointcloud_downsampling/share/pointcloud_downsampling/config/pointcloud_downsampling.yaml
[10.477s] -- Up-to-date symlink: /home/korey/Desktop/lio-sam_simulation_navigation/install/pointcloud_downsampling/share/ament_index/resource_index/package_run_dependencies/pointcloud_downsampling
[10.477s] -- Up-to-date symlink: /home/korey/Desktop/lio-sam_simulation_navigation/install/pointcloud_downsampling/share/ament_index/resource_index/parent_prefix_path/pointcloud_downsampling
[10.477s] -- Up-to-date symlink: /home/korey/Desktop/lio-sam_simulation_navigation/install/pointcloud_downsampling/share/pointcloud_downsampling/environment/ament_prefix_path.sh
[10.478s] -- Up-to-date symlink: /home/korey/Desktop/lio-sam_simulation_navigation/install/pointcloud_downsampling/share/pointcloud_downsampling/environment/ament_prefix_path.dsv
[10.478s] -- Up-to-date symlink: /home/korey/Desktop/lio-sam_simulation_navigation/install/pointcloud_downsampling/share/pointcloud_downsampling/environment/path.sh
[10.478s] -- Up-to-date symlink: /home/korey/Desktop/lio-sam_simulation_navigation/install/pointcloud_downsampling/share/pointcloud_downsampling/environment/path.dsv
[10.479s] -- Up-to-date symlink: /home/korey/Desktop/lio-sam_simulation_navigation/install/pointcloud_downsampling/share/pointcloud_downsampling/local_setup.bash
[10.479s] -- Up-to-date symlink: /home/korey/Desktop/lio-sam_simulation_navigation/install/pointcloud_downsampling/share/pointcloud_downsampling/local_setup.sh
[10.479s] -- Up-to-date symlink: /home/korey/Desktop/lio-sam_simulation_navigation/install/pointcloud_downsampling/share/pointcloud_downsampling/local_setup.zsh
[10.479s] -- Up-to-date symlink: /home/korey/Desktop/lio-sam_simulation_navigation/install/pointcloud_downsampling/share/pointcloud_downsampling/local_setup.dsv
[10.480s] -- Symlinking: /home/korey/Desktop/lio-sam_simulation_navigation/install/pointcloud_downsampling/share/pointcloud_downsampling/package.dsv
[10.493s] -- Up-to-date symlink: /home/korey/Desktop/lio-sam_simulation_navigation/install/pointcloud_downsampling/share/ament_index/resource_index/packages/pointcloud_downsampling
[10.493s] -- Up-to-date symlink: /home/korey/Desktop/lio-sam_simulation_navigation/install/pointcloud_downsampling/share/ament_index/resource_index/rclcpp_components/pointcloud_downsampling
[10.493s] -- Up-to-date symlink: /home/korey/Desktop/lio-sam_simulation_navigation/install/pointcloud_downsampling/share/pointcloud_downsampling/cmake/ament_cmake_export_dependencies-extras.cmake
[10.494s] -- Up-to-date symlink: /home/korey/Desktop/lio-sam_simulation_navigation/install/pointcloud_downsampling/share/pointcloud_downsampling/cmake/ament_cmake_export_include_directories-extras.cmake
[10.494s] -- Up-to-date symlink: /home/korey/Desktop/lio-sam_simulation_navigation/install/pointcloud_downsampling/share/pointcloud_downsampling/cmake/ament_cmake_export_libraries-extras.cmake
[10.494s] -- Up-to-date symlink: /home/korey/Desktop/lio-sam_simulation_navigation/install/pointcloud_downsampling/share/pointcloud_downsampling/cmake/pointcloud_downsamplingConfig.cmake
[10.494s] -- Up-to-date symlink: /home/korey/Desktop/lio-sam_simulation_navigation/install/pointcloud_downsampling/share/pointcloud_downsampling/cmake/pointcloud_downsamplingConfig-version.cmake
[10.494s] -- Up-to-date symlink: /home/korey/Desktop/lio-sam_simulation_navigation/install/pointcloud_downsampling/share/pointcloud_downsampling/package.xml
[10.501s] Invoked command in '/home/korey/Desktop/lio-sam_simulation_navigation/build/pointcloud_downsampling' returned '0': CONDA_PROMPT_MODIFIER=(base) /home/korey/.local/bin/cmake --install /home/korey/Desktop/lio-sam_simulation_navigation/build/pointcloud_downsampling
