[0.024s] Invoking command in '/home/korey/Desktop/lio-sam_simulation_navigation/build/lio_sam_op': CMAKE_PREFIX_PATH=/opt/ros/foxy CONDA_PROMPT_MODIFIER=(base) /usr/bin/cmake /home/korey/Desktop/lio-sam_simulation_navigation/src/LIO-SAM -DAMENT_CMAKE_SYMLINK_INSTALL=1 -DCMAKE_INSTALL_PREFIX=/home/korey/Desktop/lio-sam_simulation_navigation/install/lio_sam_op
[0.156s] -- The C compiler identification is GNU 9.4.0
[0.222s] -- The CXX compiler identification is GNU 9.4.0
[0.228s] -- Check for working C compiler: /usr/bin/cc
[0.318s] -- Check for working C compiler: /usr/bin/cc -- works
[0.319s] -- Detecting C compiler ABI info
[0.411s] -- Detecting C compiler ABI info - done
[0.422s] -- Detecting C compile features
[0.423s] -- Detecting C compile features - done
[0.426s] -- Check for working CXX compiler: /usr/bin/c++
[0.535s] -- Check for working CXX compiler: /usr/bin/c++ -- works
[0.536s] -- Detecting CXX compiler ABI info
[0.646s] -- Detecting CXX compiler ABI info - done
[0.660s] -- Detecting CXX compile features
[0.661s] -- Detecting CXX compile features - done
[0.665s] -- Found ament_cmake: 0.9.12 (/opt/ros/foxy/share/ament_cmake/cmake)
[0.695s] -- Found PythonInterp: /usr/bin/python3 (found suitable version "3.8.10", minimum required is "3") 
[0.695s] -- Using PYTHON_EXECUTABLE: /usr/bin/python3
[0.875s] -- Override CMake install command with custom implementation using symlinks instead of copying resources
[0.909s] -- Found rosidl_default_generators: 1.0.1 (/opt/ros/foxy/share/rosidl_default_generators/cmake)
[0.914s] -- Using all available rosidl_typesupport_c: rosidl_typesupport_fastrtps_c;rosidl_typesupport_introspection_c
[0.922s] -- Found rosidl_adapter: 1.3.1 (/opt/ros/foxy/share/rosidl_adapter/cmake)
[1.098s] -- Found OpenSSL: /usr/lib/x86_64-linux-gnu/libcrypto.so (found version "1.1.1f")  
[1.135s] -- Found FastRTPS: /opt/ros/foxy/include  
[1.237s] -- Using all available rosidl_typesupport_cpp: rosidl_typesupport_fastrtps_cpp;rosidl_typesupport_introspection_cpp
[1.267s] -- Found rclcpp: 2.4.3 (/opt/ros/foxy/share/rclcpp/cmake)
[1.349s] -- Found rmw_implementation_cmake: 1.0.4 (/opt/ros/foxy/share/rmw_implementation_cmake/cmake)
[1.351s] -- Using RMW implementation 'rmw_fastrtps_cpp' as default
[1.353s] -- Looking for pthread.h
[1.459s] -- Looking for pthread.h - found
[1.459s] -- Performing Test CMAKE_HAVE_LIBC_PTHREAD
[1.558s] -- Performing Test CMAKE_HAVE_LIBC_PTHREAD - Failed
[1.558s] -- Looking for pthread_create in pthreads
[1.650s] -- Looking for pthread_create in pthreads - not found
[1.651s] -- Looking for pthread_create in pthread
[1.747s] -- Looking for pthread_create in pthread - found
[1.748s] -- Found Threads: TRUE  
[1.905s] -- Found rclpy: 1.0.13 (/opt/ros/foxy/share/rclpy/cmake)
[1.906s] -- Found cv_bridge: 3.0.7 (/opt/ros/foxy/share/cv_bridge/cmake)
[2.052s] -- Found nav_msgs: 2.0.5 (/opt/ros/foxy/share/nav_msgs/cmake)
[2.120s] -- Found visualization_msgs: 2.0.5 (/opt/ros/foxy/share/visualization_msgs/cmake)
[2.191s] -- Found tf2: 0.13.14 (/opt/ros/foxy/share/tf2/cmake)
[2.202s] -- Found tf2_geometry_msgs: 0.13.14 (/opt/ros/foxy/share/tf2_geometry_msgs/cmake)
[2.210s] -- Found eigen3_cmake_module: 0.1.1 (/opt/ros/foxy/share/eigen3_cmake_module/cmake)
[2.214s] -- Found Eigen3: TRUE (found version "3.3.7") 
[2.581s] -- Found tf2_sensor_msgs: 0.13.14 (/opt/ros/foxy/share/tf2_sensor_msgs/cmake)
[2.598s] -- Found tf2_eigen: 0.13.14 (/opt/ros/foxy/share/tf2_eigen/cmake)
[2.605s] -- Found OpenCV: /usr (found version "4.2.0") 
[2.621s] -- Checking for module 'eigen3'
[2.651s] --   Found eigen3, version 3.3.7
[2.729s] -- Found Eigen: /usr/include/eigen3 (Required is at least version "3.1") 
[2.729s] -- Eigen found (include: /usr/include/eigen3, version: 3.3.7)
[2.775s] -- Found Boost: /usr/include (found suitable version "1.71.0", minimum required is "1.55.0") found components: system filesystem date_time iostreams regex 
[2.799s] -- Checking for module 'flann'
[2.829s] --   Found flann, version 1.9.1
[2.907s] -- Found FLANN: /usr/lib/x86_64-linux-gnu/libflann_cpp.so  
[2.968s] -- The imported target "vtkParseOGLExt" references the file
[2.968s]    "/usr/bin/vtkParseOGLExt-7.1"
[2.968s] but this file does not exist.  Possible reasons include:
[2.968s] * The file was deleted, renamed, or moved to another location.
[2.968s] * An install or uninstall procedure did not complete successfully.
[2.968s] * The installation package was faulty and contained
[2.968s]    "/usr/lib/cmake/vtk-7.1/VTKTargets.cmake"
[2.968s] but not all the files it references.
[2.968s] 
[2.969s] -- The imported target "vtkRenderingPythonTkWidgets" references the file
[2.969s]    "/usr/lib/x86_64-linux-gnu/libvtkRenderingPythonTkWidgets.so"
[2.969s] but this file does not exist.  Possible reasons include:
[2.969s] * The file was deleted, renamed, or moved to another location.
[2.969s] * An install or uninstall procedure did not complete successfully.
[2.969s] * The installation package was faulty and contained
[2.969s]    "/usr/lib/cmake/vtk-7.1/VTKTargets.cmake"
[2.969s] but not all the files it references.
[2.969s] 
[2.970s] -- The imported target "vtk" references the file
[2.970s]    "/usr/bin/vtk"
[2.970s] but this file does not exist.  Possible reasons include:
[2.970s] * The file was deleted, renamed, or moved to another location.
[2.970s] * An install or uninstall procedure did not complete successfully.
[2.970s] * The installation package was faulty and contained
[2.970s]    "/usr/lib/cmake/vtk-7.1/VTKTargets.cmake"
[2.970s] but not all the files it references.
[2.970s] 
[2.971s] -- The imported target "pvtk" references the file
[2.971s]    "/usr/bin/pvtk"
[2.971s] but this file does not exist.  Possible reasons include:
[2.971s] * The file was deleted, renamed, or moved to another location.
[2.971s] * An install or uninstall procedure did not complete successfully.
[2.971s] * The installation package was faulty and contained
[2.971s]    "/usr/lib/cmake/vtk-7.1/VTKTargets.cmake"
[2.971s] but not all the files it references.
[2.971s] 
[3.001s] -- Checking for module 'libusb-1.0'
[3.032s] --   Found libusb-1.0, version 1.0.23
[3.124s] -- Found USB_10: /usr/lib/x86_64-linux-gnu/libusb-1.0.so  
[3.248s] -- Found OpenNI: /usr/lib/libOpenNI.so  
[3.248s] -- OpenNI found (include: /usr/include/ni, lib: /usr/lib/libOpenNI.so)
[3.377s] -- Found OpenNI2: /usr/lib/libOpenNI2.so  
[3.377s] -- OpenNI2 found (include: /usr/include/openni2, lib: /usr/lib/libOpenNI2.so)
[3.377s] ** WARNING ** io features related to pcap will be disabled
[3.377s] ** WARNING ** io features related to png will be disabled
[3.392s] -- Found libusb-1.0: /usr/include  
[3.392s] ** WARNING ** io features related to libusb-1.0 will be disabled
[3.404s] -- OpenNI found (include: /usr/include/ni, lib: /usr/lib/libOpenNI.so)
[3.412s] -- OpenNI2 found (include: /usr/include/openni2, lib: /usr/lib/libOpenNI2.so)
[3.444s] -- Found Qhull: optimized;/usr/lib/x86_64-linux-gnu/libqhull.so;debug;/usr/lib/x86_64-linux-gnu/libqhull.so  
[3.444s] -- QHULL found (include: /usr/include, lib: optimized;/usr/lib/x86_64-linux-gnu/libqhull.so;debug;/usr/lib/x86_64-linux-gnu/libqhull.so)
[3.451s] -- OpenNI found (include: /usr/include/ni, lib: /usr/lib/libOpenNI.so)
[3.465s] -- looking for PCL_COMMON
[3.466s] -- Found PCL_COMMON: /usr/lib/x86_64-linux-gnu/libpcl_common.so  
[3.466s] -- looking for PCL_KDTREE
[3.467s] -- Found PCL_KDTREE: /usr/lib/x86_64-linux-gnu/libpcl_kdtree.so  
[3.467s] -- looking for PCL_OCTREE
[3.468s] -- Found PCL_OCTREE: /usr/lib/x86_64-linux-gnu/libpcl_octree.so  
[3.468s] -- looking for PCL_SEARCH
[3.469s] -- Found PCL_SEARCH: /usr/lib/x86_64-linux-gnu/libpcl_search.so  
[3.469s] -- looking for PCL_SAMPLE_CONSENSUS
[3.470s] -- Found PCL_SAMPLE_CONSENSUS: /usr/lib/x86_64-linux-gnu/libpcl_sample_consensus.so  
[3.470s] -- looking for PCL_FILTERS
[3.471s] -- Found PCL_FILTERS: /usr/lib/x86_64-linux-gnu/libpcl_filters.so  
[3.472s] -- looking for PCL_2D
[3.472s] -- Found PCL_2D: /usr/include/pcl-1.10  
[3.472s] -- looking for PCL_GEOMETRY
[3.473s] -- Found PCL_GEOMETRY: /usr/include/pcl-1.10  
[3.473s] -- looking for PCL_IO
[3.474s] -- Found PCL_IO: /usr/lib/x86_64-linux-gnu/libpcl_io.so  
[3.474s] -- looking for PCL_FEATURES
[3.475s] -- Found PCL_FEATURES: /usr/lib/x86_64-linux-gnu/libpcl_features.so  
[3.476s] -- looking for PCL_ML
[3.478s] -- Found PCL_ML: /usr/lib/x86_64-linux-gnu/libpcl_ml.so  
[3.478s] -- looking for PCL_SEGMENTATION
[3.478s] -- Found PCL_SEGMENTATION: /usr/lib/x86_64-linux-gnu/libpcl_segmentation.so  
[3.479s] -- looking for PCL_VISUALIZATION
[3.480s] -- Found PCL_VISUALIZATION: /usr/lib/x86_64-linux-gnu/libpcl_visualization.so  
[3.480s] -- looking for PCL_SURFACE
[3.481s] -- Found PCL_SURFACE: /usr/lib/x86_64-linux-gnu/libpcl_surface.so  
[3.481s] -- looking for PCL_REGISTRATION
[3.482s] -- Found PCL_REGISTRATION: /usr/lib/x86_64-linux-gnu/libpcl_registration.so  
[3.483s] -- looking for PCL_KEYPOINTS
[3.484s] -- Found PCL_KEYPOINTS: /usr/lib/x86_64-linux-gnu/libpcl_keypoints.so  
[3.484s] -- looking for PCL_TRACKING
[3.485s] -- Found PCL_TRACKING: /usr/lib/x86_64-linux-gnu/libpcl_tracking.so  
[3.485s] -- looking for PCL_RECOGNITION
[3.486s] -- Found PCL_RECOGNITION: /usr/lib/x86_64-linux-gnu/libpcl_recognition.so  
[3.487s] -- looking for PCL_STEREO
[3.488s] -- Found PCL_STEREO: /usr/lib/x86_64-linux-gnu/libpcl_stereo.so  
[3.488s] -- looking for PCL_APPS
[3.490s] -- Found PCL_APPS: /usr/lib/x86_64-linux-gnu/libpcl_apps.so  
[3.491s] -- looking for PCL_IN_HAND_SCANNER
[3.492s] -- Found PCL_IN_HAND_SCANNER: /usr/include/pcl-1.10  
[3.492s] -- looking for PCL_POINT_CLOUD_EDITOR
[3.493s] -- Found PCL_POINT_CLOUD_EDITOR: /usr/include/pcl-1.10  
[3.493s] -- looking for PCL_OUTOFCORE
[3.494s] -- Found PCL_OUTOFCORE: /usr/lib/x86_64-linux-gnu/libpcl_outofcore.so  
[3.495s] -- looking for PCL_PEOPLE
[3.496s] -- Found PCL_PEOPLE: /usr/lib/x86_64-linux-gnu/libpcl_people.so  
[3.497s] -- Found PCL: pcl_common;pcl_kdtree;pcl_octree;pcl_search;pcl_sample_consensus;pcl_filters;pcl_io;pcl_features;pcl_ml;pcl_segmentation;pcl_visualization;pcl_surface;pcl_registration;pcl_keypoints;pcl_tracking;pcl_recognition;pcl_stereo;pcl_apps;pcl_outofcore;pcl_people;/usr/lib/x86_64-linux-gnu/libboost_system.so;/usr/lib/x86_64-linux-gnu/libboost_filesystem.so;/usr/lib/x86_64-linux-gnu/libboost_date_time.so;/usr/lib/x86_64-linux-gnu/libboost_iostreams.so;/usr/lib/x86_64-linux-gnu/libboost_regex.so;optimized;/usr/lib/x86_64-linux-gnu/libqhull.so;debug;/usr/lib/x86_64-linux-gnu/libqhull.so;/usr/lib/libOpenNI.so;/usr/lib/libOpenNI2.so;vtkChartsCore;vtkCommonColor;vtkCommonCore;vtksys;vtkCommonDataModel;vtkCommonMath;vtkCommonMisc;vtkCommonSystem;vtkCommonTransforms;vtkCommonExecutionModel;vtkFiltersGeneral;vtkCommonComputationalGeometry;vtkFiltersCore;vtkInfovisCore;vtkFiltersExtraction;vtkFiltersStatistics;vtkImagingFourier;vtkImagingCore;vtkalglib;vtkRenderingContext2D;vtkRenderingCore;vtkFiltersGeometry;vtkFiltersSources;vtkRenderingFreeType;/usr/lib/x86_64-linux-gnu/libfreetype.so;/usr/lib/x86_64-linux-gnu/libz.so;vtkFiltersModeling;vtkImagingSources;vtkInteractionStyle;vtkInteractionWidgets;vtkFiltersHybrid;vtkImagingColor;vtkImagingGeneral;vtkImagingHybrid;vtkIOImage;vtkDICOMParser;vtkmetaio;/usr/lib/x86_64-linux-gnu/libjpeg.so;/usr/lib/x86_64-linux-gnu/libpng.so;/usr/lib/x86_64-linux-gnu/libtiff.so;vtkRenderingAnnotation;vtkRenderingVolume;vtkIOXML;vtkIOCore;vtkIOXMLParser;/usr/lib/x86_64-linux-gnu/libexpat.so;vtkIOGeometry;vtkIOLegacy;vtkIOPLY;vtkRenderingLOD;vtkViewsContext2D;vtkViewsCore;vtkRenderingContextOpenGL2;vtkRenderingOpenGL2;FLANN::FLANN  
[3.539s] -- Found Boost: /usr/include (found suitable version "1.71.0", minimum required is "1.43") found components: serialization system filesystem thread program_options date_time timer chrono regex atomic 
[3.541s] -- GTSAM include directory:  /usr/lib/cmake/GTSAM/../../../include
[3.552s] -- Found Eigen: /usr/include/eigen3  
[3.553s] -- Eigen found (include: /usr/include/eigen3, version: 3.3.7)
[3.555s] -- Found pcl_msgs: 1.0.0 (/opt/ros/foxy/share/pcl_msgs/cmake)
[4.012s] -- Found OpenMP_C: -fopenmp (found version "4.5") 
[4.126s] -- Found OpenMP_CXX: -fopenmp (found version "4.5") 
[4.127s] -- Found OpenMP: TRUE (found version "4.5")  
[4.131s] -- Found pcl_conversions: 2.2.1 (/opt/ros/foxy/share/pcl_conversions/cmake)
[4.194s] -- Found PythonInterp: /usr/bin/python3 (found version "3.8.10") 
[4.399s] -- Found ament_cmake_ros: 0.9.2 (/opt/ros/foxy/share/ament_cmake_ros/cmake)
[4.751s] -- Using all available rosidl_typesupport_c: rosidl_typesupport_fastrtps_c;rosidl_typesupport_introspection_c
[4.930s] -- Using all available rosidl_typesupport_cpp: rosidl_typesupport_fastrtps_cpp;rosidl_typesupport_introspection_cpp
[4.963s] -- Found PythonInterp: /usr/bin/python3 (found suitable version "3.8.10", minimum required is "3.5") 
[4.966s] -- Found python_cmake_module: 0.8.1 (/opt/ros/foxy/share/python_cmake_module/cmake)
[4.995s] -- Found PythonLibs: /usr/lib/x86_64-linux-gnu/libpython3.8.so (found suitable version "3.8.10", minimum required is "3.5") 
[4.997s] -- Using PYTHON_EXECUTABLE: /usr/bin/python3
[4.997s] -- Using PYTHON_INCLUDE_DIRS: /usr/include/python3.8
[4.997s] -- Using PYTHON_LIBRARIES: /usr/lib/x86_64-linux-gnu/libpython3.8.so
[5.023s] -- Found PythonExtra: .so  
[5.225s] CMake Error at CMakeLists.txt:41 (rosidl_get_typesupport_target):
[5.225s]   Unknown CMake command "rosidl_get_typesupport_target".
[5.226s] 
[5.226s] 
[5.230s] -- Configuring incomplete, errors occurred!
[5.230s] See also "/home/korey/Desktop/lio-sam_simulation_navigation/build/lio_sam_op/CMakeFiles/CMakeOutput.log".
[5.230s] See also "/home/korey/Desktop/lio-sam_simulation_navigation/build/lio_sam_op/CMakeFiles/CMakeError.log".
[5.246s] Invoked command in '/home/korey/Desktop/lio-sam_simulation_navigation/build/lio_sam_op' returned '1': CMAKE_PREFIX_PATH=/opt/ros/foxy CONDA_PROMPT_MODIFIER=(base) /usr/bin/cmake /home/korey/Desktop/lio-sam_simulation_navigation/src/LIO-SAM -DAMENT_CMAKE_SYMLINK_INSTALL=1 -DCMAKE_INSTALL_PREFIX=/home/korey/Desktop/lio-sam_simulation_navigation/install/lio_sam_op
