[0.024s] Invoking command in '/home/korey/Desktop/lio-sam_simulation_navigation/build/robot_bringup': CMAKE_PREFIX_PATH=/opt/ros/foxy CONDA_PROMPT_MODIFIER=(base) /home/korey/.local/bin/cmake --build /home/korey/Desktop/lio-sam_simulation_navigation/build/robot_bringup -- -j12 -l12
[0.102s] [100%] Built target point_deal
[0.113s] Invoked command in '/home/korey/Desktop/lio-sam_simulation_navigation/build/robot_bringup' returned '0': CMAKE_PREFIX_PATH=/opt/ros/foxy CONDA_PROMPT_MODIFIER=(base) /home/korey/.local/bin/cmake --build /home/korey/Desktop/lio-sam_simulation_navigation/build/robot_bringup -- -j12 -l12
[0.152s] Invoking command in '/home/korey/Desktop/lio-sam_simulation_navigation/build/robot_bringup': CMAKE_PREFIX_PATH=/opt/ros/foxy CONDA_PROMPT_MODIFIER=(base) /home/korey/.local/bin/cmake --install /home/korey/Desktop/lio-sam_simulation_navigation/build/robot_bringup
[0.177s] -- Install configuration: ""
[0.178s] -- Execute custom install script
[0.178s] -- Up-to-date symlink: /home/korey/Desktop/lio-sam_simulation_navigation/install/robot_bringup/lib/robot_bringup/point_deal
[0.179s] -- Up-to-date symlink: /home/korey/Desktop/lio-sam_simulation_navigation/install/robot_bringup/share/robot_bringup/launch/__pycache__/bringup.launch.cpython-313.pyc
[0.180s] -- Up-to-date symlink: /home/korey/Desktop/lio-sam_simulation_navigation/install/robot_bringup/share/robot_bringup/launch/__pycache__/bringup.launch.cpython-38.pyc
[0.180s] -- Up-to-date symlink: /home/korey/Desktop/lio-sam_simulation_navigation/install/robot_bringup/share/robot_bringup/launch/bringup.launch.py
[0.181s] -- Up-to-date symlink: /home/korey/Desktop/lio-sam_simulation_navigation/install/robot_bringup/share/robot_bringup/urdf/robo_car.urdf.xacro
[0.181s] -- Up-to-date symlink: /home/korey/Desktop/lio-sam_simulation_navigation/install/robot_bringup/share/robot_bringup/world/my_world.world
[0.181s] -- Up-to-date symlink: /home/korey/Desktop/lio-sam_simulation_navigation/install/robot_bringup/share/ament_index/resource_index/package_run_dependencies/robot_bringup
[0.181s] -- Up-to-date symlink: /home/korey/Desktop/lio-sam_simulation_navigation/install/robot_bringup/share/ament_index/resource_index/parent_prefix_path/robot_bringup
[0.181s] -- Up-to-date symlink: /home/korey/Desktop/lio-sam_simulation_navigation/install/robot_bringup/share/robot_bringup/environment/ament_prefix_path.sh
[0.181s] -- Up-to-date symlink: /home/korey/Desktop/lio-sam_simulation_navigation/install/robot_bringup/share/robot_bringup/environment/ament_prefix_path.dsv
[0.181s] -- Up-to-date symlink: /home/korey/Desktop/lio-sam_simulation_navigation/install/robot_bringup/share/robot_bringup/environment/path.sh
[0.182s] -- Up-to-date symlink: /home/korey/Desktop/lio-sam_simulation_navigation/install/robot_bringup/share/robot_bringup/environment/path.dsv
[0.182s] -- Up-to-date symlink: /home/korey/Desktop/lio-sam_simulation_navigation/install/robot_bringup/share/robot_bringup/local_setup.bash
[0.182s] -- Up-to-date symlink: /home/korey/Desktop/lio-sam_simulation_navigation/install/robot_bringup/share/robot_bringup/local_setup.sh
[0.183s] -- Up-to-date symlink: /home/korey/Desktop/lio-sam_simulation_navigation/install/robot_bringup/share/robot_bringup/local_setup.zsh
[0.183s] -- Up-to-date symlink: /home/korey/Desktop/lio-sam_simulation_navigation/install/robot_bringup/share/robot_bringup/local_setup.dsv
[0.183s] -- Symlinking: /home/korey/Desktop/lio-sam_simulation_navigation/install/robot_bringup/share/robot_bringup/package.dsv
[0.188s] -- Up-to-date symlink: /home/korey/Desktop/lio-sam_simulation_navigation/install/robot_bringup/share/ament_index/resource_index/packages/robot_bringup
[0.188s] -- Up-to-date symlink: /home/korey/Desktop/lio-sam_simulation_navigation/install/robot_bringup/share/robot_bringup/cmake/ament_cmake_export_dependencies-extras.cmake
[0.188s] -- Up-to-date symlink: /home/korey/Desktop/lio-sam_simulation_navigation/install/robot_bringup/share/robot_bringup/cmake/robot_bringupConfig.cmake
[0.188s] -- Up-to-date symlink: /home/korey/Desktop/lio-sam_simulation_navigation/install/robot_bringup/share/robot_bringup/cmake/robot_bringupConfig-version.cmake
[0.189s] -- Up-to-date symlink: /home/korey/Desktop/lio-sam_simulation_navigation/install/robot_bringup/share/robot_bringup/package.xml
[0.196s] Invoked command in '/home/korey/Desktop/lio-sam_simulation_navigation/build/robot_bringup' returned '0': CMAKE_PREFIX_PATH=/opt/ros/foxy CONDA_PROMPT_MODIFIER=(base) /home/korey/.local/bin/cmake --install /home/korey/Desktop/lio-sam_simulation_navigation/build/robot_bringup
