[0.037s] Invoking command in '/home/hdm/lio-sam_simulation_car/robot_bringup/build/robot_bringup': CMAKE_PREFIX_PATH=${CMAKE_PREFIX_PATH}:/opt/ros/humble /usr/bin/cmake /home/hdm/lio-sam_simulation_car/robot_bringup -DCMAKE_INSTALL_PREFIX=/home/hdm/lio-sam_simulation_car/robot_bringup/install/robot_bringup
[0.054s] -- Found ament_cmake_auto: 1.3.8 (/opt/ros/humble/share/ament_cmake_auto/cmake)
[0.213s] -- Found rclcpp: 16.0.8 (/opt/ros/humble/share/rclcpp/cmake)
[0.278s] -- Found rosidl_generator_c: 3.1.5 (/opt/ros/humble/share/rosidl_generator_c/cmake)
[0.281s] -- Found rosidl_adapter: 3.1.5 (/opt/ros/humble/share/rosidl_adapter/cmake)
[0.289s] -- Found rosidl_generator_cpp: 3.1.5 (/opt/ros/humble/share/rosidl_generator_cpp/cmake)
[0.303s] -- Using all available rosidl_typesupport_c: rosidl_typesupport_fastrtps_c;rosidl_typesupport_introspection_c
[0.313s] -- Using all available rosidl_typesupport_cpp: rosidl_typesupport_fastrtps_cpp;rosidl_typesupport_introspection_cpp
[0.341s] -- Found rmw_implementation_cmake: 6.1.1 (/opt/ros/humble/share/rmw_implementation_cmake/cmake)
[0.342s] -- Found rmw_cyclonedds_cpp: 1.3.4 (/opt/ros/humble/share/rmw_cyclonedds_cpp/cmake)
[0.356s] -- Using RMW implementation 'rmw_cyclonedds_cpp' as default
[0.434s] -- Found sensor_msgs: 4.2.3 (/opt/ros/humble/share/sensor_msgs/cmake)
[0.496s] -- Found pcl_conversions: 2.4.0 (/opt/ros/humble/share/pcl_conversions/cmake)
[0.571s] -- Eigen found (include: /usr/include/eigen3, version: 3.4.0)
[0.590s] -- FLANN found (include: /usr/include, lib: /usr/lib/x86_64-linux-gnu/libflann_cpp.so)
[0.904s] -- OpenNI found (version: 1.5.4.0, include: /usr/include/ni, lib: /usr/lib/libOpenNI.so;libusb::libusb)
[0.909s] -- OpenNI2 found (version: 2.2.0.33, include: /usr/include/openni2, lib: /usr/lib/x86_64-linux-gnu/libOpenNI2.so;libusb::libusb)
[0.909s] [0m** WARNING ** io features related to pcap will be disabled[0m
[0.999s] -- Eigen found (include: /usr/include/eigen3, version: 3.4.0)
[1.003s] -- OpenNI found (version: 1.5.4.0, include: /usr/include/ni, lib: /usr/lib/libOpenNI.so;libusb::libusb)
[1.009s] -- OpenNI2 found (version: 2.2.0.33, include: /usr/include/openni2, lib: /usr/lib/x86_64-linux-gnu/libOpenNI2.so;libusb::libusb)
[1.092s] -- Found Qhull version 8.0.2
[1.183s] -- OpenNI found (version: 1.5.4.0, include: /usr/include/ni, lib: /usr/lib/libOpenNI.so;libusb::libusb)
[1.270s] -- looking for PCL_COMMON
[1.270s] -- looking for PCL_KDTREE
[1.270s] -- looking for PCL_OCTREE
[1.271s] -- looking for PCL_SEARCH
[1.271s] -- looking for PCL_SAMPLE_CONSENSUS
[1.271s] -- looking for PCL_FILTERS
[1.271s] -- looking for PCL_2D
[1.272s] -- looking for PCL_GEOMETRY
[1.272s] -- looking for PCL_IO
[1.272s] -- looking for PCL_FEATURES
[1.272s] -- looking for PCL_ML
[1.272s] -- looking for PCL_SEGMENTATION
[1.272s] -- looking for PCL_VISUALIZATION
[1.273s] -- looking for PCL_SURFACE
[1.273s] -- looking for PCL_REGISTRATION
[1.273s] -- looking for PCL_KEYPOINTS
[1.273s] -- looking for PCL_TRACKING
[1.273s] -- looking for PCL_RECOGNITION
[1.273s] -- looking for PCL_STEREO
[1.274s] -- looking for PCL_APPS
[1.274s] -- looking for PCL_IN_HAND_SCANNER
[1.274s] -- looking for PCL_MODELER
[1.274s] -- looking for PCL_POINT_CLOUD_EDITOR
[1.274s] -- looking for PCL_OUTOFCORE
[1.274s] -- looking for PCL_PEOPLE
[1.275s] -- Found ament_lint_auto: 0.12.10 (/opt/ros/humble/share/ament_lint_auto/cmake)
[1.337s] -- Added test 'copyright' to check source files copyright and LICENSE
[1.342s] -- Added test 'cppcheck' to perform static code analysis on C / C++ code
[1.343s] -- Configured cppcheck include dirs: 
[1.343s] -- Configured cppcheck exclude dirs and/or files: 
[1.347s] -- Added test 'cpplint' to check C / C++ code against the Google style
[1.347s] -- Configured cpplint exclude dirs and/or files: 
[1.347s] -- Added test 'flake8' to check Python code syntax and style conventions
[1.349s] -- Added test 'lint_cmake' to check CMake code style
[1.349s] -- Added test 'pep257' to check Python code against some of the docstring style conventions in PEP 257
[1.354s] -- Added test 'uncrustify' to check C / C++ code style
[1.354s] -- Configured uncrustify additional arguments: 
[1.354s] -- Added test 'xmllint' to check XML markup files
[1.355s] -- Configuring done
[1.358s] -- Generating done
[1.360s] -- Build files have been written to: /home/hdm/lio-sam_simulation_car/robot_bringup/build/robot_bringup
[1.369s] Invoked command in '/home/hdm/lio-sam_simulation_car/robot_bringup/build/robot_bringup' returned '0': CMAKE_PREFIX_PATH=${CMAKE_PREFIX_PATH}:/opt/ros/humble /usr/bin/cmake /home/hdm/lio-sam_simulation_car/robot_bringup -DCMAKE_INSTALL_PREFIX=/home/hdm/lio-sam_simulation_car/robot_bringup/install/robot_bringup
[1.371s] Invoking command in '/home/hdm/lio-sam_simulation_car/robot_bringup/build/robot_bringup': CMAKE_PREFIX_PATH=${CMAKE_PREFIX_PATH}:/opt/ros/humble /usr/bin/cmake --build /home/hdm/lio-sam_simulation_car/robot_bringup/build/robot_bringup -- -j24 -l24
[1.430s] [ 50%] [32mBuilding CXX object CMakeFiles/point_deal.dir/src/point_deal.cpp.o[0m
[1.437s] [01m[K/home/hdm/lio-sam_simulation_car/robot_bringup/src/point_deal.cpp:1:10:[m[K [01;31m[Kfatal error: [m[Krclcpp/rclcpp.hpp: 没有那个文件或目录
[1.437s]     1 | #include [01;31m[K"rclcpp/rclcpp.hpp"[m[K
[1.437s]       |          [01;31m[K^~~~~~~~~~~~~~~~~~~[m[K
[1.437s] compilation terminated.
[1.438s] gmake[2]: *** [CMakeFiles/point_deal.dir/build.make:76：CMakeFiles/point_deal.dir/src/point_deal.cpp.o] 错误 1
[1.439s] gmake[1]: *** [CMakeFiles/Makefile2:137：CMakeFiles/point_deal.dir/all] 错误 2
[1.440s] gmake: *** [Makefile:146：all] 错误 2
[1.443s] Invoked command in '/home/hdm/lio-sam_simulation_car/robot_bringup/build/robot_bringup' returned '2': CMAKE_PREFIX_PATH=${CMAKE_PREFIX_PATH}:/opt/ros/humble /usr/bin/cmake --build /home/hdm/lio-sam_simulation_car/robot_bringup/build/robot_bringup -- -j24 -l24
