[0.034s] Invoking command in '/home/hdm/lio-sam_simulation_car/robot_bringup/build/robot_bringup': CMAKE_PREFIX_PATH=${CMAKE_PREFIX_PATH}:/opt/ros/humble /usr/bin/cmake /home/hdm/lio-sam_simulation_car/robot_bringup -DCMAKE_INSTALL_PREFIX=/home/hdm/lio-sam_simulation_car/robot_bringup/install/robot_bringup
[0.054s] -- Found ament_cmake: 1.3.8 (/opt/ros/humble/share/ament_cmake/cmake)
[0.184s] -- Found rclcpp: 16.0.8 (/opt/ros/humble/share/rclcpp/cmake)
[0.243s] -- Found rosidl_generator_c: 3.1.5 (/opt/ros/humble/share/rosidl_generator_c/cmake)
[0.246s] -- Found rosidl_adapter: 3.1.5 (/opt/ros/humble/share/rosidl_adapter/cmake)
[0.254s] -- Found rosidl_generator_cpp: 3.1.5 (/opt/ros/humble/share/rosidl_generator_cpp/cmake)
[0.267s] -- Using all available rosidl_typesupport_c: rosidl_typesupport_fastrtps_c;rosidl_typesupport_introspection_c
[0.277s] -- Using all available rosidl_typesupport_cpp: rosidl_typesupport_fastrtps_cpp;rosidl_typesupport_introspection_cpp
[0.306s] -- Found rmw_implementation_cmake: 6.1.1 (/opt/ros/humble/share/rmw_implementation_cmake/cmake)
[0.307s] -- Found rmw_cyclonedds_cpp: 1.3.4 (/opt/ros/humble/share/rmw_cyclonedds_cpp/cmake)
[0.322s] -- Using RMW implementation 'rmw_cyclonedds_cpp' as default
[0.402s] -- Found sensor_msgs: 4.2.3 (/opt/ros/humble/share/sensor_msgs/cmake)
[0.467s] -- Found pcl_conversions: 2.4.0 (/opt/ros/humble/share/pcl_conversions/cmake)
[0.544s] -- Eigen found (include: /usr/include/eigen3, version: 3.4.0)
[0.564s] -- FLANN found (include: /usr/include, lib: /usr/lib/x86_64-linux-gnu/libflann_cpp.so)
[0.877s] -- OpenNI found (version: 1.5.4.0, include: /usr/include/ni, lib: /usr/lib/libOpenNI.so;libusb::libusb)
[0.882s] -- OpenNI2 found (version: 2.2.0.33, include: /usr/include/openni2, lib: /usr/lib/x86_64-linux-gnu/libOpenNI2.so;libusb::libusb)
[0.883s] [0m** WARNING ** io features related to pcap will be disabled[0m
[0.974s] -- Eigen found (include: /usr/include/eigen3, version: 3.4.0)
[0.980s] -- OpenNI found (version: 1.5.4.0, include: /usr/include/ni, lib: /usr/lib/libOpenNI.so;libusb::libusb)
[0.985s] -- OpenNI2 found (version: 2.2.0.33, include: /usr/include/openni2, lib: /usr/lib/x86_64-linux-gnu/libOpenNI2.so;libusb::libusb)
[1.068s] -- Found Qhull version 8.0.2
[1.157s] -- OpenNI found (version: 1.5.4.0, include: /usr/include/ni, lib: /usr/lib/libOpenNI.so;libusb::libusb)
[1.240s] -- looking for PCL_COMMON
[1.241s] -- looking for PCL_KDTREE
[1.241s] -- looking for PCL_OCTREE
[1.242s] -- looking for PCL_SEARCH
[1.242s] -- looking for PCL_SAMPLE_CONSENSUS
[1.242s] -- looking for PCL_FILTERS
[1.243s] -- looking for PCL_2D
[1.243s] -- looking for PCL_GEOMETRY
[1.243s] -- looking for PCL_IO
[1.243s] -- looking for PCL_FEATURES
[1.243s] -- looking for PCL_ML
[1.244s] -- looking for PCL_SEGMENTATION
[1.244s] -- looking for PCL_VISUALIZATION
[1.244s] -- looking for PCL_SURFACE
[1.244s] -- looking for PCL_REGISTRATION
[1.244s] -- looking for PCL_KEYPOINTS
[1.244s] -- looking for PCL_TRACKING
[1.245s] -- looking for PCL_RECOGNITION
[1.245s] -- looking for PCL_STEREO
[1.245s] -- looking for PCL_APPS
[1.245s] -- looking for PCL_IN_HAND_SCANNER
[1.245s] -- looking for PCL_MODELER
[1.245s] -- looking for PCL_POINT_CLOUD_EDITOR
[1.245s] -- looking for PCL_OUTOFCORE
[1.246s] -- looking for PCL_PEOPLE
[1.279s] -- Found ament_lint_auto: 0.12.10 (/opt/ros/humble/share/ament_lint_auto/cmake)
[1.338s] [31mCMake Error at /opt/ros/humble/share/ament_cmake_core/cmake/core/ament_package_xml.cmake:53 (message):
[1.338s]   ament_package_xml() package name 'robot_bringup' in '/package.xml' does not
[1.339s]   match current PROJECT_NAME 'point_deal'.  You must call project() with the
[1.339s]   same package name before.
[1.339s] Call Stack (most recent call first):
[1.339s]   /opt/ros/humble/share/ament_lint_auto/cmake/ament_lint_auto_find_test_dependencies.cmake:31 (ament_package_xml)
[1.339s]   CMakeLists.txt:44 (ament_lint_auto_find_test_dependencies)
[1.339s] 
[1.339s] [0m
[1.340s] -- Configuring incomplete, errors occurred!
[1.340s] See also "/home/hdm/lio-sam_simulation_car/robot_bringup/build/robot_bringup/CMakeFiles/CMakeOutput.log".
[1.350s] Invoked command in '/home/hdm/lio-sam_simulation_car/robot_bringup/build/robot_bringup' returned '1': CMAKE_PREFIX_PATH=${CMAKE_PREFIX_PATH}:/opt/ros/humble /usr/bin/cmake /home/hdm/lio-sam_simulation_car/robot_bringup -DCMAKE_INSTALL_PREFIX=/home/hdm/lio-sam_simulation_car/robot_bringup/install/robot_bringup
