[0.027s] Invoking command in '/home/korey/Desktop/lio-sam_simulation_navigation/build/pointcloud_downsampling': CONDA_PROMPT_MODIFIER=(base) /home/korey/.local/bin/cmake --build /home/korey/Desktop/lio-sam_simulation_navigation/build/pointcloud_downsampling -- -j12 -l12
[0.119s] [ 50%] Built target pointcloud_downsampling_node
[0.130s] [100%] Built target pointcloud_downsampling
[0.150s] Invoked command in '/home/korey/Desktop/lio-sam_simulation_navigation/build/pointcloud_downsampling' returned '0': CONDA_PROMPT_MODIFIER=(base) /home/korey/.local/bin/cmake --build /home/korey/Desktop/lio-sam_simulation_navigation/build/pointcloud_downsampling -- -j12 -l12
[0.185s] Invoking command in '/home/korey/Desktop/lio-sam_simulation_navigation/build/pointcloud_downsampling': CONDA_PROMPT_MODIFIER=(base) /home/korey/.local/bin/cmake --install /home/korey/Desktop/lio-sam_simulation_navigation/build/pointcloud_downsampling
[0.212s] -- Install configuration: ""
[0.212s] -- Execute custom install script
[0.213s] -- Up-to-date symlink: /home/korey/Desktop/lio-sam_simulation_navigation/install/pointcloud_downsampling/lib/pointcloud_downsampling/pointcloud_downsampling_node
[0.213s] -- Up-to-date symlink: /home/korey/Desktop/lio-sam_simulation_navigation/install/pointcloud_downsampling/include/pointcloud_downsampling.h
[0.214s] -- Up-to-date symlink: /home/korey/Desktop/lio-sam_simulation_navigation/install/pointcloud_downsampling/share/pointcloud_downsampling/environment/library_path.sh
[0.214s] -- Up-to-date symlink: /home/korey/Desktop/lio-sam_simulation_navigation/install/pointcloud_downsampling/share/pointcloud_downsampling/environment/library_path.dsv
[0.214s] -- Up-to-date symlink: /home/korey/Desktop/lio-sam_simulation_navigation/install/pointcloud_downsampling/lib/libpointcloud_downsampling.so
[0.215s] -- Up-to-date symlink: /home/korey/Desktop/lio-sam_simulation_navigation/install/pointcloud_downsampling/share/pointcloud_downsampling/launch/pointcloud_downsampling.launch.py
[0.216s] -- Up-to-date symlink: /home/korey/Desktop/lio-sam_simulation_navigation/install/pointcloud_downsampling/share/pointcloud_downsampling/config/pointcloud_downsampling.yaml
[0.216s] -- Up-to-date symlink: /home/korey/Desktop/lio-sam_simulation_navigation/install/pointcloud_downsampling/share/ament_index/resource_index/package_run_dependencies/pointcloud_downsampling
[0.217s] -- Up-to-date symlink: /home/korey/Desktop/lio-sam_simulation_navigation/install/pointcloud_downsampling/share/ament_index/resource_index/parent_prefix_path/pointcloud_downsampling
[0.217s] -- Up-to-date symlink: /home/korey/Desktop/lio-sam_simulation_navigation/install/pointcloud_downsampling/share/pointcloud_downsampling/environment/ament_prefix_path.sh
[0.218s] -- Up-to-date symlink: /home/korey/Desktop/lio-sam_simulation_navigation/install/pointcloud_downsampling/share/pointcloud_downsampling/environment/ament_prefix_path.dsv
[0.218s] -- Up-to-date symlink: /home/korey/Desktop/lio-sam_simulation_navigation/install/pointcloud_downsampling/share/pointcloud_downsampling/environment/path.sh
[0.219s] -- Up-to-date symlink: /home/korey/Desktop/lio-sam_simulation_navigation/install/pointcloud_downsampling/share/pointcloud_downsampling/environment/path.dsv
[0.219s] -- Up-to-date symlink: /home/korey/Desktop/lio-sam_simulation_navigation/install/pointcloud_downsampling/share/pointcloud_downsampling/local_setup.bash
[0.219s] -- Up-to-date symlink: /home/korey/Desktop/lio-sam_simulation_navigation/install/pointcloud_downsampling/share/pointcloud_downsampling/local_setup.sh
[0.219s] -- Up-to-date symlink: /home/korey/Desktop/lio-sam_simulation_navigation/install/pointcloud_downsampling/share/pointcloud_downsampling/local_setup.zsh
[0.219s] -- Up-to-date symlink: /home/korey/Desktop/lio-sam_simulation_navigation/install/pointcloud_downsampling/share/pointcloud_downsampling/local_setup.dsv
[0.220s] -- Symlinking: /home/korey/Desktop/lio-sam_simulation_navigation/install/pointcloud_downsampling/share/pointcloud_downsampling/package.dsv
[0.229s] -- Up-to-date symlink: /home/korey/Desktop/lio-sam_simulation_navigation/install/pointcloud_downsampling/share/ament_index/resource_index/packages/pointcloud_downsampling
[0.229s] -- Up-to-date symlink: /home/korey/Desktop/lio-sam_simulation_navigation/install/pointcloud_downsampling/share/ament_index/resource_index/rclcpp_components/pointcloud_downsampling
[0.231s] -- Up-to-date symlink: /home/korey/Desktop/lio-sam_simulation_navigation/install/pointcloud_downsampling/share/pointcloud_downsampling/cmake/ament_cmake_export_dependencies-extras.cmake
[0.231s] -- Up-to-date symlink: /home/korey/Desktop/lio-sam_simulation_navigation/install/pointcloud_downsampling/share/pointcloud_downsampling/cmake/ament_cmake_export_include_directories-extras.cmake
[0.231s] -- Up-to-date symlink: /home/korey/Desktop/lio-sam_simulation_navigation/install/pointcloud_downsampling/share/pointcloud_downsampling/cmake/ament_cmake_export_libraries-extras.cmake
[0.231s] -- Up-to-date symlink: /home/korey/Desktop/lio-sam_simulation_navigation/install/pointcloud_downsampling/share/pointcloud_downsampling/cmake/pointcloud_downsamplingConfig.cmake
[0.232s] -- Up-to-date symlink: /home/korey/Desktop/lio-sam_simulation_navigation/install/pointcloud_downsampling/share/pointcloud_downsampling/cmake/pointcloud_downsamplingConfig-version.cmake
[0.232s] -- Up-to-date symlink: /home/korey/Desktop/lio-sam_simulation_navigation/install/pointcloud_downsampling/share/pointcloud_downsampling/package.xml
[0.238s] Invoked command in '/home/korey/Desktop/lio-sam_simulation_navigation/build/pointcloud_downsampling' returned '0': CONDA_PROMPT_MODIFIER=(base) /home/korey/.local/bin/cmake --install /home/korey/Desktop/lio-sam_simulation_navigation/build/pointcloud_downsampling
