[0.035s] Invoking command in '/home/hdm/lio-sam_simulation_car/robot_bringup/build/point_laser': CMAKE_PREFIX_PATH=${CMAKE_PREFIX_PATH}:/opt/ros/humble /usr/bin/cmake --build /home/hdm/lio-sam_simulation_car/robot_bringup/build/point_laser -- -j24 -l24
[0.075s] -- Found ament_cmake: 1.3.8 (/opt/ros/humble/share/ament_cmake/cmake)
[0.176s] -- Found rclcpp: 16.0.8 (/opt/ros/humble/share/rclcpp/cmake)
[0.216s] -- Found rosidl_generator_c: 3.1.5 (/opt/ros/humble/share/rosidl_generator_c/cmake)
[0.219s] -- Found rosidl_adapter: 3.1.5 (/opt/ros/humble/share/rosidl_adapter/cmake)
[0.227s] -- Found rosidl_generator_cpp: 3.1.5 (/opt/ros/humble/share/rosidl_generator_cpp/cmake)
[0.240s] -- Using all available rosidl_typesupport_c: rosidl_typesupport_fastrtps_c;rosidl_typesupport_introspection_c
[0.248s] -- Using all available rosidl_typesupport_cpp: rosidl_typesupport_fastrtps_cpp;rosidl_typesupport_introspection_cpp
[0.278s] -- Found rmw_implementation_cmake: 6.1.1 (/opt/ros/humble/share/rmw_implementation_cmake/cmake)
[0.278s] -- Found rmw_cyclonedds_cpp: 1.3.4 (/opt/ros/humble/share/rmw_cyclonedds_cpp/cmake)
[0.293s] -- Using RMW implementation 'rmw_cyclonedds_cpp' as default
[0.374s] -- Found sensor_msgs: 4.2.3 (/opt/ros/humble/share/sensor_msgs/cmake)
[0.438s] -- Found pcl_conversions: 2.4.0 (/opt/ros/humble/share/pcl_conversions/cmake)
[0.518s] -- Eigen found (include: /usr/include/eigen3, version: 3.4.0)
[0.538s] -- FLANN found (include: /usr/include, lib: /usr/lib/x86_64-linux-gnu/libflann_cpp.so)
[0.862s] -- OpenNI found (version: 1.5.4.0, include: /usr/include/ni, lib: /usr/lib/libOpenNI.so;libusb::libusb)
[0.868s] -- OpenNI2 found (version: 2.2.0.33, include: /usr/include/openni2, lib: /usr/lib/x86_64-linux-gnu/libOpenNI2.so;libusb::libusb)
[0.868s] [0m** WARNING ** io features related to pcap will be disabled[0m
[0.959s] -- Eigen found (include: /usr/include/eigen3, version: 3.4.0)
[0.964s] -- OpenNI found (version: 1.5.4.0, include: /usr/include/ni, lib: /usr/lib/libOpenNI.so;libusb::libusb)
[0.969s] -- OpenNI2 found (version: 2.2.0.33, include: /usr/include/openni2, lib: /usr/lib/x86_64-linux-gnu/libOpenNI2.so;libusb::libusb)
[1.054s] -- Found Qhull version 8.0.2
[1.143s] -- OpenNI found (version: 1.5.4.0, include: /usr/include/ni, lib: /usr/lib/libOpenNI.so;libusb::libusb)
[1.227s] -- looking for PCL_COMMON
[1.228s] -- looking for PCL_KDTREE
[1.228s] -- looking for PCL_OCTREE
[1.229s] -- looking for PCL_SEARCH
[1.229s] -- looking for PCL_SAMPLE_CONSENSUS
[1.229s] -- looking for PCL_FILTERS
[1.229s] -- looking for PCL_2D
[1.229s] -- looking for PCL_GEOMETRY
[1.230s] -- looking for PCL_IO
[1.230s] -- looking for PCL_FEATURES
[1.230s] -- looking for PCL_ML
[1.230s] -- looking for PCL_SEGMENTATION
[1.230s] -- looking for PCL_VISUALIZATION
[1.230s] -- looking for PCL_SURFACE
[1.231s] -- looking for PCL_REGISTRATION
[1.231s] -- looking for PCL_KEYPOINTS
[1.231s] -- looking for PCL_TRACKING
[1.231s] -- looking for PCL_RECOGNITION
[1.231s] -- looking for PCL_STEREO
[1.231s] -- looking for PCL_APPS
[1.231s] -- looking for PCL_IN_HAND_SCANNER
[1.232s] -- looking for PCL_MODELER
[1.232s] -- looking for PCL_POINT_CLOUD_EDITOR
[1.232s] -- looking for PCL_OUTOFCORE
[1.232s] -- looking for PCL_PEOPLE
[1.233s] -- Found ament_cmake_auto: 1.3.8 (/opt/ros/humble/share/ament_cmake_auto/cmake)
[1.324s] -- Found ament_lint_auto: 0.12.10 (/opt/ros/humble/share/ament_lint_auto/cmake)
[1.335s] -- Added test 'cppcheck' to perform static code analysis on C / C++ code
[1.336s] -- Configured cppcheck include dirs: 
[1.336s] -- Configured cppcheck exclude dirs and/or files: 
[1.337s] -- Added test 'flake8' to check Python code syntax and style conventions
[1.339s] -- Added test 'lint_cmake' to check CMake code style
[1.340s] -- Added test 'pep257' to check Python code against some of the docstring style conventions in PEP 257
[1.348s] -- Added test 'uncrustify' to check C / C++ code style
[1.348s] -- Configured uncrustify additional arguments: 
[1.349s] -- Added test 'xmllint' to check XML markup files
[1.349s] -- Configuring done
[1.362s] -- Generating done
[1.364s] -- Build files have been written to: /home/hdm/lio-sam_simulation_car/robot_bringup/build/point_laser
[1.403s] [35m[1mConsolidate compiler generated dependencies of target point_laser[0m
[1.443s] [100%] Built target point_laser
[1.458s] Invoked command in '/home/hdm/lio-sam_simulation_car/robot_bringup/build/point_laser' returned '0': CMAKE_PREFIX_PATH=${CMAKE_PREFIX_PATH}:/opt/ros/humble /usr/bin/cmake --build /home/hdm/lio-sam_simulation_car/robot_bringup/build/point_laser -- -j24 -l24
[1.503s] Invoking command in '/home/hdm/lio-sam_simulation_car/robot_bringup/build/point_laser': CMAKE_PREFIX_PATH=${CMAKE_PREFIX_PATH}:/opt/ros/humble /usr/bin/cmake --install /home/hdm/lio-sam_simulation_car/robot_bringup/build/point_laser
[1.505s] -- Install configuration: ""
[1.506s] -- Up-to-date: /home/hdm/lio-sam_simulation_car/robot_bringup/install/point_laser/lib/point_laser/point_laser
[1.506s] -- Installing: /home/hdm/lio-sam_simulation_car/robot_bringup/install/point_laser/share/point_laser/launch
[1.506s] -- Installing: /home/hdm/lio-sam_simulation_car/robot_bringup/install/point_laser/share/point_laser/launch/bringup.launch.py
[1.506s] -- Installing: /home/hdm/lio-sam_simulation_car/robot_bringup/install/point_laser/share/point_laser/urdf
[1.506s] [31mCMake Error at cmake_install.cmake:74 (file):
[1.506s]   file INSTALL cannot find
[1.506s]   "/home/hdm/lio-sam_simulation_car/robot_bringup/meshes": No such file or
[1.507s]   directory.
[1.507s] 
[1.507s] [0m
[1.507s] -- Installing: /home/hdm/lio-sam_simulation_car/robot_bringup/install/point_laser/share/point_laser/urdf/robo_car.urdf.xacro
[1.508s] Invoked command in '/home/hdm/lio-sam_simulation_car/robot_bringup/build/point_laser' returned '1': CMAKE_PREFIX_PATH=${CMAKE_PREFIX_PATH}:/opt/ros/humble /usr/bin/cmake --install /home/hdm/lio-sam_simulation_car/robot_bringup/build/point_laser
