[ 50%] Building CXX object CMakeFiles/point_deal.dir/src/point_deal.cpp.o
In file included from /usr/include/boost/preprocessor/tuple/elem.hpp:23,
                 from /usr/include/boost/preprocessor/arithmetic/add.hpp:21,
                 from /usr/include/boost/mpl/aux_/preprocessor/def_params_tail.hpp:66,
                 from /usr/include/boost/mpl/aux_/na_spec.hpp:28,
                 from /usr/include/boost/mpl/not.hpp:20,
                 from /usr/include/boost/mpl/assert.hpp:17,
                 from /usr/include/pcl-1.10/pcl/point_traits.h:48,
                 from /usr/include/pcl-1.10/pcl/register_point_struct.h:56,
                 from /usr/include/pcl-1.10/pcl/point_types.h:44,
                 from /home/korey/Desktop/lio-sam_simulation_navigation/src/robot_bringup/src/point_deal.cpp:6:
/home/korey/Desktop/lio-sam_simulation_navigation/src/robot_bringup/src/point_deal.cpp:19:6: warning: ‘using uint8_t = uint8_t’ is deprecated: use std::uint8_t instead of pcl::uint8_t [-Wdeprecated-declarations]
   19 |     (uint8_t, tag, tag) (uint8_t, line, line)
      |      ^~~~~~~
In file included from /usr/include/pcl-1.10/pcl/point_types.h:42,
                 from /home/korey/Desktop/lio-sam_simulation_navigation/src/robot_bringup/src/point_deal.cpp:6:
/usr/include/pcl-1.10/pcl/pcl_macros.h:92:9: note: declared here
   92 |   using uint8_t [[deprecated("use std::uint8_t instead of pcl::uint8_t")]] = std::uint8_t;
      |         ^~~~~~~
In file included from /usr/include/boost/preprocessor/tuple/elem.hpp:23,
                 from /usr/include/boost/preprocessor/arithmetic/add.hpp:21,
                 from /usr/include/boost/mpl/aux_/preprocessor/def_params_tail.hpp:66,
                 from /usr/include/boost/mpl/aux_/na_spec.hpp:28,
                 from /usr/include/boost/mpl/not.hpp:20,
                 from /usr/include/boost/mpl/assert.hpp:17,
                 from /usr/include/pcl-1.10/pcl/point_traits.h:48,
                 from /usr/include/pcl-1.10/pcl/register_point_struct.h:56,
                 from /usr/include/pcl-1.10/pcl/point_types.h:44,
                 from /home/korey/Desktop/lio-sam_simulation_navigation/src/robot_bringup/src/point_deal.cpp:6:
/home/korey/Desktop/lio-sam_simulation_navigation/src/robot_bringup/src/point_deal.cpp:19:26: warning: ‘using uint8_t = uint8_t’ is deprecated: use std::uint8_t instead of pcl::uint8_t [-Wdeprecated-declarations]
   19 |     (uint8_t, tag, tag) (uint8_t, line, line)
      |                          ^~~~~~~
In file included from /usr/include/pcl-1.10/pcl/point_types.h:42,
                 from /home/korey/Desktop/lio-sam_simulation_navigation/src/robot_bringup/src/point_deal.cpp:6:
/usr/include/pcl-1.10/pcl/pcl_macros.h:92:9: note: declared here
   92 |   using uint8_t [[deprecated("use std::uint8_t instead of pcl::uint8_t")]] = std::uint8_t;
      |         ^~~~~~~
In file included from /usr/include/boost/preprocessor/tuple/elem.hpp:23,
                 from /usr/include/boost/preprocessor/arithmetic/add.hpp:21,
                 from /usr/include/boost/mpl/aux_/preprocessor/def_params_tail.hpp:66,
                 from /usr/include/boost/mpl/aux_/na_spec.hpp:28,
                 from /usr/include/boost/mpl/not.hpp:20,
                 from /usr/include/boost/mpl/assert.hpp:17,
                 from /usr/include/pcl-1.10/pcl/point_traits.h:48,
                 from /usr/include/pcl-1.10/pcl/register_point_struct.h:56,
                 from /usr/include/pcl-1.10/pcl/point_types.h:44,
                 from /home/korey/Desktop/lio-sam_simulation_navigation/src/robot_bringup/src/point_deal.cpp:6:
/home/korey/Desktop/lio-sam_simulation_navigation/src/robot_bringup/src/point_deal.cpp:34:6: warning: ‘using uint32_t = uint32_t’ is deprecated: use std::uint32_t instead of pcl::uint32_t [-Wdeprecated-declarations]
   34 |     (uint32_t, t, t) (uint16_t, reflectivity, reflectivity)
      |      ^~~~~~~~
In file included from /usr/include/pcl-1.10/pcl/point_types.h:42,
                 from /home/korey/Desktop/lio-sam_simulation_navigation/src/robot_bringup/src/point_deal.cpp:6:
/usr/include/pcl-1.10/pcl/pcl_macros.h:96:9: note: declared here
   96 |   using uint32_t [[deprecated("use std::uint32_t instead of pcl::uint32_t")]] = std::uint32_t;
      |         ^~~~~~~~
In file included from /usr/include/boost/preprocessor/tuple/elem.hpp:23,
                 from /usr/include/boost/preprocessor/arithmetic/add.hpp:21,
                 from /usr/include/boost/mpl/aux_/preprocessor/def_params_tail.hpp:66,
                 from /usr/include/boost/mpl/aux_/na_spec.hpp:28,
                 from /usr/include/boost/mpl/not.hpp:20,
                 from /usr/include/boost/mpl/assert.hpp:17,
                 from /usr/include/pcl-1.10/pcl/point_traits.h:48,
                 from /usr/include/pcl-1.10/pcl/register_point_struct.h:56,
                 from /usr/include/pcl-1.10/pcl/point_types.h:44,
                 from /home/korey/Desktop/lio-sam_simulation_navigation/src/robot_bringup/src/point_deal.cpp:6:
/home/korey/Desktop/lio-sam_simulation_navigation/src/robot_bringup/src/point_deal.cpp:34:23: warning: ‘using uint16_t = uint16_t’ is deprecated: use std::uint16_t instead of pcl::uint16_t [-Wdeprecated-declarations]
   34 |     (uint32_t, t, t) (uint16_t, reflectivity, reflectivity)
      |                       ^~~~~~~~
In file included from /usr/include/pcl-1.10/pcl/point_types.h:42,
                 from /home/korey/Desktop/lio-sam_simulation_navigation/src/robot_bringup/src/point_deal.cpp:6:
/usr/include/pcl-1.10/pcl/pcl_macros.h:94:9: note: declared here
   94 |   using uint16_t [[deprecated("use std::uint16_t instead of pcl::uint16_t")]] = std::uint16_t;
      |         ^~~~~~~~
In file included from /usr/include/boost/preprocessor/tuple/elem.hpp:23,
                 from /usr/include/boost/preprocessor/arithmetic/add.hpp:21,
                 from /usr/include/boost/mpl/aux_/preprocessor/def_params_tail.hpp:66,
                 from /usr/include/boost/mpl/aux_/na_spec.hpp:28,
                 from /usr/include/boost/mpl/not.hpp:20,
                 from /usr/include/boost/mpl/assert.hpp:17,
                 from /usr/include/pcl-1.10/pcl/point_traits.h:48,
                 from /usr/include/pcl-1.10/pcl/register_point_struct.h:56,
                 from /usr/include/pcl-1.10/pcl/point_types.h:44,
                 from /home/korey/Desktop/lio-sam_simulation_navigation/src/robot_bringup/src/point_deal.cpp:6:
/home/korey/Desktop/lio-sam_simulation_navigation/src/robot_bringup/src/point_deal.cpp:35:6: warning: ‘using uint8_t = uint8_t’ is deprecated: use std::uint8_t instead of pcl::uint8_t [-Wdeprecated-declarations]
   35 |     (uint8_t, ring, ring) (uint16_t, noise, noise) (uint32_t, range, range)
      |      ^~~~~~~
In file included from /usr/include/pcl-1.10/pcl/point_types.h:42,
                 from /home/korey/Desktop/lio-sam_simulation_navigation/src/robot_bringup/src/point_deal.cpp:6:
/usr/include/pcl-1.10/pcl/pcl_macros.h:92:9: note: declared here
   92 |   using uint8_t [[deprecated("use std::uint8_t instead of pcl::uint8_t")]] = std::uint8_t;
      |         ^~~~~~~
In file included from /usr/include/boost/preprocessor/tuple/elem.hpp:23,
                 from /usr/include/boost/preprocessor/arithmetic/add.hpp:21,
                 from /usr/include/boost/mpl/aux_/preprocessor/def_params_tail.hpp:66,
                 from /usr/include/boost/mpl/aux_/na_spec.hpp:28,
                 from /usr/include/boost/mpl/not.hpp:20,
                 from /usr/include/boost/mpl/assert.hpp:17,
                 from /usr/include/pcl-1.10/pcl/point_traits.h:48,
                 from /usr/include/pcl-1.10/pcl/register_point_struct.h:56,
                 from /usr/include/pcl-1.10/pcl/point_types.h:44,
                 from /home/korey/Desktop/lio-sam_simulation_navigation/src/robot_bringup/src/point_deal.cpp:6:
/home/korey/Desktop/lio-sam_simulation_navigation/src/robot_bringup/src/point_deal.cpp:35:28: warning: ‘using uint16_t = uint16_t’ is deprecated: use std::uint16_t instead of pcl::uint16_t [-Wdeprecated-declarations]
   35 |     (uint8_t, ring, ring) (uint16_t, noise, noise) (uint32_t, range, range)
      |                            ^~~~~~~~
In file included from /usr/include/pcl-1.10/pcl/point_types.h:42,
                 from /home/korey/Desktop/lio-sam_simulation_navigation/src/robot_bringup/src/point_deal.cpp:6:
/usr/include/pcl-1.10/pcl/pcl_macros.h:94:9: note: declared here
   94 |   using uint16_t [[deprecated("use std::uint16_t instead of pcl::uint16_t")]] = std::uint16_t;
      |         ^~~~~~~~
In file included from /usr/include/boost/preprocessor/tuple/elem.hpp:23,
                 from /usr/include/boost/preprocessor/arithmetic/add.hpp:21,
                 from /usr/include/boost/mpl/aux_/preprocessor/def_params_tail.hpp:66,
                 from /usr/include/boost/mpl/aux_/na_spec.hpp:28,
                 from /usr/include/boost/mpl/not.hpp:20,
                 from /usr/include/boost/mpl/assert.hpp:17,
                 from /usr/include/pcl-1.10/pcl/point_traits.h:48,
                 from /usr/include/pcl-1.10/pcl/register_point_struct.h:56,
                 from /usr/include/pcl-1.10/pcl/point_types.h:44,
                 from /home/korey/Desktop/lio-sam_simulation_navigation/src/robot_bringup/src/point_deal.cpp:6:
/home/korey/Desktop/lio-sam_simulation_navigation/src/robot_bringup/src/point_deal.cpp:35:53: warning: ‘using uint32_t = uint32_t’ is deprecated: use std::uint32_t instead of pcl::uint32_t [-Wdeprecated-declarations]
   35 |     (uint8_t, ring, ring) (uint16_t, noise, noise) (uint32_t, range, range)
      |                                                     ^~~~~~~~
In file included from /usr/include/pcl-1.10/pcl/point_types.h:42,
                 from /home/korey/Desktop/lio-sam_simulation_navigation/src/robot_bringup/src/point_deal.cpp:6:
/usr/include/pcl-1.10/pcl/pcl_macros.h:96:9: note: declared here
   96 |   using uint32_t [[deprecated("use std::uint32_t instead of pcl::uint32_t")]] = std::uint32_t;
      |         ^~~~~~~~
/home/korey/Desktop/lio-sam_simulation_navigation/src/robot_bringup/src/point_deal.cpp:41:22: warning: extra ‘;’ [-Wpedantic]
   41 |     PCL_ADD_INTENSITY;
      |                      ^
      |                      -
In file included from /usr/include/boost/preprocessor/tuple/elem.hpp:23,
                 from /usr/include/boost/preprocessor/arithmetic/add.hpp:21,
                 from /usr/include/boost/mpl/aux_/preprocessor/def_params_tail.hpp:66,
                 from /usr/include/boost/mpl/aux_/na_spec.hpp:28,
                 from /usr/include/boost/mpl/not.hpp:20,
                 from /usr/include/boost/mpl/assert.hpp:17,
                 from /usr/include/pcl-1.10/pcl/point_traits.h:48,
                 from /usr/include/pcl-1.10/pcl/register_point_struct.h:56,
                 from /usr/include/pcl-1.10/pcl/point_types.h:44,
                 from /home/korey/Desktop/lio-sam_simulation_navigation/src/robot_bringup/src/point_deal.cpp:6:
/home/korey/Desktop/lio-sam_simulation_navigation/src/robot_bringup/src/point_deal.cpp:48:6: warning: ‘using uint16_t = uint16_t’ is deprecated: use std::uint16_t instead of pcl::uint16_t [-Wdeprecated-declarations]
   48 |     (uint16_t, ring, ring) (float, time, time)
      |      ^~~~~~~~
In file included from /usr/include/pcl-1.10/pcl/point_types.h:42,
                 from /home/korey/Desktop/lio-sam_simulation_navigation/src/robot_bringup/src/point_deal.cpp:6:
/usr/include/pcl-1.10/pcl/pcl_macros.h:94:9: note: declared here
   94 |   using uint16_t [[deprecated("use std::uint16_t instead of pcl::uint16_t")]] = std::uint16_t;
      |         ^~~~~~~~
[100%] Linking CXX executable point_deal
[100%] Built target point_deal
