[0.034s] Invoking command in '/home/hdm/lio-sam_simulation_car/robot_bringup/build/robot_bringup': CMAKE_PREFIX_PATH=${CMAKE_PREFIX_PATH}:/opt/ros/humble /usr/bin/cmake /home/hdm/lio-sam_simulation_car/robot_bringup -DCMAKE_INSTALL_PREFIX=/home/hdm/lio-sam_simulation_car/robot_bringup/install/robot_bringup
[0.042s] -- Found ament_cmake: 1.3.8 (/opt/ros/humble/share/ament_cmake/cmake)
[0.141s] -- Found rclcpp: 16.0.8 (/opt/ros/humble/share/rclcpp/cmake)
[0.181s] -- Found rosidl_generator_c: 3.1.5 (/opt/ros/humble/share/rosidl_generator_c/cmake)
[0.184s] -- Found rosidl_adapter: 3.1.5 (/opt/ros/humble/share/rosidl_adapter/cmake)
[0.192s] -- Found rosidl_generator_cpp: 3.1.5 (/opt/ros/humble/share/rosidl_generator_cpp/cmake)
[0.202s] -- Using all available rosidl_typesupport_c: rosidl_typesupport_fastrtps_c;rosidl_typesupport_introspection_c
[0.211s] -- Using all available rosidl_typesupport_cpp: rosidl_typesupport_fastrtps_cpp;rosidl_typesupport_introspection_cpp
[0.241s] -- Found rmw_implementation_cmake: 6.1.1 (/opt/ros/humble/share/rmw_implementation_cmake/cmake)
[0.242s] -- Found rmw_cyclonedds_cpp: 1.3.4 (/opt/ros/humble/share/rmw_cyclonedds_cpp/cmake)
[0.257s] -- Using RMW implementation 'rmw_cyclonedds_cpp' as default
[0.339s] -- Found sensor_msgs: 4.2.3 (/opt/ros/humble/share/sensor_msgs/cmake)
[0.403s] -- Found pcl_conversions: 2.4.0 (/opt/ros/humble/share/pcl_conversions/cmake)
[0.480s] -- Eigen found (include: /usr/include/eigen3, version: 3.4.0)
[0.499s] -- FLANN found (include: /usr/include, lib: /usr/lib/x86_64-linux-gnu/libflann_cpp.so)
[0.815s] -- OpenNI found (version: 1.5.4.0, include: /usr/include/ni, lib: /usr/lib/libOpenNI.so;libusb::libusb)
[0.820s] -- OpenNI2 found (version: 2.2.0.33, include: /usr/include/openni2, lib: /usr/lib/x86_64-linux-gnu/libOpenNI2.so;libusb::libusb)
[0.821s] [0m** WARNING ** io features related to pcap will be disabled[0m
[0.913s] -- Eigen found (include: /usr/include/eigen3, version: 3.4.0)
[0.918s] -- OpenNI found (version: 1.5.4.0, include: /usr/include/ni, lib: /usr/lib/libOpenNI.so;libusb::libusb)
[0.923s] -- OpenNI2 found (version: 2.2.0.33, include: /usr/include/openni2, lib: /usr/lib/x86_64-linux-gnu/libOpenNI2.so;libusb::libusb)
[1.010s] -- Found Qhull version 8.0.2
[1.100s] -- OpenNI found (version: 1.5.4.0, include: /usr/include/ni, lib: /usr/lib/libOpenNI.so;libusb::libusb)
[1.184s] -- looking for PCL_COMMON
[1.184s] -- looking for PCL_KDTREE
[1.184s] -- looking for PCL_OCTREE
[1.184s] -- looking for PCL_SEARCH
[1.185s] -- looking for PCL_SAMPLE_CONSENSUS
[1.185s] -- looking for PCL_FILTERS
[1.185s] -- looking for PCL_2D
[1.185s] -- looking for PCL_GEOMETRY
[1.185s] -- looking for PCL_IO
[1.186s] -- looking for PCL_FEATURES
[1.186s] -- looking for PCL_ML
[1.186s] -- looking for PCL_SEGMENTATION
[1.186s] -- looking for PCL_VISUALIZATION
[1.187s] -- looking for PCL_SURFACE
[1.187s] -- looking for PCL_REGISTRATION
[1.187s] -- looking for PCL_KEYPOINTS
[1.187s] -- looking for PCL_TRACKING
[1.187s] -- looking for PCL_RECOGNITION
[1.187s] -- looking for PCL_STEREO
[1.188s] -- looking for PCL_APPS
[1.188s] -- looking for PCL_IN_HAND_SCANNER
[1.188s] -- looking for PCL_MODELER
[1.188s] -- looking for PCL_POINT_CLOUD_EDITOR
[1.188s] -- looking for PCL_OUTOFCORE
[1.188s] -- looking for PCL_PEOPLE
[1.189s] -- Found ament_lint_auto: 0.12.10 (/opt/ros/humble/share/ament_lint_auto/cmake)
[1.257s] -- Configuring incomplete, errors occurred!
[1.257s] See also "/home/hdm/lio-sam_simulation_car/robot_bringup/build/robot_bringup/CMakeFiles/CMakeOutput.log".
[1.257s] [31mCMake Error at CMakeLists.txt:51 (ament_auto_package):
[1.257s]   Unknown CMake command "ament_auto_package".
[1.257s] 
[1.257s] [0m
[1.265s] Invoked command in '/home/hdm/lio-sam_simulation_car/robot_bringup/build/robot_bringup' returned '1': CMAKE_PREFIX_PATH=${CMAKE_PREFIX_PATH}:/opt/ros/humble /usr/bin/cmake /home/hdm/lio-sam_simulation_car/robot_bringup -DCMAKE_INSTALL_PREFIX=/home/hdm/lio-sam_simulation_car/robot_bringup/install/robot_bringup
