[0.035s] Invoking command in '/home/hdm/lio-sam_simulation_car/robot_bringup/build/robot_bringup': CMAKE_PREFIX_PATH=${CMAKE_PREFIX_PATH}:/opt/ros/humble /usr/bin/cmake --build /home/hdm/lio-sam_simulation_car/robot_bringup/build/robot_bringup -- -j24 -l24
[0.074s] -- Found ament_cmake_auto: 1.3.8 (/opt/ros/humble/share/ament_cmake_auto/cmake)
[0.368s] -- Found rosidl_generator_c: 3.1.5 (/opt/ros/humble/share/rosidl_generator_c/cmake)
[0.371s] -- Found rosidl_adapter: 3.1.5 (/opt/ros/humble/share/rosidl_adapter/cmake)
[0.381s] -- Found rosidl_generator_cpp: 3.1.5 (/opt/ros/humble/share/rosidl_generator_cpp/cmake)
[0.395s] -- Using all available rosidl_typesupport_c: rosidl_typesupport_fastrtps_c;rosidl_typesupport_introspection_c
[0.407s] -- Using all available rosidl_typesupport_cpp: rosidl_typesupport_fastrtps_cpp;rosidl_typesupport_introspection_cpp
[0.437s] -- Found rmw_implementation_cmake: 6.1.1 (/opt/ros/humble/share/rmw_implementation_cmake/cmake)
[0.438s] -- Found rmw_cyclonedds_cpp: 1.3.4 (/opt/ros/humble/share/rmw_cyclonedds_cpp/cmake)
[0.453s] -- Using RMW implementation 'rmw_cyclonedds_cpp' as default
[0.678s] -- Eigen found (include: /usr/include/eigen3, version: 3.4.0)
[0.697s] -- FLANN found (include: /usr/include, lib: /usr/lib/x86_64-linux-gnu/libflann_cpp.so)
[1.000s] -- OpenNI found (version: 1.5.4.0, include: /usr/include/ni, lib: /usr/lib/libOpenNI.so;libusb::libusb)
[1.005s] -- OpenNI2 found (version: 2.2.0.33, include: /usr/include/openni2, lib: /usr/lib/x86_64-linux-gnu/libOpenNI2.so;libusb::libusb)
[1.005s] [0m** WARNING ** io features related to pcap will be disabled[0m
[1.096s] -- Eigen found (include: /usr/include/eigen3, version: 3.4.0)
[1.100s] -- OpenNI found (version: 1.5.4.0, include: /usr/include/ni, lib: /usr/lib/libOpenNI.so;libusb::libusb)
[1.105s] -- OpenNI2 found (version: 2.2.0.33, include: /usr/include/openni2, lib: /usr/lib/x86_64-linux-gnu/libOpenNI2.so;libusb::libusb)
[1.189s] -- Found Qhull version 8.0.2
[1.278s] -- OpenNI found (version: 1.5.4.0, include: /usr/include/ni, lib: /usr/lib/libOpenNI.so;libusb::libusb)
[1.361s] -- looking for PCL_COMMON
[1.361s] -- looking for PCL_KDTREE
[1.362s] -- looking for PCL_OCTREE
[1.362s] -- looking for PCL_SEARCH
[1.362s] -- looking for PCL_SAMPLE_CONSENSUS
[1.362s] -- looking for PCL_FILTERS
[1.363s] -- looking for PCL_2D
[1.363s] -- looking for PCL_GEOMETRY
[1.363s] -- looking for PCL_IO
[1.363s] -- looking for PCL_FEATURES
[1.363s] -- looking for PCL_ML
[1.363s] -- looking for PCL_SEGMENTATION
[1.364s] -- looking for PCL_VISUALIZATION
[1.364s] -- looking for PCL_SURFACE
[1.364s] -- looking for PCL_REGISTRATION
[1.364s] -- looking for PCL_KEYPOINTS
[1.364s] -- looking for PCL_TRACKING
[1.365s] -- looking for PCL_RECOGNITION
[1.365s] -- looking for PCL_STEREO
[1.365s] -- looking for PCL_APPS
[1.365s] -- looking for PCL_IN_HAND_SCANNER
[1.365s] -- looking for PCL_MODELER
[1.365s] -- looking for PCL_POINT_CLOUD_EDITOR
[1.365s] -- looking for PCL_OUTOFCORE
[1.366s] -- looking for PCL_PEOPLE
[1.366s] -- Configuring incomplete, errors occurred!
[1.366s] See also "/home/hdm/lio-sam_simulation_car/robot_bringup/build/robot_bringup/CMakeFiles/CMakeOutput.log".
[1.366s] [31mCMake Error at CMakeLists.txt:25 (target_link_libraries):
[1.367s]   Cannot specify link libraries for target "robot_bringup" which is not built
[1.367s]   by this project.
[1.367s] 
[1.367s] [0m
[1.372s] gmake: *** [Makefile:267：cmake_check_build_system] 错误 1
[1.376s] Invoked command in '/home/hdm/lio-sam_simulation_car/robot_bringup/build/robot_bringup' returned '2': CMAKE_PREFIX_PATH=${CMAKE_PREFIX_PATH}:/opt/ros/humble /usr/bin/cmake --build /home/hdm/lio-sam_simulation_car/robot_bringup/build/robot_bringup -- -j24 -l24
