[0.171s] DEBUG:colcon:Command line arguments: ['/usr/bin/colcon', 'build']
[0.171s] DEBUG:colcon:Parsed command line arguments: Namespace(allow_overriding=[], ament_cmake_args=None, base_paths=['.'], build_base='build', catkin_cmake_args=None, catkin_skip_building_tests=False, cmake_args=None, cmake_clean_cache=False, cmake_clean_first=False, cmake_force_configure=False, cmake_target=None, cmake_target_skip_unavailable=False, continue_on_error=False, event_handlers=None, executor='parallel', ignore_user_meta=False, install_base='install', log_base=None, log_level=None, main=<bound method BuildVerb.main of <colcon_core.verb.build.BuildVerb object at 0x7f66aa102070>>, merge_install=False, metas=['./colcon.meta'], packages_above=None, packages_above_and_dependencies=None, packages_above_depth=None, packages_end=None, packages_ignore=None, packages_ignore_regex=None, packages_select=None, packages_select_build_failed=False, packages_select_by_dep=None, packages_select_regex=None, packages_select_test_failures=False, packages_skip=None, packages_skip_build_finished=False, packages_skip_by_dep=None, packages_skip_regex=None, packages_skip_test_passed=False, packages_skip_up_to=None, packages_start=None, packages_up_to=None, packages_up_to_regex=None, parallel_workers=12, paths=None, symlink_install=False, test_result_base=None, verb_extension=<colcon_core.verb.build.BuildVerb object at 0x7f66aa102070>, verb_name='build', verb_parser=<colcon_defaults.argument_parser.defaults.DefaultArgumentsDecorator object at 0x7f66a9fb92b0>)
[0.209s] Level 1:colcon.colcon_core.package_discovery:discover_packages(colcon_meta) check parameters
[0.210s] Level 1:colcon.colcon_core.package_discovery:discover_packages(recursive) check parameters
[0.210s] Level 1:colcon.colcon_core.package_discovery:discover_packages(ignore) check parameters
[0.210s] Level 1:colcon.colcon_core.package_discovery:discover_packages(path) check parameters
[0.210s] Level 1:colcon.colcon_core.package_discovery:discover_packages(colcon_meta) discover
[0.210s] Level 1:colcon.colcon_core.package_discovery:discover_packages(recursive) discover
[0.210s] INFO:colcon.colcon_core.package_discovery:Crawling recursively for packages in '/home/korey/Desktop/lio-sam_simulation_navigation'
[0.210s] Level 1:colcon.colcon_core.package_identification:_identify(.) by extensions ['ignore', 'ignore_ament_install']
[0.210s] Level 1:colcon.colcon_core.package_identification:_identify(.) by extension 'ignore'
[0.210s] Level 1:colcon.colcon_core.package_identification:_identify(.) by extension 'ignore_ament_install'
[0.210s] Level 1:colcon.colcon_core.package_identification:_identify(.) by extensions ['colcon_pkg']
[0.210s] Level 1:colcon.colcon_core.package_identification:_identify(.) by extension 'colcon_pkg'
[0.210s] Level 1:colcon.colcon_core.package_identification:_identify(.) by extensions ['colcon_meta']
[0.210s] Level 1:colcon.colcon_core.package_identification:_identify(.) by extension 'colcon_meta'
[0.210s] Level 1:colcon.colcon_core.package_identification:_identify(.) by extensions ['ros']
[0.210s] Level 1:colcon.colcon_core.package_identification:_identify(.) by extension 'ros'
[0.222s] Level 1:colcon.colcon_core.package_identification:_identify(.) by extensions ['cmake', 'python']
[0.222s] Level 1:colcon.colcon_core.package_identification:_identify(.) by extension 'cmake'
[0.222s] Level 1:colcon.colcon_core.package_identification:_identify(.) by extension 'python'
[0.222s] Level 1:colcon.colcon_core.package_identification:_identify(.) by extensions ['python_setup_py']
[0.222s] Level 1:colcon.colcon_core.package_identification:_identify(.) by extension 'python_setup_py'
[0.222s] Level 1:colcon.colcon_core.package_identification:_identify(build) by extensions ['ignore', 'ignore_ament_install']
[0.222s] Level 1:colcon.colcon_core.package_identification:_identify(build) by extension 'ignore'
[0.222s] Level 1:colcon.colcon_core.package_identification:_identify(build) ignored
[0.222s] Level 1:colcon.colcon_core.package_identification:_identify(install) by extensions ['ignore', 'ignore_ament_install']
[0.222s] Level 1:colcon.colcon_core.package_identification:_identify(install) by extension 'ignore'
[0.222s] Level 1:colcon.colcon_core.package_identification:_identify(install) ignored
[0.223s] Level 1:colcon.colcon_core.package_identification:_identify(log) by extensions ['ignore', 'ignore_ament_install']
[0.223s] Level 1:colcon.colcon_core.package_identification:_identify(log) by extension 'ignore'
[0.223s] Level 1:colcon.colcon_core.package_identification:_identify(log) ignored
[0.223s] Level 1:colcon.colcon_core.package_identification:_identify(src) by extensions ['ignore', 'ignore_ament_install']
[0.223s] Level 1:colcon.colcon_core.package_identification:_identify(src) by extension 'ignore'
[0.223s] Level 1:colcon.colcon_core.package_identification:_identify(src) by extension 'ignore_ament_install'
[0.223s] Level 1:colcon.colcon_core.package_identification:_identify(src) by extensions ['colcon_pkg']
[0.223s] Level 1:colcon.colcon_core.package_identification:_identify(src) by extension 'colcon_pkg'
[0.223s] Level 1:colcon.colcon_core.package_identification:_identify(src) by extensions ['colcon_meta']
[0.223s] Level 1:colcon.colcon_core.package_identification:_identify(src) by extension 'colcon_meta'
[0.223s] Level 1:colcon.colcon_core.package_identification:_identify(src) by extensions ['ros']
[0.223s] Level 1:colcon.colcon_core.package_identification:_identify(src) by extension 'ros'
[0.223s] Level 1:colcon.colcon_core.package_identification:_identify(src) by extensions ['cmake', 'python']
[0.223s] Level 1:colcon.colcon_core.package_identification:_identify(src) by extension 'cmake'
[0.223s] Level 1:colcon.colcon_core.package_identification:_identify(src) by extension 'python'
[0.223s] Level 1:colcon.colcon_core.package_identification:_identify(src) by extensions ['python_setup_py']
[0.223s] Level 1:colcon.colcon_core.package_identification:_identify(src) by extension 'python_setup_py'
[0.223s] Level 1:colcon.colcon_core.package_identification:_identify(src/LIO-SAM) by extensions ['ignore', 'ignore_ament_install']
[0.223s] Level 1:colcon.colcon_core.package_identification:_identify(src/LIO-SAM) by extension 'ignore'
[0.223s] Level 1:colcon.colcon_core.package_identification:_identify(src/LIO-SAM) by extension 'ignore_ament_install'
[0.223s] Level 1:colcon.colcon_core.package_identification:_identify(src/LIO-SAM) by extensions ['colcon_pkg']
[0.224s] Level 1:colcon.colcon_core.package_identification:_identify(src/LIO-SAM) by extension 'colcon_pkg'
[0.224s] Level 1:colcon.colcon_core.package_identification:_identify(src/LIO-SAM) by extensions ['colcon_meta']
[0.224s] Level 1:colcon.colcon_core.package_identification:_identify(src/LIO-SAM) by extension 'colcon_meta'
[0.224s] Level 1:colcon.colcon_core.package_identification:_identify(src/LIO-SAM) by extensions ['ros']
[0.224s] Level 1:colcon.colcon_core.package_identification:_identify(src/LIO-SAM) by extension 'ros'
[0.226s] DEBUG:colcon.colcon_core.package_identification:Package 'src/LIO-SAM' with type 'ros.ament_cmake' and name 'lio_sam'
[0.226s] Level 1:colcon.colcon_core.package_identification:_identify(src/pointcloud_downsampling) by extensions ['ignore', 'ignore_ament_install']
[0.226s] Level 1:colcon.colcon_core.package_identification:_identify(src/pointcloud_downsampling) by extension 'ignore'
[0.226s] Level 1:colcon.colcon_core.package_identification:_identify(src/pointcloud_downsampling) by extension 'ignore_ament_install'
[0.226s] Level 1:colcon.colcon_core.package_identification:_identify(src/pointcloud_downsampling) by extensions ['colcon_pkg']
[0.226s] Level 1:colcon.colcon_core.package_identification:_identify(src/pointcloud_downsampling) by extension 'colcon_pkg'
[0.226s] Level 1:colcon.colcon_core.package_identification:_identify(src/pointcloud_downsampling) by extensions ['colcon_meta']
[0.226s] Level 1:colcon.colcon_core.package_identification:_identify(src/pointcloud_downsampling) by extension 'colcon_meta'
[0.227s] Level 1:colcon.colcon_core.package_identification:_identify(src/pointcloud_downsampling) by extensions ['ros']
[0.227s] Level 1:colcon.colcon_core.package_identification:_identify(src/pointcloud_downsampling) by extension 'ros'
[0.228s] DEBUG:colcon.colcon_core.package_identification:Package 'src/pointcloud_downsampling' with type 'ros.ament_cmake' and name 'pointcloud_downsampling'
[0.228s] Level 1:colcon.colcon_core.package_identification:_identify(src/pointcloud_to_laserscan) by extensions ['ignore', 'ignore_ament_install']
[0.228s] Level 1:colcon.colcon_core.package_identification:_identify(src/pointcloud_to_laserscan) by extension 'ignore'
[0.228s] Level 1:colcon.colcon_core.package_identification:_identify(src/pointcloud_to_laserscan) by extension 'ignore_ament_install'
[0.228s] Level 1:colcon.colcon_core.package_identification:_identify(src/pointcloud_to_laserscan) by extensions ['colcon_pkg']
[0.228s] Level 1:colcon.colcon_core.package_identification:_identify(src/pointcloud_to_laserscan) by extension 'colcon_pkg'
[0.228s] Level 1:colcon.colcon_core.package_identification:_identify(src/pointcloud_to_laserscan) by extensions ['colcon_meta']
[0.228s] Level 1:colcon.colcon_core.package_identification:_identify(src/pointcloud_to_laserscan) by extension 'colcon_meta'
[0.228s] Level 1:colcon.colcon_core.package_identification:_identify(src/pointcloud_to_laserscan) by extensions ['ros']
[0.228s] Level 1:colcon.colcon_core.package_identification:_identify(src/pointcloud_to_laserscan) by extension 'ros'
[0.229s] DEBUG:colcon.colcon_core.package_identification:Package 'src/pointcloud_to_laserscan' with type 'ros.ament_cmake' and name 'pointcloud_to_laserscan'
[0.229s] Level 1:colcon.colcon_core.package_identification:_identify(src/robot_bringup) by extensions ['ignore', 'ignore_ament_install']
[0.230s] Level 1:colcon.colcon_core.package_identification:_identify(src/robot_bringup) by extension 'ignore'
[0.230s] Level 1:colcon.colcon_core.package_identification:_identify(src/robot_bringup) by extension 'ignore_ament_install'
[0.230s] Level 1:colcon.colcon_core.package_identification:_identify(src/robot_bringup) by extensions ['colcon_pkg']
[0.230s] Level 1:colcon.colcon_core.package_identification:_identify(src/robot_bringup) by extension 'colcon_pkg'
[0.230s] Level 1:colcon.colcon_core.package_identification:_identify(src/robot_bringup) by extensions ['colcon_meta']
[0.230s] Level 1:colcon.colcon_core.package_identification:_identify(src/robot_bringup) by extension 'colcon_meta'
[0.230s] Level 1:colcon.colcon_core.package_identification:_identify(src/robot_bringup) by extensions ['ros']
[0.230s] Level 1:colcon.colcon_core.package_identification:_identify(src/robot_bringup) by extension 'ros'
[0.230s] DEBUG:colcon.colcon_core.package_identification:Package 'src/robot_bringup' with type 'ros.ament_cmake' and name 'robot_bringup'
[0.230s] Level 1:colcon.colcon_core.package_identification:_identify(src/robot_navigation2) by extensions ['ignore', 'ignore_ament_install']
[0.230s] Level 1:colcon.colcon_core.package_identification:_identify(src/robot_navigation2) by extension 'ignore'
[0.230s] Level 1:colcon.colcon_core.package_identification:_identify(src/robot_navigation2) by extension 'ignore_ament_install'
[0.231s] Level 1:colcon.colcon_core.package_identification:_identify(src/robot_navigation2) by extensions ['colcon_pkg']
[0.231s] Level 1:colcon.colcon_core.package_identification:_identify(src/robot_navigation2) by extension 'colcon_pkg'
[0.231s] Level 1:colcon.colcon_core.package_identification:_identify(src/robot_navigation2) by extensions ['colcon_meta']
[0.231s] Level 1:colcon.colcon_core.package_identification:_identify(src/robot_navigation2) by extension 'colcon_meta'
[0.231s] Level 1:colcon.colcon_core.package_identification:_identify(src/robot_navigation2) by extensions ['ros']
[0.231s] Level 1:colcon.colcon_core.package_identification:_identify(src/robot_navigation2) by extension 'ros'
[0.231s] DEBUG:colcon.colcon_core.package_identification:Package 'src/robot_navigation2' with type 'ros.ament_cmake' and name 'robot_navigation2'
[0.231s] Level 1:colcon.colcon_core.package_discovery:discover_packages(recursive) using defaults
[0.231s] Level 1:colcon.colcon_core.package_discovery:discover_packages(ignore) discover
[0.231s] Level 1:colcon.colcon_core.package_discovery:discover_packages(ignore) using defaults
[0.231s] Level 1:colcon.colcon_core.package_discovery:discover_packages(path) discover
[0.231s] Level 1:colcon.colcon_core.package_discovery:discover_packages(path) using defaults
[0.247s] Level 1:colcon.colcon_core.package_discovery:discover_packages(prefix_path) check parameters
[0.247s] Level 1:colcon.colcon_core.package_discovery:discover_packages(prefix_path) discover
[0.250s] DEBUG:colcon.colcon_installed_package_information.package_discovery:Found 327 installed packages in /opt/ros/foxy
[0.251s] Level 1:colcon.colcon_core.package_discovery:discover_packages(prefix_path) using defaults
[0.298s] Level 5:colcon.colcon_core.verb:set package 'lio_sam' build argument 'cmake_args' from command line to 'None'
[0.298s] Level 5:colcon.colcon_core.verb:set package 'lio_sam' build argument 'cmake_target' from command line to 'None'
[0.298s] Level 5:colcon.colcon_core.verb:set package 'lio_sam' build argument 'cmake_target_skip_unavailable' from command line to 'False'
[0.299s] Level 5:colcon.colcon_core.verb:set package 'lio_sam' build argument 'cmake_clean_cache' from command line to 'False'
[0.299s] Level 5:colcon.colcon_core.verb:set package 'lio_sam' build argument 'cmake_clean_first' from command line to 'False'
[0.299s] Level 5:colcon.colcon_core.verb:set package 'lio_sam' build argument 'cmake_force_configure' from command line to 'False'
[0.299s] Level 5:colcon.colcon_core.verb:set package 'lio_sam' build argument 'ament_cmake_args' from command line to 'None'
[0.299s] Level 5:colcon.colcon_core.verb:set package 'lio_sam' build argument 'catkin_cmake_args' from command line to 'None'
[0.299s] Level 5:colcon.colcon_core.verb:set package 'lio_sam' build argument 'catkin_skip_building_tests' from command line to 'False'
[0.299s] DEBUG:colcon.colcon_core.verb:Building package 'lio_sam' with the following arguments: {'ament_cmake_args': None, 'build_base': '/home/korey/Desktop/lio-sam_simulation_navigation/build/lio_sam', 'catkin_cmake_args': None, 'catkin_skip_building_tests': False, 'cmake_args': None, 'cmake_clean_cache': False, 'cmake_clean_first': False, 'cmake_force_configure': False, 'cmake_target': None, 'cmake_target_skip_unavailable': False, 'install_base': '/home/korey/Desktop/lio-sam_simulation_navigation/install/lio_sam', 'merge_install': False, 'path': '/home/korey/Desktop/lio-sam_simulation_navigation/src/LIO-SAM', 'symlink_install': False, 'test_result_base': None}
[0.299s] Level 5:colcon.colcon_core.verb:set package 'pointcloud_downsampling' build argument 'cmake_args' from command line to 'None'
[0.299s] Level 5:colcon.colcon_core.verb:set package 'pointcloud_downsampling' build argument 'cmake_target' from command line to 'None'
[0.299s] Level 5:colcon.colcon_core.verb:set package 'pointcloud_downsampling' build argument 'cmake_target_skip_unavailable' from command line to 'False'
[0.299s] Level 5:colcon.colcon_core.verb:set package 'pointcloud_downsampling' build argument 'cmake_clean_cache' from command line to 'False'
[0.299s] Level 5:colcon.colcon_core.verb:set package 'pointcloud_downsampling' build argument 'cmake_clean_first' from command line to 'False'
[0.299s] Level 5:colcon.colcon_core.verb:set package 'pointcloud_downsampling' build argument 'cmake_force_configure' from command line to 'False'
[0.300s] Level 5:colcon.colcon_core.verb:set package 'pointcloud_downsampling' build argument 'ament_cmake_args' from command line to 'None'
[0.300s] Level 5:colcon.colcon_core.verb:set package 'pointcloud_downsampling' build argument 'catkin_cmake_args' from command line to 'None'
[0.300s] Level 5:colcon.colcon_core.verb:set package 'pointcloud_downsampling' build argument 'catkin_skip_building_tests' from command line to 'False'
[0.300s] DEBUG:colcon.colcon_core.verb:Building package 'pointcloud_downsampling' with the following arguments: {'ament_cmake_args': None, 'build_base': '/home/korey/Desktop/lio-sam_simulation_navigation/build/pointcloud_downsampling', 'catkin_cmake_args': None, 'catkin_skip_building_tests': False, 'cmake_args': None, 'cmake_clean_cache': False, 'cmake_clean_first': False, 'cmake_force_configure': False, 'cmake_target': None, 'cmake_target_skip_unavailable': False, 'install_base': '/home/korey/Desktop/lio-sam_simulation_navigation/install/pointcloud_downsampling', 'merge_install': False, 'path': '/home/korey/Desktop/lio-sam_simulation_navigation/src/pointcloud_downsampling', 'symlink_install': False, 'test_result_base': None}
[0.300s] Level 5:colcon.colcon_core.verb:set package 'pointcloud_to_laserscan' build argument 'cmake_args' from command line to 'None'
[0.300s] Level 5:colcon.colcon_core.verb:set package 'pointcloud_to_laserscan' build argument 'cmake_target' from command line to 'None'
[0.300s] Level 5:colcon.colcon_core.verb:set package 'pointcloud_to_laserscan' build argument 'cmake_target_skip_unavailable' from command line to 'False'
[0.300s] Level 5:colcon.colcon_core.verb:set package 'pointcloud_to_laserscan' build argument 'cmake_clean_cache' from command line to 'False'
[0.300s] Level 5:colcon.colcon_core.verb:set package 'pointcloud_to_laserscan' build argument 'cmake_clean_first' from command line to 'False'
[0.300s] Level 5:colcon.colcon_core.verb:set package 'pointcloud_to_laserscan' build argument 'cmake_force_configure' from command line to 'False'
[0.300s] Level 5:colcon.colcon_core.verb:set package 'pointcloud_to_laserscan' build argument 'ament_cmake_args' from command line to 'None'
[0.300s] Level 5:colcon.colcon_core.verb:set package 'pointcloud_to_laserscan' build argument 'catkin_cmake_args' from command line to 'None'
[0.300s] Level 5:colcon.colcon_core.verb:set package 'pointcloud_to_laserscan' build argument 'catkin_skip_building_tests' from command line to 'False'
[0.300s] DEBUG:colcon.colcon_core.verb:Building package 'pointcloud_to_laserscan' with the following arguments: {'ament_cmake_args': None, 'build_base': '/home/korey/Desktop/lio-sam_simulation_navigation/build/pointcloud_to_laserscan', 'catkin_cmake_args': None, 'catkin_skip_building_tests': False, 'cmake_args': None, 'cmake_clean_cache': False, 'cmake_clean_first': False, 'cmake_force_configure': False, 'cmake_target': None, 'cmake_target_skip_unavailable': False, 'install_base': '/home/korey/Desktop/lio-sam_simulation_navigation/install/pointcloud_to_laserscan', 'merge_install': False, 'path': '/home/korey/Desktop/lio-sam_simulation_navigation/src/pointcloud_to_laserscan', 'symlink_install': False, 'test_result_base': None}
[0.300s] Level 5:colcon.colcon_core.verb:set package 'robot_bringup' build argument 'cmake_args' from command line to 'None'
[0.300s] Level 5:colcon.colcon_core.verb:set package 'robot_bringup' build argument 'cmake_target' from command line to 'None'
[0.300s] Level 5:colcon.colcon_core.verb:set package 'robot_bringup' build argument 'cmake_target_skip_unavailable' from command line to 'False'
[0.300s] Level 5:colcon.colcon_core.verb:set package 'robot_bringup' build argument 'cmake_clean_cache' from command line to 'False'
[0.300s] Level 5:colcon.colcon_core.verb:set package 'robot_bringup' build argument 'cmake_clean_first' from command line to 'False'
[0.300s] Level 5:colcon.colcon_core.verb:set package 'robot_bringup' build argument 'cmake_force_configure' from command line to 'False'
[0.300s] Level 5:colcon.colcon_core.verb:set package 'robot_bringup' build argument 'ament_cmake_args' from command line to 'None'
[0.300s] Level 5:colcon.colcon_core.verb:set package 'robot_bringup' build argument 'catkin_cmake_args' from command line to 'None'
[0.300s] Level 5:colcon.colcon_core.verb:set package 'robot_bringup' build argument 'catkin_skip_building_tests' from command line to 'False'
[0.301s] DEBUG:colcon.colcon_core.verb:Building package 'robot_bringup' with the following arguments: {'ament_cmake_args': None, 'build_base': '/home/korey/Desktop/lio-sam_simulation_navigation/build/robot_bringup', 'catkin_cmake_args': None, 'catkin_skip_building_tests': False, 'cmake_args': None, 'cmake_clean_cache': False, 'cmake_clean_first': False, 'cmake_force_configure': False, 'cmake_target': None, 'cmake_target_skip_unavailable': False, 'install_base': '/home/korey/Desktop/lio-sam_simulation_navigation/install/robot_bringup', 'merge_install': False, 'path': '/home/korey/Desktop/lio-sam_simulation_navigation/src/robot_bringup', 'symlink_install': False, 'test_result_base': None}
[0.301s] Level 5:colcon.colcon_core.verb:set package 'robot_navigation2' build argument 'cmake_args' from command line to 'None'
[0.301s] Level 5:colcon.colcon_core.verb:set package 'robot_navigation2' build argument 'cmake_target' from command line to 'None'
[0.301s] Level 5:colcon.colcon_core.verb:set package 'robot_navigation2' build argument 'cmake_target_skip_unavailable' from command line to 'False'
[0.301s] Level 5:colcon.colcon_core.verb:set package 'robot_navigation2' build argument 'cmake_clean_cache' from command line to 'False'
[0.301s] Level 5:colcon.colcon_core.verb:set package 'robot_navigation2' build argument 'cmake_clean_first' from command line to 'False'
[0.301s] Level 5:colcon.colcon_core.verb:set package 'robot_navigation2' build argument 'cmake_force_configure' from command line to 'False'
[0.301s] Level 5:colcon.colcon_core.verb:set package 'robot_navigation2' build argument 'ament_cmake_args' from command line to 'None'
[0.301s] Level 5:colcon.colcon_core.verb:set package 'robot_navigation2' build argument 'catkin_cmake_args' from command line to 'None'
[0.301s] Level 5:colcon.colcon_core.verb:set package 'robot_navigation2' build argument 'catkin_skip_building_tests' from command line to 'False'
[0.301s] DEBUG:colcon.colcon_core.verb:Building package 'robot_navigation2' with the following arguments: {'ament_cmake_args': None, 'build_base': '/home/korey/Desktop/lio-sam_simulation_navigation/build/robot_navigation2', 'catkin_cmake_args': None, 'catkin_skip_building_tests': False, 'cmake_args': None, 'cmake_clean_cache': False, 'cmake_clean_first': False, 'cmake_force_configure': False, 'cmake_target': None, 'cmake_target_skip_unavailable': False, 'install_base': '/home/korey/Desktop/lio-sam_simulation_navigation/install/robot_navigation2', 'merge_install': False, 'path': '/home/korey/Desktop/lio-sam_simulation_navigation/src/robot_navigation2', 'symlink_install': False, 'test_result_base': None}
[0.301s] INFO:colcon.colcon_core.executor:Executing jobs using 'parallel' executor
[0.302s] DEBUG:colcon.colcon_parallel_executor.executor.parallel:run_until_complete
[0.302s] INFO:colcon.colcon_ros.task.ament_cmake.build:Building ROS package in '/home/korey/Desktop/lio-sam_simulation_navigation/src/LIO-SAM' with build type 'ament_cmake'
[0.302s] INFO:colcon.colcon_cmake.task.cmake.build:Building CMake package in '/home/korey/Desktop/lio-sam_simulation_navigation/src/LIO-SAM'
[0.305s] INFO:colcon.colcon_core.plugin_system:Skipping extension 'colcon_core.shell.bat': Not used on non-Windows systems
[0.305s] INFO:colcon.colcon_core.shell:Skip shell extension 'powershell' for command environment: Not usable outside of PowerShell
[0.305s] DEBUG:colcon.colcon_core.shell:Skip shell extension 'dsv' for command environment
[0.312s] INFO:colcon.colcon_ros.task.ament_cmake.build:Building ROS package in '/home/korey/Desktop/lio-sam_simulation_navigation/src/pointcloud_downsampling' with build type 'ament_cmake'
[0.312s] INFO:colcon.colcon_cmake.task.cmake.build:Building CMake package in '/home/korey/Desktop/lio-sam_simulation_navigation/src/pointcloud_downsampling'
[0.312s] INFO:colcon.colcon_core.shell:Skip shell extension 'powershell' for command environment: Not usable outside of PowerShell
[0.312s] DEBUG:colcon.colcon_core.shell:Skip shell extension 'dsv' for command environment
[0.318s] INFO:colcon.colcon_ros.task.ament_cmake.build:Building ROS package in '/home/korey/Desktop/lio-sam_simulation_navigation/src/pointcloud_to_laserscan' with build type 'ament_cmake'
[0.318s] INFO:colcon.colcon_cmake.task.cmake.build:Building CMake package in '/home/korey/Desktop/lio-sam_simulation_navigation/src/pointcloud_to_laserscan'
[0.319s] INFO:colcon.colcon_core.shell:Skip shell extension 'powershell' for command environment: Not usable outside of PowerShell
[0.319s] DEBUG:colcon.colcon_core.shell:Skip shell extension 'dsv' for command environment
[0.326s] INFO:colcon.colcon_ros.task.ament_cmake.build:Building ROS package in '/home/korey/Desktop/lio-sam_simulation_navigation/src/robot_bringup' with build type 'ament_cmake'
[0.326s] INFO:colcon.colcon_cmake.task.cmake.build:Building CMake package in '/home/korey/Desktop/lio-sam_simulation_navigation/src/robot_bringup'
[0.327s] INFO:colcon.colcon_core.shell:Skip shell extension 'powershell' for command environment: Not usable outside of PowerShell
[0.327s] DEBUG:colcon.colcon_core.shell:Skip shell extension 'dsv' for command environment
[0.335s] INFO:colcon.colcon_ros.task.ament_cmake.build:Building ROS package in '/home/korey/Desktop/lio-sam_simulation_navigation/src/robot_navigation2' with build type 'ament_cmake'
[0.335s] INFO:colcon.colcon_cmake.task.cmake.build:Building CMake package in '/home/korey/Desktop/lio-sam_simulation_navigation/src/robot_navigation2'
[0.336s] INFO:colcon.colcon_core.shell:Skip shell extension 'powershell' for command environment: Not usable outside of PowerShell
[0.336s] DEBUG:colcon.colcon_core.shell:Skip shell extension 'dsv' for command environment
[0.350s] DEBUG:colcon.colcon_core.event_handler.log_command:Invoking command in '/home/korey/Desktop/lio-sam_simulation_navigation/build/lio_sam': CMAKE_PREFIX_PATH=/opt/ros/foxy /home/korey/.local/bin/cmake /home/korey/Desktop/lio-sam_simulation_navigation/src/LIO-SAM -DCMAKE_INSTALL_PREFIX=/home/korey/Desktop/lio-sam_simulation_navigation/install/lio_sam
[0.355s] DEBUG:colcon.colcon_core.event_handler.log_command:Invoking command in '/home/korey/Desktop/lio-sam_simulation_navigation/build/pointcloud_downsampling': CMAKE_PREFIX_PATH=/opt/ros/foxy /home/korey/.local/bin/cmake /home/korey/Desktop/lio-sam_simulation_navigation/src/pointcloud_downsampling -DCMAKE_INSTALL_PREFIX=/home/korey/Desktop/lio-sam_simulation_navigation/install/pointcloud_downsampling
[0.361s] DEBUG:colcon.colcon_core.event_handler.log_command:Invoking command in '/home/korey/Desktop/lio-sam_simulation_navigation/build/pointcloud_to_laserscan': CMAKE_PREFIX_PATH=/opt/ros/foxy /home/korey/.local/bin/cmake /home/korey/Desktop/lio-sam_simulation_navigation/src/pointcloud_to_laserscan -DCMAKE_INSTALL_PREFIX=/home/korey/Desktop/lio-sam_simulation_navigation/install/pointcloud_to_laserscan
[0.367s] DEBUG:colcon.colcon_core.event_handler.log_command:Invoking command in '/home/korey/Desktop/lio-sam_simulation_navigation/build/robot_bringup': CMAKE_PREFIX_PATH=/opt/ros/foxy /home/korey/.local/bin/cmake /home/korey/Desktop/lio-sam_simulation_navigation/src/robot_bringup -DCMAKE_INSTALL_PREFIX=/home/korey/Desktop/lio-sam_simulation_navigation/install/robot_bringup
[0.379s] DEBUG:colcon.colcon_core.event_handler.log_command:Invoking command in '/home/korey/Desktop/lio-sam_simulation_navigation/build/robot_navigation2': CMAKE_PREFIX_PATH=/opt/ros/foxy /home/korey/.local/bin/cmake /home/korey/Desktop/lio-sam_simulation_navigation/src/robot_navigation2 -DCMAKE_INSTALL_PREFIX=/home/korey/Desktop/lio-sam_simulation_navigation/install/robot_navigation2
[0.865s] DEBUG:colcon.colcon_core.event_handler.log_command:Invoked command in '/home/korey/Desktop/lio-sam_simulation_navigation/build/robot_navigation2' returned '0': CMAKE_PREFIX_PATH=/opt/ros/foxy /home/korey/.local/bin/cmake /home/korey/Desktop/lio-sam_simulation_navigation/src/robot_navigation2 -DCMAKE_INSTALL_PREFIX=/home/korey/Desktop/lio-sam_simulation_navigation/install/robot_navigation2
[0.870s] DEBUG:colcon.colcon_core.event_handler.log_command:Invoking command in '/home/korey/Desktop/lio-sam_simulation_navigation/build/robot_navigation2': CMAKE_PREFIX_PATH=/opt/ros/foxy /home/korey/.local/bin/cmake --build /home/korey/Desktop/lio-sam_simulation_navigation/build/robot_navigation2 -- -j12 -l12
[0.919s] DEBUG:colcon.colcon_core.event_handler.log_command:Invoked command in '/home/korey/Desktop/lio-sam_simulation_navigation/build/robot_navigation2' returned '0': CMAKE_PREFIX_PATH=/opt/ros/foxy /home/korey/.local/bin/cmake --build /home/korey/Desktop/lio-sam_simulation_navigation/build/robot_navigation2 -- -j12 -l12
[0.958s] DEBUG:colcon.colcon_core.event_handler.log_command:Invoking command in '/home/korey/Desktop/lio-sam_simulation_navigation/build/robot_navigation2': CMAKE_PREFIX_PATH=/opt/ros/foxy /home/korey/.local/bin/cmake --install /home/korey/Desktop/lio-sam_simulation_navigation/build/robot_navigation2
[1.031s] Level 1:colcon.colcon_core.environment:create_environment_scripts_only(robot_navigation2)
[1.032s] DEBUG:colcon.colcon_core.event_handler.log_command:Invoked command in '/home/korey/Desktop/lio-sam_simulation_navigation/build/robot_navigation2' returned '0': CMAKE_PREFIX_PATH=/opt/ros/foxy /home/korey/.local/bin/cmake --install /home/korey/Desktop/lio-sam_simulation_navigation/build/robot_navigation2
[1.035s] Level 1:colcon.colcon_core.environment:checking '/home/korey/Desktop/lio-sam_simulation_navigation/install/robot_navigation2' for CMake module files
[1.036s] Level 1:colcon.colcon_core.environment:checking '/home/korey/Desktop/lio-sam_simulation_navigation/install/robot_navigation2' for CMake config files
[1.037s] Level 1:colcon.colcon_core.shell:create_environment_hook('robot_navigation2', 'cmake_prefix_path')
[1.037s] INFO:colcon.colcon_core.shell:Creating environment hook '/home/korey/Desktop/lio-sam_simulation_navigation/install/robot_navigation2/share/robot_navigation2/hook/cmake_prefix_path.ps1'
[1.052s] INFO:colcon.colcon_core.shell:Creating environment descriptor '/home/korey/Desktop/lio-sam_simulation_navigation/install/robot_navigation2/share/robot_navigation2/hook/cmake_prefix_path.dsv'
[1.052s] INFO:colcon.colcon_core.shell:Creating environment hook '/home/korey/Desktop/lio-sam_simulation_navigation/install/robot_navigation2/share/robot_navigation2/hook/cmake_prefix_path.sh'
[1.053s] Level 1:colcon.colcon_core.environment:checking '/home/korey/Desktop/lio-sam_simulation_navigation/install/robot_navigation2/lib'
[1.053s] Level 1:colcon.colcon_core.environment:checking '/home/korey/Desktop/lio-sam_simulation_navigation/install/robot_navigation2/bin'
[1.053s] Level 1:colcon.colcon_core.environment:checking '/home/korey/Desktop/lio-sam_simulation_navigation/install/robot_navigation2/lib/pkgconfig/robot_navigation2.pc'
[1.053s] Level 1:colcon.colcon_core.environment:checking '/home/korey/Desktop/lio-sam_simulation_navigation/install/robot_navigation2/lib/python3.8/site-packages'
[1.053s] Level 1:colcon.colcon_core.shell:create_environment_hook('robot_navigation2', 'pythonpath')
[1.054s] INFO:colcon.colcon_core.shell:Creating environment hook '/home/korey/Desktop/lio-sam_simulation_navigation/install/robot_navigation2/share/robot_navigation2/hook/pythonpath.ps1'
[1.054s] INFO:colcon.colcon_core.shell:Creating environment descriptor '/home/korey/Desktop/lio-sam_simulation_navigation/install/robot_navigation2/share/robot_navigation2/hook/pythonpath.dsv'
[1.054s] INFO:colcon.colcon_core.shell:Creating environment hook '/home/korey/Desktop/lio-sam_simulation_navigation/install/robot_navigation2/share/robot_navigation2/hook/pythonpath.sh'
[1.055s] Level 1:colcon.colcon_core.environment:checking '/home/korey/Desktop/lio-sam_simulation_navigation/install/robot_navigation2/bin'
[1.055s] INFO:colcon.colcon_core.shell:Creating package script '/home/korey/Desktop/lio-sam_simulation_navigation/install/robot_navigation2/share/robot_navigation2/package.ps1'
[1.056s] INFO:colcon.colcon_core.shell:Creating package descriptor '/home/korey/Desktop/lio-sam_simulation_navigation/install/robot_navigation2/share/robot_navigation2/package.dsv'
[1.056s] INFO:colcon.colcon_core.shell:Creating package script '/home/korey/Desktop/lio-sam_simulation_navigation/install/robot_navigation2/share/robot_navigation2/package.sh'
[1.057s] INFO:colcon.colcon_core.shell:Creating package script '/home/korey/Desktop/lio-sam_simulation_navigation/install/robot_navigation2/share/robot_navigation2/package.bash'
[1.058s] INFO:colcon.colcon_core.shell:Creating package script '/home/korey/Desktop/lio-sam_simulation_navigation/install/robot_navigation2/share/robot_navigation2/package.zsh'
[1.058s] Level 1:colcon.colcon_core.environment:create_file_with_runtime_dependencies(/home/korey/Desktop/lio-sam_simulation_navigation/install/robot_navigation2/share/colcon-core/packages/robot_navigation2)
[1.059s] Level 1:colcon.colcon_core.environment:create_environment_scripts_only(robot_navigation2)
[1.059s] Level 1:colcon.colcon_core.environment:checking '/home/korey/Desktop/lio-sam_simulation_navigation/install/robot_navigation2' for CMake module files
[1.059s] Level 1:colcon.colcon_core.environment:checking '/home/korey/Desktop/lio-sam_simulation_navigation/install/robot_navigation2' for CMake config files
[1.060s] Level 1:colcon.colcon_core.shell:create_environment_hook('robot_navigation2', 'cmake_prefix_path')
[1.060s] INFO:colcon.colcon_core.shell:Creating environment hook '/home/korey/Desktop/lio-sam_simulation_navigation/install/robot_navigation2/share/robot_navigation2/hook/cmake_prefix_path.ps1'
[1.060s] INFO:colcon.colcon_core.shell:Creating environment descriptor '/home/korey/Desktop/lio-sam_simulation_navigation/install/robot_navigation2/share/robot_navigation2/hook/cmake_prefix_path.dsv'
[1.060s] INFO:colcon.colcon_core.shell:Creating environment hook '/home/korey/Desktop/lio-sam_simulation_navigation/install/robot_navigation2/share/robot_navigation2/hook/cmake_prefix_path.sh'
[1.061s] Level 1:colcon.colcon_core.environment:checking '/home/korey/Desktop/lio-sam_simulation_navigation/install/robot_navigation2/lib'
[1.061s] Level 1:colcon.colcon_core.environment:checking '/home/korey/Desktop/lio-sam_simulation_navigation/install/robot_navigation2/bin'
[1.061s] Level 1:colcon.colcon_core.environment:checking '/home/korey/Desktop/lio-sam_simulation_navigation/install/robot_navigation2/lib/pkgconfig/robot_navigation2.pc'
[1.061s] Level 1:colcon.colcon_core.environment:checking '/home/korey/Desktop/lio-sam_simulation_navigation/install/robot_navigation2/lib/python3.8/site-packages'
[1.061s] Level 1:colcon.colcon_core.shell:create_environment_hook('robot_navigation2', 'pythonpath')
[1.061s] INFO:colcon.colcon_core.shell:Creating environment hook '/home/korey/Desktop/lio-sam_simulation_navigation/install/robot_navigation2/share/robot_navigation2/hook/pythonpath.ps1'
[1.062s] INFO:colcon.colcon_core.shell:Creating environment descriptor '/home/korey/Desktop/lio-sam_simulation_navigation/install/robot_navigation2/share/robot_navigation2/hook/pythonpath.dsv'
[1.062s] INFO:colcon.colcon_core.shell:Creating environment hook '/home/korey/Desktop/lio-sam_simulation_navigation/install/robot_navigation2/share/robot_navigation2/hook/pythonpath.sh'
[1.062s] Level 1:colcon.colcon_core.environment:checking '/home/korey/Desktop/lio-sam_simulation_navigation/install/robot_navigation2/bin'
[1.062s] INFO:colcon.colcon_core.shell:Creating package script '/home/korey/Desktop/lio-sam_simulation_navigation/install/robot_navigation2/share/robot_navigation2/package.ps1'
[1.063s] INFO:colcon.colcon_core.shell:Creating package descriptor '/home/korey/Desktop/lio-sam_simulation_navigation/install/robot_navigation2/share/robot_navigation2/package.dsv'
[1.063s] INFO:colcon.colcon_core.shell:Creating package script '/home/korey/Desktop/lio-sam_simulation_navigation/install/robot_navigation2/share/robot_navigation2/package.sh'
[1.064s] INFO:colcon.colcon_core.shell:Creating package script '/home/korey/Desktop/lio-sam_simulation_navigation/install/robot_navigation2/share/robot_navigation2/package.bash'
[1.064s] INFO:colcon.colcon_core.shell:Creating package script '/home/korey/Desktop/lio-sam_simulation_navigation/install/robot_navigation2/share/robot_navigation2/package.zsh'
[1.064s] Level 1:colcon.colcon_core.environment:create_file_with_runtime_dependencies(/home/korey/Desktop/lio-sam_simulation_navigation/install/robot_navigation2/share/colcon-core/packages/robot_navigation2)
[1.953s] DEBUG:colcon.colcon_core.event_handler.log_command:Invoked command in '/home/korey/Desktop/lio-sam_simulation_navigation/build/pointcloud_to_laserscan' returned '0': CMAKE_PREFIX_PATH=/opt/ros/foxy /home/korey/.local/bin/cmake /home/korey/Desktop/lio-sam_simulation_navigation/src/pointcloud_to_laserscan -DCMAKE_INSTALL_PREFIX=/home/korey/Desktop/lio-sam_simulation_navigation/install/pointcloud_to_laserscan
[1.954s] DEBUG:colcon.colcon_core.event_handler.log_command:Invoking command in '/home/korey/Desktop/lio-sam_simulation_navigation/build/pointcloud_to_laserscan': CMAKE_PREFIX_PATH=/opt/ros/foxy /home/korey/.local/bin/cmake --build /home/korey/Desktop/lio-sam_simulation_navigation/build/pointcloud_to_laserscan -- -j12 -l12
[2.550s] DEBUG:colcon.colcon_core.event_handler.log_command:Invoked command in '/home/korey/Desktop/lio-sam_simulation_navigation/build/robot_bringup' returned '0': CMAKE_PREFIX_PATH=/opt/ros/foxy /home/korey/.local/bin/cmake /home/korey/Desktop/lio-sam_simulation_navigation/src/robot_bringup -DCMAKE_INSTALL_PREFIX=/home/korey/Desktop/lio-sam_simulation_navigation/install/robot_bringup
[2.554s] DEBUG:colcon.colcon_core.event_handler.log_command:Invoking command in '/home/korey/Desktop/lio-sam_simulation_navigation/build/robot_bringup': CMAKE_PREFIX_PATH=/opt/ros/foxy /home/korey/.local/bin/cmake --build /home/korey/Desktop/lio-sam_simulation_navigation/build/robot_bringup -- -j12 -l12
[3.181s] DEBUG:colcon.colcon_core.event_handler.log_command:Invoked command in '/home/korey/Desktop/lio-sam_simulation_navigation/build/pointcloud_downsampling' returned '0': CMAKE_PREFIX_PATH=/opt/ros/foxy /home/korey/.local/bin/cmake /home/korey/Desktop/lio-sam_simulation_navigation/src/pointcloud_downsampling -DCMAKE_INSTALL_PREFIX=/home/korey/Desktop/lio-sam_simulation_navigation/install/pointcloud_downsampling
[3.186s] DEBUG:colcon.colcon_core.event_handler.log_command:Invoking command in '/home/korey/Desktop/lio-sam_simulation_navigation/build/pointcloud_downsampling': CMAKE_PREFIX_PATH=/opt/ros/foxy /home/korey/.local/bin/cmake --build /home/korey/Desktop/lio-sam_simulation_navigation/build/pointcloud_downsampling -- -j12 -l12
[5.111s] DEBUG:colcon.colcon_core.event_handler.log_command:Invoked command in '/home/korey/Desktop/lio-sam_simulation_navigation/build/lio_sam' returned '0': CMAKE_PREFIX_PATH=/opt/ros/foxy /home/korey/.local/bin/cmake /home/korey/Desktop/lio-sam_simulation_navigation/src/LIO-SAM -DCMAKE_INSTALL_PREFIX=/home/korey/Desktop/lio-sam_simulation_navigation/install/lio_sam
[5.116s] DEBUG:colcon.colcon_core.event_handler.log_command:Invoking command in '/home/korey/Desktop/lio-sam_simulation_navigation/build/lio_sam': CMAKE_PREFIX_PATH=/opt/ros/foxy /home/korey/.local/bin/cmake --build /home/korey/Desktop/lio-sam_simulation_navigation/build/lio_sam -- -j12 -l12
[14.612s] DEBUG:colcon.colcon_core.event_handler.log_command:Invoked command in '/home/korey/Desktop/lio-sam_simulation_navigation/build/robot_bringup' returned '0': CMAKE_PREFIX_PATH=/opt/ros/foxy /home/korey/.local/bin/cmake --build /home/korey/Desktop/lio-sam_simulation_navigation/build/robot_bringup -- -j12 -l12
[14.617s] DEBUG:colcon.colcon_core.event_handler.log_command:Invoking command in '/home/korey/Desktop/lio-sam_simulation_navigation/build/robot_bringup': CMAKE_PREFIX_PATH=/opt/ros/foxy /home/korey/.local/bin/cmake --install /home/korey/Desktop/lio-sam_simulation_navigation/build/robot_bringup
[14.678s] Level 1:colcon.colcon_core.environment:create_environment_scripts_only(robot_bringup)
[14.679s] Level 1:colcon.colcon_core.environment:checking '/home/korey/Desktop/lio-sam_simulation_navigation/install/robot_bringup' for CMake module files
[14.680s] Level 1:colcon.colcon_core.environment:checking '/home/korey/Desktop/lio-sam_simulation_navigation/install/robot_bringup' for CMake config files
[14.680s] Level 1:colcon.colcon_core.shell:create_environment_hook('robot_bringup', 'cmake_prefix_path')
[14.680s] INFO:colcon.colcon_core.shell:Creating environment hook '/home/korey/Desktop/lio-sam_simulation_navigation/install/robot_bringup/share/robot_bringup/hook/cmake_prefix_path.ps1'
[14.681s] DEBUG:colcon.colcon_core.event_handler.log_command:Invoked command in '/home/korey/Desktop/lio-sam_simulation_navigation/build/robot_bringup' returned '0': CMAKE_PREFIX_PATH=/opt/ros/foxy /home/korey/.local/bin/cmake --install /home/korey/Desktop/lio-sam_simulation_navigation/build/robot_bringup
[14.682s] INFO:colcon.colcon_core.shell:Creating environment descriptor '/home/korey/Desktop/lio-sam_simulation_navigation/install/robot_bringup/share/robot_bringup/hook/cmake_prefix_path.dsv'
[14.683s] INFO:colcon.colcon_core.shell:Creating environment hook '/home/korey/Desktop/lio-sam_simulation_navigation/install/robot_bringup/share/robot_bringup/hook/cmake_prefix_path.sh'
[14.684s] Level 1:colcon.colcon_core.environment:checking '/home/korey/Desktop/lio-sam_simulation_navigation/install/robot_bringup/lib'
[14.684s] Level 1:colcon.colcon_core.environment:checking '/home/korey/Desktop/lio-sam_simulation_navigation/install/robot_bringup/bin'
[14.684s] Level 1:colcon.colcon_core.environment:checking '/home/korey/Desktop/lio-sam_simulation_navigation/install/robot_bringup/lib/pkgconfig/robot_bringup.pc'
[14.684s] Level 1:colcon.colcon_core.environment:checking '/home/korey/Desktop/lio-sam_simulation_navigation/install/robot_bringup/lib/python3.8/site-packages'
[14.685s] Level 1:colcon.colcon_core.environment:checking '/home/korey/Desktop/lio-sam_simulation_navigation/install/robot_bringup/bin'
[14.685s] INFO:colcon.colcon_core.shell:Creating package script '/home/korey/Desktop/lio-sam_simulation_navigation/install/robot_bringup/share/robot_bringup/package.ps1'
[14.686s] INFO:colcon.colcon_core.shell:Creating package descriptor '/home/korey/Desktop/lio-sam_simulation_navigation/install/robot_bringup/share/robot_bringup/package.dsv'
[14.686s] INFO:colcon.colcon_core.shell:Creating package script '/home/korey/Desktop/lio-sam_simulation_navigation/install/robot_bringup/share/robot_bringup/package.sh'
[14.687s] INFO:colcon.colcon_core.shell:Creating package script '/home/korey/Desktop/lio-sam_simulation_navigation/install/robot_bringup/share/robot_bringup/package.bash'
[14.688s] INFO:colcon.colcon_core.shell:Creating package script '/home/korey/Desktop/lio-sam_simulation_navigation/install/robot_bringup/share/robot_bringup/package.zsh'
[14.688s] Level 1:colcon.colcon_core.environment:create_file_with_runtime_dependencies(/home/korey/Desktop/lio-sam_simulation_navigation/install/robot_bringup/share/colcon-core/packages/robot_bringup)
[14.689s] Level 1:colcon.colcon_core.environment:create_environment_scripts_only(robot_bringup)
[14.689s] Level 1:colcon.colcon_core.environment:checking '/home/korey/Desktop/lio-sam_simulation_navigation/install/robot_bringup' for CMake module files
[14.690s] Level 1:colcon.colcon_core.environment:checking '/home/korey/Desktop/lio-sam_simulation_navigation/install/robot_bringup' for CMake config files
[14.690s] Level 1:colcon.colcon_core.shell:create_environment_hook('robot_bringup', 'cmake_prefix_path')
[14.690s] INFO:colcon.colcon_core.shell:Creating environment hook '/home/korey/Desktop/lio-sam_simulation_navigation/install/robot_bringup/share/robot_bringup/hook/cmake_prefix_path.ps1'
[14.691s] INFO:colcon.colcon_core.shell:Creating environment descriptor '/home/korey/Desktop/lio-sam_simulation_navigation/install/robot_bringup/share/robot_bringup/hook/cmake_prefix_path.dsv'
[14.691s] INFO:colcon.colcon_core.shell:Creating environment hook '/home/korey/Desktop/lio-sam_simulation_navigation/install/robot_bringup/share/robot_bringup/hook/cmake_prefix_path.sh'
[14.692s] Level 1:colcon.colcon_core.environment:checking '/home/korey/Desktop/lio-sam_simulation_navigation/install/robot_bringup/lib'
[14.692s] Level 1:colcon.colcon_core.environment:checking '/home/korey/Desktop/lio-sam_simulation_navigation/install/robot_bringup/bin'
[14.692s] Level 1:colcon.colcon_core.environment:checking '/home/korey/Desktop/lio-sam_simulation_navigation/install/robot_bringup/lib/pkgconfig/robot_bringup.pc'
[14.692s] Level 1:colcon.colcon_core.environment:checking '/home/korey/Desktop/lio-sam_simulation_navigation/install/robot_bringup/lib/python3.8/site-packages'
[14.692s] Level 1:colcon.colcon_core.environment:checking '/home/korey/Desktop/lio-sam_simulation_navigation/install/robot_bringup/bin'
[14.693s] INFO:colcon.colcon_core.shell:Creating package script '/home/korey/Desktop/lio-sam_simulation_navigation/install/robot_bringup/share/robot_bringup/package.ps1'
[14.694s] INFO:colcon.colcon_core.shell:Creating package descriptor '/home/korey/Desktop/lio-sam_simulation_navigation/install/robot_bringup/share/robot_bringup/package.dsv'
[14.694s] INFO:colcon.colcon_core.shell:Creating package script '/home/korey/Desktop/lio-sam_simulation_navigation/install/robot_bringup/share/robot_bringup/package.sh'
[14.694s] INFO:colcon.colcon_core.shell:Creating package script '/home/korey/Desktop/lio-sam_simulation_navigation/install/robot_bringup/share/robot_bringup/package.bash'
[14.695s] INFO:colcon.colcon_core.shell:Creating package script '/home/korey/Desktop/lio-sam_simulation_navigation/install/robot_bringup/share/robot_bringup/package.zsh'
[14.695s] Level 1:colcon.colcon_core.environment:create_file_with_runtime_dependencies(/home/korey/Desktop/lio-sam_simulation_navigation/install/robot_bringup/share/colcon-core/packages/robot_bringup)
[16.287s] DEBUG:colcon.colcon_core.event_handler.log_command:Invoked command in '/home/korey/Desktop/lio-sam_simulation_navigation/build/pointcloud_downsampling' returned '0': CMAKE_PREFIX_PATH=/opt/ros/foxy /home/korey/.local/bin/cmake --build /home/korey/Desktop/lio-sam_simulation_navigation/build/pointcloud_downsampling -- -j12 -l12
[16.291s] DEBUG:colcon.colcon_core.event_handler.log_command:Invoking command in '/home/korey/Desktop/lio-sam_simulation_navigation/build/pointcloud_downsampling': CMAKE_PREFIX_PATH=/opt/ros/foxy /home/korey/.local/bin/cmake --install /home/korey/Desktop/lio-sam_simulation_navigation/build/pointcloud_downsampling
[16.341s] Level 1:colcon.colcon_core.environment:create_environment_scripts_only(pointcloud_downsampling)
[16.341s] Level 1:colcon.colcon_core.environment:checking '/home/korey/Desktop/lio-sam_simulation_navigation/install/pointcloud_downsampling' for CMake module files
[16.342s] DEBUG:colcon.colcon_core.event_handler.log_command:Invoked command in '/home/korey/Desktop/lio-sam_simulation_navigation/build/pointcloud_downsampling' returned '0': CMAKE_PREFIX_PATH=/opt/ros/foxy /home/korey/.local/bin/cmake --install /home/korey/Desktop/lio-sam_simulation_navigation/build/pointcloud_downsampling
[16.343s] Level 1:colcon.colcon_core.environment:checking '/home/korey/Desktop/lio-sam_simulation_navigation/install/pointcloud_downsampling' for CMake config files
[16.343s] Level 1:colcon.colcon_core.shell:create_environment_hook('pointcloud_downsampling', 'cmake_prefix_path')
[16.343s] INFO:colcon.colcon_core.shell:Creating environment hook '/home/korey/Desktop/lio-sam_simulation_navigation/install/pointcloud_downsampling/share/pointcloud_downsampling/hook/cmake_prefix_path.ps1'
[16.344s] INFO:colcon.colcon_core.shell:Creating environment descriptor '/home/korey/Desktop/lio-sam_simulation_navigation/install/pointcloud_downsampling/share/pointcloud_downsampling/hook/cmake_prefix_path.dsv'
[16.344s] INFO:colcon.colcon_core.shell:Creating environment hook '/home/korey/Desktop/lio-sam_simulation_navigation/install/pointcloud_downsampling/share/pointcloud_downsampling/hook/cmake_prefix_path.sh'
[16.345s] Level 1:colcon.colcon_core.environment:checking '/home/korey/Desktop/lio-sam_simulation_navigation/install/pointcloud_downsampling/lib'
[16.345s] Level 1:colcon.colcon_core.shell:create_environment_hook('pointcloud_downsampling', 'ld_library_path_lib')
[16.345s] INFO:colcon.colcon_core.shell:Creating environment hook '/home/korey/Desktop/lio-sam_simulation_navigation/install/pointcloud_downsampling/share/pointcloud_downsampling/hook/ld_library_path_lib.ps1'
[16.346s] INFO:colcon.colcon_core.shell:Creating environment descriptor '/home/korey/Desktop/lio-sam_simulation_navigation/install/pointcloud_downsampling/share/pointcloud_downsampling/hook/ld_library_path_lib.dsv'
[16.346s] INFO:colcon.colcon_core.shell:Creating environment hook '/home/korey/Desktop/lio-sam_simulation_navigation/install/pointcloud_downsampling/share/pointcloud_downsampling/hook/ld_library_path_lib.sh'
[16.346s] Level 1:colcon.colcon_core.environment:checking '/home/korey/Desktop/lio-sam_simulation_navigation/install/pointcloud_downsampling/bin'
[16.346s] Level 1:colcon.colcon_core.environment:checking '/home/korey/Desktop/lio-sam_simulation_navigation/install/pointcloud_downsampling/lib/pkgconfig/pointcloud_downsampling.pc'
[16.347s] Level 1:colcon.colcon_core.environment:checking '/home/korey/Desktop/lio-sam_simulation_navigation/install/pointcloud_downsampling/lib/python3.8/site-packages'
[16.347s] Level 1:colcon.colcon_core.environment:checking '/home/korey/Desktop/lio-sam_simulation_navigation/install/pointcloud_downsampling/bin'
[16.347s] INFO:colcon.colcon_core.shell:Creating package script '/home/korey/Desktop/lio-sam_simulation_navigation/install/pointcloud_downsampling/share/pointcloud_downsampling/package.ps1'
[16.348s] INFO:colcon.colcon_core.shell:Creating package descriptor '/home/korey/Desktop/lio-sam_simulation_navigation/install/pointcloud_downsampling/share/pointcloud_downsampling/package.dsv'
[16.348s] INFO:colcon.colcon_core.shell:Creating package script '/home/korey/Desktop/lio-sam_simulation_navigation/install/pointcloud_downsampling/share/pointcloud_downsampling/package.sh'
[16.349s] INFO:colcon.colcon_core.shell:Creating package script '/home/korey/Desktop/lio-sam_simulation_navigation/install/pointcloud_downsampling/share/pointcloud_downsampling/package.bash'
[16.349s] INFO:colcon.colcon_core.shell:Creating package script '/home/korey/Desktop/lio-sam_simulation_navigation/install/pointcloud_downsampling/share/pointcloud_downsampling/package.zsh'
[16.350s] Level 1:colcon.colcon_core.environment:create_file_with_runtime_dependencies(/home/korey/Desktop/lio-sam_simulation_navigation/install/pointcloud_downsampling/share/colcon-core/packages/pointcloud_downsampling)
[16.350s] Level 1:colcon.colcon_core.environment:create_environment_scripts_only(pointcloud_downsampling)
[16.351s] Level 1:colcon.colcon_core.environment:checking '/home/korey/Desktop/lio-sam_simulation_navigation/install/pointcloud_downsampling' for CMake module files
[16.351s] Level 1:colcon.colcon_core.environment:checking '/home/korey/Desktop/lio-sam_simulation_navigation/install/pointcloud_downsampling' for CMake config files
[16.351s] Level 1:colcon.colcon_core.shell:create_environment_hook('pointcloud_downsampling', 'cmake_prefix_path')
[16.352s] INFO:colcon.colcon_core.shell:Creating environment hook '/home/korey/Desktop/lio-sam_simulation_navigation/install/pointcloud_downsampling/share/pointcloud_downsampling/hook/cmake_prefix_path.ps1'
[16.352s] INFO:colcon.colcon_core.shell:Creating environment descriptor '/home/korey/Desktop/lio-sam_simulation_navigation/install/pointcloud_downsampling/share/pointcloud_downsampling/hook/cmake_prefix_path.dsv'
[16.352s] INFO:colcon.colcon_core.shell:Creating environment hook '/home/korey/Desktop/lio-sam_simulation_navigation/install/pointcloud_downsampling/share/pointcloud_downsampling/hook/cmake_prefix_path.sh'
[16.353s] Level 1:colcon.colcon_core.environment:checking '/home/korey/Desktop/lio-sam_simulation_navigation/install/pointcloud_downsampling/lib'
[16.353s] Level 1:colcon.colcon_core.shell:create_environment_hook('pointcloud_downsampling', 'ld_library_path_lib')
[16.353s] INFO:colcon.colcon_core.shell:Creating environment hook '/home/korey/Desktop/lio-sam_simulation_navigation/install/pointcloud_downsampling/share/pointcloud_downsampling/hook/ld_library_path_lib.ps1'
[16.354s] INFO:colcon.colcon_core.shell:Creating environment descriptor '/home/korey/Desktop/lio-sam_simulation_navigation/install/pointcloud_downsampling/share/pointcloud_downsampling/hook/ld_library_path_lib.dsv'
[16.354s] INFO:colcon.colcon_core.shell:Creating environment hook '/home/korey/Desktop/lio-sam_simulation_navigation/install/pointcloud_downsampling/share/pointcloud_downsampling/hook/ld_library_path_lib.sh'
[16.354s] Level 1:colcon.colcon_core.environment:checking '/home/korey/Desktop/lio-sam_simulation_navigation/install/pointcloud_downsampling/bin'
[16.354s] Level 1:colcon.colcon_core.environment:checking '/home/korey/Desktop/lio-sam_simulation_navigation/install/pointcloud_downsampling/lib/pkgconfig/pointcloud_downsampling.pc'
[16.355s] Level 1:colcon.colcon_core.environment:checking '/home/korey/Desktop/lio-sam_simulation_navigation/install/pointcloud_downsampling/lib/python3.8/site-packages'
[16.355s] Level 1:colcon.colcon_core.environment:checking '/home/korey/Desktop/lio-sam_simulation_navigation/install/pointcloud_downsampling/bin'
[16.355s] INFO:colcon.colcon_core.shell:Creating package script '/home/korey/Desktop/lio-sam_simulation_navigation/install/pointcloud_downsampling/share/pointcloud_downsampling/package.ps1'
[16.356s] INFO:colcon.colcon_core.shell:Creating package descriptor '/home/korey/Desktop/lio-sam_simulation_navigation/install/pointcloud_downsampling/share/pointcloud_downsampling/package.dsv'
[16.356s] INFO:colcon.colcon_core.shell:Creating package script '/home/korey/Desktop/lio-sam_simulation_navigation/install/pointcloud_downsampling/share/pointcloud_downsampling/package.sh'
[16.357s] INFO:colcon.colcon_core.shell:Creating package script '/home/korey/Desktop/lio-sam_simulation_navigation/install/pointcloud_downsampling/share/pointcloud_downsampling/package.bash'
[16.358s] INFO:colcon.colcon_core.shell:Creating package script '/home/korey/Desktop/lio-sam_simulation_navigation/install/pointcloud_downsampling/share/pointcloud_downsampling/package.zsh'
[16.358s] Level 1:colcon.colcon_core.environment:create_file_with_runtime_dependencies(/home/korey/Desktop/lio-sam_simulation_navigation/install/pointcloud_downsampling/share/colcon-core/packages/pointcloud_downsampling)
[29.552s] DEBUG:colcon.colcon_core.event_handler.log_command:Invoked command in '/home/korey/Desktop/lio-sam_simulation_navigation/build/pointcloud_to_laserscan' returned '0': CMAKE_PREFIX_PATH=/opt/ros/foxy /home/korey/.local/bin/cmake --build /home/korey/Desktop/lio-sam_simulation_navigation/build/pointcloud_to_laserscan -- -j12 -l12
[29.557s] DEBUG:colcon.colcon_core.event_handler.log_command:Invoking command in '/home/korey/Desktop/lio-sam_simulation_navigation/build/pointcloud_to_laserscan': CMAKE_PREFIX_PATH=/opt/ros/foxy /home/korey/.local/bin/cmake --install /home/korey/Desktop/lio-sam_simulation_navigation/build/pointcloud_to_laserscan
[29.618s] Level 1:colcon.colcon_core.environment:create_environment_scripts_only(pointcloud_to_laserscan)
[29.619s] Level 1:colcon.colcon_core.environment:checking '/home/korey/Desktop/lio-sam_simulation_navigation/install/pointcloud_to_laserscan' for CMake module files
[29.620s] DEBUG:colcon.colcon_core.event_handler.log_command:Invoked command in '/home/korey/Desktop/lio-sam_simulation_navigation/build/pointcloud_to_laserscan' returned '0': CMAKE_PREFIX_PATH=/opt/ros/foxy /home/korey/.local/bin/cmake --install /home/korey/Desktop/lio-sam_simulation_navigation/build/pointcloud_to_laserscan
[29.620s] Level 1:colcon.colcon_core.environment:checking '/home/korey/Desktop/lio-sam_simulation_navigation/install/pointcloud_to_laserscan' for CMake config files
[29.620s] Level 1:colcon.colcon_core.shell:create_environment_hook('pointcloud_to_laserscan', 'cmake_prefix_path')
[29.621s] INFO:colcon.colcon_core.shell:Creating environment hook '/home/korey/Desktop/lio-sam_simulation_navigation/install/pointcloud_to_laserscan/share/pointcloud_to_laserscan/hook/cmake_prefix_path.ps1'
[29.621s] INFO:colcon.colcon_core.shell:Creating environment descriptor '/home/korey/Desktop/lio-sam_simulation_navigation/install/pointcloud_to_laserscan/share/pointcloud_to_laserscan/hook/cmake_prefix_path.dsv'
[29.622s] INFO:colcon.colcon_core.shell:Creating environment hook '/home/korey/Desktop/lio-sam_simulation_navigation/install/pointcloud_to_laserscan/share/pointcloud_to_laserscan/hook/cmake_prefix_path.sh'
[29.622s] Level 1:colcon.colcon_core.environment:checking '/home/korey/Desktop/lio-sam_simulation_navigation/install/pointcloud_to_laserscan/lib'
[29.622s] Level 1:colcon.colcon_core.shell:create_environment_hook('pointcloud_to_laserscan', 'ld_library_path_lib')
[29.623s] INFO:colcon.colcon_core.shell:Creating environment hook '/home/korey/Desktop/lio-sam_simulation_navigation/install/pointcloud_to_laserscan/share/pointcloud_to_laserscan/hook/ld_library_path_lib.ps1'
[29.623s] INFO:colcon.colcon_core.shell:Creating environment descriptor '/home/korey/Desktop/lio-sam_simulation_navigation/install/pointcloud_to_laserscan/share/pointcloud_to_laserscan/hook/ld_library_path_lib.dsv'
[29.623s] INFO:colcon.colcon_core.shell:Creating environment hook '/home/korey/Desktop/lio-sam_simulation_navigation/install/pointcloud_to_laserscan/share/pointcloud_to_laserscan/hook/ld_library_path_lib.sh'
[29.624s] Level 1:colcon.colcon_core.environment:checking '/home/korey/Desktop/lio-sam_simulation_navigation/install/pointcloud_to_laserscan/bin'
[29.624s] Level 1:colcon.colcon_core.environment:checking '/home/korey/Desktop/lio-sam_simulation_navigation/install/pointcloud_to_laserscan/lib/pkgconfig/pointcloud_to_laserscan.pc'
[29.624s] Level 1:colcon.colcon_core.environment:checking '/home/korey/Desktop/lio-sam_simulation_navigation/install/pointcloud_to_laserscan/lib/python3.8/site-packages'
[29.624s] Level 1:colcon.colcon_core.environment:checking '/home/korey/Desktop/lio-sam_simulation_navigation/install/pointcloud_to_laserscan/bin'
[29.625s] INFO:colcon.colcon_core.shell:Creating package script '/home/korey/Desktop/lio-sam_simulation_navigation/install/pointcloud_to_laserscan/share/pointcloud_to_laserscan/package.ps1'
[29.625s] INFO:colcon.colcon_core.shell:Creating package descriptor '/home/korey/Desktop/lio-sam_simulation_navigation/install/pointcloud_to_laserscan/share/pointcloud_to_laserscan/package.dsv'
[29.626s] INFO:colcon.colcon_core.shell:Creating package script '/home/korey/Desktop/lio-sam_simulation_navigation/install/pointcloud_to_laserscan/share/pointcloud_to_laserscan/package.sh'
[29.626s] INFO:colcon.colcon_core.shell:Creating package script '/home/korey/Desktop/lio-sam_simulation_navigation/install/pointcloud_to_laserscan/share/pointcloud_to_laserscan/package.bash'
[29.627s] INFO:colcon.colcon_core.shell:Creating package script '/home/korey/Desktop/lio-sam_simulation_navigation/install/pointcloud_to_laserscan/share/pointcloud_to_laserscan/package.zsh'
[29.627s] Level 1:colcon.colcon_core.environment:create_file_with_runtime_dependencies(/home/korey/Desktop/lio-sam_simulation_navigation/install/pointcloud_to_laserscan/share/colcon-core/packages/pointcloud_to_laserscan)
[29.628s] Level 1:colcon.colcon_core.environment:create_environment_scripts_only(pointcloud_to_laserscan)
[29.628s] Level 1:colcon.colcon_core.environment:checking '/home/korey/Desktop/lio-sam_simulation_navigation/install/pointcloud_to_laserscan' for CMake module files
[29.628s] Level 1:colcon.colcon_core.environment:checking '/home/korey/Desktop/lio-sam_simulation_navigation/install/pointcloud_to_laserscan' for CMake config files
[29.629s] Level 1:colcon.colcon_core.shell:create_environment_hook('pointcloud_to_laserscan', 'cmake_prefix_path')
[29.629s] INFO:colcon.colcon_core.shell:Creating environment hook '/home/korey/Desktop/lio-sam_simulation_navigation/install/pointcloud_to_laserscan/share/pointcloud_to_laserscan/hook/cmake_prefix_path.ps1'
[29.630s] INFO:colcon.colcon_core.shell:Creating environment descriptor '/home/korey/Desktop/lio-sam_simulation_navigation/install/pointcloud_to_laserscan/share/pointcloud_to_laserscan/hook/cmake_prefix_path.dsv'
[29.630s] INFO:colcon.colcon_core.shell:Creating environment hook '/home/korey/Desktop/lio-sam_simulation_navigation/install/pointcloud_to_laserscan/share/pointcloud_to_laserscan/hook/cmake_prefix_path.sh'
[29.630s] Level 1:colcon.colcon_core.environment:checking '/home/korey/Desktop/lio-sam_simulation_navigation/install/pointcloud_to_laserscan/lib'
[29.631s] Level 1:colcon.colcon_core.shell:create_environment_hook('pointcloud_to_laserscan', 'ld_library_path_lib')
[29.631s] INFO:colcon.colcon_core.shell:Creating environment hook '/home/korey/Desktop/lio-sam_simulation_navigation/install/pointcloud_to_laserscan/share/pointcloud_to_laserscan/hook/ld_library_path_lib.ps1'
[29.631s] INFO:colcon.colcon_core.shell:Creating environment descriptor '/home/korey/Desktop/lio-sam_simulation_navigation/install/pointcloud_to_laserscan/share/pointcloud_to_laserscan/hook/ld_library_path_lib.dsv'
[29.631s] INFO:colcon.colcon_core.shell:Creating environment hook '/home/korey/Desktop/lio-sam_simulation_navigation/install/pointcloud_to_laserscan/share/pointcloud_to_laserscan/hook/ld_library_path_lib.sh'
[29.632s] Level 1:colcon.colcon_core.environment:checking '/home/korey/Desktop/lio-sam_simulation_navigation/install/pointcloud_to_laserscan/bin'
[29.632s] Level 1:colcon.colcon_core.environment:checking '/home/korey/Desktop/lio-sam_simulation_navigation/install/pointcloud_to_laserscan/lib/pkgconfig/pointcloud_to_laserscan.pc'
[29.632s] Level 1:colcon.colcon_core.environment:checking '/home/korey/Desktop/lio-sam_simulation_navigation/install/pointcloud_to_laserscan/lib/python3.8/site-packages'
[29.632s] Level 1:colcon.colcon_core.environment:checking '/home/korey/Desktop/lio-sam_simulation_navigation/install/pointcloud_to_laserscan/bin'
[29.633s] INFO:colcon.colcon_core.shell:Creating package script '/home/korey/Desktop/lio-sam_simulation_navigation/install/pointcloud_to_laserscan/share/pointcloud_to_laserscan/package.ps1'
[29.634s] INFO:colcon.colcon_core.shell:Creating package descriptor '/home/korey/Desktop/lio-sam_simulation_navigation/install/pointcloud_to_laserscan/share/pointcloud_to_laserscan/package.dsv'
[29.634s] INFO:colcon.colcon_core.shell:Creating package script '/home/korey/Desktop/lio-sam_simulation_navigation/install/pointcloud_to_laserscan/share/pointcloud_to_laserscan/package.sh'
[29.635s] INFO:colcon.colcon_core.shell:Creating package script '/home/korey/Desktop/lio-sam_simulation_navigation/install/pointcloud_to_laserscan/share/pointcloud_to_laserscan/package.bash'
[29.635s] INFO:colcon.colcon_core.shell:Creating package script '/home/korey/Desktop/lio-sam_simulation_navigation/install/pointcloud_to_laserscan/share/pointcloud_to_laserscan/package.zsh'
[29.636s] Level 1:colcon.colcon_core.environment:create_file_with_runtime_dependencies(/home/korey/Desktop/lio-sam_simulation_navigation/install/pointcloud_to_laserscan/share/colcon-core/packages/pointcloud_to_laserscan)
[62.547s] DEBUG:colcon.colcon_core.event_handler.log_command:Invoked command in '/home/korey/Desktop/lio-sam_simulation_navigation/build/lio_sam' returned '0': CMAKE_PREFIX_PATH=/opt/ros/foxy /home/korey/.local/bin/cmake --build /home/korey/Desktop/lio-sam_simulation_navigation/build/lio_sam -- -j12 -l12
[62.552s] DEBUG:colcon.colcon_core.event_handler.log_command:Invoking command in '/home/korey/Desktop/lio-sam_simulation_navigation/build/lio_sam': CMAKE_PREFIX_PATH=/opt/ros/foxy /home/korey/.local/bin/cmake --install /home/korey/Desktop/lio-sam_simulation_navigation/build/lio_sam
[62.786s] Level 1:colcon.colcon_core.environment:create_environment_scripts_only(lio_sam)
[62.787s] Level 1:colcon.colcon_core.environment:checking '/home/korey/Desktop/lio-sam_simulation_navigation/install/lio_sam' for CMake module files
[62.788s] DEBUG:colcon.colcon_core.event_handler.log_command:Invoked command in '/home/korey/Desktop/lio-sam_simulation_navigation/build/lio_sam' returned '0': CMAKE_PREFIX_PATH=/opt/ros/foxy /home/korey/.local/bin/cmake --install /home/korey/Desktop/lio-sam_simulation_navigation/build/lio_sam
[62.789s] Level 1:colcon.colcon_core.environment:checking '/home/korey/Desktop/lio-sam_simulation_navigation/install/lio_sam' for CMake config files
[62.790s] Level 1:colcon.colcon_core.shell:create_environment_hook('lio_sam', 'cmake_prefix_path')
[62.790s] INFO:colcon.colcon_core.shell:Creating environment hook '/home/korey/Desktop/lio-sam_simulation_navigation/install/lio_sam/share/lio_sam/hook/cmake_prefix_path.ps1'
[62.791s] INFO:colcon.colcon_core.shell:Creating environment descriptor '/home/korey/Desktop/lio-sam_simulation_navigation/install/lio_sam/share/lio_sam/hook/cmake_prefix_path.dsv'
[62.792s] INFO:colcon.colcon_core.shell:Creating environment hook '/home/korey/Desktop/lio-sam_simulation_navigation/install/lio_sam/share/lio_sam/hook/cmake_prefix_path.sh'
[62.792s] Level 1:colcon.colcon_core.environment:checking '/home/korey/Desktop/lio-sam_simulation_navigation/install/lio_sam/lib'
[62.792s] Level 1:colcon.colcon_core.shell:create_environment_hook('lio_sam', 'ld_library_path_lib')
[62.793s] INFO:colcon.colcon_core.shell:Creating environment hook '/home/korey/Desktop/lio-sam_simulation_navigation/install/lio_sam/share/lio_sam/hook/ld_library_path_lib.ps1'
[62.793s] INFO:colcon.colcon_core.shell:Creating environment descriptor '/home/korey/Desktop/lio-sam_simulation_navigation/install/lio_sam/share/lio_sam/hook/ld_library_path_lib.dsv'
[62.793s] INFO:colcon.colcon_core.shell:Creating environment hook '/home/korey/Desktop/lio-sam_simulation_navigation/install/lio_sam/share/lio_sam/hook/ld_library_path_lib.sh'
[62.794s] Level 1:colcon.colcon_core.environment:checking '/home/korey/Desktop/lio-sam_simulation_navigation/install/lio_sam/bin'
[62.794s] Level 1:colcon.colcon_core.environment:checking '/home/korey/Desktop/lio-sam_simulation_navigation/install/lio_sam/lib/pkgconfig/lio_sam.pc'
[62.794s] Level 1:colcon.colcon_core.environment:checking '/home/korey/Desktop/lio-sam_simulation_navigation/install/lio_sam/lib/python3.8/site-packages'
[62.794s] Level 1:colcon.colcon_core.shell:create_environment_hook('lio_sam', 'pythonpath')
[62.794s] INFO:colcon.colcon_core.shell:Creating environment hook '/home/korey/Desktop/lio-sam_simulation_navigation/install/lio_sam/share/lio_sam/hook/pythonpath.ps1'
[62.795s] INFO:colcon.colcon_core.shell:Creating environment descriptor '/home/korey/Desktop/lio-sam_simulation_navigation/install/lio_sam/share/lio_sam/hook/pythonpath.dsv'
[62.795s] INFO:colcon.colcon_core.shell:Creating environment hook '/home/korey/Desktop/lio-sam_simulation_navigation/install/lio_sam/share/lio_sam/hook/pythonpath.sh'
[62.796s] Level 1:colcon.colcon_core.environment:checking '/home/korey/Desktop/lio-sam_simulation_navigation/install/lio_sam/bin'
[62.796s] INFO:colcon.colcon_core.shell:Creating package script '/home/korey/Desktop/lio-sam_simulation_navigation/install/lio_sam/share/lio_sam/package.ps1'
[62.797s] INFO:colcon.colcon_core.shell:Creating package descriptor '/home/korey/Desktop/lio-sam_simulation_navigation/install/lio_sam/share/lio_sam/package.dsv'
[62.797s] INFO:colcon.colcon_core.shell:Creating package script '/home/korey/Desktop/lio-sam_simulation_navigation/install/lio_sam/share/lio_sam/package.sh'
[62.798s] INFO:colcon.colcon_core.shell:Creating package script '/home/korey/Desktop/lio-sam_simulation_navigation/install/lio_sam/share/lio_sam/package.bash'
[62.798s] INFO:colcon.colcon_core.shell:Creating package script '/home/korey/Desktop/lio-sam_simulation_navigation/install/lio_sam/share/lio_sam/package.zsh'
[62.798s] Level 1:colcon.colcon_core.environment:create_file_with_runtime_dependencies(/home/korey/Desktop/lio-sam_simulation_navigation/install/lio_sam/share/colcon-core/packages/lio_sam)
[62.799s] Level 1:colcon.colcon_core.environment:create_environment_scripts_only(lio_sam)
[62.800s] Level 1:colcon.colcon_core.environment:checking '/home/korey/Desktop/lio-sam_simulation_navigation/install/lio_sam' for CMake module files
[62.800s] Level 1:colcon.colcon_core.environment:checking '/home/korey/Desktop/lio-sam_simulation_navigation/install/lio_sam' for CMake config files
[62.801s] Level 1:colcon.colcon_core.shell:create_environment_hook('lio_sam', 'cmake_prefix_path')
[62.801s] INFO:colcon.colcon_core.shell:Creating environment hook '/home/korey/Desktop/lio-sam_simulation_navigation/install/lio_sam/share/lio_sam/hook/cmake_prefix_path.ps1'
[62.801s] INFO:colcon.colcon_core.shell:Creating environment descriptor '/home/korey/Desktop/lio-sam_simulation_navigation/install/lio_sam/share/lio_sam/hook/cmake_prefix_path.dsv'
[62.802s] INFO:colcon.colcon_core.shell:Creating environment hook '/home/korey/Desktop/lio-sam_simulation_navigation/install/lio_sam/share/lio_sam/hook/cmake_prefix_path.sh'
[62.802s] Level 1:colcon.colcon_core.environment:checking '/home/korey/Desktop/lio-sam_simulation_navigation/install/lio_sam/lib'
[62.802s] Level 1:colcon.colcon_core.shell:create_environment_hook('lio_sam', 'ld_library_path_lib')
[62.802s] INFO:colcon.colcon_core.shell:Creating environment hook '/home/korey/Desktop/lio-sam_simulation_navigation/install/lio_sam/share/lio_sam/hook/ld_library_path_lib.ps1'
[62.802s] INFO:colcon.colcon_core.shell:Creating environment descriptor '/home/korey/Desktop/lio-sam_simulation_navigation/install/lio_sam/share/lio_sam/hook/ld_library_path_lib.dsv'
[62.803s] INFO:colcon.colcon_core.shell:Creating environment hook '/home/korey/Desktop/lio-sam_simulation_navigation/install/lio_sam/share/lio_sam/hook/ld_library_path_lib.sh'
[62.803s] Level 1:colcon.colcon_core.environment:checking '/home/korey/Desktop/lio-sam_simulation_navigation/install/lio_sam/bin'
[62.803s] Level 1:colcon.colcon_core.environment:checking '/home/korey/Desktop/lio-sam_simulation_navigation/install/lio_sam/lib/pkgconfig/lio_sam.pc'
[62.803s] Level 1:colcon.colcon_core.environment:checking '/home/korey/Desktop/lio-sam_simulation_navigation/install/lio_sam/lib/python3.8/site-packages'
[62.803s] Level 1:colcon.colcon_core.shell:create_environment_hook('lio_sam', 'pythonpath')
[62.804s] INFO:colcon.colcon_core.shell:Creating environment hook '/home/korey/Desktop/lio-sam_simulation_navigation/install/lio_sam/share/lio_sam/hook/pythonpath.ps1'
[62.804s] INFO:colcon.colcon_core.shell:Creating environment descriptor '/home/korey/Desktop/lio-sam_simulation_navigation/install/lio_sam/share/lio_sam/hook/pythonpath.dsv'
[62.804s] INFO:colcon.colcon_core.shell:Creating environment hook '/home/korey/Desktop/lio-sam_simulation_navigation/install/lio_sam/share/lio_sam/hook/pythonpath.sh'
[62.804s] Level 1:colcon.colcon_core.environment:checking '/home/korey/Desktop/lio-sam_simulation_navigation/install/lio_sam/bin'
[62.805s] INFO:colcon.colcon_core.shell:Creating package script '/home/korey/Desktop/lio-sam_simulation_navigation/install/lio_sam/share/lio_sam/package.ps1'
[62.805s] INFO:colcon.colcon_core.shell:Creating package descriptor '/home/korey/Desktop/lio-sam_simulation_navigation/install/lio_sam/share/lio_sam/package.dsv'
[62.806s] INFO:colcon.colcon_core.shell:Creating package script '/home/korey/Desktop/lio-sam_simulation_navigation/install/lio_sam/share/lio_sam/package.sh'
[62.806s] INFO:colcon.colcon_core.shell:Creating package script '/home/korey/Desktop/lio-sam_simulation_navigation/install/lio_sam/share/lio_sam/package.bash'
[62.806s] INFO:colcon.colcon_core.shell:Creating package script '/home/korey/Desktop/lio-sam_simulation_navigation/install/lio_sam/share/lio_sam/package.zsh'
[62.807s] Level 1:colcon.colcon_core.environment:create_file_with_runtime_dependencies(/home/korey/Desktop/lio-sam_simulation_navigation/install/lio_sam/share/colcon-core/packages/lio_sam)
[62.807s] DEBUG:colcon.colcon_parallel_executor.executor.parallel:closing loop
[62.807s] DEBUG:colcon.colcon_parallel_executor.executor.parallel:loop closed
[62.807s] DEBUG:colcon.colcon_parallel_executor.executor.parallel:run_until_complete finished with '0'
[62.807s] DEBUG:colcon.colcon_core.event_reactor:joining thread
[62.822s] INFO:colcon.colcon_core.plugin_system:Skipping extension 'colcon_notification.desktop_notification.terminal_notifier': Not used on non-Darwin systems
[62.822s] INFO:colcon.colcon_core.plugin_system:Skipping extension 'colcon_notification.desktop_notification.win32': Not used on non-Windows systems
[62.822s] INFO:colcon.colcon_notification.desktop_notification:Sending desktop notification using 'notify2'
[62.843s] DEBUG:colcon.colcon_core.event_reactor:joined thread
[62.844s] INFO:colcon.colcon_core.shell:Creating prefix script '/home/korey/Desktop/lio-sam_simulation_navigation/install/local_setup.ps1'
[62.846s] INFO:colcon.colcon_core.shell:Creating prefix util module '/home/korey/Desktop/lio-sam_simulation_navigation/install/_local_setup_util_ps1.py'
[62.847s] INFO:colcon.colcon_core.shell:Creating prefix chain script '/home/korey/Desktop/lio-sam_simulation_navigation/install/setup.ps1'
[62.849s] INFO:colcon.colcon_core.shell:Creating prefix script '/home/korey/Desktop/lio-sam_simulation_navigation/install/local_setup.sh'
[62.850s] INFO:colcon.colcon_core.shell:Creating prefix util module '/home/korey/Desktop/lio-sam_simulation_navigation/install/_local_setup_util_sh.py'
[62.850s] INFO:colcon.colcon_core.shell:Creating prefix chain script '/home/korey/Desktop/lio-sam_simulation_navigation/install/setup.sh'
[62.851s] INFO:colcon.colcon_core.shell:Creating prefix script '/home/korey/Desktop/lio-sam_simulation_navigation/install/local_setup.bash'
[62.852s] INFO:colcon.colcon_core.shell:Creating prefix chain script '/home/korey/Desktop/lio-sam_simulation_navigation/install/setup.bash'
[62.853s] INFO:colcon.colcon_core.shell:Creating prefix script '/home/korey/Desktop/lio-sam_simulation_navigation/install/local_setup.zsh'
[62.854s] INFO:colcon.colcon_core.shell:Creating prefix chain script '/home/korey/Desktop/lio-sam_simulation_navigation/install/setup.zsh'
