[0.034s] Invoking command in '/home/korey/Desktop/lio_nav2/build/pointcloud_to_laserscan': CMAKE_PREFIX_PATH=/opt/ros/foxy /home/korey/.local/bin/cmake /home/korey/Desktop/lio_nav2/src/pointcloud_to_laserscan -DCMAKE_INSTALL_PREFIX=/home/korey/Desktop/lio_nav2/install/pointcloud_to_laserscan
[0.153s] -- The C compiler identification is GNU 9.4.0
[0.218s] -- The CXX compiler identification is GNU 9.4.0
[0.230s] -- Detecting C compiler ABI info
[0.295s] -- Detecting C compiler ABI info - done
[0.306s] -- Check for working C compiler: /usr/bin/cc - skipped
[0.306s] -- Detecting C compile features
[0.307s] -- Detecting C compile features - done
[0.310s] -- Detecting CXX compiler ABI info
[0.384s] -- Detecting CXX compiler ABI info - done
[0.397s] -- Check for working CXX compiler: /usr/bin/c++ - skipped
[0.397s] -- Detecting CXX compile features
[0.398s] -- Detecting CXX compile features - done
[0.400s] -- Found ament_cmake_auto: 0.9.12 (/opt/ros/foxy/share/ament_cmake_auto/cmake)
[0.427s] -- Found PythonInterp: /usr/bin/python3 (found suitable version "3.8.10", minimum required is "3") 
[0.427s] -- Using PYTHON_EXECUTABLE: /usr/bin/python3
[0.744s] -- Using all available rosidl_typesupport_c: rosidl_typesupport_fastrtps_c;rosidl_typesupport_introspection_c
[0.751s] -- Found rosidl_adapter: 1.3.1 (/opt/ros/foxy/share/rosidl_adapter/cmake)
[0.856s] -- Found OpenSSL: /usr/lib/x86_64-linux-gnu/libcrypto.so (found version "1.1.1f")  
[0.896s] -- Found FastRTPS: /opt/ros/foxy/include  
[0.996s] -- Using all available rosidl_typesupport_cpp: rosidl_typesupport_fastrtps_cpp;rosidl_typesupport_introspection_cpp
[1.072s] -- Found rmw_implementation_cmake: 1.0.4 (/opt/ros/foxy/share/rmw_implementation_cmake/cmake)
[1.073s] -- Using RMW implementation 'rmw_fastrtps_cpp' as default
[1.073s] -- Performing Test CMAKE_HAVE_LIBC_PTHREAD
[1.140s] -- Performing Test CMAKE_HAVE_LIBC_PTHREAD - Failed
[1.140s] -- Looking for pthread_create in pthreads
[1.192s] -- Looking for pthread_create in pthreads - not found
[1.192s] -- Looking for pthread_create in pthread
[1.260s] -- Looking for pthread_create in pthread - found
[1.261s] -- Found Threads: TRUE  
[1.913s] -- Found ament_lint_auto: 0.9.8 (/opt/ros/foxy/share/ament_lint_auto/cmake)
[1.938s] -- Added test 'cppcheck' to perform static code analysis on C / C++ code
[1.938s] -- Configured cppcheck include dirs: /home/korey/Desktop/lio_nav2/src/pointcloud_to_laserscan/include
[1.938s] -- Configured cppcheck exclude dirs and/or files: 
[1.941s] -- Added test 'cpplint' to check C / C++ code against the Google style
[1.941s] -- Configured cpplint exclude dirs and/or files: 
[1.942s] -- Added test 'flake8' to check Python code syntax and style conventions
[1.943s] -- Added test 'lint_cmake' to check CMake code style
[1.943s] -- Added test 'pep257' to check Python code against some of the style conventions in PEP 257
[1.946s] -- Added test 'uncrustify' to check C / C++ code style
[1.946s] -- Configured uncrustify additional arguments: 
[1.947s] -- Added test 'xmllint' to check XML markup files
[1.951s] -- Configuring done
[2.002s] -- Generating done
[2.020s] -- Build files have been written to: /home/korey/Desktop/lio_nav2/build/pointcloud_to_laserscan
[2.034s] Invoked command in '/home/korey/Desktop/lio_nav2/build/pointcloud_to_laserscan' returned '0': CMAKE_PREFIX_PATH=/opt/ros/foxy /home/korey/.local/bin/cmake /home/korey/Desktop/lio_nav2/src/pointcloud_to_laserscan -DCMAKE_INSTALL_PREFIX=/home/korey/Desktop/lio_nav2/install/pointcloud_to_laserscan
[2.039s] Invoking command in '/home/korey/Desktop/lio_nav2/build/pointcloud_to_laserscan': CMAKE_PREFIX_PATH=/opt/ros/foxy /home/korey/.local/bin/cmake --build /home/korey/Desktop/lio_nav2/build/pointcloud_to_laserscan -- -j12 -l12
[2.092s] [ 10%] [32mBuilding CXX object CMakeFiles/laserscan_to_pointcloud.dir/src/laserscan_to_pointcloud_node.cpp.o[0m
[2.092s] [ 20%] [32mBuilding CXX object CMakeFiles/pointcloud_to_laserscan_node.dir/rclcpp_components/node_main_pointcloud_to_laserscan_node.cpp.o[0m
[2.094s] [ 30%] [32mBuilding CXX object CMakeFiles/laserscan_to_pointcloud_node.dir/rclcpp_components/node_main_laserscan_to_pointcloud_node.cpp.o[0m
[4.487s] [ 40%] [32m[1mLinking CXX executable pointcloud_to_laserscan_node[0m
[4.584s] [ 40%] Built target pointcloud_to_laserscan_node
[4.684s] [ 50%] [32m[1mLinking CXX executable laserscan_to_pointcloud_node[0m
[4.784s] [ 50%] Built target laserscan_to_pointcloud_node
[12.615s] [ 60%] [32m[1mLinking CXX shared library liblaserscan_to_pointcloud.so[0m
[12.801s] [ 60%] Built target laserscan_to_pointcloud
[12.814s] [ 70%] [32mBuilding CXX object CMakeFiles/pointcloud_to_laserscan.dir/src/pointcloud_to_laserscan_node.cpp.o[0m
[23.377s] [ 80%] [32m[1mLinking CXX shared library libpointcloud_to_laserscan.so[0m
[23.580s] [ 80%] Built target pointcloud_to_laserscan
[23.594s] [ 90%] [32mBuilding CXX object CMakeFiles/dummy_pointcloud_publisher.dir/src/dummy_pointcloud_publisher.cpp.o[0m
[28.381s] [100%] [32m[1mLinking CXX executable dummy_pointcloud_publisher[0m
[28.612s] [100%] Built target dummy_pointcloud_publisher
[28.631s] Invoked command in '/home/korey/Desktop/lio_nav2/build/pointcloud_to_laserscan' returned '0': CMAKE_PREFIX_PATH=/opt/ros/foxy /home/korey/.local/bin/cmake --build /home/korey/Desktop/lio_nav2/build/pointcloud_to_laserscan -- -j12 -l12
[28.635s] Invoking command in '/home/korey/Desktop/lio_nav2/build/pointcloud_to_laserscan': CMAKE_PREFIX_PATH=/opt/ros/foxy /home/korey/.local/bin/cmake --install /home/korey/Desktop/lio_nav2/build/pointcloud_to_laserscan
[28.684s] -- Install configuration: ""
[28.685s] -- Installing: /home/korey/Desktop/lio_nav2/install/pointcloud_to_laserscan/lib/pointcloud_to_laserscan/laserscan_to_pointcloud_node
[28.685s] -- Set runtime path of "/home/korey/Desktop/lio_nav2/install/pointcloud_to_laserscan/lib/pointcloud_to_laserscan/laserscan_to_pointcloud_node" to ""
[28.686s] -- Installing: /home/korey/Desktop/lio_nav2/install/pointcloud_to_laserscan/lib/pointcloud_to_laserscan/pointcloud_to_laserscan_node
[28.686s] -- Set runtime path of "/home/korey/Desktop/lio_nav2/install/pointcloud_to_laserscan/lib/pointcloud_to_laserscan/pointcloud_to_laserscan_node" to ""
[28.687s] -- Installing: /home/korey/Desktop/lio_nav2/install/pointcloud_to_laserscan/include
[28.687s] -- Installing: /home/korey/Desktop/lio_nav2/install/pointcloud_to_laserscan/include/pointcloud_to_laserscan
[28.687s] -- Installing: /home/korey/Desktop/lio_nav2/install/pointcloud_to_laserscan/include/pointcloud_to_laserscan/pointcloud_to_laserscan_node.hpp
[28.687s] -- Installing: /home/korey/Desktop/lio_nav2/install/pointcloud_to_laserscan/include/pointcloud_to_laserscan/visibility_control.h
[28.688s] -- Installing: /home/korey/Desktop/lio_nav2/install/pointcloud_to_laserscan/include/pointcloud_to_laserscan/laserscan_to_pointcloud_node.hpp
[28.689s] -- Installing: /home/korey/Desktop/lio_nav2/install/pointcloud_to_laserscan/share/pointcloud_to_laserscan/environment/library_path.sh
[28.689s] -- Installing: /home/korey/Desktop/lio_nav2/install/pointcloud_to_laserscan/share/pointcloud_to_laserscan/environment/library_path.dsv
[28.690s] -- Installing: /home/korey/Desktop/lio_nav2/install/pointcloud_to_laserscan/lib/liblaserscan_to_pointcloud.so
[28.693s] -- Set runtime path of "/home/korey/Desktop/lio_nav2/install/pointcloud_to_laserscan/lib/liblaserscan_to_pointcloud.so" to ""
[28.693s] -- Installing: /home/korey/Desktop/lio_nav2/install/pointcloud_to_laserscan/lib/libpointcloud_to_laserscan.so
[28.695s] -- Set runtime path of "/home/korey/Desktop/lio_nav2/install/pointcloud_to_laserscan/lib/libpointcloud_to_laserscan.so" to ""
[28.695s] -- Installing: /home/korey/Desktop/lio_nav2/install/pointcloud_to_laserscan/lib/pointcloud_to_laserscan/dummy_pointcloud_publisher
[28.696s] -- Set runtime path of "/home/korey/Desktop/lio_nav2/install/pointcloud_to_laserscan/lib/pointcloud_to_laserscan/dummy_pointcloud_publisher" to ""
[28.696s] -- Installing: /home/korey/Desktop/lio_nav2/install/pointcloud_to_laserscan/share/pointcloud_to_laserscan/launch
[28.696s] -- Installing: /home/korey/Desktop/lio_nav2/install/pointcloud_to_laserscan/share/pointcloud_to_laserscan/launch/__pycache__
[28.696s] -- Installing: /home/korey/Desktop/lio_nav2/install/pointcloud_to_laserscan/share/pointcloud_to_laserscan/launch/__pycache__/pointcloud_to_laserscan_launch.cpython-313.pyc
[28.696s] -- Installing: /home/korey/Desktop/lio_nav2/install/pointcloud_to_laserscan/share/pointcloud_to_laserscan/launch/pointcloud_to_laserscan_launch.py
[28.697s] -- Installing: /home/korey/Desktop/lio_nav2/install/pointcloud_to_laserscan/share/ament_index/resource_index/package_run_dependencies/pointcloud_to_laserscan
[28.697s] -- Installing: /home/korey/Desktop/lio_nav2/install/pointcloud_to_laserscan/share/ament_index/resource_index/parent_prefix_path/pointcloud_to_laserscan
[28.698s] -- Installing: /home/korey/Desktop/lio_nav2/install/pointcloud_to_laserscan/share/pointcloud_to_laserscan/environment/ament_prefix_path.sh
[28.699s] -- Installing: /home/korey/Desktop/lio_nav2/install/pointcloud_to_laserscan/share/pointcloud_to_laserscan/environment/ament_prefix_path.dsv
[28.699s] -- Installing: /home/korey/Desktop/lio_nav2/install/pointcloud_to_laserscan/share/pointcloud_to_laserscan/environment/path.sh
[28.699s] -- Installing: /home/korey/Desktop/lio_nav2/install/pointcloud_to_laserscan/share/pointcloud_to_laserscan/environment/path.dsv
[28.700s] -- Installing: /home/korey/Desktop/lio_nav2/install/pointcloud_to_laserscan/share/pointcloud_to_laserscan/local_setup.bash
[28.700s] -- Installing: /home/korey/Desktop/lio_nav2/install/pointcloud_to_laserscan/share/pointcloud_to_laserscan/local_setup.sh
[28.700s] -- Installing: /home/korey/Desktop/lio_nav2/install/pointcloud_to_laserscan/share/pointcloud_to_laserscan/local_setup.zsh
[28.700s] -- Installing: /home/korey/Desktop/lio_nav2/install/pointcloud_to_laserscan/share/pointcloud_to_laserscan/local_setup.dsv
[28.701s] -- Installing: /home/korey/Desktop/lio_nav2/install/pointcloud_to_laserscan/share/pointcloud_to_laserscan/package.dsv
[28.701s] -- Installing: /home/korey/Desktop/lio_nav2/install/pointcloud_to_laserscan/share/ament_index/resource_index/packages/pointcloud_to_laserscan
[28.701s] -- Installing: /home/korey/Desktop/lio_nav2/install/pointcloud_to_laserscan/share/ament_index/resource_index/rclcpp_components/pointcloud_to_laserscan
[28.701s] -- Installing: /home/korey/Desktop/lio_nav2/install/pointcloud_to_laserscan/share/pointcloud_to_laserscan/cmake/ament_cmake_export_dependencies-extras.cmake
[28.701s] -- Installing: /home/korey/Desktop/lio_nav2/install/pointcloud_to_laserscan/share/pointcloud_to_laserscan/cmake/ament_cmake_export_include_directories-extras.cmake
[28.701s] -- Installing: /home/korey/Desktop/lio_nav2/install/pointcloud_to_laserscan/share/pointcloud_to_laserscan/cmake/ament_cmake_export_libraries-extras.cmake
[28.701s] -- Installing: /home/korey/Desktop/lio_nav2/install/pointcloud_to_laserscan/share/pointcloud_to_laserscan/cmake/pointcloud_to_laserscanConfig.cmake
[28.702s] -- Installing: /home/korey/Desktop/lio_nav2/install/pointcloud_to_laserscan/share/pointcloud_to_laserscan/cmake/pointcloud_to_laserscanConfig-version.cmake
[28.702s] -- Installing: /home/korey/Desktop/lio_nav2/install/pointcloud_to_laserscan/share/pointcloud_to_laserscan/package.xml
[28.709s] Invoked command in '/home/korey/Desktop/lio_nav2/build/pointcloud_to_laserscan' returned '0': CMAKE_PREFIX_PATH=/opt/ros/foxy /home/korey/.local/bin/cmake --install /home/korey/Desktop/lio_nav2/build/pointcloud_to_laserscan
