[0.189s] DEBUG:colcon:Command line arguments: ['/usr/bin/colcon', 'build', '--symlink-install']
[0.189s] DEBUG:colcon:Parsed command line arguments: Namespace(allow_overriding=[], ament_cmake_args=None, base_paths=['.'], build_base='build', catkin_cmake_args=None, catkin_skip_building_tests=False, cmake_args=None, cmake_clean_cache=False, cmake_clean_first=False, cmake_force_configure=False, cmake_target=None, cmake_target_skip_unavailable=False, continue_on_error=False, event_handlers=None, executor='parallel', ignore_user_meta=False, install_base='install', log_base=None, log_level=None, main=<bound method BuildVerb.main of <colcon_core.verb.build.BuildVerb object at 0x7f9beb79df40>>, merge_install=False, metas=['./colcon.meta'], packages_above=None, packages_above_and_dependencies=None, packages_above_depth=None, packages_end=None, packages_ignore=None, packages_ignore_regex=None, packages_select=None, packages_select_build_failed=False, packages_select_by_dep=None, packages_select_regex=None, packages_select_test_failures=False, packages_skip=None, packages_skip_build_finished=False, packages_skip_by_dep=None, packages_skip_regex=None, packages_skip_test_passed=False, packages_skip_up_to=None, packages_start=None, packages_up_to=None, packages_up_to_regex=None, parallel_workers=12, paths=None, symlink_install=True, test_result_base=None, verb_extension=<colcon_core.verb.build.BuildVerb object at 0x7f9beb79df40>, verb_name='build', verb_parser=<colcon_defaults.argument_parser.defaults.DefaultArgumentsDecorator object at 0x7f9beb730640>)
[0.230s] Level 1:colcon.colcon_core.package_discovery:discover_packages(colcon_meta) check parameters
[0.230s] Level 1:colcon.colcon_core.package_discovery:discover_packages(recursive) check parameters
[0.230s] Level 1:colcon.colcon_core.package_discovery:discover_packages(ignore) check parameters
[0.230s] Level 1:colcon.colcon_core.package_discovery:discover_packages(path) check parameters
[0.230s] Level 1:colcon.colcon_core.package_discovery:discover_packages(colcon_meta) discover
[0.230s] Level 1:colcon.colcon_core.package_discovery:discover_packages(recursive) discover
[0.230s] INFO:colcon.colcon_core.package_discovery:Crawling recursively for packages in '/home/korey/Desktop/lio-sam_simulation_navigation'
[0.231s] Level 1:colcon.colcon_core.package_identification:_identify(.) by extensions ['ignore', 'ignore_ament_install']
[0.231s] Level 1:colcon.colcon_core.package_identification:_identify(.) by extension 'ignore'
[0.231s] Level 1:colcon.colcon_core.package_identification:_identify(.) by extension 'ignore_ament_install'
[0.231s] Level 1:colcon.colcon_core.package_identification:_identify(.) by extensions ['colcon_pkg']
[0.231s] Level 1:colcon.colcon_core.package_identification:_identify(.) by extension 'colcon_pkg'
[0.231s] Level 1:colcon.colcon_core.package_identification:_identify(.) by extensions ['colcon_meta']
[0.231s] Level 1:colcon.colcon_core.package_identification:_identify(.) by extension 'colcon_meta'
[0.231s] Level 1:colcon.colcon_core.package_identification:_identify(.) by extensions ['ros']
[0.231s] Level 1:colcon.colcon_core.package_identification:_identify(.) by extension 'ros'
[0.243s] Level 1:colcon.colcon_core.package_identification:_identify(.) by extensions ['cmake', 'python']
[0.243s] Level 1:colcon.colcon_core.package_identification:_identify(.) by extension 'cmake'
[0.243s] Level 1:colcon.colcon_core.package_identification:_identify(.) by extension 'python'
[0.243s] Level 1:colcon.colcon_core.package_identification:_identify(.) by extensions ['python_setup_py']
[0.243s] Level 1:colcon.colcon_core.package_identification:_identify(.) by extension 'python_setup_py'
[0.243s] Level 1:colcon.colcon_core.package_identification:_identify(build) by extensions ['ignore', 'ignore_ament_install']
[0.243s] Level 1:colcon.colcon_core.package_identification:_identify(build) by extension 'ignore'
[0.243s] Level 1:colcon.colcon_core.package_identification:_identify(build) ignored
[0.243s] Level 1:colcon.colcon_core.package_identification:_identify(docs) by extensions ['ignore', 'ignore_ament_install']
[0.243s] Level 1:colcon.colcon_core.package_identification:_identify(docs) by extension 'ignore'
[0.244s] Level 1:colcon.colcon_core.package_identification:_identify(docs) by extension 'ignore_ament_install'
[0.244s] Level 1:colcon.colcon_core.package_identification:_identify(docs) by extensions ['colcon_pkg']
[0.244s] Level 1:colcon.colcon_core.package_identification:_identify(docs) by extension 'colcon_pkg'
[0.244s] Level 1:colcon.colcon_core.package_identification:_identify(docs) by extensions ['colcon_meta']
[0.244s] Level 1:colcon.colcon_core.package_identification:_identify(docs) by extension 'colcon_meta'
[0.244s] Level 1:colcon.colcon_core.package_identification:_identify(docs) by extensions ['ros']
[0.244s] Level 1:colcon.colcon_core.package_identification:_identify(docs) by extension 'ros'
[0.244s] Level 1:colcon.colcon_core.package_identification:_identify(docs) by extensions ['cmake', 'python']
[0.244s] Level 1:colcon.colcon_core.package_identification:_identify(docs) by extension 'cmake'
[0.244s] Level 1:colcon.colcon_core.package_identification:_identify(docs) by extension 'python'
[0.244s] Level 1:colcon.colcon_core.package_identification:_identify(docs) by extensions ['python_setup_py']
[0.244s] Level 1:colcon.colcon_core.package_identification:_identify(docs) by extension 'python_setup_py'
[0.244s] Level 1:colcon.colcon_core.package_identification:_identify(install) by extensions ['ignore', 'ignore_ament_install']
[0.244s] Level 1:colcon.colcon_core.package_identification:_identify(install) by extension 'ignore'
[0.244s] Level 1:colcon.colcon_core.package_identification:_identify(install) ignored
[0.245s] Level 1:colcon.colcon_core.package_identification:_identify(log) by extensions ['ignore', 'ignore_ament_install']
[0.245s] Level 1:colcon.colcon_core.package_identification:_identify(log) by extension 'ignore'
[0.245s] Level 1:colcon.colcon_core.package_identification:_identify(log) ignored
[0.245s] Level 1:colcon.colcon_core.package_identification:_identify(maps) by extensions ['ignore', 'ignore_ament_install']
[0.245s] Level 1:colcon.colcon_core.package_identification:_identify(maps) by extension 'ignore'
[0.245s] Level 1:colcon.colcon_core.package_identification:_identify(maps) by extension 'ignore_ament_install'
[0.245s] Level 1:colcon.colcon_core.package_identification:_identify(maps) by extensions ['colcon_pkg']
[0.245s] Level 1:colcon.colcon_core.package_identification:_identify(maps) by extension 'colcon_pkg'
[0.245s] Level 1:colcon.colcon_core.package_identification:_identify(maps) by extensions ['colcon_meta']
[0.245s] Level 1:colcon.colcon_core.package_identification:_identify(maps) by extension 'colcon_meta'
[0.245s] Level 1:colcon.colcon_core.package_identification:_identify(maps) by extensions ['ros']
[0.245s] Level 1:colcon.colcon_core.package_identification:_identify(maps) by extension 'ros'
[0.245s] Level 1:colcon.colcon_core.package_identification:_identify(maps) by extensions ['cmake', 'python']
[0.245s] Level 1:colcon.colcon_core.package_identification:_identify(maps) by extension 'cmake'
[0.246s] Level 1:colcon.colcon_core.package_identification:_identify(maps) by extension 'python'
[0.246s] Level 1:colcon.colcon_core.package_identification:_identify(maps) by extensions ['python_setup_py']
[0.246s] Level 1:colcon.colcon_core.package_identification:_identify(maps) by extension 'python_setup_py'
[0.246s] Level 1:colcon.colcon_core.package_identification:_identify(maps/lio_sam_map) by extensions ['ignore', 'ignore_ament_install']
[0.246s] Level 1:colcon.colcon_core.package_identification:_identify(maps/lio_sam_map) by extension 'ignore'
[0.246s] Level 1:colcon.colcon_core.package_identification:_identify(maps/lio_sam_map) by extension 'ignore_ament_install'
[0.246s] Level 1:colcon.colcon_core.package_identification:_identify(maps/lio_sam_map) by extensions ['colcon_pkg']
[0.246s] Level 1:colcon.colcon_core.package_identification:_identify(maps/lio_sam_map) by extension 'colcon_pkg'
[0.246s] Level 1:colcon.colcon_core.package_identification:_identify(maps/lio_sam_map) by extensions ['colcon_meta']
[0.246s] Level 1:colcon.colcon_core.package_identification:_identify(maps/lio_sam_map) by extension 'colcon_meta'
[0.246s] Level 1:colcon.colcon_core.package_identification:_identify(maps/lio_sam_map) by extensions ['ros']
[0.246s] Level 1:colcon.colcon_core.package_identification:_identify(maps/lio_sam_map) by extension 'ros'
[0.246s] Level 1:colcon.colcon_core.package_identification:_identify(maps/lio_sam_map) by extensions ['cmake', 'python']
[0.246s] Level 1:colcon.colcon_core.package_identification:_identify(maps/lio_sam_map) by extension 'cmake'
[0.246s] Level 1:colcon.colcon_core.package_identification:_identify(maps/lio_sam_map) by extension 'python'
[0.246s] Level 1:colcon.colcon_core.package_identification:_identify(maps/lio_sam_map) by extensions ['python_setup_py']
[0.246s] Level 1:colcon.colcon_core.package_identification:_identify(maps/lio_sam_map) by extension 'python_setup_py'
[0.247s] Level 1:colcon.colcon_core.package_identification:_identify(scripts) by extensions ['ignore', 'ignore_ament_install']
[0.247s] Level 1:colcon.colcon_core.package_identification:_identify(scripts) by extension 'ignore'
[0.247s] Level 1:colcon.colcon_core.package_identification:_identify(scripts) by extension 'ignore_ament_install'
[0.247s] Level 1:colcon.colcon_core.package_identification:_identify(scripts) by extensions ['colcon_pkg']
[0.247s] Level 1:colcon.colcon_core.package_identification:_identify(scripts) by extension 'colcon_pkg'
[0.247s] Level 1:colcon.colcon_core.package_identification:_identify(scripts) by extensions ['colcon_meta']
[0.247s] Level 1:colcon.colcon_core.package_identification:_identify(scripts) by extension 'colcon_meta'
[0.247s] Level 1:colcon.colcon_core.package_identification:_identify(scripts) by extensions ['ros']
[0.247s] Level 1:colcon.colcon_core.package_identification:_identify(scripts) by extension 'ros'
[0.247s] Level 1:colcon.colcon_core.package_identification:_identify(scripts) by extensions ['cmake', 'python']
[0.247s] Level 1:colcon.colcon_core.package_identification:_identify(scripts) by extension 'cmake'
[0.247s] Level 1:colcon.colcon_core.package_identification:_identify(scripts) by extension 'python'
[0.247s] Level 1:colcon.colcon_core.package_identification:_identify(scripts) by extensions ['python_setup_py']
[0.247s] Level 1:colcon.colcon_core.package_identification:_identify(scripts) by extension 'python_setup_py'
[0.248s] Level 1:colcon.colcon_core.package_identification:_identify(src) by extensions ['ignore', 'ignore_ament_install']
[0.248s] Level 1:colcon.colcon_core.package_identification:_identify(src) by extension 'ignore'
[0.248s] Level 1:colcon.colcon_core.package_identification:_identify(src) by extension 'ignore_ament_install'
[0.248s] Level 1:colcon.colcon_core.package_identification:_identify(src) by extensions ['colcon_pkg']
[0.248s] Level 1:colcon.colcon_core.package_identification:_identify(src) by extension 'colcon_pkg'
[0.248s] Level 1:colcon.colcon_core.package_identification:_identify(src) by extensions ['colcon_meta']
[0.248s] Level 1:colcon.colcon_core.package_identification:_identify(src) by extension 'colcon_meta'
[0.248s] Level 1:colcon.colcon_core.package_identification:_identify(src) by extensions ['ros']
[0.248s] Level 1:colcon.colcon_core.package_identification:_identify(src) by extension 'ros'
[0.248s] Level 1:colcon.colcon_core.package_identification:_identify(src) by extensions ['cmake', 'python']
[0.248s] Level 1:colcon.colcon_core.package_identification:_identify(src) by extension 'cmake'
[0.248s] Level 1:colcon.colcon_core.package_identification:_identify(src) by extension 'python'
[0.248s] Level 1:colcon.colcon_core.package_identification:_identify(src) by extensions ['python_setup_py']
[0.248s] Level 1:colcon.colcon_core.package_identification:_identify(src) by extension 'python_setup_py'
[0.248s] Level 1:colcon.colcon_core.package_identification:_identify(src/LIO-SAM) by extensions ['ignore', 'ignore_ament_install']
[0.248s] Level 1:colcon.colcon_core.package_identification:_identify(src/LIO-SAM) by extension 'ignore'
[0.249s] Level 1:colcon.colcon_core.package_identification:_identify(src/LIO-SAM) by extension 'ignore_ament_install'
[0.249s] Level 1:colcon.colcon_core.package_identification:_identify(src/LIO-SAM) by extensions ['colcon_pkg']
[0.249s] Level 1:colcon.colcon_core.package_identification:_identify(src/LIO-SAM) by extension 'colcon_pkg'
[0.249s] Level 1:colcon.colcon_core.package_identification:_identify(src/LIO-SAM) by extensions ['colcon_meta']
[0.249s] Level 1:colcon.colcon_core.package_identification:_identify(src/LIO-SAM) by extension 'colcon_meta'
[0.249s] Level 1:colcon.colcon_core.package_identification:_identify(src/LIO-SAM) by extensions ['ros']
[0.249s] Level 1:colcon.colcon_core.package_identification:_identify(src/LIO-SAM) by extension 'ros'
[0.251s] DEBUG:colcon.colcon_core.package_identification:Package 'src/LIO-SAM' with type 'ros.ament_cmake' and name 'lio_sam_op'
[0.252s] Level 1:colcon.colcon_core.package_identification:_identify(src/pointcloud_to_laserscan) by extensions ['ignore', 'ignore_ament_install']
[0.252s] Level 1:colcon.colcon_core.package_identification:_identify(src/pointcloud_to_laserscan) by extension 'ignore'
[0.252s] Level 1:colcon.colcon_core.package_identification:_identify(src/pointcloud_to_laserscan) by extension 'ignore_ament_install'
[0.252s] Level 1:colcon.colcon_core.package_identification:_identify(src/pointcloud_to_laserscan) by extensions ['colcon_pkg']
[0.252s] Level 1:colcon.colcon_core.package_identification:_identify(src/pointcloud_to_laserscan) by extension 'colcon_pkg'
[0.252s] Level 1:colcon.colcon_core.package_identification:_identify(src/pointcloud_to_laserscan) by extensions ['colcon_meta']
[0.252s] Level 1:colcon.colcon_core.package_identification:_identify(src/pointcloud_to_laserscan) by extension 'colcon_meta'
[0.252s] Level 1:colcon.colcon_core.package_identification:_identify(src/pointcloud_to_laserscan) by extensions ['ros']
[0.252s] Level 1:colcon.colcon_core.package_identification:_identify(src/pointcloud_to_laserscan) by extension 'ros'
[0.254s] DEBUG:colcon.colcon_core.package_identification:Package 'src/pointcloud_to_laserscan' with type 'ros.ament_cmake' and name 'pointcloud_to_laserscan'
[0.254s] Level 1:colcon.colcon_core.package_identification:_identify(src/robot_bringup) by extensions ['ignore', 'ignore_ament_install']
[0.254s] Level 1:colcon.colcon_core.package_identification:_identify(src/robot_bringup) by extension 'ignore'
[0.255s] Level 1:colcon.colcon_core.package_identification:_identify(src/robot_bringup) by extension 'ignore_ament_install'
[0.255s] Level 1:colcon.colcon_core.package_identification:_identify(src/robot_bringup) by extensions ['colcon_pkg']
[0.255s] Level 1:colcon.colcon_core.package_identification:_identify(src/robot_bringup) by extension 'colcon_pkg'
[0.255s] Level 1:colcon.colcon_core.package_identification:_identify(src/robot_bringup) by extensions ['colcon_meta']
[0.255s] Level 1:colcon.colcon_core.package_identification:_identify(src/robot_bringup) by extension 'colcon_meta'
[0.255s] Level 1:colcon.colcon_core.package_identification:_identify(src/robot_bringup) by extensions ['ros']
[0.255s] Level 1:colcon.colcon_core.package_identification:_identify(src/robot_bringup) by extension 'ros'
[0.255s] DEBUG:colcon.colcon_core.package_identification:Package 'src/robot_bringup' with type 'ros.ament_cmake' and name 'robot_bringup'
[0.255s] Level 1:colcon.colcon_core.package_identification:_identify(src/robot_navigation2) by extensions ['ignore', 'ignore_ament_install']
[0.256s] Level 1:colcon.colcon_core.package_identification:_identify(src/robot_navigation2) by extension 'ignore'
[0.256s] Level 1:colcon.colcon_core.package_identification:_identify(src/robot_navigation2) by extension 'ignore_ament_install'
[0.256s] Level 1:colcon.colcon_core.package_identification:_identify(src/robot_navigation2) by extensions ['colcon_pkg']
[0.256s] Level 1:colcon.colcon_core.package_identification:_identify(src/robot_navigation2) by extension 'colcon_pkg'
[0.256s] Level 1:colcon.colcon_core.package_identification:_identify(src/robot_navigation2) by extensions ['colcon_meta']
[0.256s] Level 1:colcon.colcon_core.package_identification:_identify(src/robot_navigation2) by extension 'colcon_meta'
[0.256s] Level 1:colcon.colcon_core.package_identification:_identify(src/robot_navigation2) by extensions ['ros']
[0.256s] Level 1:colcon.colcon_core.package_identification:_identify(src/robot_navigation2) by extension 'ros'
[0.257s] DEBUG:colcon.colcon_core.package_identification:Package 'src/robot_navigation2' with type 'ros.ament_cmake' and name 'robot_navigation2'
[0.257s] Level 1:colcon.colcon_core.package_identification:_identify(tools) by extensions ['ignore', 'ignore_ament_install']
[0.257s] Level 1:colcon.colcon_core.package_identification:_identify(tools) by extension 'ignore'
[0.257s] Level 1:colcon.colcon_core.package_identification:_identify(tools) by extension 'ignore_ament_install'
[0.257s] Level 1:colcon.colcon_core.package_identification:_identify(tools) by extensions ['colcon_pkg']
[0.257s] Level 1:colcon.colcon_core.package_identification:_identify(tools) by extension 'colcon_pkg'
[0.257s] Level 1:colcon.colcon_core.package_identification:_identify(tools) by extensions ['colcon_meta']
[0.257s] Level 1:colcon.colcon_core.package_identification:_identify(tools) by extension 'colcon_meta'
[0.257s] Level 1:colcon.colcon_core.package_identification:_identify(tools) by extensions ['ros']
[0.257s] Level 1:colcon.colcon_core.package_identification:_identify(tools) by extension 'ros'
[0.257s] Level 1:colcon.colcon_core.package_identification:_identify(tools) by extensions ['cmake', 'python']
[0.257s] Level 1:colcon.colcon_core.package_identification:_identify(tools) by extension 'cmake'
[0.257s] Level 1:colcon.colcon_core.package_identification:_identify(tools) by extension 'python'
[0.257s] Level 1:colcon.colcon_core.package_identification:_identify(tools) by extensions ['python_setup_py']
[0.257s] Level 1:colcon.colcon_core.package_identification:_identify(tools) by extension 'python_setup_py'
[0.257s] Level 1:colcon.colcon_core.package_identification:_identify(tools/__pycache__) by extensions ['ignore', 'ignore_ament_install']
[0.257s] Level 1:colcon.colcon_core.package_identification:_identify(tools/__pycache__) by extension 'ignore'
[0.257s] Level 1:colcon.colcon_core.package_identification:_identify(tools/__pycache__) by extension 'ignore_ament_install'
[0.257s] Level 1:colcon.colcon_core.package_identification:_identify(tools/__pycache__) by extensions ['colcon_pkg']
[0.257s] Level 1:colcon.colcon_core.package_identification:_identify(tools/__pycache__) by extension 'colcon_pkg'
[0.257s] Level 1:colcon.colcon_core.package_identification:_identify(tools/__pycache__) by extensions ['colcon_meta']
[0.257s] Level 1:colcon.colcon_core.package_identification:_identify(tools/__pycache__) by extension 'colcon_meta'
[0.258s] Level 1:colcon.colcon_core.package_identification:_identify(tools/__pycache__) by extensions ['ros']
[0.258s] Level 1:colcon.colcon_core.package_identification:_identify(tools/__pycache__) by extension 'ros'
[0.258s] Level 1:colcon.colcon_core.package_identification:_identify(tools/__pycache__) by extensions ['cmake', 'python']
[0.258s] Level 1:colcon.colcon_core.package_identification:_identify(tools/__pycache__) by extension 'cmake'
[0.258s] Level 1:colcon.colcon_core.package_identification:_identify(tools/__pycache__) by extension 'python'
[0.258s] Level 1:colcon.colcon_core.package_identification:_identify(tools/__pycache__) by extensions ['python_setup_py']
[0.258s] Level 1:colcon.colcon_core.package_identification:_identify(tools/__pycache__) by extension 'python_setup_py'
[0.258s] Level 1:colcon.colcon_core.package_discovery:discover_packages(recursive) using defaults
[0.258s] Level 1:colcon.colcon_core.package_discovery:discover_packages(ignore) discover
[0.258s] Level 1:colcon.colcon_core.package_discovery:discover_packages(ignore) using defaults
[0.258s] Level 1:colcon.colcon_core.package_discovery:discover_packages(path) discover
[0.258s] Level 1:colcon.colcon_core.package_discovery:discover_packages(path) using defaults
[0.274s] Level 1:colcon.colcon_core.package_discovery:discover_packages(prefix_path) check parameters
[0.274s] Level 1:colcon.colcon_core.package_discovery:discover_packages(prefix_path) discover
[0.277s] DEBUG:colcon.colcon_installed_package_information.package_discovery:Found 327 installed packages in /opt/ros/foxy
[0.279s] Level 1:colcon.colcon_core.package_discovery:discover_packages(prefix_path) using defaults
[0.336s] Level 5:colcon.colcon_core.verb:set package 'lio_sam_op' build argument 'cmake_args' from command line to 'None'
[0.336s] Level 5:colcon.colcon_core.verb:set package 'lio_sam_op' build argument 'cmake_target' from command line to 'None'
[0.336s] Level 5:colcon.colcon_core.verb:set package 'lio_sam_op' build argument 'cmake_target_skip_unavailable' from command line to 'False'
[0.336s] Level 5:colcon.colcon_core.verb:set package 'lio_sam_op' build argument 'cmake_clean_cache' from command line to 'False'
[0.336s] Level 5:colcon.colcon_core.verb:set package 'lio_sam_op' build argument 'cmake_clean_first' from command line to 'False'
[0.336s] Level 5:colcon.colcon_core.verb:set package 'lio_sam_op' build argument 'cmake_force_configure' from command line to 'False'
[0.336s] Level 5:colcon.colcon_core.verb:set package 'lio_sam_op' build argument 'ament_cmake_args' from command line to 'None'
[0.336s] Level 5:colcon.colcon_core.verb:set package 'lio_sam_op' build argument 'catkin_cmake_args' from command line to 'None'
[0.336s] Level 5:colcon.colcon_core.verb:set package 'lio_sam_op' build argument 'catkin_skip_building_tests' from command line to 'False'
[0.336s] DEBUG:colcon.colcon_core.verb:Building package 'lio_sam_op' with the following arguments: {'ament_cmake_args': None, 'build_base': '/home/korey/Desktop/lio-sam_simulation_navigation/build/lio_sam_op', 'catkin_cmake_args': None, 'catkin_skip_building_tests': False, 'cmake_args': None, 'cmake_clean_cache': False, 'cmake_clean_first': False, 'cmake_force_configure': False, 'cmake_target': None, 'cmake_target_skip_unavailable': False, 'install_base': '/home/korey/Desktop/lio-sam_simulation_navigation/install/lio_sam_op', 'merge_install': False, 'path': '/home/korey/Desktop/lio-sam_simulation_navigation/src/LIO-SAM', 'symlink_install': True, 'test_result_base': None}
[0.337s] Level 5:colcon.colcon_core.verb:set package 'pointcloud_to_laserscan' build argument 'cmake_args' from command line to 'None'
[0.337s] Level 5:colcon.colcon_core.verb:set package 'pointcloud_to_laserscan' build argument 'cmake_target' from command line to 'None'
[0.337s] Level 5:colcon.colcon_core.verb:set package 'pointcloud_to_laserscan' build argument 'cmake_target_skip_unavailable' from command line to 'False'
[0.337s] Level 5:colcon.colcon_core.verb:set package 'pointcloud_to_laserscan' build argument 'cmake_clean_cache' from command line to 'False'
[0.337s] Level 5:colcon.colcon_core.verb:set package 'pointcloud_to_laserscan' build argument 'cmake_clean_first' from command line to 'False'
[0.337s] Level 5:colcon.colcon_core.verb:set package 'pointcloud_to_laserscan' build argument 'cmake_force_configure' from command line to 'False'
[0.337s] Level 5:colcon.colcon_core.verb:set package 'pointcloud_to_laserscan' build argument 'ament_cmake_args' from command line to 'None'
[0.337s] Level 5:colcon.colcon_core.verb:set package 'pointcloud_to_laserscan' build argument 'catkin_cmake_args' from command line to 'None'
[0.337s] Level 5:colcon.colcon_core.verb:set package 'pointcloud_to_laserscan' build argument 'catkin_skip_building_tests' from command line to 'False'
[0.337s] DEBUG:colcon.colcon_core.verb:Building package 'pointcloud_to_laserscan' with the following arguments: {'ament_cmake_args': None, 'build_base': '/home/korey/Desktop/lio-sam_simulation_navigation/build/pointcloud_to_laserscan', 'catkin_cmake_args': None, 'catkin_skip_building_tests': False, 'cmake_args': None, 'cmake_clean_cache': False, 'cmake_clean_first': False, 'cmake_force_configure': False, 'cmake_target': None, 'cmake_target_skip_unavailable': False, 'install_base': '/home/korey/Desktop/lio-sam_simulation_navigation/install/pointcloud_to_laserscan', 'merge_install': False, 'path': '/home/korey/Desktop/lio-sam_simulation_navigation/src/pointcloud_to_laserscan', 'symlink_install': True, 'test_result_base': None}
[0.338s] Level 5:colcon.colcon_core.verb:set package 'robot_bringup' build argument 'cmake_args' from command line to 'None'
[0.338s] Level 5:colcon.colcon_core.verb:set package 'robot_bringup' build argument 'cmake_target' from command line to 'None'
[0.338s] Level 5:colcon.colcon_core.verb:set package 'robot_bringup' build argument 'cmake_target_skip_unavailable' from command line to 'False'
[0.338s] Level 5:colcon.colcon_core.verb:set package 'robot_bringup' build argument 'cmake_clean_cache' from command line to 'False'
[0.338s] Level 5:colcon.colcon_core.verb:set package 'robot_bringup' build argument 'cmake_clean_first' from command line to 'False'
[0.338s] Level 5:colcon.colcon_core.verb:set package 'robot_bringup' build argument 'cmake_force_configure' from command line to 'False'
[0.338s] Level 5:colcon.colcon_core.verb:set package 'robot_bringup' build argument 'ament_cmake_args' from command line to 'None'
[0.338s] Level 5:colcon.colcon_core.verb:set package 'robot_bringup' build argument 'catkin_cmake_args' from command line to 'None'
[0.338s] Level 5:colcon.colcon_core.verb:set package 'robot_bringup' build argument 'catkin_skip_building_tests' from command line to 'False'
[0.338s] DEBUG:colcon.colcon_core.verb:Building package 'robot_bringup' with the following arguments: {'ament_cmake_args': None, 'build_base': '/home/korey/Desktop/lio-sam_simulation_navigation/build/robot_bringup', 'catkin_cmake_args': None, 'catkin_skip_building_tests': False, 'cmake_args': None, 'cmake_clean_cache': False, 'cmake_clean_first': False, 'cmake_force_configure': False, 'cmake_target': None, 'cmake_target_skip_unavailable': False, 'install_base': '/home/korey/Desktop/lio-sam_simulation_navigation/install/robot_bringup', 'merge_install': False, 'path': '/home/korey/Desktop/lio-sam_simulation_navigation/src/robot_bringup', 'symlink_install': True, 'test_result_base': None}
[0.338s] Level 5:colcon.colcon_core.verb:set package 'robot_navigation2' build argument 'cmake_args' from command line to 'None'
[0.338s] Level 5:colcon.colcon_core.verb:set package 'robot_navigation2' build argument 'cmake_target' from command line to 'None'
[0.338s] Level 5:colcon.colcon_core.verb:set package 'robot_navigation2' build argument 'cmake_target_skip_unavailable' from command line to 'False'
[0.338s] Level 5:colcon.colcon_core.verb:set package 'robot_navigation2' build argument 'cmake_clean_cache' from command line to 'False'
[0.338s] Level 5:colcon.colcon_core.verb:set package 'robot_navigation2' build argument 'cmake_clean_first' from command line to 'False'
[0.338s] Level 5:colcon.colcon_core.verb:set package 'robot_navigation2' build argument 'cmake_force_configure' from command line to 'False'
[0.338s] Level 5:colcon.colcon_core.verb:set package 'robot_navigation2' build argument 'ament_cmake_args' from command line to 'None'
[0.338s] Level 5:colcon.colcon_core.verb:set package 'robot_navigation2' build argument 'catkin_cmake_args' from command line to 'None'
[0.338s] Level 5:colcon.colcon_core.verb:set package 'robot_navigation2' build argument 'catkin_skip_building_tests' from command line to 'False'
[0.339s] DEBUG:colcon.colcon_core.verb:Building package 'robot_navigation2' with the following arguments: {'ament_cmake_args': None, 'build_base': '/home/korey/Desktop/lio-sam_simulation_navigation/build/robot_navigation2', 'catkin_cmake_args': None, 'catkin_skip_building_tests': False, 'cmake_args': None, 'cmake_clean_cache': False, 'cmake_clean_first': False, 'cmake_force_configure': False, 'cmake_target': None, 'cmake_target_skip_unavailable': False, 'install_base': '/home/korey/Desktop/lio-sam_simulation_navigation/install/robot_navigation2', 'merge_install': False, 'path': '/home/korey/Desktop/lio-sam_simulation_navigation/src/robot_navigation2', 'symlink_install': True, 'test_result_base': None}
[0.339s] INFO:colcon.colcon_core.executor:Executing jobs using 'parallel' executor
[0.340s] DEBUG:colcon.colcon_parallel_executor.executor.parallel:run_until_complete
[0.340s] INFO:colcon.colcon_ros.task.ament_cmake.build:Building ROS package in '/home/korey/Desktop/lio-sam_simulation_navigation/src/LIO-SAM' with build type 'ament_cmake'
[0.340s] INFO:colcon.colcon_cmake.task.cmake.build:Building CMake package in '/home/korey/Desktop/lio-sam_simulation_navigation/src/LIO-SAM'
[0.342s] INFO:colcon.colcon_core.plugin_system:Skipping extension 'colcon_core.shell.bat': Not used on non-Windows systems
[0.343s] INFO:colcon.colcon_core.shell:Skip shell extension 'powershell' for command environment: Not usable outside of PowerShell
[0.343s] DEBUG:colcon.colcon_core.shell:Skip shell extension 'dsv' for command environment
[0.350s] INFO:colcon.colcon_ros.task.ament_cmake.build:Building ROS package in '/home/korey/Desktop/lio-sam_simulation_navigation/src/pointcloud_to_laserscan' with build type 'ament_cmake'
[0.350s] INFO:colcon.colcon_cmake.task.cmake.build:Building CMake package in '/home/korey/Desktop/lio-sam_simulation_navigation/src/pointcloud_to_laserscan'
[0.351s] INFO:colcon.colcon_core.shell:Skip shell extension 'powershell' for command environment: Not usable outside of PowerShell
[0.351s] DEBUG:colcon.colcon_core.shell:Skip shell extension 'dsv' for command environment
[0.357s] INFO:colcon.colcon_ros.task.ament_cmake.build:Building ROS package in '/home/korey/Desktop/lio-sam_simulation_navigation/src/robot_bringup' with build type 'ament_cmake'
[0.358s] INFO:colcon.colcon_cmake.task.cmake.build:Building CMake package in '/home/korey/Desktop/lio-sam_simulation_navigation/src/robot_bringup'
[0.358s] INFO:colcon.colcon_core.shell:Skip shell extension 'powershell' for command environment: Not usable outside of PowerShell
[0.358s] DEBUG:colcon.colcon_core.shell:Skip shell extension 'dsv' for command environment
[0.364s] INFO:colcon.colcon_ros.task.ament_cmake.build:Building ROS package in '/home/korey/Desktop/lio-sam_simulation_navigation/src/robot_navigation2' with build type 'ament_cmake'
[0.364s] INFO:colcon.colcon_cmake.task.cmake.build:Building CMake package in '/home/korey/Desktop/lio-sam_simulation_navigation/src/robot_navigation2'
[0.365s] INFO:colcon.colcon_core.shell:Skip shell extension 'powershell' for command environment: Not usable outside of PowerShell
[0.365s] DEBUG:colcon.colcon_core.shell:Skip shell extension 'dsv' for command environment
[0.382s] DEBUG:colcon.colcon_core.event_handler.log_command:Invoking command in '/home/korey/Desktop/lio-sam_simulation_navigation/build/lio_sam_op': CMAKE_PREFIX_PATH=/opt/ros/foxy CONDA_PROMPT_MODIFIER=(base) /home/korey/.local/bin/cmake --build /home/korey/Desktop/lio-sam_simulation_navigation/build/lio_sam_op -- -j12 -l12
[0.388s] DEBUG:colcon.colcon_core.event_handler.log_command:Invoking command in '/home/korey/Desktop/lio-sam_simulation_navigation/build/pointcloud_to_laserscan': CMAKE_PREFIX_PATH=/opt/ros/foxy CONDA_PROMPT_MODIFIER=(base) /home/korey/.local/bin/cmake --build /home/korey/Desktop/lio-sam_simulation_navigation/build/pointcloud_to_laserscan -- -j12 -l12
[0.395s] DEBUG:colcon.colcon_core.event_handler.log_command:Invoking command in '/home/korey/Desktop/lio-sam_simulation_navigation/build/robot_bringup': CMAKE_PREFIX_PATH=/opt/ros/foxy CONDA_PROMPT_MODIFIER=(base) /home/korey/.local/bin/cmake --build /home/korey/Desktop/lio-sam_simulation_navigation/build/robot_bringup -- -j12 -l12
[0.406s] DEBUG:colcon.colcon_core.event_handler.log_command:Invoking command in '/home/korey/Desktop/lio-sam_simulation_navigation/build/robot_navigation2': CMAKE_PREFIX_PATH=/opt/ros/foxy CONDA_PROMPT_MODIFIER=(base) /home/korey/.local/bin/cmake --build /home/korey/Desktop/lio-sam_simulation_navigation/build/robot_navigation2 -- -j12 -l12
[0.479s] DEBUG:colcon.colcon_core.event_handler.log_command:Invoked command in '/home/korey/Desktop/lio-sam_simulation_navigation/build/robot_navigation2' returned '0': CMAKE_PREFIX_PATH=/opt/ros/foxy CONDA_PROMPT_MODIFIER=(base) /home/korey/.local/bin/cmake --build /home/korey/Desktop/lio-sam_simulation_navigation/build/robot_navigation2 -- -j12 -l12
[0.526s] DEBUG:colcon.colcon_core.event_handler.log_command:Invoking command in '/home/korey/Desktop/lio-sam_simulation_navigation/build/robot_navigation2': CMAKE_PREFIX_PATH=/opt/ros/foxy CONDA_PROMPT_MODIFIER=(base) /home/korey/.local/bin/cmake --install /home/korey/Desktop/lio-sam_simulation_navigation/build/robot_navigation2
[0.528s] DEBUG:colcon.colcon_core.event_handler.log_command:Invoked command in '/home/korey/Desktop/lio-sam_simulation_navigation/build/robot_bringup' returned '0': CMAKE_PREFIX_PATH=/opt/ros/foxy CONDA_PROMPT_MODIFIER=(base) /home/korey/.local/bin/cmake --build /home/korey/Desktop/lio-sam_simulation_navigation/build/robot_bringup -- -j12 -l12
[0.532s] DEBUG:colcon.colcon_core.event_handler.log_command:Invoking command in '/home/korey/Desktop/lio-sam_simulation_navigation/build/robot_bringup': CMAKE_PREFIX_PATH=/opt/ros/foxy CONDA_PROMPT_MODIFIER=(base) /home/korey/.local/bin/cmake --install /home/korey/Desktop/lio-sam_simulation_navigation/build/robot_bringup
[0.533s] DEBUG:colcon.colcon_core.event_handler.log_command:Invoked command in '/home/korey/Desktop/lio-sam_simulation_navigation/build/pointcloud_to_laserscan' returned '0': CMAKE_PREFIX_PATH=/opt/ros/foxy CONDA_PROMPT_MODIFIER=(base) /home/korey/.local/bin/cmake --build /home/korey/Desktop/lio-sam_simulation_navigation/build/pointcloud_to_laserscan -- -j12 -l12
[0.538s] DEBUG:colcon.colcon_core.event_handler.log_command:Invoking command in '/home/korey/Desktop/lio-sam_simulation_navigation/build/pointcloud_to_laserscan': CMAKE_PREFIX_PATH=/opt/ros/foxy CONDA_PROMPT_MODIFIER=(base) /home/korey/.local/bin/cmake --install /home/korey/Desktop/lio-sam_simulation_navigation/build/pointcloud_to_laserscan
[0.578s] Level 1:colcon.colcon_core.environment:create_environment_scripts_only(robot_bringup)
[0.579s] DEBUG:colcon.colcon_core.event_handler.log_command:Invoked command in '/home/korey/Desktop/lio-sam_simulation_navigation/build/robot_bringup' returned '0': CMAKE_PREFIX_PATH=/opt/ros/foxy CONDA_PROMPT_MODIFIER=(base) /home/korey/.local/bin/cmake --install /home/korey/Desktop/lio-sam_simulation_navigation/build/robot_bringup
[0.581s] Level 1:colcon.colcon_core.environment:checking '/home/korey/Desktop/lio-sam_simulation_navigation/install/robot_bringup' for CMake module files
[0.582s] Level 1:colcon.colcon_core.environment:checking '/home/korey/Desktop/lio-sam_simulation_navigation/install/robot_bringup' for CMake config files
[0.582s] Level 1:colcon.colcon_core.shell:create_environment_hook('robot_bringup', 'cmake_prefix_path')
[0.583s] INFO:colcon.colcon_core.shell:Creating environment hook '/home/korey/Desktop/lio-sam_simulation_navigation/install/robot_bringup/share/robot_bringup/hook/cmake_prefix_path.ps1'
[0.584s] INFO:colcon.colcon_core.shell:Creating environment descriptor '/home/korey/Desktop/lio-sam_simulation_navigation/install/robot_bringup/share/robot_bringup/hook/cmake_prefix_path.dsv'
[0.584s] INFO:colcon.colcon_core.shell:Creating environment hook '/home/korey/Desktop/lio-sam_simulation_navigation/install/robot_bringup/share/robot_bringup/hook/cmake_prefix_path.sh'
[0.585s] Level 1:colcon.colcon_core.environment:checking '/home/korey/Desktop/lio-sam_simulation_navigation/install/robot_bringup/lib'
[0.585s] Level 1:colcon.colcon_core.environment:checking '/home/korey/Desktop/lio-sam_simulation_navigation/install/robot_bringup/bin'
[0.585s] Level 1:colcon.colcon_core.environment:checking '/home/korey/Desktop/lio-sam_simulation_navigation/install/robot_bringup/lib/pkgconfig/robot_bringup.pc'
[0.586s] Level 1:colcon.colcon_core.environment:checking '/home/korey/Desktop/lio-sam_simulation_navigation/install/robot_bringup/lib/python3.8/site-packages'
[0.586s] Level 1:colcon.colcon_core.environment:checking '/home/korey/Desktop/lio-sam_simulation_navigation/install/robot_bringup/bin'
[0.586s] INFO:colcon.colcon_core.shell:Creating package script '/home/korey/Desktop/lio-sam_simulation_navigation/install/robot_bringup/share/robot_bringup/package.ps1'
[0.587s] INFO:colcon.colcon_core.shell:Creating package descriptor '/home/korey/Desktop/lio-sam_simulation_navigation/install/robot_bringup/share/robot_bringup/package.dsv'
[0.588s] INFO:colcon.colcon_core.shell:Creating package script '/home/korey/Desktop/lio-sam_simulation_navigation/install/robot_bringup/share/robot_bringup/package.sh'
[0.588s] INFO:colcon.colcon_core.shell:Creating package script '/home/korey/Desktop/lio-sam_simulation_navigation/install/robot_bringup/share/robot_bringup/package.bash'
[0.619s] INFO:colcon.colcon_core.shell:Creating package script '/home/korey/Desktop/lio-sam_simulation_navigation/install/robot_bringup/share/robot_bringup/package.zsh'
[0.620s] Level 1:colcon.colcon_core.environment:create_file_with_runtime_dependencies(/home/korey/Desktop/lio-sam_simulation_navigation/install/robot_bringup/share/colcon-core/packages/robot_bringup)
[0.620s] Level 1:colcon.colcon_core.environment:create_environment_scripts_only(robot_bringup)
[0.620s] Level 1:colcon.colcon_core.environment:checking '/home/korey/Desktop/lio-sam_simulation_navigation/install/robot_bringup' for CMake module files
[0.621s] Level 1:colcon.colcon_core.environment:checking '/home/korey/Desktop/lio-sam_simulation_navigation/install/robot_bringup' for CMake config files
[0.621s] Level 1:colcon.colcon_core.shell:create_environment_hook('robot_bringup', 'cmake_prefix_path')
[0.622s] INFO:colcon.colcon_core.shell:Creating environment hook '/home/korey/Desktop/lio-sam_simulation_navigation/install/robot_bringup/share/robot_bringup/hook/cmake_prefix_path.ps1'
[0.622s] INFO:colcon.colcon_core.shell:Creating environment descriptor '/home/korey/Desktop/lio-sam_simulation_navigation/install/robot_bringup/share/robot_bringup/hook/cmake_prefix_path.dsv'
[0.622s] INFO:colcon.colcon_core.shell:Creating environment hook '/home/korey/Desktop/lio-sam_simulation_navigation/install/robot_bringup/share/robot_bringup/hook/cmake_prefix_path.sh'
[0.623s] Level 1:colcon.colcon_core.environment:checking '/home/korey/Desktop/lio-sam_simulation_navigation/install/robot_bringup/lib'
[0.623s] Level 1:colcon.colcon_core.environment:checking '/home/korey/Desktop/lio-sam_simulation_navigation/install/robot_bringup/bin'
[0.623s] Level 1:colcon.colcon_core.environment:checking '/home/korey/Desktop/lio-sam_simulation_navigation/install/robot_bringup/lib/pkgconfig/robot_bringup.pc'
[0.623s] Level 1:colcon.colcon_core.environment:checking '/home/korey/Desktop/lio-sam_simulation_navigation/install/robot_bringup/lib/python3.8/site-packages'
[0.624s] Level 1:colcon.colcon_core.environment:checking '/home/korey/Desktop/lio-sam_simulation_navigation/install/robot_bringup/bin'
[0.624s] INFO:colcon.colcon_core.shell:Creating package script '/home/korey/Desktop/lio-sam_simulation_navigation/install/robot_bringup/share/robot_bringup/package.ps1'
[0.624s] INFO:colcon.colcon_core.shell:Creating package descriptor '/home/korey/Desktop/lio-sam_simulation_navigation/install/robot_bringup/share/robot_bringup/package.dsv'
[0.625s] INFO:colcon.colcon_core.shell:Creating package script '/home/korey/Desktop/lio-sam_simulation_navigation/install/robot_bringup/share/robot_bringup/package.sh'
[0.625s] INFO:colcon.colcon_core.shell:Creating package script '/home/korey/Desktop/lio-sam_simulation_navigation/install/robot_bringup/share/robot_bringup/package.bash'
[0.626s] INFO:colcon.colcon_core.shell:Creating package script '/home/korey/Desktop/lio-sam_simulation_navigation/install/robot_bringup/share/robot_bringup/package.zsh'
[0.626s] Level 1:colcon.colcon_core.environment:create_file_with_runtime_dependencies(/home/korey/Desktop/lio-sam_simulation_navigation/install/robot_bringup/share/colcon-core/packages/robot_bringup)
[0.628s] Level 1:colcon.colcon_core.environment:create_environment_scripts_only(pointcloud_to_laserscan)
[0.628s] Level 1:colcon.colcon_core.environment:checking '/home/korey/Desktop/lio-sam_simulation_navigation/install/pointcloud_to_laserscan' for CMake module files
[0.629s] DEBUG:colcon.colcon_core.event_handler.log_command:Invoked command in '/home/korey/Desktop/lio-sam_simulation_navigation/build/pointcloud_to_laserscan' returned '0': CMAKE_PREFIX_PATH=/opt/ros/foxy CONDA_PROMPT_MODIFIER=(base) /home/korey/.local/bin/cmake --install /home/korey/Desktop/lio-sam_simulation_navigation/build/pointcloud_to_laserscan
[0.630s] Level 1:colcon.colcon_core.environment:checking '/home/korey/Desktop/lio-sam_simulation_navigation/install/pointcloud_to_laserscan' for CMake config files
[0.631s] Level 1:colcon.colcon_core.shell:create_environment_hook('pointcloud_to_laserscan', 'cmake_prefix_path')
[0.631s] INFO:colcon.colcon_core.shell:Creating environment hook '/home/korey/Desktop/lio-sam_simulation_navigation/install/pointcloud_to_laserscan/share/pointcloud_to_laserscan/hook/cmake_prefix_path.ps1'
[0.632s] INFO:colcon.colcon_core.shell:Creating environment descriptor '/home/korey/Desktop/lio-sam_simulation_navigation/install/pointcloud_to_laserscan/share/pointcloud_to_laserscan/hook/cmake_prefix_path.dsv'
[0.632s] INFO:colcon.colcon_core.shell:Creating environment hook '/home/korey/Desktop/lio-sam_simulation_navigation/install/pointcloud_to_laserscan/share/pointcloud_to_laserscan/hook/cmake_prefix_path.sh'
[0.633s] Level 1:colcon.colcon_core.environment:checking '/home/korey/Desktop/lio-sam_simulation_navigation/install/pointcloud_to_laserscan/lib'
[0.633s] Level 1:colcon.colcon_core.shell:create_environment_hook('pointcloud_to_laserscan', 'ld_library_path_lib')
[0.634s] INFO:colcon.colcon_core.shell:Creating environment hook '/home/korey/Desktop/lio-sam_simulation_navigation/install/pointcloud_to_laserscan/share/pointcloud_to_laserscan/hook/ld_library_path_lib.ps1'
[0.634s] INFO:colcon.colcon_core.shell:Creating environment descriptor '/home/korey/Desktop/lio-sam_simulation_navigation/install/pointcloud_to_laserscan/share/pointcloud_to_laserscan/hook/ld_library_path_lib.dsv'
[0.634s] INFO:colcon.colcon_core.shell:Creating environment hook '/home/korey/Desktop/lio-sam_simulation_navigation/install/pointcloud_to_laserscan/share/pointcloud_to_laserscan/hook/ld_library_path_lib.sh'
[0.635s] Level 1:colcon.colcon_core.environment:checking '/home/korey/Desktop/lio-sam_simulation_navigation/install/pointcloud_to_laserscan/bin'
[0.635s] Level 1:colcon.colcon_core.environment:checking '/home/korey/Desktop/lio-sam_simulation_navigation/install/pointcloud_to_laserscan/lib/pkgconfig/pointcloud_to_laserscan.pc'
[0.635s] Level 1:colcon.colcon_core.environment:checking '/home/korey/Desktop/lio-sam_simulation_navigation/install/pointcloud_to_laserscan/lib/python3.8/site-packages'
[0.635s] Level 1:colcon.colcon_core.environment:checking '/home/korey/Desktop/lio-sam_simulation_navigation/install/pointcloud_to_laserscan/bin'
[0.636s] INFO:colcon.colcon_core.shell:Creating package script '/home/korey/Desktop/lio-sam_simulation_navigation/install/pointcloud_to_laserscan/share/pointcloud_to_laserscan/package.ps1'
[0.636s] INFO:colcon.colcon_core.shell:Creating package descriptor '/home/korey/Desktop/lio-sam_simulation_navigation/install/pointcloud_to_laserscan/share/pointcloud_to_laserscan/package.dsv'
[0.637s] INFO:colcon.colcon_core.shell:Creating package script '/home/korey/Desktop/lio-sam_simulation_navigation/install/pointcloud_to_laserscan/share/pointcloud_to_laserscan/package.sh'
[0.637s] INFO:colcon.colcon_core.shell:Creating package script '/home/korey/Desktop/lio-sam_simulation_navigation/install/pointcloud_to_laserscan/share/pointcloud_to_laserscan/package.bash'
[0.637s] INFO:colcon.colcon_core.shell:Creating package script '/home/korey/Desktop/lio-sam_simulation_navigation/install/pointcloud_to_laserscan/share/pointcloud_to_laserscan/package.zsh'
[0.638s] Level 1:colcon.colcon_core.environment:create_file_with_runtime_dependencies(/home/korey/Desktop/lio-sam_simulation_navigation/install/pointcloud_to_laserscan/share/colcon-core/packages/pointcloud_to_laserscan)
[0.638s] Level 1:colcon.colcon_core.environment:create_environment_scripts_only(pointcloud_to_laserscan)
[0.639s] Level 1:colcon.colcon_core.environment:checking '/home/korey/Desktop/lio-sam_simulation_navigation/install/pointcloud_to_laserscan' for CMake module files
[0.639s] Level 1:colcon.colcon_core.environment:checking '/home/korey/Desktop/lio-sam_simulation_navigation/install/pointcloud_to_laserscan' for CMake config files
[0.640s] Level 1:colcon.colcon_core.shell:create_environment_hook('pointcloud_to_laserscan', 'cmake_prefix_path')
[0.640s] INFO:colcon.colcon_core.shell:Creating environment hook '/home/korey/Desktop/lio-sam_simulation_navigation/install/pointcloud_to_laserscan/share/pointcloud_to_laserscan/hook/cmake_prefix_path.ps1'
[0.641s] INFO:colcon.colcon_core.shell:Creating environment descriptor '/home/korey/Desktop/lio-sam_simulation_navigation/install/pointcloud_to_laserscan/share/pointcloud_to_laserscan/hook/cmake_prefix_path.dsv'
[0.641s] INFO:colcon.colcon_core.shell:Creating environment hook '/home/korey/Desktop/lio-sam_simulation_navigation/install/pointcloud_to_laserscan/share/pointcloud_to_laserscan/hook/cmake_prefix_path.sh'
[0.642s] Level 1:colcon.colcon_core.environment:checking '/home/korey/Desktop/lio-sam_simulation_navigation/install/pointcloud_to_laserscan/lib'
[0.642s] Level 1:colcon.colcon_core.shell:create_environment_hook('pointcloud_to_laserscan', 'ld_library_path_lib')
[0.642s] INFO:colcon.colcon_core.shell:Creating environment hook '/home/korey/Desktop/lio-sam_simulation_navigation/install/pointcloud_to_laserscan/share/pointcloud_to_laserscan/hook/ld_library_path_lib.ps1'
[0.642s] INFO:colcon.colcon_core.shell:Creating environment descriptor '/home/korey/Desktop/lio-sam_simulation_navigation/install/pointcloud_to_laserscan/share/pointcloud_to_laserscan/hook/ld_library_path_lib.dsv'
[0.643s] INFO:colcon.colcon_core.shell:Creating environment hook '/home/korey/Desktop/lio-sam_simulation_navigation/install/pointcloud_to_laserscan/share/pointcloud_to_laserscan/hook/ld_library_path_lib.sh'
[0.643s] Level 1:colcon.colcon_core.environment:checking '/home/korey/Desktop/lio-sam_simulation_navigation/install/pointcloud_to_laserscan/bin'
[0.643s] Level 1:colcon.colcon_core.environment:checking '/home/korey/Desktop/lio-sam_simulation_navigation/install/pointcloud_to_laserscan/lib/pkgconfig/pointcloud_to_laserscan.pc'
[0.643s] Level 1:colcon.colcon_core.environment:checking '/home/korey/Desktop/lio-sam_simulation_navigation/install/pointcloud_to_laserscan/lib/python3.8/site-packages'
[0.643s] Level 1:colcon.colcon_core.environment:checking '/home/korey/Desktop/lio-sam_simulation_navigation/install/pointcloud_to_laserscan/bin'
[0.644s] INFO:colcon.colcon_core.shell:Creating package script '/home/korey/Desktop/lio-sam_simulation_navigation/install/pointcloud_to_laserscan/share/pointcloud_to_laserscan/package.ps1'
[0.644s] INFO:colcon.colcon_core.shell:Creating package descriptor '/home/korey/Desktop/lio-sam_simulation_navigation/install/pointcloud_to_laserscan/share/pointcloud_to_laserscan/package.dsv'
[0.645s] INFO:colcon.colcon_core.shell:Creating package script '/home/korey/Desktop/lio-sam_simulation_navigation/install/pointcloud_to_laserscan/share/pointcloud_to_laserscan/package.sh'
[0.645s] INFO:colcon.colcon_core.shell:Creating package script '/home/korey/Desktop/lio-sam_simulation_navigation/install/pointcloud_to_laserscan/share/pointcloud_to_laserscan/package.bash'
[0.646s] INFO:colcon.colcon_core.shell:Creating package script '/home/korey/Desktop/lio-sam_simulation_navigation/install/pointcloud_to_laserscan/share/pointcloud_to_laserscan/package.zsh'
[0.646s] Level 1:colcon.colcon_core.environment:create_file_with_runtime_dependencies(/home/korey/Desktop/lio-sam_simulation_navigation/install/pointcloud_to_laserscan/share/colcon-core/packages/pointcloud_to_laserscan)
[0.646s] Level 1:colcon.colcon_core.environment:create_environment_scripts_only(robot_navigation2)
[0.648s] Level 1:colcon.colcon_core.environment:checking '/home/korey/Desktop/lio-sam_simulation_navigation/install/robot_navigation2' for CMake module files
[0.649s] DEBUG:colcon.colcon_core.event_handler.log_command:Invoked command in '/home/korey/Desktop/lio-sam_simulation_navigation/build/robot_navigation2' returned '0': CMAKE_PREFIX_PATH=/opt/ros/foxy CONDA_PROMPT_MODIFIER=(base) /home/korey/.local/bin/cmake --install /home/korey/Desktop/lio-sam_simulation_navigation/build/robot_navigation2
[0.649s] Level 1:colcon.colcon_core.environment:checking '/home/korey/Desktop/lio-sam_simulation_navigation/install/robot_navigation2' for CMake config files
[0.650s] Level 1:colcon.colcon_core.shell:create_environment_hook('robot_navigation2', 'cmake_prefix_path')
[0.650s] INFO:colcon.colcon_core.shell:Creating environment hook '/home/korey/Desktop/lio-sam_simulation_navigation/install/robot_navigation2/share/robot_navigation2/hook/cmake_prefix_path.ps1'
[0.651s] INFO:colcon.colcon_core.shell:Creating environment descriptor '/home/korey/Desktop/lio-sam_simulation_navigation/install/robot_navigation2/share/robot_navigation2/hook/cmake_prefix_path.dsv'
[0.651s] INFO:colcon.colcon_core.shell:Creating environment hook '/home/korey/Desktop/lio-sam_simulation_navigation/install/robot_navigation2/share/robot_navigation2/hook/cmake_prefix_path.sh'
[0.652s] Level 1:colcon.colcon_core.environment:checking '/home/korey/Desktop/lio-sam_simulation_navigation/install/robot_navigation2/lib'
[0.652s] Level 1:colcon.colcon_core.environment:checking '/home/korey/Desktop/lio-sam_simulation_navigation/install/robot_navigation2/bin'
[0.652s] Level 1:colcon.colcon_core.environment:checking '/home/korey/Desktop/lio-sam_simulation_navigation/install/robot_navigation2/lib/pkgconfig/robot_navigation2.pc'
[0.652s] Level 1:colcon.colcon_core.environment:checking '/home/korey/Desktop/lio-sam_simulation_navigation/install/robot_navigation2/lib/python3.8/site-packages'
[0.652s] Level 1:colcon.colcon_core.shell:create_environment_hook('robot_navigation2', 'pythonpath')
[0.652s] INFO:colcon.colcon_core.shell:Creating environment hook '/home/korey/Desktop/lio-sam_simulation_navigation/install/robot_navigation2/share/robot_navigation2/hook/pythonpath.ps1'
[0.653s] INFO:colcon.colcon_core.shell:Creating environment descriptor '/home/korey/Desktop/lio-sam_simulation_navigation/install/robot_navigation2/share/robot_navigation2/hook/pythonpath.dsv'
[0.653s] INFO:colcon.colcon_core.shell:Creating environment hook '/home/korey/Desktop/lio-sam_simulation_navigation/install/robot_navigation2/share/robot_navigation2/hook/pythonpath.sh'
[0.654s] Level 1:colcon.colcon_core.environment:checking '/home/korey/Desktop/lio-sam_simulation_navigation/install/robot_navigation2/bin'
[0.654s] INFO:colcon.colcon_core.shell:Creating package script '/home/korey/Desktop/lio-sam_simulation_navigation/install/robot_navigation2/share/robot_navigation2/package.ps1'
[0.656s] INFO:colcon.colcon_core.shell:Creating package descriptor '/home/korey/Desktop/lio-sam_simulation_navigation/install/robot_navigation2/share/robot_navigation2/package.dsv'
[0.656s] INFO:colcon.colcon_core.shell:Creating package script '/home/korey/Desktop/lio-sam_simulation_navigation/install/robot_navigation2/share/robot_navigation2/package.sh'
[0.657s] INFO:colcon.colcon_core.shell:Creating package script '/home/korey/Desktop/lio-sam_simulation_navigation/install/robot_navigation2/share/robot_navigation2/package.bash'
[0.657s] INFO:colcon.colcon_core.shell:Creating package script '/home/korey/Desktop/lio-sam_simulation_navigation/install/robot_navigation2/share/robot_navigation2/package.zsh'
[0.657s] Level 1:colcon.colcon_core.environment:create_file_with_runtime_dependencies(/home/korey/Desktop/lio-sam_simulation_navigation/install/robot_navigation2/share/colcon-core/packages/robot_navigation2)
[0.658s] Level 1:colcon.colcon_core.environment:create_environment_scripts_only(robot_navigation2)
[0.658s] Level 1:colcon.colcon_core.environment:checking '/home/korey/Desktop/lio-sam_simulation_navigation/install/robot_navigation2' for CMake module files
[0.659s] Level 1:colcon.colcon_core.environment:checking '/home/korey/Desktop/lio-sam_simulation_navigation/install/robot_navigation2' for CMake config files
[0.659s] Level 1:colcon.colcon_core.shell:create_environment_hook('robot_navigation2', 'cmake_prefix_path')
[0.659s] INFO:colcon.colcon_core.shell:Creating environment hook '/home/korey/Desktop/lio-sam_simulation_navigation/install/robot_navigation2/share/robot_navigation2/hook/cmake_prefix_path.ps1'
[0.660s] INFO:colcon.colcon_core.shell:Creating environment descriptor '/home/korey/Desktop/lio-sam_simulation_navigation/install/robot_navigation2/share/robot_navigation2/hook/cmake_prefix_path.dsv'
[0.660s] INFO:colcon.colcon_core.shell:Creating environment hook '/home/korey/Desktop/lio-sam_simulation_navigation/install/robot_navigation2/share/robot_navigation2/hook/cmake_prefix_path.sh'
[0.661s] Level 1:colcon.colcon_core.environment:checking '/home/korey/Desktop/lio-sam_simulation_navigation/install/robot_navigation2/lib'
[0.661s] Level 1:colcon.colcon_core.environment:checking '/home/korey/Desktop/lio-sam_simulation_navigation/install/robot_navigation2/bin'
[0.661s] Level 1:colcon.colcon_core.environment:checking '/home/korey/Desktop/lio-sam_simulation_navigation/install/robot_navigation2/lib/pkgconfig/robot_navigation2.pc'
[0.661s] Level 1:colcon.colcon_core.environment:checking '/home/korey/Desktop/lio-sam_simulation_navigation/install/robot_navigation2/lib/python3.8/site-packages'
[0.661s] Level 1:colcon.colcon_core.shell:create_environment_hook('robot_navigation2', 'pythonpath')
[0.661s] INFO:colcon.colcon_core.shell:Creating environment hook '/home/korey/Desktop/lio-sam_simulation_navigation/install/robot_navigation2/share/robot_navigation2/hook/pythonpath.ps1'
[0.661s] INFO:colcon.colcon_core.shell:Creating environment descriptor '/home/korey/Desktop/lio-sam_simulation_navigation/install/robot_navigation2/share/robot_navigation2/hook/pythonpath.dsv'
[0.662s] INFO:colcon.colcon_core.shell:Creating environment hook '/home/korey/Desktop/lio-sam_simulation_navigation/install/robot_navigation2/share/robot_navigation2/hook/pythonpath.sh'
[0.662s] Level 1:colcon.colcon_core.environment:checking '/home/korey/Desktop/lio-sam_simulation_navigation/install/robot_navigation2/bin'
[0.663s] INFO:colcon.colcon_core.shell:Creating package script '/home/korey/Desktop/lio-sam_simulation_navigation/install/robot_navigation2/share/robot_navigation2/package.ps1'
[0.663s] INFO:colcon.colcon_core.shell:Creating package descriptor '/home/korey/Desktop/lio-sam_simulation_navigation/install/robot_navigation2/share/robot_navigation2/package.dsv'
[0.663s] INFO:colcon.colcon_core.shell:Creating package script '/home/korey/Desktop/lio-sam_simulation_navigation/install/robot_navigation2/share/robot_navigation2/package.sh'
[0.664s] INFO:colcon.colcon_core.shell:Creating package script '/home/korey/Desktop/lio-sam_simulation_navigation/install/robot_navigation2/share/robot_navigation2/package.bash'
[0.664s] INFO:colcon.colcon_core.shell:Creating package script '/home/korey/Desktop/lio-sam_simulation_navigation/install/robot_navigation2/share/robot_navigation2/package.zsh'
[0.665s] Level 1:colcon.colcon_core.environment:create_file_with_runtime_dependencies(/home/korey/Desktop/lio-sam_simulation_navigation/install/robot_navigation2/share/colcon-core/packages/robot_navigation2)
[0.736s] DEBUG:colcon.colcon_core.event_handler.log_command:Invoked command in '/home/korey/Desktop/lio-sam_simulation_navigation/build/lio_sam_op' returned '0': CMAKE_PREFIX_PATH=/opt/ros/foxy CONDA_PROMPT_MODIFIER=(base) /home/korey/.local/bin/cmake --build /home/korey/Desktop/lio-sam_simulation_navigation/build/lio_sam_op -- -j12 -l12
[0.740s] DEBUG:colcon.colcon_core.event_handler.log_command:Invoking command in '/home/korey/Desktop/lio-sam_simulation_navigation/build/lio_sam_op': CMAKE_PREFIX_PATH=/opt/ros/foxy CONDA_PROMPT_MODIFIER=(base) /home/korey/.local/bin/cmake --install /home/korey/Desktop/lio-sam_simulation_navigation/build/lio_sam_op
[0.848s] Level 1:colcon.colcon_core.environment:create_environment_scripts_only(lio_sam_op)
[0.848s] Level 1:colcon.colcon_core.environment:checking '/home/korey/Desktop/lio-sam_simulation_navigation/install/lio_sam_op' for CMake module files
[0.849s] DEBUG:colcon.colcon_core.event_handler.log_command:Invoked command in '/home/korey/Desktop/lio-sam_simulation_navigation/build/lio_sam_op' returned '0': CMAKE_PREFIX_PATH=/opt/ros/foxy CONDA_PROMPT_MODIFIER=(base) /home/korey/.local/bin/cmake --install /home/korey/Desktop/lio-sam_simulation_navigation/build/lio_sam_op
[0.850s] Level 1:colcon.colcon_core.environment:checking '/home/korey/Desktop/lio-sam_simulation_navigation/install/lio_sam_op' for CMake config files
[0.851s] Level 1:colcon.colcon_core.shell:create_environment_hook('lio_sam_op', 'cmake_prefix_path')
[0.851s] INFO:colcon.colcon_core.shell:Creating environment hook '/home/korey/Desktop/lio-sam_simulation_navigation/install/lio_sam_op/share/lio_sam_op/hook/cmake_prefix_path.ps1'
[0.852s] INFO:colcon.colcon_core.shell:Creating environment descriptor '/home/korey/Desktop/lio-sam_simulation_navigation/install/lio_sam_op/share/lio_sam_op/hook/cmake_prefix_path.dsv'
[0.852s] INFO:colcon.colcon_core.shell:Creating environment hook '/home/korey/Desktop/lio-sam_simulation_navigation/install/lio_sam_op/share/lio_sam_op/hook/cmake_prefix_path.sh'
[0.853s] Level 1:colcon.colcon_core.environment:checking '/home/korey/Desktop/lio-sam_simulation_navigation/install/lio_sam_op/lib'
[0.853s] Level 1:colcon.colcon_core.shell:create_environment_hook('lio_sam_op', 'ld_library_path_lib')
[0.854s] INFO:colcon.colcon_core.shell:Creating environment hook '/home/korey/Desktop/lio-sam_simulation_navigation/install/lio_sam_op/share/lio_sam_op/hook/ld_library_path_lib.ps1'
[0.854s] INFO:colcon.colcon_core.shell:Creating environment descriptor '/home/korey/Desktop/lio-sam_simulation_navigation/install/lio_sam_op/share/lio_sam_op/hook/ld_library_path_lib.dsv'
[0.855s] INFO:colcon.colcon_core.shell:Creating environment hook '/home/korey/Desktop/lio-sam_simulation_navigation/install/lio_sam_op/share/lio_sam_op/hook/ld_library_path_lib.sh'
[0.855s] Level 1:colcon.colcon_core.environment:checking '/home/korey/Desktop/lio-sam_simulation_navigation/install/lio_sam_op/bin'
[0.855s] Level 1:colcon.colcon_core.environment:checking '/home/korey/Desktop/lio-sam_simulation_navigation/install/lio_sam_op/lib/pkgconfig/lio_sam_op.pc'
[0.855s] Level 1:colcon.colcon_core.environment:checking '/home/korey/Desktop/lio-sam_simulation_navigation/install/lio_sam_op/lib/python3.8/site-packages'
[0.856s] Level 1:colcon.colcon_core.shell:create_environment_hook('lio_sam_op', 'pythonpath')
[0.856s] INFO:colcon.colcon_core.shell:Creating environment hook '/home/korey/Desktop/lio-sam_simulation_navigation/install/lio_sam_op/share/lio_sam_op/hook/pythonpath.ps1'
[0.856s] INFO:colcon.colcon_core.shell:Creating environment descriptor '/home/korey/Desktop/lio-sam_simulation_navigation/install/lio_sam_op/share/lio_sam_op/hook/pythonpath.dsv'
[0.857s] INFO:colcon.colcon_core.shell:Creating environment hook '/home/korey/Desktop/lio-sam_simulation_navigation/install/lio_sam_op/share/lio_sam_op/hook/pythonpath.sh'
[0.858s] Level 1:colcon.colcon_core.environment:checking '/home/korey/Desktop/lio-sam_simulation_navigation/install/lio_sam_op/bin'
[0.858s] INFO:colcon.colcon_core.shell:Creating package script '/home/korey/Desktop/lio-sam_simulation_navigation/install/lio_sam_op/share/lio_sam_op/package.ps1'
[0.859s] INFO:colcon.colcon_core.shell:Creating package descriptor '/home/korey/Desktop/lio-sam_simulation_navigation/install/lio_sam_op/share/lio_sam_op/package.dsv'
[0.859s] INFO:colcon.colcon_core.shell:Creating package script '/home/korey/Desktop/lio-sam_simulation_navigation/install/lio_sam_op/share/lio_sam_op/package.sh'
[0.859s] INFO:colcon.colcon_core.shell:Creating package script '/home/korey/Desktop/lio-sam_simulation_navigation/install/lio_sam_op/share/lio_sam_op/package.bash'
[0.860s] INFO:colcon.colcon_core.shell:Creating package script '/home/korey/Desktop/lio-sam_simulation_navigation/install/lio_sam_op/share/lio_sam_op/package.zsh'
[0.860s] Level 1:colcon.colcon_core.environment:create_file_with_runtime_dependencies(/home/korey/Desktop/lio-sam_simulation_navigation/install/lio_sam_op/share/colcon-core/packages/lio_sam_op)
[0.860s] Level 1:colcon.colcon_core.environment:create_environment_scripts_only(lio_sam_op)
[0.861s] Level 1:colcon.colcon_core.environment:checking '/home/korey/Desktop/lio-sam_simulation_navigation/install/lio_sam_op' for CMake module files
[0.861s] Level 1:colcon.colcon_core.environment:checking '/home/korey/Desktop/lio-sam_simulation_navigation/install/lio_sam_op' for CMake config files
[0.862s] Level 1:colcon.colcon_core.shell:create_environment_hook('lio_sam_op', 'cmake_prefix_path')
[0.862s] INFO:colcon.colcon_core.shell:Creating environment hook '/home/korey/Desktop/lio-sam_simulation_navigation/install/lio_sam_op/share/lio_sam_op/hook/cmake_prefix_path.ps1'
[0.863s] INFO:colcon.colcon_core.shell:Creating environment descriptor '/home/korey/Desktop/lio-sam_simulation_navigation/install/lio_sam_op/share/lio_sam_op/hook/cmake_prefix_path.dsv'
[0.863s] INFO:colcon.colcon_core.shell:Creating environment hook '/home/korey/Desktop/lio-sam_simulation_navigation/install/lio_sam_op/share/lio_sam_op/hook/cmake_prefix_path.sh'
[0.863s] Level 1:colcon.colcon_core.environment:checking '/home/korey/Desktop/lio-sam_simulation_navigation/install/lio_sam_op/lib'
[0.863s] Level 1:colcon.colcon_core.shell:create_environment_hook('lio_sam_op', 'ld_library_path_lib')
[0.863s] INFO:colcon.colcon_core.shell:Creating environment hook '/home/korey/Desktop/lio-sam_simulation_navigation/install/lio_sam_op/share/lio_sam_op/hook/ld_library_path_lib.ps1'
[0.864s] INFO:colcon.colcon_core.shell:Creating environment descriptor '/home/korey/Desktop/lio-sam_simulation_navigation/install/lio_sam_op/share/lio_sam_op/hook/ld_library_path_lib.dsv'
[0.864s] INFO:colcon.colcon_core.shell:Creating environment hook '/home/korey/Desktop/lio-sam_simulation_navigation/install/lio_sam_op/share/lio_sam_op/hook/ld_library_path_lib.sh'
[0.864s] Level 1:colcon.colcon_core.environment:checking '/home/korey/Desktop/lio-sam_simulation_navigation/install/lio_sam_op/bin'
[0.864s] Level 1:colcon.colcon_core.environment:checking '/home/korey/Desktop/lio-sam_simulation_navigation/install/lio_sam_op/lib/pkgconfig/lio_sam_op.pc'
[0.865s] Level 1:colcon.colcon_core.environment:checking '/home/korey/Desktop/lio-sam_simulation_navigation/install/lio_sam_op/lib/python3.8/site-packages'
[0.865s] Level 1:colcon.colcon_core.shell:create_environment_hook('lio_sam_op', 'pythonpath')
[0.865s] INFO:colcon.colcon_core.shell:Creating environment hook '/home/korey/Desktop/lio-sam_simulation_navigation/install/lio_sam_op/share/lio_sam_op/hook/pythonpath.ps1'
[0.865s] INFO:colcon.colcon_core.shell:Creating environment descriptor '/home/korey/Desktop/lio-sam_simulation_navigation/install/lio_sam_op/share/lio_sam_op/hook/pythonpath.dsv'
[0.866s] INFO:colcon.colcon_core.shell:Creating environment hook '/home/korey/Desktop/lio-sam_simulation_navigation/install/lio_sam_op/share/lio_sam_op/hook/pythonpath.sh'
[0.866s] Level 1:colcon.colcon_core.environment:checking '/home/korey/Desktop/lio-sam_simulation_navigation/install/lio_sam_op/bin'
[0.866s] INFO:colcon.colcon_core.shell:Creating package script '/home/korey/Desktop/lio-sam_simulation_navigation/install/lio_sam_op/share/lio_sam_op/package.ps1'
[0.867s] INFO:colcon.colcon_core.shell:Creating package descriptor '/home/korey/Desktop/lio-sam_simulation_navigation/install/lio_sam_op/share/lio_sam_op/package.dsv'
[0.867s] INFO:colcon.colcon_core.shell:Creating package script '/home/korey/Desktop/lio-sam_simulation_navigation/install/lio_sam_op/share/lio_sam_op/package.sh'
[0.868s] INFO:colcon.colcon_core.shell:Creating package script '/home/korey/Desktop/lio-sam_simulation_navigation/install/lio_sam_op/share/lio_sam_op/package.bash'
[0.868s] INFO:colcon.colcon_core.shell:Creating package script '/home/korey/Desktop/lio-sam_simulation_navigation/install/lio_sam_op/share/lio_sam_op/package.zsh'
[0.869s] Level 1:colcon.colcon_core.environment:create_file_with_runtime_dependencies(/home/korey/Desktop/lio-sam_simulation_navigation/install/lio_sam_op/share/colcon-core/packages/lio_sam_op)
[0.869s] DEBUG:colcon.colcon_parallel_executor.executor.parallel:closing loop
[0.869s] DEBUG:colcon.colcon_parallel_executor.executor.parallel:loop closed
[0.869s] DEBUG:colcon.colcon_parallel_executor.executor.parallel:run_until_complete finished with '0'
[0.869s] DEBUG:colcon.colcon_core.event_reactor:joining thread
[0.875s] INFO:colcon.colcon_core.plugin_system:Skipping extension 'colcon_notification.desktop_notification.terminal_notifier': Not used on non-Darwin systems
[0.876s] INFO:colcon.colcon_core.plugin_system:Skipping extension 'colcon_notification.desktop_notification.win32': Not used on non-Windows systems
[0.876s] INFO:colcon.colcon_notification.desktop_notification:Sending desktop notification using 'notify2'
[0.895s] DEBUG:colcon.colcon_core.event_reactor:joined thread
[0.895s] INFO:colcon.colcon_core.shell:Creating prefix script '/home/korey/Desktop/lio-sam_simulation_navigation/install/local_setup.ps1'
[0.897s] INFO:colcon.colcon_core.shell:Creating prefix util module '/home/korey/Desktop/lio-sam_simulation_navigation/install/_local_setup_util_ps1.py'
[0.899s] INFO:colcon.colcon_core.shell:Creating prefix chain script '/home/korey/Desktop/lio-sam_simulation_navigation/install/setup.ps1'
[0.901s] INFO:colcon.colcon_core.shell:Creating prefix script '/home/korey/Desktop/lio-sam_simulation_navigation/install/local_setup.sh'
[0.901s] INFO:colcon.colcon_core.shell:Creating prefix util module '/home/korey/Desktop/lio-sam_simulation_navigation/install/_local_setup_util_sh.py'
[0.902s] INFO:colcon.colcon_core.shell:Creating prefix chain script '/home/korey/Desktop/lio-sam_simulation_navigation/install/setup.sh'
[0.903s] INFO:colcon.colcon_core.shell:Creating prefix script '/home/korey/Desktop/lio-sam_simulation_navigation/install/local_setup.bash'
[0.903s] INFO:colcon.colcon_core.shell:Creating prefix chain script '/home/korey/Desktop/lio-sam_simulation_navigation/install/setup.bash'
[0.904s] INFO:colcon.colcon_core.shell:Creating prefix script '/home/korey/Desktop/lio-sam_simulation_navigation/install/local_setup.zsh'
[0.905s] INFO:colcon.colcon_core.shell:Creating prefix chain script '/home/korey/Desktop/lio-sam_simulation_navigation/install/setup.zsh'
