[0.028s] Invoking command in '/home/hdm/LIO-SAM/build/lio_sam': CMAKE_PREFIX_PATH=/opt/ros/humble /usr/bin/cmake --build /home/hdm/LIO-SAM/build/lio_sam -- -j24 -l24
[0.088s] [  8%] Built target lio_sam__rosidl_generator_c
[0.090s] [ 10%] Built target lio_sam__cpp
[0.090s] [ 10%] Built target ament_cmake_python_copy_lio_sam
[0.105s] [ 19%] Built target lio_sam__rosidl_typesupport_introspection_cpp
[0.108s] [ 27%] Built target lio_sam__rosidl_typesupport_cpp
[0.113s] [ 36%] Built target lio_sam__rosidl_typesupport_fastrtps_c
[0.116s] [ 44%] Built target lio_sam__rosidl_typesupport_fastrtps_cpp
[0.120s] [ 53%] Built target lio_sam__rosidl_typesupport_introspection_c
[0.125s] [ 61%] Built target lio_sam__rosidl_typesupport_c
[0.143s] [ 61%] Built target lio_sam
[0.156s] [ 63%] Built target lio_sam__py
[0.163s] [35m[1mConsolidate compiler generated dependencies of target lio_sam_mapOptimization[0m
[0.167s] [ 68%] Built target lio_sam_featureExtraction
[0.167s] [ 74%] Built target lio_sam__rosidl_generator_py
[0.172s] [ 78%] Built target lio_sam_imageProjection
[0.180s] [ 91%] Built target lio_sam__rosidl_typesupport_c__pyext
[0.180s] [ 91%] Built target lio_sam__rosidl_typesupport_introspection_c__pyext
[0.180s] [ 91%] Built target lio_sam__rosidl_typesupport_fastrtps_c__pyext
[0.182s] [ 95%] Built target lio_sam_imuPreintegration
[0.187s] [ 97%] [32mBuilding CXX object CMakeFiles/lio_sam_mapOptimization.dir/src/mapOptmization.cpp.o[0m
[0.226s] running egg_info
[0.226s] writing lio_sam.egg-info/PKG-INFO
[0.227s] writing dependency_links to lio_sam.egg-info/dependency_links.txt
[0.227s] writing top-level names to lio_sam.egg-info/top_level.txt
[0.228s] reading manifest file 'lio_sam.egg-info/SOURCES.txt'
[0.228s] writing manifest file 'lio_sam.egg-info/SOURCES.txt'
[0.241s] [ 97%] Built target ament_cmake_python_build_lio_sam_egg
[1.221s] In file included from [01m[K/home/hdm/LIO-SAM/include/lio_sam/utility.hpp:40[m[K,
[1.222s]                  from [01m[K/home/hdm/LIO-SAM/src/mapOptmization.cpp:1[m[K:
[1.222s] [01m[K/opt/ros/humble/include/tf2_eigen/tf2_eigen/tf2_eigen.h:32:2:[m[K [01;35m[Kwarning: [m[K#warning This header is obsolete, please include tf2_eigen/tf2_eigen.hpp instead [[01;35m[K]8;;https://gcc.gnu.org/onlinedocs/gcc/Warning-Options.html#index-Wcpp-Wcpp]8;;[m[K]
[1.222s]    32 | #[01;35m[Kwarning[m[K This header is obsolete, please include tf2_eigen/tf2_eigen.hpp instead
[1.222s]       |  [01;35m[K^~~~~~~[m[K
[1.231s] In file included from [01m[K/home/hdm/LIO-SAM/include/lio_sam/utility.hpp:41[m[K,
[1.231s]                  from [01m[K/home/hdm/LIO-SAM/src/mapOptmization.cpp:1[m[K:
[1.232s] [01m[K/opt/ros/humble/include/tf2_geometry_msgs/tf2_geometry_msgs/tf2_geometry_msgs.h:35:2:[m[K [01;35m[Kwarning: [m[K#warning This header is obsolete, please include tf2_geometry_msgs/tf2_geometry_msgs.hpp instead [[01;35m[K]8;;https://gcc.gnu.org/onlinedocs/gcc/Warning-Options.html#index-Wcpp-Wcpp]8;;[m[K]
[1.232s]    35 | #[01;35m[Kwarning[m[K This header is obsolete, please include tf2_geometry_msgs/tf2_geometry_msgs.hpp instead
[1.232s]       |  [01;35m[K^~~~~~~[m[K
[6.528s] [01m[K/home/hdm/LIO-SAM/src/mapOptmization.cpp:[m[K In member function ‘[01m[Kvoid mapOptimization::laserCloudInfoHandler(lio_sam::msg::CloudInfo_<std::allocator<void> >::SharedPtr)[m[K’:
[6.528s] [01m[K/home/hdm/LIO-SAM/src/mapOptmization.cpp:320:22:[m[K [01;31m[Kerror: [m[K‘[01m[KPointCloud2[m[K’ is not a member of ‘[01m[Ksensor_msgs[m[K’; did you mean ‘[01m[Ksensor_msgs::msg::PointCloud2[m[K’?
[6.528s]   320 |         sensor_msgs::[01;31m[KPointCloud2[m[K points;
[6.528s]       |                      [01;31m[K^~~~~~~~~~~[m[K
[6.528s] In file included from [01m[K/opt/ros/humble/include/sensor_msgs/sensor_msgs/msg/point_cloud2.hpp:7[m[K,
[6.528s]                  from [01m[K/home/hdm/LIO-SAM/include/lio_sam/utility.hpp:12[m[K,
[6.528s]                  from [01m[K/home/hdm/LIO-SAM/src/mapOptmization.cpp:1[m[K:
[6.528s] [01m[K/opt/ros/humble/include/sensor_msgs/sensor_msgs/msg/detail/point_cloud2__struct.hpp:235:7:[m[K [01;36m[Knote: [m[K‘[01m[Ksensor_msgs::msg::PointCloud2[m[K’ declared here
[6.529s]   235 | using [01;36m[KPointCloud2[m[K =
[6.529s]       |       [01;36m[K^~~~~~~~~~~[m[K
[6.543s] [01m[K/home/hdm/LIO-SAM/src/mapOptmization.cpp:321:25:[m[K [01;31m[Kerror: [m[K‘[01m[Kpoints[m[K’ was not declared in this scope; did you mean ‘[01m[Kprintf[m[K’?
[6.543s]   321 |         pcl::fromROSMsg([01;31m[Kpoints[m[K,  *laserCloudCornerLast);
[6.543s]       |                         [01;31m[K^~~~~~[m[K
[6.543s]       |                         [32m[Kprintf[m[K
[26.822s] gmake[2]: *** [CMakeFiles/lio_sam_mapOptimization.dir/build.make:76：CMakeFiles/lio_sam_mapOptimization.dir/src/mapOptmization.cpp.o] 错误 1
[26.823s] gmake[1]: *** [CMakeFiles/Makefile2:684：CMakeFiles/lio_sam_mapOptimization.dir/all] 错误 2
[26.823s] gmake: *** [Makefile:146：all] 错误 2
[26.827s] Invoked command in '/home/hdm/LIO-SAM/build/lio_sam' returned '2': CMAKE_PREFIX_PATH=/opt/ros/humble /usr/bin/cmake --build /home/hdm/LIO-SAM/build/lio_sam -- -j24 -l24
