[0.026s] Invoking command in '/home/korey/Desktop/lio-sam_simulation_navigation/build/pointcloud_to_laserscan': CMAKE_PREFIX_PATH=/opt/ros/foxy CONDA_PROMPT_MODIFIER=(base) /home/korey/.local/bin/cmake /home/korey/Desktop/lio-sam_simulation_navigation/src/pointcloud_to_laserscan -DAMENT_CMAKE_SYMLINK_INSTALL=1 -DCMAKE_INSTALL_PREFIX=/home/korey/Desktop/lio-sam_simulation_navigation/install/pointcloud_to_laserscan
[0.064s] -- Found ament_cmake_auto: 0.9.12 (/opt/ros/foxy/share/ament_cmake_auto/cmake)
[0.093s] -- Using PYTHON_EXECUTABLE: /usr/bin/python3
[0.285s] -- Override CMake install command with custom implementation using symlinks instead of copying resources
[0.397s] -- Using all available rosidl_typesupport_c: rosidl_typesupport_fastrtps_c;rosidl_typesupport_introspection_c
[0.400s] -- Found rosidl_adapter: 1.3.1 (/opt/ros/foxy/share/rosidl_adapter/cmake)
[0.551s] -- Using all available rosidl_typesupport_cpp: rosidl_typesupport_fastrtps_cpp;rosidl_typesupport_introspection_cpp
[0.604s] -- Found rmw_implementation_cmake: 1.0.4 (/opt/ros/foxy/share/rmw_implementation_cmake/cmake)
[0.605s] -- Using RMW implementation 'rmw_fastrtps_cpp' as default
[1.263s] -- Found ament_lint_auto: 0.9.8 (/opt/ros/foxy/share/ament_lint_auto/cmake)
[1.278s] -- Added test 'cppcheck' to perform static code analysis on C / C++ code
[1.278s] -- Configured cppcheck include dirs: /home/korey/Desktop/lio-sam_simulation_navigation/src/pointcloud_to_laserscan/include
[1.278s] -- Configured cppcheck exclude dirs and/or files: 
[1.280s] -- Added test 'cpplint' to check C / C++ code against the Google style
[1.280s] -- Configured cpplint exclude dirs and/or files: 
[1.280s] -- Added test 'flake8' to check Python code syntax and style conventions
[1.281s] -- Added test 'lint_cmake' to check CMake code style
[1.282s] -- Added test 'pep257' to check Python code against some of the style conventions in PEP 257
[1.284s] -- Added test 'uncrustify' to check C / C++ code style
[1.284s] -- Configured uncrustify additional arguments: 
[1.284s] -- Added test 'xmllint' to check XML markup files
[1.288s] -- Configuring done
[1.351s] -- Generating done
[1.355s] -- Build files have been written to: /home/korey/Desktop/lio-sam_simulation_navigation/build/pointcloud_to_laserscan
[1.364s] Invoked command in '/home/korey/Desktop/lio-sam_simulation_navigation/build/pointcloud_to_laserscan' returned '0': CMAKE_PREFIX_PATH=/opt/ros/foxy CONDA_PROMPT_MODIFIER=(base) /home/korey/.local/bin/cmake /home/korey/Desktop/lio-sam_simulation_navigation/src/pointcloud_to_laserscan -DAMENT_CMAKE_SYMLINK_INSTALL=1 -DCMAKE_INSTALL_PREFIX=/home/korey/Desktop/lio-sam_simulation_navigation/install/pointcloud_to_laserscan
[1.367s] Invoking command in '/home/korey/Desktop/lio-sam_simulation_navigation/build/pointcloud_to_laserscan': CMAKE_PREFIX_PATH=/opt/ros/foxy CONDA_PROMPT_MODIFIER=(base) /home/korey/.local/bin/cmake --build /home/korey/Desktop/lio-sam_simulation_navigation/build/pointcloud_to_laserscan -- -j12 -l12
[1.439s] [ 10%] [32m[1mLinking CXX executable pointcloud_to_laserscan_node[0m
[1.441s] [ 20%] [32m[1mLinking CXX executable laserscan_to_pointcloud_node[0m
[1.449s] [ 30%] [32m[1mLinking CXX shared library liblaserscan_to_pointcloud.so[0m
[1.582s] [ 40%] Built target pointcloud_to_laserscan_node
[1.620s] [ 50%] Built target laserscan_to_pointcloud_node
[1.644s] [ 60%] Built target laserscan_to_pointcloud
[1.678s] [ 70%] [32m[1mLinking CXX shared library libpointcloud_to_laserscan.so[0m
[1.830s] [ 80%] Built target pointcloud_to_laserscan
[1.860s] [ 90%] [32m[1mLinking CXX executable dummy_pointcloud_publisher[0m
[1.992s] [100%] Built target dummy_pointcloud_publisher
[2.004s] Invoked command in '/home/korey/Desktop/lio-sam_simulation_navigation/build/pointcloud_to_laserscan' returned '0': CMAKE_PREFIX_PATH=/opt/ros/foxy CONDA_PROMPT_MODIFIER=(base) /home/korey/.local/bin/cmake --build /home/korey/Desktop/lio-sam_simulation_navigation/build/pointcloud_to_laserscan -- -j12 -l12
[2.009s] Invoking command in '/home/korey/Desktop/lio-sam_simulation_navigation/build/pointcloud_to_laserscan': CMAKE_PREFIX_PATH=/opt/ros/foxy CONDA_PROMPT_MODIFIER=(base) /home/korey/.local/bin/cmake --install /home/korey/Desktop/lio-sam_simulation_navigation/build/pointcloud_to_laserscan
[2.041s] -- Install configuration: ""
[2.041s] -- Execute custom install script
[2.042s] -- Symlinking: /home/korey/Desktop/lio-sam_simulation_navigation/install/pointcloud_to_laserscan/lib/pointcloud_to_laserscan/laserscan_to_pointcloud_node
[2.047s] -- Symlinking: /home/korey/Desktop/lio-sam_simulation_navigation/install/pointcloud_to_laserscan/lib/pointcloud_to_laserscan/pointcloud_to_laserscan_node
[2.051s] -- Symlinking: /home/korey/Desktop/lio-sam_simulation_navigation/install/pointcloud_to_laserscan/include/pointcloud_to_laserscan/laserscan_to_pointcloud_node.hpp
[2.054s] -- Symlinking: /home/korey/Desktop/lio-sam_simulation_navigation/install/pointcloud_to_laserscan/include/pointcloud_to_laserscan/pointcloud_to_laserscan_node.hpp
[2.059s] -- Symlinking: /home/korey/Desktop/lio-sam_simulation_navigation/install/pointcloud_to_laserscan/include/pointcloud_to_laserscan/visibility_control.h
[2.064s] -- Symlinking: /home/korey/Desktop/lio-sam_simulation_navigation/install/pointcloud_to_laserscan/share/pointcloud_to_laserscan/environment/library_path.sh
[2.068s] -- Symlinking: /home/korey/Desktop/lio-sam_simulation_navigation/install/pointcloud_to_laserscan/share/pointcloud_to_laserscan/environment/library_path.dsv
[2.072s] -- Symlinking: /home/korey/Desktop/lio-sam_simulation_navigation/install/pointcloud_to_laserscan/lib/liblaserscan_to_pointcloud.so
[2.077s] -- Symlinking: /home/korey/Desktop/lio-sam_simulation_navigation/install/pointcloud_to_laserscan/lib/libpointcloud_to_laserscan.so
[2.081s] -- Symlinking: /home/korey/Desktop/lio-sam_simulation_navigation/install/pointcloud_to_laserscan/lib/pointcloud_to_laserscan/dummy_pointcloud_publisher
[2.086s] -- Symlinking: /home/korey/Desktop/lio-sam_simulation_navigation/install/pointcloud_to_laserscan/share/pointcloud_to_laserscan/launch/__pycache__/pointcloud_to_laserscan_launch.cpython-313.pyc
[2.090s] -- Symlinking: /home/korey/Desktop/lio-sam_simulation_navigation/install/pointcloud_to_laserscan/share/pointcloud_to_laserscan/launch/pointcloud_to_laserscan_launch.py
[2.095s] -- Symlinking: /home/korey/Desktop/lio-sam_simulation_navigation/install/pointcloud_to_laserscan/share/ament_index/resource_index/package_run_dependencies/pointcloud_to_laserscan
[2.099s] -- Symlinking: /home/korey/Desktop/lio-sam_simulation_navigation/install/pointcloud_to_laserscan/share/ament_index/resource_index/parent_prefix_path/pointcloud_to_laserscan
[2.103s] -- Symlinking: /home/korey/Desktop/lio-sam_simulation_navigation/install/pointcloud_to_laserscan/share/pointcloud_to_laserscan/environment/ament_prefix_path.sh
[2.109s] -- Symlinking: /home/korey/Desktop/lio-sam_simulation_navigation/install/pointcloud_to_laserscan/share/pointcloud_to_laserscan/environment/ament_prefix_path.dsv
[2.113s] -- Symlinking: /home/korey/Desktop/lio-sam_simulation_navigation/install/pointcloud_to_laserscan/share/pointcloud_to_laserscan/environment/path.sh
[2.118s] -- Symlinking: /home/korey/Desktop/lio-sam_simulation_navigation/install/pointcloud_to_laserscan/share/pointcloud_to_laserscan/environment/path.dsv
[2.122s] -- Symlinking: /home/korey/Desktop/lio-sam_simulation_navigation/install/pointcloud_to_laserscan/share/pointcloud_to_laserscan/local_setup.bash
[2.126s] -- Symlinking: /home/korey/Desktop/lio-sam_simulation_navigation/install/pointcloud_to_laserscan/share/pointcloud_to_laserscan/local_setup.sh
[2.131s] -- Symlinking: /home/korey/Desktop/lio-sam_simulation_navigation/install/pointcloud_to_laserscan/share/pointcloud_to_laserscan/local_setup.zsh
[2.136s] -- Symlinking: /home/korey/Desktop/lio-sam_simulation_navigation/install/pointcloud_to_laserscan/share/pointcloud_to_laserscan/local_setup.dsv
[2.140s] -- Symlinking: /home/korey/Desktop/lio-sam_simulation_navigation/install/pointcloud_to_laserscan/share/pointcloud_to_laserscan/package.dsv
[2.143s] -- Symlinking: /home/korey/Desktop/lio-sam_simulation_navigation/install/pointcloud_to_laserscan/share/ament_index/resource_index/packages/pointcloud_to_laserscan
[2.146s] -- Symlinking: /home/korey/Desktop/lio-sam_simulation_navigation/install/pointcloud_to_laserscan/share/ament_index/resource_index/rclcpp_components/pointcloud_to_laserscan
[2.149s] -- Symlinking: /home/korey/Desktop/lio-sam_simulation_navigation/install/pointcloud_to_laserscan/share/pointcloud_to_laserscan/cmake/ament_cmake_export_dependencies-extras.cmake
[2.153s] -- Symlinking: /home/korey/Desktop/lio-sam_simulation_navigation/install/pointcloud_to_laserscan/share/pointcloud_to_laserscan/cmake/ament_cmake_export_include_directories-extras.cmake
[2.155s] -- Symlinking: /home/korey/Desktop/lio-sam_simulation_navigation/install/pointcloud_to_laserscan/share/pointcloud_to_laserscan/cmake/ament_cmake_export_libraries-extras.cmake
[2.159s] -- Symlinking: /home/korey/Desktop/lio-sam_simulation_navigation/install/pointcloud_to_laserscan/share/pointcloud_to_laserscan/cmake/pointcloud_to_laserscanConfig.cmake
[2.164s] -- Symlinking: /home/korey/Desktop/lio-sam_simulation_navigation/install/pointcloud_to_laserscan/share/pointcloud_to_laserscan/cmake/pointcloud_to_laserscanConfig-version.cmake
[2.170s] -- Symlinking: /home/korey/Desktop/lio-sam_simulation_navigation/install/pointcloud_to_laserscan/share/pointcloud_to_laserscan/package.xml
[2.181s] Invoked command in '/home/korey/Desktop/lio-sam_simulation_navigation/build/pointcloud_to_laserscan' returned '0': CMAKE_PREFIX_PATH=/opt/ros/foxy CONDA_PROMPT_MODIFIER=(base) /home/korey/.local/bin/cmake --install /home/korey/Desktop/lio-sam_simulation_navigation/build/pointcloud_to_laserscan
