[0.039s] Invoking command in '/home/korey/Desktop/lio_nav2/build/pointcloud_to_laserscan': CMAKE_PREFIX_PATH=/opt/ros/foxy /home/korey/.local/bin/cmake --build /home/korey/Desktop/lio_nav2/build/pointcloud_to_laserscan -- -j12 -l12
[0.126s] [ 20%] Built target pointcloud_to_laserscan_node
[0.126s] [ 40%] Built target laserscan_to_pointcloud_node
[0.145s] [ 60%] Built target laserscan_to_pointcloud
[0.187s] [ 80%] Built target pointcloud_to_laserscan
[0.222s] [100%] Built target dummy_pointcloud_publisher
[0.274s] Invoked command in '/home/korey/Desktop/lio_nav2/build/pointcloud_to_laserscan' returned '0': CMAKE_PREFIX_PATH=/opt/ros/foxy /home/korey/.local/bin/cmake --build /home/korey/Desktop/lio_nav2/build/pointcloud_to_laserscan -- -j12 -l12
[0.278s] Invoking command in '/home/korey/Desktop/lio_nav2/build/pointcloud_to_laserscan': CMAKE_PREFIX_PATH=/opt/ros/foxy /home/korey/.local/bin/cmake --install /home/korey/Desktop/lio_nav2/build/pointcloud_to_laserscan
[0.304s] -- Install configuration: ""
[0.304s] -- Up-to-date: /home/korey/Desktop/lio_nav2/install/pointcloud_to_laserscan/lib/pointcloud_to_laserscan/laserscan_to_pointcloud_node
[0.305s] -- Up-to-date: /home/korey/Desktop/lio_nav2/install/pointcloud_to_laserscan/lib/pointcloud_to_laserscan/pointcloud_to_laserscan_node
[0.305s] -- Up-to-date: /home/korey/Desktop/lio_nav2/install/pointcloud_to_laserscan/include
[0.305s] -- Up-to-date: /home/korey/Desktop/lio_nav2/install/pointcloud_to_laserscan/include/pointcloud_to_laserscan
[0.305s] -- Up-to-date: /home/korey/Desktop/lio_nav2/install/pointcloud_to_laserscan/include/pointcloud_to_laserscan/pointcloud_to_laserscan_node.hpp
[0.305s] -- Up-to-date: /home/korey/Desktop/lio_nav2/install/pointcloud_to_laserscan/include/pointcloud_to_laserscan/visibility_control.h
[0.305s] -- Up-to-date: /home/korey/Desktop/lio_nav2/install/pointcloud_to_laserscan/include/pointcloud_to_laserscan/laserscan_to_pointcloud_node.hpp
[0.305s] -- Up-to-date: /home/korey/Desktop/lio_nav2/install/pointcloud_to_laserscan/share/pointcloud_to_laserscan/environment/library_path.sh
[0.305s] -- Up-to-date: /home/korey/Desktop/lio_nav2/install/pointcloud_to_laserscan/share/pointcloud_to_laserscan/environment/library_path.dsv
[0.306s] -- Up-to-date: /home/korey/Desktop/lio_nav2/install/pointcloud_to_laserscan/lib/liblaserscan_to_pointcloud.so
[0.306s] -- Up-to-date: /home/korey/Desktop/lio_nav2/install/pointcloud_to_laserscan/lib/libpointcloud_to_laserscan.so
[0.306s] -- Up-to-date: /home/korey/Desktop/lio_nav2/install/pointcloud_to_laserscan/lib/pointcloud_to_laserscan/dummy_pointcloud_publisher
[0.306s] -- Up-to-date: /home/korey/Desktop/lio_nav2/install/pointcloud_to_laserscan/share/pointcloud_to_laserscan/launch
[0.306s] -- Up-to-date: /home/korey/Desktop/lio_nav2/install/pointcloud_to_laserscan/share/pointcloud_to_laserscan/launch/__pycache__
[0.307s] -- Up-to-date: /home/korey/Desktop/lio_nav2/install/pointcloud_to_laserscan/share/pointcloud_to_laserscan/launch/__pycache__/pointcloud_to_laserscan_launch.cpython-313.pyc
[0.307s] -- Up-to-date: /home/korey/Desktop/lio_nav2/install/pointcloud_to_laserscan/share/pointcloud_to_laserscan/launch/pointcloud_to_laserscan_launch.py
[0.307s] -- Up-to-date: /home/korey/Desktop/lio_nav2/install/pointcloud_to_laserscan/share/ament_index/resource_index/package_run_dependencies/pointcloud_to_laserscan
[0.307s] -- Up-to-date: /home/korey/Desktop/lio_nav2/install/pointcloud_to_laserscan/share/ament_index/resource_index/parent_prefix_path/pointcloud_to_laserscan
[0.307s] -- Up-to-date: /home/korey/Desktop/lio_nav2/install/pointcloud_to_laserscan/share/pointcloud_to_laserscan/environment/ament_prefix_path.sh
[0.307s] -- Up-to-date: /home/korey/Desktop/lio_nav2/install/pointcloud_to_laserscan/share/pointcloud_to_laserscan/environment/ament_prefix_path.dsv
[0.308s] -- Up-to-date: /home/korey/Desktop/lio_nav2/install/pointcloud_to_laserscan/share/pointcloud_to_laserscan/environment/path.sh
[0.308s] -- Up-to-date: /home/korey/Desktop/lio_nav2/install/pointcloud_to_laserscan/share/pointcloud_to_laserscan/environment/path.dsv
[0.308s] -- Up-to-date: /home/korey/Desktop/lio_nav2/install/pointcloud_to_laserscan/share/pointcloud_to_laserscan/local_setup.bash
[0.308s] -- Up-to-date: /home/korey/Desktop/lio_nav2/install/pointcloud_to_laserscan/share/pointcloud_to_laserscan/local_setup.sh
[0.308s] -- Up-to-date: /home/korey/Desktop/lio_nav2/install/pointcloud_to_laserscan/share/pointcloud_to_laserscan/local_setup.zsh
[0.308s] -- Up-to-date: /home/korey/Desktop/lio_nav2/install/pointcloud_to_laserscan/share/pointcloud_to_laserscan/local_setup.dsv
[0.308s] -- Installing: /home/korey/Desktop/lio_nav2/install/pointcloud_to_laserscan/share/pointcloud_to_laserscan/package.dsv
[0.308s] -- Up-to-date: /home/korey/Desktop/lio_nav2/install/pointcloud_to_laserscan/share/ament_index/resource_index/packages/pointcloud_to_laserscan
[0.309s] -- Up-to-date: /home/korey/Desktop/lio_nav2/install/pointcloud_to_laserscan/share/ament_index/resource_index/rclcpp_components/pointcloud_to_laserscan
[0.309s] -- Up-to-date: /home/korey/Desktop/lio_nav2/install/pointcloud_to_laserscan/share/pointcloud_to_laserscan/cmake/ament_cmake_export_dependencies-extras.cmake
[0.309s] -- Up-to-date: /home/korey/Desktop/lio_nav2/install/pointcloud_to_laserscan/share/pointcloud_to_laserscan/cmake/ament_cmake_export_include_directories-extras.cmake
[0.309s] -- Up-to-date: /home/korey/Desktop/lio_nav2/install/pointcloud_to_laserscan/share/pointcloud_to_laserscan/cmake/ament_cmake_export_libraries-extras.cmake
[0.309s] -- Up-to-date: /home/korey/Desktop/lio_nav2/install/pointcloud_to_laserscan/share/pointcloud_to_laserscan/cmake/pointcloud_to_laserscanConfig.cmake
[0.309s] -- Up-to-date: /home/korey/Desktop/lio_nav2/install/pointcloud_to_laserscan/share/pointcloud_to_laserscan/cmake/pointcloud_to_laserscanConfig-version.cmake
[0.309s] -- Up-to-date: /home/korey/Desktop/lio_nav2/install/pointcloud_to_laserscan/share/pointcloud_to_laserscan/package.xml
[0.317s] Invoked command in '/home/korey/Desktop/lio_nav2/build/pointcloud_to_laserscan' returned '0': CMAKE_PREFIX_PATH=/opt/ros/foxy /home/korey/.local/bin/cmake --install /home/korey/Desktop/lio_nav2/build/pointcloud_to_laserscan
