[0.028s] Invoking command in '/home/hdm/LIO-SAM/build/lio_sam': CMAKE_PREFIX_PATH=/opt/ros/humble /usr/bin/cmake --build /home/hdm/LIO-SAM/build/lio_sam -- -j24 -l24
[0.096s] [  2%] Built target lio_sam__cpp
[0.101s] [ 10%] Built target lio_sam__rosidl_generator_c
[0.104s] [ 10%] Built target ament_cmake_python_copy_lio_sam
[0.113s] [ 19%] Built target lio_sam__rosidl_typesupport_fastrtps_cpp
[0.114s] [ 27%] Built target lio_sam__rosidl_typesupport_cpp
[0.115s] [ 42%] Built target lio_sam__rosidl_typesupport_fastrtps_c
[0.115s] [ 44%] Built target lio_sam__rosidl_typesupport_introspection_c
[0.116s] [ 53%] Built target lio_sam__rosidl_typesupport_c
[0.125s] [ 61%] Built target lio_sam__rosidl_typesupport_introspection_cpp
[0.145s] [ 61%] Built target lio_sam
[0.160s] [35m[1mConsolidate compiler generated dependencies of target lio_sam_mapOptimization[0m
[0.169s] [ 70%] Built target lio_sam_imageProjection
[0.169s] [ 70%] Built target lio_sam_featureExtraction
[0.170s] [ 72%] Built target lio_sam__py
[0.185s] [ 76%] [32mBuilding CXX object CMakeFiles/lio_sam_mapOptimization.dir/src/mapOptmization.cpp.o[0m
[0.185s] [ 78%] Built target lio_sam_imuPreintegration
[0.190s] [ 85%] Built target lio_sam__rosidl_generator_py
[0.203s] [ 93%] Built target lio_sam__rosidl_typesupport_fastrtps_c__pyext
[0.203s] [ 93%] Built target lio_sam__rosidl_typesupport_introspection_c__pyext
[0.210s] [ 97%] Built target lio_sam__rosidl_typesupport_c__pyext
[0.235s] running egg_info
[0.236s] writing lio_sam.egg-info/PKG-INFO
[0.236s] writing dependency_links to lio_sam.egg-info/dependency_links.txt
[0.236s] writing top-level names to lio_sam.egg-info/top_level.txt
[0.237s] reading manifest file 'lio_sam.egg-info/SOURCES.txt'
[0.237s] writing manifest file 'lio_sam.egg-info/SOURCES.txt'
[0.254s] [ 97%] Built target ament_cmake_python_build_lio_sam_egg
[1.212s] In file included from [01m[K/home/hdm/LIO-SAM/include/lio_sam/utility.hpp:40[m[K,
[1.212s]                  from [01m[K/home/hdm/LIO-SAM/src/mapOptmization.cpp:1[m[K:
[1.212s] [01m[K/opt/ros/humble/include/tf2_eigen/tf2_eigen/tf2_eigen.h:32:2:[m[K [01;35m[Kwarning: [m[K#warning This header is obsolete, please include tf2_eigen/tf2_eigen.hpp instead [[01;35m[K]8;;https://gcc.gnu.org/onlinedocs/gcc/Warning-Options.html#index-Wcpp-Wcpp]8;;[m[K]
[1.212s]    32 | #[01;35m[Kwarning[m[K This header is obsolete, please include tf2_eigen/tf2_eigen.hpp instead
[1.213s]       |  [01;35m[K^~~~~~~[m[K
[1.222s] In file included from [01m[K/home/hdm/LIO-SAM/include/lio_sam/utility.hpp:41[m[K,
[1.222s]                  from [01m[K/home/hdm/LIO-SAM/src/mapOptmization.cpp:1[m[K:
[1.222s] [01m[K/opt/ros/humble/include/tf2_geometry_msgs/tf2_geometry_msgs/tf2_geometry_msgs.h:35:2:[m[K [01;35m[Kwarning: [m[K#warning This header is obsolete, please include tf2_geometry_msgs/tf2_geometry_msgs.hpp instead [[01;35m[K]8;;https://gcc.gnu.org/onlinedocs/gcc/Warning-Options.html#index-Wcpp-Wcpp]8;;[m[K]
[1.222s]    35 | #[01;35m[Kwarning[m[K This header is obsolete, please include tf2_geometry_msgs/tf2_geometry_msgs.hpp instead
[1.223s]       |  [01;35m[K^~~~~~~[m[K
[33.863s] [100%] [32m[1mLinking CXX executable lio_sam_mapOptimization[0m
[34.172s] /usr/bin/ld: warning: libtbb.so.2, needed by /usr/lib/x86_64-linux-gnu/libopencv_core.so.4.5.4d, may conflict with libtbb.so.12
[34.292s] [100%] Built target lio_sam_mapOptimization
[34.308s] Invoked command in '/home/hdm/LIO-SAM/build/lio_sam' returned '0': CMAKE_PREFIX_PATH=/opt/ros/humble /usr/bin/cmake --build /home/hdm/LIO-SAM/build/lio_sam -- -j24 -l24
[34.446s] Invoking command in '/home/hdm/LIO-SAM/build/lio_sam': CMAKE_PREFIX_PATH=/opt/ros/humble /usr/bin/cmake --install /home/hdm/LIO-SAM/build/lio_sam
[34.456s] -- Install configuration: "Release"
[34.456s] -- Up-to-date: /home/hdm/LIO-SAM/install/lio_sam/share/ament_index/resource_index/rosidl_interfaces/lio_sam
[34.457s] -- Up-to-date: /home/hdm/LIO-SAM/install/lio_sam/include/lio_sam/lio_sam
[34.457s] -- Up-to-date: /home/hdm/LIO-SAM/install/lio_sam/include/lio_sam/lio_sam/msg
[34.458s] -- Up-to-date: /home/hdm/LIO-SAM/install/lio_sam/include/lio_sam/lio_sam/msg/detail
[34.458s] -- Up-to-date: /home/hdm/LIO-SAM/install/lio_sam/include/lio_sam/lio_sam/msg/detail/cloud_info__functions.h
[34.458s] -- Up-to-date: /home/hdm/LIO-SAM/install/lio_sam/include/lio_sam/lio_sam/msg/detail/cloud_info__type_support.h
[34.458s] -- Up-to-date: /home/hdm/LIO-SAM/install/lio_sam/include/lio_sam/lio_sam/msg/detail/cloud_info__struct.h
[34.458s] -- Up-to-date: /home/hdm/LIO-SAM/install/lio_sam/include/lio_sam/lio_sam/msg/detail/cloud_info__functions.c
[34.458s] -- Up-to-date: /home/hdm/LIO-SAM/install/lio_sam/include/lio_sam/lio_sam/msg/rosidl_generator_c__visibility_control.h
[34.458s] -- Up-to-date: /home/hdm/LIO-SAM/install/lio_sam/include/lio_sam/lio_sam/msg/cloud_info.h
[34.458s] -- Up-to-date: /home/hdm/LIO-SAM/install/lio_sam/include/lio_sam/lio_sam/srv
[34.458s] -- Up-to-date: /home/hdm/LIO-SAM/install/lio_sam/include/lio_sam/lio_sam/srv/detail
[34.459s] -- Up-to-date: /home/hdm/LIO-SAM/install/lio_sam/include/lio_sam/lio_sam/srv/detail/save_map__struct.h
[34.459s] -- Up-to-date: /home/hdm/LIO-SAM/install/lio_sam/include/lio_sam/lio_sam/srv/detail/save_map__type_support.h
[34.459s] -- Up-to-date: /home/hdm/LIO-SAM/install/lio_sam/include/lio_sam/lio_sam/srv/detail/save_map__functions.h
[34.459s] -- Up-to-date: /home/hdm/LIO-SAM/install/lio_sam/include/lio_sam/lio_sam/srv/detail/save_map__functions.c
[34.459s] -- Up-to-date: /home/hdm/LIO-SAM/install/lio_sam/include/lio_sam/lio_sam/srv/save_map.h
[34.459s] -- Up-to-date: /home/hdm/LIO-SAM/install/lio_sam/share/lio_sam/environment/library_path.sh
[34.459s] -- Up-to-date: /home/hdm/LIO-SAM/install/lio_sam/share/lio_sam/environment/library_path.dsv
[34.459s] -- Up-to-date: /home/hdm/LIO-SAM/install/lio_sam/lib/liblio_sam__rosidl_generator_c.so
[34.459s] -- Up-to-date: /home/hdm/LIO-SAM/install/lio_sam/include/lio_sam/lio_sam
[34.459s] -- Up-to-date: /home/hdm/LIO-SAM/install/lio_sam/include/lio_sam/lio_sam/msg
[34.460s] -- Up-to-date: /home/hdm/LIO-SAM/install/lio_sam/include/lio_sam/lio_sam/msg/detail
[34.460s] -- Up-to-date: /home/hdm/LIO-SAM/install/lio_sam/include/lio_sam/lio_sam/msg/detail/cloud_info__rosidl_typesupport_fastrtps_c.h
[34.460s] -- Up-to-date: /home/hdm/LIO-SAM/install/lio_sam/include/lio_sam/lio_sam/msg/rosidl_typesupport_fastrtps_c__visibility_control.h
[34.460s] -- Up-to-date: /home/hdm/LIO-SAM/install/lio_sam/include/lio_sam/lio_sam/srv
[34.460s] -- Up-to-date: /home/hdm/LIO-SAM/install/lio_sam/include/lio_sam/lio_sam/srv/detail
[34.460s] -- Up-to-date: /home/hdm/LIO-SAM/install/lio_sam/include/lio_sam/lio_sam/srv/detail/save_map__rosidl_typesupport_fastrtps_c.h
[34.460s] -- Up-to-date: /home/hdm/LIO-SAM/install/lio_sam/lib/liblio_sam__rosidl_typesupport_fastrtps_c.so
[34.460s] -- Up-to-date: /home/hdm/LIO-SAM/install/lio_sam/include/lio_sam/lio_sam
[34.460s] -- Up-to-date: /home/hdm/LIO-SAM/install/lio_sam/include/lio_sam/lio_sam/msg
[34.460s] -- Up-to-date: /home/hdm/LIO-SAM/install/lio_sam/include/lio_sam/lio_sam/msg/detail
[34.460s] -- Up-to-date: /home/hdm/LIO-SAM/install/lio_sam/include/lio_sam/lio_sam/msg/detail/cloud_info__type_support.c
[34.460s] -- Up-to-date: /home/hdm/LIO-SAM/install/lio_sam/include/lio_sam/lio_sam/msg/detail/cloud_info__rosidl_typesupport_introspection_c.h
[34.461s] -- Up-to-date: /home/hdm/LIO-SAM/install/lio_sam/include/lio_sam/lio_sam/msg/rosidl_typesupport_introspection_c__visibility_control.h
[34.461s] -- Up-to-date: /home/hdm/LIO-SAM/install/lio_sam/include/lio_sam/lio_sam/srv
[34.461s] -- Up-to-date: /home/hdm/LIO-SAM/install/lio_sam/include/lio_sam/lio_sam/srv/detail
[34.461s] -- Up-to-date: /home/hdm/LIO-SAM/install/lio_sam/include/lio_sam/lio_sam/srv/detail/save_map__rosidl_typesupport_introspection_c.h
[34.461s] -- Up-to-date: /home/hdm/LIO-SAM/install/lio_sam/include/lio_sam/lio_sam/srv/detail/save_map__type_support.c
[34.461s] -- Up-to-date: /home/hdm/LIO-SAM/install/lio_sam/lib/liblio_sam__rosidl_typesupport_introspection_c.so
[34.461s] -- Up-to-date: /home/hdm/LIO-SAM/install/lio_sam/lib/liblio_sam__rosidl_typesupport_c.so
[34.461s] -- Up-to-date: /home/hdm/LIO-SAM/install/lio_sam/include/lio_sam/lio_sam
[34.462s] -- Up-to-date: /home/hdm/LIO-SAM/install/lio_sam/include/lio_sam/lio_sam/msg
[34.462s] -- Up-to-date: /home/hdm/LIO-SAM/install/lio_sam/include/lio_sam/lio_sam/msg/detail
[34.462s] -- Up-to-date: /home/hdm/LIO-SAM/install/lio_sam/include/lio_sam/lio_sam/msg/detail/cloud_info__builder.hpp
[34.462s] -- Up-to-date: /home/hdm/LIO-SAM/install/lio_sam/include/lio_sam/lio_sam/msg/detail/cloud_info__traits.hpp
[34.462s] -- Up-to-date: /home/hdm/LIO-SAM/install/lio_sam/include/lio_sam/lio_sam/msg/detail/cloud_info__struct.hpp
[34.462s] -- Up-to-date: /home/hdm/LIO-SAM/install/lio_sam/include/lio_sam/lio_sam/msg/cloud_info.hpp
[34.462s] -- Up-to-date: /home/hdm/LIO-SAM/install/lio_sam/include/lio_sam/lio_sam/srv
[34.462s] -- Up-to-date: /home/hdm/LIO-SAM/install/lio_sam/include/lio_sam/lio_sam/srv/save_map.hpp
[34.462s] -- Up-to-date: /home/hdm/LIO-SAM/install/lio_sam/include/lio_sam/lio_sam/srv/detail
[34.462s] -- Up-to-date: /home/hdm/LIO-SAM/install/lio_sam/include/lio_sam/lio_sam/srv/detail/save_map__struct.hpp
[34.462s] -- Up-to-date: /home/hdm/LIO-SAM/install/lio_sam/include/lio_sam/lio_sam/srv/detail/save_map__builder.hpp
[34.462s] -- Up-to-date: /home/hdm/LIO-SAM/install/lio_sam/include/lio_sam/lio_sam/srv/detail/save_map__traits.hpp
[34.462s] -- Up-to-date: /home/hdm/LIO-SAM/install/lio_sam/include/lio_sam/lio_sam
[34.463s] -- Up-to-date: /home/hdm/LIO-SAM/install/lio_sam/include/lio_sam/lio_sam/msg
[34.463s] -- Up-to-date: /home/hdm/LIO-SAM/install/lio_sam/include/lio_sam/lio_sam/msg/rosidl_typesupport_fastrtps_cpp__visibility_control.h
[34.463s] -- Up-to-date: /home/hdm/LIO-SAM/install/lio_sam/include/lio_sam/lio_sam/msg/detail
[34.463s] -- Up-to-date: /home/hdm/LIO-SAM/install/lio_sam/include/lio_sam/lio_sam/msg/detail/cloud_info__rosidl_typesupport_fastrtps_cpp.hpp
[34.463s] -- Up-to-date: /home/hdm/LIO-SAM/install/lio_sam/include/lio_sam/lio_sam/msg/detail/dds_fastrtps
[34.463s] -- Up-to-date: /home/hdm/LIO-SAM/install/lio_sam/include/lio_sam/lio_sam/srv
[34.463s] -- Up-to-date: /home/hdm/LIO-SAM/install/lio_sam/include/lio_sam/lio_sam/srv/detail
[34.463s] -- Up-to-date: /home/hdm/LIO-SAM/install/lio_sam/include/lio_sam/lio_sam/srv/detail/save_map__rosidl_typesupport_fastrtps_cpp.hpp
[34.463s] -- Up-to-date: /home/hdm/LIO-SAM/install/lio_sam/include/lio_sam/lio_sam/srv/detail/dds_fastrtps
[34.463s] -- Up-to-date: /home/hdm/LIO-SAM/install/lio_sam/lib/liblio_sam__rosidl_typesupport_fastrtps_cpp.so
[34.463s] -- Up-to-date: /home/hdm/LIO-SAM/install/lio_sam/include/lio_sam/lio_sam
[34.463s] -- Up-to-date: /home/hdm/LIO-SAM/install/lio_sam/include/lio_sam/lio_sam/msg
[34.463s] -- Up-to-date: /home/hdm/LIO-SAM/install/lio_sam/include/lio_sam/lio_sam/msg/detail
[34.464s] -- Up-to-date: /home/hdm/LIO-SAM/install/lio_sam/include/lio_sam/lio_sam/msg/detail/cloud_info__rosidl_typesupport_introspection_cpp.hpp
[34.464s] -- Up-to-date: /home/hdm/LIO-SAM/install/lio_sam/include/lio_sam/lio_sam/msg/detail/cloud_info__type_support.cpp
[34.464s] -- Up-to-date: /home/hdm/LIO-SAM/install/lio_sam/include/lio_sam/lio_sam/srv
[34.464s] -- Up-to-date: /home/hdm/LIO-SAM/install/lio_sam/include/lio_sam/lio_sam/srv/detail
[34.464s] -- Up-to-date: /home/hdm/LIO-SAM/install/lio_sam/include/lio_sam/lio_sam/srv/detail/save_map__rosidl_typesupport_introspection_cpp.hpp
[34.464s] -- Up-to-date: /home/hdm/LIO-SAM/install/lio_sam/include/lio_sam/lio_sam/srv/detail/save_map__type_support.cpp
[34.464s] -- Up-to-date: /home/hdm/LIO-SAM/install/lio_sam/lib/liblio_sam__rosidl_typesupport_introspection_cpp.so
[34.464s] -- Up-to-date: /home/hdm/LIO-SAM/install/lio_sam/lib/liblio_sam__rosidl_typesupport_cpp.so
[34.464s] -- Up-to-date: /home/hdm/LIO-SAM/install/lio_sam/share/lio_sam/environment/pythonpath.sh
[34.464s] -- Up-to-date: /home/hdm/LIO-SAM/install/lio_sam/share/lio_sam/environment/pythonpath.dsv
[34.464s] -- Up-to-date: /home/hdm/LIO-SAM/install/lio_sam/local/lib/python3.10/dist-packages/lio_sam-1.0.0-py3.10.egg-info
[34.464s] -- Installing: /home/hdm/LIO-SAM/install/lio_sam/local/lib/python3.10/dist-packages/lio_sam-1.0.0-py3.10.egg-info/dependency_links.txt
[34.464s] -- Installing: /home/hdm/LIO-SAM/install/lio_sam/local/lib/python3.10/dist-packages/lio_sam-1.0.0-py3.10.egg-info/top_level.txt
[34.464s] -- Installing: /home/hdm/LIO-SAM/install/lio_sam/local/lib/python3.10/dist-packages/lio_sam-1.0.0-py3.10.egg-info/PKG-INFO
[34.465s] -- Installing: /home/hdm/LIO-SAM/install/lio_sam/local/lib/python3.10/dist-packages/lio_sam-1.0.0-py3.10.egg-info/SOURCES.txt
[34.465s] -- Up-to-date: /home/hdm/LIO-SAM/install/lio_sam/local/lib/python3.10/dist-packages/lio_sam
[34.465s] -- Up-to-date: /home/hdm/LIO-SAM/install/lio_sam/local/lib/python3.10/dist-packages/lio_sam/__init__.py
[34.465s] -- Up-to-date: /home/hdm/LIO-SAM/install/lio_sam/local/lib/python3.10/dist-packages/lio_sam/msg
[34.465s] -- Up-to-date: /home/hdm/LIO-SAM/install/lio_sam/local/lib/python3.10/dist-packages/lio_sam/msg/__init__.py
[34.465s] -- Up-to-date: /home/hdm/LIO-SAM/install/lio_sam/local/lib/python3.10/dist-packages/lio_sam/msg/_cloud_info.py
[34.465s] -- Up-to-date: /home/hdm/LIO-SAM/install/lio_sam/local/lib/python3.10/dist-packages/lio_sam/msg/_cloud_info_s.c
[34.465s] -- Up-to-date: /home/hdm/LIO-SAM/install/lio_sam/local/lib/python3.10/dist-packages/lio_sam/_lio_sam_s.ep.rosidl_typesupport_c.c
[34.465s] -- Up-to-date: /home/hdm/LIO-SAM/install/lio_sam/local/lib/python3.10/dist-packages/lio_sam/liblio_sam__rosidl_generator_py.so
[34.465s] -- Up-to-date: /home/hdm/LIO-SAM/install/lio_sam/local/lib/python3.10/dist-packages/lio_sam/lio_sam_s__rosidl_typesupport_introspection_c.cpython-310-x86_64-linux-gnu.so
[34.465s] -- Up-to-date: /home/hdm/LIO-SAM/install/lio_sam/local/lib/python3.10/dist-packages/lio_sam/lio_sam_s__rosidl_typesupport_c.cpython-310-x86_64-linux-gnu.so
[34.465s] -- Up-to-date: /home/hdm/LIO-SAM/install/lio_sam/local/lib/python3.10/dist-packages/lio_sam/_lio_sam_s.ep.rosidl_typesupport_fastrtps_c.c
[34.465s] -- Up-to-date: /home/hdm/LIO-SAM/install/lio_sam/local/lib/python3.10/dist-packages/lio_sam/_lio_sam_s.ep.rosidl_typesupport_introspection_c.c
[34.465s] -- Up-to-date: /home/hdm/LIO-SAM/install/lio_sam/local/lib/python3.10/dist-packages/lio_sam/srv
[34.466s] -- Up-to-date: /home/hdm/LIO-SAM/install/lio_sam/local/lib/python3.10/dist-packages/lio_sam/srv/__init__.py
[34.466s] -- Up-to-date: /home/hdm/LIO-SAM/install/lio_sam/local/lib/python3.10/dist-packages/lio_sam/srv/_save_map.py
[34.466s] -- Up-to-date: /home/hdm/LIO-SAM/install/lio_sam/local/lib/python3.10/dist-packages/lio_sam/srv/_save_map_s.c
[34.466s] -- Up-to-date: /home/hdm/LIO-SAM/install/lio_sam/local/lib/python3.10/dist-packages/lio_sam/lio_sam_s__rosidl_typesupport_fastrtps_c.cpython-310-x86_64-linux-gnu.so
[34.498s] Listing '/home/hdm/LIO-SAM/install/lio_sam/local/lib/python3.10/dist-packages/lio_sam'...
[34.498s] Listing '/home/hdm/LIO-SAM/install/lio_sam/local/lib/python3.10/dist-packages/lio_sam/msg'...
[34.498s] Listing '/home/hdm/LIO-SAM/install/lio_sam/local/lib/python3.10/dist-packages/lio_sam/srv'...
[34.501s] -- Up-to-date: /home/hdm/LIO-SAM/install/lio_sam/local/lib/python3.10/dist-packages/lio_sam/lio_sam_s__rosidl_typesupport_fastrtps_c.cpython-310-x86_64-linux-gnu.so
[34.501s] -- Up-to-date: /home/hdm/LIO-SAM/install/lio_sam/local/lib/python3.10/dist-packages/lio_sam/lio_sam_s__rosidl_typesupport_introspection_c.cpython-310-x86_64-linux-gnu.so
[34.502s] -- Up-to-date: /home/hdm/LIO-SAM/install/lio_sam/local/lib/python3.10/dist-packages/lio_sam/lio_sam_s__rosidl_typesupport_c.cpython-310-x86_64-linux-gnu.so
[34.503s] -- Up-to-date: /home/hdm/LIO-SAM/install/lio_sam/lib/liblio_sam__rosidl_generator_py.so
[34.503s] -- Up-to-date: /home/hdm/LIO-SAM/install/lio_sam/share/lio_sam/msg/CloudInfo.idl
[34.503s] -- Up-to-date: /home/hdm/LIO-SAM/install/lio_sam/share/lio_sam/srv/SaveMap.idl
[34.504s] -- Up-to-date: /home/hdm/LIO-SAM/install/lio_sam/share/lio_sam/msg/CloudInfo.msg
[34.504s] -- Up-to-date: /home/hdm/LIO-SAM/install/lio_sam/share/lio_sam/srv/SaveMap.srv
[34.504s] -- Up-to-date: /home/hdm/LIO-SAM/install/lio_sam/share/lio_sam/srv/SaveMap_Request.msg
[34.504s] -- Up-to-date: /home/hdm/LIO-SAM/install/lio_sam/share/lio_sam/srv/SaveMap_Response.msg
[34.505s] -- Up-to-date: /home/hdm/LIO-SAM/install/lio_sam/share/lio_sam//launch
[34.505s] -- Up-to-date: /home/hdm/LIO-SAM/install/lio_sam/share/lio_sam//launch/run.launch.py
[34.505s] -- Up-to-date: /home/hdm/LIO-SAM/install/lio_sam/share/lio_sam//config
[34.505s] -- Up-to-date: /home/hdm/LIO-SAM/install/lio_sam/share/lio_sam//config/robot.urdf.xacro
[34.506s] -- Up-to-date: /home/hdm/LIO-SAM/install/lio_sam/share/lio_sam//config/params.yaml
[34.506s] -- Up-to-date: /home/hdm/LIO-SAM/install/lio_sam/share/lio_sam//config/rviz2.rviz
[34.506s] -- Up-to-date: /home/hdm/LIO-SAM/install/lio_sam/share/lio_sam//config/doc
[34.507s] -- Up-to-date: /home/hdm/LIO-SAM/install/lio_sam/share/lio_sam//config/doc/loop-closure.gif
[34.507s] -- Up-to-date: /home/hdm/LIO-SAM/install/lio_sam/share/lio_sam//config/doc/imu-debug.gif
[34.508s] -- Up-to-date: /home/hdm/LIO-SAM/install/lio_sam/share/lio_sam//config/doc/system.png
[34.508s] -- Up-to-date: /home/hdm/LIO-SAM/install/lio_sam/share/lio_sam//config/doc/paper.pdf
[34.509s] -- Up-to-date: /home/hdm/LIO-SAM/install/lio_sam/share/lio_sam//config/doc/gps-demo.gif
[34.509s] -- Up-to-date: /home/hdm/LIO-SAM/install/lio_sam/share/lio_sam//config/doc/kitti-map.png
[34.509s] -- Up-to-date: /home/hdm/LIO-SAM/install/lio_sam/share/lio_sam//config/doc/device-jackal.png
[34.509s] -- Up-to-date: /home/hdm/LIO-SAM/install/lio_sam/share/lio_sam//config/doc/imu-transform.png
[34.510s] -- Up-to-date: /home/hdm/LIO-SAM/install/lio_sam/share/lio_sam//config/doc/ouster-demo.gif
[34.510s] -- Up-to-date: /home/hdm/LIO-SAM/install/lio_sam/share/lio_sam//config/doc/device-hand-2.png
[34.511s] -- Up-to-date: /home/hdm/LIO-SAM/install/lio_sam/share/lio_sam//config/doc/kitti2bag
[34.511s] -- Up-to-date: /home/hdm/LIO-SAM/install/lio_sam/share/lio_sam//config/doc/kitti2bag/README.md
[34.512s] -- Up-to-date: /home/hdm/LIO-SAM/install/lio_sam/share/lio_sam//config/doc/kitti2bag/kitti2bag.py
[34.513s] -- Up-to-date: /home/hdm/LIO-SAM/install/lio_sam/share/lio_sam//config/doc/device-hand.png
[34.514s] -- Up-to-date: /home/hdm/LIO-SAM/install/lio_sam/share/lio_sam//config/doc/demo.gif
[34.515s] -- Up-to-date: /home/hdm/LIO-SAM/install/lio_sam/share/lio_sam//config/doc/kitti-demo.gif
[34.516s] -- Up-to-date: /home/hdm/LIO-SAM/install/lio_sam/share/lio_sam//config/doc/device-boat.png
[34.516s] -- Up-to-date: /home/hdm/LIO-SAM/install/lio_sam/share/lio_sam//config/doc/ouster-device.jpg
[34.517s] -- Up-to-date: /home/hdm/LIO-SAM/install/lio_sam/share/lio_sam//config/doc/loop-closure-2.gif
[34.518s] -- Up-to-date: /home/hdm/LIO-SAM/install/lio_sam/lib/lio_sam/lio_sam_imageProjection
[34.519s] -- Up-to-date: /home/hdm/LIO-SAM/install/lio_sam/lib/lio_sam/lio_sam_imuPreintegration
[34.519s] -- Up-to-date: /home/hdm/LIO-SAM/install/lio_sam/lib/lio_sam/lio_sam_featureExtraction
[34.519s] -- Installing: /home/hdm/LIO-SAM/install/lio_sam/lib/lio_sam/lio_sam_mapOptimization
[34.520s] -- Set runtime path of "/home/hdm/LIO-SAM/install/lio_sam/lib/lio_sam/lio_sam_mapOptimization" to ""
[34.520s] -- Up-to-date: /home/hdm/LIO-SAM/install/lio_sam/include
[34.520s] -- Up-to-date: /home/hdm/LIO-SAM/install/lio_sam/include/lio_sam
[34.520s] -- Up-to-date: /home/hdm/LIO-SAM/install/lio_sam/include/lio_sam/utility.hpp
[34.520s] -- Up-to-date: /home/hdm/LIO-SAM/install/lio_sam/share/ament_index/resource_index/package_run_dependencies/lio_sam
[34.520s] -- Up-to-date: /home/hdm/LIO-SAM/install/lio_sam/share/ament_index/resource_index/parent_prefix_path/lio_sam
[34.521s] -- Up-to-date: /home/hdm/LIO-SAM/install/lio_sam/share/lio_sam/environment/ament_prefix_path.sh
[34.521s] -- Up-to-date: /home/hdm/LIO-SAM/install/lio_sam/share/lio_sam/environment/ament_prefix_path.dsv
[34.521s] -- Up-to-date: /home/hdm/LIO-SAM/install/lio_sam/share/lio_sam/environment/path.sh
[34.521s] -- Up-to-date: /home/hdm/LIO-SAM/install/lio_sam/share/lio_sam/environment/path.dsv
[34.521s] -- Up-to-date: /home/hdm/LIO-SAM/install/lio_sam/share/lio_sam/local_setup.bash
[34.521s] -- Up-to-date: /home/hdm/LIO-SAM/install/lio_sam/share/lio_sam/local_setup.sh
[34.521s] -- Up-to-date: /home/hdm/LIO-SAM/install/lio_sam/share/lio_sam/local_setup.zsh
[34.521s] -- Up-to-date: /home/hdm/LIO-SAM/install/lio_sam/share/lio_sam/local_setup.dsv
[34.522s] -- Installing: /home/hdm/LIO-SAM/install/lio_sam/share/lio_sam/package.dsv
[34.522s] -- Up-to-date: /home/hdm/LIO-SAM/install/lio_sam/share/ament_index/resource_index/packages/lio_sam
[34.522s] -- Up-to-date: /home/hdm/LIO-SAM/install/lio_sam/share/lio_sam/cmake/export_lio_sam__rosidl_generator_cExport.cmake
[34.523s] -- Up-to-date: /home/hdm/LIO-SAM/install/lio_sam/share/lio_sam/cmake/export_lio_sam__rosidl_generator_cExport-release.cmake
[34.523s] -- Up-to-date: /home/hdm/LIO-SAM/install/lio_sam/share/lio_sam/cmake/export_lio_sam__rosidl_typesupport_fastrtps_cExport.cmake
[34.524s] -- Up-to-date: /home/hdm/LIO-SAM/install/lio_sam/share/lio_sam/cmake/export_lio_sam__rosidl_typesupport_fastrtps_cExport-release.cmake
[34.524s] -- Up-to-date: /home/hdm/LIO-SAM/install/lio_sam/share/lio_sam/cmake/lio_sam__rosidl_typesupport_introspection_cExport.cmake
[34.524s] -- Up-to-date: /home/hdm/LIO-SAM/install/lio_sam/share/lio_sam/cmake/lio_sam__rosidl_typesupport_introspection_cExport-release.cmake
[34.524s] -- Up-to-date: /home/hdm/LIO-SAM/install/lio_sam/share/lio_sam/cmake/lio_sam__rosidl_typesupport_cExport.cmake
[34.525s] -- Up-to-date: /home/hdm/LIO-SAM/install/lio_sam/share/lio_sam/cmake/lio_sam__rosidl_typesupport_cExport-release.cmake
[34.525s] -- Up-to-date: /home/hdm/LIO-SAM/install/lio_sam/share/lio_sam/cmake/export_lio_sam__rosidl_generator_cppExport.cmake
[34.526s] -- Up-to-date: /home/hdm/LIO-SAM/install/lio_sam/share/lio_sam/cmake/export_lio_sam__rosidl_typesupport_fastrtps_cppExport.cmake
[34.526s] -- Up-to-date: /home/hdm/LIO-SAM/install/lio_sam/share/lio_sam/cmake/export_lio_sam__rosidl_typesupport_fastrtps_cppExport-release.cmake
[34.526s] -- Up-to-date: /home/hdm/LIO-SAM/install/lio_sam/share/lio_sam/cmake/lio_sam__rosidl_typesupport_introspection_cppExport.cmake
[34.526s] -- Up-to-date: /home/hdm/LIO-SAM/install/lio_sam/share/lio_sam/cmake/lio_sam__rosidl_typesupport_introspection_cppExport-release.cmake
[34.527s] -- Up-to-date: /home/hdm/LIO-SAM/install/lio_sam/share/lio_sam/cmake/lio_sam__rosidl_typesupport_cppExport.cmake
[34.527s] -- Up-to-date: /home/hdm/LIO-SAM/install/lio_sam/share/lio_sam/cmake/lio_sam__rosidl_typesupport_cppExport-release.cmake
[34.527s] -- Up-to-date: /home/hdm/LIO-SAM/install/lio_sam/share/lio_sam/cmake/export_lio_sam__rosidl_generator_pyExport.cmake
[34.528s] -- Up-to-date: /home/hdm/LIO-SAM/install/lio_sam/share/lio_sam/cmake/export_lio_sam__rosidl_generator_pyExport-release.cmake
[34.528s] -- Up-to-date: /home/hdm/LIO-SAM/install/lio_sam/share/lio_sam/cmake/rosidl_cmake-extras.cmake
[34.528s] -- Up-to-date: /home/hdm/LIO-SAM/install/lio_sam/share/lio_sam/cmake/ament_cmake_export_dependencies-extras.cmake
[34.529s] -- Up-to-date: /home/hdm/LIO-SAM/install/lio_sam/share/lio_sam/cmake/ament_cmake_export_include_directories-extras.cmake
[34.529s] -- Up-to-date: /home/hdm/LIO-SAM/install/lio_sam/share/lio_sam/cmake/ament_cmake_export_libraries-extras.cmake
[34.530s] -- Up-to-date: /home/hdm/LIO-SAM/install/lio_sam/share/lio_sam/cmake/ament_cmake_export_targets-extras.cmake
[34.530s] -- Up-to-date: /home/hdm/LIO-SAM/install/lio_sam/share/lio_sam/cmake/rosidl_cmake_export_typesupport_targets-extras.cmake
[34.530s] -- Up-to-date: /home/hdm/LIO-SAM/install/lio_sam/share/lio_sam/cmake/rosidl_cmake_export_typesupport_libraries-extras.cmake
[34.530s] -- Up-to-date: /home/hdm/LIO-SAM/install/lio_sam/share/lio_sam/cmake/lio_samConfig.cmake
[34.530s] -- Up-to-date: /home/hdm/LIO-SAM/install/lio_sam/share/lio_sam/cmake/lio_samConfig-version.cmake
[34.530s] -- Up-to-date: /home/hdm/LIO-SAM/install/lio_sam/share/lio_sam/package.xml
[34.531s] Invoked command in '/home/hdm/LIO-SAM/build/lio_sam' returned '0': CMAKE_PREFIX_PATH=/opt/ros/humble /usr/bin/cmake --install /home/hdm/LIO-SAM/build/lio_sam
