[0.033s] Invoking command in '/home/korey/Desktop/lio_nav2/build/robot_navigation2': CMAKE_PREFIX_PATH=/opt/ros/foxy /home/korey/.local/bin/cmake /home/korey/Desktop/lio_nav2/src/robot_navigation2 -DCMAKE_INSTALL_PREFIX=/home/korey/Desktop/lio_nav2/install/robot_navigation2
[0.136s] -- The C compiler identification is GNU 9.4.0
[0.202s] -- The CXX compiler identification is GNU 9.4.0
[0.216s] -- Detecting C compiler ABI info
[0.282s] -- Detecting C compiler ABI info - done
[0.293s] -- Check for working C compiler: /usr/bin/cc - skipped
[0.293s] -- Detecting C compile features
[0.293s] -- Detecting C compile features - done
[0.297s] -- Detecting CXX compiler ABI info
[0.372s] -- Detecting CXX compiler ABI info - done
[0.384s] -- Check for working CXX compiler: /usr/bin/c++ - skipped
[0.385s] -- Detecting CXX compile features
[0.385s] -- Detecting CXX compile features - done
[0.388s] -- Found ament_cmake: 0.9.12 (/opt/ros/foxy/share/ament_cmake/cmake)
[0.415s] -- Found PythonInterp: /usr/bin/python3 (found suitable version "3.8.10", minimum required is "3") 
[0.415s] -- Using PYTHON_EXECUTABLE: /usr/bin/python3
[0.723s] -- Found ament_cmake_auto: 0.9.12 (/opt/ros/foxy/share/ament_cmake_auto/cmake)
[0.793s] -- Found ament_lint_auto: 0.9.8 (/opt/ros/foxy/share/ament_lint_auto/cmake)
[0.825s] -- Added test 'copyright' to check source files copyright and LICENSE
[0.829s] -- Added test 'flake8' to check Python code syntax and style conventions
[0.830s] -- Added test 'lint_cmake' to check CMake code style
[0.830s] -- Added test 'pep257' to check Python code against some of the style conventions in PEP 257
[0.832s] -- Added test 'xmllint' to check XML markup files
[0.834s] -- Configuring done
[0.837s] -- Generating done
[0.840s] -- Build files have been written to: /home/korey/Desktop/lio_nav2/build/robot_navigation2
[0.847s] Invoked command in '/home/korey/Desktop/lio_nav2/build/robot_navigation2' returned '0': CMAKE_PREFIX_PATH=/opt/ros/foxy /home/korey/.local/bin/cmake /home/korey/Desktop/lio_nav2/src/robot_navigation2 -DCMAKE_INSTALL_PREFIX=/home/korey/Desktop/lio_nav2/install/robot_navigation2
[0.852s] Invoking command in '/home/korey/Desktop/lio_nav2/build/robot_navigation2': CMAKE_PREFIX_PATH=/opt/ros/foxy /home/korey/.local/bin/cmake --build /home/korey/Desktop/lio_nav2/build/robot_navigation2 -- -j12 -l12
[0.906s] Invoked command in '/home/korey/Desktop/lio_nav2/build/robot_navigation2' returned '0': CMAKE_PREFIX_PATH=/opt/ros/foxy /home/korey/.local/bin/cmake --build /home/korey/Desktop/lio_nav2/build/robot_navigation2 -- -j12 -l12
[0.949s] Invoking command in '/home/korey/Desktop/lio_nav2/build/robot_navigation2': CMAKE_PREFIX_PATH=/opt/ros/foxy /home/korey/.local/bin/cmake --install /home/korey/Desktop/lio_nav2/build/robot_navigation2
[0.981s] -- Install configuration: ""
[0.981s] -- Installing: /home/korey/Desktop/lio_nav2/install/robot_navigation2/share/robot_navigation2/environment/pythonpath.sh
[0.981s] -- Installing: /home/korey/Desktop/lio_nav2/install/robot_navigation2/share/robot_navigation2/environment/pythonpath.dsv
[0.982s] -- Installing: /home/korey/Desktop/lio_nav2/install/robot_navigation2/lib/python3.8/site-packages/script
[0.982s] -- Installing: /home/korey/Desktop/lio_nav2/install/robot_navigation2/lib/python3.8/site-packages/script/__init__.py
[1.017s] Listing '/home/korey/Desktop/lio_nav2/install/robot_navigation2/lib/python3.8/site-packages/script'...
[1.017s] Compiling '/home/korey/Desktop/lio_nav2/install/robot_navigation2/lib/python3.8/site-packages/script/__init__.py'...
[1.022s] -- Installing: /home/korey/Desktop/lio_nav2/install/robot_navigation2/share/robot_navigation2/launch
[1.022s] -- Installing: /home/korey/Desktop/lio_nav2/install/robot_navigation2/share/robot_navigation2/launch/navigation_launch.py
[1.022s] -- Installing: /home/korey/Desktop/lio_nav2/install/robot_navigation2/share/robot_navigation2/launch/localization_launch.py
[1.022s] -- Installing: /home/korey/Desktop/lio_nav2/install/robot_navigation2/share/robot_navigation2/launch/__pycache__
[1.022s] -- Installing: /home/korey/Desktop/lio_nav2/install/robot_navigation2/share/robot_navigation2/launch/__pycache__/navigation2.launch.cpython-313.pyc
[1.022s] -- Installing: /home/korey/Desktop/lio_nav2/install/robot_navigation2/share/robot_navigation2/launch/__pycache__/bring_launch.cpython-313.pyc
[1.022s] -- Installing: /home/korey/Desktop/lio_nav2/install/robot_navigation2/share/robot_navigation2/launch/rviz_launch.py
[1.022s] -- Installing: /home/korey/Desktop/lio_nav2/install/robot_navigation2/share/robot_navigation2/launch/navigation2.launch.py
[1.022s] -- Installing: /home/korey/Desktop/lio_nav2/install/robot_navigation2/share/robot_navigation2/launch/bring_launch.py
[1.023s] -- Installing: /home/korey/Desktop/lio_nav2/install/robot_navigation2/share/robot_navigation2/param
[1.023s] -- Installing: /home/korey/Desktop/lio_nav2/install/robot_navigation2/share/robot_navigation2/param/robot.yaml
[1.023s] -- Installing: /home/korey/Desktop/lio_nav2/install/robot_navigation2/share/robot_navigation2/maps
[1.023s] -- Installing: /home/korey/Desktop/lio_nav2/install/robot_navigation2/share/robot_navigation2/maps/my_map.yaml
[1.023s] -- Installing: /home/korey/Desktop/lio_nav2/install/robot_navigation2/share/robot_navigation2/maps/show_pgm.py
[1.023s] -- Installing: /home/korey/Desktop/lio_nav2/install/robot_navigation2/share/robot_navigation2/maps/my_map.pgm
[1.023s] -- Up-to-date: /home/korey/Desktop/lio_nav2/install/robot_navigation2/share/robot_navigation2/launch
[1.024s] -- Up-to-date: /home/korey/Desktop/lio_nav2/install/robot_navigation2/share/robot_navigation2/launch/navigation_launch.py
[1.024s] -- Up-to-date: /home/korey/Desktop/lio_nav2/install/robot_navigation2/share/robot_navigation2/launch/localization_launch.py
[1.024s] -- Up-to-date: /home/korey/Desktop/lio_nav2/install/robot_navigation2/share/robot_navigation2/launch/__pycache__
[1.024s] -- Up-to-date: /home/korey/Desktop/lio_nav2/install/robot_navigation2/share/robot_navigation2/launch/__pycache__/navigation2.launch.cpython-313.pyc
[1.024s] -- Up-to-date: /home/korey/Desktop/lio_nav2/install/robot_navigation2/share/robot_navigation2/launch/__pycache__/bring_launch.cpython-313.pyc
[1.024s] -- Up-to-date: /home/korey/Desktop/lio_nav2/install/robot_navigation2/share/robot_navigation2/launch/rviz_launch.py
[1.024s] -- Up-to-date: /home/korey/Desktop/lio_nav2/install/robot_navigation2/share/robot_navigation2/launch/navigation2.launch.py
[1.024s] -- Up-to-date: /home/korey/Desktop/lio_nav2/install/robot_navigation2/share/robot_navigation2/launch/bring_launch.py
[1.024s] -- Installing: /home/korey/Desktop/lio_nav2/install/robot_navigation2/share/ament_index/resource_index/package_run_dependencies/robot_navigation2
[1.024s] -- Installing: /home/korey/Desktop/lio_nav2/install/robot_navigation2/share/ament_index/resource_index/parent_prefix_path/robot_navigation2
[1.025s] -- Installing: /home/korey/Desktop/lio_nav2/install/robot_navigation2/share/robot_navigation2/environment/ament_prefix_path.sh
[1.025s] -- Installing: /home/korey/Desktop/lio_nav2/install/robot_navigation2/share/robot_navigation2/environment/ament_prefix_path.dsv
[1.025s] -- Installing: /home/korey/Desktop/lio_nav2/install/robot_navigation2/share/robot_navigation2/environment/path.sh
[1.025s] -- Installing: /home/korey/Desktop/lio_nav2/install/robot_navigation2/share/robot_navigation2/environment/path.dsv
[1.025s] -- Installing: /home/korey/Desktop/lio_nav2/install/robot_navigation2/share/robot_navigation2/local_setup.bash
[1.025s] -- Installing: /home/korey/Desktop/lio_nav2/install/robot_navigation2/share/robot_navigation2/local_setup.sh
[1.025s] -- Installing: /home/korey/Desktop/lio_nav2/install/robot_navigation2/share/robot_navigation2/local_setup.zsh
[1.026s] -- Installing: /home/korey/Desktop/lio_nav2/install/robot_navigation2/share/robot_navigation2/local_setup.dsv
[1.026s] -- Installing: /home/korey/Desktop/lio_nav2/install/robot_navigation2/share/robot_navigation2/package.dsv
[1.026s] -- Installing: /home/korey/Desktop/lio_nav2/install/robot_navigation2/share/ament_index/resource_index/packages/robot_navigation2
[1.026s] -- Installing: /home/korey/Desktop/lio_nav2/install/robot_navigation2/share/robot_navigation2/cmake/robot_navigation2Config.cmake
[1.027s] -- Installing: /home/korey/Desktop/lio_nav2/install/robot_navigation2/share/robot_navigation2/cmake/robot_navigation2Config-version.cmake
[1.027s] -- Installing: /home/korey/Desktop/lio_nav2/install/robot_navigation2/share/robot_navigation2/package.xml
[1.033s] Invoked command in '/home/korey/Desktop/lio_nav2/build/robot_navigation2' returned '0': CMAKE_PREFIX_PATH=/opt/ros/foxy /home/korey/.local/bin/cmake --install /home/korey/Desktop/lio_nav2/build/robot_navigation2
