[0.088s] Invoking command in '/home/feihu/shaobing/pointcloud_to_laserscan/build/pointcloud_to_laserscan': CMAKE_PREFIX_PATH=${CMAKE_PREFIX_PATH}:/opt/ros/humble /usr/bin/cmake /home/feihu/shaobing/pointcloud_to_laserscan -DCMAKE_INSTALL_PREFIX=/home/feihu/shaobing/pointcloud_to_laserscan/install/pointcloud_to_laserscan
[0.164s] -- The C compiler identification is GNU 11.4.0
[0.236s] -- The CXX compiler identification is GNU 11.4.0
[0.245s] -- Detecting C compiler ABI info
[0.330s] -- Detecting C compiler ABI info - done
[0.341s] -- Check for working C compiler: /usr/bin/cc - skipped
[0.342s] -- Detecting C compile features
[0.342s] -- Detecting C compile features - done
[0.346s] -- Detecting CXX compiler ABI info
[0.450s] -- Detecting CXX compiler ABI info - done
[0.463s] -- Check for working CXX compiler: /usr/bin/c++ - skipped
[0.463s] -- Detecting CXX compile features
[0.464s] -- Detecting CXX compile features - done
[0.468s] -- Found ament_cmake_auto: 1.3.5 (/opt/ros/humble/share/ament_cmake_auto/cmake)
[0.689s] -- Found Python3: /usr/bin/python3.10 (found version "3.10.12") found components: Interpreter 
[1.003s] -- Found rosidl_generator_c: 3.1.5 (/opt/ros/humble/share/rosidl_generator_c/cmake)
[1.012s] -- Found rosidl_adapter: 3.1.5 (/opt/ros/humble/share/rosidl_adapter/cmake)
[1.028s] -- Found rosidl_generator_cpp: 3.1.5 (/opt/ros/humble/share/rosidl_generator_cpp/cmake)
[1.046s] -- Using all available rosidl_typesupport_c: rosidl_typesupport_fastrtps_c;rosidl_typesupport_introspection_c
[1.075s] -- Using all available rosidl_typesupport_cpp: rosidl_typesupport_fastrtps_cpp;rosidl_typesupport_introspection_cpp
[1.181s] -- Found rmw_implementation_cmake: 6.1.1 (/opt/ros/humble/share/rmw_implementation_cmake/cmake)
[1.186s] -- Found rmw_fastrtps_cpp: 6.2.4 (/opt/ros/humble/share/rmw_fastrtps_cpp/cmake)
[1.325s] -- Found OpenSSL: /usr/lib/x86_64-linux-gnu/libcrypto.so (found version "3.0.2")  
[1.361s] -- Found FastRTPS: /opt/ros/humble/include  
[1.426s] -- Using RMW implementation 'rmw_fastrtps_cpp' as default
[1.445s] -- Looking for pthread.h
[1.535s] -- Looking for pthread.h - found
[1.536s] -- Performing Test CMAKE_HAVE_LIBC_PTHREAD
[1.631s] -- Performing Test CMAKE_HAVE_LIBC_PTHREAD - Success
[1.632s] -- Found Threads: TRUE  
[2.823s] -- Found ament_lint_auto: 0.12.8 (/opt/ros/humble/share/ament_lint_auto/cmake)
[2.868s] -- Added test 'cppcheck' to perform static code analysis on C / C++ code
[2.869s] -- Configured cppcheck include dirs: /home/feihu/shaobing/pointcloud_to_laserscan/include
[2.869s] -- Configured cppcheck exclude dirs and/or files: 
[2.877s] -- Added test 'cpplint' to check C / C++ code against the Google style
[2.877s] -- Configured cpplint exclude dirs and/or files: 
[2.879s] -- Added test 'flake8' to check Python code syntax and style conventions
[2.881s] -- Added test 'lint_cmake' to check CMake code style
[2.883s] -- Added test 'pep257' to check Python code against some of the docstring style conventions in PEP 257
[2.891s] -- Added test 'uncrustify' to check C / C++ code style
[2.891s] -- Configured uncrustify additional arguments: 
[2.893s] -- Added test 'xmllint' to check XML markup files
[2.897s] -- Configuring done
[2.954s] -- Generating done
[2.958s] -- Build files have been written to: /home/feihu/shaobing/pointcloud_to_laserscan/build/pointcloud_to_laserscan
[2.972s] Invoked command in '/home/feihu/shaobing/pointcloud_to_laserscan/build/pointcloud_to_laserscan' returned '0': CMAKE_PREFIX_PATH=${CMAKE_PREFIX_PATH}:/opt/ros/humble /usr/bin/cmake /home/feihu/shaobing/pointcloud_to_laserscan -DCMAKE_INSTALL_PREFIX=/home/feihu/shaobing/pointcloud_to_laserscan/install/pointcloud_to_laserscan
[2.975s] Invoking command in '/home/feihu/shaobing/pointcloud_to_laserscan/build/pointcloud_to_laserscan': CMAKE_PREFIX_PATH=${CMAKE_PREFIX_PATH}:/opt/ros/humble /usr/bin/cmake --build /home/feihu/shaobing/pointcloud_to_laserscan/build/pointcloud_to_laserscan -- -j8 -l8
[3.048s] [ 10%] [32mBuilding CXX object CMakeFiles/laserscan_to_pointcloud_node.dir/rclcpp_components/node_main_laserscan_to_pointcloud_node.cpp.o[0m
[3.048s] [ 20%] [32mBuilding CXX object CMakeFiles/laserscan_to_pointcloud.dir/src/laserscan_to_pointcloud_node.cpp.o[0m
[3.049s] [ 30%] [32mBuilding CXX object CMakeFiles/pointcloud_to_laserscan_node.dir/rclcpp_components/node_main_pointcloud_to_laserscan_node.cpp.o[0m
[7.620s] [ 40%] [32m[1mLinking CXX executable laserscan_to_pointcloud_node[0m
[7.769s] [ 40%] Built target laserscan_to_pointcloud_node
[7.783s] [ 50%] [32m[1mLinking CXX executable pointcloud_to_laserscan_node[0m
[7.918s] [ 50%] Built target pointcloud_to_laserscan_node
[20.877s] [ 60%] [32m[1mLinking CXX shared library liblaserscan_to_pointcloud.so[0m
[21.110s] [ 60%] Built target laserscan_to_pointcloud
[21.137s] [ 70%] [32mBuilding CXX object CMakeFiles/pointcloud_to_laserscan.dir/src/pointcloud_to_laserscan_node.cpp.o[0m
[38.925s] [ 80%] [32m[1mLinking CXX shared library libpointcloud_to_laserscan.so[0m
[39.154s] [ 80%] Built target pointcloud_to_laserscan
[39.183s] [ 90%] [32mBuilding CXX object CMakeFiles/dummy_pointcloud_publisher.dir/src/dummy_pointcloud_publisher.cpp.o[0m
[45.772s] [100%] [32m[1mLinking CXX executable dummy_pointcloud_publisher[0m
[45.950s] [100%] Built target dummy_pointcloud_publisher
[45.965s] Invoked command in '/home/feihu/shaobing/pointcloud_to_laserscan/build/pointcloud_to_laserscan' returned '0': CMAKE_PREFIX_PATH=${CMAKE_PREFIX_PATH}:/opt/ros/humble /usr/bin/cmake --build /home/feihu/shaobing/pointcloud_to_laserscan/build/pointcloud_to_laserscan -- -j8 -l8
[46.031s] Invoking command in '/home/feihu/shaobing/pointcloud_to_laserscan/build/pointcloud_to_laserscan': CMAKE_PREFIX_PATH=${CMAKE_PREFIX_PATH}:/opt/ros/humble /usr/bin/cmake --install /home/feihu/shaobing/pointcloud_to_laserscan/build/pointcloud_to_laserscan
[46.041s] -- Install configuration: ""
[46.041s] -- Installing: /home/feihu/shaobing/pointcloud_to_laserscan/install/pointcloud_to_laserscan/lib/pointcloud_to_laserscan/laserscan_to_pointcloud_node
[46.042s] -- Set runtime path of "/home/feihu/shaobing/pointcloud_to_laserscan/install/pointcloud_to_laserscan/lib/pointcloud_to_laserscan/laserscan_to_pointcloud_node" to ""
[46.042s] -- Installing: /home/feihu/shaobing/pointcloud_to_laserscan/install/pointcloud_to_laserscan/lib/pointcloud_to_laserscan/pointcloud_to_laserscan_node
[46.042s] -- Set runtime path of "/home/feihu/shaobing/pointcloud_to_laserscan/install/pointcloud_to_laserscan/lib/pointcloud_to_laserscan/pointcloud_to_laserscan_node" to ""
[46.042s] -- Installing: /home/feihu/shaobing/pointcloud_to_laserscan/install/pointcloud_to_laserscan/include
[46.043s] -- Installing: /home/feihu/shaobing/pointcloud_to_laserscan/install/pointcloud_to_laserscan/include/pointcloud_to_laserscan
[46.043s] -- Installing: /home/feihu/shaobing/pointcloud_to_laserscan/install/pointcloud_to_laserscan/include/pointcloud_to_laserscan/pointcloud_to_laserscan_node.hpp
[46.043s] -- Installing: /home/feihu/shaobing/pointcloud_to_laserscan/install/pointcloud_to_laserscan/include/pointcloud_to_laserscan/visibility_control.h
[46.043s] -- Installing: /home/feihu/shaobing/pointcloud_to_laserscan/install/pointcloud_to_laserscan/include/pointcloud_to_laserscan/laserscan_to_pointcloud_node.hpp
[46.043s] -- Installing: /home/feihu/shaobing/pointcloud_to_laserscan/install/pointcloud_to_laserscan/share/pointcloud_to_laserscan/environment/library_path.sh
[46.043s] -- Installing: /home/feihu/shaobing/pointcloud_to_laserscan/install/pointcloud_to_laserscan/share/pointcloud_to_laserscan/environment/library_path.dsv
[46.043s] -- Installing: /home/feihu/shaobing/pointcloud_to_laserscan/install/pointcloud_to_laserscan/lib/liblaserscan_to_pointcloud.so
[46.045s] -- Set runtime path of "/home/feihu/shaobing/pointcloud_to_laserscan/install/pointcloud_to_laserscan/lib/liblaserscan_to_pointcloud.so" to ""
[46.045s] -- Installing: /home/feihu/shaobing/pointcloud_to_laserscan/install/pointcloud_to_laserscan/lib/libpointcloud_to_laserscan.so
[46.047s] -- Set runtime path of "/home/feihu/shaobing/pointcloud_to_laserscan/install/pointcloud_to_laserscan/lib/libpointcloud_to_laserscan.so" to ""
[46.047s] -- Installing: /home/feihu/shaobing/pointcloud_to_laserscan/install/pointcloud_to_laserscan/lib/pointcloud_to_laserscan/dummy_pointcloud_publisher
[46.048s] -- Set runtime path of "/home/feihu/shaobing/pointcloud_to_laserscan/install/pointcloud_to_laserscan/lib/pointcloud_to_laserscan/dummy_pointcloud_publisher" to ""
[46.048s] -- Installing: /home/feihu/shaobing/pointcloud_to_laserscan/install/pointcloud_to_laserscan/share/pointcloud_to_laserscan/launch
[46.048s] -- Installing: /home/feihu/shaobing/pointcloud_to_laserscan/install/pointcloud_to_laserscan/share/pointcloud_to_laserscan/launch/sample_pointcloud_to_laserscan_launch.py
[46.048s] -- Installing: /home/feihu/shaobing/pointcloud_to_laserscan/install/pointcloud_to_laserscan/share/pointcloud_to_laserscan/launch/sample_laserscan_to_pointcloud_launch.py
[46.048s] -- Installing: /home/feihu/shaobing/pointcloud_to_laserscan/install/pointcloud_to_laserscan/share/pointcloud_to_laserscan/launch/pointcloud_to_laserscan_launch.py
[46.048s] -- Installing: /home/feihu/shaobing/pointcloud_to_laserscan/install/pointcloud_to_laserscan/share/ament_index/resource_index/package_run_dependencies/pointcloud_to_laserscan
[46.049s] -- Installing: /home/feihu/shaobing/pointcloud_to_laserscan/install/pointcloud_to_laserscan/share/ament_index/resource_index/parent_prefix_path/pointcloud_to_laserscan
[46.049s] -- Installing: /home/feihu/shaobing/pointcloud_to_laserscan/install/pointcloud_to_laserscan/share/pointcloud_to_laserscan/environment/ament_prefix_path.sh
[46.049s] -- Installing: /home/feihu/shaobing/pointcloud_to_laserscan/install/pointcloud_to_laserscan/share/pointcloud_to_laserscan/environment/ament_prefix_path.dsv
[46.049s] -- Installing: /home/feihu/shaobing/pointcloud_to_laserscan/install/pointcloud_to_laserscan/share/pointcloud_to_laserscan/environment/path.sh
[46.049s] -- Installing: /home/feihu/shaobing/pointcloud_to_laserscan/install/pointcloud_to_laserscan/share/pointcloud_to_laserscan/environment/path.dsv
[46.049s] -- Installing: /home/feihu/shaobing/pointcloud_to_laserscan/install/pointcloud_to_laserscan/share/pointcloud_to_laserscan/local_setup.bash
[46.049s] -- Installing: /home/feihu/shaobing/pointcloud_to_laserscan/install/pointcloud_to_laserscan/share/pointcloud_to_laserscan/local_setup.sh
[46.050s] -- Installing: /home/feihu/shaobing/pointcloud_to_laserscan/install/pointcloud_to_laserscan/share/pointcloud_to_laserscan/local_setup.zsh
[46.050s] -- Installing: /home/feihu/shaobing/pointcloud_to_laserscan/install/pointcloud_to_laserscan/share/pointcloud_to_laserscan/local_setup.dsv
[46.050s] -- Installing: /home/feihu/shaobing/pointcloud_to_laserscan/install/pointcloud_to_laserscan/share/pointcloud_to_laserscan/package.dsv
[46.050s] -- Installing: /home/feihu/shaobing/pointcloud_to_laserscan/install/pointcloud_to_laserscan/share/ament_index/resource_index/packages/pointcloud_to_laserscan
[46.050s] -- Installing: /home/feihu/shaobing/pointcloud_to_laserscan/install/pointcloud_to_laserscan/share/ament_index/resource_index/rclcpp_components/pointcloud_to_laserscan
[46.050s] -- Installing: /home/feihu/shaobing/pointcloud_to_laserscan/install/pointcloud_to_laserscan/share/pointcloud_to_laserscan/cmake/ament_cmake_export_dependencies-extras.cmake
[46.051s] -- Installing: /home/feihu/shaobing/pointcloud_to_laserscan/install/pointcloud_to_laserscan/share/pointcloud_to_laserscan/cmake/ament_cmake_export_include_directories-extras.cmake
[46.051s] -- Installing: /home/feihu/shaobing/pointcloud_to_laserscan/install/pointcloud_to_laserscan/share/pointcloud_to_laserscan/cmake/ament_cmake_export_libraries-extras.cmake
[46.051s] -- Installing: /home/feihu/shaobing/pointcloud_to_laserscan/install/pointcloud_to_laserscan/share/pointcloud_to_laserscan/cmake/pointcloud_to_laserscanConfig.cmake
[46.051s] -- Installing: /home/feihu/shaobing/pointcloud_to_laserscan/install/pointcloud_to_laserscan/share/pointcloud_to_laserscan/cmake/pointcloud_to_laserscanConfig-version.cmake
[46.051s] -- Installing: /home/feihu/shaobing/pointcloud_to_laserscan/install/pointcloud_to_laserscan/share/pointcloud_to_laserscan/package.xml
[46.054s] Invoked command in '/home/feihu/shaobing/pointcloud_to_laserscan/build/pointcloud_to_laserscan' returned '0': CMAKE_PREFIX_PATH=${CMAKE_PREFIX_PATH}:/opt/ros/humble /usr/bin/cmake --install /home/feihu/shaobing/pointcloud_to_laserscan/build/pointcloud_to_laserscan
