[0.032s] Invoking command in '/home/hdm/lio-sam_simulation_car/robot_bringup/build/point_laser': CMAKE_PREFIX_PATH=/opt/ros/humble /usr/bin/cmake /home/hdm/lio-sam_simulation_car/robot_bringup -DCMAKE_INSTALL_PREFIX=/home/hdm/lio-sam_simulation_car/robot_bringup/install/point_laser
[0.055s] -- Found ament_cmake: 1.3.8 (/opt/ros/humble/share/ament_cmake/cmake)
[0.178s] -- Found rclcpp: 16.0.8 (/opt/ros/humble/share/rclcpp/cmake)
[0.253s] -- Found rosidl_generator_c: 3.1.5 (/opt/ros/humble/share/rosidl_generator_c/cmake)
[0.256s] -- Found rosidl_adapter: 3.1.5 (/opt/ros/humble/share/rosidl_adapter/cmake)
[0.266s] -- Found rosidl_generator_cpp: 3.1.5 (/opt/ros/humble/share/rosidl_generator_cpp/cmake)
[0.281s] -- Using all available rosidl_typesupport_c: rosidl_typesupport_fastrtps_c;rosidl_typesupport_introspection_c
[0.290s] -- Using all available rosidl_typesupport_cpp: rosidl_typesupport_fastrtps_cpp;rosidl_typesupport_introspection_cpp
[0.326s] -- Found rmw_implementation_cmake: 6.1.1 (/opt/ros/humble/share/rmw_implementation_cmake/cmake)
[0.327s] -- Found rmw_cyclonedds_cpp: 1.3.4 (/opt/ros/humble/share/rmw_cyclonedds_cpp/cmake)
[0.345s] -- Using RMW implementation 'rmw_cyclonedds_cpp' as default
[0.442s] -- Found sensor_msgs: 4.2.3 (/opt/ros/humble/share/sensor_msgs/cmake)
[0.519s] -- Found pcl_conversions: 2.4.0 (/opt/ros/humble/share/pcl_conversions/cmake)
[0.611s] -- Eigen found (include: /usr/include/eigen3, version: 3.4.0)
[0.634s] -- FLANN found (include: /usr/include, lib: /usr/lib/x86_64-linux-gnu/libflann_cpp.so)
[0.977s] -- OpenNI found (version: 1.5.4.0, include: /usr/include/ni, lib: /usr/lib/libOpenNI.so;libusb::libusb)
[0.982s] -- OpenNI2 found (version: 2.2.0.33, include: /usr/include/openni2, lib: /usr/lib/x86_64-linux-gnu/libOpenNI2.so;libusb::libusb)
[0.982s] [0m** WARNING ** io features related to pcap will be disabled[0m
[1.088s] -- Eigen found (include: /usr/include/eigen3, version: 3.4.0)
[1.093s] -- OpenNI found (version: 1.5.4.0, include: /usr/include/ni, lib: /usr/lib/libOpenNI.so;libusb::libusb)
[1.098s] -- OpenNI2 found (version: 2.2.0.33, include: /usr/include/openni2, lib: /usr/lib/x86_64-linux-gnu/libOpenNI2.so;libusb::libusb)
[1.197s] -- Found Qhull version 8.0.2
[1.298s] -- OpenNI found (version: 1.5.4.0, include: /usr/include/ni, lib: /usr/lib/libOpenNI.so;libusb::libusb)
[1.395s] -- looking for PCL_COMMON
[1.396s] -- looking for PCL_KDTREE
[1.396s] -- looking for PCL_OCTREE
[1.397s] -- looking for PCL_SEARCH
[1.397s] -- looking for PCL_SAMPLE_CONSENSUS
[1.397s] -- looking for PCL_FILTERS
[1.397s] -- looking for PCL_2D
[1.397s] -- looking for PCL_GEOMETRY
[1.397s] -- looking for PCL_IO
[1.398s] -- looking for PCL_FEATURES
[1.398s] -- looking for PCL_ML
[1.398s] -- looking for PCL_SEGMENTATION
[1.398s] -- looking for PCL_VISUALIZATION
[1.398s] -- looking for PCL_SURFACE
[1.398s] -- looking for PCL_REGISTRATION
[1.398s] -- looking for PCL_KEYPOINTS
[1.399s] -- looking for PCL_TRACKING
[1.399s] -- looking for PCL_RECOGNITION
[1.399s] -- looking for PCL_STEREO
[1.399s] -- looking for PCL_APPS
[1.400s] -- looking for PCL_IN_HAND_SCANNER
[1.400s] -- looking for PCL_MODELER
[1.400s] -- looking for PCL_POINT_CLOUD_EDITOR
[1.400s] -- looking for PCL_OUTOFCORE
[1.400s] -- looking for PCL_PEOPLE
[1.404s] -- Found ament_cmake_auto: 1.3.8 (/opt/ros/humble/share/ament_cmake_auto/cmake)
[1.503s] -- Found ament_lint_auto: 0.12.10 (/opt/ros/humble/share/ament_lint_auto/cmake)
[1.510s] -- Added test 'cppcheck' to perform static code analysis on C / C++ code
[1.510s] -- Configured cppcheck include dirs: 
[1.511s] -- Configured cppcheck exclude dirs and/or files: 
[1.511s] -- Added test 'flake8' to check Python code syntax and style conventions
[1.512s] -- Added test 'lint_cmake' to check CMake code style
[1.512s] -- Added test 'pep257' to check Python code against some of the docstring style conventions in PEP 257
[1.515s] -- Added test 'uncrustify' to check C / C++ code style
[1.515s] -- Configured uncrustify additional arguments: 
[1.516s] -- Added test 'xmllint' to check XML markup files
[1.517s] [31mCMake Error at /opt/ros/humble/share/ament_cmake_core/cmake/environment_hooks/ament_environment_hooks.cmake:29 (message):
[1.518s]   ament_environment_hooks() must be called before
[1.518s]   ament_generate_package_environment() (which is invoked by ament_package())
[1.518s] Call Stack (most recent call first):
[1.518s]   /opt/ros/humble/share/ament_cmake_core/cmake/environment_hooks/ament_cmake_environment_hooks_package_hook.cmake:20 (ament_environment_hooks)
[1.518s]   /opt/ros/humble/share/ament_cmake_core/cmake/core/ament_execute_extensions.cmake:48 (include)
[1.518s]   /opt/ros/humble/share/ament_cmake_core/cmake/core/ament_package.cmake:66 (ament_execute_extensions)
[1.519s]   CMakeLists.txt:57 (ament_package)
[1.519s] 
[1.519s] [0m
[1.519s] -- Configuring incomplete, errors occurred!
[1.519s] See also "/home/hdm/lio-sam_simulation_car/robot_bringup/build/point_laser/CMakeFiles/CMakeOutput.log".
[1.529s] Invoked command in '/home/hdm/lio-sam_simulation_car/robot_bringup/build/point_laser' returned '1': CMAKE_PREFIX_PATH=/opt/ros/humble /usr/bin/cmake /home/hdm/lio-sam_simulation_car/robot_bringup -DCMAKE_INSTALL_PREFIX=/home/hdm/lio-sam_simulation_car/robot_bringup/install/point_laser
