[  4%] Built target lio_sam_op__cpp
[ 10%] Built target lio_sam_op__rosidl_generator_c
[ 18%] Built target lio_sam_op__rosidl_typesupport_introspection_c
[ 26%] Built target lio_sam_op__rosidl_typesupport_introspection_cpp
[ 34%] Built target lio_sam_op__rosidl_typesupport_cpp
[ 42%] Built target lio_sam_op__rosidl_typesupport_fastrtps_cpp
[ 51%] Built target lio_sam_op__rosidl_typesupport_c
[ 59%] Built target lio_sam_op__rosidl_typesupport_fastrtps_c
[ 59%] Built target lio_sam_op
[ 61%] Built target lio_sam_op__py
[ 65%] Built target lio_sam_op_transformFusion
[ 69%] Built target lio_sam_op_featureExtraction
[ 73%] Built target lio_sam_op_imuPreintegration
[ 77%] Built target lio_sam_op_mapOptimization
[ 81%] Built target lio_sam_op_imageProjection
[ 87%] Built target lio_sam_op__python
[ 91%] Built target lio_sam_op__rosidl_typesupport_c__pyext
[ 95%] Built target lio_sam_op__rosidl_typesupport_fastrtps_c__pyext
[100%] Built target lio_sam_op__rosidl_typesupport_introspection_c__pyext
-- Install configuration: "Release"
-- Execute custom install script
-- Up-to-date symlink: /home/korey/Desktop/lio-sam_simulation_navigation/install/lio_sam_op/share/ament_index/resource_index/rosidl_interfaces/lio_sam_op
-- Up-to-date symlink: /home/korey/Desktop/lio-sam_simulation_navigation/install/lio_sam_op/include/lio_sam_op/msg/cloud_info.h
-- Up-to-date symlink: /home/korey/Desktop/lio-sam_simulation_navigation/install/lio_sam_op/include/lio_sam_op/msg/detail/cloud_info__functions.h
-- Up-to-date symlink: /home/korey/Desktop/lio-sam_simulation_navigation/install/lio_sam_op/include/lio_sam_op/msg/detail/cloud_info__struct.h
-- Up-to-date symlink: /home/korey/Desktop/lio-sam_simulation_navigation/install/lio_sam_op/include/lio_sam_op/msg/detail/cloud_info__type_support.h
-- Up-to-date symlink: /home/korey/Desktop/lio-sam_simulation_navigation/install/lio_sam_op/include/lio_sam_op/msg/rosidl_generator_c__visibility_control.h
-- Up-to-date symlink: /home/korey/Desktop/lio-sam_simulation_navigation/install/lio_sam_op/include/lio_sam_op/srv/detail/save_map__functions.h
-- Up-to-date symlink: /home/korey/Desktop/lio-sam_simulation_navigation/install/lio_sam_op/include/lio_sam_op/srv/detail/save_map__struct.h
-- Up-to-date symlink: /home/korey/Desktop/lio-sam_simulation_navigation/install/lio_sam_op/include/lio_sam_op/srv/detail/save_map__type_support.h
-- Up-to-date symlink: /home/korey/Desktop/lio-sam_simulation_navigation/install/lio_sam_op/include/lio_sam_op/srv/save_map.h
-- Up-to-date symlink: /home/korey/Desktop/lio-sam_simulation_navigation/install/lio_sam_op/share/lio_sam_op/environment/library_path.sh
-- Up-to-date symlink: /home/korey/Desktop/lio-sam_simulation_navigation/install/lio_sam_op/share/lio_sam_op/environment/library_path.dsv
-- Up-to-date symlink: /home/korey/Desktop/lio-sam_simulation_navigation/install/lio_sam_op/include/lio_sam_op/msg/detail/cloud_info__rosidl_typesupport_fastrtps_c.h
-- Up-to-date symlink: /home/korey/Desktop/lio-sam_simulation_navigation/install/lio_sam_op/include/lio_sam_op/msg/rosidl_typesupport_fastrtps_c__visibility_control.h
-- Up-to-date symlink: /home/korey/Desktop/lio-sam_simulation_navigation/install/lio_sam_op/include/lio_sam_op/srv/detail/save_map__rosidl_typesupport_fastrtps_c.h
-- Up-to-date symlink: /home/korey/Desktop/lio-sam_simulation_navigation/install/lio_sam_op/lib/liblio_sam_op__rosidl_typesupport_fastrtps_c.so
-- Up-to-date symlink: /home/korey/Desktop/lio-sam_simulation_navigation/install/lio_sam_op/include/lio_sam_op/msg/detail/cloud_info__rosidl_typesupport_fastrtps_cpp.hpp
-- Up-to-date symlink: /home/korey/Desktop/lio-sam_simulation_navigation/install/lio_sam_op/include/lio_sam_op/msg/rosidl_typesupport_fastrtps_cpp__visibility_control.h
-- Up-to-date symlink: /home/korey/Desktop/lio-sam_simulation_navigation/install/lio_sam_op/include/lio_sam_op/srv/detail/save_map__rosidl_typesupport_fastrtps_cpp.hpp
-- Up-to-date symlink: /home/korey/Desktop/lio-sam_simulation_navigation/install/lio_sam_op/lib/liblio_sam_op__rosidl_typesupport_fastrtps_cpp.so
-- Up-to-date symlink: /home/korey/Desktop/lio-sam_simulation_navigation/install/lio_sam_op/include/lio_sam_op/msg/detail/cloud_info__rosidl_typesupport_introspection_c.h
-- Up-to-date symlink: /home/korey/Desktop/lio-sam_simulation_navigation/install/lio_sam_op/include/lio_sam_op/msg/rosidl_typesupport_introspection_c__visibility_control.h
-- Up-to-date symlink: /home/korey/Desktop/lio-sam_simulation_navigation/install/lio_sam_op/include/lio_sam_op/srv/detail/save_map__rosidl_typesupport_introspection_c.h
-- Up-to-date symlink: /home/korey/Desktop/lio-sam_simulation_navigation/install/lio_sam_op/include/lio_sam_op/msg/cloud_info.hpp
-- Up-to-date symlink: /home/korey/Desktop/lio-sam_simulation_navigation/install/lio_sam_op/include/lio_sam_op/msg/detail/cloud_info__builder.hpp
-- Up-to-date symlink: /home/korey/Desktop/lio-sam_simulation_navigation/install/lio_sam_op/include/lio_sam_op/msg/detail/cloud_info__struct.hpp
-- Up-to-date symlink: /home/korey/Desktop/lio-sam_simulation_navigation/install/lio_sam_op/include/lio_sam_op/msg/detail/cloud_info__traits.hpp
-- Up-to-date symlink: /home/korey/Desktop/lio-sam_simulation_navigation/install/lio_sam_op/include/lio_sam_op/msg/detail/cloud_info__type_support.hpp
-- Up-to-date symlink: /home/korey/Desktop/lio-sam_simulation_navigation/install/lio_sam_op/include/lio_sam_op/msg/rosidl_generator_cpp__visibility_control.hpp
-- Up-to-date symlink: /home/korey/Desktop/lio-sam_simulation_navigation/install/lio_sam_op/include/lio_sam_op/srv/detail/save_map__builder.hpp
-- Up-to-date symlink: /home/korey/Desktop/lio-sam_simulation_navigation/install/lio_sam_op/include/lio_sam_op/srv/detail/save_map__struct.hpp
-- Up-to-date symlink: /home/korey/Desktop/lio-sam_simulation_navigation/install/lio_sam_op/include/lio_sam_op/srv/detail/save_map__traits.hpp
-- Up-to-date symlink: /home/korey/Desktop/lio-sam_simulation_navigation/install/lio_sam_op/include/lio_sam_op/srv/detail/save_map__type_support.hpp
-- Up-to-date symlink: /home/korey/Desktop/lio-sam_simulation_navigation/install/lio_sam_op/include/lio_sam_op/srv/save_map.hpp
-- Up-to-date symlink: /home/korey/Desktop/lio-sam_simulation_navigation/install/lio_sam_op/include/lio_sam_op/msg/detail/cloud_info__rosidl_typesupport_introspection_cpp.hpp
-- Up-to-date symlink: /home/korey/Desktop/lio-sam_simulation_navigation/install/lio_sam_op/include/lio_sam_op/srv/detail/save_map__rosidl_typesupport_introspection_cpp.hpp
-- Up-to-date symlink: /home/korey/Desktop/lio-sam_simulation_navigation/install/lio_sam_op/share/lio_sam_op/environment/pythonpath.sh
-- Up-to-date symlink: /home/korey/Desktop/lio-sam_simulation_navigation/install/lio_sam_op/share/lio_sam_op/environment/pythonpath.dsv
-- Up-to-date symlink: /home/korey/Desktop/lio-sam_simulation_navigation/install/lio_sam_op/lib/python3.8/site-packages/lio_sam_op/__init__.py
-- Up-to-date symlink: /home/korey/Desktop/lio-sam_simulation_navigation/install/lio_sam_op/lib/python3.8/site-packages/lio_sam_op/msg/__init__.py
-- Up-to-date symlink: /home/korey/Desktop/lio-sam_simulation_navigation/install/lio_sam_op/lib/python3.8/site-packages/lio_sam_op/msg/_cloud_info.py
-- Up-to-date symlink: /home/korey/Desktop/lio-sam_simulation_navigation/install/lio_sam_op/lib/python3.8/site-packages/lio_sam_op/srv/__init__.py
-- Up-to-date symlink: /home/korey/Desktop/lio-sam_simulation_navigation/install/lio_sam_op/lib/python3.8/site-packages/lio_sam_op/srv/_save_map.py
-- Up-to-date symlink: /home/korey/Desktop/lio-sam_simulation_navigation/install/lio_sam_op/lib/python3.8/site-packages/lio_sam_op/lio_sam_op_s__rosidl_typesupport_fastrtps_c.cpython-38-x86_64-linux-gnu.so
-- Up-to-date symlink: /home/korey/Desktop/lio-sam_simulation_navigation/install/lio_sam_op/lib/python3.8/site-packages/lio_sam_op/lio_sam_op_s__rosidl_typesupport_introspection_c.cpython-38-x86_64-linux-gnu.so
-- Up-to-date symlink: /home/korey/Desktop/lio-sam_simulation_navigation/install/lio_sam_op/lib/python3.8/site-packages/lio_sam_op/lio_sam_op_s__rosidl_typesupport_c.cpython-38-x86_64-linux-gnu.so
-- Up-to-date symlink: /home/korey/Desktop/lio-sam_simulation_navigation/install/lio_sam_op/lib/liblio_sam_op__python.so
-- Up-to-date symlink: /home/korey/Desktop/lio-sam_simulation_navigation/install/lio_sam_op/share/lio_sam_op/msg/CloudInfo.idl
-- Up-to-date symlink: /home/korey/Desktop/lio-sam_simulation_navigation/install/lio_sam_op/share/lio_sam_op/srv/SaveMap.idl
-- Up-to-date symlink: /home/korey/Desktop/lio-sam_simulation_navigation/install/lio_sam_op/share/lio_sam_op/msg/CloudInfo.msg
-- Up-to-date symlink: /home/korey/Desktop/lio-sam_simulation_navigation/install/lio_sam_op/share/lio_sam_op/srv/SaveMap.srv
-- Up-to-date symlink: /home/korey/Desktop/lio-sam_simulation_navigation/install/lio_sam_op/share/lio_sam_op/srv/SaveMap_Request.msg
-- Up-to-date symlink: /home/korey/Desktop/lio-sam_simulation_navigation/install/lio_sam_op/share/lio_sam_op/srv/SaveMap_Response.msg
-- Up-to-date symlink: /home/korey/Desktop/lio-sam_simulation_navigation/install/lio_sam_op/lib/lio_sam_op/lio_sam_op_imageProjection
-- Up-to-date symlink: /home/korey/Desktop/lio-sam_simulation_navigation/install/lio_sam_op/lib/lio_sam_op/lio_sam_op_featureExtraction
-- Up-to-date symlink: /home/korey/Desktop/lio-sam_simulation_navigation/install/lio_sam_op/lib/lio_sam_op/lio_sam_op_imuPreintegration
-- Up-to-date symlink: /home/korey/Desktop/lio-sam_simulation_navigation/install/lio_sam_op/lib/lio_sam_op/lio_sam_op_mapOptimization
-- Up-to-date symlink: /home/korey/Desktop/lio-sam_simulation_navigation/install/lio_sam_op/lib/lio_sam_op/lio_sam_op_transformFusion
-- Up-to-date symlink: /home/korey/Desktop/lio-sam_simulation_navigation/install/lio_sam_op/include/lio_sam_op/lio_sam_op/utility.hpp
-- Up-to-date symlink: /home/korey/Desktop/lio-sam_simulation_navigation/install/lio_sam_op/share/lio_sam_op/launch/__pycache__/run.launch.cpython-313.pyc
-- Up-to-date symlink: /home/korey/Desktop/lio-sam_simulation_navigation/install/lio_sam_op/share/lio_sam_op/launch/pureLioSam.launch.py
-- Up-to-date symlink: /home/korey/Desktop/lio-sam_simulation_navigation/install/lio_sam_op/share/lio_sam_op/launch/run.launch.py
-- Up-to-date symlink: /home/korey/Desktop/lio-sam_simulation_navigation/install/lio_sam_op/share/lio_sam_op/config/params.yaml
-- Up-to-date symlink: /home/korey/Desktop/lio-sam_simulation_navigation/install/lio_sam_op/share/lio_sam_op/config/params_default.yaml
-- Up-to-date symlink: /home/korey/Desktop/lio-sam_simulation_navigation/install/lio_sam_op/share/lio_sam_op/config/robot.urdf.xacro
-- Up-to-date symlink: /home/korey/Desktop/lio-sam_simulation_navigation/install/lio_sam_op/share/lio_sam_op/config/rviz2.rviz
-- Up-to-date symlink: /home/korey/Desktop/lio-sam_simulation_navigation/install/lio_sam_op/share/ament_index/resource_index/package_run_dependencies/lio_sam_op
-- Up-to-date symlink: /home/korey/Desktop/lio-sam_simulation_navigation/install/lio_sam_op/share/ament_index/resource_index/parent_prefix_path/lio_sam_op
-- Up-to-date symlink: /home/korey/Desktop/lio-sam_simulation_navigation/install/lio_sam_op/share/lio_sam_op/environment/ament_prefix_path.sh
-- Up-to-date symlink: /home/korey/Desktop/lio-sam_simulation_navigation/install/lio_sam_op/share/lio_sam_op/environment/ament_prefix_path.dsv
-- Up-to-date symlink: /home/korey/Desktop/lio-sam_simulation_navigation/install/lio_sam_op/share/lio_sam_op/environment/path.sh
-- Up-to-date symlink: /home/korey/Desktop/lio-sam_simulation_navigation/install/lio_sam_op/share/lio_sam_op/environment/path.dsv
-- Up-to-date symlink: /home/korey/Desktop/lio-sam_simulation_navigation/install/lio_sam_op/share/lio_sam_op/local_setup.bash
-- Up-to-date symlink: /home/korey/Desktop/lio-sam_simulation_navigation/install/lio_sam_op/share/lio_sam_op/local_setup.sh
-- Up-to-date symlink: /home/korey/Desktop/lio-sam_simulation_navigation/install/lio_sam_op/share/lio_sam_op/local_setup.zsh
-- Up-to-date symlink: /home/korey/Desktop/lio-sam_simulation_navigation/install/lio_sam_op/share/lio_sam_op/local_setup.dsv
-- Symlinking: /home/korey/Desktop/lio-sam_simulation_navigation/install/lio_sam_op/share/lio_sam_op/package.dsv
-- Up-to-date symlink: /home/korey/Desktop/lio-sam_simulation_navigation/install/lio_sam_op/share/ament_index/resource_index/packages/lio_sam_op
-- Up-to-date symlink: /home/korey/Desktop/lio-sam_simulation_navigation/install/lio_sam_op/share/lio_sam_op/cmake/rosidl_cmake-extras.cmake
-- Up-to-date symlink: /home/korey/Desktop/lio-sam_simulation_navigation/install/lio_sam_op/share/lio_sam_op/cmake/ament_cmake_export_dependencies-extras.cmake
-- Up-to-date symlink: /home/korey/Desktop/lio-sam_simulation_navigation/install/lio_sam_op/share/lio_sam_op/cmake/ament_cmake_export_libraries-extras.cmake
-- Up-to-date symlink: /home/korey/Desktop/lio-sam_simulation_navigation/install/lio_sam_op/share/lio_sam_op/cmake/ament_cmake_export_targets-extras.cmake
-- Up-to-date symlink: /home/korey/Desktop/lio-sam_simulation_navigation/install/lio_sam_op/share/lio_sam_op/cmake/ament_cmake_export_include_directories-extras.cmake
-- Up-to-date symlink: /home/korey/Desktop/lio-sam_simulation_navigation/install/lio_sam_op/share/lio_sam_op/cmake/rosidl_cmake_export_typesupport_libraries-extras.cmake
-- Up-to-date symlink: /home/korey/Desktop/lio-sam_simulation_navigation/install/lio_sam_op/share/lio_sam_op/cmake/rosidl_cmake_export_typesupport_targets-extras.cmake
-- Up-to-date symlink: /home/korey/Desktop/lio-sam_simulation_navigation/install/lio_sam_op/share/lio_sam_op/cmake/lio_sam_opConfig.cmake
-- Up-to-date symlink: /home/korey/Desktop/lio-sam_simulation_navigation/install/lio_sam_op/share/lio_sam_op/cmake/lio_sam_opConfig-version.cmake
-- Up-to-date symlink: /home/korey/Desktop/lio-sam_simulation_navigation/install/lio_sam_op/share/lio_sam_op/package.xml
-- Up-to-date: /home/korey/Desktop/lio-sam_simulation_navigation/install/lio_sam_op/lib/liblio_sam_op__rosidl_generator_c.so
-- Up-to-date: /home/korey/Desktop/lio-sam_simulation_navigation/install/lio_sam_op/lib/liblio_sam_op__rosidl_typesupport_introspection_c.so
-- Up-to-date: /home/korey/Desktop/lio-sam_simulation_navigation/install/lio_sam_op/lib/liblio_sam_op__rosidl_typesupport_c.so
-- Up-to-date: /home/korey/Desktop/lio-sam_simulation_navigation/install/lio_sam_op/lib/liblio_sam_op__rosidl_typesupport_introspection_cpp.so
-- Up-to-date: /home/korey/Desktop/lio-sam_simulation_navigation/install/lio_sam_op/lib/liblio_sam_op__rosidl_typesupport_cpp.so
-- Up-to-date: /home/korey/Desktop/lio-sam_simulation_navigation/install/lio_sam_op/share/lio_sam_op/cmake/lio_sam_op__rosidl_generator_cExport.cmake
-- Up-to-date: /home/korey/Desktop/lio-sam_simulation_navigation/install/lio_sam_op/share/lio_sam_op/cmake/lio_sam_op__rosidl_generator_cExport-release.cmake
-- Up-to-date: /home/korey/Desktop/lio-sam_simulation_navigation/install/lio_sam_op/share/lio_sam_op/cmake/lio_sam_op__rosidl_typesupport_introspection_cExport.cmake
-- Up-to-date: /home/korey/Desktop/lio-sam_simulation_navigation/install/lio_sam_op/share/lio_sam_op/cmake/lio_sam_op__rosidl_typesupport_introspection_cExport-release.cmake
-- Up-to-date: /home/korey/Desktop/lio-sam_simulation_navigation/install/lio_sam_op/share/lio_sam_op/cmake/lio_sam_op__rosidl_typesupport_cExport.cmake
-- Up-to-date: /home/korey/Desktop/lio-sam_simulation_navigation/install/lio_sam_op/share/lio_sam_op/cmake/lio_sam_op__rosidl_typesupport_cExport-release.cmake
-- Up-to-date: /home/korey/Desktop/lio-sam_simulation_navigation/install/lio_sam_op/share/lio_sam_op/cmake/lio_sam_op__rosidl_generator_cppExport.cmake
-- Up-to-date: /home/korey/Desktop/lio-sam_simulation_navigation/install/lio_sam_op/share/lio_sam_op/cmake/lio_sam_op__rosidl_typesupport_introspection_cppExport.cmake
-- Up-to-date: /home/korey/Desktop/lio-sam_simulation_navigation/install/lio_sam_op/share/lio_sam_op/cmake/lio_sam_op__rosidl_typesupport_introspection_cppExport-release.cmake
-- Up-to-date: /home/korey/Desktop/lio-sam_simulation_navigation/install/lio_sam_op/share/lio_sam_op/cmake/lio_sam_op__rosidl_typesupport_cppExport.cmake
-- Up-to-date: /home/korey/Desktop/lio-sam_simulation_navigation/install/lio_sam_op/share/lio_sam_op/cmake/lio_sam_op__rosidl_typesupport_cppExport-release.cmake
