In file included from /usr/include/boost/preprocessor/tuple/elem.hpp:23,
                 from /usr/include/boost/preprocessor/arithmetic/add.hpp:21,
                 from /usr/include/boost/mpl/aux_/preprocessor/def_params_tail.hpp:66,
                 from /usr/include/boost/mpl/aux_/na_spec.hpp:28,
                 from /usr/include/boost/mpl/not.hpp:20,
                 from /usr/include/boost/mpl/assert.hpp:17,
                 from /usr/include/pcl-1.10/pcl/point_traits.h:48,
                 from /usr/include/pcl-1.10/pcl/point_cloud.h:50,
                 from /home/korey/Desktop/lio-sam_simulation_navigation/src/LIO-SAM/include/lio_sam_op/utility.hpp:21,
                 from /home/korey/Desktop/lio-sam_simulation_navigation/src/LIO-SAM/src/imageProjection.cpp:37:
/home/korey/Desktop/lio-sam_simulation_navigation/src/LIO-SAM/src/imageProjection.cpp:58:104: warning: ‘using uint16_t = uint16_t’ is deprecated: use std::uint16_t instead of pcl::uint16_t [-Wdeprecated-declarations]
   58 |                                   (float, x, x)(float, y, y)(float, z, z)(float, intensity, intensity)(uint16_t, ring, ring)(float, time, time))
      |                                                                                                        ^~~~~~~~
In file included from /usr/include/pcl-1.10/pcl/PCLHeader.h:10,
                 from /usr/include/pcl-1.10/pcl/point_cloud.h:47,
                 from /home/korey/Desktop/lio-sam_simulation_navigation/src/LIO-SAM/include/lio_sam_op/utility.hpp:21,
                 from /home/korey/Desktop/lio-sam_simulation_navigation/src/LIO-SAM/src/imageProjection.cpp:37:
/usr/include/pcl-1.10/pcl/pcl_macros.h:94:9: note: declared here
   94 |   using uint16_t [[deprecated("use std::uint16_t instead of pcl::uint16_t")]] = std::uint16_t;
      |         ^~~~~~~~
In file included from /usr/include/boost/preprocessor/tuple/elem.hpp:23,
                 from /usr/include/boost/preprocessor/arithmetic/add.hpp:21,
                 from /usr/include/boost/mpl/aux_/preprocessor/def_params_tail.hpp:66,
                 from /usr/include/boost/mpl/aux_/na_spec.hpp:28,
                 from /usr/include/boost/mpl/not.hpp:20,
                 from /usr/include/boost/mpl/assert.hpp:17,
                 from /usr/include/pcl-1.10/pcl/point_traits.h:48,
                 from /usr/include/pcl-1.10/pcl/point_cloud.h:50,
                 from /home/korey/Desktop/lio-sam_simulation_navigation/src/LIO-SAM/include/lio_sam_op/utility.hpp:21,
                 from /home/korey/Desktop/lio-sam_simulation_navigation/src/LIO-SAM/src/imageProjection.cpp:37:
/home/korey/Desktop/lio-sam_simulation_navigation/src/LIO-SAM/src/imageProjection.cpp:75:104: warning: ‘using uint32_t = uint32_t’ is deprecated: use std::uint32_t instead of pcl::uint32_t [-Wdeprecated-declarations]
   75 |                                   (float, x, x)(float, y, y)(float, z, z)(float, intensity, intensity)(uint32_t, t, t)(uint16_t, reflectivity, reflectivity)(uint8_t, ring, ring)(uint16_t, ambient, ambient)(uint32_t, range, range))
      |                                                                                                        ^~~~~~~~
In file included from /usr/include/pcl-1.10/pcl/PCLHeader.h:10,
                 from /usr/include/pcl-1.10/pcl/point_cloud.h:47,
                 from /home/korey/Desktop/lio-sam_simulation_navigation/src/LIO-SAM/include/lio_sam_op/utility.hpp:21,
                 from /home/korey/Desktop/lio-sam_simulation_navigation/src/LIO-SAM/src/imageProjection.cpp:37:
/usr/include/pcl-1.10/pcl/pcl_macros.h:96:9: note: declared here
   96 |   using uint32_t [[deprecated("use std::uint32_t instead of pcl::uint32_t")]] = std::uint32_t;
      |         ^~~~~~~~
In file included from /usr/include/boost/preprocessor/tuple/elem.hpp:23,
                 from /usr/include/boost/preprocessor/arithmetic/add.hpp:21,
                 from /usr/include/boost/mpl/aux_/preprocessor/def_params_tail.hpp:66,
                 from /usr/include/boost/mpl/aux_/na_spec.hpp:28,
                 from /usr/include/boost/mpl/not.hpp:20,
                 from /usr/include/boost/mpl/assert.hpp:17,
                 from /usr/include/pcl-1.10/pcl/point_traits.h:48,
                 from /usr/include/pcl-1.10/pcl/point_cloud.h:50,
                 from /home/korey/Desktop/lio-sam_simulation_navigation/src/LIO-SAM/include/lio_sam_op/utility.hpp:21,
                 from /home/korey/Desktop/lio-sam_simulation_navigation/src/LIO-SAM/src/imageProjection.cpp:37:
/home/korey/Desktop/lio-sam_simulation_navigation/src/LIO-SAM/src/imageProjection.cpp:75:120: warning: ‘using uint16_t = uint16_t’ is deprecated: use std::uint16_t instead of pcl::uint16_t [-Wdeprecated-declarations]
   75 |                                   (float, x, x)(float, y, y)(float, z, z)(float, intensity, intensity)(uint32_t, t, t)(uint16_t, reflectivity, reflectivity)(uint8_t, ring, ring)(uint16_t, ambient, ambient)(uint32_t, range, range))
      |                                                                                                                        ^~~~~~~~
In file included from /usr/include/pcl-1.10/pcl/PCLHeader.h:10,
                 from /usr/include/pcl-1.10/pcl/point_cloud.h:47,
                 from /home/korey/Desktop/lio-sam_simulation_navigation/src/LIO-SAM/include/lio_sam_op/utility.hpp:21,
                 from /home/korey/Desktop/lio-sam_simulation_navigation/src/LIO-SAM/src/imageProjection.cpp:37:
/usr/include/pcl-1.10/pcl/pcl_macros.h:94:9: note: declared here
   94 |   using uint16_t [[deprecated("use std::uint16_t instead of pcl::uint16_t")]] = std::uint16_t;
      |         ^~~~~~~~
In file included from /usr/include/boost/preprocessor/tuple/elem.hpp:23,
                 from /usr/include/boost/preprocessor/arithmetic/add.hpp:21,
                 from /usr/include/boost/mpl/aux_/preprocessor/def_params_tail.hpp:66,
                 from /usr/include/boost/mpl/aux_/na_spec.hpp:28,
                 from /usr/include/boost/mpl/not.hpp:20,
                 from /usr/include/boost/mpl/assert.hpp:17,
                 from /usr/include/pcl-1.10/pcl/point_traits.h:48,
                 from /usr/include/pcl-1.10/pcl/point_cloud.h:50,
                 from /home/korey/Desktop/lio-sam_simulation_navigation/src/LIO-SAM/include/lio_sam_op/utility.hpp:21,
                 from /home/korey/Desktop/lio-sam_simulation_navigation/src/LIO-SAM/src/imageProjection.cpp:37:
/home/korey/Desktop/lio-sam_simulation_navigation/src/LIO-SAM/src/imageProjection.cpp:75:158: warning: ‘using uint8_t = uint8_t’ is deprecated: use std::uint8_t instead of pcl::uint8_t [-Wdeprecated-declarations]
   75 |                                   (float, x, x)(float, y, y)(float, z, z)(float, intensity, intensity)(uint32_t, t, t)(uint16_t, reflectivity, reflectivity)(uint8_t, ring, ring)(uint16_t, ambient, ambient)(uint32_t, range, range))
      |                                                                                                                                                              ^~~~~~~
In file included from /usr/include/pcl-1.10/pcl/PCLHeader.h:10,
                 from /usr/include/pcl-1.10/pcl/point_cloud.h:47,
                 from /home/korey/Desktop/lio-sam_simulation_navigation/src/LIO-SAM/include/lio_sam_op/utility.hpp:21,
                 from /home/korey/Desktop/lio-sam_simulation_navigation/src/LIO-SAM/src/imageProjection.cpp:37:
/usr/include/pcl-1.10/pcl/pcl_macros.h:92:9: note: declared here
   92 |   using uint8_t [[deprecated("use std::uint8_t instead of pcl::uint8_t")]] = std::uint8_t;
      |         ^~~~~~~
In file included from /usr/include/boost/preprocessor/tuple/elem.hpp:23,
                 from /usr/include/boost/preprocessor/arithmetic/add.hpp:21,
                 from /usr/include/boost/mpl/aux_/preprocessor/def_params_tail.hpp:66,
                 from /usr/include/boost/mpl/aux_/na_spec.hpp:28,
                 from /usr/include/boost/mpl/not.hpp:20,
                 from /usr/include/boost/mpl/assert.hpp:17,
                 from /usr/include/pcl-1.10/pcl/point_traits.h:48,
                 from /usr/include/pcl-1.10/pcl/point_cloud.h:50,
                 from /home/korey/Desktop/lio-sam_simulation_navigation/src/LIO-SAM/include/lio_sam_op/utility.hpp:21,
                 from /home/korey/Desktop/lio-sam_simulation_navigation/src/LIO-SAM/src/imageProjection.cpp:37:
/home/korey/Desktop/lio-sam_simulation_navigation/src/LIO-SAM/src/imageProjection.cpp:75:179: warning: ‘using uint16_t = uint16_t’ is deprecated: use std::uint16_t instead of pcl::uint16_t [-Wdeprecated-declarations]
   75 |                                   (float, x, x)(float, y, y)(float, z, z)(float, intensity, intensity)(uint32_t, t, t)(uint16_t, reflectivity, reflectivity)(uint8_t, ring, ring)(uint16_t, ambient, ambient)(uint32_t, range, range))
      |                                                                                                                                                                                   ^~~~~~~~
In file included from /usr/include/pcl-1.10/pcl/PCLHeader.h:10,
                 from /usr/include/pcl-1.10/pcl/point_cloud.h:47,
                 from /home/korey/Desktop/lio-sam_simulation_navigation/src/LIO-SAM/include/lio_sam_op/utility.hpp:21,
                 from /home/korey/Desktop/lio-sam_simulation_navigation/src/LIO-SAM/src/imageProjection.cpp:37:
/usr/include/pcl-1.10/pcl/pcl_macros.h:94:9: note: declared here
   94 |   using uint16_t [[deprecated("use std::uint16_t instead of pcl::uint16_t")]] = std::uint16_t;
      |         ^~~~~~~~
In file included from /usr/include/boost/preprocessor/tuple/elem.hpp:23,
                 from /usr/include/boost/preprocessor/arithmetic/add.hpp:21,
                 from /usr/include/boost/mpl/aux_/preprocessor/def_params_tail.hpp:66,
                 from /usr/include/boost/mpl/aux_/na_spec.hpp:28,
                 from /usr/include/boost/mpl/not.hpp:20,
                 from /usr/include/boost/mpl/assert.hpp:17,
                 from /usr/include/pcl-1.10/pcl/point_traits.h:48,
                 from /usr/include/pcl-1.10/pcl/point_cloud.h:50,
                 from /home/korey/Desktop/lio-sam_simulation_navigation/src/LIO-SAM/include/lio_sam_op/utility.hpp:21,
                 from /home/korey/Desktop/lio-sam_simulation_navigation/src/LIO-SAM/src/imageProjection.cpp:37:
/home/korey/Desktop/lio-sam_simulation_navigation/src/LIO-SAM/src/imageProjection.cpp:75:207: warning: ‘using uint32_t = uint32_t’ is deprecated: use std::uint32_t instead of pcl::uint32_t [-Wdeprecated-declarations]
   75 |                                   (float, x, x)(float, y, y)(float, z, z)(float, intensity, intensity)(uint32_t, t, t)(uint16_t, reflectivity, reflectivity)(uint8_t, ring, ring)(uint16_t, ambient, ambient)(uint32_t, range, range))
      |                                                                                                                                                                                                               ^~~~~~~~
In file included from /usr/include/pcl-1.10/pcl/PCLHeader.h:10,
                 from /usr/include/pcl-1.10/pcl/point_cloud.h:47,
                 from /home/korey/Desktop/lio-sam_simulation_navigation/src/LIO-SAM/include/lio_sam_op/utility.hpp:21,
                 from /home/korey/Desktop/lio-sam_simulation_navigation/src/LIO-SAM/src/imageProjection.cpp:37:
/usr/include/pcl-1.10/pcl/pcl_macros.h:96:9: note: declared here
   96 |   using uint32_t [[deprecated("use std::uint32_t instead of pcl::uint32_t")]] = std::uint32_t;
      |         ^~~~~~~~
