[0.018s] Invoking command in '/home/korey/Desktop/lio-sam_simulation_navigation/build/lio_sam_op': CMAKE_PREFIX_PATH=/opt/ros/foxy CONDA_PROMPT_MODIFIER=(base) /usr/bin/cmake --build /home/korey/Desktop/lio-sam_simulation_navigation/build/lio_sam_op -- -j12 -l12
[0.102s] [  2%] Built target lio_sam_op__cpp
[0.102s] [ 10%] Built target lio_sam_op__rosidl_generator_c
[0.135s] [ 26%] Built target lio_sam_op__rosidl_typesupport_cpp
[0.135s] [ 26%] Built target lio_sam_op__rosidl_typesupport_introspection_c
[0.135s] [ 34%] Built target lio_sam_op__rosidl_typesupport_introspection_cpp
[0.139s] [ 42%] Built target lio_sam_op__rosidl_typesupport_fastrtps_cpp
[0.170s] [ 51%] Built target lio_sam_op__rosidl_typesupport_c
[0.182s] [ 59%] Built target lio_sam_op__rosidl_typesupport_fastrtps_c
[0.212s] [ 59%] Built target lio_sam_op
[0.245s] [ 61%] Built target lio_sam_op__py
[0.284s] [ 67%] Built target lio_sam_op__python
[0.301s] Scanning dependencies of target lio_sam_op_imageProjection
[0.309s] Scanning dependencies of target lio_sam_op_mapOptimization
[0.310s] Scanning dependencies of target lio_sam_op_featureExtraction
[0.313s] Scanning dependencies of target lio_sam_op_imuPreintegration
[0.314s] Scanning dependencies of target lio_sam_op_transformFusion
[0.324s] [ 71%] Built target lio_sam_op__rosidl_typesupport_introspection_c__pyext
[0.327s] [ 79%] Built target lio_sam_op__rosidl_typesupport_fastrtps_c__pyext
[0.327s] [ 75%] Built target lio_sam_op__rosidl_typesupport_c__pyext
[0.336s] [ 81%] Building CXX object CMakeFiles/lio_sam_op_imageProjection.dir/src/imageProjection.cpp.o
[0.345s] [ 83%] Building CXX object CMakeFiles/lio_sam_op_featureExtraction.dir/src/featureExtraction.cpp.o
[0.345s] [ 85%] Building CXX object CMakeFiles/lio_sam_op_mapOptimization.dir/src/mapOptimization.cpp.o
[0.348s] [ 87%] Building CXX object CMakeFiles/lio_sam_op_transformFusion.dir/src/transformFusion.cpp.o
[0.348s] [ 89%] Building CXX object CMakeFiles/lio_sam_op_imuPreintegration.dir/src/imuPreintegration.cpp.o
[8.017s] In file included from /usr/include/boost/preprocessor/tuple/elem.hpp:23,
[8.017s]                  from /usr/include/boost/preprocessor/arithmetic/add.hpp:21,
[8.017s]                  from /usr/include/boost/mpl/aux_/preprocessor/def_params_tail.hpp:66,
[8.017s]                  from /usr/include/boost/mpl/aux_/na_spec.hpp:28,
[8.017s]                  from /usr/include/boost/mpl/not.hpp:20,
[8.017s]                  from /usr/include/boost/mpl/assert.hpp:17,
[8.017s]                  from /usr/include/pcl-1.10/pcl/point_traits.h:48,
[8.017s]                  from /usr/include/pcl-1.10/pcl/point_cloud.h:50,
[8.017s]                  from /home/korey/Desktop/lio-sam_simulation_navigation/src/LIO-SAM/include/lio_sam_op/utility.hpp:21,
[8.017s]                  from /home/korey/Desktop/lio-sam_simulation_navigation/src/LIO-SAM/src/imageProjection.cpp:37:
[8.017s] /home/korey/Desktop/lio-sam_simulation_navigation/src/LIO-SAM/src/imageProjection.cpp:58:104: warning: ‘using uint16_t = uint16_t’ is deprecated: use std::uint16_t instead of pcl::uint16_t [-Wdeprecated-declarations]
[8.017s]    58 |                                   (float, x, x)(float, y, y)(float, z, z)(float, intensity, intensity)(uint16_t, ring, ring)(float, time, time))
[8.018s]       |                                                                                                        ^~~~~~~~
[8.018s] In file included from /usr/include/pcl-1.10/pcl/PCLHeader.h:10,
[8.018s]                  from /usr/include/pcl-1.10/pcl/point_cloud.h:47,
[8.018s]                  from /home/korey/Desktop/lio-sam_simulation_navigation/src/LIO-SAM/include/lio_sam_op/utility.hpp:21,
[8.018s]                  from /home/korey/Desktop/lio-sam_simulation_navigation/src/LIO-SAM/src/imageProjection.cpp:37:
[8.018s] /usr/include/pcl-1.10/pcl/pcl_macros.h:94:9: note: declared here
[8.018s]    94 |   using uint16_t [[deprecated("use std::uint16_t instead of pcl::uint16_t")]] = std::uint16_t;
[8.018s]       |         ^~~~~~~~
[8.024s] In file included from /usr/include/boost/preprocessor/tuple/elem.hpp:23,
[8.025s]                  from /usr/include/boost/preprocessor/arithmetic/add.hpp:21,
[8.025s]                  from /usr/include/boost/mpl/aux_/preprocessor/def_params_tail.hpp:66,
[8.025s]                  from /usr/include/boost/mpl/aux_/na_spec.hpp:28,
[8.025s]                  from /usr/include/boost/mpl/not.hpp:20,
[8.025s]                  from /usr/include/boost/mpl/assert.hpp:17,
[8.025s]                  from /usr/include/pcl-1.10/pcl/point_traits.h:48,
[8.025s]                  from /usr/include/pcl-1.10/pcl/point_cloud.h:50,
[8.026s]                  from /home/korey/Desktop/lio-sam_simulation_navigation/src/LIO-SAM/include/lio_sam_op/utility.hpp:21,
[8.026s]                  from /home/korey/Desktop/lio-sam_simulation_navigation/src/LIO-SAM/src/imageProjection.cpp:37:
[8.026s] /home/korey/Desktop/lio-sam_simulation_navigation/src/LIO-SAM/src/imageProjection.cpp:75:104: warning: ‘using uint32_t = uint32_t’ is deprecated: use std::uint32_t instead of pcl::uint32_t [-Wdeprecated-declarations]
[8.026s]    75 |                                   (float, x, x)(float, y, y)(float, z, z)(float, intensity, intensity)(uint32_t, t, t)(uint16_t, reflectivity, reflectivity)(uint8_t, ring, ring)(uint16_t, ambient, ambient)(uint32_t, range, range))
[8.026s]       |                                                                                                        ^~~~~~~~
[8.026s] In file included from /usr/include/pcl-1.10/pcl/PCLHeader.h:10,
[8.026s]                  from /usr/include/pcl-1.10/pcl/point_cloud.h:47,
[8.026s]                  from /home/korey/Desktop/lio-sam_simulation_navigation/src/LIO-SAM/include/lio_sam_op/utility.hpp:21,
[8.027s]                  from /home/korey/Desktop/lio-sam_simulation_navigation/src/LIO-SAM/src/imageProjection.cpp:37:
[8.027s] /usr/include/pcl-1.10/pcl/pcl_macros.h:96:9: note: declared here
[8.027s]    96 |   using uint32_t [[deprecated("use std::uint32_t instead of pcl::uint32_t")]] = std::uint32_t;
[8.027s]       |         ^~~~~~~~
[8.027s] In file included from /usr/include/boost/preprocessor/tuple/elem.hpp:23,
[8.027s]                  from /usr/include/boost/preprocessor/arithmetic/add.hpp:21,
[8.027s]                  from /usr/include/boost/mpl/aux_/preprocessor/def_params_tail.hpp:66,
[8.027s]                  from /usr/include/boost/mpl/aux_/na_spec.hpp:28,
[8.028s]                  from /usr/include/boost/mpl/not.hpp:20,
[8.028s]                  from /usr/include/boost/mpl/assert.hpp:17,
[8.028s]                  from /usr/include/pcl-1.10/pcl/point_traits.h:48,
[8.028s]                  from /usr/include/pcl-1.10/pcl/point_cloud.h:50,
[8.028s]                  from /home/korey/Desktop/lio-sam_simulation_navigation/src/LIO-SAM/include/lio_sam_op/utility.hpp:21,
[8.028s]                  from /home/korey/Desktop/lio-sam_simulation_navigation/src/LIO-SAM/src/imageProjection.cpp:37:
[8.028s] /home/korey/Desktop/lio-sam_simulation_navigation/src/LIO-SAM/src/imageProjection.cpp:75:120: warning: ‘using uint16_t = uint16_t’ is deprecated: use std::uint16_t instead of pcl::uint16_t [-Wdeprecated-declarations]
[8.028s]    75 |                                   (float, x, x)(float, y, y)(float, z, z)(float, intensity, intensity)(uint32_t, t, t)(uint16_t, reflectivity, reflectivity)(uint8_t, ring, ring)(uint16_t, ambient, ambient)(uint32_t, range, range))
[8.028s]       |                                                                                                                        ^~~~~~~~
[8.028s] In file included from /usr/include/pcl-1.10/pcl/PCLHeader.h:10,
[8.028s]                  from /usr/include/pcl-1.10/pcl/point_cloud.h:47,
[8.028s]                  from /home/korey/Desktop/lio-sam_simulation_navigation/src/LIO-SAM/include/lio_sam_op/utility.hpp:21,
[8.028s]                  from /home/korey/Desktop/lio-sam_simulation_navigation/src/LIO-SAM/src/imageProjection.cpp:37:
[8.029s] /usr/include/pcl-1.10/pcl/pcl_macros.h:94:9: note: declared here
[8.029s]    94 |   using uint16_t [[deprecated("use std::uint16_t instead of pcl::uint16_t")]] = std::uint16_t;
[8.029s]       |         ^~~~~~~~
[8.029s] In file included from /usr/include/boost/preprocessor/tuple/elem.hpp:23,
[8.029s]                  from /usr/include/boost/preprocessor/arithmetic/add.hpp:21,
[8.029s]                  from /usr/include/boost/mpl/aux_/preprocessor/def_params_tail.hpp:66,
[8.029s]                  from /usr/include/boost/mpl/aux_/na_spec.hpp:28,
[8.029s]                  from /usr/include/boost/mpl/not.hpp:20,
[8.029s]                  from /usr/include/boost/mpl/assert.hpp:17,
[8.029s]                  from /usr/include/pcl-1.10/pcl/point_traits.h:48,
[8.029s]                  from /usr/include/pcl-1.10/pcl/point_cloud.h:50,
[8.030s]                  from /home/korey/Desktop/lio-sam_simulation_navigation/src/LIO-SAM/include/lio_sam_op/utility.hpp:21,
[8.030s]                  from /home/korey/Desktop/lio-sam_simulation_navigation/src/LIO-SAM/src/imageProjection.cpp:37:
[8.030s] /home/korey/Desktop/lio-sam_simulation_navigation/src/LIO-SAM/src/imageProjection.cpp:75:158: warning: ‘using uint8_t = uint8_t’ is deprecated: use std::uint8_t instead of pcl::uint8_t [-Wdeprecated-declarations]
[8.030s]    75 |                                   (float, x, x)(float, y, y)(float, z, z)(float, intensity, intensity)(uint32_t, t, t)(uint16_t, reflectivity, reflectivity)(uint8_t, ring, ring)(uint16_t, ambient, ambient)(uint32_t, range, range))
[8.030s]       |                                                                                                                                                              ^~~~~~~
[8.030s] In file included from /usr/include/pcl-1.10/pcl/PCLHeader.h:10,
[8.030s]                  from /usr/include/pcl-1.10/pcl/point_cloud.h:47,
[8.030s]                  from /home/korey/Desktop/lio-sam_simulation_navigation/src/LIO-SAM/include/lio_sam_op/utility.hpp:21,
[8.030s]                  from /home/korey/Desktop/lio-sam_simulation_navigation/src/LIO-SAM/src/imageProjection.cpp:37:
[8.030s] /usr/include/pcl-1.10/pcl/pcl_macros.h:92:9: note: declared here
[8.030s]    92 |   using uint8_t [[deprecated("use std::uint8_t instead of pcl::uint8_t")]] = std::uint8_t;
[8.030s]       |         ^~~~~~~
[8.031s] In file included from /usr/include/boost/preprocessor/tuple/elem.hpp:23,
[8.031s]                  from /usr/include/boost/preprocessor/arithmetic/add.hpp:21,
[8.031s]                  from /usr/include/boost/mpl/aux_/preprocessor/def_params_tail.hpp:66,
[8.031s]                  from /usr/include/boost/mpl/aux_/na_spec.hpp:28,
[8.031s]                  from /usr/include/boost/mpl/not.hpp:20,
[8.031s]                  from /usr/include/boost/mpl/assert.hpp:17,
[8.031s]                  from /usr/include/pcl-1.10/pcl/point_traits.h:48,
[8.031s]                  from /usr/include/pcl-1.10/pcl/point_cloud.h:50,
[8.032s]                  from /home/korey/Desktop/lio-sam_simulation_navigation/src/LIO-SAM/include/lio_sam_op/utility.hpp:21,
[8.032s]                  from /home/korey/Desktop/lio-sam_simulation_navigation/src/LIO-SAM/src/imageProjection.cpp:37:
[8.032s] /home/korey/Desktop/lio-sam_simulation_navigation/src/LIO-SAM/src/imageProjection.cpp:75:179: warning: ‘using uint16_t = uint16_t’ is deprecated: use std::uint16_t instead of pcl::uint16_t [-Wdeprecated-declarations]
[8.032s]    75 |                                   (float, x, x)(float, y, y)(float, z, z)(float, intensity, intensity)(uint32_t, t, t)(uint16_t, reflectivity, reflectivity)(uint8_t, ring, ring)(uint16_t, ambient, ambient)(uint32_t, range, range))
[8.032s]       |                                                                                                                                                                                   ^~~~~~~~
[8.033s] In file included from /usr/include/pcl-1.10/pcl/PCLHeader.h:10,
[8.033s]                  from /usr/include/pcl-1.10/pcl/point_cloud.h:47,
[8.033s]                  from /home/korey/Desktop/lio-sam_simulation_navigation/src/LIO-SAM/include/lio_sam_op/utility.hpp:21,
[8.033s]                  from /home/korey/Desktop/lio-sam_simulation_navigation/src/LIO-SAM/src/imageProjection.cpp:37:
[8.034s] /usr/include/pcl-1.10/pcl/pcl_macros.h:94:9: note: declared here
[8.034s]    94 |   using uint16_t [[deprecated("use std::uint16_t instead of pcl::uint16_t")]] = std::uint16_t;
[8.034s]       |         ^~~~~~~~
[8.034s] In file included from /usr/include/boost/preprocessor/tuple/elem.hpp:23,
[8.034s]                  from /usr/include/boost/preprocessor/arithmetic/add.hpp:21,
[8.035s]                  from /usr/include/boost/mpl/aux_/preprocessor/def_params_tail.hpp:66,
[8.035s]                  from /usr/include/boost/mpl/aux_/na_spec.hpp:28,
[8.035s]                  from /usr/include/boost/mpl/not.hpp:20,
[8.036s]                  from /usr/include/boost/mpl/assert.hpp:17,
[8.036s]                  from /usr/include/pcl-1.10/pcl/point_traits.h:48,
[8.036s]                  from /usr/include/pcl-1.10/pcl/point_cloud.h:50,
[8.036s]                  from /home/korey/Desktop/lio-sam_simulation_navigation/src/LIO-SAM/include/lio_sam_op/utility.hpp:21,
[8.037s]                  from /home/korey/Desktop/lio-sam_simulation_navigation/src/LIO-SAM/src/imageProjection.cpp:37:
[8.037s] /home/korey/Desktop/lio-sam_simulation_navigation/src/LIO-SAM/src/imageProjection.cpp:75:207: warning: ‘using uint32_t = uint32_t’ is deprecated: use std::uint32_t instead of pcl::uint32_t [-Wdeprecated-declarations]
[8.037s]    75 |                                   (float, x, x)(float, y, y)(float, z, z)(float, intensity, intensity)(uint32_t, t, t)(uint16_t, reflectivity, reflectivity)(uint8_t, ring, ring)(uint16_t, ambient, ambient)(uint32_t, range, range))
[8.037s]       |                                                                                                                                                                                                               ^~~~~~~~
[8.038s] In file included from /usr/include/pcl-1.10/pcl/PCLHeader.h:10,
[8.038s]                  from /usr/include/pcl-1.10/pcl/point_cloud.h:47,
[8.039s]                  from /home/korey/Desktop/lio-sam_simulation_navigation/src/LIO-SAM/include/lio_sam_op/utility.hpp:21,
[8.042s]                  from /home/korey/Desktop/lio-sam_simulation_navigation/src/LIO-SAM/src/imageProjection.cpp:37:
[8.042s] /usr/include/pcl-1.10/pcl/pcl_macros.h:96:9: note: declared here
[8.043s]    96 |   using uint32_t [[deprecated("use std::uint32_t instead of pcl::uint32_t")]] = std::uint32_t;
[8.043s]       |         ^~~~~~~~
[24.281s] [ 91%] Linking CXX executable lio_sam_op_featureExtraction
[24.360s] [ 93%] Linking CXX executable lio_sam_op_transformFusion
[25.446s] [ 93%] Built target lio_sam_op_transformFusion
[25.734s] [ 93%] Built target lio_sam_op_featureExtraction
[28.739s] [ 95%] Linking CXX executable lio_sam_op_imageProjection
[29.286s] [ 95%] Built target lio_sam_op_imageProjection
[38.087s] [ 97%] Linking CXX executable lio_sam_op_imuPreintegration
[39.021s] [ 97%] Built target lio_sam_op_imuPreintegration
[53.819s] [100%] Linking CXX executable lio_sam_op_mapOptimization
[55.279s] [100%] Built target lio_sam_op_mapOptimization
[55.300s] Invoked command in '/home/korey/Desktop/lio-sam_simulation_navigation/build/lio_sam_op' returned '0': CMAKE_PREFIX_PATH=/opt/ros/foxy CONDA_PROMPT_MODIFIER=(base) /usr/bin/cmake --build /home/korey/Desktop/lio-sam_simulation_navigation/build/lio_sam_op -- -j12 -l12
[55.320s] Invoking command in '/home/korey/Desktop/lio-sam_simulation_navigation/build/lio_sam_op': CMAKE_PREFIX_PATH=/opt/ros/foxy CONDA_PROMPT_MODIFIER=(base) /usr/bin/cmake --install /home/korey/Desktop/lio-sam_simulation_navigation/build/lio_sam_op
[55.334s] -- Install configuration: "Release"
[55.335s] -- Execute custom install script
[55.335s] -- Symlinking: /home/korey/Desktop/lio-sam_simulation_navigation/install/lio_sam_op/share/ament_index/resource_index/rosidl_interfaces/lio_sam_op
[55.352s] -- Symlinking: /home/korey/Desktop/lio-sam_simulation_navigation/install/lio_sam_op/include/lio_sam_op/msg/cloud_info.h
[55.366s] -- Symlinking: /home/korey/Desktop/lio-sam_simulation_navigation/install/lio_sam_op/include/lio_sam_op/msg/detail/cloud_info__functions.h
[55.376s] -- Symlinking: /home/korey/Desktop/lio-sam_simulation_navigation/install/lio_sam_op/include/lio_sam_op/msg/detail/cloud_info__struct.h
[55.387s] -- Symlinking: /home/korey/Desktop/lio-sam_simulation_navigation/install/lio_sam_op/include/lio_sam_op/msg/detail/cloud_info__type_support.h
[55.397s] -- Symlinking: /home/korey/Desktop/lio-sam_simulation_navigation/install/lio_sam_op/include/lio_sam_op/msg/rosidl_generator_c__visibility_control.h
[55.413s] -- Symlinking: /home/korey/Desktop/lio-sam_simulation_navigation/install/lio_sam_op/include/lio_sam_op/srv/detail/save_map__functions.h
[55.425s] -- Symlinking: /home/korey/Desktop/lio-sam_simulation_navigation/install/lio_sam_op/include/lio_sam_op/srv/detail/save_map__struct.h
[55.436s] -- Symlinking: /home/korey/Desktop/lio-sam_simulation_navigation/install/lio_sam_op/include/lio_sam_op/srv/detail/save_map__type_support.h
[55.447s] -- Symlinking: /home/korey/Desktop/lio-sam_simulation_navigation/install/lio_sam_op/include/lio_sam_op/srv/save_map.h
[55.458s] -- Symlinking: /home/korey/Desktop/lio-sam_simulation_navigation/install/lio_sam_op/share/lio_sam_op/environment/library_path.sh
[55.469s] -- Symlinking: /home/korey/Desktop/lio-sam_simulation_navigation/install/lio_sam_op/share/lio_sam_op/environment/library_path.dsv
[55.484s] -- Symlinking: /home/korey/Desktop/lio-sam_simulation_navigation/install/lio_sam_op/include/lio_sam_op/msg/detail/cloud_info__rosidl_typesupport_fastrtps_c.h
[55.495s] -- Symlinking: /home/korey/Desktop/lio-sam_simulation_navigation/install/lio_sam_op/include/lio_sam_op/msg/rosidl_typesupport_fastrtps_c__visibility_control.h
[55.509s] -- Symlinking: /home/korey/Desktop/lio-sam_simulation_navigation/install/lio_sam_op/include/lio_sam_op/srv/detail/save_map__rosidl_typesupport_fastrtps_c.h
[55.524s] -- Symlinking: /home/korey/Desktop/lio-sam_simulation_navigation/install/lio_sam_op/lib/liblio_sam_op__rosidl_typesupport_fastrtps_c.so
[55.540s] -- Symlinking: /home/korey/Desktop/lio-sam_simulation_navigation/install/lio_sam_op/include/lio_sam_op/msg/detail/cloud_info__rosidl_typesupport_fastrtps_cpp.hpp
[55.556s] -- Symlinking: /home/korey/Desktop/lio-sam_simulation_navigation/install/lio_sam_op/include/lio_sam_op/msg/rosidl_typesupport_fastrtps_cpp__visibility_control.h
[55.570s] -- Symlinking: /home/korey/Desktop/lio-sam_simulation_navigation/install/lio_sam_op/include/lio_sam_op/srv/detail/save_map__rosidl_typesupport_fastrtps_cpp.hpp
[55.581s] -- Symlinking: /home/korey/Desktop/lio-sam_simulation_navigation/install/lio_sam_op/lib/liblio_sam_op__rosidl_typesupport_fastrtps_cpp.so
[55.596s] -- Symlinking: /home/korey/Desktop/lio-sam_simulation_navigation/install/lio_sam_op/include/lio_sam_op/msg/detail/cloud_info__rosidl_typesupport_introspection_c.h
[55.612s] -- Symlinking: /home/korey/Desktop/lio-sam_simulation_navigation/install/lio_sam_op/include/lio_sam_op/msg/rosidl_typesupport_introspection_c__visibility_control.h
[55.627s] -- Symlinking: /home/korey/Desktop/lio-sam_simulation_navigation/install/lio_sam_op/include/lio_sam_op/srv/detail/save_map__rosidl_typesupport_introspection_c.h
[55.642s] -- Symlinking: /home/korey/Desktop/lio-sam_simulation_navigation/install/lio_sam_op/include/lio_sam_op/msg/cloud_info.hpp
[55.656s] -- Symlinking: /home/korey/Desktop/lio-sam_simulation_navigation/install/lio_sam_op/include/lio_sam_op/msg/detail/cloud_info__builder.hpp
[55.667s] -- Symlinking: /home/korey/Desktop/lio-sam_simulation_navigation/install/lio_sam_op/include/lio_sam_op/msg/detail/cloud_info__struct.hpp
[55.679s] -- Symlinking: /home/korey/Desktop/lio-sam_simulation_navigation/install/lio_sam_op/include/lio_sam_op/msg/detail/cloud_info__traits.hpp
[55.693s] -- Symlinking: /home/korey/Desktop/lio-sam_simulation_navigation/install/lio_sam_op/include/lio_sam_op/msg/detail/cloud_info__type_support.hpp
[55.709s] -- Symlinking: /home/korey/Desktop/lio-sam_simulation_navigation/install/lio_sam_op/include/lio_sam_op/msg/rosidl_generator_cpp__visibility_control.hpp
[55.720s] -- Symlinking: /home/korey/Desktop/lio-sam_simulation_navigation/install/lio_sam_op/include/lio_sam_op/srv/detail/save_map__builder.hpp
[55.730s] -- Symlinking: /home/korey/Desktop/lio-sam_simulation_navigation/install/lio_sam_op/include/lio_sam_op/srv/detail/save_map__struct.hpp
[55.741s] -- Symlinking: /home/korey/Desktop/lio-sam_simulation_navigation/install/lio_sam_op/include/lio_sam_op/srv/detail/save_map__traits.hpp
[55.755s] -- Symlinking: /home/korey/Desktop/lio-sam_simulation_navigation/install/lio_sam_op/include/lio_sam_op/srv/detail/save_map__type_support.hpp
[55.770s] -- Symlinking: /home/korey/Desktop/lio-sam_simulation_navigation/install/lio_sam_op/include/lio_sam_op/srv/save_map.hpp
[55.783s] -- Symlinking: /home/korey/Desktop/lio-sam_simulation_navigation/install/lio_sam_op/include/lio_sam_op/msg/detail/cloud_info__rosidl_typesupport_introspection_cpp.hpp
[55.799s] -- Symlinking: /home/korey/Desktop/lio-sam_simulation_navigation/install/lio_sam_op/include/lio_sam_op/srv/detail/save_map__rosidl_typesupport_introspection_cpp.hpp
[55.810s] -- Symlinking: /home/korey/Desktop/lio-sam_simulation_navigation/install/lio_sam_op/share/lio_sam_op/environment/pythonpath.sh
[55.823s] -- Symlinking: /home/korey/Desktop/lio-sam_simulation_navigation/install/lio_sam_op/share/lio_sam_op/environment/pythonpath.dsv
[55.838s] -- Symlinking: /home/korey/Desktop/lio-sam_simulation_navigation/install/lio_sam_op/lib/python3.8/site-packages/lio_sam_op/__init__.py
[55.848s] -- Symlinking: /home/korey/Desktop/lio-sam_simulation_navigation/install/lio_sam_op/lib/python3.8/site-packages/lio_sam_op/msg/__init__.py
[55.858s] -- Symlinking: /home/korey/Desktop/lio-sam_simulation_navigation/install/lio_sam_op/lib/python3.8/site-packages/lio_sam_op/msg/_cloud_info.py
[55.870s] -- Symlinking: /home/korey/Desktop/lio-sam_simulation_navigation/install/lio_sam_op/lib/python3.8/site-packages/lio_sam_op/srv/__init__.py
[55.885s] -- Symlinking: /home/korey/Desktop/lio-sam_simulation_navigation/install/lio_sam_op/lib/python3.8/site-packages/lio_sam_op/srv/_save_map.py
[55.902s] -- Symlinking: /home/korey/Desktop/lio-sam_simulation_navigation/install/lio_sam_op/lib/python3.8/site-packages/lio_sam_op/lio_sam_op_s__rosidl_typesupport_fastrtps_c.cpython-38-x86_64-linux-gnu.so
[55.914s] -- Symlinking: /home/korey/Desktop/lio-sam_simulation_navigation/install/lio_sam_op/lib/python3.8/site-packages/lio_sam_op/lio_sam_op_s__rosidl_typesupport_introspection_c.cpython-38-x86_64-linux-gnu.so
[55.928s] -- Symlinking: /home/korey/Desktop/lio-sam_simulation_navigation/install/lio_sam_op/lib/python3.8/site-packages/lio_sam_op/lio_sam_op_s__rosidl_typesupport_c.cpython-38-x86_64-linux-gnu.so
[55.940s] -- Symlinking: /home/korey/Desktop/lio-sam_simulation_navigation/install/lio_sam_op/lib/liblio_sam_op__python.so
[55.953s] -- Symlinking: /home/korey/Desktop/lio-sam_simulation_navigation/install/lio_sam_op/share/lio_sam_op/msg/CloudInfo.idl
[55.967s] -- Symlinking: /home/korey/Desktop/lio-sam_simulation_navigation/install/lio_sam_op/share/lio_sam_op/srv/SaveMap.idl
[55.980s] -- Symlinking: /home/korey/Desktop/lio-sam_simulation_navigation/install/lio_sam_op/share/lio_sam_op/msg/CloudInfo.msg
[55.994s] -- Symlinking: /home/korey/Desktop/lio-sam_simulation_navigation/install/lio_sam_op/share/lio_sam_op/srv/SaveMap.srv
[56.005s] -- Symlinking: /home/korey/Desktop/lio-sam_simulation_navigation/install/lio_sam_op/share/lio_sam_op/srv/SaveMap_Request.msg
[56.016s] -- Symlinking: /home/korey/Desktop/lio-sam_simulation_navigation/install/lio_sam_op/share/lio_sam_op/srv/SaveMap_Response.msg
[56.029s] -- Symlinking: /home/korey/Desktop/lio-sam_simulation_navigation/install/lio_sam_op/lib/lio_sam_op/lio_sam_op_imageProjection
[56.046s] -- Symlinking: /home/korey/Desktop/lio-sam_simulation_navigation/install/lio_sam_op/lib/lio_sam_op/lio_sam_op_featureExtraction
[56.067s] -- Symlinking: /home/korey/Desktop/lio-sam_simulation_navigation/install/lio_sam_op/lib/lio_sam_op/lio_sam_op_imuPreintegration
[56.080s] -- Symlinking: /home/korey/Desktop/lio-sam_simulation_navigation/install/lio_sam_op/lib/lio_sam_op/lio_sam_op_mapOptimization
[56.092s] -- Symlinking: /home/korey/Desktop/lio-sam_simulation_navigation/install/lio_sam_op/lib/lio_sam_op/lio_sam_op_transformFusion
[56.106s] -- Symlinking: /home/korey/Desktop/lio-sam_simulation_navigation/install/lio_sam_op/include/lio_sam_op/lio_sam_op/utility.hpp
[56.117s] -- Symlinking: /home/korey/Desktop/lio-sam_simulation_navigation/install/lio_sam_op/share/lio_sam_op/launch/__pycache__/run.launch.cpython-313.pyc
[56.127s] -- Symlinking: /home/korey/Desktop/lio-sam_simulation_navigation/install/lio_sam_op/share/lio_sam_op/launch/pureLioSam.launch.py
[56.142s] -- Symlinking: /home/korey/Desktop/lio-sam_simulation_navigation/install/lio_sam_op/share/lio_sam_op/launch/run.launch.py
[56.154s] -- Symlinking: /home/korey/Desktop/lio-sam_simulation_navigation/install/lio_sam_op/share/lio_sam_op/config/params.yaml
[56.164s] -- Symlinking: /home/korey/Desktop/lio-sam_simulation_navigation/install/lio_sam_op/share/lio_sam_op/config/params_default.yaml
[56.180s] -- Symlinking: /home/korey/Desktop/lio-sam_simulation_navigation/install/lio_sam_op/share/lio_sam_op/config/robot.urdf.xacro
[56.195s] -- Symlinking: /home/korey/Desktop/lio-sam_simulation_navigation/install/lio_sam_op/share/lio_sam_op/config/rviz2.rviz
[56.211s] -- Symlinking: /home/korey/Desktop/lio-sam_simulation_navigation/install/lio_sam_op/share/ament_index/resource_index/package_run_dependencies/lio_sam_op
[56.225s] -- Symlinking: /home/korey/Desktop/lio-sam_simulation_navigation/install/lio_sam_op/share/ament_index/resource_index/parent_prefix_path/lio_sam_op
[56.241s] -- Symlinking: /home/korey/Desktop/lio-sam_simulation_navigation/install/lio_sam_op/share/lio_sam_op/environment/ament_prefix_path.sh
[56.254s] -- Symlinking: /home/korey/Desktop/lio-sam_simulation_navigation/install/lio_sam_op/share/lio_sam_op/environment/ament_prefix_path.dsv
[56.271s] -- Symlinking: /home/korey/Desktop/lio-sam_simulation_navigation/install/lio_sam_op/share/lio_sam_op/environment/path.sh
[56.283s] -- Symlinking: /home/korey/Desktop/lio-sam_simulation_navigation/install/lio_sam_op/share/lio_sam_op/environment/path.dsv
[56.297s] -- Symlinking: /home/korey/Desktop/lio-sam_simulation_navigation/install/lio_sam_op/share/lio_sam_op/local_setup.bash
[56.314s] -- Symlinking: /home/korey/Desktop/lio-sam_simulation_navigation/install/lio_sam_op/share/lio_sam_op/local_setup.sh
[56.329s] -- Symlinking: /home/korey/Desktop/lio-sam_simulation_navigation/install/lio_sam_op/share/lio_sam_op/local_setup.zsh
[56.343s] -- Symlinking: /home/korey/Desktop/lio-sam_simulation_navigation/install/lio_sam_op/share/lio_sam_op/local_setup.dsv
[56.358s] -- Symlinking: /home/korey/Desktop/lio-sam_simulation_navigation/install/lio_sam_op/share/lio_sam_op/package.dsv
[56.373s] -- Symlinking: /home/korey/Desktop/lio-sam_simulation_navigation/install/lio_sam_op/share/ament_index/resource_index/packages/lio_sam_op
[56.383s] -- Symlinking: /home/korey/Desktop/lio-sam_simulation_navigation/install/lio_sam_op/share/lio_sam_op/cmake/rosidl_cmake-extras.cmake
[56.392s] -- Symlinking: /home/korey/Desktop/lio-sam_simulation_navigation/install/lio_sam_op/share/lio_sam_op/cmake/ament_cmake_export_dependencies-extras.cmake
[56.405s] -- Symlinking: /home/korey/Desktop/lio-sam_simulation_navigation/install/lio_sam_op/share/lio_sam_op/cmake/ament_cmake_export_libraries-extras.cmake
[56.419s] -- Symlinking: /home/korey/Desktop/lio-sam_simulation_navigation/install/lio_sam_op/share/lio_sam_op/cmake/ament_cmake_export_targets-extras.cmake
[56.433s] -- Symlinking: /home/korey/Desktop/lio-sam_simulation_navigation/install/lio_sam_op/share/lio_sam_op/cmake/ament_cmake_export_include_directories-extras.cmake
[56.447s] -- Symlinking: /home/korey/Desktop/lio-sam_simulation_navigation/install/lio_sam_op/share/lio_sam_op/cmake/rosidl_cmake_export_typesupport_libraries-extras.cmake
[56.461s] -- Symlinking: /home/korey/Desktop/lio-sam_simulation_navigation/install/lio_sam_op/share/lio_sam_op/cmake/rosidl_cmake_export_typesupport_targets-extras.cmake
[56.475s] -- Symlinking: /home/korey/Desktop/lio-sam_simulation_navigation/install/lio_sam_op/share/lio_sam_op/cmake/lio_sam_opConfig.cmake
[56.489s] -- Symlinking: /home/korey/Desktop/lio-sam_simulation_navigation/install/lio_sam_op/share/lio_sam_op/cmake/lio_sam_opConfig-version.cmake
[56.505s] -- Symlinking: /home/korey/Desktop/lio-sam_simulation_navigation/install/lio_sam_op/share/lio_sam_op/package.xml
[56.520s] -- Installing: /home/korey/Desktop/lio-sam_simulation_navigation/install/lio_sam_op/lib/liblio_sam_op__rosidl_generator_c.so
[56.524s] -- Set runtime path of "/home/korey/Desktop/lio-sam_simulation_navigation/install/lio_sam_op/lib/liblio_sam_op__rosidl_generator_c.so" to ""
[56.524s] -- Installing: /home/korey/Desktop/lio-sam_simulation_navigation/install/lio_sam_op/lib/liblio_sam_op__rosidl_typesupport_introspection_c.so
[56.525s] -- Set runtime path of "/home/korey/Desktop/lio-sam_simulation_navigation/install/lio_sam_op/lib/liblio_sam_op__rosidl_typesupport_introspection_c.so" to ""
[56.525s] -- Installing: /home/korey/Desktop/lio-sam_simulation_navigation/install/lio_sam_op/lib/liblio_sam_op__rosidl_typesupport_c.so
[56.526s] -- Set runtime path of "/home/korey/Desktop/lio-sam_simulation_navigation/install/lio_sam_op/lib/liblio_sam_op__rosidl_typesupport_c.so" to ""
[56.526s] -- Installing: /home/korey/Desktop/lio-sam_simulation_navigation/install/lio_sam_op/lib/liblio_sam_op__rosidl_typesupport_introspection_cpp.so
[56.527s] -- Set runtime path of "/home/korey/Desktop/lio-sam_simulation_navigation/install/lio_sam_op/lib/liblio_sam_op__rosidl_typesupport_introspection_cpp.so" to ""
[56.527s] -- Installing: /home/korey/Desktop/lio-sam_simulation_navigation/install/lio_sam_op/lib/liblio_sam_op__rosidl_typesupport_cpp.so
[56.528s] -- Set runtime path of "/home/korey/Desktop/lio-sam_simulation_navigation/install/lio_sam_op/lib/liblio_sam_op__rosidl_typesupport_cpp.so" to ""
[56.561s] Compiling '/home/korey/Desktop/lio-sam_simulation_navigation/install/lio_sam_op/lib/python3.8/site-packages/lio_sam_op/__init__.py'...
[56.565s] -- Installing: /home/korey/Desktop/lio-sam_simulation_navigation/install/lio_sam_op/share/lio_sam_op/cmake/lio_sam_op__rosidl_generator_cExport.cmake
[56.565s] -- Installing: /home/korey/Desktop/lio-sam_simulation_navigation/install/lio_sam_op/share/lio_sam_op/cmake/lio_sam_op__rosidl_generator_cExport-release.cmake
[56.566s] -- Installing: /home/korey/Desktop/lio-sam_simulation_navigation/install/lio_sam_op/share/lio_sam_op/cmake/lio_sam_op__rosidl_typesupport_introspection_cExport.cmake
[56.566s] -- Installing: /home/korey/Desktop/lio-sam_simulation_navigation/install/lio_sam_op/share/lio_sam_op/cmake/lio_sam_op__rosidl_typesupport_introspection_cExport-release.cmake
[56.566s] -- Installing: /home/korey/Desktop/lio-sam_simulation_navigation/install/lio_sam_op/share/lio_sam_op/cmake/lio_sam_op__rosidl_typesupport_cExport.cmake
[56.567s] -- Installing: /home/korey/Desktop/lio-sam_simulation_navigation/install/lio_sam_op/share/lio_sam_op/cmake/lio_sam_op__rosidl_typesupport_cExport-release.cmake
[56.567s] -- Installing: /home/korey/Desktop/lio-sam_simulation_navigation/install/lio_sam_op/share/lio_sam_op/cmake/lio_sam_op__rosidl_generator_cppExport.cmake
[56.568s] -- Installing: /home/korey/Desktop/lio-sam_simulation_navigation/install/lio_sam_op/share/lio_sam_op/cmake/lio_sam_op__rosidl_typesupport_introspection_cppExport.cmake
[56.568s] -- Installing: /home/korey/Desktop/lio-sam_simulation_navigation/install/lio_sam_op/share/lio_sam_op/cmake/lio_sam_op__rosidl_typesupport_introspection_cppExport-release.cmake
[56.568s] -- Installing: /home/korey/Desktop/lio-sam_simulation_navigation/install/lio_sam_op/share/lio_sam_op/cmake/lio_sam_op__rosidl_typesupport_cppExport.cmake
[56.569s] -- Installing: /home/korey/Desktop/lio-sam_simulation_navigation/install/lio_sam_op/share/lio_sam_op/cmake/lio_sam_op__rosidl_typesupport_cppExport-release.cmake
[56.573s] Invoked command in '/home/korey/Desktop/lio-sam_simulation_navigation/build/lio_sam_op' returned '0': CMAKE_PREFIX_PATH=/opt/ros/foxy CONDA_PROMPT_MODIFIER=(base) /usr/bin/cmake --install /home/korey/Desktop/lio-sam_simulation_navigation/build/lio_sam_op
