[0.033s] Invoking command in '/home/hdm/lio-sam_simulation_car/robot_bringup/build/robot_bringup': CMAKE_PREFIX_PATH=${CMAKE_PREFIX_PATH}:/opt/ros/humble /usr/bin/cmake /home/hdm/lio-sam_simulation_car/robot_bringup -DCMAKE_INSTALL_PREFIX=/home/hdm/lio-sam_simulation_car/robot_bringup/install/robot_bringup
[0.103s] -- The C compiler identification is GNU 11.4.0
[0.177s] -- The CXX compiler identification is GNU 11.4.0
[0.191s] -- Detecting C compiler ABI info
[0.292s] -- Detecting C compiler ABI info - done
[0.315s] -- Check for working C compiler: /usr/bin/cc - skipped
[0.316s] -- Detecting C compile features
[0.317s] -- Detecting C compile features - done
[0.326s] -- Detecting CXX compiler ABI info
[0.437s] -- Detecting CXX compiler ABI info - done
[0.446s] -- Check for working CXX compiler: /usr/bin/c++ - skipped
[0.446s] -- Detecting CXX compile features
[0.447s] -- Detecting CXX compile features - done
[0.449s] -- Found ament_cmake_auto: 1.3.8 (/opt/ros/humble/share/ament_cmake_auto/cmake)
[0.616s] -- Found Python3: /usr/bin/python3 (found version "3.10.12") found components: Interpreter 
[0.757s] -- Found rosidl_generator_c: 3.1.5 (/opt/ros/humble/share/rosidl_generator_c/cmake)
[0.759s] -- Found rosidl_adapter: 3.1.5 (/opt/ros/humble/share/rosidl_adapter/cmake)
[0.764s] -- Found rosidl_generator_cpp: 3.1.5 (/opt/ros/humble/share/rosidl_generator_cpp/cmake)
[0.770s] -- Using all available rosidl_typesupport_c: rosidl_typesupport_fastrtps_c;rosidl_typesupport_introspection_c
[0.780s] -- Using all available rosidl_typesupport_cpp: rosidl_typesupport_fastrtps_cpp;rosidl_typesupport_introspection_cpp
[0.814s] -- Found rmw_implementation_cmake: 6.1.1 (/opt/ros/humble/share/rmw_implementation_cmake/cmake)
[0.815s] -- Found rmw_cyclonedds_cpp: 1.3.4 (/opt/ros/humble/share/rmw_cyclonedds_cpp/cmake)
[0.831s] -- Using RMW implementation 'rmw_cyclonedds_cpp' as default
[0.836s] -- Looking for pthread.h
[0.932s] -- Looking for pthread.h - found
[0.932s] -- Performing Test CMAKE_HAVE_LIBC_PTHREAD
[1.035s] -- Performing Test CMAKE_HAVE_LIBC_PTHREAD - Success
[1.036s] -- Found Threads: TRUE  
[1.320s] -- Checking for module 'eigen3'
[1.334s] --   Found eigen3, version 3.4.0
[1.372s] -- Found Eigen: /usr/include/eigen3 (Required is at least version "3.1") 
[1.372s] -- Eigen found (include: /usr/include/eigen3, version: 3.4.0)
[1.382s] -- Found Boost: /usr/lib/x86_64-linux-gnu/cmake/Boost-1.74.0/BoostConfig.cmake (found suitable version "1.74.0", minimum required is "1.65.0") found components: system filesystem date_time iostreams serialization 
[1.392s] -- Checking for module 'flann'
[1.407s] --   Found flann, version 1.9.1
[1.460s] -- Found FLANN: /usr/lib/x86_64-linux-gnu/libflann_cpp.so  
[1.460s] -- FLANN found (include: /usr/include, lib: /usr/lib/x86_64-linux-gnu/libflann_cpp.so)
[1.490s] -- Found GLEW: /usr/lib/x86_64-linux-gnu/libGLEW.so  
[1.494s] -- Found OpenGL: /usr/lib/x86_64-linux-gnu/libOpenGL.so  found components: OpenGL GLX 
[1.678s] -- Found MPI_C: /usr/lib/x86_64-linux-gnu/libmpi.so (found version "3.1") 
[1.679s] -- Found MPI: TRUE (found version "3.1") found components: C 
[1.686s] -- Found JsonCpp: /usr/lib/x86_64-linux-gnu/libjsoncpp.so (found suitable version "1.9.5", minimum required is "0.7.0") 
[1.718s] -- Found ZLIB: /usr/lib/x86_64-linux-gnu/libz.so (found version "1.2.11") 
[1.761s] -- Found PNG: /usr/lib/x86_64-linux-gnu/libpng.so (found version "1.6.37") 
[1.779s] -- Found Eigen3: /usr/include/eigen3 (found version "3.4.0") 
[1.878s] -- Found X11: /usr/include   
[1.879s] -- Looking for XOpenDisplay in /usr/lib/x86_64-linux-gnu/libX11.so;/usr/lib/x86_64-linux-gnu/libXext.so
[1.977s] -- Looking for XOpenDisplay in /usr/lib/x86_64-linux-gnu/libX11.so;/usr/lib/x86_64-linux-gnu/libXext.so - found
[1.977s] -- Looking for gethostbyname
[2.080s] -- Looking for gethostbyname - found
[2.080s] -- Looking for connect
[2.180s] -- Looking for connect - found
[2.180s] -- Looking for remove
[2.279s] -- Looking for remove - found
[2.279s] -- Looking for shmat
[2.387s] -- Looking for shmat - found
[2.388s] -- Looking for IceConnectionNumber in ICE
[2.480s] -- Looking for IceConnectionNumber in ICE - found
[2.549s] -- Found EXPAT: /usr/lib/x86_64-linux-gnu/libexpat.so (found version "2.4.7") 
[2.550s] -- Found double-conversion: /usr/lib/x86_64-linux-gnu/libdouble-conversion.so  
[2.551s] -- Found LZ4: /usr/lib/x86_64-linux-gnu/liblz4.so (found version "1.9.3") 
[2.552s] -- Found LZMA: /usr/lib/x86_64-linux-gnu/liblzma.so (found version "5.2.5") 
[2.559s] -- Found JPEG: /usr/lib/x86_64-linux-gnu/libjpeg.so (found version "80") 
[2.569s] -- Found TIFF: /usr/lib/x86_64-linux-gnu/libtiff.so (found version "4.3.0")  
[2.577s] -- Found Freetype: /usr/lib/x86_64-linux-gnu/libfreetype.so (found version "2.11.1") 
[2.585s] -- Found utf8cpp: /usr/include/utf8cpp  
[2.673s] -- Checking for module 'libusb-1.0'
[2.687s] --   Found libusb-1.0, version 1.0.25
[2.728s] -- Found libusb: /usr/lib/x86_64-linux-gnu/libusb-1.0.so  
[2.728s] -- Found OpenNI: /usr/lib/libOpenNI.so;libusb::libusb (found version "1.5.4.0") 
[2.728s] -- OpenNI found (version: 1.5.4.0, include: /usr/include/ni, lib: /usr/lib/libOpenNI.so;libusb::libusb)
[2.785s] -- Found OpenNI2: /usr/lib/x86_64-linux-gnu/libOpenNI2.so;libusb::libusb (found version "2.2.0.33") 
[2.785s] -- OpenNI2 found (version: 2.2.0.33, include: /usr/include/openni2, lib: /usr/lib/x86_64-linux-gnu/libOpenNI2.so;libusb::libusb)
[2.785s] [0m** WARNING ** io features related to pcap will be disabled[0m
[2.874s] -- Eigen found (include: /usr/include/eigen3, version: 3.4.0)
[2.879s] -- OpenNI found (version: 1.5.4.0, include: /usr/include/ni, lib: /usr/lib/libOpenNI.so;libusb::libusb)
[2.883s] -- OpenNI2 found (version: 2.2.0.33, include: /usr/include/openni2, lib: /usr/lib/x86_64-linux-gnu/libOpenNI2.so;libusb::libusb)
[2.969s] -- Found Qhull version 8.0.2
[3.058s] -- OpenNI found (version: 1.5.4.0, include: /usr/include/ni, lib: /usr/lib/libOpenNI.so;libusb::libusb)
[3.143s] -- looking for PCL_COMMON
[3.143s] -- Found PCL_COMMON: /usr/lib/x86_64-linux-gnu/libpcl_common.so  
[3.144s] -- looking for PCL_KDTREE
[3.144s] -- Found PCL_KDTREE: /usr/lib/x86_64-linux-gnu/libpcl_kdtree.so  
[3.145s] -- looking for PCL_OCTREE
[3.145s] -- Found PCL_OCTREE: /usr/lib/x86_64-linux-gnu/libpcl_octree.so  
[3.145s] -- looking for PCL_SEARCH
[3.145s] -- Found PCL_SEARCH: /usr/lib/x86_64-linux-gnu/libpcl_search.so  
[3.145s] -- looking for PCL_SAMPLE_CONSENSUS
[3.146s] -- Found PCL_SAMPLE_CONSENSUS: /usr/lib/x86_64-linux-gnu/libpcl_sample_consensus.so  
[3.146s] -- looking for PCL_FILTERS
[3.146s] -- Found PCL_FILTERS: /usr/lib/x86_64-linux-gnu/libpcl_filters.so  
[3.146s] -- looking for PCL_2D
[3.147s] -- Found PCL_2D: /usr/include/pcl-1.12  
[3.147s] -- looking for PCL_GEOMETRY
[3.147s] -- Found PCL_GEOMETRY: /usr/include/pcl-1.12  
[3.147s] -- looking for PCL_IO
[3.147s] -- Found PCL_IO: /usr/lib/x86_64-linux-gnu/libpcl_io.so  
[3.147s] -- looking for PCL_FEATURES
[3.148s] -- Found PCL_FEATURES: /usr/lib/x86_64-linux-gnu/libpcl_features.so  
[3.148s] -- looking for PCL_ML
[3.148s] -- Found PCL_ML: /usr/lib/x86_64-linux-gnu/libpcl_ml.so  
[3.148s] -- looking for PCL_SEGMENTATION
[3.148s] -- Found PCL_SEGMENTATION: /usr/lib/x86_64-linux-gnu/libpcl_segmentation.so  
[3.148s] -- looking for PCL_VISUALIZATION
[3.149s] -- Found PCL_VISUALIZATION: /usr/lib/x86_64-linux-gnu/libpcl_visualization.so  
[3.149s] -- looking for PCL_SURFACE
[3.149s] -- Found PCL_SURFACE: /usr/lib/x86_64-linux-gnu/libpcl_surface.so  
[3.149s] -- looking for PCL_REGISTRATION
[3.149s] -- Found PCL_REGISTRATION: /usr/lib/x86_64-linux-gnu/libpcl_registration.so  
[3.150s] -- looking for PCL_KEYPOINTS
[3.150s] -- Found PCL_KEYPOINTS: /usr/lib/x86_64-linux-gnu/libpcl_keypoints.so  
[3.150s] -- looking for PCL_TRACKING
[3.150s] -- Found PCL_TRACKING: /usr/lib/x86_64-linux-gnu/libpcl_tracking.so  
[3.150s] -- looking for PCL_RECOGNITION
[3.151s] -- Found PCL_RECOGNITION: /usr/lib/x86_64-linux-gnu/libpcl_recognition.so  
[3.151s] -- looking for PCL_STEREO
[3.151s] -- Found PCL_STEREO: /usr/lib/x86_64-linux-gnu/libpcl_stereo.so  
[3.151s] -- looking for PCL_APPS
[3.152s] -- Found PCL_APPS: /usr/lib/x86_64-linux-gnu/libpcl_apps.so  
[3.152s] -- looking for PCL_IN_HAND_SCANNER
[3.152s] -- Found PCL_IN_HAND_SCANNER: /usr/include/pcl-1.12  
[3.152s] -- looking for PCL_MODELER
[3.153s] -- Found PCL_MODELER: /usr/include/pcl-1.12  
[3.153s] -- looking for PCL_POINT_CLOUD_EDITOR
[3.153s] -- Found PCL_POINT_CLOUD_EDITOR: /usr/include/pcl-1.12  
[3.153s] -- looking for PCL_OUTOFCORE
[3.153s] -- Found PCL_OUTOFCORE: /usr/lib/x86_64-linux-gnu/libpcl_outofcore.so  
[3.154s] -- looking for PCL_PEOPLE
[3.154s] -- Found PCL_PEOPLE: /usr/lib/x86_64-linux-gnu/libpcl_people.so  
[3.154s] -- Found PCL: pcl_common;pcl_kdtree;pcl_octree;pcl_search;pcl_sample_consensus;pcl_filters;pcl_io;pcl_features;pcl_ml;pcl_segmentation;pcl_visualization;pcl_surface;pcl_registration;pcl_keypoints;pcl_tracking;pcl_recognition;pcl_stereo;pcl_apps;pcl_outofcore;pcl_people;Boost::system;Boost::filesystem;Boost::date_time;Boost::iostreams;Boost::serialization;/usr/lib/libOpenNI.so;libusb::libusb;/usr/lib/x86_64-linux-gnu/libOpenNI2.so;libusb::libusb;VTK::ChartsCore;VTK::CommonColor;VTK::CommonComputationalGeometry;VTK::CommonCore;VTK::CommonDataModel;VTK::CommonExecutionModel;VTK::CommonMath;VTK::CommonMisc;VTK::CommonTransforms;VTK::FiltersCore;VTK::FiltersExtraction;VTK::FiltersGeneral;VTK::FiltersGeometry;VTK::FiltersModeling;VTK::FiltersSources;VTK::ImagingCore;VTK::ImagingSources;VTK::InteractionImage;VTK::InteractionStyle;VTK::InteractionWidgets;VTK::IOCore;VTK::IOGeometry;VTK::IOImage;VTK::IOLegacy;VTK::IOPLY;VTK::RenderingAnnotation;VTK::RenderingCore;VTK::RenderingContext2D;VTK::RenderingLOD;VTK::RenderingFreeType;VTK::ViewsCore;VTK::ViewsContext2D;VTK::RenderingOpenGL2;VTK::GUISupportQt;FLANN::FLANN;QHULL::QHULL  
[3.187s] [31mCMake Error at CMakeLists.txt:35 (target_link_libraries):
[3.188s]   Cannot specify link libraries for target "robot_bringup" which is not built
[3.188s]   by this project.
[3.188s] 
[3.188s] [0m
[3.188s] -- Configuring incomplete, errors occurred!
[3.188s] See also "/home/hdm/lio-sam_simulation_car/robot_bringup/build/robot_bringup/CMakeFiles/CMakeOutput.log".
[3.198s] Invoked command in '/home/hdm/lio-sam_simulation_car/robot_bringup/build/robot_bringup' returned '1': CMAKE_PREFIX_PATH=${CMAKE_PREFIX_PATH}:/opt/ros/humble /usr/bin/cmake /home/hdm/lio-sam_simulation_car/robot_bringup -DCMAKE_INSTALL_PREFIX=/home/hdm/lio-sam_simulation_car/robot_bringup/install/robot_bringup
