[0.020s] Invoking command in '/home/korey/Desktop/lio-sam_simulation_navigation/build/lio_sam': CMAKE_PREFIX_PATH=/opt/ros/foxy CONDA_PROMPT_MODIFIER=(base) /usr/bin/cmake --build /home/korey/Desktop/lio-sam_simulation_navigation/build/lio_sam -- -j12 -l12
[0.102s] [  2%] Built target lio_sam__cpp
[0.113s] [ 10%] Built target lio_sam__rosidl_generator_c
[0.134s] [ 19%] Built target lio_sam__rosidl_typesupport_cpp
[0.138s] [ 27%] Built target lio_sam__rosidl_typesupport_fastrtps_cpp
[0.141s] [ 36%] Built target lio_sam__rosidl_typesupport_introspection_cpp
[0.145s] [ 44%] Built target lio_sam__rosidl_typesupport_c
[0.146s] [ 53%] Built target lio_sam__rosidl_typesupport_introspection_c
[0.183s] [ 61%] Built target lio_sam__rosidl_typesupport_fastrtps_c
[0.216s] [ 61%] Built target lio_sam
[0.253s] [ 63%] Built target lio_sam__py
[0.282s] [ 68%] Built target lio_sam_featureExtraction
[0.282s] [ 72%] Built target lio_sam_imuPreintegration
[0.284s] [ 76%] Built target lio_sam_imageProjection
[0.292s] [ 82%] Built target lio_sam__python
[0.313s] Scanning dependencies of target lio_sam_mapOptimization
[0.330s] [ 87%] Built target lio_sam__rosidl_typesupport_fastrtps_c__pyext
[0.330s] [ 91%] Built target lio_sam__rosidl_typesupport_introspection_c__pyext
[0.330s] [ 95%] Built target lio_sam__rosidl_typesupport_c__pyext
[0.343s] [ 97%] Building CXX object CMakeFiles/lio_sam_mapOptimization.dir/src/mapOptmization.cpp.o
[52.220s] [100%] Linking CXX executable lio_sam_mapOptimization
[53.041s] [100%] Built target lio_sam_mapOptimization
[53.060s] Invoked command in '/home/korey/Desktop/lio-sam_simulation_navigation/build/lio_sam' returned '0': CMAKE_PREFIX_PATH=/opt/ros/foxy CONDA_PROMPT_MODIFIER=(base) /usr/bin/cmake --build /home/korey/Desktop/lio-sam_simulation_navigation/build/lio_sam -- -j12 -l12
[53.080s] Invoking command in '/home/korey/Desktop/lio-sam_simulation_navigation/build/lio_sam': CMAKE_PREFIX_PATH=/opt/ros/foxy CONDA_PROMPT_MODIFIER=(base) /usr/bin/cmake --install /home/korey/Desktop/lio-sam_simulation_navigation/build/lio_sam
[53.096s] -- Install configuration: "Release"
[53.096s] -- Execute custom install script
[53.098s] -- Up-to-date symlink: /home/korey/Desktop/lio-sam_simulation_navigation/install/lio_sam/share/ament_index/resource_index/rosidl_interfaces/lio_sam
[53.098s] -- Up-to-date symlink: /home/korey/Desktop/lio-sam_simulation_navigation/install/lio_sam/include/lio_sam/msg/cloud_info.h
[53.099s] -- Up-to-date symlink: /home/korey/Desktop/lio-sam_simulation_navigation/install/lio_sam/include/lio_sam/msg/detail/cloud_info__functions.h
[53.099s] -- Up-to-date symlink: /home/korey/Desktop/lio-sam_simulation_navigation/install/lio_sam/include/lio_sam/msg/detail/cloud_info__struct.h
[53.100s] -- Up-to-date symlink: /home/korey/Desktop/lio-sam_simulation_navigation/install/lio_sam/include/lio_sam/msg/detail/cloud_info__type_support.h
[53.100s] -- Up-to-date symlink: /home/korey/Desktop/lio-sam_simulation_navigation/install/lio_sam/include/lio_sam/msg/rosidl_generator_c__visibility_control.h
[53.100s] -- Up-to-date symlink: /home/korey/Desktop/lio-sam_simulation_navigation/install/lio_sam/include/lio_sam/srv/detail/save_map__functions.h
[53.101s] -- Up-to-date symlink: /home/korey/Desktop/lio-sam_simulation_navigation/install/lio_sam/include/lio_sam/srv/detail/save_map__struct.h
[53.101s] -- Up-to-date symlink: /home/korey/Desktop/lio-sam_simulation_navigation/install/lio_sam/include/lio_sam/srv/detail/save_map__type_support.h
[53.101s] -- Up-to-date symlink: /home/korey/Desktop/lio-sam_simulation_navigation/install/lio_sam/include/lio_sam/srv/save_map.h
[53.102s] -- Up-to-date symlink: /home/korey/Desktop/lio-sam_simulation_navigation/install/lio_sam/share/lio_sam/environment/library_path.sh
[53.102s] -- Up-to-date symlink: /home/korey/Desktop/lio-sam_simulation_navigation/install/lio_sam/share/lio_sam/environment/library_path.dsv
[53.102s] -- Up-to-date symlink: /home/korey/Desktop/lio-sam_simulation_navigation/install/lio_sam/include/lio_sam/msg/detail/cloud_info__rosidl_typesupport_fastrtps_c.h
[53.102s] -- Up-to-date symlink: /home/korey/Desktop/lio-sam_simulation_navigation/install/lio_sam/include/lio_sam/msg/rosidl_typesupport_fastrtps_c__visibility_control.h
[53.102s] -- Up-to-date symlink: /home/korey/Desktop/lio-sam_simulation_navigation/install/lio_sam/include/lio_sam/srv/detail/save_map__rosidl_typesupport_fastrtps_c.h
[53.102s] -- Up-to-date symlink: /home/korey/Desktop/lio-sam_simulation_navigation/install/lio_sam/lib/liblio_sam__rosidl_typesupport_fastrtps_c.so
[53.102s] -- Up-to-date symlink: /home/korey/Desktop/lio-sam_simulation_navigation/install/lio_sam/include/lio_sam/msg/detail/cloud_info__rosidl_typesupport_fastrtps_cpp.hpp
[53.103s] -- Up-to-date symlink: /home/korey/Desktop/lio-sam_simulation_navigation/install/lio_sam/include/lio_sam/msg/rosidl_typesupport_fastrtps_cpp__visibility_control.h
[53.103s] -- Up-to-date symlink: /home/korey/Desktop/lio-sam_simulation_navigation/install/lio_sam/include/lio_sam/srv/detail/save_map__rosidl_typesupport_fastrtps_cpp.hpp
[53.103s] -- Up-to-date symlink: /home/korey/Desktop/lio-sam_simulation_navigation/install/lio_sam/lib/liblio_sam__rosidl_typesupport_fastrtps_cpp.so
[53.103s] -- Up-to-date symlink: /home/korey/Desktop/lio-sam_simulation_navigation/install/lio_sam/include/lio_sam/msg/detail/cloud_info__rosidl_typesupport_introspection_c.h
[53.103s] -- Up-to-date symlink: /home/korey/Desktop/lio-sam_simulation_navigation/install/lio_sam/include/lio_sam/msg/rosidl_typesupport_introspection_c__visibility_control.h
[53.103s] -- Up-to-date symlink: /home/korey/Desktop/lio-sam_simulation_navigation/install/lio_sam/include/lio_sam/srv/detail/save_map__rosidl_typesupport_introspection_c.h
[53.104s] -- Up-to-date symlink: /home/korey/Desktop/lio-sam_simulation_navigation/install/lio_sam/include/lio_sam/msg/cloud_info.hpp
[53.104s] -- Up-to-date symlink: /home/korey/Desktop/lio-sam_simulation_navigation/install/lio_sam/include/lio_sam/msg/detail/cloud_info__builder.hpp
[53.104s] -- Up-to-date symlink: /home/korey/Desktop/lio-sam_simulation_navigation/install/lio_sam/include/lio_sam/msg/detail/cloud_info__struct.hpp
[53.104s] -- Up-to-date symlink: /home/korey/Desktop/lio-sam_simulation_navigation/install/lio_sam/include/lio_sam/msg/detail/cloud_info__traits.hpp
[53.104s] -- Up-to-date symlink: /home/korey/Desktop/lio-sam_simulation_navigation/install/lio_sam/include/lio_sam/msg/detail/cloud_info__type_support.hpp
[53.105s] -- Up-to-date symlink: /home/korey/Desktop/lio-sam_simulation_navigation/install/lio_sam/include/lio_sam/msg/rosidl_generator_cpp__visibility_control.hpp
[53.105s] -- Up-to-date symlink: /home/korey/Desktop/lio-sam_simulation_navigation/install/lio_sam/include/lio_sam/srv/detail/save_map__builder.hpp
[53.105s] -- Up-to-date symlink: /home/korey/Desktop/lio-sam_simulation_navigation/install/lio_sam/include/lio_sam/srv/detail/save_map__struct.hpp
[53.106s] -- Up-to-date symlink: /home/korey/Desktop/lio-sam_simulation_navigation/install/lio_sam/include/lio_sam/srv/detail/save_map__traits.hpp
[53.106s] -- Up-to-date symlink: /home/korey/Desktop/lio-sam_simulation_navigation/install/lio_sam/include/lio_sam/srv/detail/save_map__type_support.hpp
[53.106s] -- Up-to-date symlink: /home/korey/Desktop/lio-sam_simulation_navigation/install/lio_sam/include/lio_sam/srv/save_map.hpp
[53.106s] -- Up-to-date symlink: /home/korey/Desktop/lio-sam_simulation_navigation/install/lio_sam/include/lio_sam/msg/detail/cloud_info__rosidl_typesupport_introspection_cpp.hpp
[53.106s] -- Up-to-date symlink: /home/korey/Desktop/lio-sam_simulation_navigation/install/lio_sam/include/lio_sam/srv/detail/save_map__rosidl_typesupport_introspection_cpp.hpp
[53.106s] -- Up-to-date symlink: /home/korey/Desktop/lio-sam_simulation_navigation/install/lio_sam/share/lio_sam/environment/pythonpath.sh
[53.107s] -- Up-to-date symlink: /home/korey/Desktop/lio-sam_simulation_navigation/install/lio_sam/share/lio_sam/environment/pythonpath.dsv
[53.107s] -- Up-to-date symlink: /home/korey/Desktop/lio-sam_simulation_navigation/install/lio_sam/lib/python3.8/site-packages/lio_sam/__init__.py
[53.108s] -- Up-to-date symlink: /home/korey/Desktop/lio-sam_simulation_navigation/install/lio_sam/lib/python3.8/site-packages/lio_sam/msg/__init__.py
[53.108s] -- Up-to-date symlink: /home/korey/Desktop/lio-sam_simulation_navigation/install/lio_sam/lib/python3.8/site-packages/lio_sam/msg/_cloud_info.py
[53.108s] -- Up-to-date symlink: /home/korey/Desktop/lio-sam_simulation_navigation/install/lio_sam/lib/python3.8/site-packages/lio_sam/srv/__init__.py
[53.109s] -- Up-to-date symlink: /home/korey/Desktop/lio-sam_simulation_navigation/install/lio_sam/lib/python3.8/site-packages/lio_sam/srv/_save_map.py
[53.109s] -- Up-to-date symlink: /home/korey/Desktop/lio-sam_simulation_navigation/install/lio_sam/lib/python3.8/site-packages/lio_sam/lio_sam_s__rosidl_typesupport_fastrtps_c.cpython-38-x86_64-linux-gnu.so
[53.109s] -- Up-to-date symlink: /home/korey/Desktop/lio-sam_simulation_navigation/install/lio_sam/lib/python3.8/site-packages/lio_sam/lio_sam_s__rosidl_typesupport_introspection_c.cpython-38-x86_64-linux-gnu.so
[53.110s] -- Up-to-date symlink: /home/korey/Desktop/lio-sam_simulation_navigation/install/lio_sam/lib/python3.8/site-packages/lio_sam/lio_sam_s__rosidl_typesupport_c.cpython-38-x86_64-linux-gnu.so
[53.110s] -- Up-to-date symlink: /home/korey/Desktop/lio-sam_simulation_navigation/install/lio_sam/lib/liblio_sam__python.so
[53.110s] -- Up-to-date symlink: /home/korey/Desktop/lio-sam_simulation_navigation/install/lio_sam/share/lio_sam/msg/CloudInfo.idl
[53.111s] -- Up-to-date symlink: /home/korey/Desktop/lio-sam_simulation_navigation/install/lio_sam/share/lio_sam/srv/SaveMap.idl
[53.111s] -- Up-to-date symlink: /home/korey/Desktop/lio-sam_simulation_navigation/install/lio_sam/share/lio_sam/msg/CloudInfo.msg
[53.111s] -- Up-to-date symlink: /home/korey/Desktop/lio-sam_simulation_navigation/install/lio_sam/share/lio_sam/srv/SaveMap.srv
[53.111s] -- Up-to-date symlink: /home/korey/Desktop/lio-sam_simulation_navigation/install/lio_sam/share/lio_sam/srv/SaveMap_Request.msg
[53.112s] -- Up-to-date symlink: /home/korey/Desktop/lio-sam_simulation_navigation/install/lio_sam/share/lio_sam/srv/SaveMap_Response.msg
[53.112s] -- Up-to-date symlink: /home/korey/Desktop/lio-sam_simulation_navigation/install/lio_sam/share/lio_sam//launch/__pycache__/run.launch.cpython-313.pyc
[53.113s] -- Up-to-date symlink: /home/korey/Desktop/lio-sam_simulation_navigation/install/lio_sam/share/lio_sam//launch/run.launch.py
[53.113s] -- Up-to-date symlink: /home/korey/Desktop/lio-sam_simulation_navigation/install/lio_sam/share/lio_sam//config/doc/demo.gif
[53.114s] -- Up-to-date symlink: /home/korey/Desktop/lio-sam_simulation_navigation/install/lio_sam/share/lio_sam//config/doc/device-boat.png
[53.114s] -- Up-to-date symlink: /home/korey/Desktop/lio-sam_simulation_navigation/install/lio_sam/share/lio_sam//config/doc/device-hand-2.png
[53.114s] -- Up-to-date symlink: /home/korey/Desktop/lio-sam_simulation_navigation/install/lio_sam/share/lio_sam//config/doc/device-hand.png
[53.114s] -- Up-to-date symlink: /home/korey/Desktop/lio-sam_simulation_navigation/install/lio_sam/share/lio_sam//config/doc/device-jackal.png
[53.114s] -- Up-to-date symlink: /home/korey/Desktop/lio-sam_simulation_navigation/install/lio_sam/share/lio_sam//config/doc/gps-demo.gif
[53.115s] -- Up-to-date symlink: /home/korey/Desktop/lio-sam_simulation_navigation/install/lio_sam/share/lio_sam//config/doc/imu-debug.gif
[53.115s] -- Up-to-date symlink: /home/korey/Desktop/lio-sam_simulation_navigation/install/lio_sam/share/lio_sam//config/doc/imu-transform.png
[53.115s] -- Up-to-date symlink: /home/korey/Desktop/lio-sam_simulation_navigation/install/lio_sam/share/lio_sam//config/doc/kitti-demo.gif
[53.115s] -- Up-to-date symlink: /home/korey/Desktop/lio-sam_simulation_navigation/install/lio_sam/share/lio_sam//config/doc/kitti-map.png
[53.115s] -- Up-to-date symlink: /home/korey/Desktop/lio-sam_simulation_navigation/install/lio_sam/share/lio_sam//config/doc/kitti2bag/README.md
[53.116s] -- Up-to-date symlink: /home/korey/Desktop/lio-sam_simulation_navigation/install/lio_sam/share/lio_sam//config/doc/kitti2bag/kitti2bag.py
[53.116s] -- Up-to-date symlink: /home/korey/Desktop/lio-sam_simulation_navigation/install/lio_sam/share/lio_sam//config/doc/loop-closure-2.gif
[53.116s] -- Up-to-date symlink: /home/korey/Desktop/lio-sam_simulation_navigation/install/lio_sam/share/lio_sam//config/doc/loop-closure.gif
[53.116s] -- Up-to-date symlink: /home/korey/Desktop/lio-sam_simulation_navigation/install/lio_sam/share/lio_sam//config/doc/ouster-demo.gif
[53.121s] -- Up-to-date symlink: /home/korey/Desktop/lio-sam_simulation_navigation/install/lio_sam/share/lio_sam//config/doc/ouster-device.jpg
[53.122s] -- Up-to-date symlink: /home/korey/Desktop/lio-sam_simulation_navigation/install/lio_sam/share/lio_sam//config/doc/paper.pdf
[53.122s] -- Up-to-date symlink: /home/korey/Desktop/lio-sam_simulation_navigation/install/lio_sam/share/lio_sam//config/doc/system.png
[53.123s] -- Up-to-date symlink: /home/korey/Desktop/lio-sam_simulation_navigation/install/lio_sam/share/lio_sam//config/params.yaml
[53.123s] -- Up-to-date symlink: /home/korey/Desktop/lio-sam_simulation_navigation/install/lio_sam/share/lio_sam//config/robot.urdf.xacro
[53.123s] -- Up-to-date symlink: /home/korey/Desktop/lio-sam_simulation_navigation/install/lio_sam/share/lio_sam//config/rviz2.rviz
[53.123s] -- Up-to-date symlink: /home/korey/Desktop/lio-sam_simulation_navigation/install/lio_sam/lib/lio_sam/lio_sam_imageProjection
[53.123s] -- Up-to-date symlink: /home/korey/Desktop/lio-sam_simulation_navigation/install/lio_sam/lib/lio_sam/lio_sam_imuPreintegration
[53.123s] -- Up-to-date symlink: /home/korey/Desktop/lio-sam_simulation_navigation/install/lio_sam/lib/lio_sam/lio_sam_featureExtraction
[53.124s] -- Up-to-date symlink: /home/korey/Desktop/lio-sam_simulation_navigation/install/lio_sam/lib/lio_sam/lio_sam_mapOptimization
[53.124s] -- Up-to-date symlink: /home/korey/Desktop/lio-sam_simulation_navigation/install/lio_sam/include/lio_sam/utility.hpp
[53.124s] -- Up-to-date symlink: /home/korey/Desktop/lio-sam_simulation_navigation/install/lio_sam/share/ament_index/resource_index/package_run_dependencies/lio_sam
[53.124s] -- Up-to-date symlink: /home/korey/Desktop/lio-sam_simulation_navigation/install/lio_sam/share/ament_index/resource_index/parent_prefix_path/lio_sam
[53.124s] -- Up-to-date symlink: /home/korey/Desktop/lio-sam_simulation_navigation/install/lio_sam/share/lio_sam/environment/ament_prefix_path.sh
[53.124s] -- Up-to-date symlink: /home/korey/Desktop/lio-sam_simulation_navigation/install/lio_sam/share/lio_sam/environment/ament_prefix_path.dsv
[53.124s] -- Up-to-date symlink: /home/korey/Desktop/lio-sam_simulation_navigation/install/lio_sam/share/lio_sam/environment/path.sh
[53.124s] -- Up-to-date symlink: /home/korey/Desktop/lio-sam_simulation_navigation/install/lio_sam/share/lio_sam/environment/path.dsv
[53.124s] -- Up-to-date symlink: /home/korey/Desktop/lio-sam_simulation_navigation/install/lio_sam/share/lio_sam/local_setup.bash
[53.124s] -- Up-to-date symlink: /home/korey/Desktop/lio-sam_simulation_navigation/install/lio_sam/share/lio_sam/local_setup.sh
[53.125s] -- Up-to-date symlink: /home/korey/Desktop/lio-sam_simulation_navigation/install/lio_sam/share/lio_sam/local_setup.zsh
[53.125s] -- Up-to-date symlink: /home/korey/Desktop/lio-sam_simulation_navigation/install/lio_sam/share/lio_sam/local_setup.dsv
[53.125s] -- Symlinking: /home/korey/Desktop/lio-sam_simulation_navigation/install/lio_sam/share/lio_sam/package.dsv
[53.138s] -- Up-to-date symlink: /home/korey/Desktop/lio-sam_simulation_navigation/install/lio_sam/share/ament_index/resource_index/packages/lio_sam
[53.138s] -- Up-to-date symlink: /home/korey/Desktop/lio-sam_simulation_navigation/install/lio_sam/share/lio_sam/cmake/rosidl_cmake-extras.cmake
[53.139s] -- Up-to-date symlink: /home/korey/Desktop/lio-sam_simulation_navigation/install/lio_sam/share/lio_sam/cmake/ament_cmake_export_dependencies-extras.cmake
[53.140s] -- Up-to-date symlink: /home/korey/Desktop/lio-sam_simulation_navigation/install/lio_sam/share/lio_sam/cmake/ament_cmake_export_libraries-extras.cmake
[53.140s] -- Up-to-date symlink: /home/korey/Desktop/lio-sam_simulation_navigation/install/lio_sam/share/lio_sam/cmake/ament_cmake_export_targets-extras.cmake
[53.140s] -- Up-to-date symlink: /home/korey/Desktop/lio-sam_simulation_navigation/install/lio_sam/share/lio_sam/cmake/ament_cmake_export_include_directories-extras.cmake
[53.141s] -- Up-to-date symlink: /home/korey/Desktop/lio-sam_simulation_navigation/install/lio_sam/share/lio_sam/cmake/rosidl_cmake_export_typesupport_libraries-extras.cmake
[53.141s] -- Up-to-date symlink: /home/korey/Desktop/lio-sam_simulation_navigation/install/lio_sam/share/lio_sam/cmake/rosidl_cmake_export_typesupport_targets-extras.cmake
[53.141s] -- Up-to-date symlink: /home/korey/Desktop/lio-sam_simulation_navigation/install/lio_sam/share/lio_sam/cmake/lio_samConfig.cmake
[53.141s] -- Up-to-date symlink: /home/korey/Desktop/lio-sam_simulation_navigation/install/lio_sam/share/lio_sam/cmake/lio_samConfig-version.cmake
[53.141s] -- Up-to-date symlink: /home/korey/Desktop/lio-sam_simulation_navigation/install/lio_sam/share/lio_sam/package.xml
[53.141s] -- Up-to-date: /home/korey/Desktop/lio-sam_simulation_navigation/install/lio_sam/lib/liblio_sam__rosidl_generator_c.so
[53.141s] -- Up-to-date: /home/korey/Desktop/lio-sam_simulation_navigation/install/lio_sam/lib/liblio_sam__rosidl_typesupport_introspection_c.so
[53.142s] -- Up-to-date: /home/korey/Desktop/lio-sam_simulation_navigation/install/lio_sam/lib/liblio_sam__rosidl_typesupport_c.so
[53.142s] -- Up-to-date: /home/korey/Desktop/lio-sam_simulation_navigation/install/lio_sam/lib/liblio_sam__rosidl_typesupport_introspection_cpp.so
[53.142s] -- Up-to-date: /home/korey/Desktop/lio-sam_simulation_navigation/install/lio_sam/lib/liblio_sam__rosidl_typesupport_cpp.so
[53.180s] -- Up-to-date: /home/korey/Desktop/lio-sam_simulation_navigation/install/lio_sam/share/lio_sam/cmake/lio_sam__rosidl_generator_cExport.cmake
[53.181s] -- Up-to-date: /home/korey/Desktop/lio-sam_simulation_navigation/install/lio_sam/share/lio_sam/cmake/lio_sam__rosidl_generator_cExport-release.cmake
[53.181s] -- Up-to-date: /home/korey/Desktop/lio-sam_simulation_navigation/install/lio_sam/share/lio_sam/cmake/lio_sam__rosidl_typesupport_introspection_cExport.cmake
[53.181s] -- Up-to-date: /home/korey/Desktop/lio-sam_simulation_navigation/install/lio_sam/share/lio_sam/cmake/lio_sam__rosidl_typesupport_introspection_cExport-release.cmake
[53.182s] -- Up-to-date: /home/korey/Desktop/lio-sam_simulation_navigation/install/lio_sam/share/lio_sam/cmake/lio_sam__rosidl_typesupport_cExport.cmake
[53.182s] -- Up-to-date: /home/korey/Desktop/lio-sam_simulation_navigation/install/lio_sam/share/lio_sam/cmake/lio_sam__rosidl_typesupport_cExport-release.cmake
[53.182s] -- Up-to-date: /home/korey/Desktop/lio-sam_simulation_navigation/install/lio_sam/share/lio_sam/cmake/lio_sam__rosidl_generator_cppExport.cmake
[53.182s] -- Up-to-date: /home/korey/Desktop/lio-sam_simulation_navigation/install/lio_sam/share/lio_sam/cmake/lio_sam__rosidl_typesupport_introspection_cppExport.cmake
[53.183s] -- Up-to-date: /home/korey/Desktop/lio-sam_simulation_navigation/install/lio_sam/share/lio_sam/cmake/lio_sam__rosidl_typesupport_introspection_cppExport-release.cmake
[53.183s] -- Up-to-date: /home/korey/Desktop/lio-sam_simulation_navigation/install/lio_sam/share/lio_sam/cmake/lio_sam__rosidl_typesupport_cppExport.cmake
[53.183s] -- Up-to-date: /home/korey/Desktop/lio-sam_simulation_navigation/install/lio_sam/share/lio_sam/cmake/lio_sam__rosidl_typesupport_cppExport-release.cmake
[53.193s] Invoked command in '/home/korey/Desktop/lio-sam_simulation_navigation/build/lio_sam' returned '0': CMAKE_PREFIX_PATH=/opt/ros/foxy CONDA_PROMPT_MODIFIER=(base) /usr/bin/cmake --install /home/korey/Desktop/lio-sam_simulation_navigation/build/lio_sam
