[0.035s] Invoking command in '/home/hdm/lio-sam_simulation_car/robot_bringup/build/point_laser': CMAKE_PREFIX_PATH=${CMAKE_PREFIX_PATH}:/opt/ros/humble /usr/bin/cmake --build /home/hdm/lio-sam_simulation_car/robot_bringup/build/point_laser -- -j24 -l24
[0.073s] -- Found ament_cmake: 1.3.8 (/opt/ros/humble/share/ament_cmake/cmake)
[0.227s] -- Found rclcpp: 16.0.8 (/opt/ros/humble/share/rclcpp/cmake)
[0.290s] -- Found rosidl_generator_c: 3.1.5 (/opt/ros/humble/share/rosidl_generator_c/cmake)
[0.293s] -- Found rosidl_adapter: 3.1.5 (/opt/ros/humble/share/rosidl_adapter/cmake)
[0.301s] -- Found rosidl_generator_cpp: 3.1.5 (/opt/ros/humble/share/rosidl_generator_cpp/cmake)
[0.315s] -- Using all available rosidl_typesupport_c: rosidl_typesupport_fastrtps_c;rosidl_typesupport_introspection_c
[0.325s] -- Using all available rosidl_typesupport_cpp: rosidl_typesupport_fastrtps_cpp;rosidl_typesupport_introspection_cpp
[0.354s] -- Found rmw_implementation_cmake: 6.1.1 (/opt/ros/humble/share/rmw_implementation_cmake/cmake)
[0.355s] -- Found rmw_cyclonedds_cpp: 1.3.4 (/opt/ros/humble/share/rmw_cyclonedds_cpp/cmake)
[0.370s] -- Using RMW implementation 'rmw_cyclonedds_cpp' as default
[0.450s] -- Found sensor_msgs: 4.2.3 (/opt/ros/humble/share/sensor_msgs/cmake)
[0.515s] -- Found pcl_conversions: 2.4.0 (/opt/ros/humble/share/pcl_conversions/cmake)
[0.593s] -- Eigen found (include: /usr/include/eigen3, version: 3.4.0)
[0.613s] -- FLANN found (include: /usr/include, lib: /usr/lib/x86_64-linux-gnu/libflann_cpp.so)
[0.918s] -- OpenNI found (version: 1.5.4.0, include: /usr/include/ni, lib: /usr/lib/libOpenNI.so;libusb::libusb)
[0.923s] -- OpenNI2 found (version: 2.2.0.33, include: /usr/include/openni2, lib: /usr/lib/x86_64-linux-gnu/libOpenNI2.so;libusb::libusb)
[0.924s] [0m** WARNING ** io features related to pcap will be disabled[0m
[1.005s] -- Eigen found (include: /usr/include/eigen3, version: 3.4.0)
[1.010s] -- OpenNI found (version: 1.5.4.0, include: /usr/include/ni, lib: /usr/lib/libOpenNI.so;libusb::libusb)
[1.014s] -- OpenNI2 found (version: 2.2.0.33, include: /usr/include/openni2, lib: /usr/lib/x86_64-linux-gnu/libOpenNI2.so;libusb::libusb)
[1.094s] -- Found Qhull version 8.0.2
[1.176s] -- OpenNI found (version: 1.5.4.0, include: /usr/include/ni, lib: /usr/lib/libOpenNI.so;libusb::libusb)
[1.257s] -- looking for PCL_COMMON
[1.258s] -- looking for PCL_KDTREE
[1.258s] -- looking for PCL_OCTREE
[1.258s] -- looking for PCL_SEARCH
[1.259s] -- looking for PCL_SAMPLE_CONSENSUS
[1.259s] -- looking for PCL_FILTERS
[1.259s] -- looking for PCL_2D
[1.259s] -- looking for PCL_GEOMETRY
[1.259s] -- looking for PCL_IO
[1.259s] -- looking for PCL_FEATURES
[1.260s] -- looking for PCL_ML
[1.260s] -- looking for PCL_SEGMENTATION
[1.260s] -- looking for PCL_VISUALIZATION
[1.260s] -- looking for PCL_SURFACE
[1.260s] -- looking for PCL_REGISTRATION
[1.260s] -- looking for PCL_KEYPOINTS
[1.261s] -- looking for PCL_TRACKING
[1.261s] -- looking for PCL_RECOGNITION
[1.261s] -- looking for PCL_STEREO
[1.261s] -- looking for PCL_APPS
[1.261s] -- looking for PCL_IN_HAND_SCANNER
[1.261s] -- looking for PCL_MODELER
[1.262s] -- looking for PCL_POINT_CLOUD_EDITOR
[1.262s] -- looking for PCL_OUTOFCORE
[1.262s] -- looking for PCL_PEOPLE
[1.262s] -- Found ament_cmake_auto: 1.3.8 (/opt/ros/humble/share/ament_cmake_auto/cmake)
[1.355s] -- Found ament_lint_auto: 0.12.10 (/opt/ros/humble/share/ament_lint_auto/cmake)
[1.368s] -- Added test 'cppcheck' to perform static code analysis on C / C++ code
[1.368s] -- Configured cppcheck include dirs: 
[1.368s] -- Configured cppcheck exclude dirs and/or files: 
[1.369s] -- Added test 'flake8' to check Python code syntax and style conventions
[1.371s] -- Added test 'lint_cmake' to check CMake code style
[1.372s] -- Added test 'pep257' to check Python code against some of the docstring style conventions in PEP 257
[1.381s] -- Added test 'uncrustify' to check C / C++ code style
[1.381s] -- Configured uncrustify additional arguments: 
[1.382s] -- Added test 'xmllint' to check XML markup files
[1.382s] -- Configuring done
[1.395s] -- Generating done
[1.397s] -- Build files have been written to: /home/hdm/lio-sam_simulation_car/robot_bringup/build/point_laser
[1.431s] [35m[1mConsolidate compiler generated dependencies of target point_laser[0m
[1.468s] [100%] Built target point_laser
[1.485s] Invoked command in '/home/hdm/lio-sam_simulation_car/robot_bringup/build/point_laser' returned '0': CMAKE_PREFIX_PATH=${CMAKE_PREFIX_PATH}:/opt/ros/humble /usr/bin/cmake --build /home/hdm/lio-sam_simulation_car/robot_bringup/build/point_laser -- -j24 -l24
[1.531s] Invoking command in '/home/hdm/lio-sam_simulation_car/robot_bringup/build/point_laser': CMAKE_PREFIX_PATH=${CMAKE_PREFIX_PATH}:/opt/ros/humble /usr/bin/cmake --install /home/hdm/lio-sam_simulation_car/robot_bringup/build/point_laser
[1.541s] -- Install configuration: ""
[1.541s] -- Up-to-date: /home/hdm/lio-sam_simulation_car/robot_bringup/install/point_laser/lib/point_laser/point_laser
[1.541s] -- Up-to-date: /home/hdm/lio-sam_simulation_car/robot_bringup/install/point_laser/share/point_laser/launch
[1.541s] -- Up-to-date: /home/hdm/lio-sam_simulation_car/robot_bringup/install/point_laser/share/point_laser/launch/bringup.launch.py
[1.541s] -- Up-to-date: /home/hdm/lio-sam_simulation_car/robot_bringup/install/point_laser/share/point_laser/urdf
[1.542s] -- Up-to-date: /home/hdm/lio-sam_simulation_car/robot_bringup/install/point_laser/share/point_laser/urdf/robo_car.urdf.xacro
[1.542s] -- Up-to-date: /home/hdm/lio-sam_simulation_car/robot_bringup/install/point_laser/share/ament_index/resource_index/package_run_dependencies/point_laser
[1.542s] -- Installing: /home/hdm/lio-sam_simulation_car/robot_bringup/install/point_laser/share/ament_index/resource_index/parent_prefix_path/point_laser
[1.542s] -- Up-to-date: /home/hdm/lio-sam_simulation_car/robot_bringup/install/point_laser/share/point_laser/environment/ament_prefix_path.sh
[1.542s] -- Installing: /home/hdm/lio-sam_simulation_car/robot_bringup/install/point_laser/share/point_laser/environment/ament_prefix_path.dsv
[1.542s] -- Up-to-date: /home/hdm/lio-sam_simulation_car/robot_bringup/install/point_laser/share/point_laser/environment/path.sh
[1.542s] -- Installing: /home/hdm/lio-sam_simulation_car/robot_bringup/install/point_laser/share/point_laser/environment/path.dsv
[1.542s] -- Up-to-date: /home/hdm/lio-sam_simulation_car/robot_bringup/install/point_laser/share/point_laser/local_setup.bash
[1.542s] -- Up-to-date: /home/hdm/lio-sam_simulation_car/robot_bringup/install/point_laser/share/point_laser/local_setup.sh
[1.542s] -- Up-to-date: /home/hdm/lio-sam_simulation_car/robot_bringup/install/point_laser/share/point_laser/local_setup.zsh
[1.542s] -- Installing: /home/hdm/lio-sam_simulation_car/robot_bringup/install/point_laser/share/point_laser/local_setup.dsv
[1.543s] -- Installing: /home/hdm/lio-sam_simulation_car/robot_bringup/install/point_laser/share/point_laser/package.dsv
[1.543s] -- Up-to-date: /home/hdm/lio-sam_simulation_car/robot_bringup/install/point_laser/share/ament_index/resource_index/packages/point_laser
[1.543s] -- Up-to-date: /home/hdm/lio-sam_simulation_car/robot_bringup/install/point_laser/share/point_laser/cmake/ament_cmake_export_dependencies-extras.cmake
[1.543s] -- Up-to-date: /home/hdm/lio-sam_simulation_car/robot_bringup/install/point_laser/share/point_laser/cmake/point_laserConfig.cmake
[1.543s] -- Up-to-date: /home/hdm/lio-sam_simulation_car/robot_bringup/install/point_laser/share/point_laser/cmake/point_laserConfig-version.cmake
[1.543s] -- Installing: /home/hdm/lio-sam_simulation_car/robot_bringup/install/point_laser/share/point_laser/package.xml
[1.544s] Invoked command in '/home/hdm/lio-sam_simulation_car/robot_bringup/build/point_laser' returned '0': CMAKE_PREFIX_PATH=${CMAKE_PREFIX_PATH}:/opt/ros/humble /usr/bin/cmake --install /home/hdm/lio-sam_simulation_car/robot_bringup/build/point_laser
