[0.033s] Invoking command in '/home/korey/Desktop/lio_nav2/build/robot_bringup': CMAKE_PREFIX_PATH=/opt/ros/foxy /home/korey/.local/bin/cmake /home/korey/Desktop/lio_nav2/src/robot_bringup -DCMAKE_INSTALL_PREFIX=/home/korey/Desktop/lio_nav2/install/robot_bringup
[0.151s] -- The C compiler identification is GNU 9.4.0
[0.219s] -- The CXX compiler identification is GNU 9.4.0
[0.232s] -- Detecting C compiler ABI info
[0.296s] -- Detecting C compiler ABI info - done
[0.307s] -- Check for working C compiler: /usr/bin/cc - skipped
[0.308s] -- Detecting C compile features
[0.308s] -- Detecting C compile features - done
[0.312s] -- Detecting CXX compiler ABI info
[0.387s] -- Detecting CXX compiler ABI info - done
[0.397s] -- Check for working CXX compiler: /usr/bin/c++ - skipped
[0.397s] -- Detecting CXX compile features
[0.398s] -- Detecting CXX compile features - done
[0.403s] -- Found ament_cmake_auto: 0.9.12 (/opt/ros/foxy/share/ament_cmake_auto/cmake)
[0.435s] -- Found PythonInterp: /usr/bin/python3 (found suitable version "3.8.10", minimum required is "3") 
[0.436s] -- Using PYTHON_EXECUTABLE: /usr/bin/python3
[0.819s] -- Using all available rosidl_typesupport_c: rosidl_typesupport_fastrtps_c;rosidl_typesupport_introspection_c
[0.827s] -- Found rosidl_adapter: 1.3.1 (/opt/ros/foxy/share/rosidl_adapter/cmake)
[0.936s] -- Found OpenSSL: /usr/lib/x86_64-linux-gnu/libcrypto.so (found version "1.1.1f")  
[0.980s] -- Found FastRTPS: /opt/ros/foxy/include  
[1.079s] -- Using all available rosidl_typesupport_cpp: rosidl_typesupport_fastrtps_cpp;rosidl_typesupport_introspection_cpp
[1.136s] -- Found rmw_implementation_cmake: 1.0.4 (/opt/ros/foxy/share/rmw_implementation_cmake/cmake)
[1.137s] -- Using RMW implementation 'rmw_fastrtps_cpp' as default
[1.138s] -- Performing Test CMAKE_HAVE_LIBC_PTHREAD
[1.211s] -- Performing Test CMAKE_HAVE_LIBC_PTHREAD - Failed
[1.211s] -- Looking for pthread_create in pthreads
[1.263s] -- Looking for pthread_create in pthreads - not found
[1.263s] -- Looking for pthread_create in pthread
[1.336s] -- Looking for pthread_create in pthread - found
[1.337s] -- Found Threads: TRUE  
[1.781s] -- Checking for module 'eigen3'
[1.807s] --   Found eigen3, version 3.3.7
[1.865s] -- Found Eigen: /usr/include/eigen3 (Required is at least version "3.1") 
[1.865s] -- Eigen found (include: /usr/include/eigen3, version: 3.3.7)
[1.911s] -- Found Boost: /usr/include (found suitable version "1.71.0", minimum required is "1.55.0") found components: system filesystem date_time iostreams regex 
[1.933s] -- Checking for module 'flann'
[1.955s] --   Found flann, version 1.9.1
[2.023s] -- Found FLANN: /usr/lib/x86_64-linux-gnu/libflann_cpp.so  
[2.057s] -- The imported target "vtkParseOGLExt" references the file
[2.058s]    "/usr/bin/vtkParseOGLExt-7.1"
[2.058s] but this file does not exist.  Possible reasons include:
[2.058s] * The file was deleted, renamed, or moved to another location.
[2.058s] * An install or uninstall procedure did not complete successfully.
[2.058s] * The installation package was faulty and contained
[2.058s]    "/usr/lib/cmake/vtk-7.1/VTKTargets.cmake"
[2.058s] but not all the files it references.
[2.058s] 
[2.059s] -- The imported target "vtkRenderingPythonTkWidgets" references the file
[2.059s]    "/usr/lib/x86_64-linux-gnu/libvtkRenderingPythonTkWidgets.so"
[2.059s] but this file does not exist.  Possible reasons include:
[2.059s] * The file was deleted, renamed, or moved to another location.
[2.059s] * An install or uninstall procedure did not complete successfully.
[2.059s] * The installation package was faulty and contained
[2.059s]    "/usr/lib/cmake/vtk-7.1/VTKTargets.cmake"
[2.059s] but not all the files it references.
[2.060s] 
[2.060s] -- The imported target "vtk" references the file
[2.060s]    "/usr/bin/vtk"
[2.060s] but this file does not exist.  Possible reasons include:
[2.060s] * The file was deleted, renamed, or moved to another location.
[2.060s] * An install or uninstall procedure did not complete successfully.
[2.060s] * The installation package was faulty and contained
[2.060s]    "/usr/lib/cmake/vtk-7.1/VTKTargets.cmake"
[2.060s] but not all the files it references.
[2.061s] 
[2.061s] -- The imported target "pvtk" references the file
[2.061s]    "/usr/bin/pvtk"
[2.061s] but this file does not exist.  Possible reasons include:
[2.061s] * The file was deleted, renamed, or moved to another location.
[2.061s] * An install or uninstall procedure did not complete successfully.
[2.061s] * The installation package was faulty and contained
[2.061s]    "/usr/lib/cmake/vtk-7.1/VTKTargets.cmake"
[2.061s] but not all the files it references.
[2.061s] 
[2.084s] -- Checking for module 'libusb-1.0'
[2.103s] --   Found libusb-1.0, version 1.0.23
[2.162s] [33mCMake Warning (dev) at /home/korey/.local/lib/python3.8/site-packages/cmake/data/share/cmake-3.25/Modules/FindPackageHandleStandardArgs.cmake:438 (message):
[2.162s]   The package name passed to `find_package_handle_standard_args` (USB_10)
[2.162s]   does not match the name of the calling package (OpenNI).  This can lead to
[2.163s]   problems in calling code that expects `find_package` result variables
[2.163s]   (e.g., `_FOUND`) to follow a certain pattern.
[2.163s] Call Stack (most recent call first):
[2.163s]   /usr/lib/x86_64-linux-gnu/cmake/pcl/Modules/FindOpenNI.cmake:28 (find_package_handle_standard_args)
[2.163s]   /usr/lib/x86_64-linux-gnu/cmake/pcl/PCLConfig.cmake:179 (find_package)
[2.163s]   /usr/lib/x86_64-linux-gnu/cmake/pcl/PCLConfig.cmake:322 (find_openni)
[2.163s]   /usr/lib/x86_64-linux-gnu/cmake/pcl/PCLConfig.cmake:548 (find_external_library)
[2.163s]   CMakeLists.txt:15 (find_package)
[2.164s] This warning is for project developers.  Use -Wno-dev to suppress it.
[2.164s] [0m
[2.164s] -- Found USB_10: /usr/lib/x86_64-linux-gnu/libusb-1.0.so  
[2.280s] -- Found OpenNI: /usr/lib/libOpenNI.so  
[2.280s] -- OpenNI found (include: /usr/include/ni, lib: /usr/lib/libOpenNI.so)
[2.301s] [33mCMake Warning (dev) at /home/korey/.local/lib/python3.8/site-packages/cmake/data/share/cmake-3.25/Modules/FindPackageHandleStandardArgs.cmake:438 (message):
[2.301s]   The package name passed to `find_package_handle_standard_args` (USB_10)
[2.301s]   does not match the name of the calling package (OpenNI2).  This can lead to
[2.302s]   problems in calling code that expects `find_package` result variables
[2.302s]   (e.g., `_FOUND`) to follow a certain pattern.
[2.302s] Call Stack (most recent call first):
[2.302s]   /usr/lib/x86_64-linux-gnu/cmake/pcl/Modules/FindOpenNI2.cmake:28 (find_package_handle_standard_args)
[2.302s]   /usr/lib/x86_64-linux-gnu/cmake/pcl/PCLConfig.cmake:193 (find_package)
[2.302s]   /usr/lib/x86_64-linux-gnu/cmake/pcl/PCLConfig.cmake:324 (find_openni2)
[2.302s]   /usr/lib/x86_64-linux-gnu/cmake/pcl/PCLConfig.cmake:548 (find_external_library)
[2.302s]   CMakeLists.txt:15 (find_package)
[2.302s] This warning is for project developers.  Use -Wno-dev to suppress it.
[2.302s] [0m
[2.408s] -- Found OpenNI2: /usr/lib/libOpenNI2.so  
[2.409s] -- OpenNI2 found (include: /usr/include/openni2, lib: /usr/lib/libOpenNI2.so)
[2.409s] [0m** WARNING ** io features related to pcap will be disabled[0m
[2.409s] [0m** WARNING ** io features related to png will be disabled[0m
[2.426s] [33mCMake Warning (dev) at /home/korey/.local/lib/python3.8/site-packages/cmake/data/share/cmake-3.25/Modules/FindPackageHandleStandardArgs.cmake:438 (message):
[2.426s]   The package name passed to `find_package_handle_standard_args` (libusb-1.0)
[2.426s]   does not match the name of the calling package (PCL).  This can lead to
[2.426s]   problems in calling code that expects `find_package` result variables
[2.426s]   (e.g., `_FOUND`) to follow a certain pattern.
[2.426s] Call Stack (most recent call first):
[2.426s]   /usr/lib/x86_64-linux-gnu/cmake/pcl/PCLConfig.cmake:291 (find_package_handle_standard_args)
[2.426s]   /usr/lib/x86_64-linux-gnu/cmake/pcl/PCLConfig.cmake:338 (find_libusb)
[2.426s]   /usr/lib/x86_64-linux-gnu/cmake/pcl/PCLConfig.cmake:548 (find_external_library)
[2.426s]   CMakeLists.txt:15 (find_package)
[2.426s] This warning is for project developers.  Use -Wno-dev to suppress it.
[2.427s] [0m
[2.427s] -- Found libusb-1.0: /usr/include  
[2.427s] [0m** WARNING ** io features related to libusb-1.0 will be disabled[0m
[2.433s] [33mCMake Warning (dev) at /home/korey/.local/lib/python3.8/site-packages/cmake/data/share/cmake-3.25/Modules/FindPackageHandleStandardArgs.cmake:438 (message):
[2.434s]   The package name passed to `find_package_handle_standard_args` (USB_10)
[2.434s]   does not match the name of the calling package (OpenNI).  This can lead to
[2.434s]   problems in calling code that expects `find_package` result variables
[2.434s]   (e.g., `_FOUND`) to follow a certain pattern.
[2.434s] Call Stack (most recent call first):
[2.434s]   /usr/lib/x86_64-linux-gnu/cmake/pcl/Modules/FindOpenNI.cmake:28 (find_package_handle_standard_args)
[2.434s]   /usr/lib/x86_64-linux-gnu/cmake/pcl/PCLConfig.cmake:179 (find_package)
[2.434s]   /usr/lib/x86_64-linux-gnu/cmake/pcl/PCLConfig.cmake:322 (find_openni)
[2.434s]   /usr/lib/x86_64-linux-gnu/cmake/pcl/PCLConfig.cmake:548 (find_external_library)
[2.434s]   CMakeLists.txt:15 (find_package)
[2.434s] This warning is for project developers.  Use -Wno-dev to suppress it.
[2.434s] [0m
[2.435s] -- OpenNI found (include: /usr/include/ni, lib: /usr/lib/libOpenNI.so)
[2.442s] [33mCMake Warning (dev) at /home/korey/.local/lib/python3.8/site-packages/cmake/data/share/cmake-3.25/Modules/FindPackageHandleStandardArgs.cmake:438 (message):
[2.442s]   The package name passed to `find_package_handle_standard_args` (USB_10)
[2.443s]   does not match the name of the calling package (OpenNI2).  This can lead to
[2.443s]   problems in calling code that expects `find_package` result variables
[2.443s]   (e.g., `_FOUND`) to follow a certain pattern.
[2.443s] Call Stack (most recent call first):
[2.443s]   /usr/lib/x86_64-linux-gnu/cmake/pcl/Modules/FindOpenNI2.cmake:28 (find_package_handle_standard_args)
[2.443s]   /usr/lib/x86_64-linux-gnu/cmake/pcl/PCLConfig.cmake:193 (find_package)
[2.443s]   /usr/lib/x86_64-linux-gnu/cmake/pcl/PCLConfig.cmake:324 (find_openni2)
[2.443s]   /usr/lib/x86_64-linux-gnu/cmake/pcl/PCLConfig.cmake:548 (find_external_library)
[2.443s]   CMakeLists.txt:15 (find_package)
[2.443s] This warning is for project developers.  Use -Wno-dev to suppress it.
[2.443s] [0m
[2.444s] -- OpenNI2 found (include: /usr/include/openni2, lib: /usr/lib/libOpenNI2.so)
[2.475s] -- Found Qhull: optimized;/usr/lib/x86_64-linux-gnu/libqhull.so;debug;/usr/lib/x86_64-linux-gnu/libqhull.so  
[2.475s] -- QHULL found (include: /usr/include, lib: optimized;/usr/lib/x86_64-linux-gnu/libqhull.so;debug;/usr/lib/x86_64-linux-gnu/libqhull.so)
[2.482s] [33mCMake Warning (dev) at /home/korey/.local/lib/python3.8/site-packages/cmake/data/share/cmake-3.25/Modules/FindPackageHandleStandardArgs.cmake:438 (message):
[2.482s]   The package name passed to `find_package_handle_standard_args` (USB_10)
[2.482s]   does not match the name of the calling package (OpenNI).  This can lead to
[2.483s]   problems in calling code that expects `find_package` result variables
[2.483s]   (e.g., `_FOUND`) to follow a certain pattern.
[2.483s] Call Stack (most recent call first):
[2.483s]   /usr/lib/x86_64-linux-gnu/cmake/pcl/Modules/FindOpenNI.cmake:28 (find_package_handle_standard_args)
[2.483s]   /usr/lib/x86_64-linux-gnu/cmake/pcl/PCLConfig.cmake:179 (find_package)
[2.483s]   /usr/lib/x86_64-linux-gnu/cmake/pcl/PCLConfig.cmake:322 (find_openni)
[2.483s]   /usr/lib/x86_64-linux-gnu/cmake/pcl/PCLConfig.cmake:548 (find_external_library)
[2.483s]   CMakeLists.txt:15 (find_package)
[2.483s] This warning is for project developers.  Use -Wno-dev to suppress it.
[2.484s] [0m
[2.484s] -- OpenNI found (include: /usr/include/ni, lib: /usr/lib/libOpenNI.so)
[2.500s] -- looking for PCL_COMMON
[2.501s] [33mCMake Warning (dev) at /home/korey/.local/lib/python3.8/site-packages/cmake/data/share/cmake-3.25/Modules/FindPackageHandleStandardArgs.cmake:438 (message):
[2.502s]   The package name passed to `find_package_handle_standard_args` (PCL_COMMON)
[2.502s]   does not match the name of the calling package (PCL).  This can lead to
[2.502s]   problems in calling code that expects `find_package` result variables
[2.502s]   (e.g., `_FOUND`) to follow a certain pattern.
[2.502s] Call Stack (most recent call first):
[2.502s]   /usr/lib/x86_64-linux-gnu/cmake/pcl/PCLConfig.cmake:616 (find_package_handle_standard_args)
[2.502s]   CMakeLists.txt:15 (find_package)
[2.502s] This warning is for project developers.  Use -Wno-dev to suppress it.
[2.502s] [0m
[2.502s] -- Found PCL_COMMON: /usr/lib/x86_64-linux-gnu/libpcl_common.so  
[2.502s] -- looking for PCL_KDTREE
[2.503s] [33mCMake Warning (dev) at /home/korey/.local/lib/python3.8/site-packages/cmake/data/share/cmake-3.25/Modules/FindPackageHandleStandardArgs.cmake:438 (message):
[2.503s]   The package name passed to `find_package_handle_standard_args` (PCL_KDTREE)
[2.503s]   does not match the name of the calling package (PCL).  This can lead to
[2.503s]   problems in calling code that expects `find_package` result variables
[2.503s]   (e.g., `_FOUND`) to follow a certain pattern.
[2.503s] Call Stack (most recent call first):
[2.503s]   /usr/lib/x86_64-linux-gnu/cmake/pcl/PCLConfig.cmake:616 (find_package_handle_standard_args)
[2.504s]   CMakeLists.txt:15 (find_package)
[2.504s] This warning is for project developers.  Use -Wno-dev to suppress it.
[2.504s] [0m
[2.504s] -- Found PCL_KDTREE: /usr/lib/x86_64-linux-gnu/libpcl_kdtree.so  
[2.504s] -- looking for PCL_OCTREE
[2.504s] [33mCMake Warning (dev) at /home/korey/.local/lib/python3.8/site-packages/cmake/data/share/cmake-3.25/Modules/FindPackageHandleStandardArgs.cmake:438 (message):
[2.504s]   The package name passed to `find_package_handle_standard_args` (PCL_OCTREE)
[2.505s]   does not match the name of the calling package (PCL).  This can lead to
[2.505s]   problems in calling code that expects `find_package` result variables
[2.505s]   (e.g., `_FOUND`) to follow a certain pattern.
[2.505s] Call Stack (most recent call first):
[2.505s]   /usr/lib/x86_64-linux-gnu/cmake/pcl/PCLConfig.cmake:616 (find_package_handle_standard_args)
[2.505s]   CMakeLists.txt:15 (find_package)
[2.505s] This warning is for project developers.  Use -Wno-dev to suppress it.
[2.505s] [0m
[2.505s] -- Found PCL_OCTREE: /usr/lib/x86_64-linux-gnu/libpcl_octree.so  
[2.506s] -- looking for PCL_SEARCH
[2.506s] [33mCMake Warning (dev) at /home/korey/.local/lib/python3.8/site-packages/cmake/data/share/cmake-3.25/Modules/FindPackageHandleStandardArgs.cmake:438 (message):
[2.506s]   The package name passed to `find_package_handle_standard_args` (PCL_SEARCH)
[2.506s]   does not match the name of the calling package (PCL).  This can lead to
[2.506s]   problems in calling code that expects `find_package` result variables
[2.506s]   (e.g., `_FOUND`) to follow a certain pattern.
[2.506s] Call Stack (most recent call first):
[2.506s]   /usr/lib/x86_64-linux-gnu/cmake/pcl/PCLConfig.cmake:616 (find_package_handle_standard_args)
[2.506s]   CMakeLists.txt:15 (find_package)
[2.506s] This warning is for project developers.  Use -Wno-dev to suppress it.
[2.506s] [0m
[2.506s] -- Found PCL_SEARCH: /usr/lib/x86_64-linux-gnu/libpcl_search.so  
[2.507s] -- looking for PCL_SAMPLE_CONSENSUS
[2.507s] [33mCMake Warning (dev) at /home/korey/.local/lib/python3.8/site-packages/cmake/data/share/cmake-3.25/Modules/FindPackageHandleStandardArgs.cmake:438 (message):
[2.507s]   The package name passed to `find_package_handle_standard_args`
[2.507s]   (PCL_SAMPLE_CONSENSUS) does not match the name of the calling package
[2.507s]   (PCL).  This can lead to problems in calling code that expects
[2.508s]   `find_package` result variables (e.g., `_FOUND`) to follow a certain
[2.508s]   pattern.
[2.508s] Call Stack (most recent call first):
[2.508s]   /usr/lib/x86_64-linux-gnu/cmake/pcl/PCLConfig.cmake:616 (find_package_handle_standard_args)
[2.508s]   CMakeLists.txt:15 (find_package)
[2.508s] This warning is for project developers.  Use -Wno-dev to suppress it.
[2.508s] [0m
[2.509s] -- Found PCL_SAMPLE_CONSENSUS: /usr/lib/x86_64-linux-gnu/libpcl_sample_consensus.so  
[2.509s] -- looking for PCL_FILTERS
[2.509s] [33mCMake Warning (dev) at /home/korey/.local/lib/python3.8/site-packages/cmake/data/share/cmake-3.25/Modules/FindPackageHandleStandardArgs.cmake:438 (message):
[2.509s]   The package name passed to `find_package_handle_standard_args`
[2.509s]   (PCL_FILTERS) does not match the name of the calling package (PCL).  This
[2.509s]   can lead to problems in calling code that expects `find_package` result
[2.509s]   variables (e.g., `_FOUND`) to follow a certain pattern.
[2.509s] Call Stack (most recent call first):
[2.509s]   /usr/lib/x86_64-linux-gnu/cmake/pcl/PCLConfig.cmake:616 (find_package_handle_standard_args)
[2.509s]   CMakeLists.txt:15 (find_package)
[2.510s] This warning is for project developers.  Use -Wno-dev to suppress it.
[2.510s] [0m
[2.510s] -- Found PCL_FILTERS: /usr/lib/x86_64-linux-gnu/libpcl_filters.so  
[2.510s] -- looking for PCL_2D
[2.510s] [33mCMake Warning (dev) at /home/korey/.local/lib/python3.8/site-packages/cmake/data/share/cmake-3.25/Modules/FindPackageHandleStandardArgs.cmake:438 (message):
[2.510s]   The package name passed to `find_package_handle_standard_args` (PCL_2D)
[2.510s]   does not match the name of the calling package (PCL).  This can lead to
[2.510s]   problems in calling code that expects `find_package` result variables
[2.510s]   (e.g., `_FOUND`) to follow a certain pattern.
[2.510s] Call Stack (most recent call first):
[2.510s]   /usr/lib/x86_64-linux-gnu/cmake/pcl/PCLConfig.cmake:619 (find_package_handle_standard_args)
[2.510s]   CMakeLists.txt:15 (find_package)
[2.510s] This warning is for project developers.  Use -Wno-dev to suppress it.
[2.511s] [0m
[2.511s] -- Found PCL_2D: /usr/include/pcl-1.10  
[2.511s] -- looking for PCL_GEOMETRY
[2.511s] [33mCMake Warning (dev) at /home/korey/.local/lib/python3.8/site-packages/cmake/data/share/cmake-3.25/Modules/FindPackageHandleStandardArgs.cmake:438 (message):
[2.511s]   The package name passed to `find_package_handle_standard_args`
[2.511s]   (PCL_GEOMETRY) does not match the name of the calling package (PCL).  This
[2.511s]   can lead to problems in calling code that expects `find_package` result
[2.511s]   variables (e.g., `_FOUND`) to follow a certain pattern.
[2.511s] Call Stack (most recent call first):
[2.511s]   /usr/lib/x86_64-linux-gnu/cmake/pcl/PCLConfig.cmake:619 (find_package_handle_standard_args)
[2.511s]   CMakeLists.txt:15 (find_package)
[2.512s] This warning is for project developers.  Use -Wno-dev to suppress it.
[2.512s] [0m
[2.512s] -- Found PCL_GEOMETRY: /usr/include/pcl-1.10  
[2.512s] -- looking for PCL_IO
[2.512s] [33mCMake Warning (dev) at /home/korey/.local/lib/python3.8/site-packages/cmake/data/share/cmake-3.25/Modules/FindPackageHandleStandardArgs.cmake:438 (message):
[2.512s]   The package name passed to `find_package_handle_standard_args` (PCL_IO)
[2.512s]   does not match the name of the calling package (PCL).  This can lead to
[2.512s]   problems in calling code that expects `find_package` result variables
[2.512s]   (e.g., `_FOUND`) to follow a certain pattern.
[2.512s] Call Stack (most recent call first):
[2.512s]   /usr/lib/x86_64-linux-gnu/cmake/pcl/PCLConfig.cmake:616 (find_package_handle_standard_args)
[2.513s]   CMakeLists.txt:15 (find_package)
[2.513s] This warning is for project developers.  Use -Wno-dev to suppress it.
[2.513s] [0m
[2.513s] -- Found PCL_IO: /usr/lib/x86_64-linux-gnu/libpcl_io.so  
[2.513s] -- looking for PCL_FEATURES
[2.513s] [33mCMake Warning (dev) at /home/korey/.local/lib/python3.8/site-packages/cmake/data/share/cmake-3.25/Modules/FindPackageHandleStandardArgs.cmake:438 (message):
[2.513s]   The package name passed to `find_package_handle_standard_args`
[2.513s]   (PCL_FEATURES) does not match the name of the calling package (PCL).  This
[2.513s]   can lead to problems in calling code that expects `find_package` result
[2.514s]   variables (e.g., `_FOUND`) to follow a certain pattern.
[2.514s] Call Stack (most recent call first):
[2.514s]   /usr/lib/x86_64-linux-gnu/cmake/pcl/PCLConfig.cmake:616 (find_package_handle_standard_args)
[2.514s]   CMakeLists.txt:15 (find_package)
[2.514s] This warning is for project developers.  Use -Wno-dev to suppress it.
[2.514s] [0m
[2.514s] -- Found PCL_FEATURES: /usr/lib/x86_64-linux-gnu/libpcl_features.so  
[2.514s] -- looking for PCL_ML
[2.514s] [33mCMake Warning (dev) at /home/korey/.local/lib/python3.8/site-packages/cmake/data/share/cmake-3.25/Modules/FindPackageHandleStandardArgs.cmake:438 (message):
[2.514s]   The package name passed to `find_package_handle_standard_args` (PCL_ML)
[2.515s]   does not match the name of the calling package (PCL).  This can lead to
[2.515s]   problems in calling code that expects `find_package` result variables
[2.515s]   (e.g., `_FOUND`) to follow a certain pattern.
[2.515s] Call Stack (most recent call first):
[2.515s]   /usr/lib/x86_64-linux-gnu/cmake/pcl/PCLConfig.cmake:616 (find_package_handle_standard_args)
[2.515s]   CMakeLists.txt:15 (find_package)
[2.515s] This warning is for project developers.  Use -Wno-dev to suppress it.
[2.515s] [0m
[2.515s] -- Found PCL_ML: /usr/lib/x86_64-linux-gnu/libpcl_ml.so  
[2.515s] -- looking for PCL_SEGMENTATION
[2.516s] [33mCMake Warning (dev) at /home/korey/.local/lib/python3.8/site-packages/cmake/data/share/cmake-3.25/Modules/FindPackageHandleStandardArgs.cmake:438 (message):
[2.516s]   The package name passed to `find_package_handle_standard_args`
[2.516s]   (PCL_SEGMENTATION) does not match the name of the calling package (PCL).
[2.516s]   This can lead to problems in calling code that expects `find_package`
[2.516s]   result variables (e.g., `_FOUND`) to follow a certain pattern.
[2.516s] Call Stack (most recent call first):
[2.516s]   /usr/lib/x86_64-linux-gnu/cmake/pcl/PCLConfig.cmake:616 (find_package_handle_standard_args)
[2.516s]   CMakeLists.txt:15 (find_package)
[2.516s] This warning is for project developers.  Use -Wno-dev to suppress it.
[2.516s] [0m
[2.516s] -- Found PCL_SEGMENTATION: /usr/lib/x86_64-linux-gnu/libpcl_segmentation.so  
[2.517s] -- looking for PCL_VISUALIZATION
[2.517s] [33mCMake Warning (dev) at /home/korey/.local/lib/python3.8/site-packages/cmake/data/share/cmake-3.25/Modules/FindPackageHandleStandardArgs.cmake:438 (message):
[2.517s]   The package name passed to `find_package_handle_standard_args`
[2.517s]   (PCL_VISUALIZATION) does not match the name of the calling package (PCL).
[2.517s]   This can lead to problems in calling code that expects `find_package`
[2.518s]   result variables (e.g., `_FOUND`) to follow a certain pattern.
[2.518s] Call Stack (most recent call first):
[2.518s]   /usr/lib/x86_64-linux-gnu/cmake/pcl/PCLConfig.cmake:616 (find_package_handle_standard_args)
[2.518s]   CMakeLists.txt:15 (find_package)
[2.518s] This warning is for project developers.  Use -Wno-dev to suppress it.
[2.518s] [0m
[2.518s] -- Found PCL_VISUALIZATION: /usr/lib/x86_64-linux-gnu/libpcl_visualization.so  
[2.518s] -- looking for PCL_SURFACE
[2.519s] [33mCMake Warning (dev) at /home/korey/.local/lib/python3.8/site-packages/cmake/data/share/cmake-3.25/Modules/FindPackageHandleStandardArgs.cmake:438 (message):
[2.519s]   The package name passed to `find_package_handle_standard_args`
[2.519s]   (PCL_SURFACE) does not match the name of the calling package (PCL).  This
[2.519s]   can lead to problems in calling code that expects `find_package` result
[2.519s]   variables (e.g., `_FOUND`) to follow a certain pattern.
[2.519s] Call Stack (most recent call first):
[2.519s]   /usr/lib/x86_64-linux-gnu/cmake/pcl/PCLConfig.cmake:616 (find_package_handle_standard_args)
[2.519s]   CMakeLists.txt:15 (find_package)
[2.519s] This warning is for project developers.  Use -Wno-dev to suppress it.
[2.519s] [0m
[2.520s] -- Found PCL_SURFACE: /usr/lib/x86_64-linux-gnu/libpcl_surface.so  
[2.520s] -- looking for PCL_REGISTRATION
[2.520s] [33mCMake Warning (dev) at /home/korey/.local/lib/python3.8/site-packages/cmake/data/share/cmake-3.25/Modules/FindPackageHandleStandardArgs.cmake:438 (message):
[2.520s]   The package name passed to `find_package_handle_standard_args`
[2.520s]   (PCL_REGISTRATION) does not match the name of the calling package (PCL).
[2.521s]   This can lead to problems in calling code that expects `find_package`
[2.521s]   result variables (e.g., `_FOUND`) to follow a certain pattern.
[2.521s] Call Stack (most recent call first):
[2.521s]   /usr/lib/x86_64-linux-gnu/cmake/pcl/PCLConfig.cmake:616 (find_package_handle_standard_args)
[2.521s]   CMakeLists.txt:15 (find_package)
[2.521s] This warning is for project developers.  Use -Wno-dev to suppress it.
[2.521s] [0m
[2.521s] -- Found PCL_REGISTRATION: /usr/lib/x86_64-linux-gnu/libpcl_registration.so  
[2.521s] -- looking for PCL_KEYPOINTS
[2.522s] [33mCMake Warning (dev) at /home/korey/.local/lib/python3.8/site-packages/cmake/data/share/cmake-3.25/Modules/FindPackageHandleStandardArgs.cmake:438 (message):
[2.522s]   The package name passed to `find_package_handle_standard_args`
[2.522s]   (PCL_KEYPOINTS) does not match the name of the calling package (PCL).  This
[2.522s]   can lead to problems in calling code that expects `find_package` result
[2.522s]   variables (e.g., `_FOUND`) to follow a certain pattern.
[2.522s] Call Stack (most recent call first):
[2.522s]   /usr/lib/x86_64-linux-gnu/cmake/pcl/PCLConfig.cmake:616 (find_package_handle_standard_args)
[2.522s]   CMakeLists.txt:15 (find_package)
[2.522s] This warning is for project developers.  Use -Wno-dev to suppress it.
[2.522s] [0m
[2.523s] -- Found PCL_KEYPOINTS: /usr/lib/x86_64-linux-gnu/libpcl_keypoints.so  
[2.523s] -- looking for PCL_TRACKING
[2.523s] [33mCMake Warning (dev) at /home/korey/.local/lib/python3.8/site-packages/cmake/data/share/cmake-3.25/Modules/FindPackageHandleStandardArgs.cmake:438 (message):
[2.523s]   The package name passed to `find_package_handle_standard_args`
[2.523s]   (PCL_TRACKING) does not match the name of the calling package (PCL).  This
[2.523s]   can lead to problems in calling code that expects `find_package` result
[2.524s]   variables (e.g., `_FOUND`) to follow a certain pattern.
[2.524s] Call Stack (most recent call first):
[2.524s]   /usr/lib/x86_64-linux-gnu/cmake/pcl/PCLConfig.cmake:616 (find_package_handle_standard_args)
[2.524s]   CMakeLists.txt:15 (find_package)
[2.524s] This warning is for project developers.  Use -Wno-dev to suppress it.
[2.524s] [0m
[2.524s] -- Found PCL_TRACKING: /usr/lib/x86_64-linux-gnu/libpcl_tracking.so  
[2.524s] -- looking for PCL_RECOGNITION
[2.525s] [33mCMake Warning (dev) at /home/korey/.local/lib/python3.8/site-packages/cmake/data/share/cmake-3.25/Modules/FindPackageHandleStandardArgs.cmake:438 (message):
[2.525s]   The package name passed to `find_package_handle_standard_args`
[2.525s]   (PCL_RECOGNITION) does not match the name of the calling package (PCL).
[2.525s]   This can lead to problems in calling code that expects `find_package`
[2.525s]   result variables (e.g., `_FOUND`) to follow a certain pattern.
[2.525s] Call Stack (most recent call first):
[2.525s]   /usr/lib/x86_64-linux-gnu/cmake/pcl/PCLConfig.cmake:616 (find_package_handle_standard_args)
[2.526s]   CMakeLists.txt:15 (find_package)
[2.526s] This warning is for project developers.  Use -Wno-dev to suppress it.
[2.526s] [0m
[2.526s] -- Found PCL_RECOGNITION: /usr/lib/x86_64-linux-gnu/libpcl_recognition.so  
[2.526s] -- looking for PCL_STEREO
[2.526s] [33mCMake Warning (dev) at /home/korey/.local/lib/python3.8/site-packages/cmake/data/share/cmake-3.25/Modules/FindPackageHandleStandardArgs.cmake:438 (message):
[2.527s]   The package name passed to `find_package_handle_standard_args` (PCL_STEREO)
[2.527s]   does not match the name of the calling package (PCL).  This can lead to
[2.527s]   problems in calling code that expects `find_package` result variables
[2.527s]   (e.g., `_FOUND`) to follow a certain pattern.
[2.527s] Call Stack (most recent call first):
[2.527s]   /usr/lib/x86_64-linux-gnu/cmake/pcl/PCLConfig.cmake:616 (find_package_handle_standard_args)
[2.527s]   CMakeLists.txt:15 (find_package)
[2.527s] This warning is for project developers.  Use -Wno-dev to suppress it.
[2.527s] [0m
[2.527s] -- Found PCL_STEREO: /usr/lib/x86_64-linux-gnu/libpcl_stereo.so  
[2.527s] -- looking for PCL_APPS
[2.528s] [33mCMake Warning (dev) at /home/korey/.local/lib/python3.8/site-packages/cmake/data/share/cmake-3.25/Modules/FindPackageHandleStandardArgs.cmake:438 (message):
[2.528s]   The package name passed to `find_package_handle_standard_args` (PCL_APPS)
[2.528s]   does not match the name of the calling package (PCL).  This can lead to
[2.528s]   problems in calling code that expects `find_package` result variables
[2.528s]   (e.g., `_FOUND`) to follow a certain pattern.
[2.528s] Call Stack (most recent call first):
[2.528s]   /usr/lib/x86_64-linux-gnu/cmake/pcl/PCLConfig.cmake:616 (find_package_handle_standard_args)
[2.528s]   CMakeLists.txt:15 (find_package)
[2.529s] This warning is for project developers.  Use -Wno-dev to suppress it.
[2.529s] [0m
[2.529s] -- Found PCL_APPS: /usr/lib/x86_64-linux-gnu/libpcl_apps.so  
[2.529s] -- looking for PCL_IN_HAND_SCANNER
[2.529s] [33mCMake Warning (dev) at /home/korey/.local/lib/python3.8/site-packages/cmake/data/share/cmake-3.25/Modules/FindPackageHandleStandardArgs.cmake:438 (message):
[2.529s]   The package name passed to `find_package_handle_standard_args`
[2.529s]   (PCL_IN_HAND_SCANNER) does not match the name of the calling package (PCL).
[2.530s]   This can lead to problems in calling code that expects `find_package`
[2.530s]   result variables (e.g., `_FOUND`) to follow a certain pattern.
[2.530s] Call Stack (most recent call first):
[2.530s]   /usr/lib/x86_64-linux-gnu/cmake/pcl/PCLConfig.cmake:619 (find_package_handle_standard_args)
[2.530s]   CMakeLists.txt:15 (find_package)
[2.530s] This warning is for project developers.  Use -Wno-dev to suppress it.
[2.530s] [0m
[2.530s] -- Found PCL_IN_HAND_SCANNER: /usr/include/pcl-1.10  
[2.530s] -- looking for PCL_POINT_CLOUD_EDITOR
[2.530s] [33mCMake Warning (dev) at /home/korey/.local/lib/python3.8/site-packages/cmake/data/share/cmake-3.25/Modules/FindPackageHandleStandardArgs.cmake:438 (message):
[2.531s]   The package name passed to `find_package_handle_standard_args`
[2.531s]   (PCL_POINT_CLOUD_EDITOR) does not match the name of the calling package
[2.531s]   (PCL).  This can lead to problems in calling code that expects
[2.531s]   `find_package` result variables (e.g., `_FOUND`) to follow a certain
[2.531s]   pattern.
[2.531s] Call Stack (most recent call first):
[2.531s]   /usr/lib/x86_64-linux-gnu/cmake/pcl/PCLConfig.cmake:619 (find_package_handle_standard_args)
[2.531s]   CMakeLists.txt:15 (find_package)
[2.531s] This warning is for project developers.  Use -Wno-dev to suppress it.
[2.531s] [0m
[2.531s] -- Found PCL_POINT_CLOUD_EDITOR: /usr/include/pcl-1.10  
[2.531s] -- looking for PCL_OUTOFCORE
[2.532s] [33mCMake Warning (dev) at /home/korey/.local/lib/python3.8/site-packages/cmake/data/share/cmake-3.25/Modules/FindPackageHandleStandardArgs.cmake:438 (message):
[2.532s]   The package name passed to `find_package_handle_standard_args`
[2.532s]   (PCL_OUTOFCORE) does not match the name of the calling package (PCL).  This
[2.532s]   can lead to problems in calling code that expects `find_package` result
[2.532s]   variables (e.g., `_FOUND`) to follow a certain pattern.
[2.533s] Call Stack (most recent call first):
[2.533s]   /usr/lib/x86_64-linux-gnu/cmake/pcl/PCLConfig.cmake:616 (find_package_handle_standard_args)
[2.533s]   CMakeLists.txt:15 (find_package)
[2.533s] This warning is for project developers.  Use -Wno-dev to suppress it.
[2.533s] [0m
[2.533s] -- Found PCL_OUTOFCORE: /usr/lib/x86_64-linux-gnu/libpcl_outofcore.so  
[2.533s] -- looking for PCL_PEOPLE
[2.534s] [33mCMake Warning (dev) at /home/korey/.local/lib/python3.8/site-packages/cmake/data/share/cmake-3.25/Modules/FindPackageHandleStandardArgs.cmake:438 (message):
[2.534s]   The package name passed to `find_package_handle_standard_args` (PCL_PEOPLE)
[2.534s]   does not match the name of the calling package (PCL).  This can lead to
[2.534s]   problems in calling code that expects `find_package` result variables
[2.534s]   (e.g., `_FOUND`) to follow a certain pattern.
[2.534s] Call Stack (most recent call first):
[2.534s]   /usr/lib/x86_64-linux-gnu/cmake/pcl/PCLConfig.cmake:616 (find_package_handle_standard_args)
[2.534s]   CMakeLists.txt:15 (find_package)
[2.534s] This warning is for project developers.  Use -Wno-dev to suppress it.
[2.534s] [0m
[2.534s] -- Found PCL_PEOPLE: /usr/lib/x86_64-linux-gnu/libpcl_people.so  
[2.535s] -- Found PCL: pcl_common;pcl_kdtree;pcl_octree;pcl_search;pcl_sample_consensus;pcl_filters;pcl_io;pcl_features;pcl_ml;pcl_segmentation;pcl_visualization;pcl_surface;pcl_registration;pcl_keypoints;pcl_tracking;pcl_recognition;pcl_stereo;pcl_apps;pcl_outofcore;pcl_people;/usr/lib/x86_64-linux-gnu/libboost_system.so;/usr/lib/x86_64-linux-gnu/libboost_filesystem.so;/usr/lib/x86_64-linux-gnu/libboost_date_time.so;/usr/lib/x86_64-linux-gnu/libboost_iostreams.so;/usr/lib/x86_64-linux-gnu/libboost_regex.so;optimized;/usr/lib/x86_64-linux-gnu/libqhull.so;debug;/usr/lib/x86_64-linux-gnu/libqhull.so;/usr/lib/libOpenNI.so;/usr/lib/libOpenNI2.so;vtkChartsCore;vtkCommonColor;vtkCommonCore;vtksys;vtkCommonDataModel;vtkCommonMath;vtkCommonMisc;vtkCommonSystem;vtkCommonTransforms;vtkCommonExecutionModel;vtkFiltersGeneral;vtkCommonComputationalGeometry;vtkFiltersCore;vtkInfovisCore;vtkFiltersExtraction;vtkFiltersStatistics;vtkImagingFourier;vtkImagingCore;vtkalglib;vtkRenderingContext2D;vtkRenderingCore;vtkFiltersGeometry;vtkFiltersSources;vtkRenderingFreeType;/usr/lib/x86_64-linux-gnu/libfreetype.so;/usr/lib/x86_64-linux-gnu/libz.so;vtkFiltersModeling;vtkImagingSources;vtkInteractionStyle;vtkInteractionWidgets;vtkFiltersHybrid;vtkImagingColor;vtkImagingGeneral;vtkImagingHybrid;vtkIOImage;vtkDICOMParser;vtkmetaio;/usr/lib/x86_64-linux-gnu/libjpeg.so;/usr/lib/x86_64-linux-gnu/libpng.so;/usr/lib/x86_64-linux-gnu/libtiff.so;vtkRenderingAnnotation;vtkRenderingVolume;vtkIOXML;vtkIOCore;vtkIOXMLParser;/usr/lib/x86_64-linux-gnu/libexpat.so;vtkIOGeometry;vtkIOLegacy;vtkIOPLY;vtkRenderingLOD;vtkViewsContext2D;vtkViewsCore;vtkRenderingContextOpenGL2;vtkRenderingOpenGL2;FLANN::FLANN  
[2.574s] -- Found ament_lint_auto: 0.9.8 (/opt/ros/foxy/share/ament_lint_auto/cmake)
[2.621s] -- Added test 'cppcheck' to perform static code analysis on C / C++ code
[2.621s] -- Configured cppcheck include dirs: 
[2.621s] -- Configured cppcheck exclude dirs and/or files: 
[2.625s] -- Added test 'flake8' to check Python code syntax and style conventions
[2.633s] -- Added test 'lint_cmake' to check CMake code style
[2.636s] -- Added test 'pep257' to check Python code against some of the style conventions in PEP 257
[2.661s] -- Added test 'uncrustify' to check C / C++ code style
[2.661s] -- Configured uncrustify additional arguments: 
[2.664s] -- Added test 'xmllint' to check XML markup files
[2.666s] -- Configuring done
[2.720s] -- Generating done
[2.734s] -- Build files have been written to: /home/korey/Desktop/lio_nav2/build/robot_bringup
[2.760s] Invoked command in '/home/korey/Desktop/lio_nav2/build/robot_bringup' returned '0': CMAKE_PREFIX_PATH=/opt/ros/foxy /home/korey/.local/bin/cmake /home/korey/Desktop/lio_nav2/src/robot_bringup -DCMAKE_INSTALL_PREFIX=/home/korey/Desktop/lio_nav2/install/robot_bringup
[2.764s] Invoking command in '/home/korey/Desktop/lio_nav2/build/robot_bringup': CMAKE_PREFIX_PATH=/opt/ros/foxy /home/korey/.local/bin/cmake --build /home/korey/Desktop/lio_nav2/build/robot_bringup -- -j12 -l12
[2.824s] [ 50%] [32mBuilding CXX object CMakeFiles/point_deal.dir/src/point_deal.cpp.o[0m
[8.000s] In file included from [01m[K/usr/include/boost/preprocessor/tuple/elem.hpp:23[m[K,
[8.000s]                  from [01m[K/usr/include/boost/preprocessor/arithmetic/add.hpp:21[m[K,
[8.000s]                  from [01m[K/usr/include/boost/mpl/aux_/preprocessor/def_params_tail.hpp:66[m[K,
[8.000s]                  from [01m[K/usr/include/boost/mpl/aux_/na_spec.hpp:28[m[K,
[8.001s]                  from [01m[K/usr/include/boost/mpl/not.hpp:20[m[K,
[8.001s]                  from [01m[K/usr/include/boost/mpl/assert.hpp:17[m[K,
[8.001s]                  from [01m[K/usr/include/pcl-1.10/pcl/point_traits.h:48[m[K,
[8.001s]                  from [01m[K/usr/include/pcl-1.10/pcl/register_point_struct.h:56[m[K,
[8.001s]                  from [01m[K/usr/include/pcl-1.10/pcl/point_types.h:44[m[K,
[8.001s]                  from [01m[K/home/korey/Desktop/lio_nav2/src/robot_bringup/src/point_deal.cpp:6[m[K:
[8.001s] [01m[K/home/korey/Desktop/lio_nav2/src/robot_bringup/src/point_deal.cpp:19:6:[m[K [01;35m[Kwarning: [m[K‘[01m[Kusing uint8_t = uint8_t[m[K’ is deprecated: use std::uint8_t instead of pcl::uint8_t [[01;35m[K-Wdeprecated-declarations[m[K]
[8.001s]    19 |     ([01;35m[Kuint8_t[m[K, tag, tag) (uint8_t, line, line)
[8.001s]       |      [01;35m[K^~~~~~~[m[K
[8.001s] In file included from [01m[K/usr/include/pcl-1.10/pcl/point_types.h:42[m[K,
[8.001s]                  from [01m[K/home/korey/Desktop/lio_nav2/src/robot_bringup/src/point_deal.cpp:6[m[K:
[8.001s] [01m[K/usr/include/pcl-1.10/pcl/pcl_macros.h:92:9:[m[K [01;36m[Knote: [m[Kdeclared here
[8.001s]    92 |   using [01;36m[Kuint8_t[m[K [[deprecated("use std::uint8_t instead of pcl::uint8_t")]] = std::uint8_t;
[8.001s]       |         [01;36m[K^~~~~~~[m[K
[8.002s] In file included from [01m[K/usr/include/boost/preprocessor/tuple/elem.hpp:23[m[K,
[8.002s]                  from [01m[K/usr/include/boost/preprocessor/arithmetic/add.hpp:21[m[K,
[8.002s]                  from [01m[K/usr/include/boost/mpl/aux_/preprocessor/def_params_tail.hpp:66[m[K,
[8.002s]                  from [01m[K/usr/include/boost/mpl/aux_/na_spec.hpp:28[m[K,
[8.002s]                  from [01m[K/usr/include/boost/mpl/not.hpp:20[m[K,
[8.002s]                  from [01m[K/usr/include/boost/mpl/assert.hpp:17[m[K,
[8.002s]                  from [01m[K/usr/include/pcl-1.10/pcl/point_traits.h:48[m[K,
[8.002s]                  from [01m[K/usr/include/pcl-1.10/pcl/register_point_struct.h:56[m[K,
[8.002s]                  from [01m[K/usr/include/pcl-1.10/pcl/point_types.h:44[m[K,
[8.002s]                  from [01m[K/home/korey/Desktop/lio_nav2/src/robot_bringup/src/point_deal.cpp:6[m[K:
[8.002s] [01m[K/home/korey/Desktop/lio_nav2/src/robot_bringup/src/point_deal.cpp:19:26:[m[K [01;35m[Kwarning: [m[K‘[01m[Kusing uint8_t = uint8_t[m[K’ is deprecated: use std::uint8_t instead of pcl::uint8_t [[01;35m[K-Wdeprecated-declarations[m[K]
[8.002s]    19 |     (uint8_t, tag, tag) ([01;35m[Kuint8_t[m[K, line, line)
[8.002s]       |                          [01;35m[K^~~~~~~[m[K
[8.002s] In file included from [01m[K/usr/include/pcl-1.10/pcl/point_types.h:42[m[K,
[8.002s]                  from [01m[K/home/korey/Desktop/lio_nav2/src/robot_bringup/src/point_deal.cpp:6[m[K:
[8.003s] [01m[K/usr/include/pcl-1.10/pcl/pcl_macros.h:92:9:[m[K [01;36m[Knote: [m[Kdeclared here
[8.003s]    92 |   using [01;36m[Kuint8_t[m[K [[deprecated("use std::uint8_t instead of pcl::uint8_t")]] = std::uint8_t;
[8.003s]       |         [01;36m[K^~~~~~~[m[K
[8.006s] In file included from [01m[K/usr/include/boost/preprocessor/tuple/elem.hpp:23[m[K,
[8.006s]                  from [01m[K/usr/include/boost/preprocessor/arithmetic/add.hpp:21[m[K,
[8.007s]                  from [01m[K/usr/include/boost/mpl/aux_/preprocessor/def_params_tail.hpp:66[m[K,
[8.007s]                  from [01m[K/usr/include/boost/mpl/aux_/na_spec.hpp:28[m[K,
[8.007s]                  from [01m[K/usr/include/boost/mpl/not.hpp:20[m[K,
[8.007s]                  from [01m[K/usr/include/boost/mpl/assert.hpp:17[m[K,
[8.007s]                  from [01m[K/usr/include/pcl-1.10/pcl/point_traits.h:48[m[K,
[8.007s]                  from [01m[K/usr/include/pcl-1.10/pcl/register_point_struct.h:56[m[K,
[8.007s]                  from [01m[K/usr/include/pcl-1.10/pcl/point_types.h:44[m[K,
[8.007s]                  from [01m[K/home/korey/Desktop/lio_nav2/src/robot_bringup/src/point_deal.cpp:6[m[K:
[8.007s] [01m[K/home/korey/Desktop/lio_nav2/src/robot_bringup/src/point_deal.cpp:34:6:[m[K [01;35m[Kwarning: [m[K‘[01m[Kusing uint32_t = uint32_t[m[K’ is deprecated: use std::uint32_t instead of pcl::uint32_t [[01;35m[K-Wdeprecated-declarations[m[K]
[8.008s]    34 |     ([01;35m[Kuint32_t[m[K, t, t) (uint16_t, reflectivity, reflectivity)
[8.008s]       |      [01;35m[K^~~~~~~~[m[K
[8.008s] In file included from [01m[K/usr/include/pcl-1.10/pcl/point_types.h:42[m[K,
[8.008s]                  from [01m[K/home/korey/Desktop/lio_nav2/src/robot_bringup/src/point_deal.cpp:6[m[K:
[8.008s] [01m[K/usr/include/pcl-1.10/pcl/pcl_macros.h:96:9:[m[K [01;36m[Knote: [m[Kdeclared here
[8.008s]    96 |   using [01;36m[Kuint32_t[m[K [[deprecated("use std::uint32_t instead of pcl::uint32_t")]] = std::uint32_t;
[8.008s]       |         [01;36m[K^~~~~~~~[m[K
[8.008s] In file included from [01m[K/usr/include/boost/preprocessor/tuple/elem.hpp:23[m[K,
[8.008s]                  from [01m[K/usr/include/boost/preprocessor/arithmetic/add.hpp:21[m[K,
[8.008s]                  from [01m[K/usr/include/boost/mpl/aux_/preprocessor/def_params_tail.hpp:66[m[K,
[8.009s]                  from [01m[K/usr/include/boost/mpl/aux_/na_spec.hpp:28[m[K,
[8.009s]                  from [01m[K/usr/include/boost/mpl/not.hpp:20[m[K,
[8.009s]                  from [01m[K/usr/include/boost/mpl/assert.hpp:17[m[K,
[8.009s]                  from [01m[K/usr/include/pcl-1.10/pcl/point_traits.h:48[m[K,
[8.009s]                  from [01m[K/usr/include/pcl-1.10/pcl/register_point_struct.h:56[m[K,
[8.009s]                  from [01m[K/usr/include/pcl-1.10/pcl/point_types.h:44[m[K,
[8.009s]                  from [01m[K/home/korey/Desktop/lio_nav2/src/robot_bringup/src/point_deal.cpp:6[m[K:
[8.009s] [01m[K/home/korey/Desktop/lio_nav2/src/robot_bringup/src/point_deal.cpp:34:23:[m[K [01;35m[Kwarning: [m[K‘[01m[Kusing uint16_t = uint16_t[m[K’ is deprecated: use std::uint16_t instead of pcl::uint16_t [[01;35m[K-Wdeprecated-declarations[m[K]
[8.009s]    34 |     (uint32_t, t, t) ([01;35m[Kuint16_t[m[K, reflectivity, reflectivity)
[8.009s]       |                       [01;35m[K^~~~~~~~[m[K
[8.009s] In file included from [01m[K/usr/include/pcl-1.10/pcl/point_types.h:42[m[K,
[8.009s]                  from [01m[K/home/korey/Desktop/lio_nav2/src/robot_bringup/src/point_deal.cpp:6[m[K:
[8.010s] [01m[K/usr/include/pcl-1.10/pcl/pcl_macros.h:94:9:[m[K [01;36m[Knote: [m[Kdeclared here
[8.010s]    94 |   using [01;36m[Kuint16_t[m[K [[deprecated("use std::uint16_t instead of pcl::uint16_t")]] = std::uint16_t;
[8.010s]       |         [01;36m[K^~~~~~~~[m[K
[8.010s] In file included from [01m[K/usr/include/boost/preprocessor/tuple/elem.hpp:23[m[K,
[8.010s]                  from [01m[K/usr/include/boost/preprocessor/arithmetic/add.hpp:21[m[K,
[8.010s]                  from [01m[K/usr/include/boost/mpl/aux_/preprocessor/def_params_tail.hpp:66[m[K,
[8.010s]                  from [01m[K/usr/include/boost/mpl/aux_/na_spec.hpp:28[m[K,
[8.010s]                  from [01m[K/usr/include/boost/mpl/not.hpp:20[m[K,
[8.010s]                  from [01m[K/usr/include/boost/mpl/assert.hpp:17[m[K,
[8.010s]                  from [01m[K/usr/include/pcl-1.10/pcl/point_traits.h:48[m[K,
[8.010s]                  from [01m[K/usr/include/pcl-1.10/pcl/register_point_struct.h:56[m[K,
[8.011s]                  from [01m[K/usr/include/pcl-1.10/pcl/point_types.h:44[m[K,
[8.011s]                  from [01m[K/home/korey/Desktop/lio_nav2/src/robot_bringup/src/point_deal.cpp:6[m[K:
[8.011s] [01m[K/home/korey/Desktop/lio_nav2/src/robot_bringup/src/point_deal.cpp:35:6:[m[K [01;35m[Kwarning: [m[K‘[01m[Kusing uint8_t = uint8_t[m[K’ is deprecated: use std::uint8_t instead of pcl::uint8_t [[01;35m[K-Wdeprecated-declarations[m[K]
[8.011s]    35 |     ([01;35m[Kuint8_t[m[K, ring, ring) (uint16_t, noise, noise) (uint32_t, range, range)
[8.011s]       |      [01;35m[K^~~~~~~[m[K
[8.011s] In file included from [01m[K/usr/include/pcl-1.10/pcl/point_types.h:42[m[K,
[8.011s]                  from [01m[K/home/korey/Desktop/lio_nav2/src/robot_bringup/src/point_deal.cpp:6[m[K:
[8.011s] [01m[K/usr/include/pcl-1.10/pcl/pcl_macros.h:92:9:[m[K [01;36m[Knote: [m[Kdeclared here
[8.011s]    92 |   using [01;36m[Kuint8_t[m[K [[deprecated("use std::uint8_t instead of pcl::uint8_t")]] = std::uint8_t;
[8.011s]       |         [01;36m[K^~~~~~~[m[K
[8.011s] In file included from [01m[K/usr/include/boost/preprocessor/tuple/elem.hpp:23[m[K,
[8.012s]                  from [01m[K/usr/include/boost/preprocessor/arithmetic/add.hpp:21[m[K,
[8.012s]                  from [01m[K/usr/include/boost/mpl/aux_/preprocessor/def_params_tail.hpp:66[m[K,
[8.012s]                  from [01m[K/usr/include/boost/mpl/aux_/na_spec.hpp:28[m[K,
[8.012s]                  from [01m[K/usr/include/boost/mpl/not.hpp:20[m[K,
[8.012s]                  from [01m[K/usr/include/boost/mpl/assert.hpp:17[m[K,
[8.012s]                  from [01m[K/usr/include/pcl-1.10/pcl/point_traits.h:48[m[K,
[8.012s]                  from [01m[K/usr/include/pcl-1.10/pcl/register_point_struct.h:56[m[K,
[8.012s]                  from [01m[K/usr/include/pcl-1.10/pcl/point_types.h:44[m[K,
[8.012s]                  from [01m[K/home/korey/Desktop/lio_nav2/src/robot_bringup/src/point_deal.cpp:6[m[K:
[8.012s] [01m[K/home/korey/Desktop/lio_nav2/src/robot_bringup/src/point_deal.cpp:35:28:[m[K [01;35m[Kwarning: [m[K‘[01m[Kusing uint16_t = uint16_t[m[K’ is deprecated: use std::uint16_t instead of pcl::uint16_t [[01;35m[K-Wdeprecated-declarations[m[K]
[8.013s]    35 |     (uint8_t, ring, ring) ([01;35m[Kuint16_t[m[K, noise, noise) (uint32_t, range, range)
[8.013s]       |                            [01;35m[K^~~~~~~~[m[K
[8.013s] In file included from [01m[K/usr/include/pcl-1.10/pcl/point_types.h:42[m[K,
[8.013s]                  from [01m[K/home/korey/Desktop/lio_nav2/src/robot_bringup/src/point_deal.cpp:6[m[K:
[8.013s] [01m[K/usr/include/pcl-1.10/pcl/pcl_macros.h:94:9:[m[K [01;36m[Knote: [m[Kdeclared here
[8.013s]    94 |   using [01;36m[Kuint16_t[m[K [[deprecated("use std::uint16_t instead of pcl::uint16_t")]] = std::uint16_t;
[8.013s]       |         [01;36m[K^~~~~~~~[m[K
[8.013s] In file included from [01m[K/usr/include/boost/preprocessor/tuple/elem.hpp:23[m[K,
[8.013s]                  from [01m[K/usr/include/boost/preprocessor/arithmetic/add.hpp:21[m[K,
[8.013s]                  from [01m[K/usr/include/boost/mpl/aux_/preprocessor/def_params_tail.hpp:66[m[K,
[8.013s]                  from [01m[K/usr/include/boost/mpl/aux_/na_spec.hpp:28[m[K,
[8.014s]                  from [01m[K/usr/include/boost/mpl/not.hpp:20[m[K,
[8.014s]                  from [01m[K/usr/include/boost/mpl/assert.hpp:17[m[K,
[8.014s]                  from [01m[K/usr/include/pcl-1.10/pcl/point_traits.h:48[m[K,
[8.014s]                  from [01m[K/usr/include/pcl-1.10/pcl/register_point_struct.h:56[m[K,
[8.014s]                  from [01m[K/usr/include/pcl-1.10/pcl/point_types.h:44[m[K,
[8.014s]                  from [01m[K/home/korey/Desktop/lio_nav2/src/robot_bringup/src/point_deal.cpp:6[m[K:
[8.014s] [01m[K/home/korey/Desktop/lio_nav2/src/robot_bringup/src/point_deal.cpp:35:53:[m[K [01;35m[Kwarning: [m[K‘[01m[Kusing uint32_t = uint32_t[m[K’ is deprecated: use std::uint32_t instead of pcl::uint32_t [[01;35m[K-Wdeprecated-declarations[m[K]
[8.014s]    35 |     (uint8_t, ring, ring) (uint16_t, noise, noise) ([01;35m[Kuint32_t[m[K, range, range)
[8.014s]       |                                                     [01;35m[K^~~~~~~~[m[K
[8.014s] In file included from [01m[K/usr/include/pcl-1.10/pcl/point_types.h:42[m[K,
[8.015s]                  from [01m[K/home/korey/Desktop/lio_nav2/src/robot_bringup/src/point_deal.cpp:6[m[K:
[8.015s] [01m[K/usr/include/pcl-1.10/pcl/pcl_macros.h:96:9:[m[K [01;36m[Knote: [m[Kdeclared here
[8.015s]    96 |   using [01;36m[Kuint32_t[m[K [[deprecated("use std::uint32_t instead of pcl::uint32_t")]] = std::uint32_t;
[8.015s]       |         [01;36m[K^~~~~~~~[m[K
[8.015s] [01m[K/home/korey/Desktop/lio_nav2/src/robot_bringup/src/point_deal.cpp:41:22:[m[K [01;35m[Kwarning: [m[Kextra ‘[01m[K;[m[K’ [[01;35m[K-Wpedantic[m[K]
[8.015s]    41 |     PCL_ADD_INTENSITY[01;35m[K;[m[K
[8.015s]       |                      [01;35m[K^[m[K
[8.015s]       |                      [31m[K-[m[K
[8.017s] In file included from [01m[K/usr/include/boost/preprocessor/tuple/elem.hpp:23[m[K,
[8.017s]                  from [01m[K/usr/include/boost/preprocessor/arithmetic/add.hpp:21[m[K,
[8.017s]                  from [01m[K/usr/include/boost/mpl/aux_/preprocessor/def_params_tail.hpp:66[m[K,
[8.017s]                  from [01m[K/usr/include/boost/mpl/aux_/na_spec.hpp:28[m[K,
[8.017s]                  from [01m[K/usr/include/boost/mpl/not.hpp:20[m[K,
[8.017s]                  from [01m[K/usr/include/boost/mpl/assert.hpp:17[m[K,
[8.017s]                  from [01m[K/usr/include/pcl-1.10/pcl/point_traits.h:48[m[K,
[8.017s]                  from [01m[K/usr/include/pcl-1.10/pcl/register_point_struct.h:56[m[K,
[8.017s]                  from [01m[K/usr/include/pcl-1.10/pcl/point_types.h:44[m[K,
[8.017s]                  from [01m[K/home/korey/Desktop/lio_nav2/src/robot_bringup/src/point_deal.cpp:6[m[K:
[8.017s] [01m[K/home/korey/Desktop/lio_nav2/src/robot_bringup/src/point_deal.cpp:48:6:[m[K [01;35m[Kwarning: [m[K‘[01m[Kusing uint16_t = uint16_t[m[K’ is deprecated: use std::uint16_t instead of pcl::uint16_t [[01;35m[K-Wdeprecated-declarations[m[K]
[8.017s]    48 |     ([01;35m[Kuint16_t[m[K, ring, ring) (float, time, time)
[8.018s]       |      [01;35m[K^~~~~~~~[m[K
[8.018s] In file included from [01m[K/usr/include/pcl-1.10/pcl/point_types.h:42[m[K,
[8.018s]                  from [01m[K/home/korey/Desktop/lio_nav2/src/robot_bringup/src/point_deal.cpp:6[m[K:
[8.018s] [01m[K/usr/include/pcl-1.10/pcl/pcl_macros.h:94:9:[m[K [01;36m[Knote: [m[Kdeclared here
[8.018s]    94 |   using [01;36m[Kuint16_t[m[K [[deprecated("use std::uint16_t instead of pcl::uint16_t")]] = std::uint16_t;
[8.018s]       |         [01;36m[K^~~~~~~~[m[K
[13.631s] [100%] [32m[1mLinking CXX executable point_deal[0m
[14.501s] [100%] Built target point_deal
[14.517s] Invoked command in '/home/korey/Desktop/lio_nav2/build/robot_bringup' returned '0': CMAKE_PREFIX_PATH=/opt/ros/foxy /home/korey/.local/bin/cmake --build /home/korey/Desktop/lio_nav2/build/robot_bringup -- -j12 -l12
[14.522s] Invoking command in '/home/korey/Desktop/lio_nav2/build/robot_bringup': CMAKE_PREFIX_PATH=/opt/ros/foxy /home/korey/.local/bin/cmake --install /home/korey/Desktop/lio_nav2/build/robot_bringup
[14.556s] -- Install configuration: ""
[14.556s] -- Installing: /home/korey/Desktop/lio_nav2/install/robot_bringup/lib/robot_bringup/point_deal
[14.561s] -- Set runtime path of "/home/korey/Desktop/lio_nav2/install/robot_bringup/lib/robot_bringup/point_deal" to ""
[14.561s] -- Installing: /home/korey/Desktop/lio_nav2/install/robot_bringup/share/robot_bringup/launch
[14.562s] -- Installing: /home/korey/Desktop/lio_nav2/install/robot_bringup/share/robot_bringup/launch/__pycache__
[14.562s] -- Installing: /home/korey/Desktop/lio_nav2/install/robot_bringup/share/robot_bringup/launch/__pycache__/bringup.launch.cpython-313.pyc
[14.562s] -- Installing: /home/korey/Desktop/lio_nav2/install/robot_bringup/share/robot_bringup/launch/__pycache__/bringup.launch.cpython-38.pyc
[14.562s] -- Installing: /home/korey/Desktop/lio_nav2/install/robot_bringup/share/robot_bringup/launch/bringup.launch.py
[14.563s] -- Installing: /home/korey/Desktop/lio_nav2/install/robot_bringup/share/robot_bringup/urdf
[14.563s] -- Installing: /home/korey/Desktop/lio_nav2/install/robot_bringup/share/robot_bringup/urdf/robo_car.urdf.xacro
[14.563s] -- Installing: /home/korey/Desktop/lio_nav2/install/robot_bringup/share/robot_bringup/world
[14.563s] -- Installing: /home/korey/Desktop/lio_nav2/install/robot_bringup/share/robot_bringup/world/my_world.world
[14.564s] -- Installing: /home/korey/Desktop/lio_nav2/install/robot_bringup/share/ament_index/resource_index/package_run_dependencies/robot_bringup
[14.564s] -- Installing: /home/korey/Desktop/lio_nav2/install/robot_bringup/share/ament_index/resource_index/parent_prefix_path/robot_bringup
[14.565s] -- Installing: /home/korey/Desktop/lio_nav2/install/robot_bringup/share/robot_bringup/environment/ament_prefix_path.sh
[14.565s] -- Installing: /home/korey/Desktop/lio_nav2/install/robot_bringup/share/robot_bringup/environment/ament_prefix_path.dsv
[14.565s] -- Installing: /home/korey/Desktop/lio_nav2/install/robot_bringup/share/robot_bringup/environment/path.sh
[14.565s] -- Installing: /home/korey/Desktop/lio_nav2/install/robot_bringup/share/robot_bringup/environment/path.dsv
[14.565s] -- Installing: /home/korey/Desktop/lio_nav2/install/robot_bringup/share/robot_bringup/local_setup.bash
[14.566s] -- Installing: /home/korey/Desktop/lio_nav2/install/robot_bringup/share/robot_bringup/local_setup.sh
[14.566s] -- Installing: /home/korey/Desktop/lio_nav2/install/robot_bringup/share/robot_bringup/local_setup.zsh
[14.566s] -- Installing: /home/korey/Desktop/lio_nav2/install/robot_bringup/share/robot_bringup/local_setup.dsv
[14.566s] -- Installing: /home/korey/Desktop/lio_nav2/install/robot_bringup/share/robot_bringup/package.dsv
[14.566s] -- Installing: /home/korey/Desktop/lio_nav2/install/robot_bringup/share/ament_index/resource_index/packages/robot_bringup
[14.567s] -- Installing: /home/korey/Desktop/lio_nav2/install/robot_bringup/share/robot_bringup/cmake/ament_cmake_export_dependencies-extras.cmake
[14.568s] -- Installing: /home/korey/Desktop/lio_nav2/install/robot_bringup/share/robot_bringup/cmake/robot_bringupConfig.cmake
[14.568s] -- Installing: /home/korey/Desktop/lio_nav2/install/robot_bringup/share/robot_bringup/cmake/robot_bringupConfig-version.cmake
[14.568s] -- Installing: /home/korey/Desktop/lio_nav2/install/robot_bringup/share/robot_bringup/package.xml
[14.580s] Invoked command in '/home/korey/Desktop/lio_nav2/build/robot_bringup' returned '0': CMAKE_PREFIX_PATH=/opt/ros/foxy /home/korey/.local/bin/cmake --install /home/korey/Desktop/lio_nav2/build/robot_bringup
