[0.369s] DEBUG:colcon:Command line arguments: ['/usr/bin/colcon', 'build']
[0.369s] DEBUG:colcon:Parsed command line arguments: Namespace(allow_overriding=[], ament_cmake_args=None, base_paths=['.'], build_base='build', catkin_cmake_args=None, catkin_skip_building_tests=False, cmake_args=None, cmake_clean_cache=False, cmake_clean_first=False, cmake_force_configure=False, cmake_target=None, cmake_target_skip_unavailable=False, continue_on_error=False, event_handlers=None, executor='parallel', ignore_user_meta=False, install_base='install', log_base=None, log_level=None, main=<bound method BuildVerb.main of <colcon_core.verb.build.BuildVerb object at 0x7fb10c419070>>, merge_install=False, metas=['./colcon.meta'], packages_above=None, packages_above_and_dependencies=None, packages_above_depth=None, packages_end=None, packages_ignore=None, packages_ignore_regex=None, packages_select=None, packages_select_build_failed=False, packages_select_by_dep=None, packages_select_regex=None, packages_select_test_failures=False, packages_skip=None, packages_skip_build_finished=False, packages_skip_by_dep=None, packages_skip_regex=None, packages_skip_test_passed=False, packages_skip_up_to=None, packages_start=None, packages_up_to=None, packages_up_to_regex=None, parallel_workers=12, paths=None, symlink_install=False, test_result_base=None, verb_extension=<colcon_core.verb.build.BuildVerb object at 0x7fb10c419070>, verb_name='build', verb_parser=<colcon_defaults.argument_parser.defaults.DefaultArgumentsDecorator object at 0x7fb10c2d2310>)
[0.419s] Level 1:colcon.colcon_core.package_discovery:discover_packages(colcon_meta) check parameters
[0.419s] Level 1:colcon.colcon_core.package_discovery:discover_packages(recursive) check parameters
[0.419s] Level 1:colcon.colcon_core.package_discovery:discover_packages(ignore) check parameters
[0.419s] Level 1:colcon.colcon_core.package_discovery:discover_packages(path) check parameters
[0.419s] Level 1:colcon.colcon_core.package_discovery:discover_packages(colcon_meta) discover
[0.419s] Level 1:colcon.colcon_core.package_discovery:discover_packages(recursive) discover
[0.419s] INFO:colcon.colcon_core.package_discovery:Crawling recursively for packages in '/home/korey/Desktop/lio_nav2'
[0.419s] Level 1:colcon.colcon_core.package_identification:_identify(.) by extensions ['ignore', 'ignore_ament_install']
[0.419s] Level 1:colcon.colcon_core.package_identification:_identify(.) by extension 'ignore'
[0.419s] Level 1:colcon.colcon_core.package_identification:_identify(.) by extension 'ignore_ament_install'
[0.419s] Level 1:colcon.colcon_core.package_identification:_identify(.) by extensions ['colcon_pkg']
[0.419s] Level 1:colcon.colcon_core.package_identification:_identify(.) by extension 'colcon_pkg'
[0.419s] Level 1:colcon.colcon_core.package_identification:_identify(.) by extensions ['colcon_meta']
[0.419s] Level 1:colcon.colcon_core.package_identification:_identify(.) by extension 'colcon_meta'
[0.419s] Level 1:colcon.colcon_core.package_identification:_identify(.) by extensions ['ros']
[0.419s] Level 1:colcon.colcon_core.package_identification:_identify(.) by extension 'ros'
[0.433s] Level 1:colcon.colcon_core.package_identification:_identify(.) by extensions ['cmake', 'python']
[0.433s] Level 1:colcon.colcon_core.package_identification:_identify(.) by extension 'cmake'
[0.433s] Level 1:colcon.colcon_core.package_identification:_identify(.) by extension 'python'
[0.433s] Level 1:colcon.colcon_core.package_identification:_identify(.) by extensions ['python_setup_py']
[0.433s] Level 1:colcon.colcon_core.package_identification:_identify(.) by extension 'python_setup_py'
[0.433s] Level 1:colcon.colcon_core.package_identification:_identify(build) by extensions ['ignore', 'ignore_ament_install']
[0.434s] Level 1:colcon.colcon_core.package_identification:_identify(build) by extension 'ignore'
[0.434s] Level 1:colcon.colcon_core.package_identification:_identify(build) ignored
[0.434s] Level 1:colcon.colcon_core.package_identification:_identify(docs) by extensions ['ignore', 'ignore_ament_install']
[0.434s] Level 1:colcon.colcon_core.package_identification:_identify(docs) by extension 'ignore'
[0.434s] Level 1:colcon.colcon_core.package_identification:_identify(docs) by extension 'ignore_ament_install'
[0.434s] Level 1:colcon.colcon_core.package_identification:_identify(docs) by extensions ['colcon_pkg']
[0.434s] Level 1:colcon.colcon_core.package_identification:_identify(docs) by extension 'colcon_pkg'
[0.434s] Level 1:colcon.colcon_core.package_identification:_identify(docs) by extensions ['colcon_meta']
[0.434s] Level 1:colcon.colcon_core.package_identification:_identify(docs) by extension 'colcon_meta'
[0.434s] Level 1:colcon.colcon_core.package_identification:_identify(docs) by extensions ['ros']
[0.434s] Level 1:colcon.colcon_core.package_identification:_identify(docs) by extension 'ros'
[0.434s] Level 1:colcon.colcon_core.package_identification:_identify(docs) by extensions ['cmake', 'python']
[0.434s] Level 1:colcon.colcon_core.package_identification:_identify(docs) by extension 'cmake'
[0.434s] Level 1:colcon.colcon_core.package_identification:_identify(docs) by extension 'python'
[0.434s] Level 1:colcon.colcon_core.package_identification:_identify(docs) by extensions ['python_setup_py']
[0.434s] Level 1:colcon.colcon_core.package_identification:_identify(docs) by extension 'python_setup_py'
[0.434s] Level 1:colcon.colcon_core.package_identification:_identify(install) by extensions ['ignore', 'ignore_ament_install']
[0.434s] Level 1:colcon.colcon_core.package_identification:_identify(install) by extension 'ignore'
[0.434s] Level 1:colcon.colcon_core.package_identification:_identify(install) ignored
[0.435s] Level 1:colcon.colcon_core.package_identification:_identify(log) by extensions ['ignore', 'ignore_ament_install']
[0.435s] Level 1:colcon.colcon_core.package_identification:_identify(log) by extension 'ignore'
[0.435s] Level 1:colcon.colcon_core.package_identification:_identify(log) ignored
[0.435s] Level 1:colcon.colcon_core.package_identification:_identify(maps) by extensions ['ignore', 'ignore_ament_install']
[0.435s] Level 1:colcon.colcon_core.package_identification:_identify(maps) by extension 'ignore'
[0.435s] Level 1:colcon.colcon_core.package_identification:_identify(maps) by extension 'ignore_ament_install'
[0.435s] Level 1:colcon.colcon_core.package_identification:_identify(maps) by extensions ['colcon_pkg']
[0.435s] Level 1:colcon.colcon_core.package_identification:_identify(maps) by extension 'colcon_pkg'
[0.435s] Level 1:colcon.colcon_core.package_identification:_identify(maps) by extensions ['colcon_meta']
[0.435s] Level 1:colcon.colcon_core.package_identification:_identify(maps) by extension 'colcon_meta'
[0.435s] Level 1:colcon.colcon_core.package_identification:_identify(maps) by extensions ['ros']
[0.435s] Level 1:colcon.colcon_core.package_identification:_identify(maps) by extension 'ros'
[0.435s] Level 1:colcon.colcon_core.package_identification:_identify(maps) by extensions ['cmake', 'python']
[0.435s] Level 1:colcon.colcon_core.package_identification:_identify(maps) by extension 'cmake'
[0.435s] Level 1:colcon.colcon_core.package_identification:_identify(maps) by extension 'python'
[0.435s] Level 1:colcon.colcon_core.package_identification:_identify(maps) by extensions ['python_setup_py']
[0.435s] Level 1:colcon.colcon_core.package_identification:_identify(maps) by extension 'python_setup_py'
[0.435s] Level 1:colcon.colcon_core.package_identification:_identify(maps/lio_sam_map) by extensions ['ignore', 'ignore_ament_install']
[0.435s] Level 1:colcon.colcon_core.package_identification:_identify(maps/lio_sam_map) by extension 'ignore'
[0.435s] Level 1:colcon.colcon_core.package_identification:_identify(maps/lio_sam_map) by extension 'ignore_ament_install'
[0.435s] Level 1:colcon.colcon_core.package_identification:_identify(maps/lio_sam_map) by extensions ['colcon_pkg']
[0.435s] Level 1:colcon.colcon_core.package_identification:_identify(maps/lio_sam_map) by extension 'colcon_pkg'
[0.435s] Level 1:colcon.colcon_core.package_identification:_identify(maps/lio_sam_map) by extensions ['colcon_meta']
[0.435s] Level 1:colcon.colcon_core.package_identification:_identify(maps/lio_sam_map) by extension 'colcon_meta'
[0.436s] Level 1:colcon.colcon_core.package_identification:_identify(maps/lio_sam_map) by extensions ['ros']
[0.436s] Level 1:colcon.colcon_core.package_identification:_identify(maps/lio_sam_map) by extension 'ros'
[0.436s] Level 1:colcon.colcon_core.package_identification:_identify(maps/lio_sam_map) by extensions ['cmake', 'python']
[0.436s] Level 1:colcon.colcon_core.package_identification:_identify(maps/lio_sam_map) by extension 'cmake'
[0.436s] Level 1:colcon.colcon_core.package_identification:_identify(maps/lio_sam_map) by extension 'python'
[0.436s] Level 1:colcon.colcon_core.package_identification:_identify(maps/lio_sam_map) by extensions ['python_setup_py']
[0.436s] Level 1:colcon.colcon_core.package_identification:_identify(maps/lio_sam_map) by extension 'python_setup_py'
[0.436s] Level 1:colcon.colcon_core.package_identification:_identify(scripts) by extensions ['ignore', 'ignore_ament_install']
[0.436s] Level 1:colcon.colcon_core.package_identification:_identify(scripts) by extension 'ignore'
[0.436s] Level 1:colcon.colcon_core.package_identification:_identify(scripts) by extension 'ignore_ament_install'
[0.436s] Level 1:colcon.colcon_core.package_identification:_identify(scripts) by extensions ['colcon_pkg']
[0.436s] Level 1:colcon.colcon_core.package_identification:_identify(scripts) by extension 'colcon_pkg'
[0.436s] Level 1:colcon.colcon_core.package_identification:_identify(scripts) by extensions ['colcon_meta']
[0.436s] Level 1:colcon.colcon_core.package_identification:_identify(scripts) by extension 'colcon_meta'
[0.436s] Level 1:colcon.colcon_core.package_identification:_identify(scripts) by extensions ['ros']
[0.436s] Level 1:colcon.colcon_core.package_identification:_identify(scripts) by extension 'ros'
[0.436s] Level 1:colcon.colcon_core.package_identification:_identify(scripts) by extensions ['cmake', 'python']
[0.436s] Level 1:colcon.colcon_core.package_identification:_identify(scripts) by extension 'cmake'
[0.436s] Level 1:colcon.colcon_core.package_identification:_identify(scripts) by extension 'python'
[0.436s] Level 1:colcon.colcon_core.package_identification:_identify(scripts) by extensions ['python_setup_py']
[0.436s] Level 1:colcon.colcon_core.package_identification:_identify(scripts) by extension 'python_setup_py'
[0.436s] Level 1:colcon.colcon_core.package_identification:_identify(src) by extensions ['ignore', 'ignore_ament_install']
[0.436s] Level 1:colcon.colcon_core.package_identification:_identify(src) by extension 'ignore'
[0.436s] Level 1:colcon.colcon_core.package_identification:_identify(src) by extension 'ignore_ament_install'
[0.437s] Level 1:colcon.colcon_core.package_identification:_identify(src) by extensions ['colcon_pkg']
[0.437s] Level 1:colcon.colcon_core.package_identification:_identify(src) by extension 'colcon_pkg'
[0.437s] Level 1:colcon.colcon_core.package_identification:_identify(src) by extensions ['colcon_meta']
[0.437s] Level 1:colcon.colcon_core.package_identification:_identify(src) by extension 'colcon_meta'
[0.437s] Level 1:colcon.colcon_core.package_identification:_identify(src) by extensions ['ros']
[0.437s] Level 1:colcon.colcon_core.package_identification:_identify(src) by extension 'ros'
[0.437s] Level 1:colcon.colcon_core.package_identification:_identify(src) by extensions ['cmake', 'python']
[0.437s] Level 1:colcon.colcon_core.package_identification:_identify(src) by extension 'cmake'
[0.437s] Level 1:colcon.colcon_core.package_identification:_identify(src) by extension 'python'
[0.437s] Level 1:colcon.colcon_core.package_identification:_identify(src) by extensions ['python_setup_py']
[0.437s] Level 1:colcon.colcon_core.package_identification:_identify(src) by extension 'python_setup_py'
[0.437s] Level 1:colcon.colcon_core.package_identification:_identify(src/LIO-SAM) by extensions ['ignore', 'ignore_ament_install']
[0.437s] Level 1:colcon.colcon_core.package_identification:_identify(src/LIO-SAM) by extension 'ignore'
[0.437s] Level 1:colcon.colcon_core.package_identification:_identify(src/LIO-SAM) by extension 'ignore_ament_install'
[0.437s] Level 1:colcon.colcon_core.package_identification:_identify(src/LIO-SAM) by extensions ['colcon_pkg']
[0.437s] Level 1:colcon.colcon_core.package_identification:_identify(src/LIO-SAM) by extension 'colcon_pkg'
[0.437s] Level 1:colcon.colcon_core.package_identification:_identify(src/LIO-SAM) by extensions ['colcon_meta']
[0.437s] Level 1:colcon.colcon_core.package_identification:_identify(src/LIO-SAM) by extension 'colcon_meta'
[0.437s] Level 1:colcon.colcon_core.package_identification:_identify(src/LIO-SAM) by extensions ['ros']
[0.437s] Level 1:colcon.colcon_core.package_identification:_identify(src/LIO-SAM) by extension 'ros'
[0.440s] DEBUG:colcon.colcon_core.package_identification:Package 'src/LIO-SAM' with type 'ros.ament_cmake' and name 'lio_sam_op'
[0.440s] Level 1:colcon.colcon_core.package_identification:_identify(src/pointcloud_to_laserscan) by extensions ['ignore', 'ignore_ament_install']
[0.440s] Level 1:colcon.colcon_core.package_identification:_identify(src/pointcloud_to_laserscan) by extension 'ignore'
[0.440s] Level 1:colcon.colcon_core.package_identification:_identify(src/pointcloud_to_laserscan) by extension 'ignore_ament_install'
[0.440s] Level 1:colcon.colcon_core.package_identification:_identify(src/pointcloud_to_laserscan) by extensions ['colcon_pkg']
[0.440s] Level 1:colcon.colcon_core.package_identification:_identify(src/pointcloud_to_laserscan) by extension 'colcon_pkg'
[0.440s] Level 1:colcon.colcon_core.package_identification:_identify(src/pointcloud_to_laserscan) by extensions ['colcon_meta']
[0.440s] Level 1:colcon.colcon_core.package_identification:_identify(src/pointcloud_to_laserscan) by extension 'colcon_meta'
[0.440s] Level 1:colcon.colcon_core.package_identification:_identify(src/pointcloud_to_laserscan) by extensions ['ros']
[0.440s] Level 1:colcon.colcon_core.package_identification:_identify(src/pointcloud_to_laserscan) by extension 'ros'
[0.442s] DEBUG:colcon.colcon_core.package_identification:Package 'src/pointcloud_to_laserscan' with type 'ros.ament_cmake' and name 'pointcloud_to_laserscan'
[0.442s] Level 1:colcon.colcon_core.package_identification:_identify(src/robot_bringup) by extensions ['ignore', 'ignore_ament_install']
[0.442s] Level 1:colcon.colcon_core.package_identification:_identify(src/robot_bringup) by extension 'ignore'
[0.442s] Level 1:colcon.colcon_core.package_identification:_identify(src/robot_bringup) by extension 'ignore_ament_install'
[0.442s] Level 1:colcon.colcon_core.package_identification:_identify(src/robot_bringup) by extensions ['colcon_pkg']
[0.442s] Level 1:colcon.colcon_core.package_identification:_identify(src/robot_bringup) by extension 'colcon_pkg'
[0.442s] Level 1:colcon.colcon_core.package_identification:_identify(src/robot_bringup) by extensions ['colcon_meta']
[0.442s] Level 1:colcon.colcon_core.package_identification:_identify(src/robot_bringup) by extension 'colcon_meta'
[0.442s] Level 1:colcon.colcon_core.package_identification:_identify(src/robot_bringup) by extensions ['ros']
[0.442s] Level 1:colcon.colcon_core.package_identification:_identify(src/robot_bringup) by extension 'ros'
[0.443s] DEBUG:colcon.colcon_core.package_identification:Package 'src/robot_bringup' with type 'ros.ament_cmake' and name 'robot_bringup'
[0.443s] Level 1:colcon.colcon_core.package_identification:_identify(src/robot_navigation2) by extensions ['ignore', 'ignore_ament_install']
[0.443s] Level 1:colcon.colcon_core.package_identification:_identify(src/robot_navigation2) by extension 'ignore'
[0.443s] Level 1:colcon.colcon_core.package_identification:_identify(src/robot_navigation2) by extension 'ignore_ament_install'
[0.444s] Level 1:colcon.colcon_core.package_identification:_identify(src/robot_navigation2) by extensions ['colcon_pkg']
[0.444s] Level 1:colcon.colcon_core.package_identification:_identify(src/robot_navigation2) by extension 'colcon_pkg'
[0.444s] Level 1:colcon.colcon_core.package_identification:_identify(src/robot_navigation2) by extensions ['colcon_meta']
[0.444s] Level 1:colcon.colcon_core.package_identification:_identify(src/robot_navigation2) by extension 'colcon_meta'
[0.444s] Level 1:colcon.colcon_core.package_identification:_identify(src/robot_navigation2) by extensions ['ros']
[0.444s] Level 1:colcon.colcon_core.package_identification:_identify(src/robot_navigation2) by extension 'ros'
[0.445s] DEBUG:colcon.colcon_core.package_identification:Package 'src/robot_navigation2' with type 'ros.ament_cmake' and name 'robot_navigation2'
[0.445s] Level 1:colcon.colcon_core.package_identification:_identify(tools) by extensions ['ignore', 'ignore_ament_install']
[0.445s] Level 1:colcon.colcon_core.package_identification:_identify(tools) by extension 'ignore'
[0.445s] Level 1:colcon.colcon_core.package_identification:_identify(tools) by extension 'ignore_ament_install'
[0.445s] Level 1:colcon.colcon_core.package_identification:_identify(tools) by extensions ['colcon_pkg']
[0.445s] Level 1:colcon.colcon_core.package_identification:_identify(tools) by extension 'colcon_pkg'
[0.445s] Level 1:colcon.colcon_core.package_identification:_identify(tools) by extensions ['colcon_meta']
[0.445s] Level 1:colcon.colcon_core.package_identification:_identify(tools) by extension 'colcon_meta'
[0.445s] Level 1:colcon.colcon_core.package_identification:_identify(tools) by extensions ['ros']
[0.445s] Level 1:colcon.colcon_core.package_identification:_identify(tools) by extension 'ros'
[0.445s] Level 1:colcon.colcon_core.package_identification:_identify(tools) by extensions ['cmake', 'python']
[0.445s] Level 1:colcon.colcon_core.package_identification:_identify(tools) by extension 'cmake'
[0.445s] Level 1:colcon.colcon_core.package_identification:_identify(tools) by extension 'python'
[0.446s] Level 1:colcon.colcon_core.package_identification:_identify(tools) by extensions ['python_setup_py']
[0.446s] Level 1:colcon.colcon_core.package_identification:_identify(tools) by extension 'python_setup_py'
[0.446s] Level 1:colcon.colcon_core.package_identification:_identify(tools/__pycache__) by extensions ['ignore', 'ignore_ament_install']
[0.446s] Level 1:colcon.colcon_core.package_identification:_identify(tools/__pycache__) by extension 'ignore'
[0.446s] Level 1:colcon.colcon_core.package_identification:_identify(tools/__pycache__) by extension 'ignore_ament_install'
[0.446s] Level 1:colcon.colcon_core.package_identification:_identify(tools/__pycache__) by extensions ['colcon_pkg']
[0.446s] Level 1:colcon.colcon_core.package_identification:_identify(tools/__pycache__) by extension 'colcon_pkg'
[0.446s] Level 1:colcon.colcon_core.package_identification:_identify(tools/__pycache__) by extensions ['colcon_meta']
[0.446s] Level 1:colcon.colcon_core.package_identification:_identify(tools/__pycache__) by extension 'colcon_meta'
[0.446s] Level 1:colcon.colcon_core.package_identification:_identify(tools/__pycache__) by extensions ['ros']
[0.446s] Level 1:colcon.colcon_core.package_identification:_identify(tools/__pycache__) by extension 'ros'
[0.446s] Level 1:colcon.colcon_core.package_identification:_identify(tools/__pycache__) by extensions ['cmake', 'python']
[0.446s] Level 1:colcon.colcon_core.package_identification:_identify(tools/__pycache__) by extension 'cmake'
[0.446s] Level 1:colcon.colcon_core.package_identification:_identify(tools/__pycache__) by extension 'python'
[0.446s] Level 1:colcon.colcon_core.package_identification:_identify(tools/__pycache__) by extensions ['python_setup_py']
[0.446s] Level 1:colcon.colcon_core.package_identification:_identify(tools/__pycache__) by extension 'python_setup_py'
[0.447s] Level 1:colcon.colcon_core.package_discovery:discover_packages(recursive) using defaults
[0.447s] Level 1:colcon.colcon_core.package_discovery:discover_packages(ignore) discover
[0.447s] Level 1:colcon.colcon_core.package_discovery:discover_packages(ignore) using defaults
[0.447s] Level 1:colcon.colcon_core.package_discovery:discover_packages(path) discover
[0.447s] Level 1:colcon.colcon_core.package_discovery:discover_packages(path) using defaults
[0.471s] Level 1:colcon.colcon_core.package_discovery:discover_packages(prefix_path) check parameters
[0.472s] Level 1:colcon.colcon_core.package_discovery:discover_packages(prefix_path) discover
[0.476s] DEBUG:colcon.colcon_installed_package_information.package_discovery:Found 328 installed packages in /opt/ros/foxy
[0.478s] Level 1:colcon.colcon_core.package_discovery:discover_packages(prefix_path) using defaults
[0.598s] Level 5:colcon.colcon_core.verb:set package 'lio_sam_op' build argument 'cmake_args' from command line to 'None'
[0.599s] Level 5:colcon.colcon_core.verb:set package 'lio_sam_op' build argument 'cmake_target' from command line to 'None'
[0.599s] Level 5:colcon.colcon_core.verb:set package 'lio_sam_op' build argument 'cmake_target_skip_unavailable' from command line to 'False'
[0.599s] Level 5:colcon.colcon_core.verb:set package 'lio_sam_op' build argument 'cmake_clean_cache' from command line to 'False'
[0.599s] Level 5:colcon.colcon_core.verb:set package 'lio_sam_op' build argument 'cmake_clean_first' from command line to 'False'
[0.599s] Level 5:colcon.colcon_core.verb:set package 'lio_sam_op' build argument 'cmake_force_configure' from command line to 'False'
[0.599s] Level 5:colcon.colcon_core.verb:set package 'lio_sam_op' build argument 'ament_cmake_args' from command line to 'None'
[0.599s] Level 5:colcon.colcon_core.verb:set package 'lio_sam_op' build argument 'catkin_cmake_args' from command line to 'None'
[0.599s] Level 5:colcon.colcon_core.verb:set package 'lio_sam_op' build argument 'catkin_skip_building_tests' from command line to 'False'
[0.599s] DEBUG:colcon.colcon_core.verb:Building package 'lio_sam_op' with the following arguments: {'ament_cmake_args': None, 'build_base': '/home/korey/Desktop/lio_nav2/build/lio_sam_op', 'catkin_cmake_args': None, 'catkin_skip_building_tests': False, 'cmake_args': None, 'cmake_clean_cache': False, 'cmake_clean_first': False, 'cmake_force_configure': False, 'cmake_target': None, 'cmake_target_skip_unavailable': False, 'install_base': '/home/korey/Desktop/lio_nav2/install/lio_sam_op', 'merge_install': False, 'path': '/home/korey/Desktop/lio_nav2/src/LIO-SAM', 'symlink_install': False, 'test_result_base': None}
[0.599s] Level 5:colcon.colcon_core.verb:set package 'pointcloud_to_laserscan' build argument 'cmake_args' from command line to 'None'
[0.599s] Level 5:colcon.colcon_core.verb:set package 'pointcloud_to_laserscan' build argument 'cmake_target' from command line to 'None'
[0.599s] Level 5:colcon.colcon_core.verb:set package 'pointcloud_to_laserscan' build argument 'cmake_target_skip_unavailable' from command line to 'False'
[0.599s] Level 5:colcon.colcon_core.verb:set package 'pointcloud_to_laserscan' build argument 'cmake_clean_cache' from command line to 'False'
[0.599s] Level 5:colcon.colcon_core.verb:set package 'pointcloud_to_laserscan' build argument 'cmake_clean_first' from command line to 'False'
[0.599s] Level 5:colcon.colcon_core.verb:set package 'pointcloud_to_laserscan' build argument 'cmake_force_configure' from command line to 'False'
[0.599s] Level 5:colcon.colcon_core.verb:set package 'pointcloud_to_laserscan' build argument 'ament_cmake_args' from command line to 'None'
[0.599s] Level 5:colcon.colcon_core.verb:set package 'pointcloud_to_laserscan' build argument 'catkin_cmake_args' from command line to 'None'
[0.599s] Level 5:colcon.colcon_core.verb:set package 'pointcloud_to_laserscan' build argument 'catkin_skip_building_tests' from command line to 'False'
[0.599s] DEBUG:colcon.colcon_core.verb:Building package 'pointcloud_to_laserscan' with the following arguments: {'ament_cmake_args': None, 'build_base': '/home/korey/Desktop/lio_nav2/build/pointcloud_to_laserscan', 'catkin_cmake_args': None, 'catkin_skip_building_tests': False, 'cmake_args': None, 'cmake_clean_cache': False, 'cmake_clean_first': False, 'cmake_force_configure': False, 'cmake_target': None, 'cmake_target_skip_unavailable': False, 'install_base': '/home/korey/Desktop/lio_nav2/install/pointcloud_to_laserscan', 'merge_install': False, 'path': '/home/korey/Desktop/lio_nav2/src/pointcloud_to_laserscan', 'symlink_install': False, 'test_result_base': None}
[0.600s] Level 5:colcon.colcon_core.verb:set package 'robot_bringup' build argument 'cmake_args' from command line to 'None'
[0.600s] Level 5:colcon.colcon_core.verb:set package 'robot_bringup' build argument 'cmake_target' from command line to 'None'
[0.600s] Level 5:colcon.colcon_core.verb:set package 'robot_bringup' build argument 'cmake_target_skip_unavailable' from command line to 'False'
[0.600s] Level 5:colcon.colcon_core.verb:set package 'robot_bringup' build argument 'cmake_clean_cache' from command line to 'False'
[0.600s] Level 5:colcon.colcon_core.verb:set package 'robot_bringup' build argument 'cmake_clean_first' from command line to 'False'
[0.600s] Level 5:colcon.colcon_core.verb:set package 'robot_bringup' build argument 'cmake_force_configure' from command line to 'False'
[0.600s] Level 5:colcon.colcon_core.verb:set package 'robot_bringup' build argument 'ament_cmake_args' from command line to 'None'
[0.600s] Level 5:colcon.colcon_core.verb:set package 'robot_bringup' build argument 'catkin_cmake_args' from command line to 'None'
[0.600s] Level 5:colcon.colcon_core.verb:set package 'robot_bringup' build argument 'catkin_skip_building_tests' from command line to 'False'
[0.600s] DEBUG:colcon.colcon_core.verb:Building package 'robot_bringup' with the following arguments: {'ament_cmake_args': None, 'build_base': '/home/korey/Desktop/lio_nav2/build/robot_bringup', 'catkin_cmake_args': None, 'catkin_skip_building_tests': False, 'cmake_args': None, 'cmake_clean_cache': False, 'cmake_clean_first': False, 'cmake_force_configure': False, 'cmake_target': None, 'cmake_target_skip_unavailable': False, 'install_base': '/home/korey/Desktop/lio_nav2/install/robot_bringup', 'merge_install': False, 'path': '/home/korey/Desktop/lio_nav2/src/robot_bringup', 'symlink_install': False, 'test_result_base': None}
[0.600s] Level 5:colcon.colcon_core.verb:set package 'robot_navigation2' build argument 'cmake_args' from command line to 'None'
[0.600s] Level 5:colcon.colcon_core.verb:set package 'robot_navigation2' build argument 'cmake_target' from command line to 'None'
[0.600s] Level 5:colcon.colcon_core.verb:set package 'robot_navigation2' build argument 'cmake_target_skip_unavailable' from command line to 'False'
[0.600s] Level 5:colcon.colcon_core.verb:set package 'robot_navigation2' build argument 'cmake_clean_cache' from command line to 'False'
[0.600s] Level 5:colcon.colcon_core.verb:set package 'robot_navigation2' build argument 'cmake_clean_first' from command line to 'False'
[0.600s] Level 5:colcon.colcon_core.verb:set package 'robot_navigation2' build argument 'cmake_force_configure' from command line to 'False'
[0.600s] Level 5:colcon.colcon_core.verb:set package 'robot_navigation2' build argument 'ament_cmake_args' from command line to 'None'
[0.600s] Level 5:colcon.colcon_core.verb:set package 'robot_navigation2' build argument 'catkin_cmake_args' from command line to 'None'
[0.600s] Level 5:colcon.colcon_core.verb:set package 'robot_navigation2' build argument 'catkin_skip_building_tests' from command line to 'False'
[0.600s] DEBUG:colcon.colcon_core.verb:Building package 'robot_navigation2' with the following arguments: {'ament_cmake_args': None, 'build_base': '/home/korey/Desktop/lio_nav2/build/robot_navigation2', 'catkin_cmake_args': None, 'catkin_skip_building_tests': False, 'cmake_args': None, 'cmake_clean_cache': False, 'cmake_clean_first': False, 'cmake_force_configure': False, 'cmake_target': None, 'cmake_target_skip_unavailable': False, 'install_base': '/home/korey/Desktop/lio_nav2/install/robot_navigation2', 'merge_install': False, 'path': '/home/korey/Desktop/lio_nav2/src/robot_navigation2', 'symlink_install': False, 'test_result_base': None}
[0.600s] INFO:colcon.colcon_core.executor:Executing jobs using 'parallel' executor
[0.601s] DEBUG:colcon.colcon_parallel_executor.executor.parallel:run_until_complete
[0.602s] INFO:colcon.colcon_ros.task.ament_cmake.build:Building ROS package in '/home/korey/Desktop/lio_nav2/src/LIO-SAM' with build type 'ament_cmake'
[0.602s] INFO:colcon.colcon_cmake.task.cmake.build:Building CMake package in '/home/korey/Desktop/lio_nav2/src/LIO-SAM'
[0.606s] INFO:colcon.colcon_core.plugin_system:Skipping extension 'colcon_core.shell.bat': Not used on non-Windows systems
[0.606s] INFO:colcon.colcon_core.shell:Skip shell extension 'powershell' for command environment: Not usable outside of PowerShell
[0.606s] DEBUG:colcon.colcon_core.shell:Skip shell extension 'dsv' for command environment
[0.614s] INFO:colcon.colcon_ros.task.ament_cmake.build:Building ROS package in '/home/korey/Desktop/lio_nav2/src/pointcloud_to_laserscan' with build type 'ament_cmake'
[0.614s] INFO:colcon.colcon_cmake.task.cmake.build:Building CMake package in '/home/korey/Desktop/lio_nav2/src/pointcloud_to_laserscan'
[0.615s] INFO:colcon.colcon_core.shell:Skip shell extension 'powershell' for command environment: Not usable outside of PowerShell
[0.615s] DEBUG:colcon.colcon_core.shell:Skip shell extension 'dsv' for command environment
[0.621s] INFO:colcon.colcon_ros.task.ament_cmake.build:Building ROS package in '/home/korey/Desktop/lio_nav2/src/robot_bringup' with build type 'ament_cmake'
[0.621s] INFO:colcon.colcon_cmake.task.cmake.build:Building CMake package in '/home/korey/Desktop/lio_nav2/src/robot_bringup'
[0.621s] INFO:colcon.colcon_core.shell:Skip shell extension 'powershell' for command environment: Not usable outside of PowerShell
[0.622s] DEBUG:colcon.colcon_core.shell:Skip shell extension 'dsv' for command environment
[0.628s] INFO:colcon.colcon_ros.task.ament_cmake.build:Building ROS package in '/home/korey/Desktop/lio_nav2/src/robot_navigation2' with build type 'ament_cmake'
[0.628s] INFO:colcon.colcon_cmake.task.cmake.build:Building CMake package in '/home/korey/Desktop/lio_nav2/src/robot_navigation2'
[0.629s] INFO:colcon.colcon_core.shell:Skip shell extension 'powershell' for command environment: Not usable outside of PowerShell
[0.629s] DEBUG:colcon.colcon_core.shell:Skip shell extension 'dsv' for command environment
[0.640s] DEBUG:colcon.colcon_core.event_handler.log_command:Invoking command in '/home/korey/Desktop/lio_nav2/build/lio_sam_op': CMAKE_PREFIX_PATH=/opt/ros/foxy /home/korey/.local/bin/cmake --build /home/korey/Desktop/lio_nav2/build/lio_sam_op -- -j12 -l12
[0.653s] DEBUG:colcon.colcon_core.event_handler.log_command:Invoking command in '/home/korey/Desktop/lio_nav2/build/pointcloud_to_laserscan': CMAKE_PREFIX_PATH=/opt/ros/foxy /home/korey/.local/bin/cmake --build /home/korey/Desktop/lio_nav2/build/pointcloud_to_laserscan -- -j12 -l12
[0.660s] DEBUG:colcon.colcon_core.event_handler.log_command:Invoking command in '/home/korey/Desktop/lio_nav2/build/robot_bringup': CMAKE_PREFIX_PATH=/opt/ros/foxy /home/korey/.local/bin/cmake --build /home/korey/Desktop/lio_nav2/build/robot_bringup -- -j12 -l12
[0.665s] DEBUG:colcon.colcon_core.event_handler.log_command:Invoking command in '/home/korey/Desktop/lio_nav2/build/robot_navigation2': CMAKE_PREFIX_PATH=/opt/ros/foxy /home/korey/.local/bin/cmake --build /home/korey/Desktop/lio_nav2/build/robot_navigation2 -- -j12 -l12
[0.722s] DEBUG:colcon.colcon_core.event_handler.log_command:Invoked command in '/home/korey/Desktop/lio_nav2/build/robot_navigation2' returned '0': CMAKE_PREFIX_PATH=/opt/ros/foxy /home/korey/.local/bin/cmake --build /home/korey/Desktop/lio_nav2/build/robot_navigation2 -- -j12 -l12
[0.758s] DEBUG:colcon.colcon_core.event_handler.log_command:Invoking command in '/home/korey/Desktop/lio_nav2/build/robot_navigation2': CMAKE_PREFIX_PATH=/opt/ros/foxy /home/korey/.local/bin/cmake --install /home/korey/Desktop/lio_nav2/build/robot_navigation2
[0.787s] DEBUG:colcon.colcon_core.event_handler.log_command:Invoked command in '/home/korey/Desktop/lio_nav2/build/robot_bringup' returned '0': CMAKE_PREFIX_PATH=/opt/ros/foxy /home/korey/.local/bin/cmake --build /home/korey/Desktop/lio_nav2/build/robot_bringup -- -j12 -l12
[0.788s] DEBUG:colcon.colcon_core.event_handler.log_command:Invoking command in '/home/korey/Desktop/lio_nav2/build/robot_bringup': CMAKE_PREFIX_PATH=/opt/ros/foxy /home/korey/.local/bin/cmake --install /home/korey/Desktop/lio_nav2/build/robot_bringup
[0.823s] Level 1:colcon.colcon_core.environment:create_environment_scripts_only(robot_bringup)
[0.829s] DEBUG:colcon.colcon_core.event_handler.log_command:Invoked command in '/home/korey/Desktop/lio_nav2/build/robot_bringup' returned '0': CMAKE_PREFIX_PATH=/opt/ros/foxy /home/korey/.local/bin/cmake --install /home/korey/Desktop/lio_nav2/build/robot_bringup
[0.834s] Level 1:colcon.colcon_core.environment:checking '/home/korey/Desktop/lio_nav2/install/robot_bringup' for CMake module files
[0.835s] Level 1:colcon.colcon_core.environment:checking '/home/korey/Desktop/lio_nav2/install/robot_bringup' for CMake config files
[0.836s] Level 1:colcon.colcon_core.shell:create_environment_hook('robot_bringup', 'cmake_prefix_path')
[0.837s] INFO:colcon.colcon_core.shell:Creating environment hook '/home/korey/Desktop/lio_nav2/install/robot_bringup/share/robot_bringup/hook/cmake_prefix_path.ps1'
[0.838s] INFO:colcon.colcon_core.shell:Creating environment descriptor '/home/korey/Desktop/lio_nav2/install/robot_bringup/share/robot_bringup/hook/cmake_prefix_path.dsv'
[0.838s] INFO:colcon.colcon_core.shell:Creating environment hook '/home/korey/Desktop/lio_nav2/install/robot_bringup/share/robot_bringup/hook/cmake_prefix_path.sh'
[0.839s] Level 1:colcon.colcon_core.environment:checking '/home/korey/Desktop/lio_nav2/install/robot_bringup/lib'
[0.839s] Level 1:colcon.colcon_core.environment:checking '/home/korey/Desktop/lio_nav2/install/robot_bringup/bin'
[0.839s] Level 1:colcon.colcon_core.environment:checking '/home/korey/Desktop/lio_nav2/install/robot_bringup/lib/pkgconfig/robot_bringup.pc'
[0.840s] Level 1:colcon.colcon_core.environment:checking '/home/korey/Desktop/lio_nav2/install/robot_bringup/lib/python3.8/site-packages'
[0.840s] Level 1:colcon.colcon_core.environment:checking '/home/korey/Desktop/lio_nav2/install/robot_bringup/bin'
[0.840s] INFO:colcon.colcon_core.shell:Creating package script '/home/korey/Desktop/lio_nav2/install/robot_bringup/share/robot_bringup/package.ps1'
[0.841s] INFO:colcon.colcon_core.shell:Creating package descriptor '/home/korey/Desktop/lio_nav2/install/robot_bringup/share/robot_bringup/package.dsv'
[0.842s] INFO:colcon.colcon_core.shell:Creating package script '/home/korey/Desktop/lio_nav2/install/robot_bringup/share/robot_bringup/package.sh'
[0.843s] INFO:colcon.colcon_core.shell:Creating package script '/home/korey/Desktop/lio_nav2/install/robot_bringup/share/robot_bringup/package.bash'
[0.859s] INFO:colcon.colcon_core.shell:Creating package script '/home/korey/Desktop/lio_nav2/install/robot_bringup/share/robot_bringup/package.zsh'
[0.860s] Level 1:colcon.colcon_core.environment:create_file_with_runtime_dependencies(/home/korey/Desktop/lio_nav2/install/robot_bringup/share/colcon-core/packages/robot_bringup)
[0.861s] Level 1:colcon.colcon_core.environment:create_environment_scripts_only(robot_bringup)
[0.861s] Level 1:colcon.colcon_core.environment:checking '/home/korey/Desktop/lio_nav2/install/robot_bringup' for CMake module files
[0.861s] Level 1:colcon.colcon_core.environment:checking '/home/korey/Desktop/lio_nav2/install/robot_bringup' for CMake config files
[0.861s] Level 1:colcon.colcon_core.shell:create_environment_hook('robot_bringup', 'cmake_prefix_path')
[0.862s] INFO:colcon.colcon_core.shell:Creating environment hook '/home/korey/Desktop/lio_nav2/install/robot_bringup/share/robot_bringup/hook/cmake_prefix_path.ps1'
[0.862s] INFO:colcon.colcon_core.shell:Creating environment descriptor '/home/korey/Desktop/lio_nav2/install/robot_bringup/share/robot_bringup/hook/cmake_prefix_path.dsv'
[0.862s] INFO:colcon.colcon_core.shell:Creating environment hook '/home/korey/Desktop/lio_nav2/install/robot_bringup/share/robot_bringup/hook/cmake_prefix_path.sh'
[0.862s] Level 1:colcon.colcon_core.environment:checking '/home/korey/Desktop/lio_nav2/install/robot_bringup/lib'
[0.863s] Level 1:colcon.colcon_core.environment:checking '/home/korey/Desktop/lio_nav2/install/robot_bringup/bin'
[0.863s] Level 1:colcon.colcon_core.environment:checking '/home/korey/Desktop/lio_nav2/install/robot_bringup/lib/pkgconfig/robot_bringup.pc'
[0.863s] Level 1:colcon.colcon_core.environment:checking '/home/korey/Desktop/lio_nav2/install/robot_bringup/lib/python3.8/site-packages'
[0.863s] Level 1:colcon.colcon_core.environment:checking '/home/korey/Desktop/lio_nav2/install/robot_bringup/bin'
[0.863s] INFO:colcon.colcon_core.shell:Creating package script '/home/korey/Desktop/lio_nav2/install/robot_bringup/share/robot_bringup/package.ps1'
[0.864s] INFO:colcon.colcon_core.shell:Creating package descriptor '/home/korey/Desktop/lio_nav2/install/robot_bringup/share/robot_bringup/package.dsv'
[0.864s] INFO:colcon.colcon_core.shell:Creating package script '/home/korey/Desktop/lio_nav2/install/robot_bringup/share/robot_bringup/package.sh'
[0.865s] INFO:colcon.colcon_core.shell:Creating package script '/home/korey/Desktop/lio_nav2/install/robot_bringup/share/robot_bringup/package.bash'
[0.865s] INFO:colcon.colcon_core.shell:Creating package script '/home/korey/Desktop/lio_nav2/install/robot_bringup/share/robot_bringup/package.zsh'
[0.865s] Level 1:colcon.colcon_core.environment:create_file_with_runtime_dependencies(/home/korey/Desktop/lio_nav2/install/robot_bringup/share/colcon-core/packages/robot_bringup)
[0.867s] Level 1:colcon.colcon_core.environment:create_environment_scripts_only(robot_navigation2)
[0.867s] Level 1:colcon.colcon_core.environment:checking '/home/korey/Desktop/lio_nav2/install/robot_navigation2' for CMake module files
[0.867s] DEBUG:colcon.colcon_core.event_handler.log_command:Invoked command in '/home/korey/Desktop/lio_nav2/build/robot_navigation2' returned '0': CMAKE_PREFIX_PATH=/opt/ros/foxy /home/korey/.local/bin/cmake --install /home/korey/Desktop/lio_nav2/build/robot_navigation2
[0.868s] Level 1:colcon.colcon_core.environment:checking '/home/korey/Desktop/lio_nav2/install/robot_navigation2' for CMake config files
[0.869s] Level 1:colcon.colcon_core.shell:create_environment_hook('robot_navigation2', 'cmake_prefix_path')
[0.869s] INFO:colcon.colcon_core.shell:Creating environment hook '/home/korey/Desktop/lio_nav2/install/robot_navigation2/share/robot_navigation2/hook/cmake_prefix_path.ps1'
[0.869s] INFO:colcon.colcon_core.shell:Creating environment descriptor '/home/korey/Desktop/lio_nav2/install/robot_navigation2/share/robot_navigation2/hook/cmake_prefix_path.dsv'
[0.870s] INFO:colcon.colcon_core.shell:Creating environment hook '/home/korey/Desktop/lio_nav2/install/robot_navigation2/share/robot_navigation2/hook/cmake_prefix_path.sh'
[0.871s] Level 1:colcon.colcon_core.environment:checking '/home/korey/Desktop/lio_nav2/install/robot_navigation2/lib'
[0.871s] Level 1:colcon.colcon_core.environment:checking '/home/korey/Desktop/lio_nav2/install/robot_navigation2/bin'
[0.871s] Level 1:colcon.colcon_core.environment:checking '/home/korey/Desktop/lio_nav2/install/robot_navigation2/lib/pkgconfig/robot_navigation2.pc'
[0.871s] Level 1:colcon.colcon_core.environment:checking '/home/korey/Desktop/lio_nav2/install/robot_navigation2/lib/python3.8/site-packages'
[0.871s] Level 1:colcon.colcon_core.shell:create_environment_hook('robot_navigation2', 'pythonpath')
[0.872s] INFO:colcon.colcon_core.shell:Creating environment hook '/home/korey/Desktop/lio_nav2/install/robot_navigation2/share/robot_navigation2/hook/pythonpath.ps1'
[0.872s] INFO:colcon.colcon_core.shell:Creating environment descriptor '/home/korey/Desktop/lio_nav2/install/robot_navigation2/share/robot_navigation2/hook/pythonpath.dsv'
[0.872s] INFO:colcon.colcon_core.shell:Creating environment hook '/home/korey/Desktop/lio_nav2/install/robot_navigation2/share/robot_navigation2/hook/pythonpath.sh'
[0.873s] Level 1:colcon.colcon_core.environment:checking '/home/korey/Desktop/lio_nav2/install/robot_navigation2/bin'
[0.874s] INFO:colcon.colcon_core.shell:Creating package script '/home/korey/Desktop/lio_nav2/install/robot_navigation2/share/robot_navigation2/package.ps1'
[0.875s] INFO:colcon.colcon_core.shell:Creating package descriptor '/home/korey/Desktop/lio_nav2/install/robot_navigation2/share/robot_navigation2/package.dsv'
[0.876s] INFO:colcon.colcon_core.shell:Creating package script '/home/korey/Desktop/lio_nav2/install/robot_navigation2/share/robot_navigation2/package.sh'
[0.876s] INFO:colcon.colcon_core.shell:Creating package script '/home/korey/Desktop/lio_nav2/install/robot_navigation2/share/robot_navigation2/package.bash'
[0.877s] INFO:colcon.colcon_core.shell:Creating package script '/home/korey/Desktop/lio_nav2/install/robot_navigation2/share/robot_navigation2/package.zsh'
[0.877s] Level 1:colcon.colcon_core.environment:create_file_with_runtime_dependencies(/home/korey/Desktop/lio_nav2/install/robot_navigation2/share/colcon-core/packages/robot_navigation2)
[0.878s] Level 1:colcon.colcon_core.environment:create_environment_scripts_only(robot_navigation2)
[0.878s] Level 1:colcon.colcon_core.environment:checking '/home/korey/Desktop/lio_nav2/install/robot_navigation2' for CMake module files
[0.879s] Level 1:colcon.colcon_core.environment:checking '/home/korey/Desktop/lio_nav2/install/robot_navigation2' for CMake config files
[0.879s] Level 1:colcon.colcon_core.shell:create_environment_hook('robot_navigation2', 'cmake_prefix_path')
[0.880s] INFO:colcon.colcon_core.shell:Creating environment hook '/home/korey/Desktop/lio_nav2/install/robot_navigation2/share/robot_navigation2/hook/cmake_prefix_path.ps1'
[0.880s] INFO:colcon.colcon_core.shell:Creating environment descriptor '/home/korey/Desktop/lio_nav2/install/robot_navigation2/share/robot_navigation2/hook/cmake_prefix_path.dsv'
[0.880s] INFO:colcon.colcon_core.shell:Creating environment hook '/home/korey/Desktop/lio_nav2/install/robot_navigation2/share/robot_navigation2/hook/cmake_prefix_path.sh'
[0.881s] Level 1:colcon.colcon_core.environment:checking '/home/korey/Desktop/lio_nav2/install/robot_navigation2/lib'
[0.881s] Level 1:colcon.colcon_core.environment:checking '/home/korey/Desktop/lio_nav2/install/robot_navigation2/bin'
[0.881s] Level 1:colcon.colcon_core.environment:checking '/home/korey/Desktop/lio_nav2/install/robot_navigation2/lib/pkgconfig/robot_navigation2.pc'
[0.881s] Level 1:colcon.colcon_core.environment:checking '/home/korey/Desktop/lio_nav2/install/robot_navigation2/lib/python3.8/site-packages'
[0.881s] Level 1:colcon.colcon_core.shell:create_environment_hook('robot_navigation2', 'pythonpath')
[0.882s] INFO:colcon.colcon_core.shell:Creating environment hook '/home/korey/Desktop/lio_nav2/install/robot_navigation2/share/robot_navigation2/hook/pythonpath.ps1'
[0.882s] INFO:colcon.colcon_core.shell:Creating environment descriptor '/home/korey/Desktop/lio_nav2/install/robot_navigation2/share/robot_navigation2/hook/pythonpath.dsv'
[0.882s] INFO:colcon.colcon_core.shell:Creating environment hook '/home/korey/Desktop/lio_nav2/install/robot_navigation2/share/robot_navigation2/hook/pythonpath.sh'
[0.883s] Level 1:colcon.colcon_core.environment:checking '/home/korey/Desktop/lio_nav2/install/robot_navigation2/bin'
[0.884s] INFO:colcon.colcon_core.shell:Creating package script '/home/korey/Desktop/lio_nav2/install/robot_navigation2/share/robot_navigation2/package.ps1'
[0.884s] INFO:colcon.colcon_core.shell:Creating package descriptor '/home/korey/Desktop/lio_nav2/install/robot_navigation2/share/robot_navigation2/package.dsv'
[0.885s] INFO:colcon.colcon_core.shell:Creating package script '/home/korey/Desktop/lio_nav2/install/robot_navigation2/share/robot_navigation2/package.sh'
[0.885s] INFO:colcon.colcon_core.shell:Creating package script '/home/korey/Desktop/lio_nav2/install/robot_navigation2/share/robot_navigation2/package.bash'
[0.886s] INFO:colcon.colcon_core.shell:Creating package script '/home/korey/Desktop/lio_nav2/install/robot_navigation2/share/robot_navigation2/package.zsh'
[0.886s] Level 1:colcon.colcon_core.environment:create_file_with_runtime_dependencies(/home/korey/Desktop/lio_nav2/install/robot_navigation2/share/colcon-core/packages/robot_navigation2)
[0.888s] DEBUG:colcon.colcon_core.event_handler.log_command:Invoked command in '/home/korey/Desktop/lio_nav2/build/pointcloud_to_laserscan' returned '0': CMAKE_PREFIX_PATH=/opt/ros/foxy /home/korey/.local/bin/cmake --build /home/korey/Desktop/lio_nav2/build/pointcloud_to_laserscan -- -j12 -l12
[0.893s] DEBUG:colcon.colcon_core.event_handler.log_command:Invoking command in '/home/korey/Desktop/lio_nav2/build/pointcloud_to_laserscan': CMAKE_PREFIX_PATH=/opt/ros/foxy /home/korey/.local/bin/cmake --install /home/korey/Desktop/lio_nav2/build/pointcloud_to_laserscan
[0.895s] DEBUG:colcon.colcon_core.event_handler.log_command:Invoked command in '/home/korey/Desktop/lio_nav2/build/lio_sam_op' returned '0': CMAKE_PREFIX_PATH=/opt/ros/foxy /home/korey/.local/bin/cmake --build /home/korey/Desktop/lio_nav2/build/lio_sam_op -- -j12 -l12
[0.900s] DEBUG:colcon.colcon_core.event_handler.log_command:Invoking command in '/home/korey/Desktop/lio_nav2/build/lio_sam_op': CMAKE_PREFIX_PATH=/opt/ros/foxy /home/korey/.local/bin/cmake --install /home/korey/Desktop/lio_nav2/build/lio_sam_op
[0.928s] Level 1:colcon.colcon_core.environment:create_environment_scripts_only(pointcloud_to_laserscan)
[0.928s] Level 1:colcon.colcon_core.environment:checking '/home/korey/Desktop/lio_nav2/install/pointcloud_to_laserscan' for CMake module files
[0.929s] Level 1:colcon.colcon_core.environment:checking '/home/korey/Desktop/lio_nav2/install/pointcloud_to_laserscan' for CMake config files
[0.932s] DEBUG:colcon.colcon_core.event_handler.log_command:Invoked command in '/home/korey/Desktop/lio_nav2/build/pointcloud_to_laserscan' returned '0': CMAKE_PREFIX_PATH=/opt/ros/foxy /home/korey/.local/bin/cmake --install /home/korey/Desktop/lio_nav2/build/pointcloud_to_laserscan
[0.932s] Level 1:colcon.colcon_core.shell:create_environment_hook('pointcloud_to_laserscan', 'cmake_prefix_path')
[0.932s] INFO:colcon.colcon_core.shell:Creating environment hook '/home/korey/Desktop/lio_nav2/install/pointcloud_to_laserscan/share/pointcloud_to_laserscan/hook/cmake_prefix_path.ps1'
[0.934s] INFO:colcon.colcon_core.shell:Creating environment descriptor '/home/korey/Desktop/lio_nav2/install/pointcloud_to_laserscan/share/pointcloud_to_laserscan/hook/cmake_prefix_path.dsv'
[0.934s] INFO:colcon.colcon_core.shell:Creating environment hook '/home/korey/Desktop/lio_nav2/install/pointcloud_to_laserscan/share/pointcloud_to_laserscan/hook/cmake_prefix_path.sh'
[0.935s] Level 1:colcon.colcon_core.environment:checking '/home/korey/Desktop/lio_nav2/install/pointcloud_to_laserscan/lib'
[0.936s] Level 1:colcon.colcon_core.shell:create_environment_hook('pointcloud_to_laserscan', 'ld_library_path_lib')
[0.936s] INFO:colcon.colcon_core.shell:Creating environment hook '/home/korey/Desktop/lio_nav2/install/pointcloud_to_laserscan/share/pointcloud_to_laserscan/hook/ld_library_path_lib.ps1'
[0.937s] INFO:colcon.colcon_core.shell:Creating environment descriptor '/home/korey/Desktop/lio_nav2/install/pointcloud_to_laserscan/share/pointcloud_to_laserscan/hook/ld_library_path_lib.dsv'
[0.938s] INFO:colcon.colcon_core.shell:Creating environment hook '/home/korey/Desktop/lio_nav2/install/pointcloud_to_laserscan/share/pointcloud_to_laserscan/hook/ld_library_path_lib.sh'
[0.938s] Level 1:colcon.colcon_core.environment:checking '/home/korey/Desktop/lio_nav2/install/pointcloud_to_laserscan/bin'
[0.939s] Level 1:colcon.colcon_core.environment:checking '/home/korey/Desktop/lio_nav2/install/pointcloud_to_laserscan/lib/pkgconfig/pointcloud_to_laserscan.pc'
[0.939s] Level 1:colcon.colcon_core.environment:checking '/home/korey/Desktop/lio_nav2/install/pointcloud_to_laserscan/lib/python3.8/site-packages'
[0.939s] Level 1:colcon.colcon_core.environment:checking '/home/korey/Desktop/lio_nav2/install/pointcloud_to_laserscan/bin'
[0.940s] INFO:colcon.colcon_core.shell:Creating package script '/home/korey/Desktop/lio_nav2/install/pointcloud_to_laserscan/share/pointcloud_to_laserscan/package.ps1'
[0.940s] INFO:colcon.colcon_core.shell:Creating package descriptor '/home/korey/Desktop/lio_nav2/install/pointcloud_to_laserscan/share/pointcloud_to_laserscan/package.dsv'
[0.941s] INFO:colcon.colcon_core.shell:Creating package script '/home/korey/Desktop/lio_nav2/install/pointcloud_to_laserscan/share/pointcloud_to_laserscan/package.sh'
[0.942s] INFO:colcon.colcon_core.shell:Creating package script '/home/korey/Desktop/lio_nav2/install/pointcloud_to_laserscan/share/pointcloud_to_laserscan/package.bash'
[0.943s] INFO:colcon.colcon_core.shell:Creating package script '/home/korey/Desktop/lio_nav2/install/pointcloud_to_laserscan/share/pointcloud_to_laserscan/package.zsh'
[0.943s] Level 1:colcon.colcon_core.environment:create_file_with_runtime_dependencies(/home/korey/Desktop/lio_nav2/install/pointcloud_to_laserscan/share/colcon-core/packages/pointcloud_to_laserscan)
[0.944s] Level 1:colcon.colcon_core.environment:create_environment_scripts_only(pointcloud_to_laserscan)
[0.945s] Level 1:colcon.colcon_core.environment:checking '/home/korey/Desktop/lio_nav2/install/pointcloud_to_laserscan' for CMake module files
[0.946s] Level 1:colcon.colcon_core.environment:checking '/home/korey/Desktop/lio_nav2/install/pointcloud_to_laserscan' for CMake config files
[0.947s] Level 1:colcon.colcon_core.shell:create_environment_hook('pointcloud_to_laserscan', 'cmake_prefix_path')
[0.947s] INFO:colcon.colcon_core.shell:Creating environment hook '/home/korey/Desktop/lio_nav2/install/pointcloud_to_laserscan/share/pointcloud_to_laserscan/hook/cmake_prefix_path.ps1'
[0.947s] INFO:colcon.colcon_core.shell:Creating environment descriptor '/home/korey/Desktop/lio_nav2/install/pointcloud_to_laserscan/share/pointcloud_to_laserscan/hook/cmake_prefix_path.dsv'
[0.947s] INFO:colcon.colcon_core.shell:Creating environment hook '/home/korey/Desktop/lio_nav2/install/pointcloud_to_laserscan/share/pointcloud_to_laserscan/hook/cmake_prefix_path.sh'
[0.948s] Level 1:colcon.colcon_core.environment:checking '/home/korey/Desktop/lio_nav2/install/pointcloud_to_laserscan/lib'
[0.948s] Level 1:colcon.colcon_core.shell:create_environment_hook('pointcloud_to_laserscan', 'ld_library_path_lib')
[0.948s] INFO:colcon.colcon_core.shell:Creating environment hook '/home/korey/Desktop/lio_nav2/install/pointcloud_to_laserscan/share/pointcloud_to_laserscan/hook/ld_library_path_lib.ps1'
[0.948s] INFO:colcon.colcon_core.shell:Creating environment descriptor '/home/korey/Desktop/lio_nav2/install/pointcloud_to_laserscan/share/pointcloud_to_laserscan/hook/ld_library_path_lib.dsv'
[0.949s] INFO:colcon.colcon_core.shell:Creating environment hook '/home/korey/Desktop/lio_nav2/install/pointcloud_to_laserscan/share/pointcloud_to_laserscan/hook/ld_library_path_lib.sh'
[0.949s] Level 1:colcon.colcon_core.environment:checking '/home/korey/Desktop/lio_nav2/install/pointcloud_to_laserscan/bin'
[0.949s] Level 1:colcon.colcon_core.environment:checking '/home/korey/Desktop/lio_nav2/install/pointcloud_to_laserscan/lib/pkgconfig/pointcloud_to_laserscan.pc'
[0.949s] Level 1:colcon.colcon_core.environment:checking '/home/korey/Desktop/lio_nav2/install/pointcloud_to_laserscan/lib/python3.8/site-packages'
[0.950s] Level 1:colcon.colcon_core.environment:checking '/home/korey/Desktop/lio_nav2/install/pointcloud_to_laserscan/bin'
[0.950s] INFO:colcon.colcon_core.shell:Creating package script '/home/korey/Desktop/lio_nav2/install/pointcloud_to_laserscan/share/pointcloud_to_laserscan/package.ps1'
[0.951s] INFO:colcon.colcon_core.shell:Creating package descriptor '/home/korey/Desktop/lio_nav2/install/pointcloud_to_laserscan/share/pointcloud_to_laserscan/package.dsv'
[0.951s] INFO:colcon.colcon_core.shell:Creating package script '/home/korey/Desktop/lio_nav2/install/pointcloud_to_laserscan/share/pointcloud_to_laserscan/package.sh'
[0.951s] INFO:colcon.colcon_core.shell:Creating package script '/home/korey/Desktop/lio_nav2/install/pointcloud_to_laserscan/share/pointcloud_to_laserscan/package.bash'
[0.952s] INFO:colcon.colcon_core.shell:Creating package script '/home/korey/Desktop/lio_nav2/install/pointcloud_to_laserscan/share/pointcloud_to_laserscan/package.zsh'
[0.952s] Level 1:colcon.colcon_core.environment:create_file_with_runtime_dependencies(/home/korey/Desktop/lio_nav2/install/pointcloud_to_laserscan/share/colcon-core/packages/pointcloud_to_laserscan)
[0.978s] Level 1:colcon.colcon_core.environment:create_environment_scripts_only(lio_sam_op)
[0.979s] Level 1:colcon.colcon_core.environment:checking '/home/korey/Desktop/lio_nav2/install/lio_sam_op' for CMake module files
[0.980s] DEBUG:colcon.colcon_core.event_handler.log_command:Invoked command in '/home/korey/Desktop/lio_nav2/build/lio_sam_op' returned '0': CMAKE_PREFIX_PATH=/opt/ros/foxy /home/korey/.local/bin/cmake --install /home/korey/Desktop/lio_nav2/build/lio_sam_op
[0.980s] Level 1:colcon.colcon_core.environment:checking '/home/korey/Desktop/lio_nav2/install/lio_sam_op' for CMake config files
[0.981s] Level 1:colcon.colcon_core.shell:create_environment_hook('lio_sam_op', 'cmake_prefix_path')
[0.981s] INFO:colcon.colcon_core.shell:Creating environment hook '/home/korey/Desktop/lio_nav2/install/lio_sam_op/share/lio_sam_op/hook/cmake_prefix_path.ps1'
[0.982s] INFO:colcon.colcon_core.shell:Creating environment descriptor '/home/korey/Desktop/lio_nav2/install/lio_sam_op/share/lio_sam_op/hook/cmake_prefix_path.dsv'
[0.982s] INFO:colcon.colcon_core.shell:Creating environment hook '/home/korey/Desktop/lio_nav2/install/lio_sam_op/share/lio_sam_op/hook/cmake_prefix_path.sh'
[0.983s] Level 1:colcon.colcon_core.environment:checking '/home/korey/Desktop/lio_nav2/install/lio_sam_op/lib'
[0.983s] Level 1:colcon.colcon_core.shell:create_environment_hook('lio_sam_op', 'ld_library_path_lib')
[0.983s] INFO:colcon.colcon_core.shell:Creating environment hook '/home/korey/Desktop/lio_nav2/install/lio_sam_op/share/lio_sam_op/hook/ld_library_path_lib.ps1'
[0.984s] INFO:colcon.colcon_core.shell:Creating environment descriptor '/home/korey/Desktop/lio_nav2/install/lio_sam_op/share/lio_sam_op/hook/ld_library_path_lib.dsv'
[0.984s] INFO:colcon.colcon_core.shell:Creating environment hook '/home/korey/Desktop/lio_nav2/install/lio_sam_op/share/lio_sam_op/hook/ld_library_path_lib.sh'
[0.985s] Level 1:colcon.colcon_core.environment:checking '/home/korey/Desktop/lio_nav2/install/lio_sam_op/bin'
[0.985s] Level 1:colcon.colcon_core.environment:checking '/home/korey/Desktop/lio_nav2/install/lio_sam_op/lib/pkgconfig/lio_sam_op.pc'
[0.985s] Level 1:colcon.colcon_core.environment:checking '/home/korey/Desktop/lio_nav2/install/lio_sam_op/lib/python3.8/site-packages'
[0.985s] Level 1:colcon.colcon_core.shell:create_environment_hook('lio_sam_op', 'pythonpath')
[0.986s] INFO:colcon.colcon_core.shell:Creating environment hook '/home/korey/Desktop/lio_nav2/install/lio_sam_op/share/lio_sam_op/hook/pythonpath.ps1'
[0.986s] INFO:colcon.colcon_core.shell:Creating environment descriptor '/home/korey/Desktop/lio_nav2/install/lio_sam_op/share/lio_sam_op/hook/pythonpath.dsv'
[0.986s] INFO:colcon.colcon_core.shell:Creating environment hook '/home/korey/Desktop/lio_nav2/install/lio_sam_op/share/lio_sam_op/hook/pythonpath.sh'
[0.987s] Level 1:colcon.colcon_core.environment:checking '/home/korey/Desktop/lio_nav2/install/lio_sam_op/bin'
[0.987s] INFO:colcon.colcon_core.shell:Creating package script '/home/korey/Desktop/lio_nav2/install/lio_sam_op/share/lio_sam_op/package.ps1'
[0.988s] INFO:colcon.colcon_core.shell:Creating package descriptor '/home/korey/Desktop/lio_nav2/install/lio_sam_op/share/lio_sam_op/package.dsv'
[0.989s] INFO:colcon.colcon_core.shell:Creating package script '/home/korey/Desktop/lio_nav2/install/lio_sam_op/share/lio_sam_op/package.sh'
[0.989s] INFO:colcon.colcon_core.shell:Creating package script '/home/korey/Desktop/lio_nav2/install/lio_sam_op/share/lio_sam_op/package.bash'
[0.990s] INFO:colcon.colcon_core.shell:Creating package script '/home/korey/Desktop/lio_nav2/install/lio_sam_op/share/lio_sam_op/package.zsh'
[0.990s] Level 1:colcon.colcon_core.environment:create_file_with_runtime_dependencies(/home/korey/Desktop/lio_nav2/install/lio_sam_op/share/colcon-core/packages/lio_sam_op)
[0.991s] Level 1:colcon.colcon_core.environment:create_environment_scripts_only(lio_sam_op)
[0.991s] Level 1:colcon.colcon_core.environment:checking '/home/korey/Desktop/lio_nav2/install/lio_sam_op' for CMake module files
[0.991s] Level 1:colcon.colcon_core.environment:checking '/home/korey/Desktop/lio_nav2/install/lio_sam_op' for CMake config files
[0.992s] Level 1:colcon.colcon_core.shell:create_environment_hook('lio_sam_op', 'cmake_prefix_path')
[0.992s] INFO:colcon.colcon_core.shell:Creating environment hook '/home/korey/Desktop/lio_nav2/install/lio_sam_op/share/lio_sam_op/hook/cmake_prefix_path.ps1'
[0.992s] INFO:colcon.colcon_core.shell:Creating environment descriptor '/home/korey/Desktop/lio_nav2/install/lio_sam_op/share/lio_sam_op/hook/cmake_prefix_path.dsv'
[0.993s] INFO:colcon.colcon_core.shell:Creating environment hook '/home/korey/Desktop/lio_nav2/install/lio_sam_op/share/lio_sam_op/hook/cmake_prefix_path.sh'
[0.993s] Level 1:colcon.colcon_core.environment:checking '/home/korey/Desktop/lio_nav2/install/lio_sam_op/lib'
[0.993s] Level 1:colcon.colcon_core.shell:create_environment_hook('lio_sam_op', 'ld_library_path_lib')
[0.993s] INFO:colcon.colcon_core.shell:Creating environment hook '/home/korey/Desktop/lio_nav2/install/lio_sam_op/share/lio_sam_op/hook/ld_library_path_lib.ps1'
[0.994s] INFO:colcon.colcon_core.shell:Creating environment descriptor '/home/korey/Desktop/lio_nav2/install/lio_sam_op/share/lio_sam_op/hook/ld_library_path_lib.dsv'
[0.994s] INFO:colcon.colcon_core.shell:Creating environment hook '/home/korey/Desktop/lio_nav2/install/lio_sam_op/share/lio_sam_op/hook/ld_library_path_lib.sh'
[0.994s] Level 1:colcon.colcon_core.environment:checking '/home/korey/Desktop/lio_nav2/install/lio_sam_op/bin'
[0.994s] Level 1:colcon.colcon_core.environment:checking '/home/korey/Desktop/lio_nav2/install/lio_sam_op/lib/pkgconfig/lio_sam_op.pc'
[0.994s] Level 1:colcon.colcon_core.environment:checking '/home/korey/Desktop/lio_nav2/install/lio_sam_op/lib/python3.8/site-packages'
[0.994s] Level 1:colcon.colcon_core.shell:create_environment_hook('lio_sam_op', 'pythonpath')
[0.995s] INFO:colcon.colcon_core.shell:Creating environment hook '/home/korey/Desktop/lio_nav2/install/lio_sam_op/share/lio_sam_op/hook/pythonpath.ps1'
[0.995s] INFO:colcon.colcon_core.shell:Creating environment descriptor '/home/korey/Desktop/lio_nav2/install/lio_sam_op/share/lio_sam_op/hook/pythonpath.dsv'
[0.995s] INFO:colcon.colcon_core.shell:Creating environment hook '/home/korey/Desktop/lio_nav2/install/lio_sam_op/share/lio_sam_op/hook/pythonpath.sh'
[0.996s] Level 1:colcon.colcon_core.environment:checking '/home/korey/Desktop/lio_nav2/install/lio_sam_op/bin'
[0.996s] INFO:colcon.colcon_core.shell:Creating package script '/home/korey/Desktop/lio_nav2/install/lio_sam_op/share/lio_sam_op/package.ps1'
[0.996s] INFO:colcon.colcon_core.shell:Creating package descriptor '/home/korey/Desktop/lio_nav2/install/lio_sam_op/share/lio_sam_op/package.dsv'
[0.997s] INFO:colcon.colcon_core.shell:Creating package script '/home/korey/Desktop/lio_nav2/install/lio_sam_op/share/lio_sam_op/package.sh'
[0.997s] INFO:colcon.colcon_core.shell:Creating package script '/home/korey/Desktop/lio_nav2/install/lio_sam_op/share/lio_sam_op/package.bash'
[0.997s] INFO:colcon.colcon_core.shell:Creating package script '/home/korey/Desktop/lio_nav2/install/lio_sam_op/share/lio_sam_op/package.zsh'
[0.998s] Level 1:colcon.colcon_core.environment:create_file_with_runtime_dependencies(/home/korey/Desktop/lio_nav2/install/lio_sam_op/share/colcon-core/packages/lio_sam_op)
[0.998s] DEBUG:colcon.colcon_parallel_executor.executor.parallel:closing loop
[0.998s] DEBUG:colcon.colcon_parallel_executor.executor.parallel:loop closed
[0.998s] DEBUG:colcon.colcon_parallel_executor.executor.parallel:run_until_complete finished with '0'
[0.999s] DEBUG:colcon.colcon_core.event_reactor:joining thread
[1.003s] INFO:colcon.colcon_core.plugin_system:Skipping extension 'colcon_notification.desktop_notification.terminal_notifier': Not used on non-Darwin systems
[1.003s] INFO:colcon.colcon_core.plugin_system:Skipping extension 'colcon_notification.desktop_notification.win32': Not used on non-Windows systems
[1.003s] INFO:colcon.colcon_notification.desktop_notification:Sending desktop notification using 'notify2'
[1.023s] DEBUG:colcon.colcon_core.event_reactor:joined thread
[1.023s] INFO:colcon.colcon_core.shell:Creating prefix script '/home/korey/Desktop/lio_nav2/install/local_setup.ps1'
[1.025s] INFO:colcon.colcon_core.shell:Creating prefix util module '/home/korey/Desktop/lio_nav2/install/_local_setup_util_ps1.py'
[1.026s] INFO:colcon.colcon_core.shell:Creating prefix chain script '/home/korey/Desktop/lio_nav2/install/setup.ps1'
[1.027s] INFO:colcon.colcon_core.shell:Creating prefix script '/home/korey/Desktop/lio_nav2/install/local_setup.sh'
[1.028s] INFO:colcon.colcon_core.shell:Creating prefix util module '/home/korey/Desktop/lio_nav2/install/_local_setup_util_sh.py'
[1.028s] INFO:colcon.colcon_core.shell:Creating prefix chain script '/home/korey/Desktop/lio_nav2/install/setup.sh'
[1.029s] INFO:colcon.colcon_core.shell:Creating prefix script '/home/korey/Desktop/lio_nav2/install/local_setup.bash'
[1.030s] INFO:colcon.colcon_core.shell:Creating prefix chain script '/home/korey/Desktop/lio_nav2/install/setup.bash'
[1.031s] INFO:colcon.colcon_core.shell:Creating prefix script '/home/korey/Desktop/lio_nav2/install/local_setup.zsh'
[1.031s] INFO:colcon.colcon_core.shell:Creating prefix chain script '/home/korey/Desktop/lio_nav2/install/setup.zsh'
