[0.178s] DEBUG:colcon:Command line arguments: ['/usr/bin/colcon', 'build']
[0.178s] DEBUG:colcon:Parsed command line arguments: Namespace(allow_overriding=[], ament_cmake_args=None, base_paths=['.'], build_base='build', catkin_cmake_args=None, catkin_skip_building_tests=False, cmake_args=None, cmake_clean_cache=False, cmake_clean_first=False, cmake_force_configure=False, cmake_target=None, cmake_target_skip_unavailable=False, continue_on_error=False, event_handlers=None, executor='parallel', ignore_user_meta=False, install_base='install', log_base=None, log_level=None, main=<bound method BuildVerb.main of <colcon_core.verb.build.BuildVerb object at 0x7f2e94b71070>>, merge_install=False, metas=['./colcon.meta'], packages_above=None, packages_above_and_dependencies=None, packages_above_depth=None, packages_end=None, packages_ignore=None, packages_ignore_regex=None, packages_select=None, packages_select_build_failed=False, packages_select_by_dep=None, packages_select_regex=None, packages_select_test_failures=False, packages_skip=None, packages_skip_build_finished=False, packages_skip_by_dep=None, packages_skip_regex=None, packages_skip_test_passed=False, packages_skip_up_to=None, packages_start=None, packages_up_to=None, packages_up_to_regex=None, parallel_workers=12, paths=None, symlink_install=False, test_result_base=None, verb_extension=<colcon_core.verb.build.BuildVerb object at 0x7f2e94b71070>, verb_name='build', verb_parser=<colcon_defaults.argument_parser.defaults.DefaultArgumentsDecorator object at 0x7f2e94a28310>)
[0.213s] Level 1:colcon.colcon_core.package_discovery:discover_packages(colcon_meta) check parameters
[0.213s] Level 1:colcon.colcon_core.package_discovery:discover_packages(recursive) check parameters
[0.213s] Level 1:colcon.colcon_core.package_discovery:discover_packages(ignore) check parameters
[0.214s] Level 1:colcon.colcon_core.package_discovery:discover_packages(path) check parameters
[0.214s] Level 1:colcon.colcon_core.package_discovery:discover_packages(colcon_meta) discover
[0.214s] Level 1:colcon.colcon_core.package_discovery:discover_packages(recursive) discover
[0.214s] INFO:colcon.colcon_core.package_discovery:Crawling recursively for packages in '/home/korey/Desktop/lio_nav2'
[0.214s] Level 1:colcon.colcon_core.package_identification:_identify(.) by extensions ['ignore', 'ignore_ament_install']
[0.214s] Level 1:colcon.colcon_core.package_identification:_identify(.) by extension 'ignore'
[0.214s] Level 1:colcon.colcon_core.package_identification:_identify(.) by extension 'ignore_ament_install'
[0.214s] Level 1:colcon.colcon_core.package_identification:_identify(.) by extensions ['colcon_pkg']
[0.214s] Level 1:colcon.colcon_core.package_identification:_identify(.) by extension 'colcon_pkg'
[0.214s] Level 1:colcon.colcon_core.package_identification:_identify(.) by extensions ['colcon_meta']
[0.214s] Level 1:colcon.colcon_core.package_identification:_identify(.) by extension 'colcon_meta'
[0.214s] Level 1:colcon.colcon_core.package_identification:_identify(.) by extensions ['ros']
[0.214s] Level 1:colcon.colcon_core.package_identification:_identify(.) by extension 'ros'
[0.225s] Level 1:colcon.colcon_core.package_identification:_identify(.) by extensions ['cmake', 'python']
[0.225s] Level 1:colcon.colcon_core.package_identification:_identify(.) by extension 'cmake'
[0.225s] Level 1:colcon.colcon_core.package_identification:_identify(.) by extension 'python'
[0.225s] Level 1:colcon.colcon_core.package_identification:_identify(.) by extensions ['python_setup_py']
[0.225s] Level 1:colcon.colcon_core.package_identification:_identify(.) by extension 'python_setup_py'
[0.225s] Level 1:colcon.colcon_core.package_identification:_identify(build) by extensions ['ignore', 'ignore_ament_install']
[0.225s] Level 1:colcon.colcon_core.package_identification:_identify(build) by extension 'ignore'
[0.225s] Level 1:colcon.colcon_core.package_identification:_identify(build) ignored
[0.225s] Level 1:colcon.colcon_core.package_identification:_identify(docs) by extensions ['ignore', 'ignore_ament_install']
[0.226s] Level 1:colcon.colcon_core.package_identification:_identify(docs) by extension 'ignore'
[0.226s] Level 1:colcon.colcon_core.package_identification:_identify(docs) by extension 'ignore_ament_install'
[0.226s] Level 1:colcon.colcon_core.package_identification:_identify(docs) by extensions ['colcon_pkg']
[0.226s] Level 1:colcon.colcon_core.package_identification:_identify(docs) by extension 'colcon_pkg'
[0.226s] Level 1:colcon.colcon_core.package_identification:_identify(docs) by extensions ['colcon_meta']
[0.226s] Level 1:colcon.colcon_core.package_identification:_identify(docs) by extension 'colcon_meta'
[0.226s] Level 1:colcon.colcon_core.package_identification:_identify(docs) by extensions ['ros']
[0.226s] Level 1:colcon.colcon_core.package_identification:_identify(docs) by extension 'ros'
[0.226s] Level 1:colcon.colcon_core.package_identification:_identify(docs) by extensions ['cmake', 'python']
[0.226s] Level 1:colcon.colcon_core.package_identification:_identify(docs) by extension 'cmake'
[0.226s] Level 1:colcon.colcon_core.package_identification:_identify(docs) by extension 'python'
[0.226s] Level 1:colcon.colcon_core.package_identification:_identify(docs) by extensions ['python_setup_py']
[0.226s] Level 1:colcon.colcon_core.package_identification:_identify(docs) by extension 'python_setup_py'
[0.226s] Level 1:colcon.colcon_core.package_identification:_identify(install) by extensions ['ignore', 'ignore_ament_install']
[0.226s] Level 1:colcon.colcon_core.package_identification:_identify(install) by extension 'ignore'
[0.226s] Level 1:colcon.colcon_core.package_identification:_identify(install) ignored
[0.226s] Level 1:colcon.colcon_core.package_identification:_identify(log) by extensions ['ignore', 'ignore_ament_install']
[0.226s] Level 1:colcon.colcon_core.package_identification:_identify(log) by extension 'ignore'
[0.226s] Level 1:colcon.colcon_core.package_identification:_identify(log) ignored
[0.226s] Level 1:colcon.colcon_core.package_identification:_identify(maps) by extensions ['ignore', 'ignore_ament_install']
[0.226s] Level 1:colcon.colcon_core.package_identification:_identify(maps) by extension 'ignore'
[0.226s] Level 1:colcon.colcon_core.package_identification:_identify(maps) by extension 'ignore_ament_install'
[0.226s] Level 1:colcon.colcon_core.package_identification:_identify(maps) by extensions ['colcon_pkg']
[0.227s] Level 1:colcon.colcon_core.package_identification:_identify(maps) by extension 'colcon_pkg'
[0.227s] Level 1:colcon.colcon_core.package_identification:_identify(maps) by extensions ['colcon_meta']
[0.227s] Level 1:colcon.colcon_core.package_identification:_identify(maps) by extension 'colcon_meta'
[0.227s] Level 1:colcon.colcon_core.package_identification:_identify(maps) by extensions ['ros']
[0.227s] Level 1:colcon.colcon_core.package_identification:_identify(maps) by extension 'ros'
[0.227s] Level 1:colcon.colcon_core.package_identification:_identify(maps) by extensions ['cmake', 'python']
[0.227s] Level 1:colcon.colcon_core.package_identification:_identify(maps) by extension 'cmake'
[0.227s] Level 1:colcon.colcon_core.package_identification:_identify(maps) by extension 'python'
[0.227s] Level 1:colcon.colcon_core.package_identification:_identify(maps) by extensions ['python_setup_py']
[0.227s] Level 1:colcon.colcon_core.package_identification:_identify(maps) by extension 'python_setup_py'
[0.227s] Level 1:colcon.colcon_core.package_identification:_identify(maps/lio_sam_map) by extensions ['ignore', 'ignore_ament_install']
[0.227s] Level 1:colcon.colcon_core.package_identification:_identify(maps/lio_sam_map) by extension 'ignore'
[0.227s] Level 1:colcon.colcon_core.package_identification:_identify(maps/lio_sam_map) by extension 'ignore_ament_install'
[0.227s] Level 1:colcon.colcon_core.package_identification:_identify(maps/lio_sam_map) by extensions ['colcon_pkg']
[0.227s] Level 1:colcon.colcon_core.package_identification:_identify(maps/lio_sam_map) by extension 'colcon_pkg'
[0.227s] Level 1:colcon.colcon_core.package_identification:_identify(maps/lio_sam_map) by extensions ['colcon_meta']
[0.227s] Level 1:colcon.colcon_core.package_identification:_identify(maps/lio_sam_map) by extension 'colcon_meta'
[0.227s] Level 1:colcon.colcon_core.package_identification:_identify(maps/lio_sam_map) by extensions ['ros']
[0.227s] Level 1:colcon.colcon_core.package_identification:_identify(maps/lio_sam_map) by extension 'ros'
[0.227s] Level 1:colcon.colcon_core.package_identification:_identify(maps/lio_sam_map) by extensions ['cmake', 'python']
[0.227s] Level 1:colcon.colcon_core.package_identification:_identify(maps/lio_sam_map) by extension 'cmake'
[0.227s] Level 1:colcon.colcon_core.package_identification:_identify(maps/lio_sam_map) by extension 'python'
[0.227s] Level 1:colcon.colcon_core.package_identification:_identify(maps/lio_sam_map) by extensions ['python_setup_py']
[0.227s] Level 1:colcon.colcon_core.package_identification:_identify(maps/lio_sam_map) by extension 'python_setup_py'
[0.227s] Level 1:colcon.colcon_core.package_identification:_identify(scripts) by extensions ['ignore', 'ignore_ament_install']
[0.228s] Level 1:colcon.colcon_core.package_identification:_identify(scripts) by extension 'ignore'
[0.228s] Level 1:colcon.colcon_core.package_identification:_identify(scripts) by extension 'ignore_ament_install'
[0.228s] Level 1:colcon.colcon_core.package_identification:_identify(scripts) by extensions ['colcon_pkg']
[0.228s] Level 1:colcon.colcon_core.package_identification:_identify(scripts) by extension 'colcon_pkg'
[0.228s] Level 1:colcon.colcon_core.package_identification:_identify(scripts) by extensions ['colcon_meta']
[0.228s] Level 1:colcon.colcon_core.package_identification:_identify(scripts) by extension 'colcon_meta'
[0.228s] Level 1:colcon.colcon_core.package_identification:_identify(scripts) by extensions ['ros']
[0.228s] Level 1:colcon.colcon_core.package_identification:_identify(scripts) by extension 'ros'
[0.228s] Level 1:colcon.colcon_core.package_identification:_identify(scripts) by extensions ['cmake', 'python']
[0.228s] Level 1:colcon.colcon_core.package_identification:_identify(scripts) by extension 'cmake'
[0.228s] Level 1:colcon.colcon_core.package_identification:_identify(scripts) by extension 'python'
[0.228s] Level 1:colcon.colcon_core.package_identification:_identify(scripts) by extensions ['python_setup_py']
[0.228s] Level 1:colcon.colcon_core.package_identification:_identify(scripts) by extension 'python_setup_py'
[0.228s] Level 1:colcon.colcon_core.package_identification:_identify(src) by extensions ['ignore', 'ignore_ament_install']
[0.228s] Level 1:colcon.colcon_core.package_identification:_identify(src) by extension 'ignore'
[0.228s] Level 1:colcon.colcon_core.package_identification:_identify(src) by extension 'ignore_ament_install'
[0.228s] Level 1:colcon.colcon_core.package_identification:_identify(src) by extensions ['colcon_pkg']
[0.228s] Level 1:colcon.colcon_core.package_identification:_identify(src) by extension 'colcon_pkg'
[0.228s] Level 1:colcon.colcon_core.package_identification:_identify(src) by extensions ['colcon_meta']
[0.228s] Level 1:colcon.colcon_core.package_identification:_identify(src) by extension 'colcon_meta'
[0.228s] Level 1:colcon.colcon_core.package_identification:_identify(src) by extensions ['ros']
[0.228s] Level 1:colcon.colcon_core.package_identification:_identify(src) by extension 'ros'
[0.228s] Level 1:colcon.colcon_core.package_identification:_identify(src) by extensions ['cmake', 'python']
[0.228s] Level 1:colcon.colcon_core.package_identification:_identify(src) by extension 'cmake'
[0.229s] Level 1:colcon.colcon_core.package_identification:_identify(src) by extension 'python'
[0.229s] Level 1:colcon.colcon_core.package_identification:_identify(src) by extensions ['python_setup_py']
[0.229s] Level 1:colcon.colcon_core.package_identification:_identify(src) by extension 'python_setup_py'
[0.229s] Level 1:colcon.colcon_core.package_identification:_identify(src/LIO-SAM) by extensions ['ignore', 'ignore_ament_install']
[0.229s] Level 1:colcon.colcon_core.package_identification:_identify(src/LIO-SAM) by extension 'ignore'
[0.229s] Level 1:colcon.colcon_core.package_identification:_identify(src/LIO-SAM) by extension 'ignore_ament_install'
[0.229s] Level 1:colcon.colcon_core.package_identification:_identify(src/LIO-SAM) by extensions ['colcon_pkg']
[0.229s] Level 1:colcon.colcon_core.package_identification:_identify(src/LIO-SAM) by extension 'colcon_pkg'
[0.229s] Level 1:colcon.colcon_core.package_identification:_identify(src/LIO-SAM) by extensions ['colcon_meta']
[0.229s] Level 1:colcon.colcon_core.package_identification:_identify(src/LIO-SAM) by extension 'colcon_meta'
[0.229s] Level 1:colcon.colcon_core.package_identification:_identify(src/LIO-SAM) by extensions ['ros']
[0.229s] Level 1:colcon.colcon_core.package_identification:_identify(src/LIO-SAM) by extension 'ros'
[0.231s] DEBUG:colcon.colcon_core.package_identification:Package 'src/LIO-SAM' with type 'ros.ament_cmake' and name 'lio_sam_op'
[0.231s] Level 1:colcon.colcon_core.package_identification:_identify(src/pointcloud_to_laserscan) by extensions ['ignore', 'ignore_ament_install']
[0.231s] Level 1:colcon.colcon_core.package_identification:_identify(src/pointcloud_to_laserscan) by extension 'ignore'
[0.231s] Level 1:colcon.colcon_core.package_identification:_identify(src/pointcloud_to_laserscan) by extension 'ignore_ament_install'
[0.231s] Level 1:colcon.colcon_core.package_identification:_identify(src/pointcloud_to_laserscan) by extensions ['colcon_pkg']
[0.231s] Level 1:colcon.colcon_core.package_identification:_identify(src/pointcloud_to_laserscan) by extension 'colcon_pkg'
[0.231s] Level 1:colcon.colcon_core.package_identification:_identify(src/pointcloud_to_laserscan) by extensions ['colcon_meta']
[0.231s] Level 1:colcon.colcon_core.package_identification:_identify(src/pointcloud_to_laserscan) by extension 'colcon_meta'
[0.231s] Level 1:colcon.colcon_core.package_identification:_identify(src/pointcloud_to_laserscan) by extensions ['ros']
[0.231s] Level 1:colcon.colcon_core.package_identification:_identify(src/pointcloud_to_laserscan) by extension 'ros'
[0.233s] DEBUG:colcon.colcon_core.package_identification:Package 'src/pointcloud_to_laserscan' with type 'ros.ament_cmake' and name 'pointcloud_to_laserscan'
[0.233s] Level 1:colcon.colcon_core.package_identification:_identify(src/robot_bringup) by extensions ['ignore', 'ignore_ament_install']
[0.233s] Level 1:colcon.colcon_core.package_identification:_identify(src/robot_bringup) by extension 'ignore'
[0.233s] Level 1:colcon.colcon_core.package_identification:_identify(src/robot_bringup) by extension 'ignore_ament_install'
[0.233s] Level 1:colcon.colcon_core.package_identification:_identify(src/robot_bringup) by extensions ['colcon_pkg']
[0.233s] Level 1:colcon.colcon_core.package_identification:_identify(src/robot_bringup) by extension 'colcon_pkg'
[0.233s] Level 1:colcon.colcon_core.package_identification:_identify(src/robot_bringup) by extensions ['colcon_meta']
[0.233s] Level 1:colcon.colcon_core.package_identification:_identify(src/robot_bringup) by extension 'colcon_meta'
[0.233s] Level 1:colcon.colcon_core.package_identification:_identify(src/robot_bringup) by extensions ['ros']
[0.233s] Level 1:colcon.colcon_core.package_identification:_identify(src/robot_bringup) by extension 'ros'
[0.234s] DEBUG:colcon.colcon_core.package_identification:Package 'src/robot_bringup' with type 'ros.ament_cmake' and name 'robot_bringup'
[0.234s] Level 1:colcon.colcon_core.package_identification:_identify(src/robot_navigation2) by extensions ['ignore', 'ignore_ament_install']
[0.234s] Level 1:colcon.colcon_core.package_identification:_identify(src/robot_navigation2) by extension 'ignore'
[0.234s] Level 1:colcon.colcon_core.package_identification:_identify(src/robot_navigation2) by extension 'ignore_ament_install'
[0.234s] Level 1:colcon.colcon_core.package_identification:_identify(src/robot_navigation2) by extensions ['colcon_pkg']
[0.234s] Level 1:colcon.colcon_core.package_identification:_identify(src/robot_navigation2) by extension 'colcon_pkg'
[0.234s] Level 1:colcon.colcon_core.package_identification:_identify(src/robot_navigation2) by extensions ['colcon_meta']
[0.234s] Level 1:colcon.colcon_core.package_identification:_identify(src/robot_navigation2) by extension 'colcon_meta'
[0.234s] Level 1:colcon.colcon_core.package_identification:_identify(src/robot_navigation2) by extensions ['ros']
[0.234s] Level 1:colcon.colcon_core.package_identification:_identify(src/robot_navigation2) by extension 'ros'
[0.235s] DEBUG:colcon.colcon_core.package_identification:Package 'src/robot_navigation2' with type 'ros.ament_cmake' and name 'robot_navigation2'
[0.235s] Level 1:colcon.colcon_core.package_identification:_identify(tools) by extensions ['ignore', 'ignore_ament_install']
[0.235s] Level 1:colcon.colcon_core.package_identification:_identify(tools) by extension 'ignore'
[0.235s] Level 1:colcon.colcon_core.package_identification:_identify(tools) by extension 'ignore_ament_install'
[0.235s] Level 1:colcon.colcon_core.package_identification:_identify(tools) by extensions ['colcon_pkg']
[0.235s] Level 1:colcon.colcon_core.package_identification:_identify(tools) by extension 'colcon_pkg'
[0.235s] Level 1:colcon.colcon_core.package_identification:_identify(tools) by extensions ['colcon_meta']
[0.235s] Level 1:colcon.colcon_core.package_identification:_identify(tools) by extension 'colcon_meta'
[0.235s] Level 1:colcon.colcon_core.package_identification:_identify(tools) by extensions ['ros']
[0.235s] Level 1:colcon.colcon_core.package_identification:_identify(tools) by extension 'ros'
[0.235s] Level 1:colcon.colcon_core.package_identification:_identify(tools) by extensions ['cmake', 'python']
[0.235s] Level 1:colcon.colcon_core.package_identification:_identify(tools) by extension 'cmake'
[0.235s] Level 1:colcon.colcon_core.package_identification:_identify(tools) by extension 'python'
[0.235s] Level 1:colcon.colcon_core.package_identification:_identify(tools) by extensions ['python_setup_py']
[0.235s] Level 1:colcon.colcon_core.package_identification:_identify(tools) by extension 'python_setup_py'
[0.235s] Level 1:colcon.colcon_core.package_identification:_identify(tools/__pycache__) by extensions ['ignore', 'ignore_ament_install']
[0.235s] Level 1:colcon.colcon_core.package_identification:_identify(tools/__pycache__) by extension 'ignore'
[0.236s] Level 1:colcon.colcon_core.package_identification:_identify(tools/__pycache__) by extension 'ignore_ament_install'
[0.236s] Level 1:colcon.colcon_core.package_identification:_identify(tools/__pycache__) by extensions ['colcon_pkg']
[0.236s] Level 1:colcon.colcon_core.package_identification:_identify(tools/__pycache__) by extension 'colcon_pkg'
[0.236s] Level 1:colcon.colcon_core.package_identification:_identify(tools/__pycache__) by extensions ['colcon_meta']
[0.236s] Level 1:colcon.colcon_core.package_identification:_identify(tools/__pycache__) by extension 'colcon_meta'
[0.236s] Level 1:colcon.colcon_core.package_identification:_identify(tools/__pycache__) by extensions ['ros']
[0.236s] Level 1:colcon.colcon_core.package_identification:_identify(tools/__pycache__) by extension 'ros'
[0.236s] Level 1:colcon.colcon_core.package_identification:_identify(tools/__pycache__) by extensions ['cmake', 'python']
[0.236s] Level 1:colcon.colcon_core.package_identification:_identify(tools/__pycache__) by extension 'cmake'
[0.236s] Level 1:colcon.colcon_core.package_identification:_identify(tools/__pycache__) by extension 'python'
[0.236s] Level 1:colcon.colcon_core.package_identification:_identify(tools/__pycache__) by extensions ['python_setup_py']
[0.236s] Level 1:colcon.colcon_core.package_identification:_identify(tools/__pycache__) by extension 'python_setup_py'
[0.236s] Level 1:colcon.colcon_core.package_discovery:discover_packages(recursive) using defaults
[0.236s] Level 1:colcon.colcon_core.package_discovery:discover_packages(ignore) discover
[0.236s] Level 1:colcon.colcon_core.package_discovery:discover_packages(ignore) using defaults
[0.236s] Level 1:colcon.colcon_core.package_discovery:discover_packages(path) discover
[0.236s] Level 1:colcon.colcon_core.package_discovery:discover_packages(path) using defaults
[0.251s] Level 1:colcon.colcon_core.package_discovery:discover_packages(prefix_path) check parameters
[0.251s] Level 1:colcon.colcon_core.package_discovery:discover_packages(prefix_path) discover
[0.253s] DEBUG:colcon.colcon_installed_package_information.package_discovery:Found 328 installed packages in /opt/ros/foxy
[0.254s] Level 1:colcon.colcon_core.package_discovery:discover_packages(prefix_path) using defaults
[0.300s] Level 5:colcon.colcon_core.verb:set package 'lio_sam_op' build argument 'cmake_args' from command line to 'None'
[0.300s] Level 5:colcon.colcon_core.verb:set package 'lio_sam_op' build argument 'cmake_target' from command line to 'None'
[0.300s] Level 5:colcon.colcon_core.verb:set package 'lio_sam_op' build argument 'cmake_target_skip_unavailable' from command line to 'False'
[0.300s] Level 5:colcon.colcon_core.verb:set package 'lio_sam_op' build argument 'cmake_clean_cache' from command line to 'False'
[0.300s] Level 5:colcon.colcon_core.verb:set package 'lio_sam_op' build argument 'cmake_clean_first' from command line to 'False'
[0.300s] Level 5:colcon.colcon_core.verb:set package 'lio_sam_op' build argument 'cmake_force_configure' from command line to 'False'
[0.300s] Level 5:colcon.colcon_core.verb:set package 'lio_sam_op' build argument 'ament_cmake_args' from command line to 'None'
[0.300s] Level 5:colcon.colcon_core.verb:set package 'lio_sam_op' build argument 'catkin_cmake_args' from command line to 'None'
[0.300s] Level 5:colcon.colcon_core.verb:set package 'lio_sam_op' build argument 'catkin_skip_building_tests' from command line to 'False'
[0.300s] DEBUG:colcon.colcon_core.verb:Building package 'lio_sam_op' with the following arguments: {'ament_cmake_args': None, 'build_base': '/home/korey/Desktop/lio_nav2/build/lio_sam_op', 'catkin_cmake_args': None, 'catkin_skip_building_tests': False, 'cmake_args': None, 'cmake_clean_cache': False, 'cmake_clean_first': False, 'cmake_force_configure': False, 'cmake_target': None, 'cmake_target_skip_unavailable': False, 'install_base': '/home/korey/Desktop/lio_nav2/install/lio_sam_op', 'merge_install': False, 'path': '/home/korey/Desktop/lio_nav2/src/LIO-SAM', 'symlink_install': False, 'test_result_base': None}
[0.301s] Level 5:colcon.colcon_core.verb:set package 'pointcloud_to_laserscan' build argument 'cmake_args' from command line to 'None'
[0.301s] Level 5:colcon.colcon_core.verb:set package 'pointcloud_to_laserscan' build argument 'cmake_target' from command line to 'None'
[0.301s] Level 5:colcon.colcon_core.verb:set package 'pointcloud_to_laserscan' build argument 'cmake_target_skip_unavailable' from command line to 'False'
[0.301s] Level 5:colcon.colcon_core.verb:set package 'pointcloud_to_laserscan' build argument 'cmake_clean_cache' from command line to 'False'
[0.301s] Level 5:colcon.colcon_core.verb:set package 'pointcloud_to_laserscan' build argument 'cmake_clean_first' from command line to 'False'
[0.301s] Level 5:colcon.colcon_core.verb:set package 'pointcloud_to_laserscan' build argument 'cmake_force_configure' from command line to 'False'
[0.301s] Level 5:colcon.colcon_core.verb:set package 'pointcloud_to_laserscan' build argument 'ament_cmake_args' from command line to 'None'
[0.301s] Level 5:colcon.colcon_core.verb:set package 'pointcloud_to_laserscan' build argument 'catkin_cmake_args' from command line to 'None'
[0.301s] Level 5:colcon.colcon_core.verb:set package 'pointcloud_to_laserscan' build argument 'catkin_skip_building_tests' from command line to 'False'
[0.301s] DEBUG:colcon.colcon_core.verb:Building package 'pointcloud_to_laserscan' with the following arguments: {'ament_cmake_args': None, 'build_base': '/home/korey/Desktop/lio_nav2/build/pointcloud_to_laserscan', 'catkin_cmake_args': None, 'catkin_skip_building_tests': False, 'cmake_args': None, 'cmake_clean_cache': False, 'cmake_clean_first': False, 'cmake_force_configure': False, 'cmake_target': None, 'cmake_target_skip_unavailable': False, 'install_base': '/home/korey/Desktop/lio_nav2/install/pointcloud_to_laserscan', 'merge_install': False, 'path': '/home/korey/Desktop/lio_nav2/src/pointcloud_to_laserscan', 'symlink_install': False, 'test_result_base': None}
[0.301s] Level 5:colcon.colcon_core.verb:set package 'robot_bringup' build argument 'cmake_args' from command line to 'None'
[0.301s] Level 5:colcon.colcon_core.verb:set package 'robot_bringup' build argument 'cmake_target' from command line to 'None'
[0.301s] Level 5:colcon.colcon_core.verb:set package 'robot_bringup' build argument 'cmake_target_skip_unavailable' from command line to 'False'
[0.301s] Level 5:colcon.colcon_core.verb:set package 'robot_bringup' build argument 'cmake_clean_cache' from command line to 'False'
[0.301s] Level 5:colcon.colcon_core.verb:set package 'robot_bringup' build argument 'cmake_clean_first' from command line to 'False'
[0.301s] Level 5:colcon.colcon_core.verb:set package 'robot_bringup' build argument 'cmake_force_configure' from command line to 'False'
[0.302s] Level 5:colcon.colcon_core.verb:set package 'robot_bringup' build argument 'ament_cmake_args' from command line to 'None'
[0.302s] Level 5:colcon.colcon_core.verb:set package 'robot_bringup' build argument 'catkin_cmake_args' from command line to 'None'
[0.302s] Level 5:colcon.colcon_core.verb:set package 'robot_bringup' build argument 'catkin_skip_building_tests' from command line to 'False'
[0.302s] DEBUG:colcon.colcon_core.verb:Building package 'robot_bringup' with the following arguments: {'ament_cmake_args': None, 'build_base': '/home/korey/Desktop/lio_nav2/build/robot_bringup', 'catkin_cmake_args': None, 'catkin_skip_building_tests': False, 'cmake_args': None, 'cmake_clean_cache': False, 'cmake_clean_first': False, 'cmake_force_configure': False, 'cmake_target': None, 'cmake_target_skip_unavailable': False, 'install_base': '/home/korey/Desktop/lio_nav2/install/robot_bringup', 'merge_install': False, 'path': '/home/korey/Desktop/lio_nav2/src/robot_bringup', 'symlink_install': False, 'test_result_base': None}
[0.302s] Level 5:colcon.colcon_core.verb:set package 'robot_navigation2' build argument 'cmake_args' from command line to 'None'
[0.302s] Level 5:colcon.colcon_core.verb:set package 'robot_navigation2' build argument 'cmake_target' from command line to 'None'
[0.302s] Level 5:colcon.colcon_core.verb:set package 'robot_navigation2' build argument 'cmake_target_skip_unavailable' from command line to 'False'
[0.302s] Level 5:colcon.colcon_core.verb:set package 'robot_navigation2' build argument 'cmake_clean_cache' from command line to 'False'
[0.302s] Level 5:colcon.colcon_core.verb:set package 'robot_navigation2' build argument 'cmake_clean_first' from command line to 'False'
[0.302s] Level 5:colcon.colcon_core.verb:set package 'robot_navigation2' build argument 'cmake_force_configure' from command line to 'False'
[0.302s] Level 5:colcon.colcon_core.verb:set package 'robot_navigation2' build argument 'ament_cmake_args' from command line to 'None'
[0.302s] Level 5:colcon.colcon_core.verb:set package 'robot_navigation2' build argument 'catkin_cmake_args' from command line to 'None'
[0.302s] Level 5:colcon.colcon_core.verb:set package 'robot_navigation2' build argument 'catkin_skip_building_tests' from command line to 'False'
[0.302s] DEBUG:colcon.colcon_core.verb:Building package 'robot_navigation2' with the following arguments: {'ament_cmake_args': None, 'build_base': '/home/korey/Desktop/lio_nav2/build/robot_navigation2', 'catkin_cmake_args': None, 'catkin_skip_building_tests': False, 'cmake_args': None, 'cmake_clean_cache': False, 'cmake_clean_first': False, 'cmake_force_configure': False, 'cmake_target': None, 'cmake_target_skip_unavailable': False, 'install_base': '/home/korey/Desktop/lio_nav2/install/robot_navigation2', 'merge_install': False, 'path': '/home/korey/Desktop/lio_nav2/src/robot_navigation2', 'symlink_install': False, 'test_result_base': None}
[0.302s] INFO:colcon.colcon_core.executor:Executing jobs using 'parallel' executor
[0.303s] DEBUG:colcon.colcon_parallel_executor.executor.parallel:run_until_complete
[0.304s] INFO:colcon.colcon_ros.task.ament_cmake.build:Building ROS package in '/home/korey/Desktop/lio_nav2/src/LIO-SAM' with build type 'ament_cmake'
[0.304s] INFO:colcon.colcon_cmake.task.cmake.build:Building CMake package in '/home/korey/Desktop/lio_nav2/src/LIO-SAM'
[0.306s] INFO:colcon.colcon_core.plugin_system:Skipping extension 'colcon_core.shell.bat': Not used on non-Windows systems
[0.306s] INFO:colcon.colcon_core.shell:Skip shell extension 'powershell' for command environment: Not usable outside of PowerShell
[0.306s] DEBUG:colcon.colcon_core.shell:Skip shell extension 'dsv' for command environment
[0.311s] INFO:colcon.colcon_ros.task.ament_cmake.build:Building ROS package in '/home/korey/Desktop/lio_nav2/src/pointcloud_to_laserscan' with build type 'ament_cmake'
[0.311s] INFO:colcon.colcon_cmake.task.cmake.build:Building CMake package in '/home/korey/Desktop/lio_nav2/src/pointcloud_to_laserscan'
[0.312s] INFO:colcon.colcon_core.shell:Skip shell extension 'powershell' for command environment: Not usable outside of PowerShell
[0.312s] DEBUG:colcon.colcon_core.shell:Skip shell extension 'dsv' for command environment
[0.317s] INFO:colcon.colcon_ros.task.ament_cmake.build:Building ROS package in '/home/korey/Desktop/lio_nav2/src/robot_bringup' with build type 'ament_cmake'
[0.317s] INFO:colcon.colcon_cmake.task.cmake.build:Building CMake package in '/home/korey/Desktop/lio_nav2/src/robot_bringup'
[0.318s] INFO:colcon.colcon_core.shell:Skip shell extension 'powershell' for command environment: Not usable outside of PowerShell
[0.318s] DEBUG:colcon.colcon_core.shell:Skip shell extension 'dsv' for command environment
[0.325s] INFO:colcon.colcon_ros.task.ament_cmake.build:Building ROS package in '/home/korey/Desktop/lio_nav2/src/robot_navigation2' with build type 'ament_cmake'
[0.325s] INFO:colcon.colcon_cmake.task.cmake.build:Building CMake package in '/home/korey/Desktop/lio_nav2/src/robot_navigation2'
[0.326s] INFO:colcon.colcon_core.shell:Skip shell extension 'powershell' for command environment: Not usable outside of PowerShell
[0.326s] DEBUG:colcon.colcon_core.shell:Skip shell extension 'dsv' for command environment
[0.340s] DEBUG:colcon.colcon_core.event_handler.log_command:Invoking command in '/home/korey/Desktop/lio_nav2/build/lio_sam_op': CMAKE_PREFIX_PATH=/opt/ros/foxy /home/korey/.local/bin/cmake /home/korey/Desktop/lio_nav2/src/LIO-SAM -DCMAKE_INSTALL_PREFIX=/home/korey/Desktop/lio_nav2/install/lio_sam_op
[0.346s] DEBUG:colcon.colcon_core.event_handler.log_command:Invoking command in '/home/korey/Desktop/lio_nav2/build/pointcloud_to_laserscan': CMAKE_PREFIX_PATH=/opt/ros/foxy /home/korey/.local/bin/cmake /home/korey/Desktop/lio_nav2/src/pointcloud_to_laserscan -DCMAKE_INSTALL_PREFIX=/home/korey/Desktop/lio_nav2/install/pointcloud_to_laserscan
[0.350s] DEBUG:colcon.colcon_core.event_handler.log_command:Invoking command in '/home/korey/Desktop/lio_nav2/build/robot_bringup': CMAKE_PREFIX_PATH=/opt/ros/foxy /home/korey/.local/bin/cmake /home/korey/Desktop/lio_nav2/src/robot_bringup -DCMAKE_INSTALL_PREFIX=/home/korey/Desktop/lio_nav2/install/robot_bringup
[0.358s] DEBUG:colcon.colcon_core.event_handler.log_command:Invoking command in '/home/korey/Desktop/lio_nav2/build/robot_navigation2': CMAKE_PREFIX_PATH=/opt/ros/foxy /home/korey/.local/bin/cmake /home/korey/Desktop/lio_nav2/src/robot_navigation2 -DCMAKE_INSTALL_PREFIX=/home/korey/Desktop/lio_nav2/install/robot_navigation2
[1.173s] DEBUG:colcon.colcon_core.event_handler.log_command:Invoked command in '/home/korey/Desktop/lio_nav2/build/robot_navigation2' returned '0': CMAKE_PREFIX_PATH=/opt/ros/foxy /home/korey/.local/bin/cmake /home/korey/Desktop/lio_nav2/src/robot_navigation2 -DCMAKE_INSTALL_PREFIX=/home/korey/Desktop/lio_nav2/install/robot_navigation2
[1.177s] DEBUG:colcon.colcon_core.event_handler.log_command:Invoking command in '/home/korey/Desktop/lio_nav2/build/robot_navigation2': CMAKE_PREFIX_PATH=/opt/ros/foxy /home/korey/.local/bin/cmake --build /home/korey/Desktop/lio_nav2/build/robot_navigation2 -- -j12 -l12
[1.231s] DEBUG:colcon.colcon_core.event_handler.log_command:Invoked command in '/home/korey/Desktop/lio_nav2/build/robot_navigation2' returned '0': CMAKE_PREFIX_PATH=/opt/ros/foxy /home/korey/.local/bin/cmake --build /home/korey/Desktop/lio_nav2/build/robot_navigation2 -- -j12 -l12
[1.274s] DEBUG:colcon.colcon_core.event_handler.log_command:Invoking command in '/home/korey/Desktop/lio_nav2/build/robot_navigation2': CMAKE_PREFIX_PATH=/opt/ros/foxy /home/korey/.local/bin/cmake --install /home/korey/Desktop/lio_nav2/build/robot_navigation2
[1.358s] Level 1:colcon.colcon_core.environment:create_environment_scripts_only(robot_navigation2)
[1.359s] DEBUG:colcon.colcon_core.event_handler.log_command:Invoked command in '/home/korey/Desktop/lio_nav2/build/robot_navigation2' returned '0': CMAKE_PREFIX_PATH=/opt/ros/foxy /home/korey/.local/bin/cmake --install /home/korey/Desktop/lio_nav2/build/robot_navigation2
[1.361s] Level 1:colcon.colcon_core.environment:checking '/home/korey/Desktop/lio_nav2/install/robot_navigation2' for CMake module files
[1.362s] Level 1:colcon.colcon_core.environment:checking '/home/korey/Desktop/lio_nav2/install/robot_navigation2' for CMake config files
[1.362s] Level 1:colcon.colcon_core.shell:create_environment_hook('robot_navigation2', 'cmake_prefix_path')
[1.362s] INFO:colcon.colcon_core.shell:Creating environment hook '/home/korey/Desktop/lio_nav2/install/robot_navigation2/share/robot_navigation2/hook/cmake_prefix_path.ps1'
[1.363s] INFO:colcon.colcon_core.shell:Creating environment descriptor '/home/korey/Desktop/lio_nav2/install/robot_navigation2/share/robot_navigation2/hook/cmake_prefix_path.dsv'
[1.363s] INFO:colcon.colcon_core.shell:Creating environment hook '/home/korey/Desktop/lio_nav2/install/robot_navigation2/share/robot_navigation2/hook/cmake_prefix_path.sh'
[1.364s] Level 1:colcon.colcon_core.environment:checking '/home/korey/Desktop/lio_nav2/install/robot_navigation2/lib'
[1.364s] Level 1:colcon.colcon_core.environment:checking '/home/korey/Desktop/lio_nav2/install/robot_navigation2/bin'
[1.364s] Level 1:colcon.colcon_core.environment:checking '/home/korey/Desktop/lio_nav2/install/robot_navigation2/lib/pkgconfig/robot_navigation2.pc'
[1.365s] Level 1:colcon.colcon_core.environment:checking '/home/korey/Desktop/lio_nav2/install/robot_navigation2/lib/python3.8/site-packages'
[1.365s] Level 1:colcon.colcon_core.shell:create_environment_hook('robot_navigation2', 'pythonpath')
[1.365s] INFO:colcon.colcon_core.shell:Creating environment hook '/home/korey/Desktop/lio_nav2/install/robot_navigation2/share/robot_navigation2/hook/pythonpath.ps1'
[1.365s] INFO:colcon.colcon_core.shell:Creating environment descriptor '/home/korey/Desktop/lio_nav2/install/robot_navigation2/share/robot_navigation2/hook/pythonpath.dsv'
[1.366s] INFO:colcon.colcon_core.shell:Creating environment hook '/home/korey/Desktop/lio_nav2/install/robot_navigation2/share/robot_navigation2/hook/pythonpath.sh'
[1.366s] Level 1:colcon.colcon_core.environment:checking '/home/korey/Desktop/lio_nav2/install/robot_navigation2/bin'
[1.366s] INFO:colcon.colcon_core.shell:Creating package script '/home/korey/Desktop/lio_nav2/install/robot_navigation2/share/robot_navigation2/package.ps1'
[1.368s] INFO:colcon.colcon_core.shell:Creating package descriptor '/home/korey/Desktop/lio_nav2/install/robot_navigation2/share/robot_navigation2/package.dsv'
[1.368s] INFO:colcon.colcon_core.shell:Creating package script '/home/korey/Desktop/lio_nav2/install/robot_navigation2/share/robot_navigation2/package.sh'
[1.384s] INFO:colcon.colcon_core.shell:Creating package script '/home/korey/Desktop/lio_nav2/install/robot_navigation2/share/robot_navigation2/package.bash'
[1.385s] INFO:colcon.colcon_core.shell:Creating package script '/home/korey/Desktop/lio_nav2/install/robot_navigation2/share/robot_navigation2/package.zsh'
[1.385s] Level 1:colcon.colcon_core.environment:create_file_with_runtime_dependencies(/home/korey/Desktop/lio_nav2/install/robot_navigation2/share/colcon-core/packages/robot_navigation2)
[1.386s] Level 1:colcon.colcon_core.environment:create_environment_scripts_only(robot_navigation2)
[1.386s] Level 1:colcon.colcon_core.environment:checking '/home/korey/Desktop/lio_nav2/install/robot_navigation2' for CMake module files
[1.386s] Level 1:colcon.colcon_core.environment:checking '/home/korey/Desktop/lio_nav2/install/robot_navigation2' for CMake config files
[1.387s] Level 1:colcon.colcon_core.shell:create_environment_hook('robot_navigation2', 'cmake_prefix_path')
[1.387s] INFO:colcon.colcon_core.shell:Creating environment hook '/home/korey/Desktop/lio_nav2/install/robot_navigation2/share/robot_navigation2/hook/cmake_prefix_path.ps1'
[1.387s] INFO:colcon.colcon_core.shell:Creating environment descriptor '/home/korey/Desktop/lio_nav2/install/robot_navigation2/share/robot_navigation2/hook/cmake_prefix_path.dsv'
[1.387s] INFO:colcon.colcon_core.shell:Creating environment hook '/home/korey/Desktop/lio_nav2/install/robot_navigation2/share/robot_navigation2/hook/cmake_prefix_path.sh'
[1.388s] Level 1:colcon.colcon_core.environment:checking '/home/korey/Desktop/lio_nav2/install/robot_navigation2/lib'
[1.388s] Level 1:colcon.colcon_core.environment:checking '/home/korey/Desktop/lio_nav2/install/robot_navigation2/bin'
[1.388s] Level 1:colcon.colcon_core.environment:checking '/home/korey/Desktop/lio_nav2/install/robot_navigation2/lib/pkgconfig/robot_navigation2.pc'
[1.388s] Level 1:colcon.colcon_core.environment:checking '/home/korey/Desktop/lio_nav2/install/robot_navigation2/lib/python3.8/site-packages'
[1.388s] Level 1:colcon.colcon_core.shell:create_environment_hook('robot_navigation2', 'pythonpath')
[1.388s] INFO:colcon.colcon_core.shell:Creating environment hook '/home/korey/Desktop/lio_nav2/install/robot_navigation2/share/robot_navigation2/hook/pythonpath.ps1'
[1.389s] INFO:colcon.colcon_core.shell:Creating environment descriptor '/home/korey/Desktop/lio_nav2/install/robot_navigation2/share/robot_navigation2/hook/pythonpath.dsv'
[1.389s] INFO:colcon.colcon_core.shell:Creating environment hook '/home/korey/Desktop/lio_nav2/install/robot_navigation2/share/robot_navigation2/hook/pythonpath.sh'
[1.389s] Level 1:colcon.colcon_core.environment:checking '/home/korey/Desktop/lio_nav2/install/robot_navigation2/bin'
[1.389s] INFO:colcon.colcon_core.shell:Creating package script '/home/korey/Desktop/lio_nav2/install/robot_navigation2/share/robot_navigation2/package.ps1'
[1.390s] INFO:colcon.colcon_core.shell:Creating package descriptor '/home/korey/Desktop/lio_nav2/install/robot_navigation2/share/robot_navigation2/package.dsv'
[1.390s] INFO:colcon.colcon_core.shell:Creating package script '/home/korey/Desktop/lio_nav2/install/robot_navigation2/share/robot_navigation2/package.sh'
[1.391s] INFO:colcon.colcon_core.shell:Creating package script '/home/korey/Desktop/lio_nav2/install/robot_navigation2/share/robot_navigation2/package.bash'
[1.391s] INFO:colcon.colcon_core.shell:Creating package script '/home/korey/Desktop/lio_nav2/install/robot_navigation2/share/robot_navigation2/package.zsh'
[1.391s] Level 1:colcon.colcon_core.environment:create_file_with_runtime_dependencies(/home/korey/Desktop/lio_nav2/install/robot_navigation2/share/colcon-core/packages/robot_navigation2)
[2.346s] DEBUG:colcon.colcon_core.event_handler.log_command:Invoked command in '/home/korey/Desktop/lio_nav2/build/pointcloud_to_laserscan' returned '0': CMAKE_PREFIX_PATH=/opt/ros/foxy /home/korey/.local/bin/cmake /home/korey/Desktop/lio_nav2/src/pointcloud_to_laserscan -DCMAKE_INSTALL_PREFIX=/home/korey/Desktop/lio_nav2/install/pointcloud_to_laserscan
[2.350s] DEBUG:colcon.colcon_core.event_handler.log_command:Invoking command in '/home/korey/Desktop/lio_nav2/build/pointcloud_to_laserscan': CMAKE_PREFIX_PATH=/opt/ros/foxy /home/korey/.local/bin/cmake --build /home/korey/Desktop/lio_nav2/build/pointcloud_to_laserscan -- -j12 -l12
[2.911s] DEBUG:colcon.colcon_core.event_handler.log_command:Invoked command in '/home/korey/Desktop/lio_nav2/build/robot_bringup' returned '0': CMAKE_PREFIX_PATH=/opt/ros/foxy /home/korey/.local/bin/cmake /home/korey/Desktop/lio_nav2/src/robot_bringup -DCMAKE_INSTALL_PREFIX=/home/korey/Desktop/lio_nav2/install/robot_bringup
[2.916s] DEBUG:colcon.colcon_core.event_handler.log_command:Invoking command in '/home/korey/Desktop/lio_nav2/build/robot_bringup': CMAKE_PREFIX_PATH=/opt/ros/foxy /home/korey/.local/bin/cmake --build /home/korey/Desktop/lio_nav2/build/robot_bringup -- -j12 -l12
[5.784s] DEBUG:colcon.colcon_core.event_handler.log_command:Invoked command in '/home/korey/Desktop/lio_nav2/build/lio_sam_op' returned '0': CMAKE_PREFIX_PATH=/opt/ros/foxy /home/korey/.local/bin/cmake /home/korey/Desktop/lio_nav2/src/LIO-SAM -DCMAKE_INSTALL_PREFIX=/home/korey/Desktop/lio_nav2/install/lio_sam_op
[5.788s] DEBUG:colcon.colcon_core.event_handler.log_command:Invoking command in '/home/korey/Desktop/lio_nav2/build/lio_sam_op': CMAKE_PREFIX_PATH=/opt/ros/foxy /home/korey/.local/bin/cmake --build /home/korey/Desktop/lio_nav2/build/lio_sam_op -- -j12 -l12
[13.669s] DEBUG:colcon.colcon_core.event_handler.log_command:Invoked command in '/home/korey/Desktop/lio_nav2/build/robot_bringup' returned '0': CMAKE_PREFIX_PATH=/opt/ros/foxy /home/korey/.local/bin/cmake --build /home/korey/Desktop/lio_nav2/build/robot_bringup -- -j12 -l12
[13.670s] DEBUG:colcon.colcon_core.event_handler.log_command:Invoking command in '/home/korey/Desktop/lio_nav2/build/robot_bringup': CMAKE_PREFIX_PATH=/opt/ros/foxy /home/korey/.local/bin/cmake --install /home/korey/Desktop/lio_nav2/build/robot_bringup
[13.714s] Level 1:colcon.colcon_core.environment:create_environment_scripts_only(robot_bringup)
[13.715s] Level 1:colcon.colcon_core.environment:checking '/home/korey/Desktop/lio_nav2/install/robot_bringup' for CMake module files
[13.716s] Level 1:colcon.colcon_core.environment:checking '/home/korey/Desktop/lio_nav2/install/robot_bringup' for CMake config files
[13.716s] Level 1:colcon.colcon_core.shell:create_environment_hook('robot_bringup', 'cmake_prefix_path')
[13.717s] INFO:colcon.colcon_core.shell:Creating environment hook '/home/korey/Desktop/lio_nav2/install/robot_bringup/share/robot_bringup/hook/cmake_prefix_path.ps1'
[13.717s] INFO:colcon.colcon_core.shell:Creating environment descriptor '/home/korey/Desktop/lio_nav2/install/robot_bringup/share/robot_bringup/hook/cmake_prefix_path.dsv'
[13.717s] INFO:colcon.colcon_core.shell:Creating environment hook '/home/korey/Desktop/lio_nav2/install/robot_bringup/share/robot_bringup/hook/cmake_prefix_path.sh'
[13.718s] Level 1:colcon.colcon_core.environment:checking '/home/korey/Desktop/lio_nav2/install/robot_bringup/lib'
[13.718s] Level 1:colcon.colcon_core.environment:checking '/home/korey/Desktop/lio_nav2/install/robot_bringup/bin'
[13.718s] Level 1:colcon.colcon_core.environment:checking '/home/korey/Desktop/lio_nav2/install/robot_bringup/lib/pkgconfig/robot_bringup.pc'
[13.718s] Level 1:colcon.colcon_core.environment:checking '/home/korey/Desktop/lio_nav2/install/robot_bringup/lib/python3.8/site-packages'
[13.719s] Level 1:colcon.colcon_core.environment:checking '/home/korey/Desktop/lio_nav2/install/robot_bringup/bin'
[13.719s] INFO:colcon.colcon_core.shell:Creating package script '/home/korey/Desktop/lio_nav2/install/robot_bringup/share/robot_bringup/package.ps1'
[13.720s] INFO:colcon.colcon_core.shell:Creating package descriptor '/home/korey/Desktop/lio_nav2/install/robot_bringup/share/robot_bringup/package.dsv'
[13.720s] INFO:colcon.colcon_core.shell:Creating package script '/home/korey/Desktop/lio_nav2/install/robot_bringup/share/robot_bringup/package.sh'
[13.720s] INFO:colcon.colcon_core.shell:Creating package script '/home/korey/Desktop/lio_nav2/install/robot_bringup/share/robot_bringup/package.bash'
[13.721s] INFO:colcon.colcon_core.shell:Creating package script '/home/korey/Desktop/lio_nav2/install/robot_bringup/share/robot_bringup/package.zsh'
[13.721s] Level 1:colcon.colcon_core.environment:create_file_with_runtime_dependencies(/home/korey/Desktop/lio_nav2/install/robot_bringup/share/colcon-core/packages/robot_bringup)
[13.715s] DEBUG:colcon.colcon_core.event_handler.log_command:Invoked command in '/home/korey/Desktop/lio_nav2/build/robot_bringup' returned '0': CMAKE_PREFIX_PATH=/opt/ros/foxy /home/korey/.local/bin/cmake --install /home/korey/Desktop/lio_nav2/build/robot_bringup
[13.722s] Level 1:colcon.colcon_core.environment:create_environment_scripts_only(robot_bringup)
[13.722s] Level 1:colcon.colcon_core.environment:checking '/home/korey/Desktop/lio_nav2/install/robot_bringup' for CMake module files
[13.723s] Level 1:colcon.colcon_core.environment:checking '/home/korey/Desktop/lio_nav2/install/robot_bringup' for CMake config files
[13.723s] Level 1:colcon.colcon_core.shell:create_environment_hook('robot_bringup', 'cmake_prefix_path')
[13.723s] INFO:colcon.colcon_core.shell:Creating environment hook '/home/korey/Desktop/lio_nav2/install/robot_bringup/share/robot_bringup/hook/cmake_prefix_path.ps1'
[13.724s] INFO:colcon.colcon_core.shell:Creating environment descriptor '/home/korey/Desktop/lio_nav2/install/robot_bringup/share/robot_bringup/hook/cmake_prefix_path.dsv'
[13.724s] INFO:colcon.colcon_core.shell:Creating environment hook '/home/korey/Desktop/lio_nav2/install/robot_bringup/share/robot_bringup/hook/cmake_prefix_path.sh'
[13.728s] Level 1:colcon.colcon_core.environment:checking '/home/korey/Desktop/lio_nav2/install/robot_bringup/lib'
[13.728s] Level 1:colcon.colcon_core.environment:checking '/home/korey/Desktop/lio_nav2/install/robot_bringup/bin'
[13.728s] Level 1:colcon.colcon_core.environment:checking '/home/korey/Desktop/lio_nav2/install/robot_bringup/lib/pkgconfig/robot_bringup.pc'
[13.728s] Level 1:colcon.colcon_core.environment:checking '/home/korey/Desktop/lio_nav2/install/robot_bringup/lib/python3.8/site-packages'
[13.729s] Level 1:colcon.colcon_core.environment:checking '/home/korey/Desktop/lio_nav2/install/robot_bringup/bin'
[13.729s] INFO:colcon.colcon_core.shell:Creating package script '/home/korey/Desktop/lio_nav2/install/robot_bringup/share/robot_bringup/package.ps1'
[13.731s] INFO:colcon.colcon_core.shell:Creating package descriptor '/home/korey/Desktop/lio_nav2/install/robot_bringup/share/robot_bringup/package.dsv'
[13.731s] INFO:colcon.colcon_core.shell:Creating package script '/home/korey/Desktop/lio_nav2/install/robot_bringup/share/robot_bringup/package.sh'
[13.732s] INFO:colcon.colcon_core.shell:Creating package script '/home/korey/Desktop/lio_nav2/install/robot_bringup/share/robot_bringup/package.bash'
[13.732s] INFO:colcon.colcon_core.shell:Creating package script '/home/korey/Desktop/lio_nav2/install/robot_bringup/share/robot_bringup/package.zsh'
[13.733s] Level 1:colcon.colcon_core.environment:create_file_with_runtime_dependencies(/home/korey/Desktop/lio_nav2/install/robot_bringup/share/colcon-core/packages/robot_bringup)
[28.943s] DEBUG:colcon.colcon_core.event_handler.log_command:Invoked command in '/home/korey/Desktop/lio_nav2/build/pointcloud_to_laserscan' returned '0': CMAKE_PREFIX_PATH=/opt/ros/foxy /home/korey/.local/bin/cmake --build /home/korey/Desktop/lio_nav2/build/pointcloud_to_laserscan -- -j12 -l12
[28.947s] DEBUG:colcon.colcon_core.event_handler.log_command:Invoking command in '/home/korey/Desktop/lio_nav2/build/pointcloud_to_laserscan': CMAKE_PREFIX_PATH=/opt/ros/foxy /home/korey/.local/bin/cmake --install /home/korey/Desktop/lio_nav2/build/pointcloud_to_laserscan
[29.019s] Level 1:colcon.colcon_core.environment:create_environment_scripts_only(pointcloud_to_laserscan)
[29.020s] Level 1:colcon.colcon_core.environment:checking '/home/korey/Desktop/lio_nav2/install/pointcloud_to_laserscan' for CMake module files
[29.021s] DEBUG:colcon.colcon_core.event_handler.log_command:Invoked command in '/home/korey/Desktop/lio_nav2/build/pointcloud_to_laserscan' returned '0': CMAKE_PREFIX_PATH=/opt/ros/foxy /home/korey/.local/bin/cmake --install /home/korey/Desktop/lio_nav2/build/pointcloud_to_laserscan
[29.021s] Level 1:colcon.colcon_core.environment:checking '/home/korey/Desktop/lio_nav2/install/pointcloud_to_laserscan' for CMake config files
[29.022s] Level 1:colcon.colcon_core.shell:create_environment_hook('pointcloud_to_laserscan', 'cmake_prefix_path')
[29.022s] INFO:colcon.colcon_core.shell:Creating environment hook '/home/korey/Desktop/lio_nav2/install/pointcloud_to_laserscan/share/pointcloud_to_laserscan/hook/cmake_prefix_path.ps1'
[29.024s] INFO:colcon.colcon_core.shell:Creating environment descriptor '/home/korey/Desktop/lio_nav2/install/pointcloud_to_laserscan/share/pointcloud_to_laserscan/hook/cmake_prefix_path.dsv'
[29.025s] INFO:colcon.colcon_core.shell:Creating environment hook '/home/korey/Desktop/lio_nav2/install/pointcloud_to_laserscan/share/pointcloud_to_laserscan/hook/cmake_prefix_path.sh'
[29.026s] Level 1:colcon.colcon_core.environment:checking '/home/korey/Desktop/lio_nav2/install/pointcloud_to_laserscan/lib'
[29.026s] Level 1:colcon.colcon_core.shell:create_environment_hook('pointcloud_to_laserscan', 'ld_library_path_lib')
[29.026s] INFO:colcon.colcon_core.shell:Creating environment hook '/home/korey/Desktop/lio_nav2/install/pointcloud_to_laserscan/share/pointcloud_to_laserscan/hook/ld_library_path_lib.ps1'
[29.026s] INFO:colcon.colcon_core.shell:Creating environment descriptor '/home/korey/Desktop/lio_nav2/install/pointcloud_to_laserscan/share/pointcloud_to_laserscan/hook/ld_library_path_lib.dsv'
[29.027s] INFO:colcon.colcon_core.shell:Creating environment hook '/home/korey/Desktop/lio_nav2/install/pointcloud_to_laserscan/share/pointcloud_to_laserscan/hook/ld_library_path_lib.sh'
[29.027s] Level 1:colcon.colcon_core.environment:checking '/home/korey/Desktop/lio_nav2/install/pointcloud_to_laserscan/bin'
[29.027s] Level 1:colcon.colcon_core.environment:checking '/home/korey/Desktop/lio_nav2/install/pointcloud_to_laserscan/lib/pkgconfig/pointcloud_to_laserscan.pc'
[29.027s] Level 1:colcon.colcon_core.environment:checking '/home/korey/Desktop/lio_nav2/install/pointcloud_to_laserscan/lib/python3.8/site-packages'
[29.028s] Level 1:colcon.colcon_core.environment:checking '/home/korey/Desktop/lio_nav2/install/pointcloud_to_laserscan/bin'
[29.028s] INFO:colcon.colcon_core.shell:Creating package script '/home/korey/Desktop/lio_nav2/install/pointcloud_to_laserscan/share/pointcloud_to_laserscan/package.ps1'
[29.029s] INFO:colcon.colcon_core.shell:Creating package descriptor '/home/korey/Desktop/lio_nav2/install/pointcloud_to_laserscan/share/pointcloud_to_laserscan/package.dsv'
[29.029s] INFO:colcon.colcon_core.shell:Creating package script '/home/korey/Desktop/lio_nav2/install/pointcloud_to_laserscan/share/pointcloud_to_laserscan/package.sh'
[29.030s] INFO:colcon.colcon_core.shell:Creating package script '/home/korey/Desktop/lio_nav2/install/pointcloud_to_laserscan/share/pointcloud_to_laserscan/package.bash'
[29.030s] INFO:colcon.colcon_core.shell:Creating package script '/home/korey/Desktop/lio_nav2/install/pointcloud_to_laserscan/share/pointcloud_to_laserscan/package.zsh'
[29.031s] Level 1:colcon.colcon_core.environment:create_file_with_runtime_dependencies(/home/korey/Desktop/lio_nav2/install/pointcloud_to_laserscan/share/colcon-core/packages/pointcloud_to_laserscan)
[29.032s] Level 1:colcon.colcon_core.environment:create_environment_scripts_only(pointcloud_to_laserscan)
[29.032s] Level 1:colcon.colcon_core.environment:checking '/home/korey/Desktop/lio_nav2/install/pointcloud_to_laserscan' for CMake module files
[29.033s] Level 1:colcon.colcon_core.environment:checking '/home/korey/Desktop/lio_nav2/install/pointcloud_to_laserscan' for CMake config files
[29.033s] Level 1:colcon.colcon_core.shell:create_environment_hook('pointcloud_to_laserscan', 'cmake_prefix_path')
[29.033s] INFO:colcon.colcon_core.shell:Creating environment hook '/home/korey/Desktop/lio_nav2/install/pointcloud_to_laserscan/share/pointcloud_to_laserscan/hook/cmake_prefix_path.ps1'
[29.034s] INFO:colcon.colcon_core.shell:Creating environment descriptor '/home/korey/Desktop/lio_nav2/install/pointcloud_to_laserscan/share/pointcloud_to_laserscan/hook/cmake_prefix_path.dsv'
[29.034s] INFO:colcon.colcon_core.shell:Creating environment hook '/home/korey/Desktop/lio_nav2/install/pointcloud_to_laserscan/share/pointcloud_to_laserscan/hook/cmake_prefix_path.sh'
[29.035s] Level 1:colcon.colcon_core.environment:checking '/home/korey/Desktop/lio_nav2/install/pointcloud_to_laserscan/lib'
[29.035s] Level 1:colcon.colcon_core.shell:create_environment_hook('pointcloud_to_laserscan', 'ld_library_path_lib')
[29.035s] INFO:colcon.colcon_core.shell:Creating environment hook '/home/korey/Desktop/lio_nav2/install/pointcloud_to_laserscan/share/pointcloud_to_laserscan/hook/ld_library_path_lib.ps1'
[29.035s] INFO:colcon.colcon_core.shell:Creating environment descriptor '/home/korey/Desktop/lio_nav2/install/pointcloud_to_laserscan/share/pointcloud_to_laserscan/hook/ld_library_path_lib.dsv'
[29.035s] INFO:colcon.colcon_core.shell:Creating environment hook '/home/korey/Desktop/lio_nav2/install/pointcloud_to_laserscan/share/pointcloud_to_laserscan/hook/ld_library_path_lib.sh'
[29.036s] Level 1:colcon.colcon_core.environment:checking '/home/korey/Desktop/lio_nav2/install/pointcloud_to_laserscan/bin'
[29.036s] Level 1:colcon.colcon_core.environment:checking '/home/korey/Desktop/lio_nav2/install/pointcloud_to_laserscan/lib/pkgconfig/pointcloud_to_laserscan.pc'
[29.036s] Level 1:colcon.colcon_core.environment:checking '/home/korey/Desktop/lio_nav2/install/pointcloud_to_laserscan/lib/python3.8/site-packages'
[29.036s] Level 1:colcon.colcon_core.environment:checking '/home/korey/Desktop/lio_nav2/install/pointcloud_to_laserscan/bin'
[29.036s] INFO:colcon.colcon_core.shell:Creating package script '/home/korey/Desktop/lio_nav2/install/pointcloud_to_laserscan/share/pointcloud_to_laserscan/package.ps1'
[29.037s] INFO:colcon.colcon_core.shell:Creating package descriptor '/home/korey/Desktop/lio_nav2/install/pointcloud_to_laserscan/share/pointcloud_to_laserscan/package.dsv'
[29.037s] INFO:colcon.colcon_core.shell:Creating package script '/home/korey/Desktop/lio_nav2/install/pointcloud_to_laserscan/share/pointcloud_to_laserscan/package.sh'
[29.038s] INFO:colcon.colcon_core.shell:Creating package script '/home/korey/Desktop/lio_nav2/install/pointcloud_to_laserscan/share/pointcloud_to_laserscan/package.bash'
[29.038s] INFO:colcon.colcon_core.shell:Creating package script '/home/korey/Desktop/lio_nav2/install/pointcloud_to_laserscan/share/pointcloud_to_laserscan/package.zsh'
[29.038s] Level 1:colcon.colcon_core.environment:create_file_with_runtime_dependencies(/home/korey/Desktop/lio_nav2/install/pointcloud_to_laserscan/share/colcon-core/packages/pointcloud_to_laserscan)
[67.054s] DEBUG:colcon.colcon_core.event_handler.log_command:Invoked command in '/home/korey/Desktop/lio_nav2/build/lio_sam_op' returned '0': CMAKE_PREFIX_PATH=/opt/ros/foxy /home/korey/.local/bin/cmake --build /home/korey/Desktop/lio_nav2/build/lio_sam_op -- -j12 -l12
[67.059s] DEBUG:colcon.colcon_core.event_handler.log_command:Invoking command in '/home/korey/Desktop/lio_nav2/build/lio_sam_op': CMAKE_PREFIX_PATH=/opt/ros/foxy /home/korey/.local/bin/cmake --install /home/korey/Desktop/lio_nav2/build/lio_sam_op
[67.176s] Level 1:colcon.colcon_core.environment:create_environment_scripts_only(lio_sam_op)
[67.177s] Level 1:colcon.colcon_core.environment:checking '/home/korey/Desktop/lio_nav2/install/lio_sam_op' for CMake module files
[67.177s] DEBUG:colcon.colcon_core.event_handler.log_command:Invoked command in '/home/korey/Desktop/lio_nav2/build/lio_sam_op' returned '0': CMAKE_PREFIX_PATH=/opt/ros/foxy /home/korey/.local/bin/cmake --install /home/korey/Desktop/lio_nav2/build/lio_sam_op
[67.177s] Level 1:colcon.colcon_core.environment:checking '/home/korey/Desktop/lio_nav2/install/lio_sam_op' for CMake config files
[67.178s] Level 1:colcon.colcon_core.shell:create_environment_hook('lio_sam_op', 'cmake_prefix_path')
[67.178s] INFO:colcon.colcon_core.shell:Creating environment hook '/home/korey/Desktop/lio_nav2/install/lio_sam_op/share/lio_sam_op/hook/cmake_prefix_path.ps1'
[67.179s] INFO:colcon.colcon_core.shell:Creating environment descriptor '/home/korey/Desktop/lio_nav2/install/lio_sam_op/share/lio_sam_op/hook/cmake_prefix_path.dsv'
[67.179s] INFO:colcon.colcon_core.shell:Creating environment hook '/home/korey/Desktop/lio_nav2/install/lio_sam_op/share/lio_sam_op/hook/cmake_prefix_path.sh'
[67.179s] Level 1:colcon.colcon_core.environment:checking '/home/korey/Desktop/lio_nav2/install/lio_sam_op/lib'
[67.180s] Level 1:colcon.colcon_core.shell:create_environment_hook('lio_sam_op', 'ld_library_path_lib')
[67.180s] INFO:colcon.colcon_core.shell:Creating environment hook '/home/korey/Desktop/lio_nav2/install/lio_sam_op/share/lio_sam_op/hook/ld_library_path_lib.ps1'
[67.180s] INFO:colcon.colcon_core.shell:Creating environment descriptor '/home/korey/Desktop/lio_nav2/install/lio_sam_op/share/lio_sam_op/hook/ld_library_path_lib.dsv'
[67.180s] INFO:colcon.colcon_core.shell:Creating environment hook '/home/korey/Desktop/lio_nav2/install/lio_sam_op/share/lio_sam_op/hook/ld_library_path_lib.sh'
[67.180s] Level 1:colcon.colcon_core.environment:checking '/home/korey/Desktop/lio_nav2/install/lio_sam_op/bin'
[67.180s] Level 1:colcon.colcon_core.environment:checking '/home/korey/Desktop/lio_nav2/install/lio_sam_op/lib/pkgconfig/lio_sam_op.pc'
[67.181s] Level 1:colcon.colcon_core.environment:checking '/home/korey/Desktop/lio_nav2/install/lio_sam_op/lib/python3.8/site-packages'
[67.181s] Level 1:colcon.colcon_core.shell:create_environment_hook('lio_sam_op', 'pythonpath')
[67.181s] INFO:colcon.colcon_core.shell:Creating environment hook '/home/korey/Desktop/lio_nav2/install/lio_sam_op/share/lio_sam_op/hook/pythonpath.ps1'
[67.181s] INFO:colcon.colcon_core.shell:Creating environment descriptor '/home/korey/Desktop/lio_nav2/install/lio_sam_op/share/lio_sam_op/hook/pythonpath.dsv'
[67.181s] INFO:colcon.colcon_core.shell:Creating environment hook '/home/korey/Desktop/lio_nav2/install/lio_sam_op/share/lio_sam_op/hook/pythonpath.sh'
[67.182s] Level 1:colcon.colcon_core.environment:checking '/home/korey/Desktop/lio_nav2/install/lio_sam_op/bin'
[67.182s] INFO:colcon.colcon_core.shell:Creating package script '/home/korey/Desktop/lio_nav2/install/lio_sam_op/share/lio_sam_op/package.ps1'
[67.183s] INFO:colcon.colcon_core.shell:Creating package descriptor '/home/korey/Desktop/lio_nav2/install/lio_sam_op/share/lio_sam_op/package.dsv'
[67.183s] INFO:colcon.colcon_core.shell:Creating package script '/home/korey/Desktop/lio_nav2/install/lio_sam_op/share/lio_sam_op/package.sh'
[67.183s] INFO:colcon.colcon_core.shell:Creating package script '/home/korey/Desktop/lio_nav2/install/lio_sam_op/share/lio_sam_op/package.bash'
[67.184s] INFO:colcon.colcon_core.shell:Creating package script '/home/korey/Desktop/lio_nav2/install/lio_sam_op/share/lio_sam_op/package.zsh'
[67.184s] Level 1:colcon.colcon_core.environment:create_file_with_runtime_dependencies(/home/korey/Desktop/lio_nav2/install/lio_sam_op/share/colcon-core/packages/lio_sam_op)
[67.184s] Level 1:colcon.colcon_core.environment:create_environment_scripts_only(lio_sam_op)
[67.185s] Level 1:colcon.colcon_core.environment:checking '/home/korey/Desktop/lio_nav2/install/lio_sam_op' for CMake module files
[67.185s] Level 1:colcon.colcon_core.environment:checking '/home/korey/Desktop/lio_nav2/install/lio_sam_op' for CMake config files
[67.186s] Level 1:colcon.colcon_core.shell:create_environment_hook('lio_sam_op', 'cmake_prefix_path')
[67.186s] INFO:colcon.colcon_core.shell:Creating environment hook '/home/korey/Desktop/lio_nav2/install/lio_sam_op/share/lio_sam_op/hook/cmake_prefix_path.ps1'
[67.187s] INFO:colcon.colcon_core.shell:Creating environment descriptor '/home/korey/Desktop/lio_nav2/install/lio_sam_op/share/lio_sam_op/hook/cmake_prefix_path.dsv'
[67.187s] INFO:colcon.colcon_core.shell:Creating environment hook '/home/korey/Desktop/lio_nav2/install/lio_sam_op/share/lio_sam_op/hook/cmake_prefix_path.sh'
[67.188s] Level 1:colcon.colcon_core.environment:checking '/home/korey/Desktop/lio_nav2/install/lio_sam_op/lib'
[67.188s] Level 1:colcon.colcon_core.shell:create_environment_hook('lio_sam_op', 'ld_library_path_lib')
[67.188s] INFO:colcon.colcon_core.shell:Creating environment hook '/home/korey/Desktop/lio_nav2/install/lio_sam_op/share/lio_sam_op/hook/ld_library_path_lib.ps1'
[67.188s] INFO:colcon.colcon_core.shell:Creating environment descriptor '/home/korey/Desktop/lio_nav2/install/lio_sam_op/share/lio_sam_op/hook/ld_library_path_lib.dsv'
[67.189s] INFO:colcon.colcon_core.shell:Creating environment hook '/home/korey/Desktop/lio_nav2/install/lio_sam_op/share/lio_sam_op/hook/ld_library_path_lib.sh'
[67.189s] Level 1:colcon.colcon_core.environment:checking '/home/korey/Desktop/lio_nav2/install/lio_sam_op/bin'
[67.189s] Level 1:colcon.colcon_core.environment:checking '/home/korey/Desktop/lio_nav2/install/lio_sam_op/lib/pkgconfig/lio_sam_op.pc'
[67.189s] Level 1:colcon.colcon_core.environment:checking '/home/korey/Desktop/lio_nav2/install/lio_sam_op/lib/python3.8/site-packages'
[67.189s] Level 1:colcon.colcon_core.shell:create_environment_hook('lio_sam_op', 'pythonpath')
[67.190s] INFO:colcon.colcon_core.shell:Creating environment hook '/home/korey/Desktop/lio_nav2/install/lio_sam_op/share/lio_sam_op/hook/pythonpath.ps1'
[67.190s] INFO:colcon.colcon_core.shell:Creating environment descriptor '/home/korey/Desktop/lio_nav2/install/lio_sam_op/share/lio_sam_op/hook/pythonpath.dsv'
[67.190s] INFO:colcon.colcon_core.shell:Creating environment hook '/home/korey/Desktop/lio_nav2/install/lio_sam_op/share/lio_sam_op/hook/pythonpath.sh'
[67.191s] Level 1:colcon.colcon_core.environment:checking '/home/korey/Desktop/lio_nav2/install/lio_sam_op/bin'
[67.191s] INFO:colcon.colcon_core.shell:Creating package script '/home/korey/Desktop/lio_nav2/install/lio_sam_op/share/lio_sam_op/package.ps1'
[67.192s] INFO:colcon.colcon_core.shell:Creating package descriptor '/home/korey/Desktop/lio_nav2/install/lio_sam_op/share/lio_sam_op/package.dsv'
[67.193s] INFO:colcon.colcon_core.shell:Creating package script '/home/korey/Desktop/lio_nav2/install/lio_sam_op/share/lio_sam_op/package.sh'
[67.193s] INFO:colcon.colcon_core.shell:Creating package script '/home/korey/Desktop/lio_nav2/install/lio_sam_op/share/lio_sam_op/package.bash'
[67.194s] INFO:colcon.colcon_core.shell:Creating package script '/home/korey/Desktop/lio_nav2/install/lio_sam_op/share/lio_sam_op/package.zsh'
[67.194s] Level 1:colcon.colcon_core.environment:create_file_with_runtime_dependencies(/home/korey/Desktop/lio_nav2/install/lio_sam_op/share/colcon-core/packages/lio_sam_op)
[67.194s] DEBUG:colcon.colcon_parallel_executor.executor.parallel:closing loop
[67.195s] DEBUG:colcon.colcon_parallel_executor.executor.parallel:loop closed
[67.195s] DEBUG:colcon.colcon_parallel_executor.executor.parallel:run_until_complete finished with '0'
[67.195s] DEBUG:colcon.colcon_core.event_reactor:joining thread
[67.205s] INFO:colcon.colcon_core.plugin_system:Skipping extension 'colcon_notification.desktop_notification.terminal_notifier': Not used on non-Darwin systems
[67.205s] INFO:colcon.colcon_core.plugin_system:Skipping extension 'colcon_notification.desktop_notification.win32': Not used on non-Windows systems
[67.205s] INFO:colcon.colcon_notification.desktop_notification:Sending desktop notification using 'notify2'
[67.221s] DEBUG:colcon.colcon_core.event_reactor:joined thread
[67.221s] INFO:colcon.colcon_core.shell:Creating prefix script '/home/korey/Desktop/lio_nav2/install/local_setup.ps1'
[67.222s] INFO:colcon.colcon_core.shell:Creating prefix util module '/home/korey/Desktop/lio_nav2/install/_local_setup_util_ps1.py'
[67.224s] INFO:colcon.colcon_core.shell:Creating prefix chain script '/home/korey/Desktop/lio_nav2/install/setup.ps1'
[67.225s] INFO:colcon.colcon_core.shell:Creating prefix script '/home/korey/Desktop/lio_nav2/install/local_setup.sh'
[67.226s] INFO:colcon.colcon_core.shell:Creating prefix util module '/home/korey/Desktop/lio_nav2/install/_local_setup_util_sh.py'
[67.226s] INFO:colcon.colcon_core.shell:Creating prefix chain script '/home/korey/Desktop/lio_nav2/install/setup.sh'
[67.227s] INFO:colcon.colcon_core.shell:Creating prefix script '/home/korey/Desktop/lio_nav2/install/local_setup.bash'
[67.228s] INFO:colcon.colcon_core.shell:Creating prefix chain script '/home/korey/Desktop/lio_nav2/install/setup.bash'
[67.228s] INFO:colcon.colcon_core.shell:Creating prefix script '/home/korey/Desktop/lio_nav2/install/local_setup.zsh'
[67.229s] INFO:colcon.colcon_core.shell:Creating prefix chain script '/home/korey/Desktop/lio_nav2/install/setup.zsh'
