[0.034s] Invoking command in '/home/korey/Desktop/lio-sam_simulation_navigation/build/robot_bringup': /home/korey/.local/bin/cmake /home/korey/Desktop/lio-sam_simulation_navigation/src/robot_bringup -DCMAKE_INSTALL_PREFIX=/home/korey/Desktop/lio-sam_simulation_navigation/install/robot_bringup
[0.197s] -- The C compiler identification is GNU 9.4.0
[0.294s] -- The CXX compiler identification is GNU 9.4.0
[0.305s] -- Detecting C compiler ABI info
[0.370s] -- Detecting C compiler ABI info - done
[0.383s] -- Check for working C compiler: /usr/bin/cc - skipped
[0.383s] -- Detecting C compile features
[0.384s] -- Detecting C compile features - done
[0.388s] -- Detecting CXX compiler ABI info
[0.459s] -- Detecting CXX compiler ABI info - done
[0.470s] -- Check for working CXX compiler: /usr/bin/c++ - skipped
[0.470s] -- Detecting CXX compile features
[0.471s] -- Detecting CXX compile features - done
[0.485s] [31mCMake Error at CMakeLists.txt:9 (find_package):
[0.485s]   By not providing "Findament_cmake_auto.cmake" in CMAKE_MODULE_PATH this
[0.485s]   project has asked CMake to find a package configuration file provided by
[0.485s]   "ament_cmake_auto", but CMake did not find one.
[0.485s] 
[0.485s]   Could not find a package configuration file provided by "ament_cmake_auto"
[0.485s]   with any of the following names:
[0.485s] 
[0.485s]     ament_cmake_autoConfig.cmake
[0.486s]     ament_cmake_auto-config.cmake
[0.486s] 
[0.486s]   Add the installation prefix of "ament_cmake_auto" to CMAKE_PREFIX_PATH or
[0.486s]   set "ament_cmake_auto_DIR" to a directory containing one of the above
[0.486s]   files.  If "ament_cmake_auto" provides a separate development package or
[0.486s]   SDK, be sure it has been installed.
[0.486s] 
[0.486s] [0m
[0.486s] -- Configuring incomplete, errors occurred!
[0.486s] See also "/home/korey/Desktop/lio-sam_simulation_navigation/build/robot_bringup/CMakeFiles/CMakeOutput.log".
[0.499s] Invoked command in '/home/korey/Desktop/lio-sam_simulation_navigation/build/robot_bringup' returned '1': /home/korey/.local/bin/cmake /home/korey/Desktop/lio-sam_simulation_navigation/src/robot_bringup -DCMAKE_INSTALL_PREFIX=/home/korey/Desktop/lio-sam_simulation_navigation/install/robot_bringup
