[0.036s] Invoking command in '/home/hdm/LIO-SAM/build/lio_sam': CMAKE_PREFIX_PATH=${CMAKE_PREFIX_PATH}:/opt/ros/humble /usr/bin/cmake --build /home/hdm/LIO-SAM/build/lio_sam -- -j24 -l24
[0.105s] [  2%] Built target lio_sam__cpp
[0.109s] [ 10%] Built target lio_sam__rosidl_generator_c
[0.113s] [ 10%] Built target ament_cmake_python_copy_lio_sam
[0.119s] [ 27%] Built target lio_sam__rosidl_typesupport_cpp
[0.119s] [ 27%] Built target lio_sam__rosidl_typesupport_introspection_cpp
[0.120s] [ 36%] Built target lio_sam__rosidl_typesupport_fastrtps_cpp
[0.124s] [ 53%] Built target lio_sam__rosidl_typesupport_introspection_c
[0.124s] [ 53%] Built target lio_sam__rosidl_typesupport_fastrtps_c
[0.133s] [ 61%] Built target lio_sam__rosidl_typesupport_c
[0.150s] [ 61%] Built target lio_sam
[0.161s] [35m[1mConsolidate compiler generated dependencies of target lio_sam_featureExtraction[0m
[0.161s] [35m[1mConsolidate compiler generated dependencies of target lio_sam_imageProjection[0m
[0.163s] [35m[1mConsolidate compiler generated dependencies of target lio_sam_mapOptimization[0m
[0.163s] [35m[1mConsolidate compiler generated dependencies of target lio_sam_imuPreintegration[0m
[0.171s] [ 63%] Built target lio_sam__py
[0.183s] [ 68%] Built target lio_sam_featureExtraction
[0.187s] [ 74%] Built target lio_sam__rosidl_generator_py
[0.189s] [ 78%] Built target lio_sam_imuPreintegration
[0.189s] [ 80%] [32mBuilding CXX object CMakeFiles/lio_sam_mapOptimization.dir/src/mapOptmization.cpp.o[0m
[0.193s] [ 85%] Built target lio_sam_imageProjection
[0.199s] [ 89%] Built target lio_sam__rosidl_typesupport_introspection_c__pyext
[0.199s] [ 93%] Built target lio_sam__rosidl_typesupport_c__pyext
[0.204s] [ 97%] Built target lio_sam__rosidl_typesupport_fastrtps_c__pyext
[0.241s] running egg_info
[0.241s] writing lio_sam.egg-info/PKG-INFO
[0.242s] writing dependency_links to lio_sam.egg-info/dependency_links.txt
[0.242s] writing top-level names to lio_sam.egg-info/top_level.txt
[0.243s] reading manifest file 'lio_sam.egg-info/SOURCES.txt'
[0.243s] writing manifest file 'lio_sam.egg-info/SOURCES.txt'
[0.257s] [ 97%] Built target ament_cmake_python_build_lio_sam_egg
[1.241s] In file included from [01m[K/home/hdm/LIO-SAM/include/lio_sam/utility.hpp:40[m[K,
[1.241s]                  from [01m[K/home/hdm/LIO-SAM/src/mapOptmization.cpp:1[m[K:
[1.241s] [01m[K/opt/ros/humble/include/tf2_eigen/tf2_eigen/tf2_eigen.h:32:2:[m[K [01;35m[Kwarning: [m[K#warning This header is obsolete, please include tf2_eigen/tf2_eigen.hpp instead [[01;35m[K]8;;https://gcc.gnu.org/onlinedocs/gcc/Warning-Options.html#index-Wcpp-Wcpp]8;;[m[K]
[1.242s]    32 | #[01;35m[Kwarning[m[K This header is obsolete, please include tf2_eigen/tf2_eigen.hpp instead
[1.242s]       |  [01;35m[K^~~~~~~[m[K
[1.253s] In file included from [01m[K/home/hdm/LIO-SAM/include/lio_sam/utility.hpp:41[m[K,
[1.253s]                  from [01m[K/home/hdm/LIO-SAM/src/mapOptmization.cpp:1[m[K:
[1.253s] [01m[K/opt/ros/humble/include/tf2_geometry_msgs/tf2_geometry_msgs/tf2_geometry_msgs.h:35:2:[m[K [01;35m[Kwarning: [m[K#warning This header is obsolete, please include tf2_geometry_msgs/tf2_geometry_msgs.hpp instead [[01;35m[K]8;;https://gcc.gnu.org/onlinedocs/gcc/Warning-Options.html#index-Wcpp-Wcpp]8;;[m[K]
[1.254s]    35 | #[01;35m[Kwarning[m[K This header is obsolete, please include tf2_geometry_msgs/tf2_geometry_msgs.hpp instead
[1.254s]       |  [01;35m[K^~~~~~~[m[K
[37.554s] [100%] [32m[1mLinking CXX executable lio_sam_mapOptimization[0m
[37.856s] /usr/bin/ld: warning: libtbb.so.2, needed by /usr/lib/x86_64-linux-gnu/libopencv_core.so.4.5.4d, may conflict with libtbb.so.12
[37.989s] [100%] Built target lio_sam_mapOptimization
[38.007s] Invoked command in '/home/hdm/LIO-SAM/build/lio_sam' returned '0': CMAKE_PREFIX_PATH=${CMAKE_PREFIX_PATH}:/opt/ros/humble /usr/bin/cmake --build /home/hdm/LIO-SAM/build/lio_sam -- -j24 -l24
[38.120s] Invoking command in '/home/hdm/LIO-SAM/build/lio_sam': CMAKE_PREFIX_PATH=${CMAKE_PREFIX_PATH}:/opt/ros/humble /usr/bin/cmake --install /home/hdm/LIO-SAM/build/lio_sam
[38.124s] -- Install configuration: "Release"
[38.124s] -- Up-to-date: /home/hdm/LIO-SAM/install/lio_sam/share/ament_index/resource_index/rosidl_interfaces/lio_sam
[38.124s] -- Up-to-date: /home/hdm/LIO-SAM/install/lio_sam/include/lio_sam/lio_sam
[38.124s] -- Up-to-date: /home/hdm/LIO-SAM/install/lio_sam/include/lio_sam/lio_sam/msg
[38.124s] -- Up-to-date: /home/hdm/LIO-SAM/install/lio_sam/include/lio_sam/lio_sam/msg/detail
[38.124s] -- Up-to-date: /home/hdm/LIO-SAM/install/lio_sam/include/lio_sam/lio_sam/msg/detail/cloud_info__functions.h
[38.124s] -- Up-to-date: /home/hdm/LIO-SAM/install/lio_sam/include/lio_sam/lio_sam/msg/detail/cloud_info__type_support.h
[38.125s] -- Up-to-date: /home/hdm/LIO-SAM/install/lio_sam/include/lio_sam/lio_sam/msg/detail/cloud_info__struct.h
[38.125s] -- Up-to-date: /home/hdm/LIO-SAM/install/lio_sam/include/lio_sam/lio_sam/msg/detail/cloud_info__functions.c
[38.125s] -- Up-to-date: /home/hdm/LIO-SAM/install/lio_sam/include/lio_sam/lio_sam/msg/rosidl_generator_c__visibility_control.h
[38.125s] -- Up-to-date: /home/hdm/LIO-SAM/install/lio_sam/include/lio_sam/lio_sam/msg/cloud_info.h
[38.125s] -- Up-to-date: /home/hdm/LIO-SAM/install/lio_sam/include/lio_sam/lio_sam/srv
[38.125s] -- Up-to-date: /home/hdm/LIO-SAM/install/lio_sam/include/lio_sam/lio_sam/srv/detail
[38.125s] -- Up-to-date: /home/hdm/LIO-SAM/install/lio_sam/include/lio_sam/lio_sam/srv/detail/save_map__struct.h
[38.125s] -- Up-to-date: /home/hdm/LIO-SAM/install/lio_sam/include/lio_sam/lio_sam/srv/detail/save_map__type_support.h
[38.125s] -- Up-to-date: /home/hdm/LIO-SAM/install/lio_sam/include/lio_sam/lio_sam/srv/detail/save_map__functions.h
[38.125s] -- Up-to-date: /home/hdm/LIO-SAM/install/lio_sam/include/lio_sam/lio_sam/srv/detail/save_map__functions.c
[38.125s] -- Up-to-date: /home/hdm/LIO-SAM/install/lio_sam/include/lio_sam/lio_sam/srv/save_map.h
[38.125s] -- Up-to-date: /home/hdm/LIO-SAM/install/lio_sam/share/lio_sam/environment/library_path.sh
[38.125s] -- Up-to-date: /home/hdm/LIO-SAM/install/lio_sam/share/lio_sam/environment/library_path.dsv
[38.126s] -- Up-to-date: /home/hdm/LIO-SAM/install/lio_sam/lib/liblio_sam__rosidl_generator_c.so
[38.126s] -- Up-to-date: /home/hdm/LIO-SAM/install/lio_sam/include/lio_sam/lio_sam
[38.126s] -- Up-to-date: /home/hdm/LIO-SAM/install/lio_sam/include/lio_sam/lio_sam/msg
[38.126s] -- Up-to-date: /home/hdm/LIO-SAM/install/lio_sam/include/lio_sam/lio_sam/msg/detail
[38.126s] -- Up-to-date: /home/hdm/LIO-SAM/install/lio_sam/include/lio_sam/lio_sam/msg/detail/cloud_info__rosidl_typesupport_fastrtps_c.h
[38.126s] -- Up-to-date: /home/hdm/LIO-SAM/install/lio_sam/include/lio_sam/lio_sam/msg/rosidl_typesupport_fastrtps_c__visibility_control.h
[38.126s] -- Up-to-date: /home/hdm/LIO-SAM/install/lio_sam/include/lio_sam/lio_sam/srv
[38.126s] -- Up-to-date: /home/hdm/LIO-SAM/install/lio_sam/include/lio_sam/lio_sam/srv/detail
[38.126s] -- Up-to-date: /home/hdm/LIO-SAM/install/lio_sam/include/lio_sam/lio_sam/srv/detail/save_map__rosidl_typesupport_fastrtps_c.h
[38.126s] -- Up-to-date: /home/hdm/LIO-SAM/install/lio_sam/lib/liblio_sam__rosidl_typesupport_fastrtps_c.so
[38.126s] -- Up-to-date: /home/hdm/LIO-SAM/install/lio_sam/include/lio_sam/lio_sam
[38.127s] -- Up-to-date: /home/hdm/LIO-SAM/install/lio_sam/include/lio_sam/lio_sam/msg
[38.127s] -- Up-to-date: /home/hdm/LIO-SAM/install/lio_sam/include/lio_sam/lio_sam/msg/detail
[38.127s] -- Up-to-date: /home/hdm/LIO-SAM/install/lio_sam/include/lio_sam/lio_sam/msg/detail/cloud_info__type_support.c
[38.128s] -- Up-to-date: /home/hdm/LIO-SAM/install/lio_sam/include/lio_sam/lio_sam/msg/detail/cloud_info__rosidl_typesupport_introspection_c.h
[38.128s] -- Up-to-date: /home/hdm/LIO-SAM/install/lio_sam/include/lio_sam/lio_sam/msg/rosidl_typesupport_introspection_c__visibility_control.h
[38.128s] -- Up-to-date: /home/hdm/LIO-SAM/install/lio_sam/include/lio_sam/lio_sam/srv
[38.128s] -- Up-to-date: /home/hdm/LIO-SAM/install/lio_sam/include/lio_sam/lio_sam/srv/detail
[38.129s] -- Up-to-date: /home/hdm/LIO-SAM/install/lio_sam/include/lio_sam/lio_sam/srv/detail/save_map__rosidl_typesupport_introspection_c.h
[38.129s] -- Up-to-date: /home/hdm/LIO-SAM/install/lio_sam/include/lio_sam/lio_sam/srv/detail/save_map__type_support.c
[38.129s] -- Up-to-date: /home/hdm/LIO-SAM/install/lio_sam/lib/liblio_sam__rosidl_typesupport_introspection_c.so
[38.129s] -- Up-to-date: /home/hdm/LIO-SAM/install/lio_sam/lib/liblio_sam__rosidl_typesupport_c.so
[38.130s] -- Up-to-date: /home/hdm/LIO-SAM/install/lio_sam/include/lio_sam/lio_sam
[38.130s] -- Up-to-date: /home/hdm/LIO-SAM/install/lio_sam/include/lio_sam/lio_sam/msg
[38.130s] -- Up-to-date: /home/hdm/LIO-SAM/install/lio_sam/include/lio_sam/lio_sam/msg/detail
[38.131s] -- Up-to-date: /home/hdm/LIO-SAM/install/lio_sam/include/lio_sam/lio_sam/msg/detail/cloud_info__builder.hpp
[38.131s] -- Up-to-date: /home/hdm/LIO-SAM/install/lio_sam/include/lio_sam/lio_sam/msg/detail/cloud_info__traits.hpp
[38.131s] -- Up-to-date: /home/hdm/LIO-SAM/install/lio_sam/include/lio_sam/lio_sam/msg/detail/cloud_info__struct.hpp
[38.131s] -- Up-to-date: /home/hdm/LIO-SAM/install/lio_sam/include/lio_sam/lio_sam/msg/cloud_info.hpp
[38.132s] -- Up-to-date: /home/hdm/LIO-SAM/install/lio_sam/include/lio_sam/lio_sam/srv
[38.132s] -- Up-to-date: /home/hdm/LIO-SAM/install/lio_sam/include/lio_sam/lio_sam/srv/save_map.hpp
[38.132s] -- Up-to-date: /home/hdm/LIO-SAM/install/lio_sam/include/lio_sam/lio_sam/srv/detail
[38.132s] -- Up-to-date: /home/hdm/LIO-SAM/install/lio_sam/include/lio_sam/lio_sam/srv/detail/save_map__struct.hpp
[38.133s] -- Up-to-date: /home/hdm/LIO-SAM/install/lio_sam/include/lio_sam/lio_sam/srv/detail/save_map__builder.hpp
[38.133s] -- Up-to-date: /home/hdm/LIO-SAM/install/lio_sam/include/lio_sam/lio_sam/srv/detail/save_map__traits.hpp
[38.133s] -- Up-to-date: /home/hdm/LIO-SAM/install/lio_sam/include/lio_sam/lio_sam
[38.134s] -- Up-to-date: /home/hdm/LIO-SAM/install/lio_sam/include/lio_sam/lio_sam/msg
[38.134s] -- Up-to-date: /home/hdm/LIO-SAM/install/lio_sam/include/lio_sam/lio_sam/msg/rosidl_typesupport_fastrtps_cpp__visibility_control.h
[38.134s] -- Up-to-date: /home/hdm/LIO-SAM/install/lio_sam/include/lio_sam/lio_sam/msg/detail
[38.134s] -- Up-to-date: /home/hdm/LIO-SAM/install/lio_sam/include/lio_sam/lio_sam/msg/detail/cloud_info__rosidl_typesupport_fastrtps_cpp.hpp
[38.135s] -- Up-to-date: /home/hdm/LIO-SAM/install/lio_sam/include/lio_sam/lio_sam/msg/detail/dds_fastrtps
[38.135s] -- Up-to-date: /home/hdm/LIO-SAM/install/lio_sam/include/lio_sam/lio_sam/srv
[38.135s] -- Up-to-date: /home/hdm/LIO-SAM/install/lio_sam/include/lio_sam/lio_sam/srv/detail
[38.135s] -- Up-to-date: /home/hdm/LIO-SAM/install/lio_sam/include/lio_sam/lio_sam/srv/detail/save_map__rosidl_typesupport_fastrtps_cpp.hpp
[38.135s] -- Up-to-date: /home/hdm/LIO-SAM/install/lio_sam/include/lio_sam/lio_sam/srv/detail/dds_fastrtps
[38.136s] -- Up-to-date: /home/hdm/LIO-SAM/install/lio_sam/lib/liblio_sam__rosidl_typesupport_fastrtps_cpp.so
[38.136s] -- Up-to-date: /home/hdm/LIO-SAM/install/lio_sam/include/lio_sam/lio_sam
[38.136s] -- Up-to-date: /home/hdm/LIO-SAM/install/lio_sam/include/lio_sam/lio_sam/msg
[38.136s] -- Up-to-date: /home/hdm/LIO-SAM/install/lio_sam/include/lio_sam/lio_sam/msg/detail
[38.137s] -- Up-to-date: /home/hdm/LIO-SAM/install/lio_sam/include/lio_sam/lio_sam/msg/detail/cloud_info__rosidl_typesupport_introspection_cpp.hpp
[38.137s] -- Up-to-date: /home/hdm/LIO-SAM/install/lio_sam/include/lio_sam/lio_sam/msg/detail/cloud_info__type_support.cpp
[38.137s] -- Up-to-date: /home/hdm/LIO-SAM/install/lio_sam/include/lio_sam/lio_sam/srv
[38.137s] -- Up-to-date: /home/hdm/LIO-SAM/install/lio_sam/include/lio_sam/lio_sam/srv/detail
[38.137s] -- Up-to-date: /home/hdm/LIO-SAM/install/lio_sam/include/lio_sam/lio_sam/srv/detail/save_map__rosidl_typesupport_introspection_cpp.hpp
[38.138s] -- Up-to-date: /home/hdm/LIO-SAM/install/lio_sam/include/lio_sam/lio_sam/srv/detail/save_map__type_support.cpp
[38.138s] -- Up-to-date: /home/hdm/LIO-SAM/install/lio_sam/lib/liblio_sam__rosidl_typesupport_introspection_cpp.so
[38.138s] -- Up-to-date: /home/hdm/LIO-SAM/install/lio_sam/lib/liblio_sam__rosidl_typesupport_cpp.so
[38.138s] -- Up-to-date: /home/hdm/LIO-SAM/install/lio_sam/share/lio_sam/environment/pythonpath.sh
[38.139s] -- Up-to-date: /home/hdm/LIO-SAM/install/lio_sam/share/lio_sam/environment/pythonpath.dsv
[38.139s] -- Up-to-date: /home/hdm/LIO-SAM/install/lio_sam/local/lib/python3.10/dist-packages/lio_sam-1.0.0-py3.10.egg-info
[38.139s] -- Installing: /home/hdm/LIO-SAM/install/lio_sam/local/lib/python3.10/dist-packages/lio_sam-1.0.0-py3.10.egg-info/dependency_links.txt
[38.139s] -- Installing: /home/hdm/LIO-SAM/install/lio_sam/local/lib/python3.10/dist-packages/lio_sam-1.0.0-py3.10.egg-info/top_level.txt
[38.139s] -- Installing: /home/hdm/LIO-SAM/install/lio_sam/local/lib/python3.10/dist-packages/lio_sam-1.0.0-py3.10.egg-info/PKG-INFO
[38.140s] -- Installing: /home/hdm/LIO-SAM/install/lio_sam/local/lib/python3.10/dist-packages/lio_sam-1.0.0-py3.10.egg-info/SOURCES.txt
[38.140s] -- Up-to-date: /home/hdm/LIO-SAM/install/lio_sam/local/lib/python3.10/dist-packages/lio_sam
[38.140s] -- Up-to-date: /home/hdm/LIO-SAM/install/lio_sam/local/lib/python3.10/dist-packages/lio_sam/__init__.py
[38.140s] -- Up-to-date: /home/hdm/LIO-SAM/install/lio_sam/local/lib/python3.10/dist-packages/lio_sam/msg
[38.141s] -- Up-to-date: /home/hdm/LIO-SAM/install/lio_sam/local/lib/python3.10/dist-packages/lio_sam/msg/__init__.py
[38.141s] -- Up-to-date: /home/hdm/LIO-SAM/install/lio_sam/local/lib/python3.10/dist-packages/lio_sam/msg/_cloud_info.py
[38.141s] -- Up-to-date: /home/hdm/LIO-SAM/install/lio_sam/local/lib/python3.10/dist-packages/lio_sam/msg/_cloud_info_s.c
[38.141s] -- Up-to-date: /home/hdm/LIO-SAM/install/lio_sam/local/lib/python3.10/dist-packages/lio_sam/_lio_sam_s.ep.rosidl_typesupport_c.c
[38.142s] -- Up-to-date: /home/hdm/LIO-SAM/install/lio_sam/local/lib/python3.10/dist-packages/lio_sam/liblio_sam__rosidl_generator_py.so
[38.142s] -- Up-to-date: /home/hdm/LIO-SAM/install/lio_sam/local/lib/python3.10/dist-packages/lio_sam/lio_sam_s__rosidl_typesupport_introspection_c.cpython-310-x86_64-linux-gnu.so
[38.142s] -- Up-to-date: /home/hdm/LIO-SAM/install/lio_sam/local/lib/python3.10/dist-packages/lio_sam/lio_sam_s__rosidl_typesupport_c.cpython-310-x86_64-linux-gnu.so
[38.142s] -- Up-to-date: /home/hdm/LIO-SAM/install/lio_sam/local/lib/python3.10/dist-packages/lio_sam/_lio_sam_s.ep.rosidl_typesupport_fastrtps_c.c
[38.142s] -- Up-to-date: /home/hdm/LIO-SAM/install/lio_sam/local/lib/python3.10/dist-packages/lio_sam/_lio_sam_s.ep.rosidl_typesupport_introspection_c.c
[38.143s] -- Up-to-date: /home/hdm/LIO-SAM/install/lio_sam/local/lib/python3.10/dist-packages/lio_sam/srv
[38.143s] -- Up-to-date: /home/hdm/LIO-SAM/install/lio_sam/local/lib/python3.10/dist-packages/lio_sam/srv/__init__.py
[38.143s] -- Up-to-date: /home/hdm/LIO-SAM/install/lio_sam/local/lib/python3.10/dist-packages/lio_sam/srv/_save_map.py
[38.144s] -- Up-to-date: /home/hdm/LIO-SAM/install/lio_sam/local/lib/python3.10/dist-packages/lio_sam/srv/_save_map_s.c
[38.144s] -- Up-to-date: /home/hdm/LIO-SAM/install/lio_sam/local/lib/python3.10/dist-packages/lio_sam/lio_sam_s__rosidl_typesupport_fastrtps_c.cpython-310-x86_64-linux-gnu.so
[38.144s] Listing '/home/hdm/LIO-SAM/install/lio_sam/local/lib/python3.10/dist-packages/lio_sam'...
[38.144s] Listing '/home/hdm/LIO-SAM/install/lio_sam/local/lib/python3.10/dist-packages/lio_sam/msg'...
[38.145s] Listing '/home/hdm/LIO-SAM/install/lio_sam/local/lib/python3.10/dist-packages/lio_sam/srv'...
[38.146s] -- Up-to-date: /home/hdm/LIO-SAM/install/lio_sam/local/lib/python3.10/dist-packages/lio_sam/lio_sam_s__rosidl_typesupport_fastrtps_c.cpython-310-x86_64-linux-gnu.so
[38.146s] -- Up-to-date: /home/hdm/LIO-SAM/install/lio_sam/local/lib/python3.10/dist-packages/lio_sam/lio_sam_s__rosidl_typesupport_introspection_c.cpython-310-x86_64-linux-gnu.so
[38.146s] -- Up-to-date: /home/hdm/LIO-SAM/install/lio_sam/local/lib/python3.10/dist-packages/lio_sam/lio_sam_s__rosidl_typesupport_c.cpython-310-x86_64-linux-gnu.so
[38.147s] -- Up-to-date: /home/hdm/LIO-SAM/install/lio_sam/lib/liblio_sam__rosidl_generator_py.so
[38.147s] -- Up-to-date: /home/hdm/LIO-SAM/install/lio_sam/share/lio_sam/msg/CloudInfo.idl
[38.147s] -- Up-to-date: /home/hdm/LIO-SAM/install/lio_sam/share/lio_sam/srv/SaveMap.idl
[38.148s] -- Up-to-date: /home/hdm/LIO-SAM/install/lio_sam/share/lio_sam/msg/CloudInfo.msg
[38.148s] -- Up-to-date: /home/hdm/LIO-SAM/install/lio_sam/share/lio_sam/srv/SaveMap.srv
[38.149s] -- Up-to-date: /home/hdm/LIO-SAM/install/lio_sam/share/lio_sam/srv/SaveMap_Request.msg
[38.149s] -- Up-to-date: /home/hdm/LIO-SAM/install/lio_sam/share/lio_sam/srv/SaveMap_Response.msg
[38.149s] -- Up-to-date: /home/hdm/LIO-SAM/install/lio_sam/share/lio_sam//launch
[38.150s] -- Up-to-date: /home/hdm/LIO-SAM/install/lio_sam/share/lio_sam//launch/run.launch.py
[38.151s] -- Up-to-date: /home/hdm/LIO-SAM/install/lio_sam/share/lio_sam//config
[38.151s] -- Up-to-date: /home/hdm/LIO-SAM/install/lio_sam/share/lio_sam//config/robot.urdf.xacro
[38.152s] -- Up-to-date: /home/hdm/LIO-SAM/install/lio_sam/share/lio_sam//config/params.yaml
[38.152s] -- Up-to-date: /home/hdm/LIO-SAM/install/lio_sam/share/lio_sam//config/rviz2.rviz
[38.153s] -- Up-to-date: /home/hdm/LIO-SAM/install/lio_sam/share/lio_sam//config/doc
[38.153s] -- Up-to-date: /home/hdm/LIO-SAM/install/lio_sam/share/lio_sam//config/doc/loop-closure.gif
[38.154s] -- Up-to-date: /home/hdm/LIO-SAM/install/lio_sam/share/lio_sam//config/doc/imu-debug.gif
[38.154s] -- Up-to-date: /home/hdm/LIO-SAM/install/lio_sam/share/lio_sam//config/doc/system.png
[38.154s] -- Up-to-date: /home/hdm/LIO-SAM/install/lio_sam/share/lio_sam//config/doc/paper.pdf
[38.155s] -- Up-to-date: /home/hdm/LIO-SAM/install/lio_sam/share/lio_sam//config/doc/gps-demo.gif
[38.155s] -- Up-to-date: /home/hdm/LIO-SAM/install/lio_sam/share/lio_sam//config/doc/kitti-map.png
[38.155s] -- Up-to-date: /home/hdm/LIO-SAM/install/lio_sam/share/lio_sam//config/doc/device-jackal.png
[38.156s] -- Up-to-date: /home/hdm/LIO-SAM/install/lio_sam/share/lio_sam//config/doc/imu-transform.png
[38.156s] -- Up-to-date: /home/hdm/LIO-SAM/install/lio_sam/share/lio_sam//config/doc/ouster-demo.gif
[38.157s] -- Up-to-date: /home/hdm/LIO-SAM/install/lio_sam/share/lio_sam//config/doc/device-hand-2.png
[38.157s] -- Up-to-date: /home/hdm/LIO-SAM/install/lio_sam/share/lio_sam//config/doc/kitti2bag
[38.158s] -- Up-to-date: /home/hdm/LIO-SAM/install/lio_sam/share/lio_sam//config/doc/kitti2bag/README.md
[38.159s] -- Up-to-date: /home/hdm/LIO-SAM/install/lio_sam/share/lio_sam//config/doc/kitti2bag/kitti2bag.py
[38.160s] -- Up-to-date: /home/hdm/LIO-SAM/install/lio_sam/share/lio_sam//config/doc/device-hand.png
[38.161s] -- Up-to-date: /home/hdm/LIO-SAM/install/lio_sam/share/lio_sam//config/doc/demo.gif
[38.161s] -- Up-to-date: /home/hdm/LIO-SAM/install/lio_sam/share/lio_sam//config/doc/kitti-demo.gif
[38.163s] -- Up-to-date: /home/hdm/LIO-SAM/install/lio_sam/share/lio_sam//config/doc/device-boat.png
[38.164s] -- Up-to-date: /home/hdm/LIO-SAM/install/lio_sam/share/lio_sam//config/doc/ouster-device.jpg
[38.164s] -- Up-to-date: /home/hdm/LIO-SAM/install/lio_sam/share/lio_sam//config/doc/loop-closure-2.gif
[38.165s] -- Up-to-date: /home/hdm/LIO-SAM/install/lio_sam/lib/lio_sam/lio_sam_imageProjection
[38.165s] -- Up-to-date: /home/hdm/LIO-SAM/install/lio_sam/lib/lio_sam/lio_sam_imuPreintegration
[38.166s] -- Up-to-date: /home/hdm/LIO-SAM/install/lio_sam/lib/lio_sam/lio_sam_featureExtraction
[38.166s] -- Installing: /home/hdm/LIO-SAM/install/lio_sam/lib/lio_sam/lio_sam_mapOptimization
[38.166s] -- Set runtime path of "/home/hdm/LIO-SAM/install/lio_sam/lib/lio_sam/lio_sam_mapOptimization" to ""
[38.166s] -- Up-to-date: /home/hdm/LIO-SAM/install/lio_sam/include
[38.166s] -- Up-to-date: /home/hdm/LIO-SAM/install/lio_sam/include/lio_sam
[38.166s] -- Up-to-date: /home/hdm/LIO-SAM/install/lio_sam/include/lio_sam/utility.hpp
[38.166s] -- Up-to-date: /home/hdm/LIO-SAM/install/lio_sam/share/ament_index/resource_index/package_run_dependencies/lio_sam
[38.166s] -- Up-to-date: /home/hdm/LIO-SAM/install/lio_sam/share/ament_index/resource_index/parent_prefix_path/lio_sam
[38.166s] -- Up-to-date: /home/hdm/LIO-SAM/install/lio_sam/share/lio_sam/environment/ament_prefix_path.sh
[38.166s] -- Up-to-date: /home/hdm/LIO-SAM/install/lio_sam/share/lio_sam/environment/ament_prefix_path.dsv
[38.166s] -- Up-to-date: /home/hdm/LIO-SAM/install/lio_sam/share/lio_sam/environment/path.sh
[38.166s] -- Up-to-date: /home/hdm/LIO-SAM/install/lio_sam/share/lio_sam/environment/path.dsv
[38.166s] -- Up-to-date: /home/hdm/LIO-SAM/install/lio_sam/share/lio_sam/local_setup.bash
[38.166s] -- Up-to-date: /home/hdm/LIO-SAM/install/lio_sam/share/lio_sam/local_setup.sh
[38.167s] -- Up-to-date: /home/hdm/LIO-SAM/install/lio_sam/share/lio_sam/local_setup.zsh
[38.168s] -- Up-to-date: /home/hdm/LIO-SAM/install/lio_sam/share/lio_sam/local_setup.dsv
[38.169s] -- Installing: /home/hdm/LIO-SAM/install/lio_sam/share/lio_sam/package.dsv
[38.170s] -- Up-to-date: /home/hdm/LIO-SAM/install/lio_sam/share/ament_index/resource_index/packages/lio_sam
[38.170s] -- Up-to-date: /home/hdm/LIO-SAM/install/lio_sam/share/lio_sam/cmake/export_lio_sam__rosidl_generator_cExport.cmake
[38.170s] -- Up-to-date: /home/hdm/LIO-SAM/install/lio_sam/share/lio_sam/cmake/export_lio_sam__rosidl_generator_cExport-release.cmake
[38.171s] -- Up-to-date: /home/hdm/LIO-SAM/install/lio_sam/share/lio_sam/cmake/export_lio_sam__rosidl_typesupport_fastrtps_cExport.cmake
[38.171s] -- Up-to-date: /home/hdm/LIO-SAM/install/lio_sam/share/lio_sam/cmake/export_lio_sam__rosidl_typesupport_fastrtps_cExport-release.cmake
[38.172s] -- Up-to-date: /home/hdm/LIO-SAM/install/lio_sam/share/lio_sam/cmake/lio_sam__rosidl_typesupport_introspection_cExport.cmake
[38.172s] -- Up-to-date: /home/hdm/LIO-SAM/install/lio_sam/share/lio_sam/cmake/lio_sam__rosidl_typesupport_introspection_cExport-release.cmake
[38.173s] -- Up-to-date: /home/hdm/LIO-SAM/install/lio_sam/share/lio_sam/cmake/lio_sam__rosidl_typesupport_cExport.cmake
[38.173s] -- Up-to-date: /home/hdm/LIO-SAM/install/lio_sam/share/lio_sam/cmake/lio_sam__rosidl_typesupport_cExport-release.cmake
[38.174s] -- Up-to-date: /home/hdm/LIO-SAM/install/lio_sam/share/lio_sam/cmake/export_lio_sam__rosidl_generator_cppExport.cmake
[38.174s] -- Up-to-date: /home/hdm/LIO-SAM/install/lio_sam/share/lio_sam/cmake/export_lio_sam__rosidl_typesupport_fastrtps_cppExport.cmake
[38.175s] -- Up-to-date: /home/hdm/LIO-SAM/install/lio_sam/share/lio_sam/cmake/export_lio_sam__rosidl_typesupport_fastrtps_cppExport-release.cmake
[38.175s] -- Up-to-date: /home/hdm/LIO-SAM/install/lio_sam/share/lio_sam/cmake/lio_sam__rosidl_typesupport_introspection_cppExport.cmake
[38.176s] -- Up-to-date: /home/hdm/LIO-SAM/install/lio_sam/share/lio_sam/cmake/lio_sam__rosidl_typesupport_introspection_cppExport-release.cmake
[38.176s] -- Up-to-date: /home/hdm/LIO-SAM/install/lio_sam/share/lio_sam/cmake/lio_sam__rosidl_typesupport_cppExport.cmake
[38.176s] -- Up-to-date: /home/hdm/LIO-SAM/install/lio_sam/share/lio_sam/cmake/lio_sam__rosidl_typesupport_cppExport-release.cmake
[38.177s] -- Up-to-date: /home/hdm/LIO-SAM/install/lio_sam/share/lio_sam/cmake/export_lio_sam__rosidl_generator_pyExport.cmake
[38.177s] -- Up-to-date: /home/hdm/LIO-SAM/install/lio_sam/share/lio_sam/cmake/export_lio_sam__rosidl_generator_pyExport-release.cmake
[38.177s] -- Up-to-date: /home/hdm/LIO-SAM/install/lio_sam/share/lio_sam/cmake/rosidl_cmake-extras.cmake
[38.178s] -- Up-to-date: /home/hdm/LIO-SAM/install/lio_sam/share/lio_sam/cmake/ament_cmake_export_dependencies-extras.cmake
[38.178s] -- Up-to-date: /home/hdm/LIO-SAM/install/lio_sam/share/lio_sam/cmake/ament_cmake_export_include_directories-extras.cmake
[38.178s] -- Up-to-date: /home/hdm/LIO-SAM/install/lio_sam/share/lio_sam/cmake/ament_cmake_export_libraries-extras.cmake
[38.178s] -- Up-to-date: /home/hdm/LIO-SAM/install/lio_sam/share/lio_sam/cmake/ament_cmake_export_targets-extras.cmake
[38.179s] -- Up-to-date: /home/hdm/LIO-SAM/install/lio_sam/share/lio_sam/cmake/rosidl_cmake_export_typesupport_targets-extras.cmake
[38.179s] -- Up-to-date: /home/hdm/LIO-SAM/install/lio_sam/share/lio_sam/cmake/rosidl_cmake_export_typesupport_libraries-extras.cmake
[38.179s] -- Up-to-date: /home/hdm/LIO-SAM/install/lio_sam/share/lio_sam/cmake/lio_samConfig.cmake
[38.179s] -- Up-to-date: /home/hdm/LIO-SAM/install/lio_sam/share/lio_sam/cmake/lio_samConfig-version.cmake
[38.180s] -- Up-to-date: /home/hdm/LIO-SAM/install/lio_sam/share/lio_sam/package.xml
[38.180s] Invoked command in '/home/hdm/LIO-SAM/build/lio_sam' returned '0': CMAKE_PREFIX_PATH=${CMAKE_PREFIX_PATH}:/opt/ros/humble /usr/bin/cmake --install /home/hdm/LIO-SAM/build/lio_sam
