[100%] Built target point_laser
-- Install configuration: ""
-- Up-to-date: /home/hdm/lio-sam_simulation_car/robot_bringup/install/robot_bringup/lib/robot_bringup/point_laser
-- Up-to-date: /home/hdm/lio-sam_simulation_car/robot_bringup/install/robot_bringup/share/robot_bringup/launch
-- Up-to-date: /home/hdm/lio-sam_simulation_car/robot_bringup/install/robot_bringup/share/robot_bringup/launch/bringup.launch.py
-- Up-to-date: /home/hdm/lio-sam_simulation_car/robot_bringup/install/robot_bringup/share/robot_bringup/urdf
-- Installing: /home/hdm/lio-sam_simulation_car/robot_bringup/install/robot_bringup/share/robot_bringup/urdf/robo_car.urdf.xacro
-- Up-to-date: /home/hdm/lio-sam_simulation_car/robot_bringup/install/robot_bringup/share/robot_bringup/world
-- Up-to-date: /home/hdm/lio-sam_simulation_car/robot_bringup/install/robot_bringup/share/robot_bringup/world/my_world.world
-- Up-to-date: /home/hdm/lio-sam_simulation_car/robot_bringup/install/robot_bringup/share/ament_index/resource_index/package_run_dependencies/robot_bringup
-- Up-to-date: /home/hdm/lio-sam_simulation_car/robot_bringup/install/robot_bringup/share/ament_index/resource_index/parent_prefix_path/robot_bringup
-- Up-to-date: /home/hdm/lio-sam_simulation_car/robot_bringup/install/robot_bringup/share/robot_bringup/environment/ament_prefix_path.sh
-- Up-to-date: /home/hdm/lio-sam_simulation_car/robot_bringup/install/robot_bringup/share/robot_bringup/environment/ament_prefix_path.dsv
-- Up-to-date: /home/hdm/lio-sam_simulation_car/robot_bringup/install/robot_bringup/share/robot_bringup/environment/path.sh
-- Up-to-date: /home/hdm/lio-sam_simulation_car/robot_bringup/install/robot_bringup/share/robot_bringup/environment/path.dsv
-- Up-to-date: /home/hdm/lio-sam_simulation_car/robot_bringup/install/robot_bringup/share/robot_bringup/local_setup.bash
-- Up-to-date: /home/hdm/lio-sam_simulation_car/robot_bringup/install/robot_bringup/share/robot_bringup/local_setup.sh
-- Up-to-date: /home/hdm/lio-sam_simulation_car/robot_bringup/install/robot_bringup/share/robot_bringup/local_setup.zsh
-- Up-to-date: /home/hdm/lio-sam_simulation_car/robot_bringup/install/robot_bringup/share/robot_bringup/local_setup.dsv
-- Installing: /home/hdm/lio-sam_simulation_car/robot_bringup/install/robot_bringup/share/robot_bringup/package.dsv
-- Up-to-date: /home/hdm/lio-sam_simulation_car/robot_bringup/install/robot_bringup/share/ament_index/resource_index/packages/robot_bringup
-- Up-to-date: /home/hdm/lio-sam_simulation_car/robot_bringup/install/robot_bringup/share/robot_bringup/cmake/ament_cmake_export_dependencies-extras.cmake
-- Up-to-date: /home/hdm/lio-sam_simulation_car/robot_bringup/install/robot_bringup/share/robot_bringup/cmake/robot_bringupConfig.cmake
-- Up-to-date: /home/hdm/lio-sam_simulation_car/robot_bringup/install/robot_bringup/share/robot_bringup/cmake/robot_bringupConfig-version.cmake
-- Up-to-date: /home/hdm/lio-sam_simulation_car/robot_bringup/install/robot_bringup/share/robot_bringup/package.xml
