[0.050s] Invoking command in '/home/korey/Desktop/lio_nav2/build/lio_sam_op': CMAKE_PREFIX_PATH=/opt/ros/foxy /home/korey/.local/bin/cmake --build /home/korey/Desktop/lio_nav2/build/lio_sam_op -- -j12 -l12
[0.113s] [  2%] Built target lio_sam_op__cpp
[0.115s] [ 10%] Built target lio_sam_op__rosidl_generator_c
[0.128s] [ 26%] Built target lio_sam_op__rosidl_typesupport_cpp
[0.128s] [ 26%] Built target lio_sam_op__rosidl_typesupport_introspection_c
[0.128s] [ 36%] Built target lio_sam_op__rosidl_typesupport_c
[0.128s] [ 42%] Built target lio_sam_op__rosidl_typesupport_introspection_cpp
[0.132s] [ 51%] Built target lio_sam_op__rosidl_typesupport_fastrtps_cpp
[0.147s] [ 59%] Built target lio_sam_op__rosidl_typesupport_fastrtps_c
[0.156s] [ 59%] Built target lio_sam_op
[0.168s] [ 61%] Built target lio_sam_op__py
[0.184s] [ 67%] Built target lio_sam_op__python
[0.196s] [ 71%] Built target lio_sam_op_transformFusion
[0.200s] [ 75%] Built target lio_sam_op_imageProjection
[0.202s] [ 79%] Built target lio_sam_op__rosidl_typesupport_fastrtps_c__pyext
[0.202s] [ 87%] Built target lio_sam_op_featureExtraction
[0.202s] [ 87%] Built target lio_sam_op__rosidl_typesupport_introspection_c__pyext
[0.202s] [ 91%] Built target lio_sam_op_imuPreintegration
[0.206s] [ 95%] Built target lio_sam_op_mapOptimization
[0.209s] [100%] Built target lio_sam_op__rosidl_typesupport_c__pyext
[0.269s] Invoked command in '/home/korey/Desktop/lio_nav2/build/lio_sam_op' returned '0': CMAKE_PREFIX_PATH=/opt/ros/foxy /home/korey/.local/bin/cmake --build /home/korey/Desktop/lio_nav2/build/lio_sam_op -- -j12 -l12
[0.270s] Invoking command in '/home/korey/Desktop/lio_nav2/build/lio_sam_op': CMAKE_PREFIX_PATH=/opt/ros/foxy /home/korey/.local/bin/cmake --install /home/korey/Desktop/lio_nav2/build/lio_sam_op
[0.299s] -- Install configuration: "Release"
[0.299s] -- Up-to-date: /home/korey/Desktop/lio_nav2/install/lio_sam_op/share/ament_index/resource_index/rosidl_interfaces/lio_sam_op
[0.300s] -- Up-to-date: /home/korey/Desktop/lio_nav2/install/lio_sam_op/include/lio_sam_op
[0.300s] -- Up-to-date: /home/korey/Desktop/lio_nav2/install/lio_sam_op/include/lio_sam_op/srv
[0.300s] -- Up-to-date: /home/korey/Desktop/lio_nav2/install/lio_sam_op/include/lio_sam_op/srv/detail
[0.300s] -- Up-to-date: /home/korey/Desktop/lio_nav2/install/lio_sam_op/include/lio_sam_op/srv/detail/save_map__struct.h
[0.301s] -- Up-to-date: /home/korey/Desktop/lio_nav2/install/lio_sam_op/include/lio_sam_op/srv/detail/save_map__type_support.h
[0.301s] -- Up-to-date: /home/korey/Desktop/lio_nav2/install/lio_sam_op/include/lio_sam_op/srv/detail/save_map__functions.c
[0.301s] -- Up-to-date: /home/korey/Desktop/lio_nav2/install/lio_sam_op/include/lio_sam_op/srv/detail/save_map__functions.h
[0.301s] -- Up-to-date: /home/korey/Desktop/lio_nav2/install/lio_sam_op/include/lio_sam_op/srv/save_map.h
[0.301s] -- Up-to-date: /home/korey/Desktop/lio_nav2/install/lio_sam_op/include/lio_sam_op/msg
[0.302s] -- Up-to-date: /home/korey/Desktop/lio_nav2/install/lio_sam_op/include/lio_sam_op/msg/rosidl_generator_c__visibility_control.h
[0.302s] -- Up-to-date: /home/korey/Desktop/lio_nav2/install/lio_sam_op/include/lio_sam_op/msg/cloud_info.h
[0.302s] -- Up-to-date: /home/korey/Desktop/lio_nav2/install/lio_sam_op/include/lio_sam_op/msg/detail
[0.302s] -- Up-to-date: /home/korey/Desktop/lio_nav2/install/lio_sam_op/include/lio_sam_op/msg/detail/cloud_info__functions.h
[0.302s] -- Up-to-date: /home/korey/Desktop/lio_nav2/install/lio_sam_op/include/lio_sam_op/msg/detail/cloud_info__functions.c
[0.302s] -- Up-to-date: /home/korey/Desktop/lio_nav2/install/lio_sam_op/include/lio_sam_op/msg/detail/cloud_info__type_support.h
[0.303s] -- Up-to-date: /home/korey/Desktop/lio_nav2/install/lio_sam_op/include/lio_sam_op/msg/detail/cloud_info__struct.h
[0.303s] -- Up-to-date: /home/korey/Desktop/lio_nav2/install/lio_sam_op/share/lio_sam_op/environment/library_path.sh
[0.303s] -- Up-to-date: /home/korey/Desktop/lio_nav2/install/lio_sam_op/share/lio_sam_op/environment/library_path.dsv
[0.303s] -- Up-to-date: /home/korey/Desktop/lio_nav2/install/lio_sam_op/lib/liblio_sam_op__rosidl_generator_c.so
[0.303s] -- Up-to-date: /home/korey/Desktop/lio_nav2/install/lio_sam_op/include/lio_sam_op
[0.303s] -- Up-to-date: /home/korey/Desktop/lio_nav2/install/lio_sam_op/include/lio_sam_op/srv
[0.304s] -- Up-to-date: /home/korey/Desktop/lio_nav2/install/lio_sam_op/include/lio_sam_op/srv/detail
[0.304s] -- Up-to-date: /home/korey/Desktop/lio_nav2/install/lio_sam_op/include/lio_sam_op/srv/detail/save_map__rosidl_typesupport_fastrtps_c.h
[0.304s] -- Up-to-date: /home/korey/Desktop/lio_nav2/install/lio_sam_op/include/lio_sam_op/msg
[0.304s] -- Up-to-date: /home/korey/Desktop/lio_nav2/install/lio_sam_op/include/lio_sam_op/msg/detail
[0.304s] -- Up-to-date: /home/korey/Desktop/lio_nav2/install/lio_sam_op/include/lio_sam_op/msg/detail/cloud_info__rosidl_typesupport_fastrtps_c.h
[0.305s] -- Up-to-date: /home/korey/Desktop/lio_nav2/install/lio_sam_op/include/lio_sam_op/msg/rosidl_typesupport_fastrtps_c__visibility_control.h
[0.305s] -- Up-to-date: /home/korey/Desktop/lio_nav2/install/lio_sam_op/lib/liblio_sam_op__rosidl_typesupport_fastrtps_c.so
[0.305s] -- Up-to-date: /home/korey/Desktop/lio_nav2/install/lio_sam_op/include/lio_sam_op
[0.305s] -- Up-to-date: /home/korey/Desktop/lio_nav2/install/lio_sam_op/include/lio_sam_op/srv
[0.305s] -- Up-to-date: /home/korey/Desktop/lio_nav2/install/lio_sam_op/include/lio_sam_op/srv/detail
[0.306s] -- Up-to-date: /home/korey/Desktop/lio_nav2/install/lio_sam_op/include/lio_sam_op/srv/detail/dds_fastrtps
[0.306s] -- Up-to-date: /home/korey/Desktop/lio_nav2/install/lio_sam_op/include/lio_sam_op/srv/detail/save_map__rosidl_typesupport_fastrtps_cpp.hpp
[0.306s] -- Up-to-date: /home/korey/Desktop/lio_nav2/install/lio_sam_op/include/lio_sam_op/msg
[0.306s] -- Up-to-date: /home/korey/Desktop/lio_nav2/install/lio_sam_op/include/lio_sam_op/msg/detail
[0.307s] -- Up-to-date: /home/korey/Desktop/lio_nav2/install/lio_sam_op/include/lio_sam_op/msg/detail/dds_fastrtps
[0.307s] -- Up-to-date: /home/korey/Desktop/lio_nav2/install/lio_sam_op/include/lio_sam_op/msg/detail/cloud_info__rosidl_typesupport_fastrtps_cpp.hpp
[0.307s] -- Up-to-date: /home/korey/Desktop/lio_nav2/install/lio_sam_op/include/lio_sam_op/msg/rosidl_typesupport_fastrtps_cpp__visibility_control.h
[0.307s] -- Up-to-date: /home/korey/Desktop/lio_nav2/install/lio_sam_op/lib/liblio_sam_op__rosidl_typesupport_fastrtps_cpp.so
[0.307s] -- Up-to-date: /home/korey/Desktop/lio_nav2/install/lio_sam_op/include/lio_sam_op
[0.307s] -- Up-to-date: /home/korey/Desktop/lio_nav2/install/lio_sam_op/include/lio_sam_op/srv
[0.307s] -- Up-to-date: /home/korey/Desktop/lio_nav2/install/lio_sam_op/include/lio_sam_op/srv/detail
[0.307s] -- Up-to-date: /home/korey/Desktop/lio_nav2/install/lio_sam_op/include/lio_sam_op/srv/detail/save_map__rosidl_typesupport_introspection_c.h
[0.307s] -- Up-to-date: /home/korey/Desktop/lio_nav2/install/lio_sam_op/include/lio_sam_op/srv/detail/save_map__type_support.c
[0.307s] -- Up-to-date: /home/korey/Desktop/lio_nav2/install/lio_sam_op/include/lio_sam_op/msg
[0.307s] -- Up-to-date: /home/korey/Desktop/lio_nav2/install/lio_sam_op/include/lio_sam_op/msg/rosidl_typesupport_introspection_c__visibility_control.h
[0.307s] -- Up-to-date: /home/korey/Desktop/lio_nav2/install/lio_sam_op/include/lio_sam_op/msg/detail
[0.308s] -- Up-to-date: /home/korey/Desktop/lio_nav2/install/lio_sam_op/include/lio_sam_op/msg/detail/cloud_info__type_support.c
[0.308s] -- Up-to-date: /home/korey/Desktop/lio_nav2/install/lio_sam_op/include/lio_sam_op/msg/detail/cloud_info__rosidl_typesupport_introspection_c.h
[0.308s] -- Up-to-date: /home/korey/Desktop/lio_nav2/install/lio_sam_op/lib/liblio_sam_op__rosidl_typesupport_introspection_c.so
[0.308s] -- Up-to-date: /home/korey/Desktop/lio_nav2/install/lio_sam_op/lib/liblio_sam_op__rosidl_typesupport_c.so
[0.308s] -- Up-to-date: /home/korey/Desktop/lio_nav2/install/lio_sam_op/include/lio_sam_op
[0.308s] -- Up-to-date: /home/korey/Desktop/lio_nav2/install/lio_sam_op/include/lio_sam_op/srv
[0.308s] -- Up-to-date: /home/korey/Desktop/lio_nav2/install/lio_sam_op/include/lio_sam_op/srv/detail
[0.308s] -- Up-to-date: /home/korey/Desktop/lio_nav2/install/lio_sam_op/include/lio_sam_op/srv/detail/save_map__traits.hpp
[0.308s] -- Up-to-date: /home/korey/Desktop/lio_nav2/install/lio_sam_op/include/lio_sam_op/srv/detail/save_map__builder.hpp
[0.308s] -- Up-to-date: /home/korey/Desktop/lio_nav2/install/lio_sam_op/include/lio_sam_op/srv/detail/save_map__struct.hpp
[0.309s] -- Up-to-date: /home/korey/Desktop/lio_nav2/install/lio_sam_op/include/lio_sam_op/srv/detail/save_map__type_support.hpp
[0.309s] -- Up-to-date: /home/korey/Desktop/lio_nav2/install/lio_sam_op/include/lio_sam_op/srv/save_map.hpp
[0.309s] -- Up-to-date: /home/korey/Desktop/lio_nav2/install/lio_sam_op/include/lio_sam_op/msg
[0.309s] -- Up-to-date: /home/korey/Desktop/lio_nav2/install/lio_sam_op/include/lio_sam_op/msg/rosidl_generator_cpp__visibility_control.hpp
[0.309s] -- Up-to-date: /home/korey/Desktop/lio_nav2/install/lio_sam_op/include/lio_sam_op/msg/detail
[0.309s] -- Up-to-date: /home/korey/Desktop/lio_nav2/install/lio_sam_op/include/lio_sam_op/msg/detail/cloud_info__traits.hpp
[0.309s] -- Up-to-date: /home/korey/Desktop/lio_nav2/install/lio_sam_op/include/lio_sam_op/msg/detail/cloud_info__type_support.hpp
[0.309s] -- Up-to-date: /home/korey/Desktop/lio_nav2/install/lio_sam_op/include/lio_sam_op/msg/detail/cloud_info__builder.hpp
[0.309s] -- Up-to-date: /home/korey/Desktop/lio_nav2/install/lio_sam_op/include/lio_sam_op/msg/detail/cloud_info__struct.hpp
[0.309s] -- Up-to-date: /home/korey/Desktop/lio_nav2/install/lio_sam_op/include/lio_sam_op/msg/cloud_info.hpp
[0.309s] -- Up-to-date: /home/korey/Desktop/lio_nav2/install/lio_sam_op/include/lio_sam_op
[0.309s] -- Up-to-date: /home/korey/Desktop/lio_nav2/install/lio_sam_op/include/lio_sam_op/srv
[0.309s] -- Up-to-date: /home/korey/Desktop/lio_nav2/install/lio_sam_op/include/lio_sam_op/srv/detail
[0.310s] -- Up-to-date: /home/korey/Desktop/lio_nav2/install/lio_sam_op/include/lio_sam_op/srv/detail/save_map__type_support.cpp
[0.310s] -- Up-to-date: /home/korey/Desktop/lio_nav2/install/lio_sam_op/include/lio_sam_op/srv/detail/save_map__rosidl_typesupport_introspection_cpp.hpp
[0.310s] -- Up-to-date: /home/korey/Desktop/lio_nav2/install/lio_sam_op/include/lio_sam_op/msg
[0.310s] -- Up-to-date: /home/korey/Desktop/lio_nav2/install/lio_sam_op/include/lio_sam_op/msg/detail
[0.310s] -- Up-to-date: /home/korey/Desktop/lio_nav2/install/lio_sam_op/include/lio_sam_op/msg/detail/cloud_info__type_support.cpp
[0.310s] -- Up-to-date: /home/korey/Desktop/lio_nav2/install/lio_sam_op/include/lio_sam_op/msg/detail/cloud_info__rosidl_typesupport_introspection_cpp.hpp
[0.310s] -- Up-to-date: /home/korey/Desktop/lio_nav2/install/lio_sam_op/lib/liblio_sam_op__rosidl_typesupport_introspection_cpp.so
[0.310s] -- Up-to-date: /home/korey/Desktop/lio_nav2/install/lio_sam_op/lib/liblio_sam_op__rosidl_typesupport_cpp.so
[0.310s] -- Up-to-date: /home/korey/Desktop/lio_nav2/install/lio_sam_op/share/lio_sam_op/environment/pythonpath.sh
[0.310s] -- Up-to-date: /home/korey/Desktop/lio_nav2/install/lio_sam_op/share/lio_sam_op/environment/pythonpath.dsv
[0.310s] -- Up-to-date: /home/korey/Desktop/lio_nav2/install/lio_sam_op/lib/python3.8/site-packages/lio_sam_op/__init__.py
[0.334s] -- Up-to-date: /home/korey/Desktop/lio_nav2/install/lio_sam_op/lib/python3.8/site-packages/lio_sam_op/msg
[0.334s] -- Up-to-date: /home/korey/Desktop/lio_nav2/install/lio_sam_op/lib/python3.8/site-packages/lio_sam_op/msg/_cloud_info_s.c
[0.335s] -- Up-to-date: /home/korey/Desktop/lio_nav2/install/lio_sam_op/lib/python3.8/site-packages/lio_sam_op/msg/__init__.py
[0.335s] -- Up-to-date: /home/korey/Desktop/lio_nav2/install/lio_sam_op/lib/python3.8/site-packages/lio_sam_op/msg/_cloud_info.py
[0.335s] -- Up-to-date: /home/korey/Desktop/lio_nav2/install/lio_sam_op/lib/python3.8/site-packages/lio_sam_op/srv
[0.335s] -- Up-to-date: /home/korey/Desktop/lio_nav2/install/lio_sam_op/lib/python3.8/site-packages/lio_sam_op/srv/_save_map.py
[0.335s] -- Up-to-date: /home/korey/Desktop/lio_nav2/install/lio_sam_op/lib/python3.8/site-packages/lio_sam_op/srv/__init__.py
[0.335s] -- Up-to-date: /home/korey/Desktop/lio_nav2/install/lio_sam_op/lib/python3.8/site-packages/lio_sam_op/srv/_save_map_s.c
[0.335s] -- Up-to-date: /home/korey/Desktop/lio_nav2/install/lio_sam_op/lib/python3.8/site-packages/lio_sam_op/lio_sam_op_s__rosidl_typesupport_fastrtps_c.cpython-38-x86_64-linux-gnu.so
[0.335s] -- Up-to-date: /home/korey/Desktop/lio_nav2/install/lio_sam_op/lib/python3.8/site-packages/lio_sam_op/lio_sam_op_s__rosidl_typesupport_introspection_c.cpython-38-x86_64-linux-gnu.so
[0.335s] -- Up-to-date: /home/korey/Desktop/lio_nav2/install/lio_sam_op/lib/python3.8/site-packages/lio_sam_op/lio_sam_op_s__rosidl_typesupport_c.cpython-38-x86_64-linux-gnu.so
[0.335s] -- Up-to-date: /home/korey/Desktop/lio_nav2/install/lio_sam_op/lib/liblio_sam_op__python.so
[0.336s] -- Up-to-date: /home/korey/Desktop/lio_nav2/install/lio_sam_op/share/lio_sam_op/msg/CloudInfo.idl
[0.336s] -- Up-to-date: /home/korey/Desktop/lio_nav2/install/lio_sam_op/share/lio_sam_op/srv/SaveMap.idl
[0.336s] -- Up-to-date: /home/korey/Desktop/lio_nav2/install/lio_sam_op/share/lio_sam_op/msg/CloudInfo.msg
[0.336s] -- Up-to-date: /home/korey/Desktop/lio_nav2/install/lio_sam_op/share/lio_sam_op/srv/SaveMap.srv
[0.336s] -- Up-to-date: /home/korey/Desktop/lio_nav2/install/lio_sam_op/share/lio_sam_op/srv/SaveMap_Request.msg
[0.336s] -- Up-to-date: /home/korey/Desktop/lio_nav2/install/lio_sam_op/share/lio_sam_op/srv/SaveMap_Response.msg
[0.336s] -- Up-to-date: /home/korey/Desktop/lio_nav2/install/lio_sam_op/lib/lio_sam_op/lio_sam_op_imageProjection
[0.336s] -- Up-to-date: /home/korey/Desktop/lio_nav2/install/lio_sam_op/lib/lio_sam_op/lio_sam_op_featureExtraction
[0.337s] -- Up-to-date: /home/korey/Desktop/lio_nav2/install/lio_sam_op/lib/lio_sam_op/lio_sam_op_imuPreintegration
[0.337s] -- Up-to-date: /home/korey/Desktop/lio_nav2/install/lio_sam_op/lib/lio_sam_op/lio_sam_op_mapOptimization
[0.337s] -- Up-to-date: /home/korey/Desktop/lio_nav2/install/lio_sam_op/lib/lio_sam_op/lio_sam_op_transformFusion
[0.338s] -- Up-to-date: /home/korey/Desktop/lio_nav2/install/lio_sam_op/include/lio_sam_op
[0.338s] -- Up-to-date: /home/korey/Desktop/lio_nav2/install/lio_sam_op/include/lio_sam_op/lio_sam_op
[0.338s] -- Up-to-date: /home/korey/Desktop/lio_nav2/install/lio_sam_op/include/lio_sam_op/lio_sam_op/utility.hpp
[0.338s] -- Up-to-date: /home/korey/Desktop/lio_nav2/install/lio_sam_op/share/lio_sam_op/launch
[0.338s] -- Up-to-date: /home/korey/Desktop/lio_nav2/install/lio_sam_op/share/lio_sam_op/launch/run.launch.py
[0.339s] -- Up-to-date: /home/korey/Desktop/lio_nav2/install/lio_sam_op/share/lio_sam_op/launch/pureLioSam.launch.py
[0.339s] -- Up-to-date: /home/korey/Desktop/lio_nav2/install/lio_sam_op/share/lio_sam_op/launch/__pycache__
[0.339s] -- Up-to-date: /home/korey/Desktop/lio_nav2/install/lio_sam_op/share/lio_sam_op/launch/__pycache__/run.launch.cpython-313.pyc
[0.339s] -- Up-to-date: /home/korey/Desktop/lio_nav2/install/lio_sam_op/share/lio_sam_op/config
[0.340s] -- Up-to-date: /home/korey/Desktop/lio_nav2/install/lio_sam_op/share/lio_sam_op/config/rviz2.rviz
[0.340s] -- Up-to-date: /home/korey/Desktop/lio_nav2/install/lio_sam_op/share/lio_sam_op/config/robot.urdf.xacro
[0.340s] -- Up-to-date: /home/korey/Desktop/lio_nav2/install/lio_sam_op/share/lio_sam_op/config/params_default.yaml
[0.340s] -- Up-to-date: /home/korey/Desktop/lio_nav2/install/lio_sam_op/share/lio_sam_op/config/params.yaml
[0.340s] -- Up-to-date: /home/korey/Desktop/lio_nav2/install/lio_sam_op/share/ament_index/resource_index/package_run_dependencies/lio_sam_op
[0.340s] -- Up-to-date: /home/korey/Desktop/lio_nav2/install/lio_sam_op/share/ament_index/resource_index/parent_prefix_path/lio_sam_op
[0.341s] -- Up-to-date: /home/korey/Desktop/lio_nav2/install/lio_sam_op/share/lio_sam_op/environment/ament_prefix_path.sh
[0.341s] -- Up-to-date: /home/korey/Desktop/lio_nav2/install/lio_sam_op/share/lio_sam_op/environment/ament_prefix_path.dsv
[0.341s] -- Up-to-date: /home/korey/Desktop/lio_nav2/install/lio_sam_op/share/lio_sam_op/environment/path.sh
[0.341s] -- Up-to-date: /home/korey/Desktop/lio_nav2/install/lio_sam_op/share/lio_sam_op/environment/path.dsv
[0.341s] -- Up-to-date: /home/korey/Desktop/lio_nav2/install/lio_sam_op/share/lio_sam_op/local_setup.bash
[0.341s] -- Up-to-date: /home/korey/Desktop/lio_nav2/install/lio_sam_op/share/lio_sam_op/local_setup.sh
[0.341s] -- Up-to-date: /home/korey/Desktop/lio_nav2/install/lio_sam_op/share/lio_sam_op/local_setup.zsh
[0.341s] -- Up-to-date: /home/korey/Desktop/lio_nav2/install/lio_sam_op/share/lio_sam_op/local_setup.dsv
[0.341s] -- Installing: /home/korey/Desktop/lio_nav2/install/lio_sam_op/share/lio_sam_op/package.dsv
[0.341s] -- Up-to-date: /home/korey/Desktop/lio_nav2/install/lio_sam_op/share/ament_index/resource_index/packages/lio_sam_op
[0.341s] -- Up-to-date: /home/korey/Desktop/lio_nav2/install/lio_sam_op/share/lio_sam_op/cmake/lio_sam_op__rosidl_generator_cExport.cmake
[0.342s] -- Up-to-date: /home/korey/Desktop/lio_nav2/install/lio_sam_op/share/lio_sam_op/cmake/lio_sam_op__rosidl_generator_cExport-release.cmake
[0.342s] -- Up-to-date: /home/korey/Desktop/lio_nav2/install/lio_sam_op/share/lio_sam_op/cmake/lio_sam_op__rosidl_typesupport_introspection_cExport.cmake
[0.342s] -- Up-to-date: /home/korey/Desktop/lio_nav2/install/lio_sam_op/share/lio_sam_op/cmake/lio_sam_op__rosidl_typesupport_introspection_cExport-release.cmake
[0.342s] -- Up-to-date: /home/korey/Desktop/lio_nav2/install/lio_sam_op/share/lio_sam_op/cmake/lio_sam_op__rosidl_typesupport_cExport.cmake
[0.342s] -- Up-to-date: /home/korey/Desktop/lio_nav2/install/lio_sam_op/share/lio_sam_op/cmake/lio_sam_op__rosidl_typesupport_cExport-release.cmake
[0.342s] -- Up-to-date: /home/korey/Desktop/lio_nav2/install/lio_sam_op/share/lio_sam_op/cmake/lio_sam_op__rosidl_generator_cppExport.cmake
[0.342s] -- Up-to-date: /home/korey/Desktop/lio_nav2/install/lio_sam_op/share/lio_sam_op/cmake/lio_sam_op__rosidl_typesupport_introspection_cppExport.cmake
[0.342s] -- Up-to-date: /home/korey/Desktop/lio_nav2/install/lio_sam_op/share/lio_sam_op/cmake/lio_sam_op__rosidl_typesupport_introspection_cppExport-release.cmake
[0.342s] -- Up-to-date: /home/korey/Desktop/lio_nav2/install/lio_sam_op/share/lio_sam_op/cmake/lio_sam_op__rosidl_typesupport_cppExport.cmake
[0.342s] -- Up-to-date: /home/korey/Desktop/lio_nav2/install/lio_sam_op/share/lio_sam_op/cmake/lio_sam_op__rosidl_typesupport_cppExport-release.cmake
[0.342s] -- Up-to-date: /home/korey/Desktop/lio_nav2/install/lio_sam_op/share/lio_sam_op/cmake/rosidl_cmake-extras.cmake
[0.343s] -- Up-to-date: /home/korey/Desktop/lio_nav2/install/lio_sam_op/share/lio_sam_op/cmake/ament_cmake_export_dependencies-extras.cmake
[0.343s] -- Up-to-date: /home/korey/Desktop/lio_nav2/install/lio_sam_op/share/lio_sam_op/cmake/ament_cmake_export_libraries-extras.cmake
[0.343s] -- Up-to-date: /home/korey/Desktop/lio_nav2/install/lio_sam_op/share/lio_sam_op/cmake/ament_cmake_export_targets-extras.cmake
[0.343s] -- Up-to-date: /home/korey/Desktop/lio_nav2/install/lio_sam_op/share/lio_sam_op/cmake/ament_cmake_export_include_directories-extras.cmake
[0.343s] -- Up-to-date: /home/korey/Desktop/lio_nav2/install/lio_sam_op/share/lio_sam_op/cmake/rosidl_cmake_export_typesupport_libraries-extras.cmake
[0.343s] -- Up-to-date: /home/korey/Desktop/lio_nav2/install/lio_sam_op/share/lio_sam_op/cmake/rosidl_cmake_export_typesupport_targets-extras.cmake
[0.343s] -- Up-to-date: /home/korey/Desktop/lio_nav2/install/lio_sam_op/share/lio_sam_op/cmake/lio_sam_opConfig.cmake
[0.343s] -- Up-to-date: /home/korey/Desktop/lio_nav2/install/lio_sam_op/share/lio_sam_op/cmake/lio_sam_opConfig-version.cmake
[0.343s] -- Up-to-date: /home/korey/Desktop/lio_nav2/install/lio_sam_op/share/lio_sam_op/package.xml
[0.347s] Invoked command in '/home/korey/Desktop/lio_nav2/build/lio_sam_op' returned '0': CMAKE_PREFIX_PATH=/opt/ros/foxy /home/korey/.local/bin/cmake --install /home/korey/Desktop/lio_nav2/build/lio_sam_op
