[0.015s] Invoking command in '/home/korey/Desktop/lio-sam_simulation_navigation/build/robot_bringup': CONDA_PROMPT_MODIFIER=(base) /home/korey/.local/bin/cmake --build /home/korey/Desktop/lio-sam_simulation_navigation/build/robot_bringup -- -j12 -l12
[0.085s] [100%] Built target point_deal
[0.096s] Invoked command in '/home/korey/Desktop/lio-sam_simulation_navigation/build/robot_bringup' returned '0': CONDA_PROMPT_MODIFIER=(base) /home/korey/.local/bin/cmake --build /home/korey/Desktop/lio-sam_simulation_navigation/build/robot_bringup -- -j12 -l12
[0.137s] Invoking command in '/home/korey/Desktop/lio-sam_simulation_navigation/build/robot_bringup': CONDA_PROMPT_MODIFIER=(base) /home/korey/.local/bin/cmake --install /home/korey/Desktop/lio-sam_simulation_navigation/build/robot_bringup
[0.165s] -- Install configuration: ""
[0.165s] -- Execute custom install script
[0.166s] -- Up-to-date symlink: /home/korey/Desktop/lio-sam_simulation_navigation/install/robot_bringup/lib/robot_bringup/point_deal
[0.166s] -- Up-to-date symlink: /home/korey/Desktop/lio-sam_simulation_navigation/install/robot_bringup/share/robot_bringup/launch/__pycache__/bringup.launch.cpython-313.pyc
[0.166s] -- Symlinking: /home/korey/Desktop/lio-sam_simulation_navigation/install/robot_bringup/share/robot_bringup/launch/__pycache__/bringup.launch.cpython-38.pyc
[0.169s] -- Up-to-date symlink: /home/korey/Desktop/lio-sam_simulation_navigation/install/robot_bringup/share/robot_bringup/launch/bringup.launch.py
[0.170s] -- Up-to-date symlink: /home/korey/Desktop/lio-sam_simulation_navigation/install/robot_bringup/share/robot_bringup/urdf/robo_car.urdf.xacro
[0.170s] -- Up-to-date symlink: /home/korey/Desktop/lio-sam_simulation_navigation/install/robot_bringup/share/robot_bringup/world/my_world.world
[0.170s] -- Up-to-date symlink: /home/korey/Desktop/lio-sam_simulation_navigation/install/robot_bringup/share/ament_index/resource_index/package_run_dependencies/robot_bringup
[0.171s] -- Up-to-date symlink: /home/korey/Desktop/lio-sam_simulation_navigation/install/robot_bringup/share/ament_index/resource_index/parent_prefix_path/robot_bringup
[0.171s] -- Up-to-date symlink: /home/korey/Desktop/lio-sam_simulation_navigation/install/robot_bringup/share/robot_bringup/environment/ament_prefix_path.sh
[0.171s] -- Up-to-date symlink: /home/korey/Desktop/lio-sam_simulation_navigation/install/robot_bringup/share/robot_bringup/environment/ament_prefix_path.dsv
[0.171s] -- Up-to-date symlink: /home/korey/Desktop/lio-sam_simulation_navigation/install/robot_bringup/share/robot_bringup/environment/path.sh
[0.172s] -- Up-to-date symlink: /home/korey/Desktop/lio-sam_simulation_navigation/install/robot_bringup/share/robot_bringup/environment/path.dsv
[0.172s] -- Up-to-date symlink: /home/korey/Desktop/lio-sam_simulation_navigation/install/robot_bringup/share/robot_bringup/local_setup.bash
[0.172s] -- Up-to-date symlink: /home/korey/Desktop/lio-sam_simulation_navigation/install/robot_bringup/share/robot_bringup/local_setup.sh
[0.173s] -- Up-to-date symlink: /home/korey/Desktop/lio-sam_simulation_navigation/install/robot_bringup/share/robot_bringup/local_setup.zsh
[0.173s] -- Up-to-date symlink: /home/korey/Desktop/lio-sam_simulation_navigation/install/robot_bringup/share/robot_bringup/local_setup.dsv
[0.173s] -- Symlinking: /home/korey/Desktop/lio-sam_simulation_navigation/install/robot_bringup/share/robot_bringup/package.dsv
[0.178s] -- Up-to-date symlink: /home/korey/Desktop/lio-sam_simulation_navigation/install/robot_bringup/share/ament_index/resource_index/packages/robot_bringup
[0.178s] -- Up-to-date symlink: /home/korey/Desktop/lio-sam_simulation_navigation/install/robot_bringup/share/robot_bringup/cmake/ament_cmake_export_dependencies-extras.cmake
[0.178s] -- Up-to-date symlink: /home/korey/Desktop/lio-sam_simulation_navigation/install/robot_bringup/share/robot_bringup/cmake/robot_bringupConfig.cmake
[0.179s] -- Up-to-date symlink: /home/korey/Desktop/lio-sam_simulation_navigation/install/robot_bringup/share/robot_bringup/cmake/robot_bringupConfig-version.cmake
[0.179s] -- Up-to-date symlink: /home/korey/Desktop/lio-sam_simulation_navigation/install/robot_bringup/share/robot_bringup/package.xml
[0.187s] Invoked command in '/home/korey/Desktop/lio-sam_simulation_navigation/build/robot_bringup' returned '0': CONDA_PROMPT_MODIFIER=(base) /home/korey/.local/bin/cmake --install /home/korey/Desktop/lio-sam_simulation_navigation/build/robot_bringup
