Performing C SOURCE FILE Test CMAKE_HAVE_LIBC_PTHREAD failed with the following output:
Change Dir: /home/korey/Desktop/lio_nav2/build/lio_sam_op/CMakeFiles/CMakeScratch/TryCompile-L7jrt6

Run Build Command(s):/usr/bin/make -f Makefile cmTC_297cb/fast && /usr/bin/make  -f CMakeFiles/cmTC_297cb.dir/build.make CMakeFiles/cmTC_297cb.dir/build
make[1]: 进入目录“/home/korey/Desktop/lio_nav2/build/lio_sam_op/CMakeFiles/CMakeScratch/TryCompile-L7jrt6”
Building C object CMakeFiles/cmTC_297cb.dir/src.c.o
/usr/bin/cc -DCMAKE_HAVE_LIBC_PTHREAD   -o CMakeFiles/cmTC_297cb.dir/src.c.o -c /home/korey/Desktop/lio_nav2/build/lio_sam_op/CMakeFiles/CMakeScratch/TryCompile-L7jrt6/src.c
Linking C executable cmTC_297cb
/home/korey/.local/lib/python3.8/site-packages/cmake/data/bin/cmake -E cmake_link_script CMakeFiles/cmTC_297cb.dir/link.txt --verbose=1
/usr/bin/cc CMakeFiles/cmTC_297cb.dir/src.c.o -o cmTC_297cb 
/usr/bin/ld: CMakeFiles/cmTC_297cb.dir/src.c.o: in function `main':
src.c:(.text+0x46): undefined reference to `pthread_create'
/usr/bin/ld: src.c:(.text+0x52): undefined reference to `pthread_detach'
/usr/bin/ld: src.c:(.text+0x5e): undefined reference to `pthread_cancel'
/usr/bin/ld: src.c:(.text+0x6f): undefined reference to `pthread_join'
collect2: error: ld returned 1 exit status
make[1]: *** [CMakeFiles/cmTC_297cb.dir/build.make:99：cmTC_297cb] 错误 1
make[1]: 离开目录“/home/korey/Desktop/lio_nav2/build/lio_sam_op/CMakeFiles/CMakeScratch/TryCompile-L7jrt6”
make: *** [Makefile:127：cmTC_297cb/fast] 错误 2


Source file was:
#include <pthread.h>

static void* test_func(void* data)
{
  return data;
}

int main(void)
{
  pthread_t thread;
  pthread_create(&thread, NULL, test_func, NULL);
  pthread_detach(thread);
  pthread_cancel(thread);
  pthread_join(thread, NULL);
  pthread_atfork(NULL, NULL, NULL);
  pthread_exit(NULL);

  return 0;
}


Determining if the function pthread_create exists in the pthreads failed with the following output:
Change Dir: /home/korey/Desktop/lio_nav2/build/lio_sam_op/CMakeFiles/CMakeScratch/TryCompile-CqwsD5

Run Build Command(s):/usr/bin/make -f Makefile cmTC_cec14/fast && /usr/bin/make  -f CMakeFiles/cmTC_cec14.dir/build.make CMakeFiles/cmTC_cec14.dir/build
make[1]: 进入目录“/home/korey/Desktop/lio_nav2/build/lio_sam_op/CMakeFiles/CMakeScratch/TryCompile-CqwsD5”
Building C object CMakeFiles/cmTC_cec14.dir/CheckFunctionExists.c.o
/usr/bin/cc   -DCHECK_FUNCTION_EXISTS=pthread_create -o CMakeFiles/cmTC_cec14.dir/CheckFunctionExists.c.o -c /home/korey/Desktop/lio_nav2/build/lio_sam_op/CMakeFiles/CMakeScratch/TryCompile-CqwsD5/CheckFunctionExists.c
Linking C executable cmTC_cec14
/home/korey/.local/lib/python3.8/site-packages/cmake/data/bin/cmake -E cmake_link_script CMakeFiles/cmTC_cec14.dir/link.txt --verbose=1
/usr/bin/cc  -DCHECK_FUNCTION_EXISTS=pthread_create CMakeFiles/cmTC_cec14.dir/CheckFunctionExists.c.o -o cmTC_cec14  -lpthreads 
/usr/bin/ld: 找不到 -lpthreads
collect2: error: ld returned 1 exit status
make[1]: *** [CMakeFiles/cmTC_cec14.dir/build.make:99：cmTC_cec14] 错误 1
make[1]: 离开目录“/home/korey/Desktop/lio_nav2/build/lio_sam_op/CMakeFiles/CMakeScratch/TryCompile-CqwsD5”
make: *** [Makefile:127：cmTC_cec14/fast] 错误 2



