[0.206s] DEBUG:colcon:Command line arguments: ['/usr/bin/colcon', 'build']
[0.207s] DEBUG:colcon:Parsed command line arguments: Namespace(allow_overriding=[], ament_cmake_args=None, base_paths=['.'], build_base='build', catkin_cmake_args=None, catkin_skip_building_tests=False, cmake_args=None, cmake_clean_cache=False, cmake_clean_first=False, cmake_force_configure=False, cmake_target=None, cmake_target_skip_unavailable=False, continue_on_error=False, event_handlers=None, executor='parallel', ignore_user_meta=False, install_base='install', log_base=None, log_level=None, main=<bound method BuildVerb.main of <colcon_core.verb.build.BuildVerb object at 0x7fb9267b6070>>, merge_install=False, metas=['./colcon.meta'], packages_above=None, packages_above_and_dependencies=None, packages_above_depth=None, packages_end=None, packages_ignore=None, packages_ignore_regex=None, packages_select=None, packages_select_build_failed=False, packages_select_by_dep=None, packages_select_regex=None, packages_select_test_failures=False, packages_skip=None, packages_skip_build_finished=False, packages_skip_by_dep=None, packages_skip_regex=None, packages_skip_test_passed=False, packages_skip_up_to=None, packages_start=None, packages_up_to=None, packages_up_to_regex=None, parallel_workers=12, paths=None, symlink_install=False, test_result_base=None, verb_extension=<colcon_core.verb.build.BuildVerb object at 0x7fb9267b6070>, verb_name='build', verb_parser=<colcon_defaults.argument_parser.defaults.DefaultArgumentsDecorator object at 0x7fb92666e2b0>)
[0.273s] Level 1:colcon.colcon_core.package_discovery:discover_packages(colcon_meta) check parameters
[0.273s] Level 1:colcon.colcon_core.package_discovery:discover_packages(recursive) check parameters
[0.273s] Level 1:colcon.colcon_core.package_discovery:discover_packages(ignore) check parameters
[0.273s] Level 1:colcon.colcon_core.package_discovery:discover_packages(path) check parameters
[0.273s] Level 1:colcon.colcon_core.package_discovery:discover_packages(colcon_meta) discover
[0.273s] Level 1:colcon.colcon_core.package_discovery:discover_packages(recursive) discover
[0.273s] INFO:colcon.colcon_core.package_discovery:Crawling recursively for packages in '/home/korey/Desktop/lio_nav2'
[0.273s] Level 1:colcon.colcon_core.package_identification:_identify(.) by extensions ['ignore', 'ignore_ament_install']
[0.273s] Level 1:colcon.colcon_core.package_identification:_identify(.) by extension 'ignore'
[0.273s] Level 1:colcon.colcon_core.package_identification:_identify(.) by extension 'ignore_ament_install'
[0.273s] Level 1:colcon.colcon_core.package_identification:_identify(.) by extensions ['colcon_pkg']
[0.273s] Level 1:colcon.colcon_core.package_identification:_identify(.) by extension 'colcon_pkg'
[0.274s] Level 1:colcon.colcon_core.package_identification:_identify(.) by extensions ['colcon_meta']
[0.274s] Level 1:colcon.colcon_core.package_identification:_identify(.) by extension 'colcon_meta'
[0.274s] Level 1:colcon.colcon_core.package_identification:_identify(.) by extensions ['ros']
[0.274s] Level 1:colcon.colcon_core.package_identification:_identify(.) by extension 'ros'
[0.293s] Level 1:colcon.colcon_core.package_identification:_identify(.) by extensions ['cmake', 'python']
[0.294s] Level 1:colcon.colcon_core.package_identification:_identify(.) by extension 'cmake'
[0.294s] Level 1:colcon.colcon_core.package_identification:_identify(.) by extension 'python'
[0.294s] Level 1:colcon.colcon_core.package_identification:_identify(.) by extensions ['python_setup_py']
[0.294s] Level 1:colcon.colcon_core.package_identification:_identify(.) by extension 'python_setup_py'
[0.294s] Level 1:colcon.colcon_core.package_identification:_identify(build) by extensions ['ignore', 'ignore_ament_install']
[0.294s] Level 1:colcon.colcon_core.package_identification:_identify(build) by extension 'ignore'
[0.294s] Level 1:colcon.colcon_core.package_identification:_identify(build) ignored
[0.294s] Level 1:colcon.colcon_core.package_identification:_identify(docs) by extensions ['ignore', 'ignore_ament_install']
[0.294s] Level 1:colcon.colcon_core.package_identification:_identify(docs) by extension 'ignore'
[0.294s] Level 1:colcon.colcon_core.package_identification:_identify(docs) by extension 'ignore_ament_install'
[0.294s] Level 1:colcon.colcon_core.package_identification:_identify(docs) by extensions ['colcon_pkg']
[0.295s] Level 1:colcon.colcon_core.package_identification:_identify(docs) by extension 'colcon_pkg'
[0.295s] Level 1:colcon.colcon_core.package_identification:_identify(docs) by extensions ['colcon_meta']
[0.295s] Level 1:colcon.colcon_core.package_identification:_identify(docs) by extension 'colcon_meta'
[0.295s] Level 1:colcon.colcon_core.package_identification:_identify(docs) by extensions ['ros']
[0.295s] Level 1:colcon.colcon_core.package_identification:_identify(docs) by extension 'ros'
[0.295s] Level 1:colcon.colcon_core.package_identification:_identify(docs) by extensions ['cmake', 'python']
[0.295s] Level 1:colcon.colcon_core.package_identification:_identify(docs) by extension 'cmake'
[0.295s] Level 1:colcon.colcon_core.package_identification:_identify(docs) by extension 'python'
[0.295s] Level 1:colcon.colcon_core.package_identification:_identify(docs) by extensions ['python_setup_py']
[0.295s] Level 1:colcon.colcon_core.package_identification:_identify(docs) by extension 'python_setup_py'
[0.295s] Level 1:colcon.colcon_core.package_identification:_identify(install) by extensions ['ignore', 'ignore_ament_install']
[0.295s] Level 1:colcon.colcon_core.package_identification:_identify(install) by extension 'ignore'
[0.295s] Level 1:colcon.colcon_core.package_identification:_identify(install) ignored
[0.295s] Level 1:colcon.colcon_core.package_identification:_identify(log) by extensions ['ignore', 'ignore_ament_install']
[0.296s] Level 1:colcon.colcon_core.package_identification:_identify(log) by extension 'ignore'
[0.296s] Level 1:colcon.colcon_core.package_identification:_identify(log) ignored
[0.296s] Level 1:colcon.colcon_core.package_identification:_identify(maps) by extensions ['ignore', 'ignore_ament_install']
[0.296s] Level 1:colcon.colcon_core.package_identification:_identify(maps) by extension 'ignore'
[0.296s] Level 1:colcon.colcon_core.package_identification:_identify(maps) by extension 'ignore_ament_install'
[0.296s] Level 1:colcon.colcon_core.package_identification:_identify(maps) by extensions ['colcon_pkg']
[0.296s] Level 1:colcon.colcon_core.package_identification:_identify(maps) by extension 'colcon_pkg'
[0.296s] Level 1:colcon.colcon_core.package_identification:_identify(maps) by extensions ['colcon_meta']
[0.296s] Level 1:colcon.colcon_core.package_identification:_identify(maps) by extension 'colcon_meta'
[0.296s] Level 1:colcon.colcon_core.package_identification:_identify(maps) by extensions ['ros']
[0.296s] Level 1:colcon.colcon_core.package_identification:_identify(maps) by extension 'ros'
[0.297s] Level 1:colcon.colcon_core.package_identification:_identify(maps) by extensions ['cmake', 'python']
[0.297s] Level 1:colcon.colcon_core.package_identification:_identify(maps) by extension 'cmake'
[0.297s] Level 1:colcon.colcon_core.package_identification:_identify(maps) by extension 'python'
[0.297s] Level 1:colcon.colcon_core.package_identification:_identify(maps) by extensions ['python_setup_py']
[0.297s] Level 1:colcon.colcon_core.package_identification:_identify(maps) by extension 'python_setup_py'
[0.297s] Level 1:colcon.colcon_core.package_identification:_identify(maps/lio_sam_map) by extensions ['ignore', 'ignore_ament_install']
[0.297s] Level 1:colcon.colcon_core.package_identification:_identify(maps/lio_sam_map) by extension 'ignore'
[0.297s] Level 1:colcon.colcon_core.package_identification:_identify(maps/lio_sam_map) by extension 'ignore_ament_install'
[0.297s] Level 1:colcon.colcon_core.package_identification:_identify(maps/lio_sam_map) by extensions ['colcon_pkg']
[0.297s] Level 1:colcon.colcon_core.package_identification:_identify(maps/lio_sam_map) by extension 'colcon_pkg'
[0.297s] Level 1:colcon.colcon_core.package_identification:_identify(maps/lio_sam_map) by extensions ['colcon_meta']
[0.297s] Level 1:colcon.colcon_core.package_identification:_identify(maps/lio_sam_map) by extension 'colcon_meta'
[0.297s] Level 1:colcon.colcon_core.package_identification:_identify(maps/lio_sam_map) by extensions ['ros']
[0.297s] Level 1:colcon.colcon_core.package_identification:_identify(maps/lio_sam_map) by extension 'ros'
[0.297s] Level 1:colcon.colcon_core.package_identification:_identify(maps/lio_sam_map) by extensions ['cmake', 'python']
[0.297s] Level 1:colcon.colcon_core.package_identification:_identify(maps/lio_sam_map) by extension 'cmake'
[0.298s] Level 1:colcon.colcon_core.package_identification:_identify(maps/lio_sam_map) by extension 'python'
[0.298s] Level 1:colcon.colcon_core.package_identification:_identify(maps/lio_sam_map) by extensions ['python_setup_py']
[0.298s] Level 1:colcon.colcon_core.package_identification:_identify(maps/lio_sam_map) by extension 'python_setup_py'
[0.298s] Level 1:colcon.colcon_core.package_identification:_identify(scripts) by extensions ['ignore', 'ignore_ament_install']
[0.298s] Level 1:colcon.colcon_core.package_identification:_identify(scripts) by extension 'ignore'
[0.298s] Level 1:colcon.colcon_core.package_identification:_identify(scripts) by extension 'ignore_ament_install'
[0.298s] Level 1:colcon.colcon_core.package_identification:_identify(scripts) by extensions ['colcon_pkg']
[0.298s] Level 1:colcon.colcon_core.package_identification:_identify(scripts) by extension 'colcon_pkg'
[0.298s] Level 1:colcon.colcon_core.package_identification:_identify(scripts) by extensions ['colcon_meta']
[0.298s] Level 1:colcon.colcon_core.package_identification:_identify(scripts) by extension 'colcon_meta'
[0.298s] Level 1:colcon.colcon_core.package_identification:_identify(scripts) by extensions ['ros']
[0.298s] Level 1:colcon.colcon_core.package_identification:_identify(scripts) by extension 'ros'
[0.298s] Level 1:colcon.colcon_core.package_identification:_identify(scripts) by extensions ['cmake', 'python']
[0.298s] Level 1:colcon.colcon_core.package_identification:_identify(scripts) by extension 'cmake'
[0.298s] Level 1:colcon.colcon_core.package_identification:_identify(scripts) by extension 'python'
[0.298s] Level 1:colcon.colcon_core.package_identification:_identify(scripts) by extensions ['python_setup_py']
[0.298s] Level 1:colcon.colcon_core.package_identification:_identify(scripts) by extension 'python_setup_py'
[0.298s] Level 1:colcon.colcon_core.package_identification:_identify(src) by extensions ['ignore', 'ignore_ament_install']
[0.298s] Level 1:colcon.colcon_core.package_identification:_identify(src) by extension 'ignore'
[0.298s] Level 1:colcon.colcon_core.package_identification:_identify(src) by extension 'ignore_ament_install'
[0.299s] Level 1:colcon.colcon_core.package_identification:_identify(src) by extensions ['colcon_pkg']
[0.299s] Level 1:colcon.colcon_core.package_identification:_identify(src) by extension 'colcon_pkg'
[0.299s] Level 1:colcon.colcon_core.package_identification:_identify(src) by extensions ['colcon_meta']
[0.299s] Level 1:colcon.colcon_core.package_identification:_identify(src) by extension 'colcon_meta'
[0.299s] Level 1:colcon.colcon_core.package_identification:_identify(src) by extensions ['ros']
[0.299s] Level 1:colcon.colcon_core.package_identification:_identify(src) by extension 'ros'
[0.299s] Level 1:colcon.colcon_core.package_identification:_identify(src) by extensions ['cmake', 'python']
[0.299s] Level 1:colcon.colcon_core.package_identification:_identify(src) by extension 'cmake'
[0.299s] Level 1:colcon.colcon_core.package_identification:_identify(src) by extension 'python'
[0.299s] Level 1:colcon.colcon_core.package_identification:_identify(src) by extensions ['python_setup_py']
[0.299s] Level 1:colcon.colcon_core.package_identification:_identify(src) by extension 'python_setup_py'
[0.299s] Level 1:colcon.colcon_core.package_identification:_identify(src/LIO-SAM) by extensions ['ignore', 'ignore_ament_install']
[0.299s] Level 1:colcon.colcon_core.package_identification:_identify(src/LIO-SAM) by extension 'ignore'
[0.299s] Level 1:colcon.colcon_core.package_identification:_identify(src/LIO-SAM) by extension 'ignore_ament_install'
[0.299s] Level 1:colcon.colcon_core.package_identification:_identify(src/LIO-SAM) by extensions ['colcon_pkg']
[0.299s] Level 1:colcon.colcon_core.package_identification:_identify(src/LIO-SAM) by extension 'colcon_pkg'
[0.300s] Level 1:colcon.colcon_core.package_identification:_identify(src/LIO-SAM) by extensions ['colcon_meta']
[0.300s] Level 1:colcon.colcon_core.package_identification:_identify(src/LIO-SAM) by extension 'colcon_meta'
[0.300s] Level 1:colcon.colcon_core.package_identification:_identify(src/LIO-SAM) by extensions ['ros']
[0.300s] Level 1:colcon.colcon_core.package_identification:_identify(src/LIO-SAM) by extension 'ros'
[0.303s] DEBUG:colcon.colcon_core.package_identification:Package 'src/LIO-SAM' with type 'ros.ament_cmake' and name 'lio_sam_op'
[0.304s] Level 1:colcon.colcon_core.package_identification:_identify(src/pointcloud_to_laserscan) by extensions ['ignore', 'ignore_ament_install']
[0.304s] Level 1:colcon.colcon_core.package_identification:_identify(src/pointcloud_to_laserscan) by extension 'ignore'
[0.304s] Level 1:colcon.colcon_core.package_identification:_identify(src/pointcloud_to_laserscan) by extension 'ignore_ament_install'
[0.304s] Level 1:colcon.colcon_core.package_identification:_identify(src/pointcloud_to_laserscan) by extensions ['colcon_pkg']
[0.304s] Level 1:colcon.colcon_core.package_identification:_identify(src/pointcloud_to_laserscan) by extension 'colcon_pkg'
[0.304s] Level 1:colcon.colcon_core.package_identification:_identify(src/pointcloud_to_laserscan) by extensions ['colcon_meta']
[0.304s] Level 1:colcon.colcon_core.package_identification:_identify(src/pointcloud_to_laserscan) by extension 'colcon_meta'
[0.304s] Level 1:colcon.colcon_core.package_identification:_identify(src/pointcloud_to_laserscan) by extensions ['ros']
[0.304s] Level 1:colcon.colcon_core.package_identification:_identify(src/pointcloud_to_laserscan) by extension 'ros'
[0.308s] DEBUG:colcon.colcon_core.package_identification:Package 'src/pointcloud_to_laserscan' with type 'ros.ament_cmake' and name 'pointcloud_to_laserscan'
[0.308s] Level 1:colcon.colcon_core.package_identification:_identify(src/robot_bringup) by extensions ['ignore', 'ignore_ament_install']
[0.309s] Level 1:colcon.colcon_core.package_identification:_identify(src/robot_bringup) by extension 'ignore'
[0.309s] Level 1:colcon.colcon_core.package_identification:_identify(src/robot_bringup) by extension 'ignore_ament_install'
[0.309s] Level 1:colcon.colcon_core.package_identification:_identify(src/robot_bringup) by extensions ['colcon_pkg']
[0.309s] Level 1:colcon.colcon_core.package_identification:_identify(src/robot_bringup) by extension 'colcon_pkg'
[0.309s] Level 1:colcon.colcon_core.package_identification:_identify(src/robot_bringup) by extensions ['colcon_meta']
[0.309s] Level 1:colcon.colcon_core.package_identification:_identify(src/robot_bringup) by extension 'colcon_meta'
[0.309s] Level 1:colcon.colcon_core.package_identification:_identify(src/robot_bringup) by extensions ['ros']
[0.309s] Level 1:colcon.colcon_core.package_identification:_identify(src/robot_bringup) by extension 'ros'
[0.310s] DEBUG:colcon.colcon_core.package_identification:Package 'src/robot_bringup' with type 'ros.ament_cmake' and name 'robot_bringup'
[0.310s] Level 1:colcon.colcon_core.package_identification:_identify(src/robot_navigation2) by extensions ['ignore', 'ignore_ament_install']
[0.310s] Level 1:colcon.colcon_core.package_identification:_identify(src/robot_navigation2) by extension 'ignore'
[0.310s] Level 1:colcon.colcon_core.package_identification:_identify(src/robot_navigation2) by extension 'ignore_ament_install'
[0.310s] Level 1:colcon.colcon_core.package_identification:_identify(src/robot_navigation2) by extensions ['colcon_pkg']
[0.310s] Level 1:colcon.colcon_core.package_identification:_identify(src/robot_navigation2) by extension 'colcon_pkg'
[0.310s] Level 1:colcon.colcon_core.package_identification:_identify(src/robot_navigation2) by extensions ['colcon_meta']
[0.310s] Level 1:colcon.colcon_core.package_identification:_identify(src/robot_navigation2) by extension 'colcon_meta'
[0.310s] Level 1:colcon.colcon_core.package_identification:_identify(src/robot_navigation2) by extensions ['ros']
[0.311s] Level 1:colcon.colcon_core.package_identification:_identify(src/robot_navigation2) by extension 'ros'
[0.311s] DEBUG:colcon.colcon_core.package_identification:Package 'src/robot_navigation2' with type 'ros.ament_cmake' and name 'robot_navigation2'
[0.311s] Level 1:colcon.colcon_core.package_identification:_identify(tools) by extensions ['ignore', 'ignore_ament_install']
[0.311s] Level 1:colcon.colcon_core.package_identification:_identify(tools) by extension 'ignore'
[0.312s] Level 1:colcon.colcon_core.package_identification:_identify(tools) by extension 'ignore_ament_install'
[0.312s] Level 1:colcon.colcon_core.package_identification:_identify(tools) by extensions ['colcon_pkg']
[0.312s] Level 1:colcon.colcon_core.package_identification:_identify(tools) by extension 'colcon_pkg'
[0.312s] Level 1:colcon.colcon_core.package_identification:_identify(tools) by extensions ['colcon_meta']
[0.312s] Level 1:colcon.colcon_core.package_identification:_identify(tools) by extension 'colcon_meta'
[0.312s] Level 1:colcon.colcon_core.package_identification:_identify(tools) by extensions ['ros']
[0.312s] Level 1:colcon.colcon_core.package_identification:_identify(tools) by extension 'ros'
[0.312s] Level 1:colcon.colcon_core.package_identification:_identify(tools) by extensions ['cmake', 'python']
[0.312s] Level 1:colcon.colcon_core.package_identification:_identify(tools) by extension 'cmake'
[0.312s] Level 1:colcon.colcon_core.package_identification:_identify(tools) by extension 'python'
[0.312s] Level 1:colcon.colcon_core.package_identification:_identify(tools) by extensions ['python_setup_py']
[0.312s] Level 1:colcon.colcon_core.package_identification:_identify(tools) by extension 'python_setup_py'
[0.312s] Level 1:colcon.colcon_core.package_identification:_identify(tools/__pycache__) by extensions ['ignore', 'ignore_ament_install']
[0.312s] Level 1:colcon.colcon_core.package_identification:_identify(tools/__pycache__) by extension 'ignore'
[0.312s] Level 1:colcon.colcon_core.package_identification:_identify(tools/__pycache__) by extension 'ignore_ament_install'
[0.312s] Level 1:colcon.colcon_core.package_identification:_identify(tools/__pycache__) by extensions ['colcon_pkg']
[0.312s] Level 1:colcon.colcon_core.package_identification:_identify(tools/__pycache__) by extension 'colcon_pkg'
[0.313s] Level 1:colcon.colcon_core.package_identification:_identify(tools/__pycache__) by extensions ['colcon_meta']
[0.313s] Level 1:colcon.colcon_core.package_identification:_identify(tools/__pycache__) by extension 'colcon_meta'
[0.313s] Level 1:colcon.colcon_core.package_identification:_identify(tools/__pycache__) by extensions ['ros']
[0.313s] Level 1:colcon.colcon_core.package_identification:_identify(tools/__pycache__) by extension 'ros'
[0.313s] Level 1:colcon.colcon_core.package_identification:_identify(tools/__pycache__) by extensions ['cmake', 'python']
[0.313s] Level 1:colcon.colcon_core.package_identification:_identify(tools/__pycache__) by extension 'cmake'
[0.313s] Level 1:colcon.colcon_core.package_identification:_identify(tools/__pycache__) by extension 'python'
[0.313s] Level 1:colcon.colcon_core.package_identification:_identify(tools/__pycache__) by extensions ['python_setup_py']
[0.313s] Level 1:colcon.colcon_core.package_identification:_identify(tools/__pycache__) by extension 'python_setup_py'
[0.313s] Level 1:colcon.colcon_core.package_discovery:discover_packages(recursive) using defaults
[0.313s] Level 1:colcon.colcon_core.package_discovery:discover_packages(ignore) discover
[0.313s] Level 1:colcon.colcon_core.package_discovery:discover_packages(ignore) using defaults
[0.313s] Level 1:colcon.colcon_core.package_discovery:discover_packages(path) discover
[0.313s] Level 1:colcon.colcon_core.package_discovery:discover_packages(path) using defaults
[0.340s] Level 1:colcon.colcon_core.package_discovery:discover_packages(prefix_path) check parameters
[0.340s] Level 1:colcon.colcon_core.package_discovery:discover_packages(prefix_path) discover
[0.343s] DEBUG:colcon.colcon_installed_package_information.package_discovery:Found 327 installed packages in /opt/ros/foxy
[0.346s] Level 1:colcon.colcon_core.package_discovery:discover_packages(prefix_path) using defaults
[0.424s] Level 5:colcon.colcon_core.verb:set package 'lio_sam_op' build argument 'cmake_args' from command line to 'None'
[0.424s] Level 5:colcon.colcon_core.verb:set package 'lio_sam_op' build argument 'cmake_target' from command line to 'None'
[0.424s] Level 5:colcon.colcon_core.verb:set package 'lio_sam_op' build argument 'cmake_target_skip_unavailable' from command line to 'False'
[0.425s] Level 5:colcon.colcon_core.verb:set package 'lio_sam_op' build argument 'cmake_clean_cache' from command line to 'False'
[0.425s] Level 5:colcon.colcon_core.verb:set package 'lio_sam_op' build argument 'cmake_clean_first' from command line to 'False'
[0.425s] Level 5:colcon.colcon_core.verb:set package 'lio_sam_op' build argument 'cmake_force_configure' from command line to 'False'
[0.425s] Level 5:colcon.colcon_core.verb:set package 'lio_sam_op' build argument 'ament_cmake_args' from command line to 'None'
[0.425s] Level 5:colcon.colcon_core.verb:set package 'lio_sam_op' build argument 'catkin_cmake_args' from command line to 'None'
[0.425s] Level 5:colcon.colcon_core.verb:set package 'lio_sam_op' build argument 'catkin_skip_building_tests' from command line to 'False'
[0.425s] DEBUG:colcon.colcon_core.verb:Building package 'lio_sam_op' with the following arguments: {'ament_cmake_args': None, 'build_base': '/home/korey/Desktop/lio_nav2/build/lio_sam_op', 'catkin_cmake_args': None, 'catkin_skip_building_tests': False, 'cmake_args': None, 'cmake_clean_cache': False, 'cmake_clean_first': False, 'cmake_force_configure': False, 'cmake_target': None, 'cmake_target_skip_unavailable': False, 'install_base': '/home/korey/Desktop/lio_nav2/install/lio_sam_op', 'merge_install': False, 'path': '/home/korey/Desktop/lio_nav2/src/LIO-SAM', 'symlink_install': False, 'test_result_base': None}
[0.425s] Level 5:colcon.colcon_core.verb:set package 'pointcloud_to_laserscan' build argument 'cmake_args' from command line to 'None'
[0.425s] Level 5:colcon.colcon_core.verb:set package 'pointcloud_to_laserscan' build argument 'cmake_target' from command line to 'None'
[0.425s] Level 5:colcon.colcon_core.verb:set package 'pointcloud_to_laserscan' build argument 'cmake_target_skip_unavailable' from command line to 'False'
[0.425s] Level 5:colcon.colcon_core.verb:set package 'pointcloud_to_laserscan' build argument 'cmake_clean_cache' from command line to 'False'
[0.425s] Level 5:colcon.colcon_core.verb:set package 'pointcloud_to_laserscan' build argument 'cmake_clean_first' from command line to 'False'
[0.425s] Level 5:colcon.colcon_core.verb:set package 'pointcloud_to_laserscan' build argument 'cmake_force_configure' from command line to 'False'
[0.425s] Level 5:colcon.colcon_core.verb:set package 'pointcloud_to_laserscan' build argument 'ament_cmake_args' from command line to 'None'
[0.425s] Level 5:colcon.colcon_core.verb:set package 'pointcloud_to_laserscan' build argument 'catkin_cmake_args' from command line to 'None'
[0.425s] Level 5:colcon.colcon_core.verb:set package 'pointcloud_to_laserscan' build argument 'catkin_skip_building_tests' from command line to 'False'
[0.425s] DEBUG:colcon.colcon_core.verb:Building package 'pointcloud_to_laserscan' with the following arguments: {'ament_cmake_args': None, 'build_base': '/home/korey/Desktop/lio_nav2/build/pointcloud_to_laserscan', 'catkin_cmake_args': None, 'catkin_skip_building_tests': False, 'cmake_args': None, 'cmake_clean_cache': False, 'cmake_clean_first': False, 'cmake_force_configure': False, 'cmake_target': None, 'cmake_target_skip_unavailable': False, 'install_base': '/home/korey/Desktop/lio_nav2/install/pointcloud_to_laserscan', 'merge_install': False, 'path': '/home/korey/Desktop/lio_nav2/src/pointcloud_to_laserscan', 'symlink_install': False, 'test_result_base': None}
[0.426s] Level 5:colcon.colcon_core.verb:set package 'robot_bringup' build argument 'cmake_args' from command line to 'None'
[0.426s] Level 5:colcon.colcon_core.verb:set package 'robot_bringup' build argument 'cmake_target' from command line to 'None'
[0.426s] Level 5:colcon.colcon_core.verb:set package 'robot_bringup' build argument 'cmake_target_skip_unavailable' from command line to 'False'
[0.426s] Level 5:colcon.colcon_core.verb:set package 'robot_bringup' build argument 'cmake_clean_cache' from command line to 'False'
[0.426s] Level 5:colcon.colcon_core.verb:set package 'robot_bringup' build argument 'cmake_clean_first' from command line to 'False'
[0.426s] Level 5:colcon.colcon_core.verb:set package 'robot_bringup' build argument 'cmake_force_configure' from command line to 'False'
[0.426s] Level 5:colcon.colcon_core.verb:set package 'robot_bringup' build argument 'ament_cmake_args' from command line to 'None'
[0.426s] Level 5:colcon.colcon_core.verb:set package 'robot_bringup' build argument 'catkin_cmake_args' from command line to 'None'
[0.426s] Level 5:colcon.colcon_core.verb:set package 'robot_bringup' build argument 'catkin_skip_building_tests' from command line to 'False'
[0.426s] DEBUG:colcon.colcon_core.verb:Building package 'robot_bringup' with the following arguments: {'ament_cmake_args': None, 'build_base': '/home/korey/Desktop/lio_nav2/build/robot_bringup', 'catkin_cmake_args': None, 'catkin_skip_building_tests': False, 'cmake_args': None, 'cmake_clean_cache': False, 'cmake_clean_first': False, 'cmake_force_configure': False, 'cmake_target': None, 'cmake_target_skip_unavailable': False, 'install_base': '/home/korey/Desktop/lio_nav2/install/robot_bringup', 'merge_install': False, 'path': '/home/korey/Desktop/lio_nav2/src/robot_bringup', 'symlink_install': False, 'test_result_base': None}
[0.426s] Level 5:colcon.colcon_core.verb:set package 'robot_navigation2' build argument 'cmake_args' from command line to 'None'
[0.426s] Level 5:colcon.colcon_core.verb:set package 'robot_navigation2' build argument 'cmake_target' from command line to 'None'
[0.426s] Level 5:colcon.colcon_core.verb:set package 'robot_navigation2' build argument 'cmake_target_skip_unavailable' from command line to 'False'
[0.427s] Level 5:colcon.colcon_core.verb:set package 'robot_navigation2' build argument 'cmake_clean_cache' from command line to 'False'
[0.427s] Level 5:colcon.colcon_core.verb:set package 'robot_navigation2' build argument 'cmake_clean_first' from command line to 'False'
[0.427s] Level 5:colcon.colcon_core.verb:set package 'robot_navigation2' build argument 'cmake_force_configure' from command line to 'False'
[0.427s] Level 5:colcon.colcon_core.verb:set package 'robot_navigation2' build argument 'ament_cmake_args' from command line to 'None'
[0.427s] Level 5:colcon.colcon_core.verb:set package 'robot_navigation2' build argument 'catkin_cmake_args' from command line to 'None'
[0.427s] Level 5:colcon.colcon_core.verb:set package 'robot_navigation2' build argument 'catkin_skip_building_tests' from command line to 'False'
[0.427s] DEBUG:colcon.colcon_core.verb:Building package 'robot_navigation2' with the following arguments: {'ament_cmake_args': None, 'build_base': '/home/korey/Desktop/lio_nav2/build/robot_navigation2', 'catkin_cmake_args': None, 'catkin_skip_building_tests': False, 'cmake_args': None, 'cmake_clean_cache': False, 'cmake_clean_first': False, 'cmake_force_configure': False, 'cmake_target': None, 'cmake_target_skip_unavailable': False, 'install_base': '/home/korey/Desktop/lio_nav2/install/robot_navigation2', 'merge_install': False, 'path': '/home/korey/Desktop/lio_nav2/src/robot_navigation2', 'symlink_install': False, 'test_result_base': None}
[0.427s] INFO:colcon.colcon_core.executor:Executing jobs using 'parallel' executor
[0.428s] DEBUG:colcon.colcon_parallel_executor.executor.parallel:run_until_complete
[0.428s] INFO:colcon.colcon_ros.task.ament_cmake.build:Building ROS package in '/home/korey/Desktop/lio_nav2/src/LIO-SAM' with build type 'ament_cmake'
[0.429s] INFO:colcon.colcon_cmake.task.cmake.build:Building CMake package in '/home/korey/Desktop/lio_nav2/src/LIO-SAM'
[0.431s] INFO:colcon.colcon_core.plugin_system:Skipping extension 'colcon_core.shell.bat': Not used on non-Windows systems
[0.432s] INFO:colcon.colcon_core.shell:Skip shell extension 'powershell' for command environment: Not usable outside of PowerShell
[0.432s] DEBUG:colcon.colcon_core.shell:Skip shell extension 'dsv' for command environment
[0.440s] INFO:colcon.colcon_ros.task.ament_cmake.build:Building ROS package in '/home/korey/Desktop/lio_nav2/src/pointcloud_to_laserscan' with build type 'ament_cmake'
[0.440s] INFO:colcon.colcon_cmake.task.cmake.build:Building CMake package in '/home/korey/Desktop/lio_nav2/src/pointcloud_to_laserscan'
[0.441s] INFO:colcon.colcon_core.shell:Skip shell extension 'powershell' for command environment: Not usable outside of PowerShell
[0.441s] DEBUG:colcon.colcon_core.shell:Skip shell extension 'dsv' for command environment
[0.447s] INFO:colcon.colcon_ros.task.ament_cmake.build:Building ROS package in '/home/korey/Desktop/lio_nav2/src/robot_bringup' with build type 'ament_cmake'
[0.448s] INFO:colcon.colcon_cmake.task.cmake.build:Building CMake package in '/home/korey/Desktop/lio_nav2/src/robot_bringup'
[0.448s] INFO:colcon.colcon_core.shell:Skip shell extension 'powershell' for command environment: Not usable outside of PowerShell
[0.448s] DEBUG:colcon.colcon_core.shell:Skip shell extension 'dsv' for command environment
[0.455s] INFO:colcon.colcon_ros.task.ament_cmake.build:Building ROS package in '/home/korey/Desktop/lio_nav2/src/robot_navigation2' with build type 'ament_cmake'
[0.455s] INFO:colcon.colcon_cmake.task.cmake.build:Building CMake package in '/home/korey/Desktop/lio_nav2/src/robot_navigation2'
[0.456s] INFO:colcon.colcon_core.shell:Skip shell extension 'powershell' for command environment: Not usable outside of PowerShell
[0.456s] DEBUG:colcon.colcon_core.shell:Skip shell extension 'dsv' for command environment
[0.471s] DEBUG:colcon.colcon_core.event_handler.log_command:Invoking command in '/home/korey/Desktop/lio_nav2/build/lio_sam_op': CMAKE_PREFIX_PATH=/opt/ros/foxy /home/korey/.local/bin/cmake /home/korey/Desktop/lio_nav2/src/LIO-SAM -DCMAKE_INSTALL_PREFIX=/home/korey/Desktop/lio_nav2/install/lio_sam_op
[0.477s] DEBUG:colcon.colcon_core.event_handler.log_command:Invoking command in '/home/korey/Desktop/lio_nav2/build/pointcloud_to_laserscan': CMAKE_PREFIX_PATH=/opt/ros/foxy /home/korey/.local/bin/cmake /home/korey/Desktop/lio_nav2/src/pointcloud_to_laserscan -DCMAKE_INSTALL_PREFIX=/home/korey/Desktop/lio_nav2/install/pointcloud_to_laserscan
[0.482s] DEBUG:colcon.colcon_core.event_handler.log_command:Invoking command in '/home/korey/Desktop/lio_nav2/build/robot_bringup': CMAKE_PREFIX_PATH=/opt/ros/foxy /home/korey/.local/bin/cmake /home/korey/Desktop/lio_nav2/src/robot_bringup -DCMAKE_INSTALL_PREFIX=/home/korey/Desktop/lio_nav2/install/robot_bringup
[0.487s] DEBUG:colcon.colcon_core.event_handler.log_command:Invoking command in '/home/korey/Desktop/lio_nav2/build/robot_navigation2': CMAKE_PREFIX_PATH=/opt/ros/foxy /home/korey/.local/bin/cmake /home/korey/Desktop/lio_nav2/src/robot_navigation2 -DCMAKE_INSTALL_PREFIX=/home/korey/Desktop/lio_nav2/install/robot_navigation2
[1.432s] DEBUG:colcon.colcon_core.event_handler.log_command:Invoked command in '/home/korey/Desktop/lio_nav2/build/robot_navigation2' returned '0': CMAKE_PREFIX_PATH=/opt/ros/foxy /home/korey/.local/bin/cmake /home/korey/Desktop/lio_nav2/src/robot_navigation2 -DCMAKE_INSTALL_PREFIX=/home/korey/Desktop/lio_nav2/install/robot_navigation2
[1.438s] DEBUG:colcon.colcon_core.event_handler.log_command:Invoking command in '/home/korey/Desktop/lio_nav2/build/robot_navigation2': CMAKE_PREFIX_PATH=/opt/ros/foxy /home/korey/.local/bin/cmake --build /home/korey/Desktop/lio_nav2/build/robot_navigation2 -- -j12 -l12
[1.489s] DEBUG:colcon.colcon_core.event_handler.log_command:Invoked command in '/home/korey/Desktop/lio_nav2/build/robot_navigation2' returned '0': CMAKE_PREFIX_PATH=/opt/ros/foxy /home/korey/.local/bin/cmake --build /home/korey/Desktop/lio_nav2/build/robot_navigation2 -- -j12 -l12
[1.522s] DEBUG:colcon.colcon_core.event_handler.log_command:Invoking command in '/home/korey/Desktop/lio_nav2/build/robot_navigation2': CMAKE_PREFIX_PATH=/opt/ros/foxy /home/korey/.local/bin/cmake --install /home/korey/Desktop/lio_nav2/build/robot_navigation2
[1.599s] Level 1:colcon.colcon_core.environment:create_environment_scripts_only(robot_navigation2)
[1.600s] DEBUG:colcon.colcon_core.event_handler.log_command:Invoked command in '/home/korey/Desktop/lio_nav2/build/robot_navigation2' returned '0': CMAKE_PREFIX_PATH=/opt/ros/foxy /home/korey/.local/bin/cmake --install /home/korey/Desktop/lio_nav2/build/robot_navigation2
[1.604s] Level 1:colcon.colcon_core.environment:checking '/home/korey/Desktop/lio_nav2/install/robot_navigation2' for CMake module files
[1.605s] Level 1:colcon.colcon_core.environment:checking '/home/korey/Desktop/lio_nav2/install/robot_navigation2' for CMake config files
[1.605s] Level 1:colcon.colcon_core.shell:create_environment_hook('robot_navigation2', 'cmake_prefix_path')
[1.605s] INFO:colcon.colcon_core.shell:Creating environment hook '/home/korey/Desktop/lio_nav2/install/robot_navigation2/share/robot_navigation2/hook/cmake_prefix_path.ps1'
[1.606s] INFO:colcon.colcon_core.shell:Creating environment descriptor '/home/korey/Desktop/lio_nav2/install/robot_navigation2/share/robot_navigation2/hook/cmake_prefix_path.dsv'
[1.607s] INFO:colcon.colcon_core.shell:Creating environment hook '/home/korey/Desktop/lio_nav2/install/robot_navigation2/share/robot_navigation2/hook/cmake_prefix_path.sh'
[1.608s] Level 1:colcon.colcon_core.environment:checking '/home/korey/Desktop/lio_nav2/install/robot_navigation2/lib'
[1.608s] Level 1:colcon.colcon_core.environment:checking '/home/korey/Desktop/lio_nav2/install/robot_navigation2/bin'
[1.608s] Level 1:colcon.colcon_core.environment:checking '/home/korey/Desktop/lio_nav2/install/robot_navigation2/lib/pkgconfig/robot_navigation2.pc'
[1.608s] Level 1:colcon.colcon_core.environment:checking '/home/korey/Desktop/lio_nav2/install/robot_navigation2/lib/python3.8/site-packages'
[1.609s] Level 1:colcon.colcon_core.shell:create_environment_hook('robot_navigation2', 'pythonpath')
[1.609s] INFO:colcon.colcon_core.shell:Creating environment hook '/home/korey/Desktop/lio_nav2/install/robot_navigation2/share/robot_navigation2/hook/pythonpath.ps1'
[1.609s] INFO:colcon.colcon_core.shell:Creating environment descriptor '/home/korey/Desktop/lio_nav2/install/robot_navigation2/share/robot_navigation2/hook/pythonpath.dsv'
[1.609s] INFO:colcon.colcon_core.shell:Creating environment hook '/home/korey/Desktop/lio_nav2/install/robot_navigation2/share/robot_navigation2/hook/pythonpath.sh'
[1.610s] Level 1:colcon.colcon_core.environment:checking '/home/korey/Desktop/lio_nav2/install/robot_navigation2/bin'
[1.610s] INFO:colcon.colcon_core.shell:Creating package script '/home/korey/Desktop/lio_nav2/install/robot_navigation2/share/robot_navigation2/package.ps1'
[1.612s] INFO:colcon.colcon_core.shell:Creating package descriptor '/home/korey/Desktop/lio_nav2/install/robot_navigation2/share/robot_navigation2/package.dsv'
[1.613s] INFO:colcon.colcon_core.shell:Creating package script '/home/korey/Desktop/lio_nav2/install/robot_navigation2/share/robot_navigation2/package.sh'
[1.616s] INFO:colcon.colcon_core.shell:Creating package script '/home/korey/Desktop/lio_nav2/install/robot_navigation2/share/robot_navigation2/package.bash'
[1.617s] INFO:colcon.colcon_core.shell:Creating package script '/home/korey/Desktop/lio_nav2/install/robot_navigation2/share/robot_navigation2/package.zsh'
[1.617s] Level 1:colcon.colcon_core.environment:create_file_with_runtime_dependencies(/home/korey/Desktop/lio_nav2/install/robot_navigation2/share/colcon-core/packages/robot_navigation2)
[1.618s] Level 1:colcon.colcon_core.environment:create_environment_scripts_only(robot_navigation2)
[1.618s] Level 1:colcon.colcon_core.environment:checking '/home/korey/Desktop/lio_nav2/install/robot_navigation2' for CMake module files
[1.618s] Level 1:colcon.colcon_core.environment:checking '/home/korey/Desktop/lio_nav2/install/robot_navigation2' for CMake config files
[1.619s] Level 1:colcon.colcon_core.shell:create_environment_hook('robot_navigation2', 'cmake_prefix_path')
[1.619s] INFO:colcon.colcon_core.shell:Creating environment hook '/home/korey/Desktop/lio_nav2/install/robot_navigation2/share/robot_navigation2/hook/cmake_prefix_path.ps1'
[1.619s] INFO:colcon.colcon_core.shell:Creating environment descriptor '/home/korey/Desktop/lio_nav2/install/robot_navigation2/share/robot_navigation2/hook/cmake_prefix_path.dsv'
[1.620s] INFO:colcon.colcon_core.shell:Creating environment hook '/home/korey/Desktop/lio_nav2/install/robot_navigation2/share/robot_navigation2/hook/cmake_prefix_path.sh'
[1.620s] Level 1:colcon.colcon_core.environment:checking '/home/korey/Desktop/lio_nav2/install/robot_navigation2/lib'
[1.620s] Level 1:colcon.colcon_core.environment:checking '/home/korey/Desktop/lio_nav2/install/robot_navigation2/bin'
[1.620s] Level 1:colcon.colcon_core.environment:checking '/home/korey/Desktop/lio_nav2/install/robot_navigation2/lib/pkgconfig/robot_navigation2.pc'
[1.620s] Level 1:colcon.colcon_core.environment:checking '/home/korey/Desktop/lio_nav2/install/robot_navigation2/lib/python3.8/site-packages'
[1.620s] Level 1:colcon.colcon_core.shell:create_environment_hook('robot_navigation2', 'pythonpath')
[1.620s] INFO:colcon.colcon_core.shell:Creating environment hook '/home/korey/Desktop/lio_nav2/install/robot_navigation2/share/robot_navigation2/hook/pythonpath.ps1'
[1.621s] INFO:colcon.colcon_core.shell:Creating environment descriptor '/home/korey/Desktop/lio_nav2/install/robot_navigation2/share/robot_navigation2/hook/pythonpath.dsv'
[1.621s] INFO:colcon.colcon_core.shell:Creating environment hook '/home/korey/Desktop/lio_nav2/install/robot_navigation2/share/robot_navigation2/hook/pythonpath.sh'
[1.621s] Level 1:colcon.colcon_core.environment:checking '/home/korey/Desktop/lio_nav2/install/robot_navigation2/bin'
[1.622s] INFO:colcon.colcon_core.shell:Creating package script '/home/korey/Desktop/lio_nav2/install/robot_navigation2/share/robot_navigation2/package.ps1'
[1.622s] INFO:colcon.colcon_core.shell:Creating package descriptor '/home/korey/Desktop/lio_nav2/install/robot_navigation2/share/robot_navigation2/package.dsv'
[1.622s] INFO:colcon.colcon_core.shell:Creating package script '/home/korey/Desktop/lio_nav2/install/robot_navigation2/share/robot_navigation2/package.sh'
[1.623s] INFO:colcon.colcon_core.shell:Creating package script '/home/korey/Desktop/lio_nav2/install/robot_navigation2/share/robot_navigation2/package.bash'
[1.623s] INFO:colcon.colcon_core.shell:Creating package script '/home/korey/Desktop/lio_nav2/install/robot_navigation2/share/robot_navigation2/package.zsh'
[1.623s] Level 1:colcon.colcon_core.environment:create_file_with_runtime_dependencies(/home/korey/Desktop/lio_nav2/install/robot_navigation2/share/colcon-core/packages/robot_navigation2)
[2.655s] DEBUG:colcon.colcon_core.event_handler.log_command:Invoked command in '/home/korey/Desktop/lio_nav2/build/pointcloud_to_laserscan' returned '0': CMAKE_PREFIX_PATH=/opt/ros/foxy /home/korey/.local/bin/cmake /home/korey/Desktop/lio_nav2/src/pointcloud_to_laserscan -DCMAKE_INSTALL_PREFIX=/home/korey/Desktop/lio_nav2/install/pointcloud_to_laserscan
[2.656s] DEBUG:colcon.colcon_core.event_handler.log_command:Invoking command in '/home/korey/Desktop/lio_nav2/build/pointcloud_to_laserscan': CMAKE_PREFIX_PATH=/opt/ros/foxy /home/korey/.local/bin/cmake --build /home/korey/Desktop/lio_nav2/build/pointcloud_to_laserscan -- -j12 -l12
[3.209s] DEBUG:colcon.colcon_core.event_handler.log_command:Invoked command in '/home/korey/Desktop/lio_nav2/build/robot_bringup' returned '0': CMAKE_PREFIX_PATH=/opt/ros/foxy /home/korey/.local/bin/cmake /home/korey/Desktop/lio_nav2/src/robot_bringup -DCMAKE_INSTALL_PREFIX=/home/korey/Desktop/lio_nav2/install/robot_bringup
[3.213s] DEBUG:colcon.colcon_core.event_handler.log_command:Invoking command in '/home/korey/Desktop/lio_nav2/build/robot_bringup': CMAKE_PREFIX_PATH=/opt/ros/foxy /home/korey/.local/bin/cmake --build /home/korey/Desktop/lio_nav2/build/robot_bringup -- -j12 -l12
[6.530s] DEBUG:colcon.colcon_core.event_handler.log_command:Invoked command in '/home/korey/Desktop/lio_nav2/build/lio_sam_op' returned '0': CMAKE_PREFIX_PATH=/opt/ros/foxy /home/korey/.local/bin/cmake /home/korey/Desktop/lio_nav2/src/LIO-SAM -DCMAKE_INSTALL_PREFIX=/home/korey/Desktop/lio_nav2/install/lio_sam_op
[6.535s] DEBUG:colcon.colcon_core.event_handler.log_command:Invoking command in '/home/korey/Desktop/lio_nav2/build/lio_sam_op': CMAKE_PREFIX_PATH=/opt/ros/foxy /home/korey/.local/bin/cmake --build /home/korey/Desktop/lio_nav2/build/lio_sam_op -- -j12 -l12
[14.970s] DEBUG:colcon.colcon_core.event_handler.log_command:Invoked command in '/home/korey/Desktop/lio_nav2/build/robot_bringup' returned '0': CMAKE_PREFIX_PATH=/opt/ros/foxy /home/korey/.local/bin/cmake --build /home/korey/Desktop/lio_nav2/build/robot_bringup -- -j12 -l12
[14.971s] DEBUG:colcon.colcon_core.event_handler.log_command:Invoking command in '/home/korey/Desktop/lio_nav2/build/robot_bringup': CMAKE_PREFIX_PATH=/opt/ros/foxy /home/korey/.local/bin/cmake --install /home/korey/Desktop/lio_nav2/build/robot_bringup
[15.027s] Level 1:colcon.colcon_core.environment:create_environment_scripts_only(robot_bringup)
[15.028s] Level 1:colcon.colcon_core.environment:checking '/home/korey/Desktop/lio_nav2/install/robot_bringup' for CMake module files
[15.029s] DEBUG:colcon.colcon_core.event_handler.log_command:Invoked command in '/home/korey/Desktop/lio_nav2/build/robot_bringup' returned '0': CMAKE_PREFIX_PATH=/opt/ros/foxy /home/korey/.local/bin/cmake --install /home/korey/Desktop/lio_nav2/build/robot_bringup
[15.029s] Level 1:colcon.colcon_core.environment:checking '/home/korey/Desktop/lio_nav2/install/robot_bringup' for CMake config files
[15.029s] Level 1:colcon.colcon_core.shell:create_environment_hook('robot_bringup', 'cmake_prefix_path')
[15.030s] INFO:colcon.colcon_core.shell:Creating environment hook '/home/korey/Desktop/lio_nav2/install/robot_bringup/share/robot_bringup/hook/cmake_prefix_path.ps1'
[15.031s] INFO:colcon.colcon_core.shell:Creating environment descriptor '/home/korey/Desktop/lio_nav2/install/robot_bringup/share/robot_bringup/hook/cmake_prefix_path.dsv'
[15.031s] INFO:colcon.colcon_core.shell:Creating environment hook '/home/korey/Desktop/lio_nav2/install/robot_bringup/share/robot_bringup/hook/cmake_prefix_path.sh'
[15.032s] Level 1:colcon.colcon_core.environment:checking '/home/korey/Desktop/lio_nav2/install/robot_bringup/lib'
[15.032s] Level 1:colcon.colcon_core.environment:checking '/home/korey/Desktop/lio_nav2/install/robot_bringup/bin'
[15.032s] Level 1:colcon.colcon_core.environment:checking '/home/korey/Desktop/lio_nav2/install/robot_bringup/lib/pkgconfig/robot_bringup.pc'
[15.032s] Level 1:colcon.colcon_core.environment:checking '/home/korey/Desktop/lio_nav2/install/robot_bringup/lib/python3.8/site-packages'
[15.032s] Level 1:colcon.colcon_core.environment:checking '/home/korey/Desktop/lio_nav2/install/robot_bringup/bin'
[15.033s] INFO:colcon.colcon_core.shell:Creating package script '/home/korey/Desktop/lio_nav2/install/robot_bringup/share/robot_bringup/package.ps1'
[15.033s] INFO:colcon.colcon_core.shell:Creating package descriptor '/home/korey/Desktop/lio_nav2/install/robot_bringup/share/robot_bringup/package.dsv'
[15.034s] INFO:colcon.colcon_core.shell:Creating package script '/home/korey/Desktop/lio_nav2/install/robot_bringup/share/robot_bringup/package.sh'
[15.035s] INFO:colcon.colcon_core.shell:Creating package script '/home/korey/Desktop/lio_nav2/install/robot_bringup/share/robot_bringup/package.bash'
[15.035s] INFO:colcon.colcon_core.shell:Creating package script '/home/korey/Desktop/lio_nav2/install/robot_bringup/share/robot_bringup/package.zsh'
[15.035s] Level 1:colcon.colcon_core.environment:create_file_with_runtime_dependencies(/home/korey/Desktop/lio_nav2/install/robot_bringup/share/colcon-core/packages/robot_bringup)
[15.037s] Level 1:colcon.colcon_core.environment:create_environment_scripts_only(robot_bringup)
[15.037s] Level 1:colcon.colcon_core.environment:checking '/home/korey/Desktop/lio_nav2/install/robot_bringup' for CMake module files
[15.038s] Level 1:colcon.colcon_core.environment:checking '/home/korey/Desktop/lio_nav2/install/robot_bringup' for CMake config files
[15.038s] Level 1:colcon.colcon_core.shell:create_environment_hook('robot_bringup', 'cmake_prefix_path')
[15.039s] INFO:colcon.colcon_core.shell:Creating environment hook '/home/korey/Desktop/lio_nav2/install/robot_bringup/share/robot_bringup/hook/cmake_prefix_path.ps1'
[15.039s] INFO:colcon.colcon_core.shell:Creating environment descriptor '/home/korey/Desktop/lio_nav2/install/robot_bringup/share/robot_bringup/hook/cmake_prefix_path.dsv'
[15.040s] INFO:colcon.colcon_core.shell:Creating environment hook '/home/korey/Desktop/lio_nav2/install/robot_bringup/share/robot_bringup/hook/cmake_prefix_path.sh'
[15.040s] Level 1:colcon.colcon_core.environment:checking '/home/korey/Desktop/lio_nav2/install/robot_bringup/lib'
[15.040s] Level 1:colcon.colcon_core.environment:checking '/home/korey/Desktop/lio_nav2/install/robot_bringup/bin'
[15.040s] Level 1:colcon.colcon_core.environment:checking '/home/korey/Desktop/lio_nav2/install/robot_bringup/lib/pkgconfig/robot_bringup.pc'
[15.040s] Level 1:colcon.colcon_core.environment:checking '/home/korey/Desktop/lio_nav2/install/robot_bringup/lib/python3.8/site-packages'
[15.041s] Level 1:colcon.colcon_core.environment:checking '/home/korey/Desktop/lio_nav2/install/robot_bringup/bin'
[15.041s] INFO:colcon.colcon_core.shell:Creating package script '/home/korey/Desktop/lio_nav2/install/robot_bringup/share/robot_bringup/package.ps1'
[15.042s] INFO:colcon.colcon_core.shell:Creating package descriptor '/home/korey/Desktop/lio_nav2/install/robot_bringup/share/robot_bringup/package.dsv'
[15.042s] INFO:colcon.colcon_core.shell:Creating package script '/home/korey/Desktop/lio_nav2/install/robot_bringup/share/robot_bringup/package.sh'
[15.043s] INFO:colcon.colcon_core.shell:Creating package script '/home/korey/Desktop/lio_nav2/install/robot_bringup/share/robot_bringup/package.bash'
[15.043s] INFO:colcon.colcon_core.shell:Creating package script '/home/korey/Desktop/lio_nav2/install/robot_bringup/share/robot_bringup/package.zsh'
[15.044s] Level 1:colcon.colcon_core.environment:create_file_with_runtime_dependencies(/home/korey/Desktop/lio_nav2/install/robot_bringup/share/colcon-core/packages/robot_bringup)
[32.147s] DEBUG:colcon.colcon_core.event_handler.log_command:Invoked command in '/home/korey/Desktop/lio_nav2/build/pointcloud_to_laserscan' returned '0': CMAKE_PREFIX_PATH=/opt/ros/foxy /home/korey/.local/bin/cmake --build /home/korey/Desktop/lio_nav2/build/pointcloud_to_laserscan -- -j12 -l12
[32.153s] DEBUG:colcon.colcon_core.event_handler.log_command:Invoking command in '/home/korey/Desktop/lio_nav2/build/pointcloud_to_laserscan': CMAKE_PREFIX_PATH=/opt/ros/foxy /home/korey/.local/bin/cmake --install /home/korey/Desktop/lio_nav2/build/pointcloud_to_laserscan
[32.222s] Level 1:colcon.colcon_core.environment:create_environment_scripts_only(pointcloud_to_laserscan)
[32.223s] Level 1:colcon.colcon_core.environment:checking '/home/korey/Desktop/lio_nav2/install/pointcloud_to_laserscan' for CMake module files
[32.224s] DEBUG:colcon.colcon_core.event_handler.log_command:Invoked command in '/home/korey/Desktop/lio_nav2/build/pointcloud_to_laserscan' returned '0': CMAKE_PREFIX_PATH=/opt/ros/foxy /home/korey/.local/bin/cmake --install /home/korey/Desktop/lio_nav2/build/pointcloud_to_laserscan
[32.224s] Level 1:colcon.colcon_core.environment:checking '/home/korey/Desktop/lio_nav2/install/pointcloud_to_laserscan' for CMake config files
[32.225s] Level 1:colcon.colcon_core.shell:create_environment_hook('pointcloud_to_laserscan', 'cmake_prefix_path')
[32.225s] INFO:colcon.colcon_core.shell:Creating environment hook '/home/korey/Desktop/lio_nav2/install/pointcloud_to_laserscan/share/pointcloud_to_laserscan/hook/cmake_prefix_path.ps1'
[32.226s] INFO:colcon.colcon_core.shell:Creating environment descriptor '/home/korey/Desktop/lio_nav2/install/pointcloud_to_laserscan/share/pointcloud_to_laserscan/hook/cmake_prefix_path.dsv'
[32.227s] INFO:colcon.colcon_core.shell:Creating environment hook '/home/korey/Desktop/lio_nav2/install/pointcloud_to_laserscan/share/pointcloud_to_laserscan/hook/cmake_prefix_path.sh'
[32.228s] Level 1:colcon.colcon_core.environment:checking '/home/korey/Desktop/lio_nav2/install/pointcloud_to_laserscan/lib'
[32.228s] Level 1:colcon.colcon_core.shell:create_environment_hook('pointcloud_to_laserscan', 'ld_library_path_lib')
[32.228s] INFO:colcon.colcon_core.shell:Creating environment hook '/home/korey/Desktop/lio_nav2/install/pointcloud_to_laserscan/share/pointcloud_to_laserscan/hook/ld_library_path_lib.ps1'
[32.229s] INFO:colcon.colcon_core.shell:Creating environment descriptor '/home/korey/Desktop/lio_nav2/install/pointcloud_to_laserscan/share/pointcloud_to_laserscan/hook/ld_library_path_lib.dsv'
[32.229s] INFO:colcon.colcon_core.shell:Creating environment hook '/home/korey/Desktop/lio_nav2/install/pointcloud_to_laserscan/share/pointcloud_to_laserscan/hook/ld_library_path_lib.sh'
[32.230s] Level 1:colcon.colcon_core.environment:checking '/home/korey/Desktop/lio_nav2/install/pointcloud_to_laserscan/bin'
[32.230s] Level 1:colcon.colcon_core.environment:checking '/home/korey/Desktop/lio_nav2/install/pointcloud_to_laserscan/lib/pkgconfig/pointcloud_to_laserscan.pc'
[32.230s] Level 1:colcon.colcon_core.environment:checking '/home/korey/Desktop/lio_nav2/install/pointcloud_to_laserscan/lib/python3.8/site-packages'
[32.231s] Level 1:colcon.colcon_core.environment:checking '/home/korey/Desktop/lio_nav2/install/pointcloud_to_laserscan/bin'
[32.231s] INFO:colcon.colcon_core.shell:Creating package script '/home/korey/Desktop/lio_nav2/install/pointcloud_to_laserscan/share/pointcloud_to_laserscan/package.ps1'
[32.232s] INFO:colcon.colcon_core.shell:Creating package descriptor '/home/korey/Desktop/lio_nav2/install/pointcloud_to_laserscan/share/pointcloud_to_laserscan/package.dsv'
[32.233s] INFO:colcon.colcon_core.shell:Creating package script '/home/korey/Desktop/lio_nav2/install/pointcloud_to_laserscan/share/pointcloud_to_laserscan/package.sh'
[32.233s] INFO:colcon.colcon_core.shell:Creating package script '/home/korey/Desktop/lio_nav2/install/pointcloud_to_laserscan/share/pointcloud_to_laserscan/package.bash'
[32.234s] INFO:colcon.colcon_core.shell:Creating package script '/home/korey/Desktop/lio_nav2/install/pointcloud_to_laserscan/share/pointcloud_to_laserscan/package.zsh'
[32.234s] Level 1:colcon.colcon_core.environment:create_file_with_runtime_dependencies(/home/korey/Desktop/lio_nav2/install/pointcloud_to_laserscan/share/colcon-core/packages/pointcloud_to_laserscan)
[32.235s] Level 1:colcon.colcon_core.environment:create_environment_scripts_only(pointcloud_to_laserscan)
[32.235s] Level 1:colcon.colcon_core.environment:checking '/home/korey/Desktop/lio_nav2/install/pointcloud_to_laserscan' for CMake module files
[32.236s] Level 1:colcon.colcon_core.environment:checking '/home/korey/Desktop/lio_nav2/install/pointcloud_to_laserscan' for CMake config files
[32.236s] Level 1:colcon.colcon_core.shell:create_environment_hook('pointcloud_to_laserscan', 'cmake_prefix_path')
[32.236s] INFO:colcon.colcon_core.shell:Creating environment hook '/home/korey/Desktop/lio_nav2/install/pointcloud_to_laserscan/share/pointcloud_to_laserscan/hook/cmake_prefix_path.ps1'
[32.237s] INFO:colcon.colcon_core.shell:Creating environment descriptor '/home/korey/Desktop/lio_nav2/install/pointcloud_to_laserscan/share/pointcloud_to_laserscan/hook/cmake_prefix_path.dsv'
[32.237s] INFO:colcon.colcon_core.shell:Creating environment hook '/home/korey/Desktop/lio_nav2/install/pointcloud_to_laserscan/share/pointcloud_to_laserscan/hook/cmake_prefix_path.sh'
[32.238s] Level 1:colcon.colcon_core.environment:checking '/home/korey/Desktop/lio_nav2/install/pointcloud_to_laserscan/lib'
[32.238s] Level 1:colcon.colcon_core.shell:create_environment_hook('pointcloud_to_laserscan', 'ld_library_path_lib')
[32.238s] INFO:colcon.colcon_core.shell:Creating environment hook '/home/korey/Desktop/lio_nav2/install/pointcloud_to_laserscan/share/pointcloud_to_laserscan/hook/ld_library_path_lib.ps1'
[32.238s] INFO:colcon.colcon_core.shell:Creating environment descriptor '/home/korey/Desktop/lio_nav2/install/pointcloud_to_laserscan/share/pointcloud_to_laserscan/hook/ld_library_path_lib.dsv'
[32.239s] INFO:colcon.colcon_core.shell:Creating environment hook '/home/korey/Desktop/lio_nav2/install/pointcloud_to_laserscan/share/pointcloud_to_laserscan/hook/ld_library_path_lib.sh'
[32.239s] Level 1:colcon.colcon_core.environment:checking '/home/korey/Desktop/lio_nav2/install/pointcloud_to_laserscan/bin'
[32.239s] Level 1:colcon.colcon_core.environment:checking '/home/korey/Desktop/lio_nav2/install/pointcloud_to_laserscan/lib/pkgconfig/pointcloud_to_laserscan.pc'
[32.239s] Level 1:colcon.colcon_core.environment:checking '/home/korey/Desktop/lio_nav2/install/pointcloud_to_laserscan/lib/python3.8/site-packages'
[32.240s] Level 1:colcon.colcon_core.environment:checking '/home/korey/Desktop/lio_nav2/install/pointcloud_to_laserscan/bin'
[32.240s] INFO:colcon.colcon_core.shell:Creating package script '/home/korey/Desktop/lio_nav2/install/pointcloud_to_laserscan/share/pointcloud_to_laserscan/package.ps1'
[32.240s] INFO:colcon.colcon_core.shell:Creating package descriptor '/home/korey/Desktop/lio_nav2/install/pointcloud_to_laserscan/share/pointcloud_to_laserscan/package.dsv'
[32.254s] INFO:colcon.colcon_core.shell:Creating package script '/home/korey/Desktop/lio_nav2/install/pointcloud_to_laserscan/share/pointcloud_to_laserscan/package.sh'
[32.254s] INFO:colcon.colcon_core.shell:Creating package script '/home/korey/Desktop/lio_nav2/install/pointcloud_to_laserscan/share/pointcloud_to_laserscan/package.bash'
[32.255s] INFO:colcon.colcon_core.shell:Creating package script '/home/korey/Desktop/lio_nav2/install/pointcloud_to_laserscan/share/pointcloud_to_laserscan/package.zsh'
[32.255s] Level 1:colcon.colcon_core.environment:create_file_with_runtime_dependencies(/home/korey/Desktop/lio_nav2/install/pointcloud_to_laserscan/share/colcon-core/packages/pointcloud_to_laserscan)
[67.816s] DEBUG:colcon.colcon_core.event_handler.log_command:Invoked command in '/home/korey/Desktop/lio_nav2/build/lio_sam_op' returned '0': CMAKE_PREFIX_PATH=/opt/ros/foxy /home/korey/.local/bin/cmake --build /home/korey/Desktop/lio_nav2/build/lio_sam_op -- -j12 -l12
[67.821s] DEBUG:colcon.colcon_core.event_handler.log_command:Invoking command in '/home/korey/Desktop/lio_nav2/build/lio_sam_op': CMAKE_PREFIX_PATH=/opt/ros/foxy /home/korey/.local/bin/cmake --install /home/korey/Desktop/lio_nav2/build/lio_sam_op
[67.932s] Level 1:colcon.colcon_core.environment:create_environment_scripts_only(lio_sam_op)
[67.933s] Level 1:colcon.colcon_core.environment:checking '/home/korey/Desktop/lio_nav2/install/lio_sam_op' for CMake module files
[67.934s] DEBUG:colcon.colcon_core.event_handler.log_command:Invoked command in '/home/korey/Desktop/lio_nav2/build/lio_sam_op' returned '0': CMAKE_PREFIX_PATH=/opt/ros/foxy /home/korey/.local/bin/cmake --install /home/korey/Desktop/lio_nav2/build/lio_sam_op
[67.934s] Level 1:colcon.colcon_core.environment:checking '/home/korey/Desktop/lio_nav2/install/lio_sam_op' for CMake config files
[67.935s] Level 1:colcon.colcon_core.shell:create_environment_hook('lio_sam_op', 'cmake_prefix_path')
[67.936s] INFO:colcon.colcon_core.shell:Creating environment hook '/home/korey/Desktop/lio_nav2/install/lio_sam_op/share/lio_sam_op/hook/cmake_prefix_path.ps1'
[67.936s] INFO:colcon.colcon_core.shell:Creating environment descriptor '/home/korey/Desktop/lio_nav2/install/lio_sam_op/share/lio_sam_op/hook/cmake_prefix_path.dsv'
[67.937s] INFO:colcon.colcon_core.shell:Creating environment hook '/home/korey/Desktop/lio_nav2/install/lio_sam_op/share/lio_sam_op/hook/cmake_prefix_path.sh'
[67.937s] Level 1:colcon.colcon_core.environment:checking '/home/korey/Desktop/lio_nav2/install/lio_sam_op/lib'
[67.938s] Level 1:colcon.colcon_core.shell:create_environment_hook('lio_sam_op', 'ld_library_path_lib')
[67.938s] INFO:colcon.colcon_core.shell:Creating environment hook '/home/korey/Desktop/lio_nav2/install/lio_sam_op/share/lio_sam_op/hook/ld_library_path_lib.ps1'
[67.938s] INFO:colcon.colcon_core.shell:Creating environment descriptor '/home/korey/Desktop/lio_nav2/install/lio_sam_op/share/lio_sam_op/hook/ld_library_path_lib.dsv'
[67.939s] INFO:colcon.colcon_core.shell:Creating environment hook '/home/korey/Desktop/lio_nav2/install/lio_sam_op/share/lio_sam_op/hook/ld_library_path_lib.sh'
[67.939s] Level 1:colcon.colcon_core.environment:checking '/home/korey/Desktop/lio_nav2/install/lio_sam_op/bin'
[67.939s] Level 1:colcon.colcon_core.environment:checking '/home/korey/Desktop/lio_nav2/install/lio_sam_op/lib/pkgconfig/lio_sam_op.pc'
[67.939s] Level 1:colcon.colcon_core.environment:checking '/home/korey/Desktop/lio_nav2/install/lio_sam_op/lib/python3.8/site-packages'
[67.940s] Level 1:colcon.colcon_core.shell:create_environment_hook('lio_sam_op', 'pythonpath')
[67.940s] INFO:colcon.colcon_core.shell:Creating environment hook '/home/korey/Desktop/lio_nav2/install/lio_sam_op/share/lio_sam_op/hook/pythonpath.ps1'
[67.940s] INFO:colcon.colcon_core.shell:Creating environment descriptor '/home/korey/Desktop/lio_nav2/install/lio_sam_op/share/lio_sam_op/hook/pythonpath.dsv'
[67.941s] INFO:colcon.colcon_core.shell:Creating environment hook '/home/korey/Desktop/lio_nav2/install/lio_sam_op/share/lio_sam_op/hook/pythonpath.sh'
[67.941s] Level 1:colcon.colcon_core.environment:checking '/home/korey/Desktop/lio_nav2/install/lio_sam_op/bin'
[67.941s] INFO:colcon.colcon_core.shell:Creating package script '/home/korey/Desktop/lio_nav2/install/lio_sam_op/share/lio_sam_op/package.ps1'
[67.942s] INFO:colcon.colcon_core.shell:Creating package descriptor '/home/korey/Desktop/lio_nav2/install/lio_sam_op/share/lio_sam_op/package.dsv'
[67.942s] INFO:colcon.colcon_core.shell:Creating package script '/home/korey/Desktop/lio_nav2/install/lio_sam_op/share/lio_sam_op/package.sh'
[67.943s] INFO:colcon.colcon_core.shell:Creating package script '/home/korey/Desktop/lio_nav2/install/lio_sam_op/share/lio_sam_op/package.bash'
[67.943s] INFO:colcon.colcon_core.shell:Creating package script '/home/korey/Desktop/lio_nav2/install/lio_sam_op/share/lio_sam_op/package.zsh'
[67.943s] Level 1:colcon.colcon_core.environment:create_file_with_runtime_dependencies(/home/korey/Desktop/lio_nav2/install/lio_sam_op/share/colcon-core/packages/lio_sam_op)
[67.944s] Level 1:colcon.colcon_core.environment:create_environment_scripts_only(lio_sam_op)
[67.944s] Level 1:colcon.colcon_core.environment:checking '/home/korey/Desktop/lio_nav2/install/lio_sam_op' for CMake module files
[67.944s] Level 1:colcon.colcon_core.environment:checking '/home/korey/Desktop/lio_nav2/install/lio_sam_op' for CMake config files
[67.945s] Level 1:colcon.colcon_core.shell:create_environment_hook('lio_sam_op', 'cmake_prefix_path')
[67.945s] INFO:colcon.colcon_core.shell:Creating environment hook '/home/korey/Desktop/lio_nav2/install/lio_sam_op/share/lio_sam_op/hook/cmake_prefix_path.ps1'
[67.945s] INFO:colcon.colcon_core.shell:Creating environment descriptor '/home/korey/Desktop/lio_nav2/install/lio_sam_op/share/lio_sam_op/hook/cmake_prefix_path.dsv'
[67.946s] INFO:colcon.colcon_core.shell:Creating environment hook '/home/korey/Desktop/lio_nav2/install/lio_sam_op/share/lio_sam_op/hook/cmake_prefix_path.sh'
[67.946s] Level 1:colcon.colcon_core.environment:checking '/home/korey/Desktop/lio_nav2/install/lio_sam_op/lib'
[67.946s] Level 1:colcon.colcon_core.shell:create_environment_hook('lio_sam_op', 'ld_library_path_lib')
[67.946s] INFO:colcon.colcon_core.shell:Creating environment hook '/home/korey/Desktop/lio_nav2/install/lio_sam_op/share/lio_sam_op/hook/ld_library_path_lib.ps1'
[67.947s] INFO:colcon.colcon_core.shell:Creating environment descriptor '/home/korey/Desktop/lio_nav2/install/lio_sam_op/share/lio_sam_op/hook/ld_library_path_lib.dsv'
[67.947s] INFO:colcon.colcon_core.shell:Creating environment hook '/home/korey/Desktop/lio_nav2/install/lio_sam_op/share/lio_sam_op/hook/ld_library_path_lib.sh'
[67.947s] Level 1:colcon.colcon_core.environment:checking '/home/korey/Desktop/lio_nav2/install/lio_sam_op/bin'
[67.947s] Level 1:colcon.colcon_core.environment:checking '/home/korey/Desktop/lio_nav2/install/lio_sam_op/lib/pkgconfig/lio_sam_op.pc'
[67.948s] Level 1:colcon.colcon_core.environment:checking '/home/korey/Desktop/lio_nav2/install/lio_sam_op/lib/python3.8/site-packages'
[67.948s] Level 1:colcon.colcon_core.shell:create_environment_hook('lio_sam_op', 'pythonpath')
[67.948s] INFO:colcon.colcon_core.shell:Creating environment hook '/home/korey/Desktop/lio_nav2/install/lio_sam_op/share/lio_sam_op/hook/pythonpath.ps1'
[67.948s] INFO:colcon.colcon_core.shell:Creating environment descriptor '/home/korey/Desktop/lio_nav2/install/lio_sam_op/share/lio_sam_op/hook/pythonpath.dsv'
[67.948s] INFO:colcon.colcon_core.shell:Creating environment hook '/home/korey/Desktop/lio_nav2/install/lio_sam_op/share/lio_sam_op/hook/pythonpath.sh'
[67.949s] Level 1:colcon.colcon_core.environment:checking '/home/korey/Desktop/lio_nav2/install/lio_sam_op/bin'
[67.949s] INFO:colcon.colcon_core.shell:Creating package script '/home/korey/Desktop/lio_nav2/install/lio_sam_op/share/lio_sam_op/package.ps1'
[67.950s] INFO:colcon.colcon_core.shell:Creating package descriptor '/home/korey/Desktop/lio_nav2/install/lio_sam_op/share/lio_sam_op/package.dsv'
[67.950s] INFO:colcon.colcon_core.shell:Creating package script '/home/korey/Desktop/lio_nav2/install/lio_sam_op/share/lio_sam_op/package.sh'
[67.950s] INFO:colcon.colcon_core.shell:Creating package script '/home/korey/Desktop/lio_nav2/install/lio_sam_op/share/lio_sam_op/package.bash'
[67.951s] INFO:colcon.colcon_core.shell:Creating package script '/home/korey/Desktop/lio_nav2/install/lio_sam_op/share/lio_sam_op/package.zsh'
[67.951s] Level 1:colcon.colcon_core.environment:create_file_with_runtime_dependencies(/home/korey/Desktop/lio_nav2/install/lio_sam_op/share/colcon-core/packages/lio_sam_op)
[67.951s] DEBUG:colcon.colcon_parallel_executor.executor.parallel:closing loop
[67.952s] DEBUG:colcon.colcon_parallel_executor.executor.parallel:loop closed
[67.952s] DEBUG:colcon.colcon_parallel_executor.executor.parallel:run_until_complete finished with '0'
[67.952s] DEBUG:colcon.colcon_core.event_reactor:joining thread
[67.966s] INFO:colcon.colcon_core.plugin_system:Skipping extension 'colcon_notification.desktop_notification.terminal_notifier': Not used on non-Darwin systems
[67.967s] INFO:colcon.colcon_core.plugin_system:Skipping extension 'colcon_notification.desktop_notification.win32': Not used on non-Windows systems
[67.967s] INFO:colcon.colcon_notification.desktop_notification:Sending desktop notification using 'notify2'
[68.015s] DEBUG:colcon.colcon_core.event_reactor:joined thread
[68.015s] INFO:colcon.colcon_core.shell:Creating prefix script '/home/korey/Desktop/lio_nav2/install/local_setup.ps1'
[68.017s] INFO:colcon.colcon_core.shell:Creating prefix util module '/home/korey/Desktop/lio_nav2/install/_local_setup_util_ps1.py'
[68.019s] INFO:colcon.colcon_core.shell:Creating prefix chain script '/home/korey/Desktop/lio_nav2/install/setup.ps1'
[68.020s] INFO:colcon.colcon_core.shell:Creating prefix script '/home/korey/Desktop/lio_nav2/install/local_setup.sh'
[68.021s] INFO:colcon.colcon_core.shell:Creating prefix util module '/home/korey/Desktop/lio_nav2/install/_local_setup_util_sh.py'
[68.021s] INFO:colcon.colcon_core.shell:Creating prefix chain script '/home/korey/Desktop/lio_nav2/install/setup.sh'
[68.022s] INFO:colcon.colcon_core.shell:Creating prefix script '/home/korey/Desktop/lio_nav2/install/local_setup.bash'
[68.023s] INFO:colcon.colcon_core.shell:Creating prefix chain script '/home/korey/Desktop/lio_nav2/install/setup.bash'
[68.024s] INFO:colcon.colcon_core.shell:Creating prefix script '/home/korey/Desktop/lio_nav2/install/local_setup.zsh'
[68.025s] INFO:colcon.colcon_core.shell:Creating prefix chain script '/home/korey/Desktop/lio_nav2/install/setup.zsh'
