[0.432s] DEBUG:colcon:Command line arguments: ['/usr/bin/colcon', 'build']
[0.432s] DEBUG:colcon:Parsed command line arguments: Namespace(log_base=None, log_level=None, verb_name='build', build_base='build', install_base='install', merge_install=False, symlink_install=False, test_result_base=None, continue_on_error=False, executor='parallel', parallel_workers=24, event_handlers=None, ignore_user_meta=False, metas=['./colcon.meta'], base_paths=['.'], packages_ignore=None, packages_ignore_regex=None, paths=None, packages_up_to=None, packages_up_to_regex=None, packages_above=None, packages_above_and_dependencies=None, packages_above_depth=None, packages_select_by_dep=None, packages_skip_by_dep=None, packages_skip_up_to=None, packages_select_build_failed=False, packages_skip_build_finished=False, packages_select_test_failures=False, packages_skip_test_passed=False, packages_select=None, packages_skip=None, packages_select_regex=None, packages_skip_regex=None, packages_start=None, packages_end=None, allow_overriding=[], cmake_args=None, cmake_target=None, cmake_target_skip_unavailable=False, cmake_clean_cache=False, cmake_clean_first=False, cmake_force_configure=False, ament_cmake_args=None, catkin_cmake_args=None, catkin_skip_building_tests=False, verb_parser=<colcon_defaults.argument_parser.defaults.DefaultArgumentsDecorator object at 0x770650635090>, verb_extension=<colcon_core.verb.build.BuildVerb object at 0x770650634b50>, main=<bound method BuildVerb.main of <colcon_core.verb.build.BuildVerb object at 0x770650634b50>>)
[0.454s] Level 1:colcon.colcon_core.package_discovery:discover_packages(colcon_meta) check parameters
[0.454s] Level 1:colcon.colcon_core.package_discovery:discover_packages(recursive) check parameters
[0.454s] Level 1:colcon.colcon_core.package_discovery:discover_packages(ignore) check parameters
[0.454s] Level 1:colcon.colcon_core.package_discovery:discover_packages(path) check parameters
[0.454s] Level 1:colcon.colcon_core.package_discovery:discover_packages(colcon_meta) discover
[0.454s] Level 1:colcon.colcon_core.package_discovery:discover_packages(recursive) discover
[0.454s] INFO:colcon.colcon_core.package_discovery:Crawling recursively for packages in '/home/hdm/lio-sam_simulation_car/robot_bringup'
[0.454s] Level 1:colcon.colcon_core.package_identification:_identify(.) by extensions ['ignore', 'ignore_ament_install']
[0.454s] Level 1:colcon.colcon_core.package_identification:_identify(.) by extension 'ignore'
[0.454s] Level 1:colcon.colcon_core.package_identification:_identify(.) by extension 'ignore_ament_install'
[0.454s] Level 1:colcon.colcon_core.package_identification:_identify(.) by extensions ['colcon_pkg']
[0.454s] Level 1:colcon.colcon_core.package_identification:_identify(.) by extension 'colcon_pkg'
[0.454s] Level 1:colcon.colcon_core.package_identification:_identify(.) by extensions ['colcon_meta']
[0.454s] Level 1:colcon.colcon_core.package_identification:_identify(.) by extension 'colcon_meta'
[0.454s] Level 1:colcon.colcon_core.package_identification:_identify(.) by extensions ['ros']
[0.454s] Level 1:colcon.colcon_core.package_identification:_identify(.) by extension 'ros'
[0.461s] DEBUG:colcon.colcon_core.package_identification:Package '.' with type 'ros.ament_cmake' and name 'robot_bringup'
[0.461s] Level 1:colcon.colcon_core.package_discovery:discover_packages(recursive) using defaults
[0.461s] Level 1:colcon.colcon_core.package_discovery:discover_packages(ignore) discover
[0.461s] Level 1:colcon.colcon_core.package_discovery:discover_packages(ignore) using defaults
[0.461s] Level 1:colcon.colcon_core.package_discovery:discover_packages(path) discover
[0.461s] Level 1:colcon.colcon_core.package_discovery:discover_packages(path) using defaults
[0.501s] Level 1:colcon.colcon_core.package_discovery:discover_packages(prefix_path) check parameters
[0.501s] Level 1:colcon.colcon_core.package_discovery:discover_packages(prefix_path) discover
[0.514s] DEBUG:colcon.colcon_installed_package_information.package_discovery:Found 1 installed packages in /home/hdm/lio-sam_simulation_car/robot_bringup/install
[0.520s] DEBUG:colcon.colcon_installed_package_information.package_discovery:Found 394 installed packages in /opt/ros/humble
[0.521s] Level 1:colcon.colcon_core.package_discovery:discover_packages(prefix_path) using defaults
[0.575s] Level 5:colcon.colcon_core.verb:set package 'robot_bringup' build argument 'cmake_args' from command line to 'None'
[0.575s] Level 5:colcon.colcon_core.verb:set package 'robot_bringup' build argument 'cmake_target' from command line to 'None'
[0.575s] Level 5:colcon.colcon_core.verb:set package 'robot_bringup' build argument 'cmake_target_skip_unavailable' from command line to 'False'
[0.575s] Level 5:colcon.colcon_core.verb:set package 'robot_bringup' build argument 'cmake_clean_cache' from command line to 'False'
[0.575s] Level 5:colcon.colcon_core.verb:set package 'robot_bringup' build argument 'cmake_clean_first' from command line to 'False'
[0.575s] Level 5:colcon.colcon_core.verb:set package 'robot_bringup' build argument 'cmake_force_configure' from command line to 'False'
[0.575s] Level 5:colcon.colcon_core.verb:set package 'robot_bringup' build argument 'ament_cmake_args' from command line to 'None'
[0.575s] Level 5:colcon.colcon_core.verb:set package 'robot_bringup' build argument 'catkin_cmake_args' from command line to 'None'
[0.575s] Level 5:colcon.colcon_core.verb:set package 'robot_bringup' build argument 'catkin_skip_building_tests' from command line to 'False'
[0.575s] DEBUG:colcon.colcon_core.verb:Building package 'robot_bringup' with the following arguments: {'ament_cmake_args': None, 'build_base': '/home/hdm/lio-sam_simulation_car/robot_bringup/build/robot_bringup', 'catkin_cmake_args': None, 'catkin_skip_building_tests': False, 'cmake_args': None, 'cmake_clean_cache': False, 'cmake_clean_first': False, 'cmake_force_configure': False, 'cmake_target': None, 'cmake_target_skip_unavailable': False, 'install_base': '/home/hdm/lio-sam_simulation_car/robot_bringup/install/robot_bringup', 'merge_install': False, 'path': '/home/hdm/lio-sam_simulation_car/robot_bringup', 'symlink_install': False, 'test_result_base': None}
[0.581s] INFO:colcon.colcon_core.executor:Executing jobs using 'parallel' executor
[0.588s] DEBUG:colcon.colcon_parallel_executor.executor.parallel:run_until_complete
[0.588s] INFO:colcon.colcon_ros.task.ament_cmake.build:Building ROS package in '/home/hdm/lio-sam_simulation_car/robot_bringup' with build type 'ament_cmake'
[0.588s] INFO:colcon.colcon_cmake.task.cmake.build:Building CMake package in '/home/hdm/lio-sam_simulation_car/robot_bringup'
[0.596s] INFO:colcon.colcon_core.plugin_system:Skipping extension 'colcon_core.shell.bat': Not used on non-Windows systems
[0.596s] INFO:colcon.colcon_core.shell:Skip shell extension 'powershell' for command environment: Not usable outside of PowerShell
[0.596s] DEBUG:colcon.colcon_core.shell:Skip shell extension 'dsv' for command environment
[0.625s] DEBUG:colcon.colcon_core.event_handler.log_command:Invoking command in '/home/hdm/lio-sam_simulation_car/robot_bringup/build/robot_bringup': CMAKE_PREFIX_PATH=${CMAKE_PREFIX_PATH}:/opt/ros/humble /usr/bin/cmake --build /home/hdm/lio-sam_simulation_car/robot_bringup/build/robot_bringup -- -j24 -l24
[1.964s] DEBUG:colcon.colcon_core.event_handler.log_command:Invoked command in '/home/hdm/lio-sam_simulation_car/robot_bringup/build/robot_bringup' returned '2': CMAKE_PREFIX_PATH=${CMAKE_PREFIX_PATH}:/opt/ros/humble /usr/bin/cmake --build /home/hdm/lio-sam_simulation_car/robot_bringup/build/robot_bringup -- -j24 -l24
[2.060s] Level 1:colcon.colcon_core.environment:create_environment_scripts_only(robot_bringup)
[2.099s] Level 1:colcon.colcon_core.environment:checking '/home/hdm/lio-sam_simulation_car/robot_bringup/install/robot_bringup' for CMake module files
[2.100s] Level 1:colcon.colcon_core.environment:checking '/home/hdm/lio-sam_simulation_car/robot_bringup/install/robot_bringup' for CMake config files
[2.100s] Level 1:colcon.colcon_core.shell:create_environment_hook('robot_bringup', 'cmake_prefix_path')
[2.130s] INFO:colcon.colcon_core.shell:Creating environment hook '/home/hdm/lio-sam_simulation_car/robot_bringup/install/robot_bringup/share/robot_bringup/hook/cmake_prefix_path.ps1'
[2.131s] INFO:colcon.colcon_core.shell:Creating environment descriptor '/home/hdm/lio-sam_simulation_car/robot_bringup/install/robot_bringup/share/robot_bringup/hook/cmake_prefix_path.dsv'
[2.132s] INFO:colcon.colcon_core.shell:Creating environment hook '/home/hdm/lio-sam_simulation_car/robot_bringup/install/robot_bringup/share/robot_bringup/hook/cmake_prefix_path.sh'
[2.133s] Level 1:colcon.colcon_core.environment:checking '/home/hdm/lio-sam_simulation_car/robot_bringup/install/robot_bringup/bin'
[2.133s] Level 1:colcon.colcon_core.environment:checking '/home/hdm/lio-sam_simulation_car/robot_bringup/install/robot_bringup/lib/pkgconfig/robot_bringup.pc'
[2.134s] Level 1:colcon.colcon_core.environment:checking '/home/hdm/lio-sam_simulation_car/robot_bringup/install/robot_bringup/lib/python3.10/site-packages'
[2.134s] Level 1:colcon.colcon_core.environment:checking '/home/hdm/lio-sam_simulation_car/robot_bringup/install/robot_bringup/bin'
[2.160s] INFO:colcon.colcon_core.shell:Creating package script '/home/hdm/lio-sam_simulation_car/robot_bringup/install/robot_bringup/share/robot_bringup/package.ps1'
[2.161s] INFO:colcon.colcon_core.shell:Creating package descriptor '/home/hdm/lio-sam_simulation_car/robot_bringup/install/robot_bringup/share/robot_bringup/package.dsv'
[2.161s] INFO:colcon.colcon_core.shell:Creating package script '/home/hdm/lio-sam_simulation_car/robot_bringup/install/robot_bringup/share/robot_bringup/package.sh'
[2.162s] INFO:colcon.colcon_core.shell:Creating package script '/home/hdm/lio-sam_simulation_car/robot_bringup/install/robot_bringup/share/robot_bringup/package.bash'
[2.163s] INFO:colcon.colcon_core.shell:Creating package script '/home/hdm/lio-sam_simulation_car/robot_bringup/install/robot_bringup/share/robot_bringup/package.zsh'
[2.163s] Level 1:colcon.colcon_core.environment:create_file_with_runtime_dependencies(/home/hdm/lio-sam_simulation_car/robot_bringup/install/robot_bringup/share/colcon-core/packages/robot_bringup)
[2.173s] DEBUG:colcon.colcon_parallel_executor.executor.parallel:closing loop
[2.174s] DEBUG:colcon.colcon_parallel_executor.executor.parallel:loop closed
[2.174s] DEBUG:colcon.colcon_parallel_executor.executor.parallel:run_until_complete finished with '2'
[2.174s] DEBUG:colcon.colcon_core.event_reactor:joining thread
[2.228s] INFO:colcon.colcon_core.plugin_system:Skipping extension 'colcon_notification.desktop_notification.terminal_notifier': Not used on non-Darwin systems
[2.228s] INFO:colcon.colcon_core.plugin_system:Skipping extension 'colcon_notification.desktop_notification.win32': Not used on non-Windows systems
[2.229s] INFO:colcon.colcon_notification.desktop_notification:Sending desktop notification using 'notify2'
[2.265s] DEBUG:colcon.colcon_core.event_reactor:joined thread
[2.280s] INFO:colcon.colcon_core.shell:Creating prefix script '/home/hdm/lio-sam_simulation_car/robot_bringup/install/local_setup.ps1'
[2.281s] INFO:colcon.colcon_core.shell:Creating prefix util module '/home/hdm/lio-sam_simulation_car/robot_bringup/install/_local_setup_util_ps1.py'
[2.282s] INFO:colcon.colcon_core.shell:Creating prefix chain script '/home/hdm/lio-sam_simulation_car/robot_bringup/install/setup.ps1'
[2.299s] INFO:colcon.colcon_core.shell:Creating prefix script '/home/hdm/lio-sam_simulation_car/robot_bringup/install/local_setup.sh'
[2.300s] INFO:colcon.colcon_core.shell:Creating prefix util module '/home/hdm/lio-sam_simulation_car/robot_bringup/install/_local_setup_util_sh.py'
[2.300s] INFO:colcon.colcon_core.shell:Creating prefix chain script '/home/hdm/lio-sam_simulation_car/robot_bringup/install/setup.sh'
[2.316s] INFO:colcon.colcon_core.shell:Creating prefix script '/home/hdm/lio-sam_simulation_car/robot_bringup/install/local_setup.bash'
[2.316s] INFO:colcon.colcon_core.shell:Creating prefix chain script '/home/hdm/lio-sam_simulation_car/robot_bringup/install/setup.bash'
[2.330s] INFO:colcon.colcon_core.shell:Creating prefix script '/home/hdm/lio-sam_simulation_car/robot_bringup/install/local_setup.zsh'
[2.331s] INFO:colcon.colcon_core.shell:Creating prefix chain script '/home/hdm/lio-sam_simulation_car/robot_bringup/install/setup.zsh'
