[0.037s] Invoking command in '/home/hdm/LIO-SAM/build/lio_sam': CMAKE_PREFIX_PATH=${CMAKE_PREFIX_PATH}:/opt/ros/humble /usr/bin/cmake --build /home/hdm/LIO-SAM/build/lio_sam -- -j24 -l24
[0.097s] [  8%] Built target lio_sam__rosidl_generator_c
[0.100s] [ 10%] Built target lio_sam__cpp
[0.109s] [ 10%] Built target ament_cmake_python_copy_lio_sam
[0.112s] [ 19%] Built target lio_sam__rosidl_typesupport_c
[0.113s] [ 27%] Built target lio_sam__rosidl_typesupport_fastrtps_c
[0.113s] [ 36%] Built target lio_sam__rosidl_typesupport_cpp
[0.120s] [ 44%] Built target lio_sam__rosidl_typesupport_introspection_c
[0.121s] [ 53%] Built target lio_sam__rosidl_typesupport_fastrtps_cpp
[0.122s] [ 61%] Built target lio_sam__rosidl_typesupport_introspection_cpp
[0.139s] [ 61%] Built target lio_sam
[0.151s] [ 63%] Built target lio_sam__py
[0.156s] [35m[1mConsolidate compiler generated dependencies of target lio_sam_imageProjection[0m
[0.163s] [ 70%] Built target lio_sam__rosidl_generator_py
[0.167s] [ 74%] Built target lio_sam_featureExtraction
[0.170s] [ 78%] Built target lio_sam_imuPreintegration
[0.170s] [ 82%] Built target lio_sam_mapOptimization
[0.175s] [ 85%] [32mBuilding CXX object CMakeFiles/lio_sam_imageProjection.dir/src/imageProjection.cpp.o[0m
[0.175s] [ 89%] Built target lio_sam__rosidl_typesupport_fastrtps_c__pyext
[0.176s] [ 93%] Built target lio_sam__rosidl_typesupport_introspection_c__pyext
[0.178s] [ 97%] Built target lio_sam__rosidl_typesupport_c__pyext
[0.261s] running egg_info
[0.262s] writing lio_sam.egg-info/PKG-INFO
[0.262s] writing dependency_links to lio_sam.egg-info/dependency_links.txt
[0.262s] writing top-level names to lio_sam.egg-info/top_level.txt
[0.263s] reading manifest file 'lio_sam.egg-info/SOURCES.txt'
[0.263s] writing manifest file 'lio_sam.egg-info/SOURCES.txt'
[0.278s] [ 97%] Built target ament_cmake_python_build_lio_sam_egg
[1.190s] In file included from [01m[K/home/hdm/LIO-SAM/include/lio_sam/utility.hpp:40[m[K,
[1.190s]                  from [01m[K/home/hdm/LIO-SAM/src/imageProjection.cpp:1[m[K:
[1.190s] [01m[K/opt/ros/humble/include/tf2_eigen/tf2_eigen/tf2_eigen.h:32:2:[m[K [01;35m[Kwarning: [m[K#warning This header is obsolete, please include tf2_eigen/tf2_eigen.hpp instead [[01;35m[K]8;;https://gcc.gnu.org/onlinedocs/gcc/Warning-Options.html#index-Wcpp-Wcpp]8;;[m[K]
[1.190s]    32 | #[01;35m[Kwarning[m[K This header is obsolete, please include tf2_eigen/tf2_eigen.hpp instead
[1.190s]       |  [01;35m[K^~~~~~~[m[K
[1.192s] In file included from [01m[K/home/hdm/LIO-SAM/include/lio_sam/utility.hpp:41[m[K,
[1.192s]                  from [01m[K/home/hdm/LIO-SAM/src/imageProjection.cpp:1[m[K:
[1.192s] [01m[K/opt/ros/humble/include/tf2_geometry_msgs/tf2_geometry_msgs/tf2_geometry_msgs.h:35:2:[m[K [01;35m[Kwarning: [m[K#warning This header is obsolete, please include tf2_geometry_msgs/tf2_geometry_msgs.hpp instead [[01;35m[K]8;;https://gcc.gnu.org/onlinedocs/gcc/Warning-Options.html#index-Wcpp-Wcpp]8;;[m[K]
[1.192s]    35 | #[01;35m[Kwarning[m[K This header is obsolete, please include tf2_geometry_msgs/tf2_geometry_msgs.hpp instead
[1.192s]       |  [01;35m[K^~~~~~~[m[K
[15.875s] [100%] [32m[1mLinking CXX executable lio_sam_imageProjection[0m
[16.190s] [100%] Built target lio_sam_imageProjection
[16.201s] Invoked command in '/home/hdm/LIO-SAM/build/lio_sam' returned '0': CMAKE_PREFIX_PATH=${CMAKE_PREFIX_PATH}:/opt/ros/humble /usr/bin/cmake --build /home/hdm/LIO-SAM/build/lio_sam -- -j24 -l24
[16.368s] Invoking command in '/home/hdm/LIO-SAM/build/lio_sam': CMAKE_PREFIX_PATH=${CMAKE_PREFIX_PATH}:/opt/ros/humble /usr/bin/cmake --install /home/hdm/LIO-SAM/build/lio_sam
[16.372s] -- Install configuration: "Release"
[16.372s] -- Up-to-date: /home/hdm/LIO-SAM/install/lio_sam/share/ament_index/resource_index/rosidl_interfaces/lio_sam
[16.373s] -- Up-to-date: /home/hdm/LIO-SAM/install/lio_sam/include/lio_sam/lio_sam
[16.373s] -- Up-to-date: /home/hdm/LIO-SAM/install/lio_sam/include/lio_sam/lio_sam/msg
[16.373s] -- Up-to-date: /home/hdm/LIO-SAM/install/lio_sam/include/lio_sam/lio_sam/msg/detail
[16.373s] -- Up-to-date: /home/hdm/LIO-SAM/install/lio_sam/include/lio_sam/lio_sam/msg/detail/cloud_info__functions.h
[16.373s] -- Up-to-date: /home/hdm/LIO-SAM/install/lio_sam/include/lio_sam/lio_sam/msg/detail/cloud_info__type_support.h
[16.374s] -- Up-to-date: /home/hdm/LIO-SAM/install/lio_sam/include/lio_sam/lio_sam/msg/detail/cloud_info__struct.h
[16.374s] -- Up-to-date: /home/hdm/LIO-SAM/install/lio_sam/include/lio_sam/lio_sam/msg/detail/cloud_info__functions.c
[16.374s] -- Up-to-date: /home/hdm/LIO-SAM/install/lio_sam/include/lio_sam/lio_sam/msg/rosidl_generator_c__visibility_control.h
[16.374s] -- Up-to-date: /home/hdm/LIO-SAM/install/lio_sam/include/lio_sam/lio_sam/msg/cloud_info.h
[16.374s] -- Up-to-date: /home/hdm/LIO-SAM/install/lio_sam/include/lio_sam/lio_sam/srv
[16.374s] -- Up-to-date: /home/hdm/LIO-SAM/install/lio_sam/include/lio_sam/lio_sam/srv/detail
[16.374s] -- Up-to-date: /home/hdm/LIO-SAM/install/lio_sam/include/lio_sam/lio_sam/srv/detail/save_map__struct.h
[16.375s] -- Up-to-date: /home/hdm/LIO-SAM/install/lio_sam/include/lio_sam/lio_sam/srv/detail/save_map__type_support.h
[16.375s] -- Up-to-date: /home/hdm/LIO-SAM/install/lio_sam/include/lio_sam/lio_sam/srv/detail/save_map__functions.h
[16.375s] -- Up-to-date: /home/hdm/LIO-SAM/install/lio_sam/include/lio_sam/lio_sam/srv/detail/save_map__functions.c
[16.375s] -- Up-to-date: /home/hdm/LIO-SAM/install/lio_sam/include/lio_sam/lio_sam/srv/save_map.h
[16.375s] -- Up-to-date: /home/hdm/LIO-SAM/install/lio_sam/share/lio_sam/environment/library_path.sh
[16.375s] -- Up-to-date: /home/hdm/LIO-SAM/install/lio_sam/share/lio_sam/environment/library_path.dsv
[16.376s] -- Up-to-date: /home/hdm/LIO-SAM/install/lio_sam/lib/liblio_sam__rosidl_generator_c.so
[16.376s] -- Up-to-date: /home/hdm/LIO-SAM/install/lio_sam/include/lio_sam/lio_sam
[16.376s] -- Up-to-date: /home/hdm/LIO-SAM/install/lio_sam/include/lio_sam/lio_sam/msg
[16.376s] -- Up-to-date: /home/hdm/LIO-SAM/install/lio_sam/include/lio_sam/lio_sam/msg/detail
[16.376s] -- Up-to-date: /home/hdm/LIO-SAM/install/lio_sam/include/lio_sam/lio_sam/msg/detail/cloud_info__rosidl_typesupport_fastrtps_c.h
[16.376s] -- Up-to-date: /home/hdm/LIO-SAM/install/lio_sam/include/lio_sam/lio_sam/msg/rosidl_typesupport_fastrtps_c__visibility_control.h
[16.376s] -- Up-to-date: /home/hdm/LIO-SAM/install/lio_sam/include/lio_sam/lio_sam/srv
[16.377s] -- Up-to-date: /home/hdm/LIO-SAM/install/lio_sam/include/lio_sam/lio_sam/srv/detail
[16.377s] -- Up-to-date: /home/hdm/LIO-SAM/install/lio_sam/include/lio_sam/lio_sam/srv/detail/save_map__rosidl_typesupport_fastrtps_c.h
[16.377s] -- Up-to-date: /home/hdm/LIO-SAM/install/lio_sam/lib/liblio_sam__rosidl_typesupport_fastrtps_c.so
[16.377s] -- Up-to-date: /home/hdm/LIO-SAM/install/lio_sam/include/lio_sam/lio_sam
[16.377s] -- Up-to-date: /home/hdm/LIO-SAM/install/lio_sam/include/lio_sam/lio_sam/msg
[16.377s] -- Up-to-date: /home/hdm/LIO-SAM/install/lio_sam/include/lio_sam/lio_sam/msg/detail
[16.377s] -- Up-to-date: /home/hdm/LIO-SAM/install/lio_sam/include/lio_sam/lio_sam/msg/detail/cloud_info__type_support.c
[16.378s] -- Up-to-date: /home/hdm/LIO-SAM/install/lio_sam/include/lio_sam/lio_sam/msg/detail/cloud_info__rosidl_typesupport_introspection_c.h
[16.378s] -- Up-to-date: /home/hdm/LIO-SAM/install/lio_sam/include/lio_sam/lio_sam/msg/rosidl_typesupport_introspection_c__visibility_control.h
[16.378s] -- Up-to-date: /home/hdm/LIO-SAM/install/lio_sam/include/lio_sam/lio_sam/srv
[16.378s] -- Up-to-date: /home/hdm/LIO-SAM/install/lio_sam/include/lio_sam/lio_sam/srv/detail
[16.378s] -- Up-to-date: /home/hdm/LIO-SAM/install/lio_sam/include/lio_sam/lio_sam/srv/detail/save_map__rosidl_typesupport_introspection_c.h
[16.378s] -- Up-to-date: /home/hdm/LIO-SAM/install/lio_sam/include/lio_sam/lio_sam/srv/detail/save_map__type_support.c
[16.378s] -- Up-to-date: /home/hdm/LIO-SAM/install/lio_sam/lib/liblio_sam__rosidl_typesupport_introspection_c.so
[16.378s] -- Up-to-date: /home/hdm/LIO-SAM/install/lio_sam/lib/liblio_sam__rosidl_typesupport_c.so
[16.379s] -- Up-to-date: /home/hdm/LIO-SAM/install/lio_sam/include/lio_sam/lio_sam
[16.379s] -- Up-to-date: /home/hdm/LIO-SAM/install/lio_sam/include/lio_sam/lio_sam/msg
[16.379s] -- Up-to-date: /home/hdm/LIO-SAM/install/lio_sam/include/lio_sam/lio_sam/msg/detail
[16.379s] -- Up-to-date: /home/hdm/LIO-SAM/install/lio_sam/include/lio_sam/lio_sam/msg/detail/cloud_info__builder.hpp
[16.379s] -- Up-to-date: /home/hdm/LIO-SAM/install/lio_sam/include/lio_sam/lio_sam/msg/detail/cloud_info__traits.hpp
[16.379s] -- Up-to-date: /home/hdm/LIO-SAM/install/lio_sam/include/lio_sam/lio_sam/msg/detail/cloud_info__struct.hpp
[16.379s] -- Up-to-date: /home/hdm/LIO-SAM/install/lio_sam/include/lio_sam/lio_sam/msg/cloud_info.hpp
[16.380s] -- Up-to-date: /home/hdm/LIO-SAM/install/lio_sam/include/lio_sam/lio_sam/srv
[16.380s] -- Up-to-date: /home/hdm/LIO-SAM/install/lio_sam/include/lio_sam/lio_sam/srv/save_map.hpp
[16.380s] -- Up-to-date: /home/hdm/LIO-SAM/install/lio_sam/include/lio_sam/lio_sam/srv/detail
[16.380s] -- Up-to-date: /home/hdm/LIO-SAM/install/lio_sam/include/lio_sam/lio_sam/srv/detail/save_map__struct.hpp
[16.380s] -- Up-to-date: /home/hdm/LIO-SAM/install/lio_sam/include/lio_sam/lio_sam/srv/detail/save_map__builder.hpp
[16.380s] -- Up-to-date: /home/hdm/LIO-SAM/install/lio_sam/include/lio_sam/lio_sam/srv/detail/save_map__traits.hpp
[16.380s] -- Up-to-date: /home/hdm/LIO-SAM/install/lio_sam/include/lio_sam/lio_sam
[16.380s] -- Up-to-date: /home/hdm/LIO-SAM/install/lio_sam/include/lio_sam/lio_sam/msg
[16.381s] -- Up-to-date: /home/hdm/LIO-SAM/install/lio_sam/include/lio_sam/lio_sam/msg/rosidl_typesupport_fastrtps_cpp__visibility_control.h
[16.381s] -- Up-to-date: /home/hdm/LIO-SAM/install/lio_sam/include/lio_sam/lio_sam/msg/detail
[16.381s] -- Up-to-date: /home/hdm/LIO-SAM/install/lio_sam/include/lio_sam/lio_sam/msg/detail/cloud_info__rosidl_typesupport_fastrtps_cpp.hpp
[16.381s] -- Up-to-date: /home/hdm/LIO-SAM/install/lio_sam/include/lio_sam/lio_sam/msg/detail/dds_fastrtps
[16.381s] -- Up-to-date: /home/hdm/LIO-SAM/install/lio_sam/include/lio_sam/lio_sam/srv
[16.381s] -- Up-to-date: /home/hdm/LIO-SAM/install/lio_sam/include/lio_sam/lio_sam/srv/detail
[16.381s] -- Up-to-date: /home/hdm/LIO-SAM/install/lio_sam/include/lio_sam/lio_sam/srv/detail/save_map__rosidl_typesupport_fastrtps_cpp.hpp
[16.382s] -- Up-to-date: /home/hdm/LIO-SAM/install/lio_sam/include/lio_sam/lio_sam/srv/detail/dds_fastrtps
[16.382s] -- Up-to-date: /home/hdm/LIO-SAM/install/lio_sam/lib/liblio_sam__rosidl_typesupport_fastrtps_cpp.so
[16.382s] -- Up-to-date: /home/hdm/LIO-SAM/install/lio_sam/include/lio_sam/lio_sam
[16.382s] -- Up-to-date: /home/hdm/LIO-SAM/install/lio_sam/include/lio_sam/lio_sam/msg
[16.382s] -- Up-to-date: /home/hdm/LIO-SAM/install/lio_sam/include/lio_sam/lio_sam/msg/detail
[16.382s] -- Up-to-date: /home/hdm/LIO-SAM/install/lio_sam/include/lio_sam/lio_sam/msg/detail/cloud_info__rosidl_typesupport_introspection_cpp.hpp
[16.382s] -- Up-to-date: /home/hdm/LIO-SAM/install/lio_sam/include/lio_sam/lio_sam/msg/detail/cloud_info__type_support.cpp
[16.383s] -- Up-to-date: /home/hdm/LIO-SAM/install/lio_sam/include/lio_sam/lio_sam/srv
[16.383s] -- Up-to-date: /home/hdm/LIO-SAM/install/lio_sam/include/lio_sam/lio_sam/srv/detail
[16.383s] -- Up-to-date: /home/hdm/LIO-SAM/install/lio_sam/include/lio_sam/lio_sam/srv/detail/save_map__rosidl_typesupport_introspection_cpp.hpp
[16.383s] -- Up-to-date: /home/hdm/LIO-SAM/install/lio_sam/include/lio_sam/lio_sam/srv/detail/save_map__type_support.cpp
[16.383s] -- Up-to-date: /home/hdm/LIO-SAM/install/lio_sam/lib/liblio_sam__rosidl_typesupport_introspection_cpp.so
[16.383s] -- Up-to-date: /home/hdm/LIO-SAM/install/lio_sam/lib/liblio_sam__rosidl_typesupport_cpp.so
[16.383s] -- Up-to-date: /home/hdm/LIO-SAM/install/lio_sam/share/lio_sam/environment/pythonpath.sh
[16.383s] -- Up-to-date: /home/hdm/LIO-SAM/install/lio_sam/share/lio_sam/environment/pythonpath.dsv
[16.384s] -- Up-to-date: /home/hdm/LIO-SAM/install/lio_sam/local/lib/python3.10/dist-packages/lio_sam-1.0.0-py3.10.egg-info
[16.384s] -- Installing: /home/hdm/LIO-SAM/install/lio_sam/local/lib/python3.10/dist-packages/lio_sam-1.0.0-py3.10.egg-info/dependency_links.txt
[16.384s] -- Installing: /home/hdm/LIO-SAM/install/lio_sam/local/lib/python3.10/dist-packages/lio_sam-1.0.0-py3.10.egg-info/top_level.txt
[16.384s] -- Installing: /home/hdm/LIO-SAM/install/lio_sam/local/lib/python3.10/dist-packages/lio_sam-1.0.0-py3.10.egg-info/PKG-INFO
[16.384s] -- Installing: /home/hdm/LIO-SAM/install/lio_sam/local/lib/python3.10/dist-packages/lio_sam-1.0.0-py3.10.egg-info/SOURCES.txt
[16.384s] -- Up-to-date: /home/hdm/LIO-SAM/install/lio_sam/local/lib/python3.10/dist-packages/lio_sam
[16.384s] -- Up-to-date: /home/hdm/LIO-SAM/install/lio_sam/local/lib/python3.10/dist-packages/lio_sam/__init__.py
[16.384s] -- Up-to-date: /home/hdm/LIO-SAM/install/lio_sam/local/lib/python3.10/dist-packages/lio_sam/msg
[16.385s] -- Up-to-date: /home/hdm/LIO-SAM/install/lio_sam/local/lib/python3.10/dist-packages/lio_sam/msg/__init__.py
[16.385s] -- Up-to-date: /home/hdm/LIO-SAM/install/lio_sam/local/lib/python3.10/dist-packages/lio_sam/msg/_cloud_info.py
[16.385s] -- Up-to-date: /home/hdm/LIO-SAM/install/lio_sam/local/lib/python3.10/dist-packages/lio_sam/msg/_cloud_info_s.c
[16.385s] -- Up-to-date: /home/hdm/LIO-SAM/install/lio_sam/local/lib/python3.10/dist-packages/lio_sam/_lio_sam_s.ep.rosidl_typesupport_c.c
[16.385s] -- Up-to-date: /home/hdm/LIO-SAM/install/lio_sam/local/lib/python3.10/dist-packages/lio_sam/liblio_sam__rosidl_generator_py.so
[16.385s] -- Up-to-date: /home/hdm/LIO-SAM/install/lio_sam/local/lib/python3.10/dist-packages/lio_sam/lio_sam_s__rosidl_typesupport_introspection_c.cpython-310-x86_64-linux-gnu.so
[16.385s] -- Up-to-date: /home/hdm/LIO-SAM/install/lio_sam/local/lib/python3.10/dist-packages/lio_sam/lio_sam_s__rosidl_typesupport_c.cpython-310-x86_64-linux-gnu.so
[16.385s] -- Up-to-date: /home/hdm/LIO-SAM/install/lio_sam/local/lib/python3.10/dist-packages/lio_sam/_lio_sam_s.ep.rosidl_typesupport_fastrtps_c.c
[16.386s] -- Up-to-date: /home/hdm/LIO-SAM/install/lio_sam/local/lib/python3.10/dist-packages/lio_sam/_lio_sam_s.ep.rosidl_typesupport_introspection_c.c
[16.386s] -- Up-to-date: /home/hdm/LIO-SAM/install/lio_sam/local/lib/python3.10/dist-packages/lio_sam/srv
[16.386s] -- Up-to-date: /home/hdm/LIO-SAM/install/lio_sam/local/lib/python3.10/dist-packages/lio_sam/srv/__init__.py
[16.386s] -- Up-to-date: /home/hdm/LIO-SAM/install/lio_sam/local/lib/python3.10/dist-packages/lio_sam/srv/_save_map.py
[16.386s] -- Up-to-date: /home/hdm/LIO-SAM/install/lio_sam/local/lib/python3.10/dist-packages/lio_sam/srv/_save_map_s.c
[16.386s] -- Up-to-date: /home/hdm/LIO-SAM/install/lio_sam/local/lib/python3.10/dist-packages/lio_sam/lio_sam_s__rosidl_typesupport_fastrtps_c.cpython-310-x86_64-linux-gnu.so
[16.410s] Listing '/home/hdm/LIO-SAM/install/lio_sam/local/lib/python3.10/dist-packages/lio_sam'...
[16.410s] Listing '/home/hdm/LIO-SAM/install/lio_sam/local/lib/python3.10/dist-packages/lio_sam/msg'...
[16.410s] Listing '/home/hdm/LIO-SAM/install/lio_sam/local/lib/python3.10/dist-packages/lio_sam/srv'...
[16.414s] -- Up-to-date: /home/hdm/LIO-SAM/install/lio_sam/local/lib/python3.10/dist-packages/lio_sam/lio_sam_s__rosidl_typesupport_fastrtps_c.cpython-310-x86_64-linux-gnu.so
[16.415s] -- Up-to-date: /home/hdm/LIO-SAM/install/lio_sam/local/lib/python3.10/dist-packages/lio_sam/lio_sam_s__rosidl_typesupport_introspection_c.cpython-310-x86_64-linux-gnu.so
[16.415s] -- Up-to-date: /home/hdm/LIO-SAM/install/lio_sam/local/lib/python3.10/dist-packages/lio_sam/lio_sam_s__rosidl_typesupport_c.cpython-310-x86_64-linux-gnu.so
[16.415s] -- Up-to-date: /home/hdm/LIO-SAM/install/lio_sam/lib/liblio_sam__rosidl_generator_py.so
[16.416s] -- Up-to-date: /home/hdm/LIO-SAM/install/lio_sam/share/lio_sam/msg/CloudInfo.idl
[16.416s] -- Up-to-date: /home/hdm/LIO-SAM/install/lio_sam/share/lio_sam/srv/SaveMap.idl
[16.416s] -- Up-to-date: /home/hdm/LIO-SAM/install/lio_sam/share/lio_sam/msg/CloudInfo.msg
[16.416s] -- Up-to-date: /home/hdm/LIO-SAM/install/lio_sam/share/lio_sam/srv/SaveMap.srv
[16.416s] -- Up-to-date: /home/hdm/LIO-SAM/install/lio_sam/share/lio_sam/srv/SaveMap_Request.msg
[16.417s] -- Up-to-date: /home/hdm/LIO-SAM/install/lio_sam/share/lio_sam/srv/SaveMap_Response.msg
[16.417s] -- Up-to-date: /home/hdm/LIO-SAM/install/lio_sam/share/lio_sam//launch
[16.417s] -- Up-to-date: /home/hdm/LIO-SAM/install/lio_sam/share/lio_sam//launch/run.launch.py
[16.418s] -- Up-to-date: /home/hdm/LIO-SAM/install/lio_sam/share/lio_sam//config
[16.418s] -- Up-to-date: /home/hdm/LIO-SAM/install/lio_sam/share/lio_sam//config/robot.urdf.xacro
[16.418s] -- Up-to-date: /home/hdm/LIO-SAM/install/lio_sam/share/lio_sam//config/params.yaml
[16.418s] -- Up-to-date: /home/hdm/LIO-SAM/install/lio_sam/share/lio_sam//config/rviz2.rviz
[16.419s] -- Up-to-date: /home/hdm/LIO-SAM/install/lio_sam/share/lio_sam//config/doc
[16.419s] -- Up-to-date: /home/hdm/LIO-SAM/install/lio_sam/share/lio_sam//config/doc/loop-closure.gif
[16.419s] -- Up-to-date: /home/hdm/LIO-SAM/install/lio_sam/share/lio_sam//config/doc/imu-debug.gif
[16.419s] -- Up-to-date: /home/hdm/LIO-SAM/install/lio_sam/share/lio_sam//config/doc/system.png
[16.419s] -- Up-to-date: /home/hdm/LIO-SAM/install/lio_sam/share/lio_sam//config/doc/paper.pdf
[16.420s] -- Up-to-date: /home/hdm/LIO-SAM/install/lio_sam/share/lio_sam//config/doc/gps-demo.gif
[16.420s] -- Up-to-date: /home/hdm/LIO-SAM/install/lio_sam/share/lio_sam//config/doc/kitti-map.png
[16.420s] -- Up-to-date: /home/hdm/LIO-SAM/install/lio_sam/share/lio_sam//config/doc/device-jackal.png
[16.420s] -- Up-to-date: /home/hdm/LIO-SAM/install/lio_sam/share/lio_sam//config/doc/imu-transform.png
[16.420s] -- Up-to-date: /home/hdm/LIO-SAM/install/lio_sam/share/lio_sam//config/doc/ouster-demo.gif
[16.420s] -- Up-to-date: /home/hdm/LIO-SAM/install/lio_sam/share/lio_sam//config/doc/device-hand-2.png
[16.421s] -- Up-to-date: /home/hdm/LIO-SAM/install/lio_sam/share/lio_sam//config/doc/kitti2bag
[16.421s] -- Up-to-date: /home/hdm/LIO-SAM/install/lio_sam/share/lio_sam//config/doc/kitti2bag/README.md
[16.421s] -- Up-to-date: /home/hdm/LIO-SAM/install/lio_sam/share/lio_sam//config/doc/kitti2bag/kitti2bag.py
[16.421s] -- Up-to-date: /home/hdm/LIO-SAM/install/lio_sam/share/lio_sam//config/doc/device-hand.png
[16.421s] -- Up-to-date: /home/hdm/LIO-SAM/install/lio_sam/share/lio_sam//config/doc/demo.gif
[16.422s] -- Up-to-date: /home/hdm/LIO-SAM/install/lio_sam/share/lio_sam//config/doc/kitti-demo.gif
[16.422s] -- Up-to-date: /home/hdm/LIO-SAM/install/lio_sam/share/lio_sam//config/doc/device-boat.png
[16.422s] -- Up-to-date: /home/hdm/LIO-SAM/install/lio_sam/share/lio_sam//config/doc/ouster-device.jpg
[16.422s] -- Up-to-date: /home/hdm/LIO-SAM/install/lio_sam/share/lio_sam//config/doc/loop-closure-2.gif
[16.422s] -- Installing: /home/hdm/LIO-SAM/install/lio_sam/lib/lio_sam/lio_sam_imageProjection
[16.423s] -- Set runtime path of "/home/hdm/LIO-SAM/install/lio_sam/lib/lio_sam/lio_sam_imageProjection" to ""
[16.423s] -- Up-to-date: /home/hdm/LIO-SAM/install/lio_sam/lib/lio_sam/lio_sam_imuPreintegration
[16.423s] -- Up-to-date: /home/hdm/LIO-SAM/install/lio_sam/lib/lio_sam/lio_sam_featureExtraction
[16.423s] -- Up-to-date: /home/hdm/LIO-SAM/install/lio_sam/lib/lio_sam/lio_sam_mapOptimization
[16.425s] -- Up-to-date: /home/hdm/LIO-SAM/install/lio_sam/include
[16.425s] -- Up-to-date: /home/hdm/LIO-SAM/install/lio_sam/include/lio_sam
[16.426s] -- Up-to-date: /home/hdm/LIO-SAM/install/lio_sam/include/lio_sam/utility.hpp
[16.426s] -- Up-to-date: /home/hdm/LIO-SAM/install/lio_sam/share/ament_index/resource_index/package_run_dependencies/lio_sam
[16.427s] -- Up-to-date: /home/hdm/LIO-SAM/install/lio_sam/share/ament_index/resource_index/parent_prefix_path/lio_sam
[16.427s] -- Up-to-date: /home/hdm/LIO-SAM/install/lio_sam/share/lio_sam/environment/ament_prefix_path.sh
[16.428s] -- Up-to-date: /home/hdm/LIO-SAM/install/lio_sam/share/lio_sam/environment/ament_prefix_path.dsv
[16.429s] -- Up-to-date: /home/hdm/LIO-SAM/install/lio_sam/share/lio_sam/environment/path.sh
[16.429s] -- Up-to-date: /home/hdm/LIO-SAM/install/lio_sam/share/lio_sam/environment/path.dsv
[16.430s] -- Up-to-date: /home/hdm/LIO-SAM/install/lio_sam/share/lio_sam/local_setup.bash
[16.430s] -- Up-to-date: /home/hdm/LIO-SAM/install/lio_sam/share/lio_sam/local_setup.sh
[16.431s] -- Up-to-date: /home/hdm/LIO-SAM/install/lio_sam/share/lio_sam/local_setup.zsh
[16.432s] -- Up-to-date: /home/hdm/LIO-SAM/install/lio_sam/share/lio_sam/local_setup.dsv
[16.432s] -- Installing: /home/hdm/LIO-SAM/install/lio_sam/share/lio_sam/package.dsv
[16.433s] -- Up-to-date: /home/hdm/LIO-SAM/install/lio_sam/share/ament_index/resource_index/packages/lio_sam
[16.433s] -- Up-to-date: /home/hdm/LIO-SAM/install/lio_sam/share/lio_sam/cmake/export_lio_sam__rosidl_generator_cExport.cmake
[16.434s] -- Up-to-date: /home/hdm/LIO-SAM/install/lio_sam/share/lio_sam/cmake/export_lio_sam__rosidl_generator_cExport-release.cmake
[16.434s] -- Up-to-date: /home/hdm/LIO-SAM/install/lio_sam/share/lio_sam/cmake/export_lio_sam__rosidl_typesupport_fastrtps_cExport.cmake
[16.435s] -- Up-to-date: /home/hdm/LIO-SAM/install/lio_sam/share/lio_sam/cmake/export_lio_sam__rosidl_typesupport_fastrtps_cExport-release.cmake
[16.435s] -- Up-to-date: /home/hdm/LIO-SAM/install/lio_sam/share/lio_sam/cmake/lio_sam__rosidl_typesupport_introspection_cExport.cmake
[16.436s] -- Up-to-date: /home/hdm/LIO-SAM/install/lio_sam/share/lio_sam/cmake/lio_sam__rosidl_typesupport_introspection_cExport-release.cmake
[16.436s] -- Up-to-date: /home/hdm/LIO-SAM/install/lio_sam/share/lio_sam/cmake/lio_sam__rosidl_typesupport_cExport.cmake
[16.437s] -- Up-to-date: /home/hdm/LIO-SAM/install/lio_sam/share/lio_sam/cmake/lio_sam__rosidl_typesupport_cExport-release.cmake
[16.438s] -- Up-to-date: /home/hdm/LIO-SAM/install/lio_sam/share/lio_sam/cmake/export_lio_sam__rosidl_generator_cppExport.cmake
[16.439s] -- Up-to-date: /home/hdm/LIO-SAM/install/lio_sam/share/lio_sam/cmake/export_lio_sam__rosidl_typesupport_fastrtps_cppExport.cmake
[16.440s] -- Up-to-date: /home/hdm/LIO-SAM/install/lio_sam/share/lio_sam/cmake/export_lio_sam__rosidl_typesupport_fastrtps_cppExport-release.cmake
[16.440s] -- Up-to-date: /home/hdm/LIO-SAM/install/lio_sam/share/lio_sam/cmake/lio_sam__rosidl_typesupport_introspection_cppExport.cmake
[16.441s] -- Up-to-date: /home/hdm/LIO-SAM/install/lio_sam/share/lio_sam/cmake/lio_sam__rosidl_typesupport_introspection_cppExport-release.cmake
[16.442s] -- Up-to-date: /home/hdm/LIO-SAM/install/lio_sam/share/lio_sam/cmake/lio_sam__rosidl_typesupport_cppExport.cmake
[16.442s] -- Up-to-date: /home/hdm/LIO-SAM/install/lio_sam/share/lio_sam/cmake/lio_sam__rosidl_typesupport_cppExport-release.cmake
[16.443s] -- Up-to-date: /home/hdm/LIO-SAM/install/lio_sam/share/lio_sam/cmake/export_lio_sam__rosidl_generator_pyExport.cmake
[16.444s] -- Up-to-date: /home/hdm/LIO-SAM/install/lio_sam/share/lio_sam/cmake/export_lio_sam__rosidl_generator_pyExport-release.cmake
[16.446s] -- Up-to-date: /home/hdm/LIO-SAM/install/lio_sam/share/lio_sam/cmake/rosidl_cmake-extras.cmake
[16.447s] -- Up-to-date: /home/hdm/LIO-SAM/install/lio_sam/share/lio_sam/cmake/ament_cmake_export_dependencies-extras.cmake
[16.447s] -- Up-to-date: /home/hdm/LIO-SAM/install/lio_sam/share/lio_sam/cmake/ament_cmake_export_include_directories-extras.cmake
[16.448s] -- Up-to-date: /home/hdm/LIO-SAM/install/lio_sam/share/lio_sam/cmake/ament_cmake_export_libraries-extras.cmake
[16.448s] -- Up-to-date: /home/hdm/LIO-SAM/install/lio_sam/share/lio_sam/cmake/ament_cmake_export_targets-extras.cmake
[16.449s] -- Up-to-date: /home/hdm/LIO-SAM/install/lio_sam/share/lio_sam/cmake/rosidl_cmake_export_typesupport_targets-extras.cmake
[16.450s] -- Up-to-date: /home/hdm/LIO-SAM/install/lio_sam/share/lio_sam/cmake/rosidl_cmake_export_typesupport_libraries-extras.cmake
[16.451s] -- Up-to-date: /home/hdm/LIO-SAM/install/lio_sam/share/lio_sam/cmake/lio_samConfig.cmake
[16.452s] -- Up-to-date: /home/hdm/LIO-SAM/install/lio_sam/share/lio_sam/cmake/lio_samConfig-version.cmake
[16.453s] -- Up-to-date: /home/hdm/LIO-SAM/install/lio_sam/share/lio_sam/package.xml
[16.454s] Invoked command in '/home/hdm/LIO-SAM/build/lio_sam' returned '0': CMAKE_PREFIX_PATH=${CMAKE_PREFIX_PATH}:/opt/ros/humble /usr/bin/cmake --install /home/hdm/LIO-SAM/build/lio_sam
