[0.037s] Invoking command in '/home/korey/Desktop/lio-sam_simulation_navigation/build/pointcloud_to_laserscan': CMAKE_PREFIX_PATH=/opt/ros/foxy CONDA_PROMPT_MODIFIER=(base) /home/korey/.local/bin/cmake --build /home/korey/Desktop/lio-sam_simulation_navigation/build/pointcloud_to_laserscan -- -j12 -l12
[0.102s] [ 20%] Built target laserscan_to_pointcloud_node
[0.106s] [ 40%] Built target pointcloud_to_laserscan_node
[0.106s] [ 60%] Built target laserscan_to_pointcloud
[0.130s] [ 80%] Built target pointcloud_to_laserscan
[0.145s] [100%] Built target dummy_pointcloud_publisher
[0.183s] Invoked command in '/home/korey/Desktop/lio-sam_simulation_navigation/build/pointcloud_to_laserscan' returned '0': CMAKE_PREFIX_PATH=/opt/ros/foxy CONDA_PROMPT_MODIFIER=(base) /home/korey/.local/bin/cmake --build /home/korey/Desktop/lio-sam_simulation_navigation/build/pointcloud_to_laserscan -- -j12 -l12
[0.187s] Invoking command in '/home/korey/Desktop/lio-sam_simulation_navigation/build/pointcloud_to_laserscan': CMAKE_PREFIX_PATH=/opt/ros/foxy CONDA_PROMPT_MODIFIER=(base) /home/korey/.local/bin/cmake --install /home/korey/Desktop/lio-sam_simulation_navigation/build/pointcloud_to_laserscan
[0.215s] -- Install configuration: ""
[0.216s] -- Execute custom install script
[0.217s] -- Up-to-date symlink: /home/korey/Desktop/lio-sam_simulation_navigation/install/pointcloud_to_laserscan/lib/pointcloud_to_laserscan/laserscan_to_pointcloud_node
[0.217s] -- Up-to-date symlink: /home/korey/Desktop/lio-sam_simulation_navigation/install/pointcloud_to_laserscan/lib/pointcloud_to_laserscan/pointcloud_to_laserscan_node
[0.218s] -- Up-to-date symlink: /home/korey/Desktop/lio-sam_simulation_navigation/install/pointcloud_to_laserscan/include/pointcloud_to_laserscan/laserscan_to_pointcloud_node.hpp
[0.218s] -- Up-to-date symlink: /home/korey/Desktop/lio-sam_simulation_navigation/install/pointcloud_to_laserscan/include/pointcloud_to_laserscan/pointcloud_to_laserscan_node.hpp
[0.218s] -- Up-to-date symlink: /home/korey/Desktop/lio-sam_simulation_navigation/install/pointcloud_to_laserscan/include/pointcloud_to_laserscan/visibility_control.h
[0.218s] -- Up-to-date symlink: /home/korey/Desktop/lio-sam_simulation_navigation/install/pointcloud_to_laserscan/share/pointcloud_to_laserscan/environment/library_path.sh
[0.218s] -- Up-to-date symlink: /home/korey/Desktop/lio-sam_simulation_navigation/install/pointcloud_to_laserscan/share/pointcloud_to_laserscan/environment/library_path.dsv
[0.219s] -- Up-to-date symlink: /home/korey/Desktop/lio-sam_simulation_navigation/install/pointcloud_to_laserscan/lib/liblaserscan_to_pointcloud.so
[0.219s] -- Up-to-date symlink: /home/korey/Desktop/lio-sam_simulation_navigation/install/pointcloud_to_laserscan/lib/libpointcloud_to_laserscan.so
[0.219s] -- Up-to-date symlink: /home/korey/Desktop/lio-sam_simulation_navigation/install/pointcloud_to_laserscan/lib/pointcloud_to_laserscan/dummy_pointcloud_publisher
[0.219s] -- Up-to-date symlink: /home/korey/Desktop/lio-sam_simulation_navigation/install/pointcloud_to_laserscan/share/pointcloud_to_laserscan/launch/__pycache__/pointcloud_to_laserscan_launch.cpython-313.pyc
[0.220s] -- Up-to-date symlink: /home/korey/Desktop/lio-sam_simulation_navigation/install/pointcloud_to_laserscan/share/pointcloud_to_laserscan/launch/pointcloud_to_laserscan_launch.py
[0.220s] -- Up-to-date symlink: /home/korey/Desktop/lio-sam_simulation_navigation/install/pointcloud_to_laserscan/share/ament_index/resource_index/package_run_dependencies/pointcloud_to_laserscan
[0.220s] -- Up-to-date symlink: /home/korey/Desktop/lio-sam_simulation_navigation/install/pointcloud_to_laserscan/share/ament_index/resource_index/parent_prefix_path/pointcloud_to_laserscan
[0.220s] -- Up-to-date symlink: /home/korey/Desktop/lio-sam_simulation_navigation/install/pointcloud_to_laserscan/share/pointcloud_to_laserscan/environment/ament_prefix_path.sh
[0.221s] -- Up-to-date symlink: /home/korey/Desktop/lio-sam_simulation_navigation/install/pointcloud_to_laserscan/share/pointcloud_to_laserscan/environment/ament_prefix_path.dsv
[0.221s] -- Up-to-date symlink: /home/korey/Desktop/lio-sam_simulation_navigation/install/pointcloud_to_laserscan/share/pointcloud_to_laserscan/environment/path.sh
[0.221s] -- Up-to-date symlink: /home/korey/Desktop/lio-sam_simulation_navigation/install/pointcloud_to_laserscan/share/pointcloud_to_laserscan/environment/path.dsv
[0.221s] -- Up-to-date symlink: /home/korey/Desktop/lio-sam_simulation_navigation/install/pointcloud_to_laserscan/share/pointcloud_to_laserscan/local_setup.bash
[0.221s] -- Up-to-date symlink: /home/korey/Desktop/lio-sam_simulation_navigation/install/pointcloud_to_laserscan/share/pointcloud_to_laserscan/local_setup.sh
[0.222s] -- Up-to-date symlink: /home/korey/Desktop/lio-sam_simulation_navigation/install/pointcloud_to_laserscan/share/pointcloud_to_laserscan/local_setup.zsh
[0.223s] -- Up-to-date symlink: /home/korey/Desktop/lio-sam_simulation_navigation/install/pointcloud_to_laserscan/share/pointcloud_to_laserscan/local_setup.dsv
[0.223s] -- Symlinking: /home/korey/Desktop/lio-sam_simulation_navigation/install/pointcloud_to_laserscan/share/pointcloud_to_laserscan/package.dsv
[0.230s] -- Up-to-date symlink: /home/korey/Desktop/lio-sam_simulation_navigation/install/pointcloud_to_laserscan/share/ament_index/resource_index/packages/pointcloud_to_laserscan
[0.230s] -- Up-to-date symlink: /home/korey/Desktop/lio-sam_simulation_navigation/install/pointcloud_to_laserscan/share/ament_index/resource_index/rclcpp_components/pointcloud_to_laserscan
[0.231s] -- Up-to-date symlink: /home/korey/Desktop/lio-sam_simulation_navigation/install/pointcloud_to_laserscan/share/pointcloud_to_laserscan/cmake/ament_cmake_export_dependencies-extras.cmake
[0.231s] -- Up-to-date symlink: /home/korey/Desktop/lio-sam_simulation_navigation/install/pointcloud_to_laserscan/share/pointcloud_to_laserscan/cmake/ament_cmake_export_include_directories-extras.cmake
[0.231s] -- Up-to-date symlink: /home/korey/Desktop/lio-sam_simulation_navigation/install/pointcloud_to_laserscan/share/pointcloud_to_laserscan/cmake/ament_cmake_export_libraries-extras.cmake
[0.231s] -- Up-to-date symlink: /home/korey/Desktop/lio-sam_simulation_navigation/install/pointcloud_to_laserscan/share/pointcloud_to_laserscan/cmake/pointcloud_to_laserscanConfig.cmake
[0.232s] -- Up-to-date symlink: /home/korey/Desktop/lio-sam_simulation_navigation/install/pointcloud_to_laserscan/share/pointcloud_to_laserscan/cmake/pointcloud_to_laserscanConfig-version.cmake
[0.232s] -- Up-to-date symlink: /home/korey/Desktop/lio-sam_simulation_navigation/install/pointcloud_to_laserscan/share/pointcloud_to_laserscan/package.xml
[0.278s] Invoked command in '/home/korey/Desktop/lio-sam_simulation_navigation/build/pointcloud_to_laserscan' returned '0': CMAKE_PREFIX_PATH=/opt/ros/foxy CONDA_PROMPT_MODIFIER=(base) /home/korey/.local/bin/cmake --install /home/korey/Desktop/lio-sam_simulation_navigation/build/pointcloud_to_laserscan
