[0.031s] Invoking command in '/home/hdm/LIO-SAM/build/lio_sam': CMAKE_PREFIX_PATH=${CMAKE_PREFIX_PATH}:/opt/ros/humble CONDA_PROMPT_MODIFIER=(base) /usr/bin/cmake --build /home/hdm/LIO-SAM/build/lio_sam -- -j24 -l24
[0.113s] [35m[1mConsolidate compiler generated dependencies of target lio_sam__rosidl_generator_c[0m
[0.124s] [  0%] Built target ament_cmake_python_copy_lio_sam
[0.125s] [  2%] Built target lio_sam__cpp
[0.126s] [ 10%] Built target lio_sam__rosidl_generator_c
[0.131s] [35m[1mConsolidate compiler generated dependencies of target lio_sam__rosidl_typesupport_cpp[0m
[0.131s] [35m[1mConsolidate compiler generated dependencies of target lio_sam__rosidl_typesupport_introspection_cpp[0m
[0.132s] [35m[1mConsolidate compiler generated dependencies of target lio_sam__rosidl_typesupport_c[0m
[0.133s] [35m[1mConsolidate compiler generated dependencies of target lio_sam__rosidl_typesupport_fastrtps_cpp[0m
[0.138s] [35m[1mConsolidate compiler generated dependencies of target lio_sam__rosidl_typesupport_fastrtps_c[0m
[0.139s] [ 19%] Built target lio_sam__rosidl_typesupport_c
[0.139s] [35m[1mConsolidate compiler generated dependencies of target lio_sam__rosidl_typesupport_introspection_c[0m
[0.139s] [ 27%] Built target lio_sam__rosidl_typesupport_cpp
[0.142s] [ 36%] Built target lio_sam__rosidl_typesupport_fastrtps_cpp
[0.145s] [ 44%] Built target lio_sam__rosidl_typesupport_introspection_cpp
[0.150s] [ 53%] Built target lio_sam__rosidl_typesupport_introspection_c
[0.153s] [ 61%] Built target lio_sam__rosidl_typesupport_fastrtps_c
[0.166s] [ 61%] Built target lio_sam
[0.173s] [35m[1mConsolidate compiler generated dependencies of target lio_sam_featureExtraction[0m
[0.174s] [35m[1mConsolidate compiler generated dependencies of target lio_sam_imageProjection[0m
[0.175s] [35m[1mConsolidate compiler generated dependencies of target lio_sam_mapOptimization[0m
[0.179s] [ 63%] Built target lio_sam__py
[0.184s] [35m[1mConsolidate compiler generated dependencies of target lio_sam_imuPreintegration[0m
[0.184s] [35m[1mConsolidate compiler generated dependencies of target lio_sam__rosidl_generator_py[0m
[0.192s] [ 70%] Built target lio_sam__rosidl_generator_py
[0.197s] [35m[1mConsolidate compiler generated dependencies of target lio_sam__rosidl_typesupport_fastrtps_c__pyext[0m
[0.197s] [35m[1mConsolidate compiler generated dependencies of target lio_sam__rosidl_typesupport_introspection_c__pyext[0m
[0.197s] [35m[1mConsolidate compiler generated dependencies of target lio_sam__rosidl_typesupport_c__pyext[0m
[0.204s] [ 78%] Built target lio_sam__rosidl_typesupport_c__pyext
[0.204s] [ 78%] Built target lio_sam__rosidl_typesupport_introspection_c__pyext
[0.204s] [ 82%] Built target lio_sam_imageProjection
[0.208s] [ 87%] Built target lio_sam__rosidl_typesupport_fastrtps_c__pyext
[0.213s] [ 89%] [32mBuilding CXX object CMakeFiles/lio_sam_mapOptimization.dir/src/mapOptmization.cpp.o[0m
[0.214s] [ 93%] Built target lio_sam_featureExtraction
[0.220s] [ 97%] Built target lio_sam_imuPreintegration
[0.258s] running egg_info
[0.258s] writing lio_sam.egg-info/PKG-INFO
[0.258s] writing dependency_links to lio_sam.egg-info/dependency_links.txt
[0.259s] writing top-level names to lio_sam.egg-info/top_level.txt
[0.260s] reading manifest file 'lio_sam.egg-info/SOURCES.txt'
[0.260s] writing manifest file 'lio_sam.egg-info/SOURCES.txt'
[0.274s] [ 97%] Built target ament_cmake_python_build_lio_sam_egg
[1.364s] In file included from [01m[K/home/hdm/LIO-SAM/include/lio_sam/utility.hpp:40[m[K,
[1.364s]                  from [01m[K/home/hdm/LIO-SAM/src/mapOptmization.cpp:1[m[K:
[1.364s] [01m[K/opt/ros/humble/include/tf2_eigen/tf2_eigen/tf2_eigen.h:32:2:[m[K [01;35m[Kwarning: [m[K#warning This header is obsolete, please include tf2_eigen/tf2_eigen.hpp instead [[01;35m[K]8;;https://gcc.gnu.org/onlinedocs/gcc/Warning-Options.html#index-Wcpp-Wcpp]8;;[m[K]
[1.365s]    32 | #[01;35m[Kwarning[m[K This header is obsolete, please include tf2_eigen/tf2_eigen.hpp instead
[1.365s]       |  [01;35m[K^~~~~~~[m[K
[1.380s] In file included from [01m[K/home/hdm/LIO-SAM/include/lio_sam/utility.hpp:41[m[K,
[1.380s]                  from [01m[K/home/hdm/LIO-SAM/src/mapOptmization.cpp:1[m[K:
[1.381s] [01m[K/opt/ros/humble/include/tf2_geometry_msgs/tf2_geometry_msgs/tf2_geometry_msgs.h:35:2:[m[K [01;35m[Kwarning: [m[K#warning This header is obsolete, please include tf2_geometry_msgs/tf2_geometry_msgs.hpp instead [[01;35m[K]8;;https://gcc.gnu.org/onlinedocs/gcc/Warning-Options.html#index-Wcpp-Wcpp]8;;[m[K]
[1.381s]    35 | #[01;35m[Kwarning[m[K This header is obsolete, please include tf2_geometry_msgs/tf2_geometry_msgs.hpp instead
[1.381s]       |  [01;35m[K^~~~~~~[m[K
[32.560s] [100%] [32m[1mLinking CXX executable lio_sam_mapOptimization[0m
[32.943s] /usr/bin/ld: warning: libtbb.so.2, needed by /usr/lib/x86_64-linux-gnu/libopencv_core.so.4.5.4d, may conflict with libtbb.so.12
[33.049s] [100%] Built target lio_sam_mapOptimization
[33.059s] Invoked command in '/home/hdm/LIO-SAM/build/lio_sam' returned '0': CMAKE_PREFIX_PATH=${CMAKE_PREFIX_PATH}:/opt/ros/humble CONDA_PROMPT_MODIFIER=(base) /usr/bin/cmake --build /home/hdm/LIO-SAM/build/lio_sam -- -j24 -l24
[33.168s] Invoking command in '/home/hdm/LIO-SAM/build/lio_sam': CMAKE_PREFIX_PATH=${CMAKE_PREFIX_PATH}:/opt/ros/humble CONDA_PROMPT_MODIFIER=(base) /usr/bin/cmake --install /home/hdm/LIO-SAM/build/lio_sam
[33.179s] -- Install configuration: "Release"
[33.179s] -- Up-to-date: /home/hdm/LIO-SAM/install/lio_sam/share/ament_index/resource_index/rosidl_interfaces/lio_sam
[33.179s] -- Up-to-date: /home/hdm/LIO-SAM/install/lio_sam/include/lio_sam/lio_sam
[33.180s] -- Up-to-date: /home/hdm/LIO-SAM/install/lio_sam/include/lio_sam/lio_sam/msg
[33.180s] -- Up-to-date: /home/hdm/LIO-SAM/install/lio_sam/include/lio_sam/lio_sam/msg/detail
[33.181s] -- Up-to-date: /home/hdm/LIO-SAM/install/lio_sam/include/lio_sam/lio_sam/msg/detail/cloud_info__functions.h
[33.181s] -- Up-to-date: /home/hdm/LIO-SAM/install/lio_sam/include/lio_sam/lio_sam/msg/detail/cloud_info__type_support.h
[33.182s] -- Up-to-date: /home/hdm/LIO-SAM/install/lio_sam/include/lio_sam/lio_sam/msg/detail/cloud_info__struct.h
[33.182s] -- Up-to-date: /home/hdm/LIO-SAM/install/lio_sam/include/lio_sam/lio_sam/msg/detail/cloud_info__functions.c
[33.182s] -- Up-to-date: /home/hdm/LIO-SAM/install/lio_sam/include/lio_sam/lio_sam/msg/rosidl_generator_c__visibility_control.h
[33.183s] -- Up-to-date: /home/hdm/LIO-SAM/install/lio_sam/include/lio_sam/lio_sam/msg/cloud_info.h
[33.183s] -- Up-to-date: /home/hdm/LIO-SAM/install/lio_sam/include/lio_sam/lio_sam/srv
[33.183s] -- Up-to-date: /home/hdm/LIO-SAM/install/lio_sam/include/lio_sam/lio_sam/srv/detail
[33.184s] -- Up-to-date: /home/hdm/LIO-SAM/install/lio_sam/include/lio_sam/lio_sam/srv/detail/save_map__struct.h
[33.184s] -- Up-to-date: /home/hdm/LIO-SAM/install/lio_sam/include/lio_sam/lio_sam/srv/detail/save_map__type_support.h
[33.184s] -- Up-to-date: /home/hdm/LIO-SAM/install/lio_sam/include/lio_sam/lio_sam/srv/detail/save_map__functions.h
[33.184s] -- Up-to-date: /home/hdm/LIO-SAM/install/lio_sam/include/lio_sam/lio_sam/srv/detail/save_map__functions.c
[33.185s] -- Up-to-date: /home/hdm/LIO-SAM/install/lio_sam/include/lio_sam/lio_sam/srv/save_map.h
[33.185s] -- Up-to-date: /home/hdm/LIO-SAM/install/lio_sam/share/lio_sam/environment/library_path.sh
[33.185s] -- Up-to-date: /home/hdm/LIO-SAM/install/lio_sam/share/lio_sam/environment/library_path.dsv
[33.185s] -- Up-to-date: /home/hdm/LIO-SAM/install/lio_sam/lib/liblio_sam__rosidl_generator_c.so
[33.186s] -- Up-to-date: /home/hdm/LIO-SAM/install/lio_sam/include/lio_sam/lio_sam
[33.186s] -- Up-to-date: /home/hdm/LIO-SAM/install/lio_sam/include/lio_sam/lio_sam/msg
[33.186s] -- Up-to-date: /home/hdm/LIO-SAM/install/lio_sam/include/lio_sam/lio_sam/msg/detail
[33.186s] -- Up-to-date: /home/hdm/LIO-SAM/install/lio_sam/include/lio_sam/lio_sam/msg/detail/cloud_info__rosidl_typesupport_fastrtps_c.h
[33.187s] -- Up-to-date: /home/hdm/LIO-SAM/install/lio_sam/include/lio_sam/lio_sam/msg/rosidl_typesupport_fastrtps_c__visibility_control.h
[33.187s] -- Up-to-date: /home/hdm/LIO-SAM/install/lio_sam/include/lio_sam/lio_sam/srv
[33.187s] -- Up-to-date: /home/hdm/LIO-SAM/install/lio_sam/include/lio_sam/lio_sam/srv/detail
[33.187s] -- Up-to-date: /home/hdm/LIO-SAM/install/lio_sam/include/lio_sam/lio_sam/srv/detail/save_map__rosidl_typesupport_fastrtps_c.h
[33.188s] -- Up-to-date: /home/hdm/LIO-SAM/install/lio_sam/lib/liblio_sam__rosidl_typesupport_fastrtps_c.so
[33.188s] -- Up-to-date: /home/hdm/LIO-SAM/install/lio_sam/include/lio_sam/lio_sam
[33.188s] -- Up-to-date: /home/hdm/LIO-SAM/install/lio_sam/include/lio_sam/lio_sam/msg
[33.189s] -- Up-to-date: /home/hdm/LIO-SAM/install/lio_sam/include/lio_sam/lio_sam/msg/detail
[33.189s] -- Up-to-date: /home/hdm/LIO-SAM/install/lio_sam/include/lio_sam/lio_sam/msg/detail/cloud_info__type_support.c
[33.189s] -- Up-to-date: /home/hdm/LIO-SAM/install/lio_sam/include/lio_sam/lio_sam/msg/detail/cloud_info__rosidl_typesupport_introspection_c.h
[33.189s] -- Up-to-date: /home/hdm/LIO-SAM/install/lio_sam/include/lio_sam/lio_sam/msg/rosidl_typesupport_introspection_c__visibility_control.h
[33.190s] -- Up-to-date: /home/hdm/LIO-SAM/install/lio_sam/include/lio_sam/lio_sam/srv
[33.190s] -- Up-to-date: /home/hdm/LIO-SAM/install/lio_sam/include/lio_sam/lio_sam/srv/detail
[33.190s] -- Up-to-date: /home/hdm/LIO-SAM/install/lio_sam/include/lio_sam/lio_sam/srv/detail/save_map__rosidl_typesupport_introspection_c.h
[33.190s] -- Up-to-date: /home/hdm/LIO-SAM/install/lio_sam/include/lio_sam/lio_sam/srv/detail/save_map__type_support.c
[33.191s] -- Up-to-date: /home/hdm/LIO-SAM/install/lio_sam/lib/liblio_sam__rosidl_typesupport_introspection_c.so
[33.191s] -- Up-to-date: /home/hdm/LIO-SAM/install/lio_sam/lib/liblio_sam__rosidl_typesupport_c.so
[33.191s] -- Up-to-date: /home/hdm/LIO-SAM/install/lio_sam/include/lio_sam/lio_sam
[33.191s] -- Up-to-date: /home/hdm/LIO-SAM/install/lio_sam/include/lio_sam/lio_sam/msg
[33.192s] -- Up-to-date: /home/hdm/LIO-SAM/install/lio_sam/include/lio_sam/lio_sam/msg/detail
[33.192s] -- Up-to-date: /home/hdm/LIO-SAM/install/lio_sam/include/lio_sam/lio_sam/msg/detail/cloud_info__builder.hpp
[33.192s] -- Up-to-date: /home/hdm/LIO-SAM/install/lio_sam/include/lio_sam/lio_sam/msg/detail/cloud_info__traits.hpp
[33.192s] -- Up-to-date: /home/hdm/LIO-SAM/install/lio_sam/include/lio_sam/lio_sam/msg/detail/cloud_info__struct.hpp
[33.193s] -- Up-to-date: /home/hdm/LIO-SAM/install/lio_sam/include/lio_sam/lio_sam/msg/cloud_info.hpp
[33.193s] -- Up-to-date: /home/hdm/LIO-SAM/install/lio_sam/include/lio_sam/lio_sam/srv
[33.193s] -- Up-to-date: /home/hdm/LIO-SAM/install/lio_sam/include/lio_sam/lio_sam/srv/save_map.hpp
[33.194s] -- Up-to-date: /home/hdm/LIO-SAM/install/lio_sam/include/lio_sam/lio_sam/srv/detail
[33.194s] -- Up-to-date: /home/hdm/LIO-SAM/install/lio_sam/include/lio_sam/lio_sam/srv/detail/save_map__struct.hpp
[33.194s] -- Up-to-date: /home/hdm/LIO-SAM/install/lio_sam/include/lio_sam/lio_sam/srv/detail/save_map__builder.hpp
[33.194s] -- Up-to-date: /home/hdm/LIO-SAM/install/lio_sam/include/lio_sam/lio_sam/srv/detail/save_map__traits.hpp
[33.195s] -- Up-to-date: /home/hdm/LIO-SAM/install/lio_sam/include/lio_sam/lio_sam
[33.195s] -- Up-to-date: /home/hdm/LIO-SAM/install/lio_sam/include/lio_sam/lio_sam/msg
[33.195s] -- Up-to-date: /home/hdm/LIO-SAM/install/lio_sam/include/lio_sam/lio_sam/msg/rosidl_typesupport_fastrtps_cpp__visibility_control.h
[33.195s] -- Up-to-date: /home/hdm/LIO-SAM/install/lio_sam/include/lio_sam/lio_sam/msg/detail
[33.196s] -- Up-to-date: /home/hdm/LIO-SAM/install/lio_sam/include/lio_sam/lio_sam/msg/detail/cloud_info__rosidl_typesupport_fastrtps_cpp.hpp
[33.196s] -- Up-to-date: /home/hdm/LIO-SAM/install/lio_sam/include/lio_sam/lio_sam/msg/detail/dds_fastrtps
[33.196s] -- Up-to-date: /home/hdm/LIO-SAM/install/lio_sam/include/lio_sam/lio_sam/srv
[33.196s] -- Up-to-date: /home/hdm/LIO-SAM/install/lio_sam/include/lio_sam/lio_sam/srv/detail
[33.197s] -- Up-to-date: /home/hdm/LIO-SAM/install/lio_sam/include/lio_sam/lio_sam/srv/detail/save_map__rosidl_typesupport_fastrtps_cpp.hpp
[33.197s] -- Up-to-date: /home/hdm/LIO-SAM/install/lio_sam/include/lio_sam/lio_sam/srv/detail/dds_fastrtps
[33.197s] -- Up-to-date: /home/hdm/LIO-SAM/install/lio_sam/lib/liblio_sam__rosidl_typesupport_fastrtps_cpp.so
[33.198s] -- Up-to-date: /home/hdm/LIO-SAM/install/lio_sam/include/lio_sam/lio_sam
[33.198s] -- Up-to-date: /home/hdm/LIO-SAM/install/lio_sam/include/lio_sam/lio_sam/msg
[33.198s] -- Up-to-date: /home/hdm/LIO-SAM/install/lio_sam/include/lio_sam/lio_sam/msg/detail
[33.198s] -- Up-to-date: /home/hdm/LIO-SAM/install/lio_sam/include/lio_sam/lio_sam/msg/detail/cloud_info__rosidl_typesupport_introspection_cpp.hpp
[33.199s] -- Up-to-date: /home/hdm/LIO-SAM/install/lio_sam/include/lio_sam/lio_sam/msg/detail/cloud_info__type_support.cpp
[33.199s] -- Up-to-date: /home/hdm/LIO-SAM/install/lio_sam/include/lio_sam/lio_sam/srv
[33.199s] -- Up-to-date: /home/hdm/LIO-SAM/install/lio_sam/include/lio_sam/lio_sam/srv/detail
[33.199s] -- Up-to-date: /home/hdm/LIO-SAM/install/lio_sam/include/lio_sam/lio_sam/srv/detail/save_map__rosidl_typesupport_introspection_cpp.hpp
[33.200s] -- Up-to-date: /home/hdm/LIO-SAM/install/lio_sam/include/lio_sam/lio_sam/srv/detail/save_map__type_support.cpp
[33.200s] -- Up-to-date: /home/hdm/LIO-SAM/install/lio_sam/lib/liblio_sam__rosidl_typesupport_introspection_cpp.so
[33.200s] -- Up-to-date: /home/hdm/LIO-SAM/install/lio_sam/lib/liblio_sam__rosidl_typesupport_cpp.so
[33.200s] -- Up-to-date: /home/hdm/LIO-SAM/install/lio_sam/share/lio_sam/environment/pythonpath.sh
[33.201s] -- Up-to-date: /home/hdm/LIO-SAM/install/lio_sam/share/lio_sam/environment/pythonpath.dsv
[33.201s] -- Up-to-date: /home/hdm/LIO-SAM/install/lio_sam/local/lib/python3.10/dist-packages/lio_sam-1.0.0-py3.10.egg-info
[33.201s] -- Installing: /home/hdm/LIO-SAM/install/lio_sam/local/lib/python3.10/dist-packages/lio_sam-1.0.0-py3.10.egg-info/dependency_links.txt
[33.201s] -- Installing: /home/hdm/LIO-SAM/install/lio_sam/local/lib/python3.10/dist-packages/lio_sam-1.0.0-py3.10.egg-info/top_level.txt
[33.202s] -- Installing: /home/hdm/LIO-SAM/install/lio_sam/local/lib/python3.10/dist-packages/lio_sam-1.0.0-py3.10.egg-info/PKG-INFO
[33.202s] -- Installing: /home/hdm/LIO-SAM/install/lio_sam/local/lib/python3.10/dist-packages/lio_sam-1.0.0-py3.10.egg-info/SOURCES.txt
[33.202s] -- Up-to-date: /home/hdm/LIO-SAM/install/lio_sam/local/lib/python3.10/dist-packages/lio_sam
[33.203s] -- Up-to-date: /home/hdm/LIO-SAM/install/lio_sam/local/lib/python3.10/dist-packages/lio_sam/__init__.py
[33.203s] -- Up-to-date: /home/hdm/LIO-SAM/install/lio_sam/local/lib/python3.10/dist-packages/lio_sam/msg
[33.203s] -- Up-to-date: /home/hdm/LIO-SAM/install/lio_sam/local/lib/python3.10/dist-packages/lio_sam/msg/__init__.py
[33.203s] -- Up-to-date: /home/hdm/LIO-SAM/install/lio_sam/local/lib/python3.10/dist-packages/lio_sam/msg/_cloud_info.py
[33.204s] -- Up-to-date: /home/hdm/LIO-SAM/install/lio_sam/local/lib/python3.10/dist-packages/lio_sam/msg/_cloud_info_s.c
[33.204s] -- Up-to-date: /home/hdm/LIO-SAM/install/lio_sam/local/lib/python3.10/dist-packages/lio_sam/_lio_sam_s.ep.rosidl_typesupport_c.c
[33.204s] -- Up-to-date: /home/hdm/LIO-SAM/install/lio_sam/local/lib/python3.10/dist-packages/lio_sam/liblio_sam__rosidl_generator_py.so
[33.204s] -- Up-to-date: /home/hdm/LIO-SAM/install/lio_sam/local/lib/python3.10/dist-packages/lio_sam/lio_sam_s__rosidl_typesupport_introspection_c.cpython-310-x86_64-linux-gnu.so
[33.205s] -- Up-to-date: /home/hdm/LIO-SAM/install/lio_sam/local/lib/python3.10/dist-packages/lio_sam/lio_sam_s__rosidl_typesupport_c.cpython-310-x86_64-linux-gnu.so
[33.205s] -- Up-to-date: /home/hdm/LIO-SAM/install/lio_sam/local/lib/python3.10/dist-packages/lio_sam/_lio_sam_s.ep.rosidl_typesupport_fastrtps_c.c
[33.205s] -- Up-to-date: /home/hdm/LIO-SAM/install/lio_sam/local/lib/python3.10/dist-packages/lio_sam/_lio_sam_s.ep.rosidl_typesupport_introspection_c.c
[33.205s] -- Up-to-date: /home/hdm/LIO-SAM/install/lio_sam/local/lib/python3.10/dist-packages/lio_sam/srv
[33.206s] -- Up-to-date: /home/hdm/LIO-SAM/install/lio_sam/local/lib/python3.10/dist-packages/lio_sam/srv/__init__.py
[33.206s] -- Up-to-date: /home/hdm/LIO-SAM/install/lio_sam/local/lib/python3.10/dist-packages/lio_sam/srv/_save_map.py
[33.206s] -- Up-to-date: /home/hdm/LIO-SAM/install/lio_sam/local/lib/python3.10/dist-packages/lio_sam/srv/_save_map_s.c
[33.206s] -- Up-to-date: /home/hdm/LIO-SAM/install/lio_sam/local/lib/python3.10/dist-packages/lio_sam/lio_sam_s__rosidl_typesupport_fastrtps_c.cpython-310-x86_64-linux-gnu.so
[33.209s] Listing '/home/hdm/LIO-SAM/install/lio_sam/local/lib/python3.10/dist-packages/lio_sam'...
[33.209s] Listing '/home/hdm/LIO-SAM/install/lio_sam/local/lib/python3.10/dist-packages/lio_sam/msg'...
[33.209s] Listing '/home/hdm/LIO-SAM/install/lio_sam/local/lib/python3.10/dist-packages/lio_sam/srv'...
[33.212s] -- Up-to-date: /home/hdm/LIO-SAM/install/lio_sam/local/lib/python3.10/dist-packages/lio_sam/lio_sam_s__rosidl_typesupport_fastrtps_c.cpython-310-x86_64-linux-gnu.so
[33.212s] -- Up-to-date: /home/hdm/LIO-SAM/install/lio_sam/local/lib/python3.10/dist-packages/lio_sam/lio_sam_s__rosidl_typesupport_introspection_c.cpython-310-x86_64-linux-gnu.so
[33.213s] -- Up-to-date: /home/hdm/LIO-SAM/install/lio_sam/local/lib/python3.10/dist-packages/lio_sam/lio_sam_s__rosidl_typesupport_c.cpython-310-x86_64-linux-gnu.so
[33.213s] -- Up-to-date: /home/hdm/LIO-SAM/install/lio_sam/lib/liblio_sam__rosidl_generator_py.so
[33.214s] -- Up-to-date: /home/hdm/LIO-SAM/install/lio_sam/share/lio_sam/msg/CloudInfo.idl
[33.214s] -- Up-to-date: /home/hdm/LIO-SAM/install/lio_sam/share/lio_sam/srv/SaveMap.idl
[33.214s] -- Up-to-date: /home/hdm/LIO-SAM/install/lio_sam/share/lio_sam/msg/CloudInfo.msg
[33.215s] -- Up-to-date: /home/hdm/LIO-SAM/install/lio_sam/share/lio_sam/srv/SaveMap.srv
[33.215s] -- Up-to-date: /home/hdm/LIO-SAM/install/lio_sam/share/lio_sam/srv/SaveMap_Request.msg
[33.215s] -- Up-to-date: /home/hdm/LIO-SAM/install/lio_sam/share/lio_sam/srv/SaveMap_Response.msg
[33.215s] -- Up-to-date: /home/hdm/LIO-SAM/install/lio_sam/share/lio_sam//launch
[33.216s] -- Installing: /home/hdm/LIO-SAM/install/lio_sam/share/lio_sam//launch/run.launch.py
[33.216s] -- Up-to-date: /home/hdm/LIO-SAM/install/lio_sam/share/lio_sam//config
[33.216s] -- Up-to-date: /home/hdm/LIO-SAM/install/lio_sam/share/lio_sam//config/robot.urdf.xacro
[33.216s] -- Up-to-date: /home/hdm/LIO-SAM/install/lio_sam/share/lio_sam//config/params.yaml
[33.217s] -- Up-to-date: /home/hdm/LIO-SAM/install/lio_sam/share/lio_sam//config/rviz2.rviz
[33.217s] -- Up-to-date: /home/hdm/LIO-SAM/install/lio_sam/share/lio_sam//config/doc
[33.217s] -- Up-to-date: /home/hdm/LIO-SAM/install/lio_sam/share/lio_sam//config/doc/loop-closure.gif
[33.217s] -- Up-to-date: /home/hdm/LIO-SAM/install/lio_sam/share/lio_sam//config/doc/imu-debug.gif
[33.218s] -- Up-to-date: /home/hdm/LIO-SAM/install/lio_sam/share/lio_sam//config/doc/system.png
[33.218s] -- Up-to-date: /home/hdm/LIO-SAM/install/lio_sam/share/lio_sam//config/doc/paper.pdf
[33.218s] -- Up-to-date: /home/hdm/LIO-SAM/install/lio_sam/share/lio_sam//config/doc/gps-demo.gif
[33.219s] -- Up-to-date: /home/hdm/LIO-SAM/install/lio_sam/share/lio_sam//config/doc/kitti-map.png
[33.219s] -- Up-to-date: /home/hdm/LIO-SAM/install/lio_sam/share/lio_sam//config/doc/device-jackal.png
[33.219s] -- Up-to-date: /home/hdm/LIO-SAM/install/lio_sam/share/lio_sam//config/doc/imu-transform.png
[33.220s] -- Up-to-date: /home/hdm/LIO-SAM/install/lio_sam/share/lio_sam//config/doc/ouster-demo.gif
[33.220s] -- Up-to-date: /home/hdm/LIO-SAM/install/lio_sam/share/lio_sam//config/doc/device-hand-2.png
[33.220s] -- Up-to-date: /home/hdm/LIO-SAM/install/lio_sam/share/lio_sam//config/doc/kitti2bag
[33.220s] -- Up-to-date: /home/hdm/LIO-SAM/install/lio_sam/share/lio_sam//config/doc/kitti2bag/README.md
[33.221s] -- Up-to-date: /home/hdm/LIO-SAM/install/lio_sam/share/lio_sam//config/doc/kitti2bag/kitti2bag.py
[33.221s] -- Up-to-date: /home/hdm/LIO-SAM/install/lio_sam/share/lio_sam//config/doc/device-hand.png
[33.221s] -- Up-to-date: /home/hdm/LIO-SAM/install/lio_sam/share/lio_sam//config/doc/demo.gif
[33.221s] -- Up-to-date: /home/hdm/LIO-SAM/install/lio_sam/share/lio_sam//config/doc/kitti-demo.gif
[33.222s] -- Up-to-date: /home/hdm/LIO-SAM/install/lio_sam/share/lio_sam//config/doc/device-boat.png
[33.222s] -- Up-to-date: /home/hdm/LIO-SAM/install/lio_sam/share/lio_sam//config/doc/ouster-device.jpg
[33.223s] -- Up-to-date: /home/hdm/LIO-SAM/install/lio_sam/share/lio_sam//config/doc/loop-closure-2.gif
[33.223s] -- Up-to-date: /home/hdm/LIO-SAM/install/lio_sam/lib/lio_sam/lio_sam_imageProjection
[33.223s] -- Up-to-date: /home/hdm/LIO-SAM/install/lio_sam/lib/lio_sam/lio_sam_imuPreintegration
[33.224s] -- Up-to-date: /home/hdm/LIO-SAM/install/lio_sam/lib/lio_sam/lio_sam_featureExtraction
[33.226s] -- Installing: /home/hdm/LIO-SAM/install/lio_sam/lib/lio_sam/lio_sam_mapOptimization
[33.226s] -- Set runtime path of "/home/hdm/LIO-SAM/install/lio_sam/lib/lio_sam/lio_sam_mapOptimization" to ""
[33.227s] -- Up-to-date: /home/hdm/LIO-SAM/install/lio_sam/include
[33.229s] -- Up-to-date: /home/hdm/LIO-SAM/install/lio_sam/include/lio_sam
[33.230s] -- Up-to-date: /home/hdm/LIO-SAM/install/lio_sam/include/lio_sam/utility.hpp
[33.231s] -- Up-to-date: /home/hdm/LIO-SAM/install/lio_sam/share/ament_index/resource_index/package_run_dependencies/lio_sam
[33.232s] -- Up-to-date: /home/hdm/LIO-SAM/install/lio_sam/share/ament_index/resource_index/parent_prefix_path/lio_sam
[33.233s] -- Up-to-date: /home/hdm/LIO-SAM/install/lio_sam/share/lio_sam/environment/ament_prefix_path.sh
[33.234s] -- Up-to-date: /home/hdm/LIO-SAM/install/lio_sam/share/lio_sam/environment/ament_prefix_path.dsv
[33.235s] -- Up-to-date: /home/hdm/LIO-SAM/install/lio_sam/share/lio_sam/environment/path.sh
[33.235s] -- Up-to-date: /home/hdm/LIO-SAM/install/lio_sam/share/lio_sam/environment/path.dsv
[33.236s] -- Up-to-date: /home/hdm/LIO-SAM/install/lio_sam/share/lio_sam/local_setup.bash
[33.237s] -- Up-to-date: /home/hdm/LIO-SAM/install/lio_sam/share/lio_sam/local_setup.sh
[33.238s] -- Up-to-date: /home/hdm/LIO-SAM/install/lio_sam/share/lio_sam/local_setup.zsh
[33.239s] -- Up-to-date: /home/hdm/LIO-SAM/install/lio_sam/share/lio_sam/local_setup.dsv
[33.240s] -- Installing: /home/hdm/LIO-SAM/install/lio_sam/share/lio_sam/package.dsv
[33.242s] -- Up-to-date: /home/hdm/LIO-SAM/install/lio_sam/share/ament_index/resource_index/packages/lio_sam
[33.243s] -- Up-to-date: /home/hdm/LIO-SAM/install/lio_sam/share/lio_sam/cmake/export_lio_sam__rosidl_generator_cExport.cmake
[33.244s] -- Up-to-date: /home/hdm/LIO-SAM/install/lio_sam/share/lio_sam/cmake/export_lio_sam__rosidl_generator_cExport-release.cmake
[33.245s] -- Up-to-date: /home/hdm/LIO-SAM/install/lio_sam/share/lio_sam/cmake/export_lio_sam__rosidl_typesupport_fastrtps_cExport.cmake
[33.246s] -- Up-to-date: /home/hdm/LIO-SAM/install/lio_sam/share/lio_sam/cmake/export_lio_sam__rosidl_typesupport_fastrtps_cExport-release.cmake
[33.248s] -- Up-to-date: /home/hdm/LIO-SAM/install/lio_sam/share/lio_sam/cmake/lio_sam__rosidl_typesupport_introspection_cExport.cmake
[33.249s] -- Up-to-date: /home/hdm/LIO-SAM/install/lio_sam/share/lio_sam/cmake/lio_sam__rosidl_typesupport_introspection_cExport-release.cmake
[33.250s] -- Up-to-date: /home/hdm/LIO-SAM/install/lio_sam/share/lio_sam/cmake/lio_sam__rosidl_typesupport_cExport.cmake
[33.252s] -- Up-to-date: /home/hdm/LIO-SAM/install/lio_sam/share/lio_sam/cmake/lio_sam__rosidl_typesupport_cExport-release.cmake
[33.252s] -- Up-to-date: /home/hdm/LIO-SAM/install/lio_sam/share/lio_sam/cmake/export_lio_sam__rosidl_generator_cppExport.cmake
[33.253s] -- Up-to-date: /home/hdm/LIO-SAM/install/lio_sam/share/lio_sam/cmake/export_lio_sam__rosidl_typesupport_fastrtps_cppExport.cmake
[33.253s] -- Up-to-date: /home/hdm/LIO-SAM/install/lio_sam/share/lio_sam/cmake/export_lio_sam__rosidl_typesupport_fastrtps_cppExport-release.cmake
[33.254s] -- Up-to-date: /home/hdm/LIO-SAM/install/lio_sam/share/lio_sam/cmake/lio_sam__rosidl_typesupport_introspection_cppExport.cmake
[33.254s] -- Up-to-date: /home/hdm/LIO-SAM/install/lio_sam/share/lio_sam/cmake/lio_sam__rosidl_typesupport_introspection_cppExport-release.cmake
[33.254s] -- Up-to-date: /home/hdm/LIO-SAM/install/lio_sam/share/lio_sam/cmake/lio_sam__rosidl_typesupport_cppExport.cmake
[33.255s] -- Up-to-date: /home/hdm/LIO-SAM/install/lio_sam/share/lio_sam/cmake/lio_sam__rosidl_typesupport_cppExport-release.cmake
[33.255s] -- Up-to-date: /home/hdm/LIO-SAM/install/lio_sam/share/lio_sam/cmake/export_lio_sam__rosidl_generator_pyExport.cmake
[33.255s] -- Up-to-date: /home/hdm/LIO-SAM/install/lio_sam/share/lio_sam/cmake/export_lio_sam__rosidl_generator_pyExport-release.cmake
[33.256s] -- Up-to-date: /home/hdm/LIO-SAM/install/lio_sam/share/lio_sam/cmake/rosidl_cmake-extras.cmake
[33.256s] -- Up-to-date: /home/hdm/LIO-SAM/install/lio_sam/share/lio_sam/cmake/ament_cmake_export_dependencies-extras.cmake
[33.257s] -- Up-to-date: /home/hdm/LIO-SAM/install/lio_sam/share/lio_sam/cmake/ament_cmake_export_include_directories-extras.cmake
[33.257s] -- Up-to-date: /home/hdm/LIO-SAM/install/lio_sam/share/lio_sam/cmake/ament_cmake_export_libraries-extras.cmake
[33.258s] -- Up-to-date: /home/hdm/LIO-SAM/install/lio_sam/share/lio_sam/cmake/ament_cmake_export_targets-extras.cmake
[33.258s] -- Up-to-date: /home/hdm/LIO-SAM/install/lio_sam/share/lio_sam/cmake/rosidl_cmake_export_typesupport_targets-extras.cmake
[33.258s] -- Up-to-date: /home/hdm/LIO-SAM/install/lio_sam/share/lio_sam/cmake/rosidl_cmake_export_typesupport_libraries-extras.cmake
[33.259s] -- Up-to-date: /home/hdm/LIO-SAM/install/lio_sam/share/lio_sam/cmake/lio_samConfig.cmake
[33.260s] -- Up-to-date: /home/hdm/LIO-SAM/install/lio_sam/share/lio_sam/cmake/lio_samConfig-version.cmake
[33.260s] -- Up-to-date: /home/hdm/LIO-SAM/install/lio_sam/share/lio_sam/package.xml
[33.261s] Invoked command in '/home/hdm/LIO-SAM/build/lio_sam' returned '0': CMAKE_PREFIX_PATH=${CMAKE_PREFIX_PATH}:/opt/ros/humble CONDA_PROMPT_MODIFIER=(base) /usr/bin/cmake --install /home/hdm/LIO-SAM/build/lio_sam
