[0.032s] Invoking command in '/home/korey/Desktop/lio_nav2/build/robot_navigation2': CMAKE_PREFIX_PATH=/opt/ros/foxy /home/korey/.local/bin/cmake /home/korey/Desktop/lio_nav2/src/robot_navigation2 -DCMAKE_INSTALL_PREFIX=/home/korey/Desktop/lio_nav2/install/robot_navigation2
[0.144s] -- The C compiler identification is GNU 9.4.0
[0.212s] -- The CXX compiler identification is GNU 9.4.0
[0.226s] -- Detecting C compiler ABI info
[0.289s] -- Detecting C compiler ABI info - done
[0.301s] -- Check for working C compiler: /usr/bin/cc - skipped
[0.301s] -- Detecting C compile features
[0.302s] -- Detecting C compile features - done
[0.306s] -- Detecting CXX compiler ABI info
[0.377s] -- Detecting CXX compiler ABI info - done
[0.392s] -- Check for working CXX compiler: /usr/bin/c++ - skipped
[0.392s] -- Detecting CXX compile features
[0.393s] -- Detecting CXX compile features - done
[0.397s] -- Found ament_cmake: 0.9.12 (/opt/ros/foxy/share/ament_cmake/cmake)
[0.429s] -- Found PythonInterp: /usr/bin/python3 (found suitable version "3.8.10", minimum required is "3") 
[0.429s] -- Using PYTHON_EXECUTABLE: /usr/bin/python3
[0.836s] -- Found ament_cmake_auto: 0.9.12 (/opt/ros/foxy/share/ament_cmake_auto/cmake)
[0.916s] -- Found ament_lint_auto: 0.9.8 (/opt/ros/foxy/share/ament_lint_auto/cmake)
[0.946s] -- Added test 'copyright' to check source files copyright and LICENSE
[0.950s] -- Added test 'flake8' to check Python code syntax and style conventions
[0.952s] -- Added test 'lint_cmake' to check CMake code style
[0.952s] -- Added test 'pep257' to check Python code against some of the style conventions in PEP 257
[0.955s] -- Added test 'xmllint' to check XML markup files
[0.957s] -- Configuring done
[0.962s] -- Generating done
[0.966s] -- Build files have been written to: /home/korey/Desktop/lio_nav2/build/robot_navigation2
[0.977s] Invoked command in '/home/korey/Desktop/lio_nav2/build/robot_navigation2' returned '0': CMAKE_PREFIX_PATH=/opt/ros/foxy /home/korey/.local/bin/cmake /home/korey/Desktop/lio_nav2/src/robot_navigation2 -DCMAKE_INSTALL_PREFIX=/home/korey/Desktop/lio_nav2/install/robot_navigation2
[0.982s] Invoking command in '/home/korey/Desktop/lio_nav2/build/robot_navigation2': CMAKE_PREFIX_PATH=/opt/ros/foxy /home/korey/.local/bin/cmake --build /home/korey/Desktop/lio_nav2/build/robot_navigation2 -- -j12 -l12
[1.031s] Invoked command in '/home/korey/Desktop/lio_nav2/build/robot_navigation2' returned '0': CMAKE_PREFIX_PATH=/opt/ros/foxy /home/korey/.local/bin/cmake --build /home/korey/Desktop/lio_nav2/build/robot_navigation2 -- -j12 -l12
[1.067s] Invoking command in '/home/korey/Desktop/lio_nav2/build/robot_navigation2': CMAKE_PREFIX_PATH=/opt/ros/foxy /home/korey/.local/bin/cmake --install /home/korey/Desktop/lio_nav2/build/robot_navigation2
[1.093s] -- Install configuration: ""
[1.094s] -- Installing: /home/korey/Desktop/lio_nav2/install/robot_navigation2/share/robot_navigation2/environment/pythonpath.sh
[1.094s] -- Installing: /home/korey/Desktop/lio_nav2/install/robot_navigation2/share/robot_navigation2/environment/pythonpath.dsv
[1.094s] -- Installing: /home/korey/Desktop/lio_nav2/install/robot_navigation2/lib/python3.8/site-packages/script
[1.094s] -- Installing: /home/korey/Desktop/lio_nav2/install/robot_navigation2/lib/python3.8/site-packages/script/__init__.py
[1.126s] Listing '/home/korey/Desktop/lio_nav2/install/robot_navigation2/lib/python3.8/site-packages/script'...
[1.126s] Compiling '/home/korey/Desktop/lio_nav2/install/robot_navigation2/lib/python3.8/site-packages/script/__init__.py'...
[1.130s] -- Installing: /home/korey/Desktop/lio_nav2/install/robot_navigation2/share/robot_navigation2/launch
[1.130s] -- Installing: /home/korey/Desktop/lio_nav2/install/robot_navigation2/share/robot_navigation2/launch/navigation_launch.py
[1.131s] -- Installing: /home/korey/Desktop/lio_nav2/install/robot_navigation2/share/robot_navigation2/launch/localization_launch.py
[1.131s] -- Installing: /home/korey/Desktop/lio_nav2/install/robot_navigation2/share/robot_navigation2/launch/nav.launch.py
[1.132s] -- Installing: /home/korey/Desktop/lio_nav2/install/robot_navigation2/share/robot_navigation2/launch/__pycache__
[1.132s] -- Installing: /home/korey/Desktop/lio_nav2/install/robot_navigation2/share/robot_navigation2/launch/__pycache__/navigation2.launch.cpython-313.pyc
[1.132s] -- Installing: /home/korey/Desktop/lio_nav2/install/robot_navigation2/share/robot_navigation2/launch/rviz_launch.py
[1.132s] -- Installing: /home/korey/Desktop/lio_nav2/install/robot_navigation2/share/robot_navigation2/launch/map_server_launch.py
[1.132s] -- Installing: /home/korey/Desktop/lio_nav2/install/robot_navigation2/share/robot_navigation2/launch/navigation2.launch.py
[1.133s] -- Installing: /home/korey/Desktop/lio_nav2/install/robot_navigation2/share/robot_navigation2/launch/bring_launch.py
[1.133s] -- Installing: /home/korey/Desktop/lio_nav2/install/robot_navigation2/share/robot_navigation2/param
[1.133s] -- Installing: /home/korey/Desktop/lio_nav2/install/robot_navigation2/share/robot_navigation2/param/robot.yaml
[1.133s] -- Installing: /home/korey/Desktop/lio_nav2/install/robot_navigation2/share/robot_navigation2/maps
[1.133s] -- Installing: /home/korey/Desktop/lio_nav2/install/robot_navigation2/share/robot_navigation2/maps/my_map.yaml
[1.133s] -- Installing: /home/korey/Desktop/lio_nav2/install/robot_navigation2/share/robot_navigation2/maps/show_pgm.py
[1.134s] -- Installing: /home/korey/Desktop/lio_nav2/install/robot_navigation2/share/robot_navigation2/maps/my_map.pgm
[1.135s] -- Up-to-date: /home/korey/Desktop/lio_nav2/install/robot_navigation2/share/robot_navigation2/launch
[1.135s] -- Up-to-date: /home/korey/Desktop/lio_nav2/install/robot_navigation2/share/robot_navigation2/launch/navigation_launch.py
[1.135s] -- Up-to-date: /home/korey/Desktop/lio_nav2/install/robot_navigation2/share/robot_navigation2/launch/localization_launch.py
[1.135s] -- Up-to-date: /home/korey/Desktop/lio_nav2/install/robot_navigation2/share/robot_navigation2/launch/nav.launch.py
[1.135s] -- Up-to-date: /home/korey/Desktop/lio_nav2/install/robot_navigation2/share/robot_navigation2/launch/__pycache__
[1.135s] -- Up-to-date: /home/korey/Desktop/lio_nav2/install/robot_navigation2/share/robot_navigation2/launch/__pycache__/navigation2.launch.cpython-313.pyc
[1.135s] -- Up-to-date: /home/korey/Desktop/lio_nav2/install/robot_navigation2/share/robot_navigation2/launch/rviz_launch.py
[1.135s] -- Up-to-date: /home/korey/Desktop/lio_nav2/install/robot_navigation2/share/robot_navigation2/launch/map_server_launch.py
[1.135s] -- Up-to-date: /home/korey/Desktop/lio_nav2/install/robot_navigation2/share/robot_navigation2/launch/navigation2.launch.py
[1.136s] -- Up-to-date: /home/korey/Desktop/lio_nav2/install/robot_navigation2/share/robot_navigation2/launch/bring_launch.py
[1.136s] -- Installing: /home/korey/Desktop/lio_nav2/install/robot_navigation2/share/ament_index/resource_index/package_run_dependencies/robot_navigation2
[1.136s] -- Installing: /home/korey/Desktop/lio_nav2/install/robot_navigation2/share/ament_index/resource_index/parent_prefix_path/robot_navigation2
[1.136s] -- Installing: /home/korey/Desktop/lio_nav2/install/robot_navigation2/share/robot_navigation2/environment/ament_prefix_path.sh
[1.136s] -- Installing: /home/korey/Desktop/lio_nav2/install/robot_navigation2/share/robot_navigation2/environment/ament_prefix_path.dsv
[1.136s] -- Installing: /home/korey/Desktop/lio_nav2/install/robot_navigation2/share/robot_navigation2/environment/path.sh
[1.136s] -- Installing: /home/korey/Desktop/lio_nav2/install/robot_navigation2/share/robot_navigation2/environment/path.dsv
[1.136s] -- Installing: /home/korey/Desktop/lio_nav2/install/robot_navigation2/share/robot_navigation2/local_setup.bash
[1.136s] -- Installing: /home/korey/Desktop/lio_nav2/install/robot_navigation2/share/robot_navigation2/local_setup.sh
[1.137s] -- Installing: /home/korey/Desktop/lio_nav2/install/robot_navigation2/share/robot_navigation2/local_setup.zsh
[1.137s] -- Installing: /home/korey/Desktop/lio_nav2/install/robot_navigation2/share/robot_navigation2/local_setup.dsv
[1.137s] -- Installing: /home/korey/Desktop/lio_nav2/install/robot_navigation2/share/robot_navigation2/package.dsv
[1.137s] -- Installing: /home/korey/Desktop/lio_nav2/install/robot_navigation2/share/ament_index/resource_index/packages/robot_navigation2
[1.137s] -- Installing: /home/korey/Desktop/lio_nav2/install/robot_navigation2/share/robot_navigation2/cmake/robot_navigation2Config.cmake
[1.137s] -- Installing: /home/korey/Desktop/lio_nav2/install/robot_navigation2/share/robot_navigation2/cmake/robot_navigation2Config-version.cmake
[1.138s] -- Installing: /home/korey/Desktop/lio_nav2/install/robot_navigation2/share/robot_navigation2/package.xml
[1.145s] Invoked command in '/home/korey/Desktop/lio_nav2/build/robot_navigation2' returned '0': CMAKE_PREFIX_PATH=/opt/ros/foxy /home/korey/.local/bin/cmake --install /home/korey/Desktop/lio_nav2/build/robot_navigation2
