[0.035s] Invoking command in '/home/hdm/LIO-SAM/build/lio_sam': CMAKE_PREFIX_PATH=${CMAKE_PREFIX_PATH}:/opt/ros/humble /usr/bin/cmake --build /home/hdm/LIO-SAM/build/lio_sam -- -j24 -l24
[0.092s] [  2%] Built target lio_sam__cpp
[0.098s] [ 10%] Built target lio_sam__rosidl_generator_c
[0.105s] [ 19%] Built target lio_sam__rosidl_typesupport_cpp
[0.108s] [ 27%] Built target lio_sam__rosidl_typesupport_fastrtps_cpp
[0.109s] [ 27%] Built target ament_cmake_python_copy_lio_sam
[0.110s] [ 36%] Built target lio_sam__rosidl_typesupport_c
[0.111s] [ 44%] Built target lio_sam__rosidl_typesupport_fastrtps_c
[0.111s] [ 53%] Built target lio_sam__rosidl_typesupport_introspection_c
[0.114s] [ 61%] Built target lio_sam__rosidl_typesupport_introspection_cpp
[0.126s] [ 61%] Built target lio_sam
[0.137s] [35m[1mConsolidate compiler generated dependencies of target lio_sam_imageProjection[0m
[0.137s] [ 63%] Built target lio_sam__py
[0.146s] [ 68%] Built target lio_sam_featureExtraction
[0.149s] [ 74%] Built target lio_sam__rosidl_generator_py
[0.151s] [ 78%] Built target lio_sam_mapOptimization
[0.151s] [ 82%] Built target lio_sam_imuPreintegration
[0.155s] [ 85%] [32mBuilding CXX object CMakeFiles/lio_sam_imageProjection.dir/src/imageProjection.cpp.o[0m
[0.161s] [ 95%] Built target lio_sam__rosidl_typesupport_fastrtps_c__pyext
[0.161s] [ 97%] Built target lio_sam__rosidl_typesupport_introspection_c__pyext
[0.161s] [ 95%] Built target lio_sam__rosidl_typesupport_c__pyext
[0.248s] running egg_info
[0.249s] writing lio_sam.egg-info/PKG-INFO
[0.249s] writing dependency_links to lio_sam.egg-info/dependency_links.txt
[0.249s] writing top-level names to lio_sam.egg-info/top_level.txt
[0.250s] reading manifest file 'lio_sam.egg-info/SOURCES.txt'
[0.251s] writing manifest file 'lio_sam.egg-info/SOURCES.txt'
[0.268s] [ 97%] Built target ament_cmake_python_build_lio_sam_egg
[1.141s] In file included from [01m[K/home/hdm/LIO-SAM/include/lio_sam/utility.hpp:40[m[K,
[1.141s]                  from [01m[K/home/hdm/LIO-SAM/src/imageProjection.cpp:1[m[K:
[1.142s] [01m[K/opt/ros/humble/include/tf2_eigen/tf2_eigen/tf2_eigen.h:32:2:[m[K [01;35m[Kwarning: [m[K#warning This header is obsolete, please include tf2_eigen/tf2_eigen.hpp instead [[01;35m[K]8;;https://gcc.gnu.org/onlinedocs/gcc/Warning-Options.html#index-Wcpp-Wcpp]8;;[m[K]
[1.142s]    32 | #[01;35m[Kwarning[m[K This header is obsolete, please include tf2_eigen/tf2_eigen.hpp instead
[1.142s]       |  [01;35m[K^~~~~~~[m[K
[1.144s] In file included from [01m[K/home/hdm/LIO-SAM/include/lio_sam/utility.hpp:41[m[K,
[1.144s]                  from [01m[K/home/hdm/LIO-SAM/src/imageProjection.cpp:1[m[K:
[1.144s] [01m[K/opt/ros/humble/include/tf2_geometry_msgs/tf2_geometry_msgs/tf2_geometry_msgs.h:35:2:[m[K [01;35m[Kwarning: [m[K#warning This header is obsolete, please include tf2_geometry_msgs/tf2_geometry_msgs.hpp instead [[01;35m[K]8;;https://gcc.gnu.org/onlinedocs/gcc/Warning-Options.html#index-Wcpp-Wcpp]8;;[m[K]
[1.145s]    35 | #[01;35m[Kwarning[m[K This header is obsolete, please include tf2_geometry_msgs/tf2_geometry_msgs.hpp instead
[1.145s]       |  [01;35m[K^~~~~~~[m[K
[4.197s] In file included from [01m[K/opt/ros/humble/include/rclcpp/rclcpp/client.hpp:40[m[K,
[4.197s]                  from [01m[K/opt/ros/humble/include/rclcpp/rclcpp/callback_group.hpp:24[m[K,
[4.197s]                  from [01m[K/opt/ros/humble/include/rclcpp/rclcpp/any_executable.hpp:20[m[K,
[4.198s]                  from [01m[K/opt/ros/humble/include/rclcpp/rclcpp/memory_strategy.hpp:25[m[K,
[4.198s]                  from [01m[K/opt/ros/humble/include/rclcpp/rclcpp/memory_strategies.hpp:18[m[K,
[4.198s]                  from [01m[K/opt/ros/humble/include/rclcpp/rclcpp/executor_options.hpp:20[m[K,
[4.198s]                  from [01m[K/opt/ros/humble/include/rclcpp/rclcpp/executor.hpp:37[m[K,
[4.199s]                  from [01m[K/opt/ros/humble/include/rclcpp/rclcpp/executors/multi_threaded_executor.hpp:25[m[K,
[4.199s]                  from [01m[K/opt/ros/humble/include/rclcpp/rclcpp/executors.hpp:21[m[K,
[4.199s]                  from [01m[K/opt/ros/humble/include/rclcpp/rclcpp/rclcpp.hpp:155[m[K,
[4.199s]                  from [01m[K/home/hdm/LIO-SAM/include/lio_sam/utility.hpp:6[m[K,
[4.200s]                  from [01m[K/home/hdm/LIO-SAM/src/imageProjection.cpp:1[m[K:
[4.200s] [01m[K/home/hdm/LIO-SAM/src/imageProjection.cpp:[m[K In member function ‘[01m[Kbool ImageProjection::cachePointCloud(const SharedPtr&)[m[K’:
[4.200s] [01m[K/home/hdm/LIO-SAM/src/imageProjection.cpp:314:21:[m[K [01;31m[Kerror: [m[Kexpected ‘[01m[K;[m[K’ before ‘[01m[Kdo[m[K’
[4.201s]   314 |                     [01;31m[KRCLCPP_ERROR[m[K(get_logger(), "An error occurred: %s",currentCloudMsg.fields[i].name);
[4.201s]       |                     [01;31m[K^~~~~~~~~~~~[m[K
[8.959s] gmake[2]: *** [CMakeFiles/lio_sam_imageProjection.dir/build.make:76：CMakeFiles/lio_sam_imageProjection.dir/src/imageProjection.cpp.o] 错误 1
[8.960s] gmake[1]: *** [CMakeFiles/Makefile2:628：CMakeFiles/lio_sam_imageProjection.dir/all] 错误 2
[8.961s] gmake: *** [Makefile:146：all] 错误 2
[8.966s] Invoked command in '/home/hdm/LIO-SAM/build/lio_sam' returned '2': CMAKE_PREFIX_PATH=${CMAKE_PREFIX_PATH}:/opt/ros/humble /usr/bin/cmake --build /home/hdm/LIO-SAM/build/lio_sam -- -j24 -l24
