-- The C compiler identification is GNU 9.4.0
-- The CXX compiler identification is GNU 9.4.0
-- Detecting C compiler ABI info
-- Detecting C compiler ABI info - done
-- Check for working C compiler: /usr/bin/cc - skipped
-- Detecting C compile features
-- Detecting C compile features - done
-- Detecting CXX compiler ABI info
-- Detecting CXX compiler ABI info - done
-- Check for working CXX compiler: /usr/bin/c++ - skipped
-- Detecting CXX compile features
-- Detecting CXX compile features - done
-- Found ament_cmake: 0.9.12 (/opt/ros/foxy/share/ament_cmake/cmake)
-- Found PythonInterp: /usr/bin/python3 (found suitable version "3.8.10", minimum required is "3") 
-- Using PYTHON_EXECUTABLE: /usr/bin/python3
-- Found rosidl_default_generators: 1.0.1 (/opt/ros/foxy/share/rosidl_default_generators/cmake)
-- Using all available rosidl_typesupport_c: rosidl_typesupport_fastrtps_c;rosidl_typesupport_introspection_c
-- Found rosidl_adapter: 1.3.1 (/opt/ros/foxy/share/rosidl_adapter/cmake)
-- Found OpenSSL: /usr/lib/x86_64-linux-gnu/libcrypto.so (found version "1.1.1f")  
-- Found FastRTPS: /opt/ros/foxy/include  
-- Using all available rosidl_typesupport_cpp: rosidl_typesupport_fastrtps_cpp;rosidl_typesupport_introspection_cpp
-- Found rclcpp: 2.4.3 (/opt/ros/foxy/share/rclcpp/cmake)
-- Found rmw_implementation_cmake: 1.0.4 (/opt/ros/foxy/share/rmw_implementation_cmake/cmake)
-- Using RMW implementation 'rmw_fastrtps_cpp' as default
-- Performing Test CMAKE_HAVE_LIBC_PTHREAD
-- Performing Test CMAKE_HAVE_LIBC_PTHREAD - Failed
-- Looking for pthread_create in pthreads
-- Looking for pthread_create in pthreads - not found
-- Looking for pthread_create in pthread
-- Looking for pthread_create in pthread - found
-- Found Threads: TRUE  
-- Found rclpy: 1.0.13 (/opt/ros/foxy/share/rclpy/cmake)
-- Found cv_bridge: 3.0.7 (/opt/ros/foxy/share/cv_bridge/cmake)
-- Found nav_msgs: 2.0.5 (/opt/ros/foxy/share/nav_msgs/cmake)
-- Found visualization_msgs: 2.0.5 (/opt/ros/foxy/share/visualization_msgs/cmake)
-- Found tf2: 0.13.14 (/opt/ros/foxy/share/tf2/cmake)
-- Found tf2_geometry_msgs: 0.13.14 (/opt/ros/foxy/share/tf2_geometry_msgs/cmake)
-- Found eigen3_cmake_module: 0.1.1 (/opt/ros/foxy/share/eigen3_cmake_module/cmake)
-- Found Eigen3: TRUE (found version "3.3.7") 
-- Found tf2_sensor_msgs: 0.13.14 (/opt/ros/foxy/share/tf2_sensor_msgs/cmake)
-- Found tf2_eigen: 0.13.14 (/opt/ros/foxy/share/tf2_eigen/cmake)
-- Found OpenCV: /usr (found version "4.2.0") 
-- Checking for module 'eigen3'
--   Found eigen3, version 3.3.7
-- Found Eigen: /usr/include/eigen3 (Required is at least version "3.1") 
-- Eigen found (include: /usr/include/eigen3, version: 3.3.7)
-- Found Boost: /usr/include (found suitable version "1.71.0", minimum required is "1.55.0") found components: system filesystem date_time iostreams regex 
-- Checking for module 'flann'
--   Found flann, version 1.9.1
-- Found FLANN: /usr/lib/x86_64-linux-gnu/libflann_cpp.so  
-- The imported target "vtkParseOGLExt" references the file
   "/usr/bin/vtkParseOGLExt-7.1"
but this file does not exist.  Possible reasons include:
* The file was deleted, renamed, or moved to another location.
* An install or uninstall procedure did not complete successfully.
* The installation package was faulty and contained
   "/usr/lib/cmake/vtk-7.1/VTKTargets.cmake"
but not all the files it references.

-- The imported target "vtkRenderingPythonTkWidgets" references the file
   "/usr/lib/x86_64-linux-gnu/libvtkRenderingPythonTkWidgets.so"
but this file does not exist.  Possible reasons include:
* The file was deleted, renamed, or moved to another location.
* An install or uninstall procedure did not complete successfully.
* The installation package was faulty and contained
   "/usr/lib/cmake/vtk-7.1/VTKTargets.cmake"
but not all the files it references.

-- The imported target "vtk" references the file
   "/usr/bin/vtk"
but this file does not exist.  Possible reasons include:
* The file was deleted, renamed, or moved to another location.
* An install or uninstall procedure did not complete successfully.
* The installation package was faulty and contained
   "/usr/lib/cmake/vtk-7.1/VTKTargets.cmake"
but not all the files it references.

-- The imported target "pvtk" references the file
   "/usr/bin/pvtk"
but this file does not exist.  Possible reasons include:
* The file was deleted, renamed, or moved to another location.
* An install or uninstall procedure did not complete successfully.
* The installation package was faulty and contained
   "/usr/lib/cmake/vtk-7.1/VTKTargets.cmake"
but not all the files it references.

-- Checking for module 'libusb-1.0'
--   Found libusb-1.0, version 1.0.23
[33mCMake Warning (dev) at /home/korey/.local/lib/python3.8/site-packages/cmake/data/share/cmake-3.25/Modules/FindPackageHandleStandardArgs.cmake:438 (message):
  The package name passed to `find_package_handle_standard_args` (USB_10)
  does not match the name of the calling package (OpenNI).  This can lead to
  problems in calling code that expects `find_package` result variables
  (e.g., `_FOUND`) to follow a certain pattern.
Call Stack (most recent call first):
  /usr/lib/x86_64-linux-gnu/cmake/pcl/Modules/FindOpenNI.cmake:28 (find_package_handle_standard_args)
  /usr/lib/x86_64-linux-gnu/cmake/pcl/PCLConfig.cmake:179 (find_package)
  /usr/lib/x86_64-linux-gnu/cmake/pcl/PCLConfig.cmake:322 (find_openni)
  /usr/lib/x86_64-linux-gnu/cmake/pcl/PCLConfig.cmake:548 (find_external_library)
  CMakeLists.txt:28 (find_package)
This warning is for project developers.  Use -Wno-dev to suppress it.
[0m
-- Found USB_10: /usr/lib/x86_64-linux-gnu/libusb-1.0.so  
-- Found OpenNI: /usr/lib/libOpenNI.so  
-- OpenNI found (include: /usr/include/ni, lib: /usr/lib/libOpenNI.so)
[33mCMake Warning (dev) at /home/korey/.local/lib/python3.8/site-packages/cmake/data/share/cmake-3.25/Modules/FindPackageHandleStandardArgs.cmake:438 (message):
  The package name passed to `find_package_handle_standard_args` (USB_10)
  does not match the name of the calling package (OpenNI2).  This can lead to
  problems in calling code that expects `find_package` result variables
  (e.g., `_FOUND`) to follow a certain pattern.
Call Stack (most recent call first):
  /usr/lib/x86_64-linux-gnu/cmake/pcl/Modules/FindOpenNI2.cmake:28 (find_package_handle_standard_args)
  /usr/lib/x86_64-linux-gnu/cmake/pcl/PCLConfig.cmake:193 (find_package)
  /usr/lib/x86_64-linux-gnu/cmake/pcl/PCLConfig.cmake:324 (find_openni2)
  /usr/lib/x86_64-linux-gnu/cmake/pcl/PCLConfig.cmake:548 (find_external_library)
  CMakeLists.txt:28 (find_package)
This warning is for project developers.  Use -Wno-dev to suppress it.
[0m
-- Found OpenNI2: /usr/lib/libOpenNI2.so  
-- OpenNI2 found (include: /usr/include/openni2, lib: /usr/lib/libOpenNI2.so)
[0m** WARNING ** io features related to pcap will be disabled[0m
[0m** WARNING ** io features related to png will be disabled[0m
[33mCMake Warning (dev) at /home/korey/.local/lib/python3.8/site-packages/cmake/data/share/cmake-3.25/Modules/FindPackageHandleStandardArgs.cmake:438 (message):
  The package name passed to `find_package_handle_standard_args` (libusb-1.0)
  does not match the name of the calling package (PCL).  This can lead to
  problems in calling code that expects `find_package` result variables
  (e.g., `_FOUND`) to follow a certain pattern.
Call Stack (most recent call first):
  /usr/lib/x86_64-linux-gnu/cmake/pcl/PCLConfig.cmake:291 (find_package_handle_standard_args)
  /usr/lib/x86_64-linux-gnu/cmake/pcl/PCLConfig.cmake:338 (find_libusb)
  /usr/lib/x86_64-linux-gnu/cmake/pcl/PCLConfig.cmake:548 (find_external_library)
  CMakeLists.txt:28 (find_package)
This warning is for project developers.  Use -Wno-dev to suppress it.
[0m
-- Found libusb-1.0: /usr/include  
[0m** WARNING ** io features related to libusb-1.0 will be disabled[0m
[33mCMake Warning (dev) at /home/korey/.local/lib/python3.8/site-packages/cmake/data/share/cmake-3.25/Modules/FindPackageHandleStandardArgs.cmake:438 (message):
  The package name passed to `find_package_handle_standard_args` (USB_10)
  does not match the name of the calling package (OpenNI).  This can lead to
  problems in calling code that expects `find_package` result variables
  (e.g., `_FOUND`) to follow a certain pattern.
Call Stack (most recent call first):
  /usr/lib/x86_64-linux-gnu/cmake/pcl/Modules/FindOpenNI.cmake:28 (find_package_handle_standard_args)
  /usr/lib/x86_64-linux-gnu/cmake/pcl/PCLConfig.cmake:179 (find_package)
  /usr/lib/x86_64-linux-gnu/cmake/pcl/PCLConfig.cmake:322 (find_openni)
  /usr/lib/x86_64-linux-gnu/cmake/pcl/PCLConfig.cmake:548 (find_external_library)
  CMakeLists.txt:28 (find_package)
This warning is for project developers.  Use -Wno-dev to suppress it.
[0m
-- OpenNI found (include: /usr/include/ni, lib: /usr/lib/libOpenNI.so)
[33mCMake Warning (dev) at /home/korey/.local/lib/python3.8/site-packages/cmake/data/share/cmake-3.25/Modules/FindPackageHandleStandardArgs.cmake:438 (message):
  The package name passed to `find_package_handle_standard_args` (USB_10)
  does not match the name of the calling package (OpenNI2).  This can lead to
  problems in calling code that expects `find_package` result variables
  (e.g., `_FOUND`) to follow a certain pattern.
Call Stack (most recent call first):
  /usr/lib/x86_64-linux-gnu/cmake/pcl/Modules/FindOpenNI2.cmake:28 (find_package_handle_standard_args)
  /usr/lib/x86_64-linux-gnu/cmake/pcl/PCLConfig.cmake:193 (find_package)
  /usr/lib/x86_64-linux-gnu/cmake/pcl/PCLConfig.cmake:324 (find_openni2)
  /usr/lib/x86_64-linux-gnu/cmake/pcl/PCLConfig.cmake:548 (find_external_library)
  CMakeLists.txt:28 (find_package)
This warning is for project developers.  Use -Wno-dev to suppress it.
[0m
-- OpenNI2 found (include: /usr/include/openni2, lib: /usr/lib/libOpenNI2.so)
-- Found Qhull: optimized;/usr/lib/x86_64-linux-gnu/libqhull.so;debug;/usr/lib/x86_64-linux-gnu/libqhull.so  
-- QHULL found (include: /usr/include, lib: optimized;/usr/lib/x86_64-linux-gnu/libqhull.so;debug;/usr/lib/x86_64-linux-gnu/libqhull.so)
[33mCMake Warning (dev) at /home/korey/.local/lib/python3.8/site-packages/cmake/data/share/cmake-3.25/Modules/FindPackageHandleStandardArgs.cmake:438 (message):
  The package name passed to `find_package_handle_standard_args` (USB_10)
  does not match the name of the calling package (OpenNI).  This can lead to
  problems in calling code that expects `find_package` result variables
  (e.g., `_FOUND`) to follow a certain pattern.
Call Stack (most recent call first):
  /usr/lib/x86_64-linux-gnu/cmake/pcl/Modules/FindOpenNI.cmake:28 (find_package_handle_standard_args)
  /usr/lib/x86_64-linux-gnu/cmake/pcl/PCLConfig.cmake:179 (find_package)
  /usr/lib/x86_64-linux-gnu/cmake/pcl/PCLConfig.cmake:322 (find_openni)
  /usr/lib/x86_64-linux-gnu/cmake/pcl/PCLConfig.cmake:548 (find_external_library)
  CMakeLists.txt:28 (find_package)
This warning is for project developers.  Use -Wno-dev to suppress it.
[0m
-- OpenNI found (include: /usr/include/ni, lib: /usr/lib/libOpenNI.so)
-- looking for PCL_COMMON
[33mCMake Warning (dev) at /home/korey/.local/lib/python3.8/site-packages/cmake/data/share/cmake-3.25/Modules/FindPackageHandleStandardArgs.cmake:438 (message):
  The package name passed to `find_package_handle_standard_args` (PCL_COMMON)
  does not match the name of the calling package (PCL).  This can lead to
  problems in calling code that expects `find_package` result variables
  (e.g., `_FOUND`) to follow a certain pattern.
Call Stack (most recent call first):
  /usr/lib/x86_64-linux-gnu/cmake/pcl/PCLConfig.cmake:616 (find_package_handle_standard_args)
  CMakeLists.txt:28 (find_package)
This warning is for project developers.  Use -Wno-dev to suppress it.
[0m
-- Found PCL_COMMON: /usr/lib/x86_64-linux-gnu/libpcl_common.so  
-- looking for PCL_KDTREE
[33mCMake Warning (dev) at /home/korey/.local/lib/python3.8/site-packages/cmake/data/share/cmake-3.25/Modules/FindPackageHandleStandardArgs.cmake:438 (message):
  The package name passed to `find_package_handle_standard_args` (PCL_KDTREE)
  does not match the name of the calling package (PCL).  This can lead to
  problems in calling code that expects `find_package` result variables
  (e.g., `_FOUND`) to follow a certain pattern.
Call Stack (most recent call first):
  /usr/lib/x86_64-linux-gnu/cmake/pcl/PCLConfig.cmake:616 (find_package_handle_standard_args)
  CMakeLists.txt:28 (find_package)
This warning is for project developers.  Use -Wno-dev to suppress it.
[0m
-- Found PCL_KDTREE: /usr/lib/x86_64-linux-gnu/libpcl_kdtree.so  
-- looking for PCL_OCTREE
[33mCMake Warning (dev) at /home/korey/.local/lib/python3.8/site-packages/cmake/data/share/cmake-3.25/Modules/FindPackageHandleStandardArgs.cmake:438 (message):
  The package name passed to `find_package_handle_standard_args` (PCL_OCTREE)
  does not match the name of the calling package (PCL).  This can lead to
  problems in calling code that expects `find_package` result variables
  (e.g., `_FOUND`) to follow a certain pattern.
Call Stack (most recent call first):
  /usr/lib/x86_64-linux-gnu/cmake/pcl/PCLConfig.cmake:616 (find_package_handle_standard_args)
  CMakeLists.txt:28 (find_package)
This warning is for project developers.  Use -Wno-dev to suppress it.
[0m
-- Found PCL_OCTREE: /usr/lib/x86_64-linux-gnu/libpcl_octree.so  
-- looking for PCL_SEARCH
[33mCMake Warning (dev) at /home/korey/.local/lib/python3.8/site-packages/cmake/data/share/cmake-3.25/Modules/FindPackageHandleStandardArgs.cmake:438 (message):
  The package name passed to `find_package_handle_standard_args` (PCL_SEARCH)
  does not match the name of the calling package (PCL).  This can lead to
  problems in calling code that expects `find_package` result variables
  (e.g., `_FOUND`) to follow a certain pattern.
Call Stack (most recent call first):
  /usr/lib/x86_64-linux-gnu/cmake/pcl/PCLConfig.cmake:616 (find_package_handle_standard_args)
  CMakeLists.txt:28 (find_package)
This warning is for project developers.  Use -Wno-dev to suppress it.
[0m
-- Found PCL_SEARCH: /usr/lib/x86_64-linux-gnu/libpcl_search.so  
-- looking for PCL_SAMPLE_CONSENSUS
[33mCMake Warning (dev) at /home/korey/.local/lib/python3.8/site-packages/cmake/data/share/cmake-3.25/Modules/FindPackageHandleStandardArgs.cmake:438 (message):
  The package name passed to `find_package_handle_standard_args`
  (PCL_SAMPLE_CONSENSUS) does not match the name of the calling package
  (PCL).  This can lead to problems in calling code that expects
  `find_package` result variables (e.g., `_FOUND`) to follow a certain
  pattern.
Call Stack (most recent call first):
  /usr/lib/x86_64-linux-gnu/cmake/pcl/PCLConfig.cmake:616 (find_package_handle_standard_args)
  CMakeLists.txt:28 (find_package)
This warning is for project developers.  Use -Wno-dev to suppress it.
[0m
-- Found PCL_SAMPLE_CONSENSUS: /usr/lib/x86_64-linux-gnu/libpcl_sample_consensus.so  
-- looking for PCL_FILTERS
[33mCMake Warning (dev) at /home/korey/.local/lib/python3.8/site-packages/cmake/data/share/cmake-3.25/Modules/FindPackageHandleStandardArgs.cmake:438 (message):
  The package name passed to `find_package_handle_standard_args`
  (PCL_FILTERS) does not match the name of the calling package (PCL).  This
  can lead to problems in calling code that expects `find_package` result
  variables (e.g., `_FOUND`) to follow a certain pattern.
Call Stack (most recent call first):
  /usr/lib/x86_64-linux-gnu/cmake/pcl/PCLConfig.cmake:616 (find_package_handle_standard_args)
  CMakeLists.txt:28 (find_package)
This warning is for project developers.  Use -Wno-dev to suppress it.
[0m
-- Found PCL_FILTERS: /usr/lib/x86_64-linux-gnu/libpcl_filters.so  
-- looking for PCL_2D
[33mCMake Warning (dev) at /home/korey/.local/lib/python3.8/site-packages/cmake/data/share/cmake-3.25/Modules/FindPackageHandleStandardArgs.cmake:438 (message):
  The package name passed to `find_package_handle_standard_args` (PCL_2D)
  does not match the name of the calling package (PCL).  This can lead to
  problems in calling code that expects `find_package` result variables
  (e.g., `_FOUND`) to follow a certain pattern.
Call Stack (most recent call first):
  /usr/lib/x86_64-linux-gnu/cmake/pcl/PCLConfig.cmake:619 (find_package_handle_standard_args)
  CMakeLists.txt:28 (find_package)
This warning is for project developers.  Use -Wno-dev to suppress it.
[0m
-- Found PCL_2D: /usr/include/pcl-1.10  
[33mCMake Warning (dev) at /home/korey/.local/lib/python3.8/site-packages/cmake/data/share/cmake-3.25/Modules/FindPackageHandleStandardArgs.cmake:438 (message):
  The package name passed to `find_package_handle_standard_args`
  (PCL_GEOMETRY) does not match the name of the calling package (PCL).  This
  can lead to problems in calling code that expects `find_package` result
  variables (e.g., `_FOUND`) to follow a certain pattern.
Call Stack (most recent call first):
  /usr/lib/x86_64-linux-gnu/cmake/pcl/PCLConfig.cmake:619 (find_package_handle_standard_args)
  CMakeLists.txt:28 (find_package)
This warning is for project developers.  Use -Wno-dev to suppress it.
[0m
-- looking for PCL_GEOMETRY
-- Found PCL_GEOMETRY: /usr/include/pcl-1.10  
-- looking for PCL_IO
[33mCMake Warning (dev) at /home/korey/.local/lib/python3.8/site-packages/cmake/data/share/cmake-3.25/Modules/FindPackageHandleStandardArgs.cmake:438 (message):
  The package name passed to `find_package_handle_standard_args` (PCL_IO)
  does not match the name of the calling package (PCL).  This can lead to
  problems in calling code that expects `find_package` result variables
  (e.g., `_FOUND`) to follow a certain pattern.
Call Stack (most recent call first):
  /usr/lib/x86_64-linux-gnu/cmake/pcl/PCLConfig.cmake:616 (find_package_handle_standard_args)
  CMakeLists.txt:28 (find_package)
This warning is for project developers.  Use -Wno-dev to suppress it.
[0m
-- Found PCL_IO: /usr/lib/x86_64-linux-gnu/libpcl_io.so  
-- looking for PCL_FEATURES
[33mCMake Warning (dev) at /home/korey/.local/lib/python3.8/site-packages/cmake/data/share/cmake-3.25/Modules/FindPackageHandleStandardArgs.cmake:438 (message):
  The package name passed to `find_package_handle_standard_args`
  (PCL_FEATURES) does not match the name of the calling package (PCL).  This
  can lead to problems in calling code that expects `find_package` result
  variables (e.g., `_FOUND`) to follow a certain pattern.
Call Stack (most recent call first):
  /usr/lib/x86_64-linux-gnu/cmake/pcl/PCLConfig.cmake:616 (find_package_handle_standard_args)
  CMakeLists.txt:28 (find_package)
This warning is for project developers.  Use -Wno-dev to suppress it.
[0m
-- Found PCL_FEATURES: /usr/lib/x86_64-linux-gnu/libpcl_features.so  
-- looking for PCL_ML
[33mCMake Warning (dev) at /home/korey/.local/lib/python3.8/site-packages/cmake/data/share/cmake-3.25/Modules/FindPackageHandleStandardArgs.cmake:438 (message):
  The package name passed to `find_package_handle_standard_args` (PCL_ML)
  does not match the name of the calling package (PCL).  This can lead to
  problems in calling code that expects `find_package` result variables
  (e.g., `_FOUND`) to follow a certain pattern.
Call Stack (most recent call first):
  /usr/lib/x86_64-linux-gnu/cmake/pcl/PCLConfig.cmake:616 (find_package_handle_standard_args)
  CMakeLists.txt:28 (find_package)
This warning is for project developers.  Use -Wno-dev to suppress it.
[0m
-- Found PCL_ML: /usr/lib/x86_64-linux-gnu/libpcl_ml.so  
-- looking for PCL_SEGMENTATION
[33mCMake Warning (dev) at /home/korey/.local/lib/python3.8/site-packages/cmake/data/share/cmake-3.25/Modules/FindPackageHandleStandardArgs.cmake:438 (message):
  The package name passed to `find_package_handle_standard_args`
  (PCL_SEGMENTATION) does not match the name of the calling package (PCL).
  This can lead to problems in calling code that expects `find_package`
  result variables (e.g., `_FOUND`) to follow a certain pattern.
Call Stack (most recent call first):
  /usr/lib/x86_64-linux-gnu/cmake/pcl/PCLConfig.cmake:616 (find_package_handle_standard_args)
  CMakeLists.txt:28 (find_package)
This warning is for project developers.  Use -Wno-dev to suppress it.
[0m
-- Found PCL_SEGMENTATION: /usr/lib/x86_64-linux-gnu/libpcl_segmentation.so  
-- looking for PCL_VISUALIZATION
[33mCMake Warning (dev) at /home/korey/.local/lib/python3.8/site-packages/cmake/data/share/cmake-3.25/Modules/FindPackageHandleStandardArgs.cmake:438 (message):
  The package name passed to `find_package_handle_standard_args`
  (PCL_VISUALIZATION) does not match the name of the calling package (PCL).
  This can lead to problems in calling code that expects `find_package`
  result variables (e.g., `_FOUND`) to follow a certain pattern.
Call Stack (most recent call first):
  /usr/lib/x86_64-linux-gnu/cmake/pcl/PCLConfig.cmake:616 (find_package_handle_standard_args)
  CMakeLists.txt:28 (find_package)
This warning is for project developers.  Use -Wno-dev to suppress it.
[0m
-- Found PCL_VISUALIZATION: /usr/lib/x86_64-linux-gnu/libpcl_visualization.so  
-- looking for PCL_SURFACE
[33mCMake Warning (dev) at /home/korey/.local/lib/python3.8/site-packages/cmake/data/share/cmake-3.25/Modules/FindPackageHandleStandardArgs.cmake:438 (message):
  The package name passed to `find_package_handle_standard_args`
  (PCL_SURFACE) does not match the name of the calling package (PCL).  This
  can lead to problems in calling code that expects `find_package` result
  variables (e.g., `_FOUND`) to follow a certain pattern.
Call Stack (most recent call first):
  /usr/lib/x86_64-linux-gnu/cmake/pcl/PCLConfig.cmake:616 (find_package_handle_standard_args)
  CMakeLists.txt:28 (find_package)
This warning is for project developers.  Use -Wno-dev to suppress it.
[0m
-- Found PCL_SURFACE: /usr/lib/x86_64-linux-gnu/libpcl_surface.so  
-- looking for PCL_REGISTRATION
[33mCMake Warning (dev) at /home/korey/.local/lib/python3.8/site-packages/cmake/data/share/cmake-3.25/Modules/FindPackageHandleStandardArgs.cmake:438 (message):
  The package name passed to `find_package_handle_standard_args`
  (PCL_REGISTRATION) does not match the name of the calling package (PCL).
  This can lead to problems in calling code that expects `find_package`
  result variables (e.g., `_FOUND`) to follow a certain pattern.
Call Stack (most recent call first):
  /usr/lib/x86_64-linux-gnu/cmake/pcl/PCLConfig.cmake:616 (find_package_handle_standard_args)
  CMakeLists.txt:28 (find_package)
This warning is for project developers.  Use -Wno-dev to suppress it.
[0m
-- Found PCL_REGISTRATION: /usr/lib/x86_64-linux-gnu/libpcl_registration.so  
-- looking for PCL_KEYPOINTS
[33mCMake Warning (dev) at /home/korey/.local/lib/python3.8/site-packages/cmake/data/share/cmake-3.25/Modules/FindPackageHandleStandardArgs.cmake:438 (message):
  The package name passed to `find_package_handle_standard_args`
  (PCL_KEYPOINTS) does not match the name of the calling package (PCL).  This
  can lead to problems in calling code that expects `find_package` result
  variables (e.g., `_FOUND`) to follow a certain pattern.
Call Stack (most recent call first):
  /usr/lib/x86_64-linux-gnu/cmake/pcl/PCLConfig.cmake:616 (find_package_handle_standard_args)
  CMakeLists.txt:28 (find_package)
This warning is for project developers.  Use -Wno-dev to suppress it.
[0m
-- Found PCL_KEYPOINTS: /usr/lib/x86_64-linux-gnu/libpcl_keypoints.so  
-- looking for PCL_TRACKING
[33mCMake Warning (dev) at /home/korey/.local/lib/python3.8/site-packages/cmake/data/share/cmake-3.25/Modules/FindPackageHandleStandardArgs.cmake:438 (message):
  The package name passed to `find_package_handle_standard_args`
  (PCL_TRACKING) does not match the name of the calling package (PCL).  This
  can lead to problems in calling code that expects `find_package` result
  variables (e.g., `_FOUND`) to follow a certain pattern.
Call Stack (most recent call first):
  /usr/lib/x86_64-linux-gnu/cmake/pcl/PCLConfig.cmake:616 (find_package_handle_standard_args)
  CMakeLists.txt:28 (find_package)
This warning is for project developers.  Use -Wno-dev to suppress it.
[0m
-- Found PCL_TRACKING: /usr/lib/x86_64-linux-gnu/libpcl_tracking.so  
-- looking for PCL_RECOGNITION
[33mCMake Warning (dev) at /home/korey/.local/lib/python3.8/site-packages/cmake/data/share/cmake-3.25/Modules/FindPackageHandleStandardArgs.cmake:438 (message):
  The package name passed to `find_package_handle_standard_args`
  (PCL_RECOGNITION) does not match the name of the calling package (PCL).
  This can lead to problems in calling code that expects `find_package`
  result variables (e.g., `_FOUND`) to follow a certain pattern.
Call Stack (most recent call first):
  /usr/lib/x86_64-linux-gnu/cmake/pcl/PCLConfig.cmake:616 (find_package_handle_standard_args)
  CMakeLists.txt:28 (find_package)
This warning is for project developers.  Use -Wno-dev to suppress it.
[0m
-- Found PCL_RECOGNITION: /usr/lib/x86_64-linux-gnu/libpcl_recognition.so  
-- looking for PCL_STEREO
[33mCMake Warning (dev) at /home/korey/.local/lib/python3.8/site-packages/cmake/data/share/cmake-3.25/Modules/FindPackageHandleStandardArgs.cmake:438 (message):
  The package name passed to `find_package_handle_standard_args` (PCL_STEREO)
  does not match the name of the calling package (PCL).  This can lead to
  problems in calling code that expects `find_package` result variables
  (e.g., `_FOUND`) to follow a certain pattern.
Call Stack (most recent call first):
  /usr/lib/x86_64-linux-gnu/cmake/pcl/PCLConfig.cmake:616 (find_package_handle_standard_args)
  CMakeLists.txt:28 (find_package)
This warning is for project developers.  Use -Wno-dev to suppress it.
[0m
-- Found PCL_STEREO: /usr/lib/x86_64-linux-gnu/libpcl_stereo.so  
-- looking for PCL_APPS
[33mCMake Warning (dev) at /home/korey/.local/lib/python3.8/site-packages/cmake/data/share/cmake-3.25/Modules/FindPackageHandleStandardArgs.cmake:438 (message):
  The package name passed to `find_package_handle_standard_args` (PCL_APPS)
  does not match the name of the calling package (PCL).  This can lead to
  problems in calling code that expects `find_package` result variables
  (e.g., `_FOUND`) to follow a certain pattern.
Call Stack (most recent call first):
  /usr/lib/x86_64-linux-gnu/cmake/pcl/PCLConfig.cmake:616 (find_package_handle_standard_args)
  CMakeLists.txt:28 (find_package)
This warning is for project developers.  Use -Wno-dev to suppress it.
[0m
-- Found PCL_APPS: /usr/lib/x86_64-linux-gnu/libpcl_apps.so  
-- looking for PCL_IN_HAND_SCANNER
[33mCMake Warning (dev) at /home/korey/.local/lib/python3.8/site-packages/cmake/data/share/cmake-3.25/Modules/FindPackageHandleStandardArgs.cmake:438 (message):
  The package name passed to `find_package_handle_standard_args`
  (PCL_IN_HAND_SCANNER) does not match the name of the calling package (PCL).
  This can lead to problems in calling code that expects `find_package`
  result variables (e.g., `_FOUND`) to follow a certain pattern.
Call Stack (most recent call first):
  /usr/lib/x86_64-linux-gnu/cmake/pcl/PCLConfig.cmake:619 (find_package_handle_standard_args)
  CMakeLists.txt:28 (find_package)
This warning is for project developers.  Use -Wno-dev to suppress it.
[0m
-- Found PCL_IN_HAND_SCANNER: /usr/include/pcl-1.10  
-- looking for PCL_POINT_CLOUD_EDITOR
[33mCMake Warning (dev) at /home/korey/.local/lib/python3.8/site-packages/cmake/data/share/cmake-3.25/Modules/FindPackageHandleStandardArgs.cmake:438 (message):
  The package name passed to `find_package_handle_standard_args`
  (PCL_POINT_CLOUD_EDITOR) does not match the name of the calling package
  (PCL).  This can lead to problems in calling code that expects
  `find_package` result variables (e.g., `_FOUND`) to follow a certain
  pattern.
Call Stack (most recent call first):
  /usr/lib/x86_64-linux-gnu/cmake/pcl/PCLConfig.cmake:619 (find_package_handle_standard_args)
  CMakeLists.txt:28 (find_package)
This warning is for project developers.  Use -Wno-dev to suppress it.
[0m
-- Found PCL_POINT_CLOUD_EDITOR: /usr/include/pcl-1.10  
-- looking for PCL_OUTOFCORE
[33mCMake Warning (dev) at /home/korey/.local/lib/python3.8/site-packages/cmake/data/share/cmake-3.25/Modules/FindPackageHandleStandardArgs.cmake:438 (message):
  The package name passed to `find_package_handle_standard_args`
  (PCL_OUTOFCORE) does not match the name of the calling package (PCL).  This
  can lead to problems in calling code that expects `find_package` result
  variables (e.g., `_FOUND`) to follow a certain pattern.
Call Stack (most recent call first):
  /usr/lib/x86_64-linux-gnu/cmake/pcl/PCLConfig.cmake:616 (find_package_handle_standard_args)
  CMakeLists.txt:28 (find_package)
This warning is for project developers.  Use -Wno-dev to suppress it.
[0m
-- Found PCL_OUTOFCORE: /usr/lib/x86_64-linux-gnu/libpcl_outofcore.so  
-- looking for PCL_PEOPLE
[33mCMake Warning (dev) at /home/korey/.local/lib/python3.8/site-packages/cmake/data/share/cmake-3.25/Modules/FindPackageHandleStandardArgs.cmake:438 (message):
  The package name passed to `find_package_handle_standard_args` (PCL_PEOPLE)
  does not match the name of the calling package (PCL).  This can lead to
  problems in calling code that expects `find_package` result variables
  (e.g., `_FOUND`) to follow a certain pattern.
Call Stack (most recent call first):
  /usr/lib/x86_64-linux-gnu/cmake/pcl/PCLConfig.cmake:616 (find_package_handle_standard_args)
  CMakeLists.txt:28 (find_package)
This warning is for project developers.  Use -Wno-dev to suppress it.
[0m
-- Found PCL_PEOPLE: /usr/lib/x86_64-linux-gnu/libpcl_people.so  
-- Found PCL: pcl_common;pcl_kdtree;pcl_octree;pcl_search;pcl_sample_consensus;pcl_filters;pcl_io;pcl_features;pcl_ml;pcl_segmentation;pcl_visualization;pcl_surface;pcl_registration;pcl_keypoints;pcl_tracking;pcl_recognition;pcl_stereo;pcl_apps;pcl_outofcore;pcl_people;/usr/lib/x86_64-linux-gnu/libboost_system.so;/usr/lib/x86_64-linux-gnu/libboost_filesystem.so;/usr/lib/x86_64-linux-gnu/libboost_date_time.so;/usr/lib/x86_64-linux-gnu/libboost_iostreams.so;/usr/lib/x86_64-linux-gnu/libboost_regex.so;optimized;/usr/lib/x86_64-linux-gnu/libqhull.so;debug;/usr/lib/x86_64-linux-gnu/libqhull.so;/usr/lib/libOpenNI.so;/usr/lib/libOpenNI2.so;vtkChartsCore;vtkCommonColor;vtkCommonCore;vtksys;vtkCommonDataModel;vtkCommonMath;vtkCommonMisc;vtkCommonSystem;vtkCommonTransforms;vtkCommonExecutionModel;vtkFiltersGeneral;vtkCommonComputationalGeometry;vtkFiltersCore;vtkInfovisCore;vtkFiltersExtraction;vtkFiltersStatistics;vtkImagingFourier;vtkImagingCore;vtkalglib;vtkRenderingContext2D;vtkRenderingCore;vtkFiltersGeometry;vtkFiltersSources;vtkRenderingFreeType;/usr/lib/x86_64-linux-gnu/libfreetype.so;/usr/lib/x86_64-linux-gnu/libz.so;vtkFiltersModeling;vtkImagingSources;vtkInteractionStyle;vtkInteractionWidgets;vtkFiltersHybrid;vtkImagingColor;vtkImagingGeneral;vtkImagingHybrid;vtkIOImage;vtkDICOMParser;vtkmetaio;/usr/lib/x86_64-linux-gnu/libjpeg.so;/usr/lib/x86_64-linux-gnu/libpng.so;/usr/lib/x86_64-linux-gnu/libtiff.so;vtkRenderingAnnotation;vtkRenderingVolume;vtkIOXML;vtkIOCore;vtkIOXMLParser;/usr/lib/x86_64-linux-gnu/libexpat.so;vtkIOGeometry;vtkIOLegacy;vtkIOPLY;vtkRenderingLOD;vtkViewsContext2D;vtkViewsCore;vtkRenderingContextOpenGL2;vtkRenderingOpenGL2;FLANN::FLANN  
-- Found Boost: /usr/include (found suitable version "1.71.0", minimum required is "1.43") found components: serialization system filesystem thread program_options date_time timer chrono regex atomic 
-- GTSAM include directory:  /usr/lib/cmake/GTSAM/../../../include
-- Found Eigen: /usr/include/eigen3  
-- Eigen found (include: /usr/include/eigen3, version: 3.3.7)
-- Found pcl_msgs: 1.0.0 (/opt/ros/foxy/share/pcl_msgs/cmake)
-- Found OpenMP_C: -fopenmp (found version "4.5") 
-- Found OpenMP_CXX: -fopenmp (found version "4.5") 
-- Found OpenMP: TRUE (found version "4.5")  
-- Found pcl_conversions: 2.2.1 (/opt/ros/foxy/share/pcl_conversions/cmake)
-- Found PythonInterp: /usr/bin/python3 (found version "3.8.10") 
-- Found ament_cmake_ros: 0.9.2 (/opt/ros/foxy/share/ament_cmake_ros/cmake)
-- Using all available rosidl_typesupport_c: rosidl_typesupport_fastrtps_c;rosidl_typesupport_introspection_c
-- Using all available rosidl_typesupport_cpp: rosidl_typesupport_fastrtps_cpp;rosidl_typesupport_introspection_cpp
-- Found PythonInterp: /usr/bin/python3 (found suitable version "3.8.10", minimum required is "3.5") 
-- Found python_cmake_module: 0.8.1 (/opt/ros/foxy/share/python_cmake_module/cmake)
-- Found PythonLibs: /usr/lib/x86_64-linux-gnu/libpython3.8.so (found suitable version "3.8.10", minimum required is "3.5") 
-- Using PYTHON_EXECUTABLE: /usr/bin/python3
-- Using PYTHON_INCLUDE_DIRS: /usr/include/python3.8
-- Using PYTHON_LIBRARIES: /usr/lib/x86_64-linux-gnu/libpython3.8.so
-- Found PythonExtra: .so  
-- Found ament_lint_auto: 0.9.8 (/opt/ros/foxy/share/ament_lint_auto/cmake)
-- Added test 'copyright' to check source files copyright and LICENSE
-- Added test 'cppcheck' to perform static code analysis on C / C++ code
-- Configured cppcheck include dirs: /home/korey/Desktop/lio_nav2/src/LIO-SAM/include
-- Configured cppcheck exclude dirs and/or files: 
-- Added test 'cpplint' to check C / C++ code against the Google style
-- Configured cpplint exclude dirs and/or files: 
-- Added test 'flake8' to check Python code syntax and style conventions
-- Added test 'lint_cmake' to check CMake code style
-- Added test 'pep257' to check Python code against some of the style conventions in PEP 257
-- Added test 'uncrustify' to check C / C++ code style
-- Configured uncrustify additional arguments: 
-- Added test 'xmllint' to check XML markup files
-- Configuring done
-- Generating done
-- Build files have been written to: /home/korey/Desktop/lio_nav2/build/lio_sam_op
[  2%] [34m[1mGenerating C code for ROS interfaces[0m
[  4%] [34m[1mGenerating C++ code for ROS interfaces[0m
[  6%] [32mBuilding C object CMakeFiles/lio_sam_op__rosidl_generator_c.dir/rosidl_generator_c/lio_sam_op/msg/detail/cloud_info__functions.c.o[0m
[  8%] [32mBuilding C object CMakeFiles/lio_sam_op__rosidl_generator_c.dir/rosidl_generator_c/lio_sam_op/srv/detail/save_map__functions.c.o[0m
[  8%] Built target lio_sam_op__cpp
[ 12%] [34m[1mGenerating C++ type support for eProsima Fast-RTPS[0m
[ 12%] [34m[1mGenerating C++ type support dispatch for ROS interfaces[0m
[ 14%] [34m[1mGenerating C++ introspection for ROS interfaces[0m
[ 16%] [32m[1mLinking C shared library liblio_sam_op__rosidl_generator_c.so[0m
[ 16%] Built target lio_sam_op__rosidl_generator_c
[ 18%] [34m[1mGenerating C type support dispatch for ROS interfaces[0m
[ 20%] [34m[1mGenerating C introspection for ROS interfaces[0m
[ 22%] [32mBuilding CXX object CMakeFiles/lio_sam_op__rosidl_typesupport_fastrtps_cpp.dir/rosidl_typesupport_fastrtps_cpp/lio_sam_op/msg/detail/dds_fastrtps/cloud_info__type_support.cpp.o[0m
[ 24%] [32mBuilding CXX object CMakeFiles/lio_sam_op__rosidl_typesupport_fastrtps_cpp.dir/rosidl_typesupport_fastrtps_cpp/lio_sam_op/srv/detail/dds_fastrtps/save_map__type_support.cpp.o[0m
[ 26%] [32mBuilding CXX object CMakeFiles/lio_sam_op__rosidl_typesupport_cpp.dir/rosidl_typesupport_cpp/lio_sam_op/msg/cloud_info__type_support.cpp.o[0m
[ 28%] [32mBuilding CXX object CMakeFiles/lio_sam_op__rosidl_typesupport_cpp.dir/rosidl_typesupport_cpp/lio_sam_op/srv/save_map__type_support.cpp.o[0m
[ 32%] [32mBuilding CXX object CMakeFiles/lio_sam_op__rosidl_typesupport_introspection_cpp.dir/rosidl_typesupport_introspection_cpp/lio_sam_op/msg/detail/cloud_info__type_support.cpp.o[0m
[ 32%] [32mBuilding CXX object CMakeFiles/lio_sam_op__rosidl_typesupport_introspection_cpp.dir/rosidl_typesupport_introspection_cpp/lio_sam_op/srv/detail/save_map__type_support.cpp.o[0m
[ 34%] [32mBuilding CXX object CMakeFiles/lio_sam_op__rosidl_typesupport_c.dir/rosidl_typesupport_c/lio_sam_op/msg/cloud_info__type_support.cpp.o[0m
[ 36%] [32mBuilding CXX object CMakeFiles/lio_sam_op__rosidl_typesupport_c.dir/rosidl_typesupport_c/lio_sam_op/srv/save_map__type_support.cpp.o[0m
[ 38%] [32mBuilding C object CMakeFiles/lio_sam_op__rosidl_typesupport_introspection_c.dir/rosidl_typesupport_introspection_c/lio_sam_op/msg/detail/cloud_info__type_support.c.o[0m
[ 40%] [32mBuilding C object CMakeFiles/lio_sam_op__rosidl_typesupport_introspection_c.dir/rosidl_typesupport_introspection_c/lio_sam_op/srv/detail/save_map__type_support.c.o[0m
[ 42%] [32m[1mLinking CXX shared library liblio_sam_op__rosidl_typesupport_c.so[0m
[ 44%] [32m[1mLinking CXX shared library liblio_sam_op__rosidl_typesupport_cpp.so[0m
[ 46%] [32m[1mLinking C shared library liblio_sam_op__rosidl_typesupport_introspection_c.so[0m
[ 46%] Built target lio_sam_op__rosidl_typesupport_c
[ 46%] Built target lio_sam_op__rosidl_typesupport_introspection_c
[ 46%] Built target lio_sam_op__rosidl_typesupport_cpp
[ 48%] [32m[1mLinking CXX shared library liblio_sam_op__rosidl_typesupport_fastrtps_cpp.so[0m
[ 51%] [32m[1mLinking CXX shared library liblio_sam_op__rosidl_typesupport_introspection_cpp.so[0m
[ 51%] Built target lio_sam_op__rosidl_typesupport_fastrtps_cpp
[ 51%] Built target lio_sam_op__rosidl_typesupport_introspection_cpp
[ 53%] [34m[1mGenerating C type support for eProsima Fast-RTPS[0m
[ 57%] [32mBuilding CXX object CMakeFiles/lio_sam_op__rosidl_typesupport_fastrtps_c.dir/rosidl_typesupport_fastrtps_c/lio_sam_op/msg/detail/cloud_info__type_support_c.cpp.o[0m
[ 57%] [32mBuilding CXX object CMakeFiles/lio_sam_op__rosidl_typesupport_fastrtps_c.dir/rosidl_typesupport_fastrtps_c/lio_sam_op/srv/detail/save_map__type_support_c.cpp.o[0m
[ 59%] [32m[1mLinking CXX shared library liblio_sam_op__rosidl_typesupport_fastrtps_c.so[0m
[ 59%] Built target lio_sam_op__rosidl_typesupport_fastrtps_c
[ 59%] Built target lio_sam_op
[ 61%] [34m[1mGenerating Python code for ROS interfaces[0m
[ 65%] [32mBuilding CXX object CMakeFiles/lio_sam_op_imageProjection.dir/src/imageProjection.cpp.o[0m
[ 65%] [32mBuilding CXX object CMakeFiles/lio_sam_op_featureExtraction.dir/src/featureExtraction.cpp.o[0m
[ 67%] [32mBuilding CXX object CMakeFiles/lio_sam_op_transformFusion.dir/src/transformFusion.cpp.o[0m
[ 69%] [32mBuilding CXX object CMakeFiles/lio_sam_op_imuPreintegration.dir/src/imuPreintegration.cpp.o[0m
[ 71%] [32mBuilding CXX object CMakeFiles/lio_sam_op_mapOptimization.dir/src/mapOptimization.cpp.o[0m
[ 71%] Built target lio_sam_op__py
[ 75%] [32mBuilding C object CMakeFiles/lio_sam_op__python.dir/rosidl_generator_py/lio_sam_op/srv/_save_map_s.c.o[0m
[ 75%] [32mBuilding C object CMakeFiles/lio_sam_op__python.dir/rosidl_generator_py/lio_sam_op/msg/_cloud_info_s.c.o[0m
[ 77%] [32m[1mLinking C shared library rosidl_generator_py/lio_sam_op/liblio_sam_op__python.so[0m
[ 77%] Built target lio_sam_op__python
[ 79%] [32mBuilding C object CMakeFiles/lio_sam_op__rosidl_typesupport_fastrtps_c__pyext.dir/rosidl_generator_py/lio_sam_op/_lio_sam_op_s.ep.rosidl_typesupport_fastrtps_c.c.o[0m
[ 81%] [32mBuilding C object CMakeFiles/lio_sam_op__rosidl_typesupport_introspection_c__pyext.dir/rosidl_generator_py/lio_sam_op/_lio_sam_op_s.ep.rosidl_typesupport_introspection_c.c.o[0m
[ 83%] [32mBuilding C object CMakeFiles/lio_sam_op__rosidl_typesupport_c__pyext.dir/rosidl_generator_py/lio_sam_op/_lio_sam_op_s.ep.rosidl_typesupport_c.c.o[0m
[ 85%] [32m[1mLinking C shared library rosidl_generator_py/lio_sam_op/lio_sam_op_s__rosidl_typesupport_introspection_c.cpython-38-x86_64-linux-gnu.so[0m
[ 87%] [32m[1mLinking CXX shared library rosidl_generator_py/lio_sam_op/lio_sam_op_s__rosidl_typesupport_fastrtps_c.cpython-38-x86_64-linux-gnu.so[0m
[ 89%] [32m[1mLinking C shared library rosidl_generator_py/lio_sam_op/lio_sam_op_s__rosidl_typesupport_c.cpython-38-x86_64-linux-gnu.so[0m
[ 89%] Built target lio_sam_op__rosidl_typesupport_c__pyext
[ 89%] Built target lio_sam_op__rosidl_typesupport_introspection_c__pyext
[ 89%] Built target lio_sam_op__rosidl_typesupport_fastrtps_c__pyext
In file included from [01m[K/usr/include/boost/preprocessor/tuple/elem.hpp:23[m[K,
                 from [01m[K/usr/include/boost/preprocessor/arithmetic/add.hpp:21[m[K,
                 from [01m[K/usr/include/boost/mpl/aux_/preprocessor/def_params_tail.hpp:66[m[K,
                 from [01m[K/usr/include/boost/mpl/aux_/na_spec.hpp:28[m[K,
                 from [01m[K/usr/include/boost/mpl/not.hpp:20[m[K,
                 from [01m[K/usr/include/boost/mpl/assert.hpp:17[m[K,
                 from [01m[K/usr/include/pcl-1.10/pcl/point_traits.h:48[m[K,
                 from [01m[K/usr/include/pcl-1.10/pcl/point_cloud.h:50[m[K,
                 from [01m[K/home/korey/Desktop/lio_nav2/src/LIO-SAM/include/lio_sam_op/utility.hpp:21[m[K,
                 from [01m[K/home/korey/Desktop/lio_nav2/src/LIO-SAM/src/imageProjection.cpp:37[m[K:
[01m[K/home/korey/Desktop/lio_nav2/src/LIO-SAM/src/imageProjection.cpp:58:104:[m[K [01;35m[Kwarning: [m[K‘[01m[Kusing uint16_t = uint16_t[m[K’ is deprecated: use std::uint16_t instead of pcl::uint16_t [[01;35m[K-Wdeprecated-declarations[m[K]
   58 |                                   (float, x, x)(float, y, y)(float, z, z)(float, intensity, intensity)([01;35m[Kuint16_t[m[K, ring, ring)(float, time, time))
      |                                                                                                        [01;35m[K^~~~~~~~[m[K
In file included from [01m[K/usr/include/pcl-1.10/pcl/PCLHeader.h:10[m[K,
                 from [01m[K/usr/include/pcl-1.10/pcl/point_cloud.h:47[m[K,
                 from [01m[K/home/korey/Desktop/lio_nav2/src/LIO-SAM/include/lio_sam_op/utility.hpp:21[m[K,
                 from [01m[K/home/korey/Desktop/lio_nav2/src/LIO-SAM/src/imageProjection.cpp:37[m[K:
[01m[K/usr/include/pcl-1.10/pcl/pcl_macros.h:94:9:[m[K [01;36m[Knote: [m[Kdeclared here
   94 |   using [01;36m[Kuint16_t[m[K [[deprecated("use std::uint16_t instead of pcl::uint16_t")]] = std::uint16_t;
      |         [01;36m[K^~~~~~~~[m[K
In file included from [01m[K/usr/include/boost/preprocessor/tuple/elem.hpp:23[m[K,
                 from [01m[K/usr/include/boost/preprocessor/arithmetic/add.hpp:21[m[K,
                 from [01m[K/usr/include/boost/mpl/aux_/preprocessor/def_params_tail.hpp:66[m[K,
                 from [01m[K/usr/include/boost/mpl/aux_/na_spec.hpp:28[m[K,
                 from [01m[K/usr/include/boost/mpl/not.hpp:20[m[K,
                 from [01m[K/usr/include/boost/mpl/assert.hpp:17[m[K,
                 from [01m[K/usr/include/pcl-1.10/pcl/point_traits.h:48[m[K,
                 from [01m[K/usr/include/pcl-1.10/pcl/point_cloud.h:50[m[K,
                 from [01m[K/home/korey/Desktop/lio_nav2/src/LIO-SAM/include/lio_sam_op/utility.hpp:21[m[K,
                 from [01m[K/home/korey/Desktop/lio_nav2/src/LIO-SAM/src/imageProjection.cpp:37[m[K:
[01m[K/home/korey/Desktop/lio_nav2/src/LIO-SAM/src/imageProjection.cpp:75:104:[m[K [01;35m[Kwarning: [m[K‘[01m[Kusing uint32_t = uint32_t[m[K’ is deprecated: use std::uint32_t instead of pcl::uint32_t [[01;35m[K-Wdeprecated-declarations[m[K]
   75 |                                   (float, x, x)(float, y, y)(float, z, z)(float, intensity, intensity)([01;35m[Kuint32_t[m[K, t, t)(uint16_t, reflectivity, reflectivity)(uint8_t, ring, ring)(uint16_t, ambient, ambient)(uint32_t, range, range))
      |                                                                                                        [01;35m[K^~~~~~~~[m[K
In file included from [01m[K/usr/include/pcl-1.10/pcl/PCLHeader.h:10[m[K,
                 from [01m[K/usr/include/pcl-1.10/pcl/point_cloud.h:47[m[K,
                 from [01m[K/home/korey/Desktop/lio_nav2/src/LIO-SAM/include/lio_sam_op/utility.hpp:21[m[K,
                 from [01m[K/home/korey/Desktop/lio_nav2/src/LIO-SAM/src/imageProjection.cpp:37[m[K:
[01m[K/usr/include/pcl-1.10/pcl/pcl_macros.h:96:9:[m[K [01;36m[Knote: [m[Kdeclared here
   96 |   using [01;36m[Kuint32_t[m[K [[deprecated("use std::uint32_t instead of pcl::uint32_t")]] = std::uint32_t;
      |         [01;36m[K^~~~~~~~[m[K
In file included from [01m[K/usr/include/boost/preprocessor/tuple/elem.hpp:23[m[K,
                 from [01m[K/usr/include/boost/preprocessor/arithmetic/add.hpp:21[m[K,
                 from [01m[K/usr/include/boost/mpl/aux_/preprocessor/def_params_tail.hpp:66[m[K,
                 from [01m[K/usr/include/boost/mpl/aux_/na_spec.hpp:28[m[K,
                 from [01m[K/usr/include/boost/mpl/not.hpp:20[m[K,
                 from [01m[K/usr/include/boost/mpl/assert.hpp:17[m[K,
                 from [01m[K/usr/include/pcl-1.10/pcl/point_traits.h:48[m[K,
                 from [01m[K/usr/include/pcl-1.10/pcl/point_cloud.h:50[m[K,
                 from [01m[K/home/korey/Desktop/lio_nav2/src/LIO-SAM/include/lio_sam_op/utility.hpp:21[m[K,
                 from [01m[K/home/korey/Desktop/lio_nav2/src/LIO-SAM/src/imageProjection.cpp:37[m[K:
[01m[K/home/korey/Desktop/lio_nav2/src/LIO-SAM/src/imageProjection.cpp:75:120:[m[K [01;35m[Kwarning: [m[K‘[01m[Kusing uint16_t = uint16_t[m[K’ is deprecated: use std::uint16_t instead of pcl::uint16_t [[01;35m[K-Wdeprecated-declarations[m[K]
   75 |                                   (float, x, x)(float, y, y)(float, z, z)(float, intensity, intensity)(uint32_t, t, t)([01;35m[Kuint16_t[m[K, reflectivity, reflectivity)(uint8_t, ring, ring)(uint16_t, ambient, ambient)(uint32_t, range, range))
      |                                                                                                                        [01;35m[K^~~~~~~~[m[K
In file included from [01m[K/usr/include/pcl-1.10/pcl/PCLHeader.h:10[m[K,
                 from [01m[K/usr/include/pcl-1.10/pcl/point_cloud.h:47[m[K,
                 from [01m[K/home/korey/Desktop/lio_nav2/src/LIO-SAM/include/lio_sam_op/utility.hpp:21[m[K,
                 from [01m[K/home/korey/Desktop/lio_nav2/src/LIO-SAM/src/imageProjection.cpp:37[m[K:
[01m[K/usr/include/pcl-1.10/pcl/pcl_macros.h:94:9:[m[K [01;36m[Knote: [m[Kdeclared here
   94 |   using [01;36m[Kuint16_t[m[K [[deprecated("use std::uint16_t instead of pcl::uint16_t")]] = std::uint16_t;
      |         [01;36m[K^~~~~~~~[m[K
In file included from [01m[K/usr/include/boost/preprocessor/tuple/elem.hpp:23[m[K,
                 from [01m[K/usr/include/boost/preprocessor/arithmetic/add.hpp:21[m[K,
                 from [01m[K/usr/include/boost/mpl/aux_/preprocessor/def_params_tail.hpp:66[m[K,
                 from [01m[K/usr/include/boost/mpl/aux_/na_spec.hpp:28[m[K,
                 from [01m[K/usr/include/boost/mpl/not.hpp:20[m[K,
                 from [01m[K/usr/include/boost/mpl/assert.hpp:17[m[K,
                 from [01m[K/usr/include/pcl-1.10/pcl/point_traits.h:48[m[K,
                 from [01m[K/usr/include/pcl-1.10/pcl/point_cloud.h:50[m[K,
                 from [01m[K/home/korey/Desktop/lio_nav2/src/LIO-SAM/include/lio_sam_op/utility.hpp:21[m[K,
                 from [01m[K/home/korey/Desktop/lio_nav2/src/LIO-SAM/src/imageProjection.cpp:37[m[K:
[01m[K/home/korey/Desktop/lio_nav2/src/LIO-SAM/src/imageProjection.cpp:75:158:[m[K [01;35m[Kwarning: [m[K‘[01m[Kusing uint8_t = uint8_t[m[K’ is deprecated: use std::uint8_t instead of pcl::uint8_t [[01;35m[K-Wdeprecated-declarations[m[K]
   75 |                                   (float, x, x)(float, y, y)(float, z, z)(float, intensity, intensity)(uint32_t, t, t)(uint16_t, reflectivity, reflectivity)([01;35m[Kuint8_t[m[K, ring, ring)(uint16_t, ambient, ambient)(uint32_t, range, range))
      |                                                                                                                                                              [01;35m[K^~~~~~~[m[K
In file included from [01m[K/usr/include/pcl-1.10/pcl/PCLHeader.h:10[m[K,
                 from [01m[K/usr/include/pcl-1.10/pcl/point_cloud.h:47[m[K,
                 from [01m[K/home/korey/Desktop/lio_nav2/src/LIO-SAM/include/lio_sam_op/utility.hpp:21[m[K,
                 from [01m[K/home/korey/Desktop/lio_nav2/src/LIO-SAM/src/imageProjection.cpp:37[m[K:
[01m[K/usr/include/pcl-1.10/pcl/pcl_macros.h:92:9:[m[K [01;36m[Knote: [m[Kdeclared here
   92 |   using [01;36m[Kuint8_t[m[K [[deprecated("use std::uint8_t instead of pcl::uint8_t")]] = std::uint8_t;
      |         [01;36m[K^~~~~~~[m[K
In file included from [01m[K/usr/include/boost/preprocessor/tuple/elem.hpp:23[m[K,
                 from [01m[K/usr/include/boost/preprocessor/arithmetic/add.hpp:21[m[K,
                 from [01m[K/usr/include/boost/mpl/aux_/preprocessor/def_params_tail.hpp:66[m[K,
                 from [01m[K/usr/include/boost/mpl/aux_/na_spec.hpp:28[m[K,
                 from [01m[K/usr/include/boost/mpl/not.hpp:20[m[K,
                 from [01m[K/usr/include/boost/mpl/assert.hpp:17[m[K,
                 from [01m[K/usr/include/pcl-1.10/pcl/point_traits.h:48[m[K,
                 from [01m[K/usr/include/pcl-1.10/pcl/point_cloud.h:50[m[K,
                 from [01m[K/home/korey/Desktop/lio_nav2/src/LIO-SAM/include/lio_sam_op/utility.hpp:21[m[K,
                 from [01m[K/home/korey/Desktop/lio_nav2/src/LIO-SAM/src/imageProjection.cpp:37[m[K:
[01m[K/home/korey/Desktop/lio_nav2/src/LIO-SAM/src/imageProjection.cpp:75:179:[m[K [01;35m[Kwarning: [m[K‘[01m[Kusing uint16_t = uint16_t[m[K’ is deprecated: use std::uint16_t instead of pcl::uint16_t [[01;35m[K-Wdeprecated-declarations[m[K]
   75 |                                   (float, x, x)(float, y, y)(float, z, z)(float, intensity, intensity)(uint32_t, t, t)(uint16_t, reflectivity, reflectivity)(uint8_t, ring, ring)([01;35m[Kuint16_t[m[K, ambient, ambient)(uint32_t, range, range))
      |                                                                                                                                                                                   [01;35m[K^~~~~~~~[m[K
In file included from [01m[K/usr/include/pcl-1.10/pcl/PCLHeader.h:10[m[K,
                 from [01m[K/usr/include/pcl-1.10/pcl/point_cloud.h:47[m[K,
                 from [01m[K/home/korey/Desktop/lio_nav2/src/LIO-SAM/include/lio_sam_op/utility.hpp:21[m[K,
                 from [01m[K/home/korey/Desktop/lio_nav2/src/LIO-SAM/src/imageProjection.cpp:37[m[K:
[01m[K/usr/include/pcl-1.10/pcl/pcl_macros.h:94:9:[m[K [01;36m[Knote: [m[Kdeclared here
   94 |   using [01;36m[Kuint16_t[m[K [[deprecated("use std::uint16_t instead of pcl::uint16_t")]] = std::uint16_t;
      |         [01;36m[K^~~~~~~~[m[K
In file included from [01m[K/usr/include/boost/preprocessor/tuple/elem.hpp:23[m[K,
                 from [01m[K/usr/include/boost/preprocessor/arithmetic/add.hpp:21[m[K,
                 from [01m[K/usr/include/boost/mpl/aux_/preprocessor/def_params_tail.hpp:66[m[K,
                 from [01m[K/usr/include/boost/mpl/aux_/na_spec.hpp:28[m[K,
                 from [01m[K/usr/include/boost/mpl/not.hpp:20[m[K,
                 from [01m[K/usr/include/boost/mpl/assert.hpp:17[m[K,
                 from [01m[K/usr/include/pcl-1.10/pcl/point_traits.h:48[m[K,
                 from [01m[K/usr/include/pcl-1.10/pcl/point_cloud.h:50[m[K,
                 from [01m[K/home/korey/Desktop/lio_nav2/src/LIO-SAM/include/lio_sam_op/utility.hpp:21[m[K,
                 from [01m[K/home/korey/Desktop/lio_nav2/src/LIO-SAM/src/imageProjection.cpp:37[m[K:
[01m[K/home/korey/Desktop/lio_nav2/src/LIO-SAM/src/imageProjection.cpp:75:207:[m[K [01;35m[Kwarning: [m[K‘[01m[Kusing uint32_t = uint32_t[m[K’ is deprecated: use std::uint32_t instead of pcl::uint32_t [[01;35m[K-Wdeprecated-declarations[m[K]
   75 |                                   (float, x, x)(float, y, y)(float, z, z)(float, intensity, intensity)(uint32_t, t, t)(uint16_t, reflectivity, reflectivity)(uint8_t, ring, ring)(uint16_t, ambient, ambient)([01;35m[Kuint32_t[m[K, range, range))
      |                                                                                                                                                                                                               [01;35m[K^~~~~~~~[m[K
In file included from [01m[K/usr/include/pcl-1.10/pcl/PCLHeader.h:10[m[K,
                 from [01m[K/usr/include/pcl-1.10/pcl/point_cloud.h:47[m[K,
                 from [01m[K/home/korey/Desktop/lio_nav2/src/LIO-SAM/include/lio_sam_op/utility.hpp:21[m[K,
                 from [01m[K/home/korey/Desktop/lio_nav2/src/LIO-SAM/src/imageProjection.cpp:37[m[K:
[01m[K/usr/include/pcl-1.10/pcl/pcl_macros.h:96:9:[m[K [01;36m[Knote: [m[Kdeclared here
   96 |   using [01;36m[Kuint32_t[m[K [[deprecated("use std::uint32_t instead of pcl::uint32_t")]] = std::uint32_t;
      |         [01;36m[K^~~~~~~~[m[K
[ 91%] [32m[1mLinking CXX executable lio_sam_op_featureExtraction[0m
[ 91%] Built target lio_sam_op_featureExtraction
[ 93%] [32m[1mLinking CXX executable lio_sam_op_transformFusion[0m
[ 93%] Built target lio_sam_op_transformFusion
[ 95%] [32m[1mLinking CXX executable lio_sam_op_imageProjection[0m
[ 95%] Built target lio_sam_op_imageProjection
[ 97%] [32m[1mLinking CXX executable lio_sam_op_imuPreintegration[0m
[ 97%] Built target lio_sam_op_imuPreintegration
[100%] [32m[1mLinking CXX executable lio_sam_op_mapOptimization[0m
[100%] Built target lio_sam_op_mapOptimization
-- Install configuration: "Release"
-- Installing: /home/korey/Desktop/lio_nav2/install/lio_sam_op/share/ament_index/resource_index/rosidl_interfaces/lio_sam_op
-- Installing: /home/korey/Desktop/lio_nav2/install/lio_sam_op/include/lio_sam_op
-- Installing: /home/korey/Desktop/lio_nav2/install/lio_sam_op/include/lio_sam_op/srv
-- Installing: /home/korey/Desktop/lio_nav2/install/lio_sam_op/include/lio_sam_op/srv/detail
-- Installing: /home/korey/Desktop/lio_nav2/install/lio_sam_op/include/lio_sam_op/srv/detail/save_map__struct.h
-- Installing: /home/korey/Desktop/lio_nav2/install/lio_sam_op/include/lio_sam_op/srv/detail/save_map__type_support.h
-- Installing: /home/korey/Desktop/lio_nav2/install/lio_sam_op/include/lio_sam_op/srv/detail/save_map__functions.c
-- Installing: /home/korey/Desktop/lio_nav2/install/lio_sam_op/include/lio_sam_op/srv/detail/save_map__functions.h
-- Installing: /home/korey/Desktop/lio_nav2/install/lio_sam_op/include/lio_sam_op/srv/save_map.h
-- Installing: /home/korey/Desktop/lio_nav2/install/lio_sam_op/include/lio_sam_op/msg
-- Installing: /home/korey/Desktop/lio_nav2/install/lio_sam_op/include/lio_sam_op/msg/rosidl_generator_c__visibility_control.h
-- Installing: /home/korey/Desktop/lio_nav2/install/lio_sam_op/include/lio_sam_op/msg/cloud_info.h
-- Installing: /home/korey/Desktop/lio_nav2/install/lio_sam_op/include/lio_sam_op/msg/detail
-- Installing: /home/korey/Desktop/lio_nav2/install/lio_sam_op/include/lio_sam_op/msg/detail/cloud_info__functions.h
-- Installing: /home/korey/Desktop/lio_nav2/install/lio_sam_op/include/lio_sam_op/msg/detail/cloud_info__functions.c
-- Installing: /home/korey/Desktop/lio_nav2/install/lio_sam_op/include/lio_sam_op/msg/detail/cloud_info__type_support.h
-- Installing: /home/korey/Desktop/lio_nav2/install/lio_sam_op/include/lio_sam_op/msg/detail/cloud_info__struct.h
-- Installing: /home/korey/Desktop/lio_nav2/install/lio_sam_op/share/lio_sam_op/environment/library_path.sh
-- Installing: /home/korey/Desktop/lio_nav2/install/lio_sam_op/share/lio_sam_op/environment/library_path.dsv
-- Installing: /home/korey/Desktop/lio_nav2/install/lio_sam_op/lib/liblio_sam_op__rosidl_generator_c.so
-- Set runtime path of "/home/korey/Desktop/lio_nav2/install/lio_sam_op/lib/liblio_sam_op__rosidl_generator_c.so" to ""
-- Up-to-date: /home/korey/Desktop/lio_nav2/install/lio_sam_op/include/lio_sam_op
-- Up-to-date: /home/korey/Desktop/lio_nav2/install/lio_sam_op/include/lio_sam_op/srv
-- Up-to-date: /home/korey/Desktop/lio_nav2/install/lio_sam_op/include/lio_sam_op/srv/detail
-- Installing: /home/korey/Desktop/lio_nav2/install/lio_sam_op/include/lio_sam_op/srv/detail/save_map__rosidl_typesupport_fastrtps_c.h
-- Up-to-date: /home/korey/Desktop/lio_nav2/install/lio_sam_op/include/lio_sam_op/msg
-- Up-to-date: /home/korey/Desktop/lio_nav2/install/lio_sam_op/include/lio_sam_op/msg/detail
-- Installing: /home/korey/Desktop/lio_nav2/install/lio_sam_op/include/lio_sam_op/msg/detail/cloud_info__rosidl_typesupport_fastrtps_c.h
-- Installing: /home/korey/Desktop/lio_nav2/install/lio_sam_op/include/lio_sam_op/msg/rosidl_typesupport_fastrtps_c__visibility_control.h
-- Installing: /home/korey/Desktop/lio_nav2/install/lio_sam_op/lib/liblio_sam_op__rosidl_typesupport_fastrtps_c.so
-- Set runtime path of "/home/korey/Desktop/lio_nav2/install/lio_sam_op/lib/liblio_sam_op__rosidl_typesupport_fastrtps_c.so" to ""
-- Up-to-date: /home/korey/Desktop/lio_nav2/install/lio_sam_op/include/lio_sam_op
-- Up-to-date: /home/korey/Desktop/lio_nav2/install/lio_sam_op/include/lio_sam_op/srv
-- Up-to-date: /home/korey/Desktop/lio_nav2/install/lio_sam_op/include/lio_sam_op/srv/detail
-- Installing: /home/korey/Desktop/lio_nav2/install/lio_sam_op/include/lio_sam_op/srv/detail/dds_fastrtps
-- Installing: /home/korey/Desktop/lio_nav2/install/lio_sam_op/include/lio_sam_op/srv/detail/save_map__rosidl_typesupport_fastrtps_cpp.hpp
-- Up-to-date: /home/korey/Desktop/lio_nav2/install/lio_sam_op/include/lio_sam_op/msg
-- Up-to-date: /home/korey/Desktop/lio_nav2/install/lio_sam_op/include/lio_sam_op/msg/detail
-- Installing: /home/korey/Desktop/lio_nav2/install/lio_sam_op/include/lio_sam_op/msg/detail/dds_fastrtps
-- Installing: /home/korey/Desktop/lio_nav2/install/lio_sam_op/include/lio_sam_op/msg/detail/cloud_info__rosidl_typesupport_fastrtps_cpp.hpp
-- Installing: /home/korey/Desktop/lio_nav2/install/lio_sam_op/include/lio_sam_op/msg/rosidl_typesupport_fastrtps_cpp__visibility_control.h
-- Installing: /home/korey/Desktop/lio_nav2/install/lio_sam_op/lib/liblio_sam_op__rosidl_typesupport_fastrtps_cpp.so
-- Set runtime path of "/home/korey/Desktop/lio_nav2/install/lio_sam_op/lib/liblio_sam_op__rosidl_typesupport_fastrtps_cpp.so" to ""
-- Up-to-date: /home/korey/Desktop/lio_nav2/install/lio_sam_op/include/lio_sam_op
-- Up-to-date: /home/korey/Desktop/lio_nav2/install/lio_sam_op/include/lio_sam_op/srv
-- Up-to-date: /home/korey/Desktop/lio_nav2/install/lio_sam_op/include/lio_sam_op/srv/detail
-- Installing: /home/korey/Desktop/lio_nav2/install/lio_sam_op/include/lio_sam_op/srv/detail/save_map__rosidl_typesupport_introspection_c.h
-- Installing: /home/korey/Desktop/lio_nav2/install/lio_sam_op/include/lio_sam_op/srv/detail/save_map__type_support.c
-- Up-to-date: /home/korey/Desktop/lio_nav2/install/lio_sam_op/include/lio_sam_op/msg
-- Installing: /home/korey/Desktop/lio_nav2/install/lio_sam_op/include/lio_sam_op/msg/rosidl_typesupport_introspection_c__visibility_control.h
-- Up-to-date: /home/korey/Desktop/lio_nav2/install/lio_sam_op/include/lio_sam_op/msg/detail
-- Installing: /home/korey/Desktop/lio_nav2/install/lio_sam_op/include/lio_sam_op/msg/detail/cloud_info__type_support.c
-- Installing: /home/korey/Desktop/lio_nav2/install/lio_sam_op/include/lio_sam_op/msg/detail/cloud_info__rosidl_typesupport_introspection_c.h
-- Installing: /home/korey/Desktop/lio_nav2/install/lio_sam_op/lib/liblio_sam_op__rosidl_typesupport_introspection_c.so
-- Set runtime path of "/home/korey/Desktop/lio_nav2/install/lio_sam_op/lib/liblio_sam_op__rosidl_typesupport_introspection_c.so" to ""
-- Installing: /home/korey/Desktop/lio_nav2/install/lio_sam_op/lib/liblio_sam_op__rosidl_typesupport_c.so
-- Set runtime path of "/home/korey/Desktop/lio_nav2/install/lio_sam_op/lib/liblio_sam_op__rosidl_typesupport_c.so" to ""
-- Up-to-date: /home/korey/Desktop/lio_nav2/install/lio_sam_op/include/lio_sam_op
-- Up-to-date: /home/korey/Desktop/lio_nav2/install/lio_sam_op/include/lio_sam_op/srv
-- Up-to-date: /home/korey/Desktop/lio_nav2/install/lio_sam_op/include/lio_sam_op/srv/detail
-- Installing: /home/korey/Desktop/lio_nav2/install/lio_sam_op/include/lio_sam_op/srv/detail/save_map__traits.hpp
-- Installing: /home/korey/Desktop/lio_nav2/install/lio_sam_op/include/lio_sam_op/srv/detail/save_map__builder.hpp
-- Installing: /home/korey/Desktop/lio_nav2/install/lio_sam_op/include/lio_sam_op/srv/detail/save_map__struct.hpp
-- Installing: /home/korey/Desktop/lio_nav2/install/lio_sam_op/include/lio_sam_op/srv/detail/save_map__type_support.hpp
-- Installing: /home/korey/Desktop/lio_nav2/install/lio_sam_op/include/lio_sam_op/srv/save_map.hpp
-- Up-to-date: /home/korey/Desktop/lio_nav2/install/lio_sam_op/include/lio_sam_op/msg
-- Installing: /home/korey/Desktop/lio_nav2/install/lio_sam_op/include/lio_sam_op/msg/rosidl_generator_cpp__visibility_control.hpp
-- Up-to-date: /home/korey/Desktop/lio_nav2/install/lio_sam_op/include/lio_sam_op/msg/detail
-- Installing: /home/korey/Desktop/lio_nav2/install/lio_sam_op/include/lio_sam_op/msg/detail/cloud_info__traits.hpp
-- Installing: /home/korey/Desktop/lio_nav2/install/lio_sam_op/include/lio_sam_op/msg/detail/cloud_info__type_support.hpp
-- Installing: /home/korey/Desktop/lio_nav2/install/lio_sam_op/include/lio_sam_op/msg/detail/cloud_info__builder.hpp
-- Installing: /home/korey/Desktop/lio_nav2/install/lio_sam_op/include/lio_sam_op/msg/detail/cloud_info__struct.hpp
-- Installing: /home/korey/Desktop/lio_nav2/install/lio_sam_op/include/lio_sam_op/msg/cloud_info.hpp
-- Up-to-date: /home/korey/Desktop/lio_nav2/install/lio_sam_op/include/lio_sam_op
-- Up-to-date: /home/korey/Desktop/lio_nav2/install/lio_sam_op/include/lio_sam_op/srv
-- Up-to-date: /home/korey/Desktop/lio_nav2/install/lio_sam_op/include/lio_sam_op/srv/detail
-- Installing: /home/korey/Desktop/lio_nav2/install/lio_sam_op/include/lio_sam_op/srv/detail/save_map__type_support.cpp
-- Installing: /home/korey/Desktop/lio_nav2/install/lio_sam_op/include/lio_sam_op/srv/detail/save_map__rosidl_typesupport_introspection_cpp.hpp
-- Up-to-date: /home/korey/Desktop/lio_nav2/install/lio_sam_op/include/lio_sam_op/msg
-- Up-to-date: /home/korey/Desktop/lio_nav2/install/lio_sam_op/include/lio_sam_op/msg/detail
-- Installing: /home/korey/Desktop/lio_nav2/install/lio_sam_op/include/lio_sam_op/msg/detail/cloud_info__type_support.cpp
-- Installing: /home/korey/Desktop/lio_nav2/install/lio_sam_op/include/lio_sam_op/msg/detail/cloud_info__rosidl_typesupport_introspection_cpp.hpp
-- Installing: /home/korey/Desktop/lio_nav2/install/lio_sam_op/lib/liblio_sam_op__rosidl_typesupport_introspection_cpp.so
-- Set runtime path of "/home/korey/Desktop/lio_nav2/install/lio_sam_op/lib/liblio_sam_op__rosidl_typesupport_introspection_cpp.so" to ""
-- Installing: /home/korey/Desktop/lio_nav2/install/lio_sam_op/lib/liblio_sam_op__rosidl_typesupport_cpp.so
-- Set runtime path of "/home/korey/Desktop/lio_nav2/install/lio_sam_op/lib/liblio_sam_op__rosidl_typesupport_cpp.so" to ""
-- Installing: /home/korey/Desktop/lio_nav2/install/lio_sam_op/share/lio_sam_op/environment/pythonpath.sh
-- Installing: /home/korey/Desktop/lio_nav2/install/lio_sam_op/share/lio_sam_op/environment/pythonpath.dsv
-- Installing: /home/korey/Desktop/lio_nav2/install/lio_sam_op/lib/python3.8/site-packages/lio_sam_op/__init__.py
Compiling '/home/korey/Desktop/lio_nav2/install/lio_sam_op/lib/python3.8/site-packages/lio_sam_op/__init__.py'...
-- Installing: /home/korey/Desktop/lio_nav2/install/lio_sam_op/lib/python3.8/site-packages/lio_sam_op/msg
-- Installing: /home/korey/Desktop/lio_nav2/install/lio_sam_op/lib/python3.8/site-packages/lio_sam_op/msg/_cloud_info_s.c
-- Installing: /home/korey/Desktop/lio_nav2/install/lio_sam_op/lib/python3.8/site-packages/lio_sam_op/msg/__init__.py
-- Installing: /home/korey/Desktop/lio_nav2/install/lio_sam_op/lib/python3.8/site-packages/lio_sam_op/msg/_cloud_info.py
-- Installing: /home/korey/Desktop/lio_nav2/install/lio_sam_op/lib/python3.8/site-packages/lio_sam_op/srv
-- Installing: /home/korey/Desktop/lio_nav2/install/lio_sam_op/lib/python3.8/site-packages/lio_sam_op/srv/_save_map.py
-- Installing: /home/korey/Desktop/lio_nav2/install/lio_sam_op/lib/python3.8/site-packages/lio_sam_op/srv/__init__.py
-- Installing: /home/korey/Desktop/lio_nav2/install/lio_sam_op/lib/python3.8/site-packages/lio_sam_op/srv/_save_map_s.c
-- Installing: /home/korey/Desktop/lio_nav2/install/lio_sam_op/lib/python3.8/site-packages/lio_sam_op/lio_sam_op_s__rosidl_typesupport_fastrtps_c.cpython-38-x86_64-linux-gnu.so
-- Set runtime path of "/home/korey/Desktop/lio_nav2/install/lio_sam_op/lib/python3.8/site-packages/lio_sam_op/lio_sam_op_s__rosidl_typesupport_fastrtps_c.cpython-38-x86_64-linux-gnu.so" to ""
-- Installing: /home/korey/Desktop/lio_nav2/install/lio_sam_op/lib/python3.8/site-packages/lio_sam_op/lio_sam_op_s__rosidl_typesupport_introspection_c.cpython-38-x86_64-linux-gnu.so
-- Set runtime path of "/home/korey/Desktop/lio_nav2/install/lio_sam_op/lib/python3.8/site-packages/lio_sam_op/lio_sam_op_s__rosidl_typesupport_introspection_c.cpython-38-x86_64-linux-gnu.so" to ""
-- Installing: /home/korey/Desktop/lio_nav2/install/lio_sam_op/lib/python3.8/site-packages/lio_sam_op/lio_sam_op_s__rosidl_typesupport_c.cpython-38-x86_64-linux-gnu.so
-- Set runtime path of "/home/korey/Desktop/lio_nav2/install/lio_sam_op/lib/python3.8/site-packages/lio_sam_op/lio_sam_op_s__rosidl_typesupport_c.cpython-38-x86_64-linux-gnu.so" to ""
-- Installing: /home/korey/Desktop/lio_nav2/install/lio_sam_op/lib/liblio_sam_op__python.so
-- Set runtime path of "/home/korey/Desktop/lio_nav2/install/lio_sam_op/lib/liblio_sam_op__python.so" to ""
-- Installing: /home/korey/Desktop/lio_nav2/install/lio_sam_op/share/lio_sam_op/msg/CloudInfo.idl
-- Installing: /home/korey/Desktop/lio_nav2/install/lio_sam_op/share/lio_sam_op/srv/SaveMap.idl
-- Installing: /home/korey/Desktop/lio_nav2/install/lio_sam_op/share/lio_sam_op/msg/CloudInfo.msg
-- Installing: /home/korey/Desktop/lio_nav2/install/lio_sam_op/share/lio_sam_op/srv/SaveMap.srv
-- Installing: /home/korey/Desktop/lio_nav2/install/lio_sam_op/share/lio_sam_op/srv/SaveMap_Request.msg
-- Installing: /home/korey/Desktop/lio_nav2/install/lio_sam_op/share/lio_sam_op/srv/SaveMap_Response.msg
-- Installing: /home/korey/Desktop/lio_nav2/install/lio_sam_op/lib/lio_sam_op/lio_sam_op_imageProjection
-- Set runtime path of "/home/korey/Desktop/lio_nav2/install/lio_sam_op/lib/lio_sam_op/lio_sam_op_imageProjection" to ""
-- Installing: /home/korey/Desktop/lio_nav2/install/lio_sam_op/lib/lio_sam_op/lio_sam_op_featureExtraction
-- Set runtime path of "/home/korey/Desktop/lio_nav2/install/lio_sam_op/lib/lio_sam_op/lio_sam_op_featureExtraction" to ""
-- Installing: /home/korey/Desktop/lio_nav2/install/lio_sam_op/lib/lio_sam_op/lio_sam_op_imuPreintegration
-- Set runtime path of "/home/korey/Desktop/lio_nav2/install/lio_sam_op/lib/lio_sam_op/lio_sam_op_imuPreintegration" to ""
-- Installing: /home/korey/Desktop/lio_nav2/install/lio_sam_op/lib/lio_sam_op/lio_sam_op_mapOptimization
-- Set runtime path of "/home/korey/Desktop/lio_nav2/install/lio_sam_op/lib/lio_sam_op/lio_sam_op_mapOptimization" to ""
-- Installing: /home/korey/Desktop/lio_nav2/install/lio_sam_op/lib/lio_sam_op/lio_sam_op_transformFusion
-- Set runtime path of "/home/korey/Desktop/lio_nav2/install/lio_sam_op/lib/lio_sam_op/lio_sam_op_transformFusion" to ""
-- Up-to-date: /home/korey/Desktop/lio_nav2/install/lio_sam_op/include/lio_sam_op
-- Installing: /home/korey/Desktop/lio_nav2/install/lio_sam_op/include/lio_sam_op/lio_sam_op
-- Installing: /home/korey/Desktop/lio_nav2/install/lio_sam_op/include/lio_sam_op/lio_sam_op/utility.hpp
-- Installing: /home/korey/Desktop/lio_nav2/install/lio_sam_op/share/lio_sam_op/launch
-- Installing: /home/korey/Desktop/lio_nav2/install/lio_sam_op/share/lio_sam_op/launch/run.launch.py
-- Installing: /home/korey/Desktop/lio_nav2/install/lio_sam_op/share/lio_sam_op/launch/pureLioSam.launch.py
-- Installing: /home/korey/Desktop/lio_nav2/install/lio_sam_op/share/lio_sam_op/launch/__pycache__
-- Installing: /home/korey/Desktop/lio_nav2/install/lio_sam_op/share/lio_sam_op/launch/__pycache__/run.launch.cpython-313.pyc
-- Installing: /home/korey/Desktop/lio_nav2/install/lio_sam_op/share/lio_sam_op/config
-- Installing: /home/korey/Desktop/lio_nav2/install/lio_sam_op/share/lio_sam_op/config/rviz2.rviz
-- Installing: /home/korey/Desktop/lio_nav2/install/lio_sam_op/share/lio_sam_op/config/robot.urdf.xacro
-- Installing: /home/korey/Desktop/lio_nav2/install/lio_sam_op/share/lio_sam_op/config/params_default.yaml
-- Installing: /home/korey/Desktop/lio_nav2/install/lio_sam_op/share/lio_sam_op/config/params.yaml
-- Installing: /home/korey/Desktop/lio_nav2/install/lio_sam_op/share/ament_index/resource_index/package_run_dependencies/lio_sam_op
-- Installing: /home/korey/Desktop/lio_nav2/install/lio_sam_op/share/ament_index/resource_index/parent_prefix_path/lio_sam_op
-- Installing: /home/korey/Desktop/lio_nav2/install/lio_sam_op/share/lio_sam_op/environment/ament_prefix_path.sh
-- Installing: /home/korey/Desktop/lio_nav2/install/lio_sam_op/share/lio_sam_op/environment/ament_prefix_path.dsv
-- Installing: /home/korey/Desktop/lio_nav2/install/lio_sam_op/share/lio_sam_op/environment/path.sh
-- Installing: /home/korey/Desktop/lio_nav2/install/lio_sam_op/share/lio_sam_op/environment/path.dsv
-- Installing: /home/korey/Desktop/lio_nav2/install/lio_sam_op/share/lio_sam_op/local_setup.bash
-- Installing: /home/korey/Desktop/lio_nav2/install/lio_sam_op/share/lio_sam_op/local_setup.sh
-- Installing: /home/korey/Desktop/lio_nav2/install/lio_sam_op/share/lio_sam_op/local_setup.zsh
-- Installing: /home/korey/Desktop/lio_nav2/install/lio_sam_op/share/lio_sam_op/local_setup.dsv
-- Installing: /home/korey/Desktop/lio_nav2/install/lio_sam_op/share/lio_sam_op/package.dsv
-- Installing: /home/korey/Desktop/lio_nav2/install/lio_sam_op/share/ament_index/resource_index/packages/lio_sam_op
-- Installing: /home/korey/Desktop/lio_nav2/install/lio_sam_op/share/lio_sam_op/cmake/lio_sam_op__rosidl_generator_cExport.cmake
-- Installing: /home/korey/Desktop/lio_nav2/install/lio_sam_op/share/lio_sam_op/cmake/lio_sam_op__rosidl_generator_cExport-release.cmake
-- Installing: /home/korey/Desktop/lio_nav2/install/lio_sam_op/share/lio_sam_op/cmake/lio_sam_op__rosidl_typesupport_introspection_cExport.cmake
-- Installing: /home/korey/Desktop/lio_nav2/install/lio_sam_op/share/lio_sam_op/cmake/lio_sam_op__rosidl_typesupport_introspection_cExport-release.cmake
-- Installing: /home/korey/Desktop/lio_nav2/install/lio_sam_op/share/lio_sam_op/cmake/lio_sam_op__rosidl_typesupport_cExport.cmake
-- Installing: /home/korey/Desktop/lio_nav2/install/lio_sam_op/share/lio_sam_op/cmake/lio_sam_op__rosidl_typesupport_cExport-release.cmake
-- Installing: /home/korey/Desktop/lio_nav2/install/lio_sam_op/share/lio_sam_op/cmake/lio_sam_op__rosidl_generator_cppExport.cmake
-- Installing: /home/korey/Desktop/lio_nav2/install/lio_sam_op/share/lio_sam_op/cmake/lio_sam_op__rosidl_typesupport_introspection_cppExport.cmake
-- Installing: /home/korey/Desktop/lio_nav2/install/lio_sam_op/share/lio_sam_op/cmake/lio_sam_op__rosidl_typesupport_introspection_cppExport-release.cmake
-- Installing: /home/korey/Desktop/lio_nav2/install/lio_sam_op/share/lio_sam_op/cmake/lio_sam_op__rosidl_typesupport_cppExport.cmake
-- Installing: /home/korey/Desktop/lio_nav2/install/lio_sam_op/share/lio_sam_op/cmake/lio_sam_op__rosidl_typesupport_cppExport-release.cmake
-- Installing: /home/korey/Desktop/lio_nav2/install/lio_sam_op/share/lio_sam_op/cmake/rosidl_cmake-extras.cmake
-- Installing: /home/korey/Desktop/lio_nav2/install/lio_sam_op/share/lio_sam_op/cmake/ament_cmake_export_dependencies-extras.cmake
-- Installing: /home/korey/Desktop/lio_nav2/install/lio_sam_op/share/lio_sam_op/cmake/ament_cmake_export_libraries-extras.cmake
-- Installing: /home/korey/Desktop/lio_nav2/install/lio_sam_op/share/lio_sam_op/cmake/ament_cmake_export_targets-extras.cmake
-- Installing: /home/korey/Desktop/lio_nav2/install/lio_sam_op/share/lio_sam_op/cmake/ament_cmake_export_include_directories-extras.cmake
-- Installing: /home/korey/Desktop/lio_nav2/install/lio_sam_op/share/lio_sam_op/cmake/rosidl_cmake_export_typesupport_libraries-extras.cmake
-- Installing: /home/korey/Desktop/lio_nav2/install/lio_sam_op/share/lio_sam_op/cmake/rosidl_cmake_export_typesupport_targets-extras.cmake
-- Installing: /home/korey/Desktop/lio_nav2/install/lio_sam_op/share/lio_sam_op/cmake/lio_sam_opConfig.cmake
-- Installing: /home/korey/Desktop/lio_nav2/install/lio_sam_op/share/lio_sam_op/cmake/lio_sam_opConfig-version.cmake
-- Installing: /home/korey/Desktop/lio_nav2/install/lio_sam_op/share/lio_sam_op/package.xml
