[0.036s] Invoking command in '/home/korey/Desktop/lio_nav2/build/lio_sam_op': CMAKE_PREFIX_PATH=/opt/ros/foxy /home/korey/.local/bin/cmake /home/korey/Desktop/lio_nav2/src/LIO-SAM -DCMAKE_INSTALL_PREFIX=/home/korey/Desktop/lio_nav2/install/lio_sam_op
[0.162s] -- The C compiler identification is GNU 9.4.0
[0.229s] -- The CXX compiler identification is GNU 9.4.0
[0.244s] -- Detecting C compiler ABI info
[0.319s] -- Detecting C compiler ABI info - done
[0.330s] -- Check for working C compiler: /usr/bin/cc - skipped
[0.330s] -- Detecting C compile features
[0.330s] -- Detecting C compile features - done
[0.334s] -- Detecting CXX compiler ABI info
[0.412s] -- Detecting CXX compiler ABI info - done
[0.426s] -- Check for working CXX compiler: /usr/bin/c++ - skipped
[0.426s] -- Detecting CXX compile features
[0.427s] -- Detecting CXX compile features - done
[0.429s] -- Found ament_cmake: 0.9.12 (/opt/ros/foxy/share/ament_cmake/cmake)
[0.454s] -- Found PythonInterp: /usr/bin/python3 (found suitable version "3.8.10", minimum required is "3") 
[0.454s] -- Using PYTHON_EXECUTABLE: /usr/bin/python3
[0.651s] -- Found rosidl_default_generators: 1.0.1 (/opt/ros/foxy/share/rosidl_default_generators/cmake)
[0.656s] -- Using all available rosidl_typesupport_c: rosidl_typesupport_fastrtps_c;rosidl_typesupport_introspection_c
[0.664s] -- Found rosidl_adapter: 1.3.1 (/opt/ros/foxy/share/rosidl_adapter/cmake)
[0.809s] -- Found OpenSSL: /usr/lib/x86_64-linux-gnu/libcrypto.so (found version "1.1.1f")  
[0.844s] -- Found FastRTPS: /opt/ros/foxy/include  
[0.951s] -- Using all available rosidl_typesupport_cpp: rosidl_typesupport_fastrtps_cpp;rosidl_typesupport_introspection_cpp
[0.984s] -- Found rclcpp: 2.4.3 (/opt/ros/foxy/share/rclcpp/cmake)
[1.053s] -- Found rmw_implementation_cmake: 1.0.4 (/opt/ros/foxy/share/rmw_implementation_cmake/cmake)
[1.054s] -- Using RMW implementation 'rmw_fastrtps_cpp' as default
[1.056s] -- Performing Test CMAKE_HAVE_LIBC_PTHREAD
[1.127s] -- Performing Test CMAKE_HAVE_LIBC_PTHREAD - Failed
[1.127s] -- Looking for pthread_create in pthreads
[1.185s] -- Looking for pthread_create in pthreads - not found
[1.185s] -- Looking for pthread_create in pthread
[1.250s] -- Looking for pthread_create in pthread - found
[1.251s] -- Found Threads: TRUE  
[1.397s] -- Found rclpy: 1.0.13 (/opt/ros/foxy/share/rclpy/cmake)
[1.399s] -- Found cv_bridge: 3.0.7 (/opt/ros/foxy/share/cv_bridge/cmake)
[1.533s] -- Found nav_msgs: 2.0.5 (/opt/ros/foxy/share/nav_msgs/cmake)
[1.598s] -- Found visualization_msgs: 2.0.5 (/opt/ros/foxy/share/visualization_msgs/cmake)
[1.662s] -- Found tf2: 0.13.14 (/opt/ros/foxy/share/tf2/cmake)
[1.673s] -- Found tf2_geometry_msgs: 0.13.14 (/opt/ros/foxy/share/tf2_geometry_msgs/cmake)
[1.682s] -- Found eigen3_cmake_module: 0.1.1 (/opt/ros/foxy/share/eigen3_cmake_module/cmake)
[1.686s] -- Found Eigen3: TRUE (found version "3.3.7") 
[2.073s] -- Found tf2_sensor_msgs: 0.13.14 (/opt/ros/foxy/share/tf2_sensor_msgs/cmake)
[2.088s] -- Found tf2_eigen: 0.13.14 (/opt/ros/foxy/share/tf2_eigen/cmake)
[2.095s] -- Found OpenCV: /usr (found version "4.2.0") 
[2.109s] -- Checking for module 'eigen3'
[2.130s] --   Found eigen3, version 3.3.7
[2.186s] -- Found Eigen: /usr/include/eigen3 (Required is at least version "3.1") 
[2.186s] -- Eigen found (include: /usr/include/eigen3, version: 3.3.7)
[2.233s] -- Found Boost: /usr/include (found suitable version "1.71.0", minimum required is "1.55.0") found components: system filesystem date_time iostreams regex 
[2.256s] -- Checking for module 'flann'
[2.277s] --   Found flann, version 1.9.1
[2.344s] -- Found FLANN: /usr/lib/x86_64-linux-gnu/libflann_cpp.so  
[2.382s] -- The imported target "vtkParseOGLExt" references the file
[2.382s]    "/usr/bin/vtkParseOGLExt-7.1"
[2.382s] but this file does not exist.  Possible reasons include:
[2.382s] * The file was deleted, renamed, or moved to another location.
[2.382s] * An install or uninstall procedure did not complete successfully.
[2.382s] * The installation package was faulty and contained
[2.382s]    "/usr/lib/cmake/vtk-7.1/VTKTargets.cmake"
[2.383s] but not all the files it references.
[2.383s] 
[2.383s] -- The imported target "vtkRenderingPythonTkWidgets" references the file
[2.383s]    "/usr/lib/x86_64-linux-gnu/libvtkRenderingPythonTkWidgets.so"
[2.383s] but this file does not exist.  Possible reasons include:
[2.383s] * The file was deleted, renamed, or moved to another location.
[2.383s] * An install or uninstall procedure did not complete successfully.
[2.383s] * The installation package was faulty and contained
[2.383s]    "/usr/lib/cmake/vtk-7.1/VTKTargets.cmake"
[2.383s] but not all the files it references.
[2.383s] 
[2.383s] -- The imported target "vtk" references the file
[2.384s]    "/usr/bin/vtk"
[2.384s] but this file does not exist.  Possible reasons include:
[2.384s] * The file was deleted, renamed, or moved to another location.
[2.384s] * An install or uninstall procedure did not complete successfully.
[2.384s] * The installation package was faulty and contained
[2.384s]    "/usr/lib/cmake/vtk-7.1/VTKTargets.cmake"
[2.384s] but not all the files it references.
[2.384s] 
[2.384s] -- The imported target "pvtk" references the file
[2.384s]    "/usr/bin/pvtk"
[2.384s] but this file does not exist.  Possible reasons include:
[2.384s] * The file was deleted, renamed, or moved to another location.
[2.385s] * An install or uninstall procedure did not complete successfully.
[2.385s] * The installation package was faulty and contained
[2.385s]    "/usr/lib/cmake/vtk-7.1/VTKTargets.cmake"
[2.385s] but not all the files it references.
[2.385s] 
[2.402s] -- Checking for module 'libusb-1.0'
[2.427s] --   Found libusb-1.0, version 1.0.23
[2.486s] [33mCMake Warning (dev) at /home/korey/.local/lib/python3.8/site-packages/cmake/data/share/cmake-3.25/Modules/FindPackageHandleStandardArgs.cmake:438 (message):
[2.486s]   The package name passed to `find_package_handle_standard_args` (USB_10)
[2.486s]   does not match the name of the calling package (OpenNI).  This can lead to
[2.487s]   problems in calling code that expects `find_package` result variables
[2.487s]   (e.g., `_FOUND`) to follow a certain pattern.
[2.487s] Call Stack (most recent call first):
[2.487s]   /usr/lib/x86_64-linux-gnu/cmake/pcl/Modules/FindOpenNI.cmake:28 (find_package_handle_standard_args)
[2.487s]   /usr/lib/x86_64-linux-gnu/cmake/pcl/PCLConfig.cmake:179 (find_package)
[2.487s]   /usr/lib/x86_64-linux-gnu/cmake/pcl/PCLConfig.cmake:322 (find_openni)
[2.487s]   /usr/lib/x86_64-linux-gnu/cmake/pcl/PCLConfig.cmake:548 (find_external_library)
[2.487s]   CMakeLists.txt:28 (find_package)
[2.487s] This warning is for project developers.  Use -Wno-dev to suppress it.
[2.487s] [0m
[2.487s] -- Found USB_10: /usr/lib/x86_64-linux-gnu/libusb-1.0.so  
[2.573s] -- Found OpenNI: /usr/lib/libOpenNI.so  
[2.573s] -- OpenNI found (include: /usr/include/ni, lib: /usr/lib/libOpenNI.so)
[2.583s] [33mCMake Warning (dev) at /home/korey/.local/lib/python3.8/site-packages/cmake/data/share/cmake-3.25/Modules/FindPackageHandleStandardArgs.cmake:438 (message):
[2.583s]   The package name passed to `find_package_handle_standard_args` (USB_10)
[2.583s]   does not match the name of the calling package (OpenNI2).  This can lead to
[2.583s]   problems in calling code that expects `find_package` result variables
[2.583s]   (e.g., `_FOUND`) to follow a certain pattern.
[2.584s] Call Stack (most recent call first):
[2.584s]   /usr/lib/x86_64-linux-gnu/cmake/pcl/Modules/FindOpenNI2.cmake:28 (find_package_handle_standard_args)
[2.584s]   /usr/lib/x86_64-linux-gnu/cmake/pcl/PCLConfig.cmake:193 (find_package)
[2.584s]   /usr/lib/x86_64-linux-gnu/cmake/pcl/PCLConfig.cmake:324 (find_openni2)
[2.584s]   /usr/lib/x86_64-linux-gnu/cmake/pcl/PCLConfig.cmake:548 (find_external_library)
[2.584s]   CMakeLists.txt:28 (find_package)
[2.584s] This warning is for project developers.  Use -Wno-dev to suppress it.
[2.584s] [0m
[2.666s] -- Found OpenNI2: /usr/lib/libOpenNI2.so  
[2.666s] -- OpenNI2 found (include: /usr/include/openni2, lib: /usr/lib/libOpenNI2.so)
[2.667s] [0m** WARNING ** io features related to pcap will be disabled[0m
[2.667s] [0m** WARNING ** io features related to png will be disabled[0m
[2.681s] [33mCMake Warning (dev) at /home/korey/.local/lib/python3.8/site-packages/cmake/data/share/cmake-3.25/Modules/FindPackageHandleStandardArgs.cmake:438 (message):
[2.681s]   The package name passed to `find_package_handle_standard_args` (libusb-1.0)
[2.682s]   does not match the name of the calling package (PCL).  This can lead to
[2.682s]   problems in calling code that expects `find_package` result variables
[2.682s]   (e.g., `_FOUND`) to follow a certain pattern.
[2.682s] Call Stack (most recent call first):
[2.682s]   /usr/lib/x86_64-linux-gnu/cmake/pcl/PCLConfig.cmake:291 (find_package_handle_standard_args)
[2.682s]   /usr/lib/x86_64-linux-gnu/cmake/pcl/PCLConfig.cmake:338 (find_libusb)
[2.682s]   /usr/lib/x86_64-linux-gnu/cmake/pcl/PCLConfig.cmake:548 (find_external_library)
[2.682s]   CMakeLists.txt:28 (find_package)
[2.682s] This warning is for project developers.  Use -Wno-dev to suppress it.
[2.682s] [0m
[2.682s] -- Found libusb-1.0: /usr/include  
[2.682s] [0m** WARNING ** io features related to libusb-1.0 will be disabled[0m
[2.688s] [33mCMake Warning (dev) at /home/korey/.local/lib/python3.8/site-packages/cmake/data/share/cmake-3.25/Modules/FindPackageHandleStandardArgs.cmake:438 (message):
[2.689s]   The package name passed to `find_package_handle_standard_args` (USB_10)
[2.689s]   does not match the name of the calling package (OpenNI).  This can lead to
[2.689s]   problems in calling code that expects `find_package` result variables
[2.689s]   (e.g., `_FOUND`) to follow a certain pattern.
[2.689s] Call Stack (most recent call first):
[2.689s]   /usr/lib/x86_64-linux-gnu/cmake/pcl/Modules/FindOpenNI.cmake:28 (find_package_handle_standard_args)
[2.689s]   /usr/lib/x86_64-linux-gnu/cmake/pcl/PCLConfig.cmake:179 (find_package)
[2.689s]   /usr/lib/x86_64-linux-gnu/cmake/pcl/PCLConfig.cmake:322 (find_openni)
[2.689s]   /usr/lib/x86_64-linux-gnu/cmake/pcl/PCLConfig.cmake:548 (find_external_library)
[2.689s]   CMakeLists.txt:28 (find_package)
[2.689s] This warning is for project developers.  Use -Wno-dev to suppress it.
[2.690s] [0m
[2.690s] -- OpenNI found (include: /usr/include/ni, lib: /usr/lib/libOpenNI.so)
[2.696s] [33mCMake Warning (dev) at /home/korey/.local/lib/python3.8/site-packages/cmake/data/share/cmake-3.25/Modules/FindPackageHandleStandardArgs.cmake:438 (message):
[2.696s]   The package name passed to `find_package_handle_standard_args` (USB_10)
[2.696s]   does not match the name of the calling package (OpenNI2).  This can lead to
[2.696s]   problems in calling code that expects `find_package` result variables
[2.696s]   (e.g., `_FOUND`) to follow a certain pattern.
[2.696s] Call Stack (most recent call first):
[2.696s]   /usr/lib/x86_64-linux-gnu/cmake/pcl/Modules/FindOpenNI2.cmake:28 (find_package_handle_standard_args)
[2.696s]   /usr/lib/x86_64-linux-gnu/cmake/pcl/PCLConfig.cmake:193 (find_package)
[2.696s]   /usr/lib/x86_64-linux-gnu/cmake/pcl/PCLConfig.cmake:324 (find_openni2)
[2.697s]   /usr/lib/x86_64-linux-gnu/cmake/pcl/PCLConfig.cmake:548 (find_external_library)
[2.697s]   CMakeLists.txt:28 (find_package)
[2.697s] This warning is for project developers.  Use -Wno-dev to suppress it.
[2.697s] [0m
[2.697s] -- OpenNI2 found (include: /usr/include/openni2, lib: /usr/lib/libOpenNI2.so)
[2.727s] -- Found Qhull: optimized;/usr/lib/x86_64-linux-gnu/libqhull.so;debug;/usr/lib/x86_64-linux-gnu/libqhull.so  
[2.728s] -- QHULL found (include: /usr/include, lib: optimized;/usr/lib/x86_64-linux-gnu/libqhull.so;debug;/usr/lib/x86_64-linux-gnu/libqhull.so)
[2.737s] [33mCMake Warning (dev) at /home/korey/.local/lib/python3.8/site-packages/cmake/data/share/cmake-3.25/Modules/FindPackageHandleStandardArgs.cmake:438 (message):
[2.737s]   The package name passed to `find_package_handle_standard_args` (USB_10)
[2.737s]   does not match the name of the calling package (OpenNI).  This can lead to
[2.737s]   problems in calling code that expects `find_package` result variables
[2.737s]   (e.g., `_FOUND`) to follow a certain pattern.
[2.738s] Call Stack (most recent call first):
[2.738s]   /usr/lib/x86_64-linux-gnu/cmake/pcl/Modules/FindOpenNI.cmake:28 (find_package_handle_standard_args)
[2.738s]   /usr/lib/x86_64-linux-gnu/cmake/pcl/PCLConfig.cmake:179 (find_package)
[2.738s]   /usr/lib/x86_64-linux-gnu/cmake/pcl/PCLConfig.cmake:322 (find_openni)
[2.738s]   /usr/lib/x86_64-linux-gnu/cmake/pcl/PCLConfig.cmake:548 (find_external_library)
[2.738s]   CMakeLists.txt:28 (find_package)
[2.738s] This warning is for project developers.  Use -Wno-dev to suppress it.
[2.738s] [0m
[2.739s] -- OpenNI found (include: /usr/include/ni, lib: /usr/lib/libOpenNI.so)
[2.759s] -- looking for PCL_COMMON
[2.760s] [33mCMake Warning (dev) at /home/korey/.local/lib/python3.8/site-packages/cmake/data/share/cmake-3.25/Modules/FindPackageHandleStandardArgs.cmake:438 (message):
[2.760s]   The package name passed to `find_package_handle_standard_args` (PCL_COMMON)
[2.760s]   does not match the name of the calling package (PCL).  This can lead to
[2.760s]   problems in calling code that expects `find_package` result variables
[2.760s]   (e.g., `_FOUND`) to follow a certain pattern.
[2.760s] Call Stack (most recent call first):
[2.760s]   /usr/lib/x86_64-linux-gnu/cmake/pcl/PCLConfig.cmake:616 (find_package_handle_standard_args)
[2.761s]   CMakeLists.txt:28 (find_package)
[2.761s] This warning is for project developers.  Use -Wno-dev to suppress it.
[2.761s] [0m
[2.761s] -- Found PCL_COMMON: /usr/lib/x86_64-linux-gnu/libpcl_common.so  
[2.761s] -- looking for PCL_KDTREE
[2.761s] [33mCMake Warning (dev) at /home/korey/.local/lib/python3.8/site-packages/cmake/data/share/cmake-3.25/Modules/FindPackageHandleStandardArgs.cmake:438 (message):
[2.761s]   The package name passed to `find_package_handle_standard_args` (PCL_KDTREE)
[2.761s]   does not match the name of the calling package (PCL).  This can lead to
[2.761s]   problems in calling code that expects `find_package` result variables
[2.761s]   (e.g., `_FOUND`) to follow a certain pattern.
[2.761s] Call Stack (most recent call first):
[2.762s]   /usr/lib/x86_64-linux-gnu/cmake/pcl/PCLConfig.cmake:616 (find_package_handle_standard_args)
[2.762s]   CMakeLists.txt:28 (find_package)
[2.762s] This warning is for project developers.  Use -Wno-dev to suppress it.
[2.762s] [0m
[2.762s] -- Found PCL_KDTREE: /usr/lib/x86_64-linux-gnu/libpcl_kdtree.so  
[2.762s] -- looking for PCL_OCTREE
[2.762s] [33mCMake Warning (dev) at /home/korey/.local/lib/python3.8/site-packages/cmake/data/share/cmake-3.25/Modules/FindPackageHandleStandardArgs.cmake:438 (message):
[2.762s]   The package name passed to `find_package_handle_standard_args` (PCL_OCTREE)
[2.762s]   does not match the name of the calling package (PCL).  This can lead to
[2.762s]   problems in calling code that expects `find_package` result variables
[2.762s]   (e.g., `_FOUND`) to follow a certain pattern.
[2.762s] Call Stack (most recent call first):
[2.763s]   /usr/lib/x86_64-linux-gnu/cmake/pcl/PCLConfig.cmake:616 (find_package_handle_standard_args)
[2.763s]   CMakeLists.txt:28 (find_package)
[2.763s] This warning is for project developers.  Use -Wno-dev to suppress it.
[2.763s] [0m
[2.763s] -- Found PCL_OCTREE: /usr/lib/x86_64-linux-gnu/libpcl_octree.so  
[2.763s] -- looking for PCL_SEARCH
[2.763s] [33mCMake Warning (dev) at /home/korey/.local/lib/python3.8/site-packages/cmake/data/share/cmake-3.25/Modules/FindPackageHandleStandardArgs.cmake:438 (message):
[2.763s]   The package name passed to `find_package_handle_standard_args` (PCL_SEARCH)
[2.763s]   does not match the name of the calling package (PCL).  This can lead to
[2.763s]   problems in calling code that expects `find_package` result variables
[2.763s]   (e.g., `_FOUND`) to follow a certain pattern.
[2.764s] Call Stack (most recent call first):
[2.764s]   /usr/lib/x86_64-linux-gnu/cmake/pcl/PCLConfig.cmake:616 (find_package_handle_standard_args)
[2.764s]   CMakeLists.txt:28 (find_package)
[2.764s] This warning is for project developers.  Use -Wno-dev to suppress it.
[2.764s] [0m
[2.764s] -- Found PCL_SEARCH: /usr/lib/x86_64-linux-gnu/libpcl_search.so  
[2.764s] -- looking for PCL_SAMPLE_CONSENSUS
[2.764s] [33mCMake Warning (dev) at /home/korey/.local/lib/python3.8/site-packages/cmake/data/share/cmake-3.25/Modules/FindPackageHandleStandardArgs.cmake:438 (message):
[2.764s]   The package name passed to `find_package_handle_standard_args`
[2.764s]   (PCL_SAMPLE_CONSENSUS) does not match the name of the calling package
[2.764s]   (PCL).  This can lead to problems in calling code that expects
[2.765s]   `find_package` result variables (e.g., `_FOUND`) to follow a certain
[2.765s]   pattern.
[2.765s] Call Stack (most recent call first):
[2.765s]   /usr/lib/x86_64-linux-gnu/cmake/pcl/PCLConfig.cmake:616 (find_package_handle_standard_args)
[2.765s]   CMakeLists.txt:28 (find_package)
[2.765s] This warning is for project developers.  Use -Wno-dev to suppress it.
[2.765s] [0m
[2.765s] -- Found PCL_SAMPLE_CONSENSUS: /usr/lib/x86_64-linux-gnu/libpcl_sample_consensus.so  
[2.765s] -- looking for PCL_FILTERS
[2.765s] [33mCMake Warning (dev) at /home/korey/.local/lib/python3.8/site-packages/cmake/data/share/cmake-3.25/Modules/FindPackageHandleStandardArgs.cmake:438 (message):
[2.766s]   The package name passed to `find_package_handle_standard_args`
[2.766s]   (PCL_FILTERS) does not match the name of the calling package (PCL).  This
[2.766s]   can lead to problems in calling code that expects `find_package` result
[2.766s]   variables (e.g., `_FOUND`) to follow a certain pattern.
[2.766s] Call Stack (most recent call first):
[2.766s]   /usr/lib/x86_64-linux-gnu/cmake/pcl/PCLConfig.cmake:616 (find_package_handle_standard_args)
[2.766s]   CMakeLists.txt:28 (find_package)
[2.766s] This warning is for project developers.  Use -Wno-dev to suppress it.
[2.766s] [0m
[2.766s] -- Found PCL_FILTERS: /usr/lib/x86_64-linux-gnu/libpcl_filters.so  
[2.766s] -- looking for PCL_2D
[2.767s] [33mCMake Warning (dev) at /home/korey/.local/lib/python3.8/site-packages/cmake/data/share/cmake-3.25/Modules/FindPackageHandleStandardArgs.cmake:438 (message):
[2.767s]   The package name passed to `find_package_handle_standard_args` (PCL_2D)
[2.767s]   does not match the name of the calling package (PCL).  This can lead to
[2.767s]   problems in calling code that expects `find_package` result variables
[2.767s]   (e.g., `_FOUND`) to follow a certain pattern.
[2.767s] Call Stack (most recent call first):
[2.767s]   /usr/lib/x86_64-linux-gnu/cmake/pcl/PCLConfig.cmake:619 (find_package_handle_standard_args)
[2.767s]   CMakeLists.txt:28 (find_package)
[2.767s] This warning is for project developers.  Use -Wno-dev to suppress it.
[2.767s] [0m
[2.767s] -- Found PCL_2D: /usr/include/pcl-1.10  
[2.768s] [33mCMake Warning (dev) at /home/korey/.local/lib/python3.8/site-packages/cmake/data/share/cmake-3.25/Modules/FindPackageHandleStandardArgs.cmake:438 (message):
[2.768s]   The package name passed to `find_package_handle_standard_args`
[2.768s]   (PCL_GEOMETRY) does not match the name of the calling package (PCL).  This
[2.768s]   can lead to problems in calling code that expects `find_package` result
[2.768s]   variables (e.g., `_FOUND`) to follow a certain pattern.
[2.768s] Call Stack (most recent call first):
[2.768s]   /usr/lib/x86_64-linux-gnu/cmake/pcl/PCLConfig.cmake:619 (find_package_handle_standard_args)
[2.768s]   CMakeLists.txt:28 (find_package)
[2.768s] This warning is for project developers.  Use -Wno-dev to suppress it.
[2.768s] [0m
[2.768s] -- looking for PCL_GEOMETRY
[2.769s] -- Found PCL_GEOMETRY: /usr/include/pcl-1.10  
[2.769s] -- looking for PCL_IO
[2.769s] [33mCMake Warning (dev) at /home/korey/.local/lib/python3.8/site-packages/cmake/data/share/cmake-3.25/Modules/FindPackageHandleStandardArgs.cmake:438 (message):
[2.769s]   The package name passed to `find_package_handle_standard_args` (PCL_IO)
[2.769s]   does not match the name of the calling package (PCL).  This can lead to
[2.769s]   problems in calling code that expects `find_package` result variables
[2.769s]   (e.g., `_FOUND`) to follow a certain pattern.
[2.769s] Call Stack (most recent call first):
[2.769s]   /usr/lib/x86_64-linux-gnu/cmake/pcl/PCLConfig.cmake:616 (find_package_handle_standard_args)
[2.769s]   CMakeLists.txt:28 (find_package)
[2.769s] This warning is for project developers.  Use -Wno-dev to suppress it.
[2.770s] [0m
[2.770s] -- Found PCL_IO: /usr/lib/x86_64-linux-gnu/libpcl_io.so  
[2.770s] -- looking for PCL_FEATURES
[2.770s] [33mCMake Warning (dev) at /home/korey/.local/lib/python3.8/site-packages/cmake/data/share/cmake-3.25/Modules/FindPackageHandleStandardArgs.cmake:438 (message):
[2.770s]   The package name passed to `find_package_handle_standard_args`
[2.770s]   (PCL_FEATURES) does not match the name of the calling package (PCL).  This
[2.770s]   can lead to problems in calling code that expects `find_package` result
[2.770s]   variables (e.g., `_FOUND`) to follow a certain pattern.
[2.770s] Call Stack (most recent call first):
[2.770s]   /usr/lib/x86_64-linux-gnu/cmake/pcl/PCLConfig.cmake:616 (find_package_handle_standard_args)
[2.770s]   CMakeLists.txt:28 (find_package)
[2.771s] This warning is for project developers.  Use -Wno-dev to suppress it.
[2.771s] [0m
[2.771s] -- Found PCL_FEATURES: /usr/lib/x86_64-linux-gnu/libpcl_features.so  
[2.771s] -- looking for PCL_ML
[2.771s] [33mCMake Warning (dev) at /home/korey/.local/lib/python3.8/site-packages/cmake/data/share/cmake-3.25/Modules/FindPackageHandleStandardArgs.cmake:438 (message):
[2.771s]   The package name passed to `find_package_handle_standard_args` (PCL_ML)
[2.771s]   does not match the name of the calling package (PCL).  This can lead to
[2.771s]   problems in calling code that expects `find_package` result variables
[2.771s]   (e.g., `_FOUND`) to follow a certain pattern.
[2.771s] Call Stack (most recent call first):
[2.771s]   /usr/lib/x86_64-linux-gnu/cmake/pcl/PCLConfig.cmake:616 (find_package_handle_standard_args)
[2.772s]   CMakeLists.txt:28 (find_package)
[2.772s] This warning is for project developers.  Use -Wno-dev to suppress it.
[2.772s] [0m
[2.772s] -- Found PCL_ML: /usr/lib/x86_64-linux-gnu/libpcl_ml.so  
[2.772s] -- looking for PCL_SEGMENTATION
[2.772s] [33mCMake Warning (dev) at /home/korey/.local/lib/python3.8/site-packages/cmake/data/share/cmake-3.25/Modules/FindPackageHandleStandardArgs.cmake:438 (message):
[2.772s]   The package name passed to `find_package_handle_standard_args`
[2.772s]   (PCL_SEGMENTATION) does not match the name of the calling package (PCL).
[2.772s]   This can lead to problems in calling code that expects `find_package`
[2.772s]   result variables (e.g., `_FOUND`) to follow a certain pattern.
[2.772s] Call Stack (most recent call first):
[2.773s]   /usr/lib/x86_64-linux-gnu/cmake/pcl/PCLConfig.cmake:616 (find_package_handle_standard_args)
[2.773s]   CMakeLists.txt:28 (find_package)
[2.773s] This warning is for project developers.  Use -Wno-dev to suppress it.
[2.773s] [0m
[2.773s] -- Found PCL_SEGMENTATION: /usr/lib/x86_64-linux-gnu/libpcl_segmentation.so  
[2.773s] -- looking for PCL_VISUALIZATION
[2.773s] [33mCMake Warning (dev) at /home/korey/.local/lib/python3.8/site-packages/cmake/data/share/cmake-3.25/Modules/FindPackageHandleStandardArgs.cmake:438 (message):
[2.773s]   The package name passed to `find_package_handle_standard_args`
[2.773s]   (PCL_VISUALIZATION) does not match the name of the calling package (PCL).
[2.773s]   This can lead to problems in calling code that expects `find_package`
[2.773s]   result variables (e.g., `_FOUND`) to follow a certain pattern.
[2.774s] Call Stack (most recent call first):
[2.774s]   /usr/lib/x86_64-linux-gnu/cmake/pcl/PCLConfig.cmake:616 (find_package_handle_standard_args)
[2.774s]   CMakeLists.txt:28 (find_package)
[2.774s] This warning is for project developers.  Use -Wno-dev to suppress it.
[2.774s] [0m
[2.774s] -- Found PCL_VISUALIZATION: /usr/lib/x86_64-linux-gnu/libpcl_visualization.so  
[2.774s] -- looking for PCL_SURFACE
[2.774s] [33mCMake Warning (dev) at /home/korey/.local/lib/python3.8/site-packages/cmake/data/share/cmake-3.25/Modules/FindPackageHandleStandardArgs.cmake:438 (message):
[2.774s]   The package name passed to `find_package_handle_standard_args`
[2.774s]   (PCL_SURFACE) does not match the name of the calling package (PCL).  This
[2.775s]   can lead to problems in calling code that expects `find_package` result
[2.775s]   variables (e.g., `_FOUND`) to follow a certain pattern.
[2.775s] Call Stack (most recent call first):
[2.775s]   /usr/lib/x86_64-linux-gnu/cmake/pcl/PCLConfig.cmake:616 (find_package_handle_standard_args)
[2.775s]   CMakeLists.txt:28 (find_package)
[2.775s] This warning is for project developers.  Use -Wno-dev to suppress it.
[2.775s] [0m
[2.775s] -- Found PCL_SURFACE: /usr/lib/x86_64-linux-gnu/libpcl_surface.so  
[2.775s] -- looking for PCL_REGISTRATION
[2.775s] [33mCMake Warning (dev) at /home/korey/.local/lib/python3.8/site-packages/cmake/data/share/cmake-3.25/Modules/FindPackageHandleStandardArgs.cmake:438 (message):
[2.775s]   The package name passed to `find_package_handle_standard_args`
[2.776s]   (PCL_REGISTRATION) does not match the name of the calling package (PCL).
[2.776s]   This can lead to problems in calling code that expects `find_package`
[2.776s]   result variables (e.g., `_FOUND`) to follow a certain pattern.
[2.776s] Call Stack (most recent call first):
[2.776s]   /usr/lib/x86_64-linux-gnu/cmake/pcl/PCLConfig.cmake:616 (find_package_handle_standard_args)
[2.776s]   CMakeLists.txt:28 (find_package)
[2.776s] This warning is for project developers.  Use -Wno-dev to suppress it.
[2.776s] [0m
[2.776s] -- Found PCL_REGISTRATION: /usr/lib/x86_64-linux-gnu/libpcl_registration.so  
[2.776s] -- looking for PCL_KEYPOINTS
[2.777s] [33mCMake Warning (dev) at /home/korey/.local/lib/python3.8/site-packages/cmake/data/share/cmake-3.25/Modules/FindPackageHandleStandardArgs.cmake:438 (message):
[2.777s]   The package name passed to `find_package_handle_standard_args`
[2.777s]   (PCL_KEYPOINTS) does not match the name of the calling package (PCL).  This
[2.777s]   can lead to problems in calling code that expects `find_package` result
[2.777s]   variables (e.g., `_FOUND`) to follow a certain pattern.
[2.777s] Call Stack (most recent call first):
[2.777s]   /usr/lib/x86_64-linux-gnu/cmake/pcl/PCLConfig.cmake:616 (find_package_handle_standard_args)
[2.777s]   CMakeLists.txt:28 (find_package)
[2.777s] This warning is for project developers.  Use -Wno-dev to suppress it.
[2.777s] [0m
[2.777s] -- Found PCL_KEYPOINTS: /usr/lib/x86_64-linux-gnu/libpcl_keypoints.so  
[2.778s] -- looking for PCL_TRACKING
[2.778s] [33mCMake Warning (dev) at /home/korey/.local/lib/python3.8/site-packages/cmake/data/share/cmake-3.25/Modules/FindPackageHandleStandardArgs.cmake:438 (message):
[2.778s]   The package name passed to `find_package_handle_standard_args`
[2.778s]   (PCL_TRACKING) does not match the name of the calling package (PCL).  This
[2.778s]   can lead to problems in calling code that expects `find_package` result
[2.778s]   variables (e.g., `_FOUND`) to follow a certain pattern.
[2.778s] Call Stack (most recent call first):
[2.778s]   /usr/lib/x86_64-linux-gnu/cmake/pcl/PCLConfig.cmake:616 (find_package_handle_standard_args)
[2.778s]   CMakeLists.txt:28 (find_package)
[2.778s] This warning is for project developers.  Use -Wno-dev to suppress it.
[2.779s] [0m
[2.779s] -- Found PCL_TRACKING: /usr/lib/x86_64-linux-gnu/libpcl_tracking.so  
[2.779s] -- looking for PCL_RECOGNITION
[2.779s] [33mCMake Warning (dev) at /home/korey/.local/lib/python3.8/site-packages/cmake/data/share/cmake-3.25/Modules/FindPackageHandleStandardArgs.cmake:438 (message):
[2.779s]   The package name passed to `find_package_handle_standard_args`
[2.779s]   (PCL_RECOGNITION) does not match the name of the calling package (PCL).
[2.779s]   This can lead to problems in calling code that expects `find_package`
[2.779s]   result variables (e.g., `_FOUND`) to follow a certain pattern.
[2.779s] Call Stack (most recent call first):
[2.779s]   /usr/lib/x86_64-linux-gnu/cmake/pcl/PCLConfig.cmake:616 (find_package_handle_standard_args)
[2.780s]   CMakeLists.txt:28 (find_package)
[2.780s] This warning is for project developers.  Use -Wno-dev to suppress it.
[2.780s] [0m
[2.780s] -- Found PCL_RECOGNITION: /usr/lib/x86_64-linux-gnu/libpcl_recognition.so  
[2.780s] -- looking for PCL_STEREO
[2.780s] [33mCMake Warning (dev) at /home/korey/.local/lib/python3.8/site-packages/cmake/data/share/cmake-3.25/Modules/FindPackageHandleStandardArgs.cmake:438 (message):
[2.780s]   The package name passed to `find_package_handle_standard_args` (PCL_STEREO)
[2.780s]   does not match the name of the calling package (PCL).  This can lead to
[2.780s]   problems in calling code that expects `find_package` result variables
[2.780s]   (e.g., `_FOUND`) to follow a certain pattern.
[2.780s] Call Stack (most recent call first):
[2.781s]   /usr/lib/x86_64-linux-gnu/cmake/pcl/PCLConfig.cmake:616 (find_package_handle_standard_args)
[2.781s]   CMakeLists.txt:28 (find_package)
[2.781s] This warning is for project developers.  Use -Wno-dev to suppress it.
[2.781s] [0m
[2.781s] -- Found PCL_STEREO: /usr/lib/x86_64-linux-gnu/libpcl_stereo.so  
[2.781s] -- looking for PCL_APPS
[2.781s] [33mCMake Warning (dev) at /home/korey/.local/lib/python3.8/site-packages/cmake/data/share/cmake-3.25/Modules/FindPackageHandleStandardArgs.cmake:438 (message):
[2.781s]   The package name passed to `find_package_handle_standard_args` (PCL_APPS)
[2.781s]   does not match the name of the calling package (PCL).  This can lead to
[2.781s]   problems in calling code that expects `find_package` result variables
[2.782s]   (e.g., `_FOUND`) to follow a certain pattern.
[2.782s] Call Stack (most recent call first):
[2.782s]   /usr/lib/x86_64-linux-gnu/cmake/pcl/PCLConfig.cmake:616 (find_package_handle_standard_args)
[2.782s]   CMakeLists.txt:28 (find_package)
[2.782s] This warning is for project developers.  Use -Wno-dev to suppress it.
[2.782s] [0m
[2.782s] -- Found PCL_APPS: /usr/lib/x86_64-linux-gnu/libpcl_apps.so  
[2.782s] -- looking for PCL_IN_HAND_SCANNER
[2.782s] [33mCMake Warning (dev) at /home/korey/.local/lib/python3.8/site-packages/cmake/data/share/cmake-3.25/Modules/FindPackageHandleStandardArgs.cmake:438 (message):
[2.782s]   The package name passed to `find_package_handle_standard_args`
[2.782s]   (PCL_IN_HAND_SCANNER) does not match the name of the calling package (PCL).
[2.783s]   This can lead to problems in calling code that expects `find_package`
[2.783s]   result variables (e.g., `_FOUND`) to follow a certain pattern.
[2.783s] Call Stack (most recent call first):
[2.783s]   /usr/lib/x86_64-linux-gnu/cmake/pcl/PCLConfig.cmake:619 (find_package_handle_standard_args)
[2.783s]   CMakeLists.txt:28 (find_package)
[2.783s] This warning is for project developers.  Use -Wno-dev to suppress it.
[2.783s] [0m
[2.783s] -- Found PCL_IN_HAND_SCANNER: /usr/include/pcl-1.10  
[2.783s] -- looking for PCL_POINT_CLOUD_EDITOR
[2.783s] [33mCMake Warning (dev) at /home/korey/.local/lib/python3.8/site-packages/cmake/data/share/cmake-3.25/Modules/FindPackageHandleStandardArgs.cmake:438 (message):
[2.783s]   The package name passed to `find_package_handle_standard_args`
[2.784s]   (PCL_POINT_CLOUD_EDITOR) does not match the name of the calling package
[2.784s]   (PCL).  This can lead to problems in calling code that expects
[2.784s]   `find_package` result variables (e.g., `_FOUND`) to follow a certain
[2.784s]   pattern.
[2.784s] Call Stack (most recent call first):
[2.784s]   /usr/lib/x86_64-linux-gnu/cmake/pcl/PCLConfig.cmake:619 (find_package_handle_standard_args)
[2.784s]   CMakeLists.txt:28 (find_package)
[2.784s] This warning is for project developers.  Use -Wno-dev to suppress it.
[2.784s] [0m
[2.784s] -- Found PCL_POINT_CLOUD_EDITOR: /usr/include/pcl-1.10  
[2.784s] -- looking for PCL_OUTOFCORE
[2.784s] [33mCMake Warning (dev) at /home/korey/.local/lib/python3.8/site-packages/cmake/data/share/cmake-3.25/Modules/FindPackageHandleStandardArgs.cmake:438 (message):
[2.785s]   The package name passed to `find_package_handle_standard_args`
[2.785s]   (PCL_OUTOFCORE) does not match the name of the calling package (PCL).  This
[2.785s]   can lead to problems in calling code that expects `find_package` result
[2.785s]   variables (e.g., `_FOUND`) to follow a certain pattern.
[2.785s] Call Stack (most recent call first):
[2.785s]   /usr/lib/x86_64-linux-gnu/cmake/pcl/PCLConfig.cmake:616 (find_package_handle_standard_args)
[2.785s]   CMakeLists.txt:28 (find_package)
[2.785s] This warning is for project developers.  Use -Wno-dev to suppress it.
[2.785s] [0m
[2.785s] -- Found PCL_OUTOFCORE: /usr/lib/x86_64-linux-gnu/libpcl_outofcore.so  
[2.785s] -- looking for PCL_PEOPLE
[2.786s] [33mCMake Warning (dev) at /home/korey/.local/lib/python3.8/site-packages/cmake/data/share/cmake-3.25/Modules/FindPackageHandleStandardArgs.cmake:438 (message):
[2.786s]   The package name passed to `find_package_handle_standard_args` (PCL_PEOPLE)
[2.786s]   does not match the name of the calling package (PCL).  This can lead to
[2.786s]   problems in calling code that expects `find_package` result variables
[2.786s]   (e.g., `_FOUND`) to follow a certain pattern.
[2.786s] Call Stack (most recent call first):
[2.786s]   /usr/lib/x86_64-linux-gnu/cmake/pcl/PCLConfig.cmake:616 (find_package_handle_standard_args)
[2.786s]   CMakeLists.txt:28 (find_package)
[2.786s] This warning is for project developers.  Use -Wno-dev to suppress it.
[2.786s] [0m
[2.786s] -- Found PCL_PEOPLE: /usr/lib/x86_64-linux-gnu/libpcl_people.so  
[2.786s] -- Found PCL: pcl_common;pcl_kdtree;pcl_octree;pcl_search;pcl_sample_consensus;pcl_filters;pcl_io;pcl_features;pcl_ml;pcl_segmentation;pcl_visualization;pcl_surface;pcl_registration;pcl_keypoints;pcl_tracking;pcl_recognition;pcl_stereo;pcl_apps;pcl_outofcore;pcl_people;/usr/lib/x86_64-linux-gnu/libboost_system.so;/usr/lib/x86_64-linux-gnu/libboost_filesystem.so;/usr/lib/x86_64-linux-gnu/libboost_date_time.so;/usr/lib/x86_64-linux-gnu/libboost_iostreams.so;/usr/lib/x86_64-linux-gnu/libboost_regex.so;optimized;/usr/lib/x86_64-linux-gnu/libqhull.so;debug;/usr/lib/x86_64-linux-gnu/libqhull.so;/usr/lib/libOpenNI.so;/usr/lib/libOpenNI2.so;vtkChartsCore;vtkCommonColor;vtkCommonCore;vtksys;vtkCommonDataModel;vtkCommonMath;vtkCommonMisc;vtkCommonSystem;vtkCommonTransforms;vtkCommonExecutionModel;vtkFiltersGeneral;vtkCommonComputationalGeometry;vtkFiltersCore;vtkInfovisCore;vtkFiltersExtraction;vtkFiltersStatistics;vtkImagingFourier;vtkImagingCore;vtkalglib;vtkRenderingContext2D;vtkRenderingCore;vtkFiltersGeometry;vtkFiltersSources;vtkRenderingFreeType;/usr/lib/x86_64-linux-gnu/libfreetype.so;/usr/lib/x86_64-linux-gnu/libz.so;vtkFiltersModeling;vtkImagingSources;vtkInteractionStyle;vtkInteractionWidgets;vtkFiltersHybrid;vtkImagingColor;vtkImagingGeneral;vtkImagingHybrid;vtkIOImage;vtkDICOMParser;vtkmetaio;/usr/lib/x86_64-linux-gnu/libjpeg.so;/usr/lib/x86_64-linux-gnu/libpng.so;/usr/lib/x86_64-linux-gnu/libtiff.so;vtkRenderingAnnotation;vtkRenderingVolume;vtkIOXML;vtkIOCore;vtkIOXMLParser;/usr/lib/x86_64-linux-gnu/libexpat.so;vtkIOGeometry;vtkIOLegacy;vtkIOPLY;vtkRenderingLOD;vtkViewsContext2D;vtkViewsCore;vtkRenderingContextOpenGL2;vtkRenderingOpenGL2;FLANN::FLANN  
[2.823s] -- Found Boost: /usr/include (found suitable version "1.71.0", minimum required is "1.43") found components: serialization system filesystem thread program_options date_time timer chrono regex atomic 
[2.825s] -- GTSAM include directory:  /usr/lib/cmake/GTSAM/../../../include
[2.831s] -- Found Eigen: /usr/include/eigen3  
[2.831s] -- Eigen found (include: /usr/include/eigen3, version: 3.3.7)
[2.833s] -- Found pcl_msgs: 1.0.0 (/opt/ros/foxy/share/pcl_msgs/cmake)
[3.205s] -- Found OpenMP_C: -fopenmp (found version "4.5") 
[3.284s] -- Found OpenMP_CXX: -fopenmp (found version "4.5") 
[3.284s] -- Found OpenMP: TRUE (found version "4.5")  
[3.286s] -- Found pcl_conversions: 2.2.1 (/opt/ros/foxy/share/pcl_conversions/cmake)
[3.346s] -- Found PythonInterp: /usr/bin/python3 (found version "3.8.10") 
[3.548s] -- Found ament_cmake_ros: 0.9.2 (/opt/ros/foxy/share/ament_cmake_ros/cmake)
[3.890s] -- Using all available rosidl_typesupport_c: rosidl_typesupport_fastrtps_c;rosidl_typesupport_introspection_c
[4.049s] -- Using all available rosidl_typesupport_cpp: rosidl_typesupport_fastrtps_cpp;rosidl_typesupport_introspection_cpp
[4.074s] -- Found PythonInterp: /usr/bin/python3 (found suitable version "3.8.10", minimum required is "3.5") 
[4.075s] -- Found python_cmake_module: 0.8.1 (/opt/ros/foxy/share/python_cmake_module/cmake)
[4.110s] -- Found PythonLibs: /usr/lib/x86_64-linux-gnu/libpython3.8.so (found suitable version "3.8.10", minimum required is "3.5") 
[4.110s] -- Using PYTHON_EXECUTABLE: /usr/bin/python3
[4.110s] -- Using PYTHON_INCLUDE_DIRS: /usr/include/python3.8
[4.110s] -- Using PYTHON_LIBRARIES: /usr/lib/x86_64-linux-gnu/libpython3.8.so
[4.137s] -- Found PythonExtra: .so  
[4.762s] -- Found ament_lint_auto: 0.9.8 (/opt/ros/foxy/share/ament_lint_auto/cmake)
[4.786s] -- Added test 'copyright' to check source files copyright and LICENSE
[4.885s] -- Added test 'cppcheck' to perform static code analysis on C / C++ code
[4.889s] -- Configured cppcheck include dirs: /home/korey/Desktop/lio_nav2/src/LIO-SAM/include
[4.889s] -- Configured cppcheck exclude dirs and/or files: 
[4.975s] -- Added test 'cpplint' to check C / C++ code against the Google style
[4.975s] -- Configured cpplint exclude dirs and/or files: 
[4.987s] -- Added test 'flake8' to check Python code syntax and style conventions
[5.008s] -- Added test 'lint_cmake' to check CMake code style
[5.019s] -- Added test 'pep257' to check Python code against some of the style conventions in PEP 257
[5.103s] -- Added test 'uncrustify' to check C / C++ code style
[5.104s] -- Configured uncrustify additional arguments: 
[5.114s] -- Added test 'xmllint' to check XML markup files
[5.118s] -- Configuring done
[5.373s] -- Generating done
[5.454s] -- Build files have been written to: /home/korey/Desktop/lio_nav2/build/lio_sam_op
[5.479s] Invoked command in '/home/korey/Desktop/lio_nav2/build/lio_sam_op' returned '0': CMAKE_PREFIX_PATH=/opt/ros/foxy /home/korey/.local/bin/cmake /home/korey/Desktop/lio_nav2/src/LIO-SAM -DCMAKE_INSTALL_PREFIX=/home/korey/Desktop/lio_nav2/install/lio_sam_op
[5.483s] Invoking command in '/home/korey/Desktop/lio_nav2/build/lio_sam_op': CMAKE_PREFIX_PATH=/opt/ros/foxy /home/korey/.local/bin/cmake --build /home/korey/Desktop/lio_nav2/build/lio_sam_op -- -j12 -l12
[5.545s] [  2%] [34m[1mGenerating C code for ROS interfaces[0m
[5.550s] [  4%] [34m[1mGenerating C++ code for ROS interfaces[0m
[5.914s] [  6%] [32mBuilding C object CMakeFiles/lio_sam_op__rosidl_generator_c.dir/rosidl_generator_c/lio_sam_op/msg/detail/cloud_info__functions.c.o[0m
[5.915s] [  8%] [32mBuilding C object CMakeFiles/lio_sam_op__rosidl_generator_c.dir/rosidl_generator_c/lio_sam_op/srv/detail/save_map__functions.c.o[0m
[5.937s] [  8%] Built target lio_sam_op__cpp
[5.943s] [ 12%] [34m[1mGenerating C++ type support for eProsima Fast-RTPS[0m
[5.943s] [ 12%] [34m[1mGenerating C++ type support dispatch for ROS interfaces[0m
[5.945s] [ 14%] [34m[1mGenerating C++ introspection for ROS interfaces[0m
[6.057s] [ 16%] [32m[1mLinking C shared library liblio_sam_op__rosidl_generator_c.so[0m
[6.091s] [ 16%] Built target lio_sam_op__rosidl_generator_c
[6.098s] [ 18%] [34m[1mGenerating C type support dispatch for ROS interfaces[0m
[6.100s] [ 20%] [34m[1mGenerating C introspection for ROS interfaces[0m
[6.287s] [ 22%] [32mBuilding CXX object CMakeFiles/lio_sam_op__rosidl_typesupport_fastrtps_cpp.dir/rosidl_typesupport_fastrtps_cpp/lio_sam_op/msg/detail/dds_fastrtps/cloud_info__type_support.cpp.o[0m
[6.288s] [ 24%] [32mBuilding CXX object CMakeFiles/lio_sam_op__rosidl_typesupport_fastrtps_cpp.dir/rosidl_typesupport_fastrtps_cpp/lio_sam_op/srv/detail/dds_fastrtps/save_map__type_support.cpp.o[0m
[6.333s] [ 26%] [32mBuilding CXX object CMakeFiles/lio_sam_op__rosidl_typesupport_cpp.dir/rosidl_typesupport_cpp/lio_sam_op/msg/cloud_info__type_support.cpp.o[0m
[6.334s] [ 28%] [32mBuilding CXX object CMakeFiles/lio_sam_op__rosidl_typesupport_cpp.dir/rosidl_typesupport_cpp/lio_sam_op/srv/save_map__type_support.cpp.o[0m
[6.358s] [ 32%] [32mBuilding CXX object CMakeFiles/lio_sam_op__rosidl_typesupport_introspection_cpp.dir/rosidl_typesupport_introspection_cpp/lio_sam_op/msg/detail/cloud_info__type_support.cpp.o[0m
[6.358s] [ 32%] [32mBuilding CXX object CMakeFiles/lio_sam_op__rosidl_typesupport_introspection_cpp.dir/rosidl_typesupport_introspection_cpp/lio_sam_op/srv/detail/save_map__type_support.cpp.o[0m
[6.567s] [ 34%] [32mBuilding CXX object CMakeFiles/lio_sam_op__rosidl_typesupport_c.dir/rosidl_typesupport_c/lio_sam_op/msg/cloud_info__type_support.cpp.o[0m
[6.576s] [ 36%] [32mBuilding CXX object CMakeFiles/lio_sam_op__rosidl_typesupport_c.dir/rosidl_typesupport_c/lio_sam_op/srv/save_map__type_support.cpp.o[0m
[6.627s] [ 38%] [32mBuilding C object CMakeFiles/lio_sam_op__rosidl_typesupport_introspection_c.dir/rosidl_typesupport_introspection_c/lio_sam_op/msg/detail/cloud_info__type_support.c.o[0m
[6.634s] [ 40%] [32mBuilding C object CMakeFiles/lio_sam_op__rosidl_typesupport_introspection_c.dir/rosidl_typesupport_introspection_c/lio_sam_op/srv/detail/save_map__type_support.c.o[0m
[6.718s] [ 42%] [32m[1mLinking CXX shared library liblio_sam_op__rosidl_typesupport_c.so[0m
[6.734s] [ 44%] [32m[1mLinking CXX shared library liblio_sam_op__rosidl_typesupport_cpp.so[0m
[6.737s] [ 46%] [32m[1mLinking C shared library liblio_sam_op__rosidl_typesupport_introspection_c.so[0m
[6.763s] [ 46%] Built target lio_sam_op__rosidl_typesupport_c
[6.766s] [ 46%] Built target lio_sam_op__rosidl_typesupport_introspection_c
[6.788s] [ 46%] Built target lio_sam_op__rosidl_typesupport_cpp
[6.882s] [ 48%] [32m[1mLinking CXX shared library liblio_sam_op__rosidl_typesupport_fastrtps_cpp.so[0m
[6.896s] [ 51%] [32m[1mLinking CXX shared library liblio_sam_op__rosidl_typesupport_introspection_cpp.so[0m
[6.963s] [ 51%] Built target lio_sam_op__rosidl_typesupport_fastrtps_cpp
[6.963s] [ 51%] Built target lio_sam_op__rosidl_typesupport_introspection_cpp
[6.969s] [ 53%] [34m[1mGenerating C type support for eProsima Fast-RTPS[0m
[7.301s] [ 57%] [32mBuilding CXX object CMakeFiles/lio_sam_op__rosidl_typesupport_fastrtps_c.dir/rosidl_typesupport_fastrtps_c/lio_sam_op/msg/detail/cloud_info__type_support_c.cpp.o[0m
[7.301s] [ 57%] [32mBuilding CXX object CMakeFiles/lio_sam_op__rosidl_typesupport_fastrtps_c.dir/rosidl_typesupport_fastrtps_c/lio_sam_op/srv/detail/save_map__type_support_c.cpp.o[0m
[7.668s] [ 59%] [32m[1mLinking CXX shared library liblio_sam_op__rosidl_typesupport_fastrtps_c.so[0m
[7.756s] [ 59%] Built target lio_sam_op__rosidl_typesupport_fastrtps_c
[7.769s] [ 59%] Built target lio_sam_op
[7.784s] [ 61%] [34m[1mGenerating Python code for ROS interfaces[0m
[7.784s] [ 65%] [32mBuilding CXX object CMakeFiles/lio_sam_op_imageProjection.dir/src/imageProjection.cpp.o[0m
[7.784s] [ 65%] [32mBuilding CXX object CMakeFiles/lio_sam_op_featureExtraction.dir/src/featureExtraction.cpp.o[0m
[7.784s] [ 67%] [32mBuilding CXX object CMakeFiles/lio_sam_op_transformFusion.dir/src/transformFusion.cpp.o[0m
[7.784s] [ 69%] [32mBuilding CXX object CMakeFiles/lio_sam_op_imuPreintegration.dir/src/imuPreintegration.cpp.o[0m
[7.785s] [ 71%] [32mBuilding CXX object CMakeFiles/lio_sam_op_mapOptimization.dir/src/mapOptimization.cpp.o[0m
[8.787s] [ 71%] Built target lio_sam_op__py
[8.804s] [ 75%] [32mBuilding C object CMakeFiles/lio_sam_op__python.dir/rosidl_generator_py/lio_sam_op/srv/_save_map_s.c.o[0m
[8.804s] [ 75%] [32mBuilding C object CMakeFiles/lio_sam_op__python.dir/rosidl_generator_py/lio_sam_op/msg/_cloud_info_s.c.o[0m
[9.126s] [ 77%] [32m[1mLinking C shared library rosidl_generator_py/lio_sam_op/liblio_sam_op__python.so[0m
[9.168s] [ 77%] Built target lio_sam_op__python
[9.184s] [ 79%] [32mBuilding C object CMakeFiles/lio_sam_op__rosidl_typesupport_fastrtps_c__pyext.dir/rosidl_generator_py/lio_sam_op/_lio_sam_op_s.ep.rosidl_typesupport_fastrtps_c.c.o[0m
[9.185s] [ 81%] [32mBuilding C object CMakeFiles/lio_sam_op__rosidl_typesupport_introspection_c__pyext.dir/rosidl_generator_py/lio_sam_op/_lio_sam_op_s.ep.rosidl_typesupport_introspection_c.c.o[0m
[9.191s] [ 83%] [32mBuilding C object CMakeFiles/lio_sam_op__rosidl_typesupport_c__pyext.dir/rosidl_generator_py/lio_sam_op/_lio_sam_op_s.ep.rosidl_typesupport_c.c.o[0m
[9.382s] [ 85%] [32m[1mLinking C shared library rosidl_generator_py/lio_sam_op/lio_sam_op_s__rosidl_typesupport_introspection_c.cpython-38-x86_64-linux-gnu.so[0m
[9.406s] [ 87%] [32m[1mLinking CXX shared library rosidl_generator_py/lio_sam_op/lio_sam_op_s__rosidl_typesupport_fastrtps_c.cpython-38-x86_64-linux-gnu.so[0m
[9.421s] [ 89%] [32m[1mLinking C shared library rosidl_generator_py/lio_sam_op/lio_sam_op_s__rosidl_typesupport_c.cpython-38-x86_64-linux-gnu.so[0m
[9.468s] [ 89%] Built target lio_sam_op__rosidl_typesupport_c__pyext
[9.478s] [ 89%] Built target lio_sam_op__rosidl_typesupport_introspection_c__pyext
[9.557s] [ 89%] Built target lio_sam_op__rosidl_typesupport_fastrtps_c__pyext
[16.754s] In file included from [01m[K/usr/include/boost/preprocessor/tuple/elem.hpp:23[m[K,
[16.754s]                  from [01m[K/usr/include/boost/preprocessor/arithmetic/add.hpp:21[m[K,
[16.754s]                  from [01m[K/usr/include/boost/mpl/aux_/preprocessor/def_params_tail.hpp:66[m[K,
[16.754s]                  from [01m[K/usr/include/boost/mpl/aux_/na_spec.hpp:28[m[K,
[16.754s]                  from [01m[K/usr/include/boost/mpl/not.hpp:20[m[K,
[16.754s]                  from [01m[K/usr/include/boost/mpl/assert.hpp:17[m[K,
[16.754s]                  from [01m[K/usr/include/pcl-1.10/pcl/point_traits.h:48[m[K,
[16.754s]                  from [01m[K/usr/include/pcl-1.10/pcl/point_cloud.h:50[m[K,
[16.755s]                  from [01m[K/home/korey/Desktop/lio_nav2/src/LIO-SAM/include/lio_sam_op/utility.hpp:21[m[K,
[16.755s]                  from [01m[K/home/korey/Desktop/lio_nav2/src/LIO-SAM/src/imageProjection.cpp:37[m[K:
[16.755s] [01m[K/home/korey/Desktop/lio_nav2/src/LIO-SAM/src/imageProjection.cpp:58:104:[m[K [01;35m[Kwarning: [m[K‘[01m[Kusing uint16_t = uint16_t[m[K’ is deprecated: use std::uint16_t instead of pcl::uint16_t [[01;35m[K-Wdeprecated-declarations[m[K]
[16.755s]    58 |                                   (float, x, x)(float, y, y)(float, z, z)(float, intensity, intensity)([01;35m[Kuint16_t[m[K, ring, ring)(float, time, time))
[16.755s]       |                                                                                                        [01;35m[K^~~~~~~~[m[K
[16.755s] In file included from [01m[K/usr/include/pcl-1.10/pcl/PCLHeader.h:10[m[K,
[16.755s]                  from [01m[K/usr/include/pcl-1.10/pcl/point_cloud.h:47[m[K,
[16.755s]                  from [01m[K/home/korey/Desktop/lio_nav2/src/LIO-SAM/include/lio_sam_op/utility.hpp:21[m[K,
[16.755s]                  from [01m[K/home/korey/Desktop/lio_nav2/src/LIO-SAM/src/imageProjection.cpp:37[m[K:
[16.755s] [01m[K/usr/include/pcl-1.10/pcl/pcl_macros.h:94:9:[m[K [01;36m[Knote: [m[Kdeclared here
[16.755s]    94 |   using [01;36m[Kuint16_t[m[K [[deprecated("use std::uint16_t instead of pcl::uint16_t")]] = std::uint16_t;
[16.755s]       |         [01;36m[K^~~~~~~~[m[K
[16.762s] In file included from [01m[K/usr/include/boost/preprocessor/tuple/elem.hpp:23[m[K,
[16.762s]                  from [01m[K/usr/include/boost/preprocessor/arithmetic/add.hpp:21[m[K,
[16.762s]                  from [01m[K/usr/include/boost/mpl/aux_/preprocessor/def_params_tail.hpp:66[m[K,
[16.762s]                  from [01m[K/usr/include/boost/mpl/aux_/na_spec.hpp:28[m[K,
[16.762s]                  from [01m[K/usr/include/boost/mpl/not.hpp:20[m[K,
[16.763s]                  from [01m[K/usr/include/boost/mpl/assert.hpp:17[m[K,
[16.763s]                  from [01m[K/usr/include/pcl-1.10/pcl/point_traits.h:48[m[K,
[16.763s]                  from [01m[K/usr/include/pcl-1.10/pcl/point_cloud.h:50[m[K,
[16.763s]                  from [01m[K/home/korey/Desktop/lio_nav2/src/LIO-SAM/include/lio_sam_op/utility.hpp:21[m[K,
[16.763s]                  from [01m[K/home/korey/Desktop/lio_nav2/src/LIO-SAM/src/imageProjection.cpp:37[m[K:
[16.763s] [01m[K/home/korey/Desktop/lio_nav2/src/LIO-SAM/src/imageProjection.cpp:75:104:[m[K [01;35m[Kwarning: [m[K‘[01m[Kusing uint32_t = uint32_t[m[K’ is deprecated: use std::uint32_t instead of pcl::uint32_t [[01;35m[K-Wdeprecated-declarations[m[K]
[16.763s]    75 |                                   (float, x, x)(float, y, y)(float, z, z)(float, intensity, intensity)([01;35m[Kuint32_t[m[K, t, t)(uint16_t, reflectivity, reflectivity)(uint8_t, ring, ring)(uint16_t, ambient, ambient)(uint32_t, range, range))
[16.763s]       |                                                                                                        [01;35m[K^~~~~~~~[m[K
[16.763s] In file included from [01m[K/usr/include/pcl-1.10/pcl/PCLHeader.h:10[m[K,
[16.763s]                  from [01m[K/usr/include/pcl-1.10/pcl/point_cloud.h:47[m[K,
[16.764s]                  from [01m[K/home/korey/Desktop/lio_nav2/src/LIO-SAM/include/lio_sam_op/utility.hpp:21[m[K,
[16.764s]                  from [01m[K/home/korey/Desktop/lio_nav2/src/LIO-SAM/src/imageProjection.cpp:37[m[K:
[16.764s] [01m[K/usr/include/pcl-1.10/pcl/pcl_macros.h:96:9:[m[K [01;36m[Knote: [m[Kdeclared here
[16.764s]    96 |   using [01;36m[Kuint32_t[m[K [[deprecated("use std::uint32_t instead of pcl::uint32_t")]] = std::uint32_t;
[16.764s]       |         [01;36m[K^~~~~~~~[m[K
[16.764s] In file included from [01m[K/usr/include/boost/preprocessor/tuple/elem.hpp:23[m[K,
[16.764s]                  from [01m[K/usr/include/boost/preprocessor/arithmetic/add.hpp:21[m[K,
[16.764s]                  from [01m[K/usr/include/boost/mpl/aux_/preprocessor/def_params_tail.hpp:66[m[K,
[16.764s]                  from [01m[K/usr/include/boost/mpl/aux_/na_spec.hpp:28[m[K,
[16.764s]                  from [01m[K/usr/include/boost/mpl/not.hpp:20[m[K,
[16.764s]                  from [01m[K/usr/include/boost/mpl/assert.hpp:17[m[K,
[16.764s]                  from [01m[K/usr/include/pcl-1.10/pcl/point_traits.h:48[m[K,
[16.765s]                  from [01m[K/usr/include/pcl-1.10/pcl/point_cloud.h:50[m[K,
[16.765s]                  from [01m[K/home/korey/Desktop/lio_nav2/src/LIO-SAM/include/lio_sam_op/utility.hpp:21[m[K,
[16.765s]                  from [01m[K/home/korey/Desktop/lio_nav2/src/LIO-SAM/src/imageProjection.cpp:37[m[K:
[16.765s] [01m[K/home/korey/Desktop/lio_nav2/src/LIO-SAM/src/imageProjection.cpp:75:120:[m[K [01;35m[Kwarning: [m[K‘[01m[Kusing uint16_t = uint16_t[m[K’ is deprecated: use std::uint16_t instead of pcl::uint16_t [[01;35m[K-Wdeprecated-declarations[m[K]
[16.765s]    75 |                                   (float, x, x)(float, y, y)(float, z, z)(float, intensity, intensity)(uint32_t, t, t)([01;35m[Kuint16_t[m[K, reflectivity, reflectivity)(uint8_t, ring, ring)(uint16_t, ambient, ambient)(uint32_t, range, range))
[16.765s]       |                                                                                                                        [01;35m[K^~~~~~~~[m[K
[16.765s] In file included from [01m[K/usr/include/pcl-1.10/pcl/PCLHeader.h:10[m[K,
[16.765s]                  from [01m[K/usr/include/pcl-1.10/pcl/point_cloud.h:47[m[K,
[16.765s]                  from [01m[K/home/korey/Desktop/lio_nav2/src/LIO-SAM/include/lio_sam_op/utility.hpp:21[m[K,
[16.765s]                  from [01m[K/home/korey/Desktop/lio_nav2/src/LIO-SAM/src/imageProjection.cpp:37[m[K:
[16.765s] [01m[K/usr/include/pcl-1.10/pcl/pcl_macros.h:94:9:[m[K [01;36m[Knote: [m[Kdeclared here
[16.766s]    94 |   using [01;36m[Kuint16_t[m[K [[deprecated("use std::uint16_t instead of pcl::uint16_t")]] = std::uint16_t;
[16.766s]       |         [01;36m[K^~~~~~~~[m[K
[16.766s] In file included from [01m[K/usr/include/boost/preprocessor/tuple/elem.hpp:23[m[K,
[16.766s]                  from [01m[K/usr/include/boost/preprocessor/arithmetic/add.hpp:21[m[K,
[16.766s]                  from [01m[K/usr/include/boost/mpl/aux_/preprocessor/def_params_tail.hpp:66[m[K,
[16.766s]                  from [01m[K/usr/include/boost/mpl/aux_/na_spec.hpp:28[m[K,
[16.766s]                  from [01m[K/usr/include/boost/mpl/not.hpp:20[m[K,
[16.766s]                  from [01m[K/usr/include/boost/mpl/assert.hpp:17[m[K,
[16.766s]                  from [01m[K/usr/include/pcl-1.10/pcl/point_traits.h:48[m[K,
[16.766s]                  from [01m[K/usr/include/pcl-1.10/pcl/point_cloud.h:50[m[K,
[16.766s]                  from [01m[K/home/korey/Desktop/lio_nav2/src/LIO-SAM/include/lio_sam_op/utility.hpp:21[m[K,
[16.766s]                  from [01m[K/home/korey/Desktop/lio_nav2/src/LIO-SAM/src/imageProjection.cpp:37[m[K:
[16.766s] [01m[K/home/korey/Desktop/lio_nav2/src/LIO-SAM/src/imageProjection.cpp:75:158:[m[K [01;35m[Kwarning: [m[K‘[01m[Kusing uint8_t = uint8_t[m[K’ is deprecated: use std::uint8_t instead of pcl::uint8_t [[01;35m[K-Wdeprecated-declarations[m[K]
[16.767s]    75 |                                   (float, x, x)(float, y, y)(float, z, z)(float, intensity, intensity)(uint32_t, t, t)(uint16_t, reflectivity, reflectivity)([01;35m[Kuint8_t[m[K, ring, ring)(uint16_t, ambient, ambient)(uint32_t, range, range))
[16.767s]       |                                                                                                                                                              [01;35m[K^~~~~~~[m[K
[16.767s] In file included from [01m[K/usr/include/pcl-1.10/pcl/PCLHeader.h:10[m[K,
[16.767s]                  from [01m[K/usr/include/pcl-1.10/pcl/point_cloud.h:47[m[K,
[16.767s]                  from [01m[K/home/korey/Desktop/lio_nav2/src/LIO-SAM/include/lio_sam_op/utility.hpp:21[m[K,
[16.767s]                  from [01m[K/home/korey/Desktop/lio_nav2/src/LIO-SAM/src/imageProjection.cpp:37[m[K:
[16.767s] [01m[K/usr/include/pcl-1.10/pcl/pcl_macros.h:92:9:[m[K [01;36m[Knote: [m[Kdeclared here
[16.767s]    92 |   using [01;36m[Kuint8_t[m[K [[deprecated("use std::uint8_t instead of pcl::uint8_t")]] = std::uint8_t;
[16.767s]       |         [01;36m[K^~~~~~~[m[K
[16.767s] In file included from [01m[K/usr/include/boost/preprocessor/tuple/elem.hpp:23[m[K,
[16.767s]                  from [01m[K/usr/include/boost/preprocessor/arithmetic/add.hpp:21[m[K,
[16.767s]                  from [01m[K/usr/include/boost/mpl/aux_/preprocessor/def_params_tail.hpp:66[m[K,
[16.768s]                  from [01m[K/usr/include/boost/mpl/aux_/na_spec.hpp:28[m[K,
[16.768s]                  from [01m[K/usr/include/boost/mpl/not.hpp:20[m[K,
[16.768s]                  from [01m[K/usr/include/boost/mpl/assert.hpp:17[m[K,
[16.768s]                  from [01m[K/usr/include/pcl-1.10/pcl/point_traits.h:48[m[K,
[16.768s]                  from [01m[K/usr/include/pcl-1.10/pcl/point_cloud.h:50[m[K,
[16.768s]                  from [01m[K/home/korey/Desktop/lio_nav2/src/LIO-SAM/include/lio_sam_op/utility.hpp:21[m[K,
[16.768s]                  from [01m[K/home/korey/Desktop/lio_nav2/src/LIO-SAM/src/imageProjection.cpp:37[m[K:
[16.768s] [01m[K/home/korey/Desktop/lio_nav2/src/LIO-SAM/src/imageProjection.cpp:75:179:[m[K [01;35m[Kwarning: [m[K‘[01m[Kusing uint16_t = uint16_t[m[K’ is deprecated: use std::uint16_t instead of pcl::uint16_t [[01;35m[K-Wdeprecated-declarations[m[K]
[16.768s]    75 |                                   (float, x, x)(float, y, y)(float, z, z)(float, intensity, intensity)(uint32_t, t, t)(uint16_t, reflectivity, reflectivity)(uint8_t, ring, ring)([01;35m[Kuint16_t[m[K, ambient, ambient)(uint32_t, range, range))
[16.768s]       |                                                                                                                                                                                   [01;35m[K^~~~~~~~[m[K
[16.768s] In file included from [01m[K/usr/include/pcl-1.10/pcl/PCLHeader.h:10[m[K,
[16.768s]                  from [01m[K/usr/include/pcl-1.10/pcl/point_cloud.h:47[m[K,
[16.769s]                  from [01m[K/home/korey/Desktop/lio_nav2/src/LIO-SAM/include/lio_sam_op/utility.hpp:21[m[K,
[16.769s]                  from [01m[K/home/korey/Desktop/lio_nav2/src/LIO-SAM/src/imageProjection.cpp:37[m[K:
[16.769s] [01m[K/usr/include/pcl-1.10/pcl/pcl_macros.h:94:9:[m[K [01;36m[Knote: [m[Kdeclared here
[16.769s]    94 |   using [01;36m[Kuint16_t[m[K [[deprecated("use std::uint16_t instead of pcl::uint16_t")]] = std::uint16_t;
[16.769s]       |         [01;36m[K^~~~~~~~[m[K
[16.769s] In file included from [01m[K/usr/include/boost/preprocessor/tuple/elem.hpp:23[m[K,
[16.769s]                  from [01m[K/usr/include/boost/preprocessor/arithmetic/add.hpp:21[m[K,
[16.769s]                  from [01m[K/usr/include/boost/mpl/aux_/preprocessor/def_params_tail.hpp:66[m[K,
[16.769s]                  from [01m[K/usr/include/boost/mpl/aux_/na_spec.hpp:28[m[K,
[16.769s]                  from [01m[K/usr/include/boost/mpl/not.hpp:20[m[K,
[16.769s]                  from [01m[K/usr/include/boost/mpl/assert.hpp:17[m[K,
[16.769s]                  from [01m[K/usr/include/pcl-1.10/pcl/point_traits.h:48[m[K,
[16.770s]                  from [01m[K/usr/include/pcl-1.10/pcl/point_cloud.h:50[m[K,
[16.770s]                  from [01m[K/home/korey/Desktop/lio_nav2/src/LIO-SAM/include/lio_sam_op/utility.hpp:21[m[K,
[16.770s]                  from [01m[K/home/korey/Desktop/lio_nav2/src/LIO-SAM/src/imageProjection.cpp:37[m[K:
[16.770s] [01m[K/home/korey/Desktop/lio_nav2/src/LIO-SAM/src/imageProjection.cpp:75:207:[m[K [01;35m[Kwarning: [m[K‘[01m[Kusing uint32_t = uint32_t[m[K’ is deprecated: use std::uint32_t instead of pcl::uint32_t [[01;35m[K-Wdeprecated-declarations[m[K]
[16.770s]    75 |                                   (float, x, x)(float, y, y)(float, z, z)(float, intensity, intensity)(uint32_t, t, t)(uint16_t, reflectivity, reflectivity)(uint8_t, ring, ring)(uint16_t, ambient, ambient)([01;35m[Kuint32_t[m[K, range, range))
[16.770s]       |                                                                                                                                                                                                               [01;35m[K^~~~~~~~[m[K
[16.770s] In file included from [01m[K/usr/include/pcl-1.10/pcl/PCLHeader.h:10[m[K,
[16.770s]                  from [01m[K/usr/include/pcl-1.10/pcl/point_cloud.h:47[m[K,
[16.770s]                  from [01m[K/home/korey/Desktop/lio_nav2/src/LIO-SAM/include/lio_sam_op/utility.hpp:21[m[K,
[16.770s]                  from [01m[K/home/korey/Desktop/lio_nav2/src/LIO-SAM/src/imageProjection.cpp:37[m[K:
[16.770s] [01m[K/usr/include/pcl-1.10/pcl/pcl_macros.h:96:9:[m[K [01;36m[Knote: [m[Kdeclared here
[16.770s]    96 |   using [01;36m[Kuint32_t[m[K [[deprecated("use std::uint32_t instead of pcl::uint32_t")]] = std::uint32_t;
[16.770s]       |         [01;36m[K^~~~~~~~[m[K
[34.012s] [ 91%] [32m[1mLinking CXX executable lio_sam_op_featureExtraction[0m
[35.674s] [ 91%] Built target lio_sam_op_featureExtraction
[35.691s] [ 93%] [32m[1mLinking CXX executable lio_sam_op_transformFusion[0m
[36.512s] [ 93%] Built target lio_sam_op_transformFusion
[38.442s] [ 95%] [32m[1mLinking CXX executable lio_sam_op_imageProjection[0m
[38.983s] [ 95%] Built target lio_sam_op_imageProjection
[49.891s] [ 97%] [32m[1mLinking CXX executable lio_sam_op_imuPreintegration[0m
[50.810s] [ 97%] Built target lio_sam_op_imuPreintegration
[65.365s] [100%] [32m[1mLinking CXX executable lio_sam_op_mapOptimization[0m
[66.736s] [100%] Built target lio_sam_op_mapOptimization
[66.750s] Invoked command in '/home/korey/Desktop/lio_nav2/build/lio_sam_op' returned '0': CMAKE_PREFIX_PATH=/opt/ros/foxy /home/korey/.local/bin/cmake --build /home/korey/Desktop/lio_nav2/build/lio_sam_op -- -j12 -l12
[66.754s] Invoking command in '/home/korey/Desktop/lio_nav2/build/lio_sam_op': CMAKE_PREFIX_PATH=/opt/ros/foxy /home/korey/.local/bin/cmake --install /home/korey/Desktop/lio_nav2/build/lio_sam_op
[66.786s] -- Install configuration: "Release"
[66.786s] -- Installing: /home/korey/Desktop/lio_nav2/install/lio_sam_op/share/ament_index/resource_index/rosidl_interfaces/lio_sam_op
[66.786s] -- Installing: /home/korey/Desktop/lio_nav2/install/lio_sam_op/include/lio_sam_op
[66.786s] -- Installing: /home/korey/Desktop/lio_nav2/install/lio_sam_op/include/lio_sam_op/srv
[66.786s] -- Installing: /home/korey/Desktop/lio_nav2/install/lio_sam_op/include/lio_sam_op/srv/detail
[66.787s] -- Installing: /home/korey/Desktop/lio_nav2/install/lio_sam_op/include/lio_sam_op/srv/detail/save_map__struct.h
[66.787s] -- Installing: /home/korey/Desktop/lio_nav2/install/lio_sam_op/include/lio_sam_op/srv/detail/save_map__type_support.h
[66.787s] -- Installing: /home/korey/Desktop/lio_nav2/install/lio_sam_op/include/lio_sam_op/srv/detail/save_map__functions.c
[66.787s] -- Installing: /home/korey/Desktop/lio_nav2/install/lio_sam_op/include/lio_sam_op/srv/detail/save_map__functions.h
[66.787s] -- Installing: /home/korey/Desktop/lio_nav2/install/lio_sam_op/include/lio_sam_op/srv/save_map.h
[66.788s] -- Installing: /home/korey/Desktop/lio_nav2/install/lio_sam_op/include/lio_sam_op/msg
[66.788s] -- Installing: /home/korey/Desktop/lio_nav2/install/lio_sam_op/include/lio_sam_op/msg/rosidl_generator_c__visibility_control.h
[66.788s] -- Installing: /home/korey/Desktop/lio_nav2/install/lio_sam_op/include/lio_sam_op/msg/cloud_info.h
[66.788s] -- Installing: /home/korey/Desktop/lio_nav2/install/lio_sam_op/include/lio_sam_op/msg/detail
[66.788s] -- Installing: /home/korey/Desktop/lio_nav2/install/lio_sam_op/include/lio_sam_op/msg/detail/cloud_info__functions.h
[66.788s] -- Installing: /home/korey/Desktop/lio_nav2/install/lio_sam_op/include/lio_sam_op/msg/detail/cloud_info__functions.c
[66.789s] -- Installing: /home/korey/Desktop/lio_nav2/install/lio_sam_op/include/lio_sam_op/msg/detail/cloud_info__type_support.h
[66.789s] -- Installing: /home/korey/Desktop/lio_nav2/install/lio_sam_op/include/lio_sam_op/msg/detail/cloud_info__struct.h
[66.789s] -- Installing: /home/korey/Desktop/lio_nav2/install/lio_sam_op/share/lio_sam_op/environment/library_path.sh
[66.790s] -- Installing: /home/korey/Desktop/lio_nav2/install/lio_sam_op/share/lio_sam_op/environment/library_path.dsv
[66.790s] -- Installing: /home/korey/Desktop/lio_nav2/install/lio_sam_op/lib/liblio_sam_op__rosidl_generator_c.so
[66.790s] -- Set runtime path of "/home/korey/Desktop/lio_nav2/install/lio_sam_op/lib/liblio_sam_op__rosidl_generator_c.so" to ""
[66.790s] -- Up-to-date: /home/korey/Desktop/lio_nav2/install/lio_sam_op/include/lio_sam_op
[66.790s] -- Up-to-date: /home/korey/Desktop/lio_nav2/install/lio_sam_op/include/lio_sam_op/srv
[66.791s] -- Up-to-date: /home/korey/Desktop/lio_nav2/install/lio_sam_op/include/lio_sam_op/srv/detail
[66.791s] -- Installing: /home/korey/Desktop/lio_nav2/install/lio_sam_op/include/lio_sam_op/srv/detail/save_map__rosidl_typesupport_fastrtps_c.h
[66.791s] -- Up-to-date: /home/korey/Desktop/lio_nav2/install/lio_sam_op/include/lio_sam_op/msg
[66.791s] -- Up-to-date: /home/korey/Desktop/lio_nav2/install/lio_sam_op/include/lio_sam_op/msg/detail
[66.791s] -- Installing: /home/korey/Desktop/lio_nav2/install/lio_sam_op/include/lio_sam_op/msg/detail/cloud_info__rosidl_typesupport_fastrtps_c.h
[66.791s] -- Installing: /home/korey/Desktop/lio_nav2/install/lio_sam_op/include/lio_sam_op/msg/rosidl_typesupport_fastrtps_c__visibility_control.h
[66.791s] -- Installing: /home/korey/Desktop/lio_nav2/install/lio_sam_op/lib/liblio_sam_op__rosidl_typesupport_fastrtps_c.so
[66.791s] -- Set runtime path of "/home/korey/Desktop/lio_nav2/install/lio_sam_op/lib/liblio_sam_op__rosidl_typesupport_fastrtps_c.so" to ""
[66.791s] -- Up-to-date: /home/korey/Desktop/lio_nav2/install/lio_sam_op/include/lio_sam_op
[66.792s] -- Up-to-date: /home/korey/Desktop/lio_nav2/install/lio_sam_op/include/lio_sam_op/srv
[66.792s] -- Up-to-date: /home/korey/Desktop/lio_nav2/install/lio_sam_op/include/lio_sam_op/srv/detail
[66.792s] -- Installing: /home/korey/Desktop/lio_nav2/install/lio_sam_op/include/lio_sam_op/srv/detail/dds_fastrtps
[66.792s] -- Installing: /home/korey/Desktop/lio_nav2/install/lio_sam_op/include/lio_sam_op/srv/detail/save_map__rosidl_typesupport_fastrtps_cpp.hpp
[66.792s] -- Up-to-date: /home/korey/Desktop/lio_nav2/install/lio_sam_op/include/lio_sam_op/msg
[66.792s] -- Up-to-date: /home/korey/Desktop/lio_nav2/install/lio_sam_op/include/lio_sam_op/msg/detail
[66.792s] -- Installing: /home/korey/Desktop/lio_nav2/install/lio_sam_op/include/lio_sam_op/msg/detail/dds_fastrtps
[66.792s] -- Installing: /home/korey/Desktop/lio_nav2/install/lio_sam_op/include/lio_sam_op/msg/detail/cloud_info__rosidl_typesupport_fastrtps_cpp.hpp
[66.792s] -- Installing: /home/korey/Desktop/lio_nav2/install/lio_sam_op/include/lio_sam_op/msg/rosidl_typesupport_fastrtps_cpp__visibility_control.h
[66.793s] -- Installing: /home/korey/Desktop/lio_nav2/install/lio_sam_op/lib/liblio_sam_op__rosidl_typesupport_fastrtps_cpp.so
[66.793s] -- Set runtime path of "/home/korey/Desktop/lio_nav2/install/lio_sam_op/lib/liblio_sam_op__rosidl_typesupport_fastrtps_cpp.so" to ""
[66.793s] -- Up-to-date: /home/korey/Desktop/lio_nav2/install/lio_sam_op/include/lio_sam_op
[66.793s] -- Up-to-date: /home/korey/Desktop/lio_nav2/install/lio_sam_op/include/lio_sam_op/srv
[66.793s] -- Up-to-date: /home/korey/Desktop/lio_nav2/install/lio_sam_op/include/lio_sam_op/srv/detail
[66.793s] -- Installing: /home/korey/Desktop/lio_nav2/install/lio_sam_op/include/lio_sam_op/srv/detail/save_map__rosidl_typesupport_introspection_c.h
[66.793s] -- Installing: /home/korey/Desktop/lio_nav2/install/lio_sam_op/include/lio_sam_op/srv/detail/save_map__type_support.c
[66.793s] -- Up-to-date: /home/korey/Desktop/lio_nav2/install/lio_sam_op/include/lio_sam_op/msg
[66.794s] -- Installing: /home/korey/Desktop/lio_nav2/install/lio_sam_op/include/lio_sam_op/msg/rosidl_typesupport_introspection_c__visibility_control.h
[66.794s] -- Up-to-date: /home/korey/Desktop/lio_nav2/install/lio_sam_op/include/lio_sam_op/msg/detail
[66.794s] -- Installing: /home/korey/Desktop/lio_nav2/install/lio_sam_op/include/lio_sam_op/msg/detail/cloud_info__type_support.c
[66.794s] -- Installing: /home/korey/Desktop/lio_nav2/install/lio_sam_op/include/lio_sam_op/msg/detail/cloud_info__rosidl_typesupport_introspection_c.h
[66.794s] -- Installing: /home/korey/Desktop/lio_nav2/install/lio_sam_op/lib/liblio_sam_op__rosidl_typesupport_introspection_c.so
[66.794s] -- Set runtime path of "/home/korey/Desktop/lio_nav2/install/lio_sam_op/lib/liblio_sam_op__rosidl_typesupport_introspection_c.so" to ""
[66.794s] -- Installing: /home/korey/Desktop/lio_nav2/install/lio_sam_op/lib/liblio_sam_op__rosidl_typesupport_c.so
[66.794s] -- Set runtime path of "/home/korey/Desktop/lio_nav2/install/lio_sam_op/lib/liblio_sam_op__rosidl_typesupport_c.so" to ""
[66.795s] -- Up-to-date: /home/korey/Desktop/lio_nav2/install/lio_sam_op/include/lio_sam_op
[66.795s] -- Up-to-date: /home/korey/Desktop/lio_nav2/install/lio_sam_op/include/lio_sam_op/srv
[66.795s] -- Up-to-date: /home/korey/Desktop/lio_nav2/install/lio_sam_op/include/lio_sam_op/srv/detail
[66.795s] -- Installing: /home/korey/Desktop/lio_nav2/install/lio_sam_op/include/lio_sam_op/srv/detail/save_map__traits.hpp
[66.795s] -- Installing: /home/korey/Desktop/lio_nav2/install/lio_sam_op/include/lio_sam_op/srv/detail/save_map__builder.hpp
[66.795s] -- Installing: /home/korey/Desktop/lio_nav2/install/lio_sam_op/include/lio_sam_op/srv/detail/save_map__struct.hpp
[66.795s] -- Installing: /home/korey/Desktop/lio_nav2/install/lio_sam_op/include/lio_sam_op/srv/detail/save_map__type_support.hpp
[66.795s] -- Installing: /home/korey/Desktop/lio_nav2/install/lio_sam_op/include/lio_sam_op/srv/save_map.hpp
[66.795s] -- Up-to-date: /home/korey/Desktop/lio_nav2/install/lio_sam_op/include/lio_sam_op/msg
[66.796s] -- Installing: /home/korey/Desktop/lio_nav2/install/lio_sam_op/include/lio_sam_op/msg/rosidl_generator_cpp__visibility_control.hpp
[66.796s] -- Up-to-date: /home/korey/Desktop/lio_nav2/install/lio_sam_op/include/lio_sam_op/msg/detail
[66.796s] -- Installing: /home/korey/Desktop/lio_nav2/install/lio_sam_op/include/lio_sam_op/msg/detail/cloud_info__traits.hpp
[66.796s] -- Installing: /home/korey/Desktop/lio_nav2/install/lio_sam_op/include/lio_sam_op/msg/detail/cloud_info__type_support.hpp
[66.796s] -- Installing: /home/korey/Desktop/lio_nav2/install/lio_sam_op/include/lio_sam_op/msg/detail/cloud_info__builder.hpp
[66.796s] -- Installing: /home/korey/Desktop/lio_nav2/install/lio_sam_op/include/lio_sam_op/msg/detail/cloud_info__struct.hpp
[66.796s] -- Installing: /home/korey/Desktop/lio_nav2/install/lio_sam_op/include/lio_sam_op/msg/cloud_info.hpp
[66.796s] -- Up-to-date: /home/korey/Desktop/lio_nav2/install/lio_sam_op/include/lio_sam_op
[66.796s] -- Up-to-date: /home/korey/Desktop/lio_nav2/install/lio_sam_op/include/lio_sam_op/srv
[66.797s] -- Up-to-date: /home/korey/Desktop/lio_nav2/install/lio_sam_op/include/lio_sam_op/srv/detail
[66.797s] -- Installing: /home/korey/Desktop/lio_nav2/install/lio_sam_op/include/lio_sam_op/srv/detail/save_map__type_support.cpp
[66.797s] -- Installing: /home/korey/Desktop/lio_nav2/install/lio_sam_op/include/lio_sam_op/srv/detail/save_map__rosidl_typesupport_introspection_cpp.hpp
[66.797s] -- Up-to-date: /home/korey/Desktop/lio_nav2/install/lio_sam_op/include/lio_sam_op/msg
[66.797s] -- Up-to-date: /home/korey/Desktop/lio_nav2/install/lio_sam_op/include/lio_sam_op/msg/detail
[66.797s] -- Installing: /home/korey/Desktop/lio_nav2/install/lio_sam_op/include/lio_sam_op/msg/detail/cloud_info__type_support.cpp
[66.797s] -- Installing: /home/korey/Desktop/lio_nav2/install/lio_sam_op/include/lio_sam_op/msg/detail/cloud_info__rosidl_typesupport_introspection_cpp.hpp
[66.798s] -- Installing: /home/korey/Desktop/lio_nav2/install/lio_sam_op/lib/liblio_sam_op__rosidl_typesupport_introspection_cpp.so
[66.798s] -- Set runtime path of "/home/korey/Desktop/lio_nav2/install/lio_sam_op/lib/liblio_sam_op__rosidl_typesupport_introspection_cpp.so" to ""
[66.798s] -- Installing: /home/korey/Desktop/lio_nav2/install/lio_sam_op/lib/liblio_sam_op__rosidl_typesupport_cpp.so
[66.798s] -- Set runtime path of "/home/korey/Desktop/lio_nav2/install/lio_sam_op/lib/liblio_sam_op__rosidl_typesupport_cpp.so" to ""
[66.798s] -- Installing: /home/korey/Desktop/lio_nav2/install/lio_sam_op/share/lio_sam_op/environment/pythonpath.sh
[66.798s] -- Installing: /home/korey/Desktop/lio_nav2/install/lio_sam_op/share/lio_sam_op/environment/pythonpath.dsv
[66.799s] -- Installing: /home/korey/Desktop/lio_nav2/install/lio_sam_op/lib/python3.8/site-packages/lio_sam_op/__init__.py
[66.836s] Compiling '/home/korey/Desktop/lio_nav2/install/lio_sam_op/lib/python3.8/site-packages/lio_sam_op/__init__.py'...
[66.840s] -- Installing: /home/korey/Desktop/lio_nav2/install/lio_sam_op/lib/python3.8/site-packages/lio_sam_op/msg
[66.840s] -- Installing: /home/korey/Desktop/lio_nav2/install/lio_sam_op/lib/python3.8/site-packages/lio_sam_op/msg/_cloud_info_s.c
[66.840s] -- Installing: /home/korey/Desktop/lio_nav2/install/lio_sam_op/lib/python3.8/site-packages/lio_sam_op/msg/__init__.py
[66.840s] -- Installing: /home/korey/Desktop/lio_nav2/install/lio_sam_op/lib/python3.8/site-packages/lio_sam_op/msg/_cloud_info.py
[66.841s] -- Installing: /home/korey/Desktop/lio_nav2/install/lio_sam_op/lib/python3.8/site-packages/lio_sam_op/srv
[66.841s] -- Installing: /home/korey/Desktop/lio_nav2/install/lio_sam_op/lib/python3.8/site-packages/lio_sam_op/srv/_save_map.py
[66.841s] -- Installing: /home/korey/Desktop/lio_nav2/install/lio_sam_op/lib/python3.8/site-packages/lio_sam_op/srv/__init__.py
[66.841s] -- Installing: /home/korey/Desktop/lio_nav2/install/lio_sam_op/lib/python3.8/site-packages/lio_sam_op/srv/_save_map_s.c
[66.841s] -- Installing: /home/korey/Desktop/lio_nav2/install/lio_sam_op/lib/python3.8/site-packages/lio_sam_op/lio_sam_op_s__rosidl_typesupport_fastrtps_c.cpython-38-x86_64-linux-gnu.so
[66.841s] -- Set runtime path of "/home/korey/Desktop/lio_nav2/install/lio_sam_op/lib/python3.8/site-packages/lio_sam_op/lio_sam_op_s__rosidl_typesupport_fastrtps_c.cpython-38-x86_64-linux-gnu.so" to ""
[66.842s] -- Installing: /home/korey/Desktop/lio_nav2/install/lio_sam_op/lib/python3.8/site-packages/lio_sam_op/lio_sam_op_s__rosidl_typesupport_introspection_c.cpython-38-x86_64-linux-gnu.so
[66.842s] -- Set runtime path of "/home/korey/Desktop/lio_nav2/install/lio_sam_op/lib/python3.8/site-packages/lio_sam_op/lio_sam_op_s__rosidl_typesupport_introspection_c.cpython-38-x86_64-linux-gnu.so" to ""
[66.842s] -- Installing: /home/korey/Desktop/lio_nav2/install/lio_sam_op/lib/python3.8/site-packages/lio_sam_op/lio_sam_op_s__rosidl_typesupport_c.cpython-38-x86_64-linux-gnu.so
[66.842s] -- Set runtime path of "/home/korey/Desktop/lio_nav2/install/lio_sam_op/lib/python3.8/site-packages/lio_sam_op/lio_sam_op_s__rosidl_typesupport_c.cpython-38-x86_64-linux-gnu.so" to ""
[66.842s] -- Installing: /home/korey/Desktop/lio_nav2/install/lio_sam_op/lib/liblio_sam_op__python.so
[66.843s] -- Set runtime path of "/home/korey/Desktop/lio_nav2/install/lio_sam_op/lib/liblio_sam_op__python.so" to ""
[66.843s] -- Installing: /home/korey/Desktop/lio_nav2/install/lio_sam_op/share/lio_sam_op/msg/CloudInfo.idl
[66.843s] -- Installing: /home/korey/Desktop/lio_nav2/install/lio_sam_op/share/lio_sam_op/srv/SaveMap.idl
[66.843s] -- Installing: /home/korey/Desktop/lio_nav2/install/lio_sam_op/share/lio_sam_op/msg/CloudInfo.msg
[66.843s] -- Installing: /home/korey/Desktop/lio_nav2/install/lio_sam_op/share/lio_sam_op/srv/SaveMap.srv
[66.844s] -- Installing: /home/korey/Desktop/lio_nav2/install/lio_sam_op/share/lio_sam_op/srv/SaveMap_Request.msg
[66.844s] -- Installing: /home/korey/Desktop/lio_nav2/install/lio_sam_op/share/lio_sam_op/srv/SaveMap_Response.msg
[66.844s] -- Installing: /home/korey/Desktop/lio_nav2/install/lio_sam_op/lib/lio_sam_op/lio_sam_op_imageProjection
[66.848s] -- Set runtime path of "/home/korey/Desktop/lio_nav2/install/lio_sam_op/lib/lio_sam_op/lio_sam_op_imageProjection" to ""
[66.848s] -- Installing: /home/korey/Desktop/lio_nav2/install/lio_sam_op/lib/lio_sam_op/lio_sam_op_featureExtraction
[66.850s] -- Set runtime path of "/home/korey/Desktop/lio_nav2/install/lio_sam_op/lib/lio_sam_op/lio_sam_op_featureExtraction" to ""
[66.850s] -- Installing: /home/korey/Desktop/lio_nav2/install/lio_sam_op/lib/lio_sam_op/lio_sam_op_imuPreintegration
[66.853s] -- Set runtime path of "/home/korey/Desktop/lio_nav2/install/lio_sam_op/lib/lio_sam_op/lio_sam_op_imuPreintegration" to ""
[66.853s] -- Installing: /home/korey/Desktop/lio_nav2/install/lio_sam_op/lib/lio_sam_op/lio_sam_op_mapOptimization
[66.857s] -- Set runtime path of "/home/korey/Desktop/lio_nav2/install/lio_sam_op/lib/lio_sam_op/lio_sam_op_mapOptimization" to ""
[66.857s] -- Installing: /home/korey/Desktop/lio_nav2/install/lio_sam_op/lib/lio_sam_op/lio_sam_op_transformFusion
[66.858s] -- Set runtime path of "/home/korey/Desktop/lio_nav2/install/lio_sam_op/lib/lio_sam_op/lio_sam_op_transformFusion" to ""
[66.858s] -- Up-to-date: /home/korey/Desktop/lio_nav2/install/lio_sam_op/include/lio_sam_op
[66.859s] -- Installing: /home/korey/Desktop/lio_nav2/install/lio_sam_op/include/lio_sam_op/lio_sam_op
[66.859s] -- Installing: /home/korey/Desktop/lio_nav2/install/lio_sam_op/include/lio_sam_op/lio_sam_op/utility.hpp
[66.859s] -- Installing: /home/korey/Desktop/lio_nav2/install/lio_sam_op/share/lio_sam_op/launch
[66.859s] -- Installing: /home/korey/Desktop/lio_nav2/install/lio_sam_op/share/lio_sam_op/launch/run.launch.py
[66.859s] -- Installing: /home/korey/Desktop/lio_nav2/install/lio_sam_op/share/lio_sam_op/launch/pureLioSam.launch.py
[66.859s] -- Installing: /home/korey/Desktop/lio_nav2/install/lio_sam_op/share/lio_sam_op/launch/__pycache__
[66.860s] -- Installing: /home/korey/Desktop/lio_nav2/install/lio_sam_op/share/lio_sam_op/launch/__pycache__/run.launch.cpython-313.pyc
[66.860s] -- Installing: /home/korey/Desktop/lio_nav2/install/lio_sam_op/share/lio_sam_op/config
[66.860s] -- Installing: /home/korey/Desktop/lio_nav2/install/lio_sam_op/share/lio_sam_op/config/rviz2.rviz
[66.860s] -- Installing: /home/korey/Desktop/lio_nav2/install/lio_sam_op/share/lio_sam_op/config/robot.urdf.xacro
[66.860s] -- Installing: /home/korey/Desktop/lio_nav2/install/lio_sam_op/share/lio_sam_op/config/params_default.yaml
[66.861s] -- Installing: /home/korey/Desktop/lio_nav2/install/lio_sam_op/share/lio_sam_op/config/params.yaml
[66.861s] -- Installing: /home/korey/Desktop/lio_nav2/install/lio_sam_op/share/ament_index/resource_index/package_run_dependencies/lio_sam_op
[66.861s] -- Installing: /home/korey/Desktop/lio_nav2/install/lio_sam_op/share/ament_index/resource_index/parent_prefix_path/lio_sam_op
[66.861s] -- Installing: /home/korey/Desktop/lio_nav2/install/lio_sam_op/share/lio_sam_op/environment/ament_prefix_path.sh
[66.861s] -- Installing: /home/korey/Desktop/lio_nav2/install/lio_sam_op/share/lio_sam_op/environment/ament_prefix_path.dsv
[66.862s] -- Installing: /home/korey/Desktop/lio_nav2/install/lio_sam_op/share/lio_sam_op/environment/path.sh
[66.862s] -- Installing: /home/korey/Desktop/lio_nav2/install/lio_sam_op/share/lio_sam_op/environment/path.dsv
[66.862s] -- Installing: /home/korey/Desktop/lio_nav2/install/lio_sam_op/share/lio_sam_op/local_setup.bash
[66.862s] -- Installing: /home/korey/Desktop/lio_nav2/install/lio_sam_op/share/lio_sam_op/local_setup.sh
[66.862s] -- Installing: /home/korey/Desktop/lio_nav2/install/lio_sam_op/share/lio_sam_op/local_setup.zsh
[66.863s] -- Installing: /home/korey/Desktop/lio_nav2/install/lio_sam_op/share/lio_sam_op/local_setup.dsv
[66.863s] -- Installing: /home/korey/Desktop/lio_nav2/install/lio_sam_op/share/lio_sam_op/package.dsv
[66.863s] -- Installing: /home/korey/Desktop/lio_nav2/install/lio_sam_op/share/ament_index/resource_index/packages/lio_sam_op
[66.863s] -- Installing: /home/korey/Desktop/lio_nav2/install/lio_sam_op/share/lio_sam_op/cmake/lio_sam_op__rosidl_generator_cExport.cmake
[66.863s] -- Installing: /home/korey/Desktop/lio_nav2/install/lio_sam_op/share/lio_sam_op/cmake/lio_sam_op__rosidl_generator_cExport-release.cmake
[66.863s] -- Installing: /home/korey/Desktop/lio_nav2/install/lio_sam_op/share/lio_sam_op/cmake/lio_sam_op__rosidl_typesupport_introspection_cExport.cmake
[66.863s] -- Installing: /home/korey/Desktop/lio_nav2/install/lio_sam_op/share/lio_sam_op/cmake/lio_sam_op__rosidl_typesupport_introspection_cExport-release.cmake
[66.864s] -- Installing: /home/korey/Desktop/lio_nav2/install/lio_sam_op/share/lio_sam_op/cmake/lio_sam_op__rosidl_typesupport_cExport.cmake
[66.864s] -- Installing: /home/korey/Desktop/lio_nav2/install/lio_sam_op/share/lio_sam_op/cmake/lio_sam_op__rosidl_typesupport_cExport-release.cmake
[66.864s] -- Installing: /home/korey/Desktop/lio_nav2/install/lio_sam_op/share/lio_sam_op/cmake/lio_sam_op__rosidl_generator_cppExport.cmake
[66.864s] -- Installing: /home/korey/Desktop/lio_nav2/install/lio_sam_op/share/lio_sam_op/cmake/lio_sam_op__rosidl_typesupport_introspection_cppExport.cmake
[66.864s] -- Installing: /home/korey/Desktop/lio_nav2/install/lio_sam_op/share/lio_sam_op/cmake/lio_sam_op__rosidl_typesupport_introspection_cppExport-release.cmake
[66.864s] -- Installing: /home/korey/Desktop/lio_nav2/install/lio_sam_op/share/lio_sam_op/cmake/lio_sam_op__rosidl_typesupport_cppExport.cmake
[66.864s] -- Installing: /home/korey/Desktop/lio_nav2/install/lio_sam_op/share/lio_sam_op/cmake/lio_sam_op__rosidl_typesupport_cppExport-release.cmake
[66.865s] -- Installing: /home/korey/Desktop/lio_nav2/install/lio_sam_op/share/lio_sam_op/cmake/rosidl_cmake-extras.cmake
[66.865s] -- Installing: /home/korey/Desktop/lio_nav2/install/lio_sam_op/share/lio_sam_op/cmake/ament_cmake_export_dependencies-extras.cmake
[66.865s] -- Installing: /home/korey/Desktop/lio_nav2/install/lio_sam_op/share/lio_sam_op/cmake/ament_cmake_export_libraries-extras.cmake
[66.865s] -- Installing: /home/korey/Desktop/lio_nav2/install/lio_sam_op/share/lio_sam_op/cmake/ament_cmake_export_targets-extras.cmake
[66.865s] -- Installing: /home/korey/Desktop/lio_nav2/install/lio_sam_op/share/lio_sam_op/cmake/ament_cmake_export_include_directories-extras.cmake
[66.865s] -- Installing: /home/korey/Desktop/lio_nav2/install/lio_sam_op/share/lio_sam_op/cmake/rosidl_cmake_export_typesupport_libraries-extras.cmake
[66.865s] -- Installing: /home/korey/Desktop/lio_nav2/install/lio_sam_op/share/lio_sam_op/cmake/rosidl_cmake_export_typesupport_targets-extras.cmake
[66.866s] -- Installing: /home/korey/Desktop/lio_nav2/install/lio_sam_op/share/lio_sam_op/cmake/lio_sam_opConfig.cmake
[66.866s] -- Installing: /home/korey/Desktop/lio_nav2/install/lio_sam_op/share/lio_sam_op/cmake/lio_sam_opConfig-version.cmake
[66.866s] -- Installing: /home/korey/Desktop/lio_nav2/install/lio_sam_op/share/lio_sam_op/package.xml
[66.872s] Invoked command in '/home/korey/Desktop/lio_nav2/build/lio_sam_op' returned '0': CMAKE_PREFIX_PATH=/opt/ros/foxy /home/korey/.local/bin/cmake --install /home/korey/Desktop/lio_nav2/build/lio_sam_op
