-- The C compiler identification is GNU 9.4.0
-- The CXX compiler identification is GNU 9.4.0
-- Check for working C compiler: /usr/bin/cc
-- Check for working C compiler: /usr/bin/cc -- works
-- Detecting C compiler ABI info
-- Detecting C compiler ABI info - done
-- Detecting C compile features
-- Detecting C compile features - done
-- Check for working CXX compiler: /usr/bin/c++
-- Check for working CXX compiler: /usr/bin/c++ -- works
-- Detecting CXX compiler ABI info
-- Detecting CXX compiler ABI info - done
-- Detecting CXX compile features
-- Detecting CXX compile features - done
-- Found ament_cmake: 0.9.12 (/opt/ros/foxy/share/ament_cmake/cmake)
-- Using PYTHON_EXECUTABLE: /usr/bin/python3
-- Override CMake install command with custom implementation using symlinks instead of copying resources
-- Found ament_cmake_auto: 0.9.12 (/opt/ros/foxy/share/ament_cmake_auto/cmake)
-- Found ament_lint_auto: 0.9.8 (/opt/ros/foxy/share/ament_lint_auto/cmake)
-- Added test 'copyright' to check source files copyright and LICENSE
-- Added test 'flake8' to check Python code syntax and style conventions
-- Added test 'lint_cmake' to check CMake code style
-- Added test 'pep257' to check Python code against some of the style conventions in PEP 257
-- Added test 'xmllint' to check XML markup files
-- Configuring done
-- Generating done
-- Build files have been written to: /home/korey/Desktop/lio-sam_simulation_navigation/build/robot_navigation2
-- Install configuration: ""
-- Execute custom install script
-- Symlinking: /home/korey/Desktop/lio-sam_simulation_navigation/install/robot_navigation2/share/robot_navigation2/environment/pythonpath.sh
-- Symlinking: /home/korey/Desktop/lio-sam_simulation_navigation/install/robot_navigation2/share/robot_navigation2/environment/pythonpath.dsv
-- Symlinking: /home/korey/Desktop/lio-sam_simulation_navigation/install/robot_navigation2/lib/python3.8/site-packages/script/__init__.py
-- Symlinking: /home/korey/Desktop/lio-sam_simulation_navigation/install/robot_navigation2/share/robot_navigation2/launch/__pycache__/navigation2.launch.cpython-313.pyc
-- Symlinking: /home/korey/Desktop/lio-sam_simulation_navigation/install/robot_navigation2/share/robot_navigation2/launch/bring_launch.py
-- Symlinking: /home/korey/Desktop/lio-sam_simulation_navigation/install/robot_navigation2/share/robot_navigation2/launch/localization_launch.py
-- Symlinking: /home/korey/Desktop/lio-sam_simulation_navigation/install/robot_navigation2/share/robot_navigation2/launch/map_server_launch.py
-- Symlinking: /home/korey/Desktop/lio-sam_simulation_navigation/install/robot_navigation2/share/robot_navigation2/launch/nav.launch.py
-- Symlinking: /home/korey/Desktop/lio-sam_simulation_navigation/install/robot_navigation2/share/robot_navigation2/launch/navigation2.launch.py
-- Symlinking: /home/korey/Desktop/lio-sam_simulation_navigation/install/robot_navigation2/share/robot_navigation2/launch/navigation_launch.py
-- Symlinking: /home/korey/Desktop/lio-sam_simulation_navigation/install/robot_navigation2/share/robot_navigation2/launch/rviz_launch.py
-- Symlinking: /home/korey/Desktop/lio-sam_simulation_navigation/install/robot_navigation2/share/robot_navigation2/param/robot.yaml
-- Symlinking: /home/korey/Desktop/lio-sam_simulation_navigation/install/robot_navigation2/share/robot_navigation2/maps/my_map.pgm
-- Symlinking: /home/korey/Desktop/lio-sam_simulation_navigation/install/robot_navigation2/share/robot_navigation2/maps/my_map.yaml
-- Symlinking: /home/korey/Desktop/lio-sam_simulation_navigation/install/robot_navigation2/share/robot_navigation2/maps/show_pgm.py
-- Up-to-date symlink: /home/korey/Desktop/lio-sam_simulation_navigation/install/robot_navigation2/share/robot_navigation2/launch/__pycache__/navigation2.launch.cpython-313.pyc
-- Up-to-date symlink: /home/korey/Desktop/lio-sam_simulation_navigation/install/robot_navigation2/share/robot_navigation2/launch/bring_launch.py
-- Up-to-date symlink: /home/korey/Desktop/lio-sam_simulation_navigation/install/robot_navigation2/share/robot_navigation2/launch/localization_launch.py
-- Up-to-date symlink: /home/korey/Desktop/lio-sam_simulation_navigation/install/robot_navigation2/share/robot_navigation2/launch/map_server_launch.py
-- Up-to-date symlink: /home/korey/Desktop/lio-sam_simulation_navigation/install/robot_navigation2/share/robot_navigation2/launch/nav.launch.py
-- Up-to-date symlink: /home/korey/Desktop/lio-sam_simulation_navigation/install/robot_navigation2/share/robot_navigation2/launch/navigation2.launch.py
-- Up-to-date symlink: /home/korey/Desktop/lio-sam_simulation_navigation/install/robot_navigation2/share/robot_navigation2/launch/navigation_launch.py
-- Up-to-date symlink: /home/korey/Desktop/lio-sam_simulation_navigation/install/robot_navigation2/share/robot_navigation2/launch/rviz_launch.py
-- Symlinking: /home/korey/Desktop/lio-sam_simulation_navigation/install/robot_navigation2/share/ament_index/resource_index/package_run_dependencies/robot_navigation2
-- Symlinking: /home/korey/Desktop/lio-sam_simulation_navigation/install/robot_navigation2/share/ament_index/resource_index/parent_prefix_path/robot_navigation2
-- Symlinking: /home/korey/Desktop/lio-sam_simulation_navigation/install/robot_navigation2/share/robot_navigation2/environment/ament_prefix_path.sh
-- Symlinking: /home/korey/Desktop/lio-sam_simulation_navigation/install/robot_navigation2/share/robot_navigation2/environment/ament_prefix_path.dsv
-- Symlinking: /home/korey/Desktop/lio-sam_simulation_navigation/install/robot_navigation2/share/robot_navigation2/environment/path.sh
-- Symlinking: /home/korey/Desktop/lio-sam_simulation_navigation/install/robot_navigation2/share/robot_navigation2/environment/path.dsv
-- Symlinking: /home/korey/Desktop/lio-sam_simulation_navigation/install/robot_navigation2/share/robot_navigation2/local_setup.bash
-- Symlinking: /home/korey/Desktop/lio-sam_simulation_navigation/install/robot_navigation2/share/robot_navigation2/local_setup.sh
-- Symlinking: /home/korey/Desktop/lio-sam_simulation_navigation/install/robot_navigation2/share/robot_navigation2/local_setup.zsh
-- Symlinking: /home/korey/Desktop/lio-sam_simulation_navigation/install/robot_navigation2/share/robot_navigation2/local_setup.dsv
-- Symlinking: /home/korey/Desktop/lio-sam_simulation_navigation/install/robot_navigation2/share/robot_navigation2/package.dsv
-- Symlinking: /home/korey/Desktop/lio-sam_simulation_navigation/install/robot_navigation2/share/ament_index/resource_index/packages/robot_navigation2
-- Symlinking: /home/korey/Desktop/lio-sam_simulation_navigation/install/robot_navigation2/share/robot_navigation2/cmake/robot_navigation2Config.cmake
-- Symlinking: /home/korey/Desktop/lio-sam_simulation_navigation/install/robot_navigation2/share/robot_navigation2/cmake/robot_navigation2Config-version.cmake
-- Symlinking: /home/korey/Desktop/lio-sam_simulation_navigation/install/robot_navigation2/share/robot_navigation2/package.xml
Listing '/home/korey/Desktop/lio-sam_simulation_navigation/install/robot_navigation2/lib/python3.8/site-packages/script'...
