[0.021s] Invoking command in '/home/korey/Desktop/lio-sam_simulation_navigation/build/robot_navigation2': CMAKE_PREFIX_PATH=${CMAKE_PREFIX_PATH}:/opt/ros/foxy CONDA_PROMPT_MODIFIER=(base) /usr/bin/cmake /home/korey/Desktop/lio-sam_simulation_navigation/src/robot_navigation2 -DAMENT_CMAKE_SYMLINK_INSTALL=1 -DCMAKE_INSTALL_PREFIX=/home/korey/Desktop/lio-sam_simulation_navigation/install/robot_navigation2
[0.095s] -- The C compiler identification is GNU 9.4.0
[0.163s] -- The CXX compiler identification is GNU 9.4.0
[0.168s] -- Check for working C compiler: /usr/bin/cc
[0.274s] -- Check for working C compiler: /usr/bin/cc -- works
[0.275s] -- Detecting C compiler ABI info
[0.384s] -- Detecting C compiler ABI info - done
[0.402s] -- Detecting C compile features
[0.402s] -- Detecting C compile features - done
[0.404s] -- Check for working CXX compiler: /usr/bin/c++
[0.520s] -- Check for working CXX compiler: /usr/bin/c++ -- works
[0.520s] -- Detecting CXX compiler ABI info
[0.635s] -- Detecting CXX compiler ABI info - done
[0.649s] -- Detecting CXX compile features
[0.650s] -- Detecting CXX compile features - done
[0.650s] -- Found ament_cmake: 0.9.12 (/opt/ros/foxy/share/ament_cmake/cmake)
[0.678s] -- Using PYTHON_EXECUTABLE: /usr/bin/python3
[0.870s] -- Override CMake install command with custom implementation using symlinks instead of copying resources
[0.884s] -- Found ament_cmake_auto: 0.9.12 (/opt/ros/foxy/share/ament_cmake_auto/cmake)
[0.957s] -- Found ament_lint_auto: 0.9.8 (/opt/ros/foxy/share/ament_lint_auto/cmake)
[0.969s] -- Added test 'copyright' to check source files copyright and LICENSE
[0.973s] -- Added test 'flake8' to check Python code syntax and style conventions
[0.973s] -- Added test 'lint_cmake' to check CMake code style
[0.973s] -- Added test 'pep257' to check Python code against some of the style conventions in PEP 257
[0.975s] -- Added test 'xmllint' to check XML markup files
[0.977s] -- Configuring done
[0.981s] -- Generating done
[0.983s] -- Build files have been written to: /home/korey/Desktop/lio-sam_simulation_navigation/build/robot_navigation2
[0.987s] Invoked command in '/home/korey/Desktop/lio-sam_simulation_navigation/build/robot_navigation2' returned '0': CMAKE_PREFIX_PATH=${CMAKE_PREFIX_PATH}:/opt/ros/foxy CONDA_PROMPT_MODIFIER=(base) /usr/bin/cmake /home/korey/Desktop/lio-sam_simulation_navigation/src/robot_navigation2 -DAMENT_CMAKE_SYMLINK_INSTALL=1 -DCMAKE_INSTALL_PREFIX=/home/korey/Desktop/lio-sam_simulation_navigation/install/robot_navigation2
[0.991s] Invoking command in '/home/korey/Desktop/lio-sam_simulation_navigation/build/robot_navigation2': CMAKE_PREFIX_PATH=${CMAKE_PREFIX_PATH}:/opt/ros/foxy CONDA_PROMPT_MODIFIER=(base) /usr/bin/cmake --build /home/korey/Desktop/lio-sam_simulation_navigation/build/robot_navigation2 -- -j12 -l12
[1.047s] Invoked command in '/home/korey/Desktop/lio-sam_simulation_navigation/build/robot_navigation2' returned '0': CMAKE_PREFIX_PATH=${CMAKE_PREFIX_PATH}:/opt/ros/foxy CONDA_PROMPT_MODIFIER=(base) /usr/bin/cmake --build /home/korey/Desktop/lio-sam_simulation_navigation/build/robot_navigation2 -- -j12 -l12
[1.069s] Invoking command in '/home/korey/Desktop/lio-sam_simulation_navigation/build/robot_navigation2': CMAKE_PREFIX_PATH=${CMAKE_PREFIX_PATH}:/opt/ros/foxy CONDA_PROMPT_MODIFIER=(base) /usr/bin/cmake --install /home/korey/Desktop/lio-sam_simulation_navigation/build/robot_navigation2
[1.081s] -- Install configuration: ""
[1.081s] -- Execute custom install script
[1.081s] -- Symlinking: /home/korey/Desktop/lio-sam_simulation_navigation/install/robot_navigation2/share/robot_navigation2/environment/pythonpath.sh
[1.098s] -- Symlinking: /home/korey/Desktop/lio-sam_simulation_navigation/install/robot_navigation2/share/robot_navigation2/environment/pythonpath.dsv
[1.113s] -- Symlinking: /home/korey/Desktop/lio-sam_simulation_navigation/install/robot_navigation2/lib/python3.8/site-packages/script/__init__.py
[1.130s] -- Symlinking: /home/korey/Desktop/lio-sam_simulation_navigation/install/robot_navigation2/share/robot_navigation2/launch/__pycache__/navigation2.launch.cpython-313.pyc
[1.144s] -- Symlinking: /home/korey/Desktop/lio-sam_simulation_navigation/install/robot_navigation2/share/robot_navigation2/launch/bring_launch.py
[1.162s] -- Symlinking: /home/korey/Desktop/lio-sam_simulation_navigation/install/robot_navigation2/share/robot_navigation2/launch/localization_launch.py
[1.176s] -- Symlinking: /home/korey/Desktop/lio-sam_simulation_navigation/install/robot_navigation2/share/robot_navigation2/launch/map_server_launch.py
[1.190s] -- Symlinking: /home/korey/Desktop/lio-sam_simulation_navigation/install/robot_navigation2/share/robot_navigation2/launch/nav.launch.py
[1.203s] -- Symlinking: /home/korey/Desktop/lio-sam_simulation_navigation/install/robot_navigation2/share/robot_navigation2/launch/navigation2.launch.py
[1.218s] -- Symlinking: /home/korey/Desktop/lio-sam_simulation_navigation/install/robot_navigation2/share/robot_navigation2/launch/navigation_launch.py
[1.234s] -- Symlinking: /home/korey/Desktop/lio-sam_simulation_navigation/install/robot_navigation2/share/robot_navigation2/launch/rviz_launch.py
[1.251s] -- Symlinking: /home/korey/Desktop/lio-sam_simulation_navigation/install/robot_navigation2/share/robot_navigation2/param/robot.yaml
[1.269s] -- Symlinking: /home/korey/Desktop/lio-sam_simulation_navigation/install/robot_navigation2/share/robot_navigation2/maps/my_map.pgm
[1.285s] -- Symlinking: /home/korey/Desktop/lio-sam_simulation_navigation/install/robot_navigation2/share/robot_navigation2/maps/my_map.yaml
[1.300s] -- Symlinking: /home/korey/Desktop/lio-sam_simulation_navigation/install/robot_navigation2/share/robot_navigation2/maps/show_pgm.py
[1.315s] -- Up-to-date symlink: /home/korey/Desktop/lio-sam_simulation_navigation/install/robot_navigation2/share/robot_navigation2/launch/__pycache__/navigation2.launch.cpython-313.pyc
[1.315s] -- Up-to-date symlink: /home/korey/Desktop/lio-sam_simulation_navigation/install/robot_navigation2/share/robot_navigation2/launch/bring_launch.py
[1.317s] -- Up-to-date symlink: /home/korey/Desktop/lio-sam_simulation_navigation/install/robot_navigation2/share/robot_navigation2/launch/localization_launch.py
[1.317s] -- Up-to-date symlink: /home/korey/Desktop/lio-sam_simulation_navigation/install/robot_navigation2/share/robot_navigation2/launch/map_server_launch.py
[1.317s] -- Up-to-date symlink: /home/korey/Desktop/lio-sam_simulation_navigation/install/robot_navigation2/share/robot_navigation2/launch/nav.launch.py
[1.318s] -- Up-to-date symlink: /home/korey/Desktop/lio-sam_simulation_navigation/install/robot_navigation2/share/robot_navigation2/launch/navigation2.launch.py
[1.318s] -- Up-to-date symlink: /home/korey/Desktop/lio-sam_simulation_navigation/install/robot_navigation2/share/robot_navigation2/launch/navigation_launch.py
[1.318s] -- Up-to-date symlink: /home/korey/Desktop/lio-sam_simulation_navigation/install/robot_navigation2/share/robot_navigation2/launch/rviz_launch.py
[1.318s] -- Symlinking: /home/korey/Desktop/lio-sam_simulation_navigation/install/robot_navigation2/share/ament_index/resource_index/package_run_dependencies/robot_navigation2
[1.330s] -- Symlinking: /home/korey/Desktop/lio-sam_simulation_navigation/install/robot_navigation2/share/ament_index/resource_index/parent_prefix_path/robot_navigation2
[1.346s] -- Symlinking: /home/korey/Desktop/lio-sam_simulation_navigation/install/robot_navigation2/share/robot_navigation2/environment/ament_prefix_path.sh
[1.363s] -- Symlinking: /home/korey/Desktop/lio-sam_simulation_navigation/install/robot_navigation2/share/robot_navigation2/environment/ament_prefix_path.dsv
[1.375s] -- Symlinking: /home/korey/Desktop/lio-sam_simulation_navigation/install/robot_navigation2/share/robot_navigation2/environment/path.sh
[1.390s] -- Symlinking: /home/korey/Desktop/lio-sam_simulation_navigation/install/robot_navigation2/share/robot_navigation2/environment/path.dsv
[1.407s] -- Symlinking: /home/korey/Desktop/lio-sam_simulation_navigation/install/robot_navigation2/share/robot_navigation2/local_setup.bash
[1.424s] -- Symlinking: /home/korey/Desktop/lio-sam_simulation_navigation/install/robot_navigation2/share/robot_navigation2/local_setup.sh
[1.440s] -- Symlinking: /home/korey/Desktop/lio-sam_simulation_navigation/install/robot_navigation2/share/robot_navigation2/local_setup.zsh
[1.454s] -- Symlinking: /home/korey/Desktop/lio-sam_simulation_navigation/install/robot_navigation2/share/robot_navigation2/local_setup.dsv
[1.468s] -- Symlinking: /home/korey/Desktop/lio-sam_simulation_navigation/install/robot_navigation2/share/robot_navigation2/package.dsv
[1.482s] -- Symlinking: /home/korey/Desktop/lio-sam_simulation_navigation/install/robot_navigation2/share/ament_index/resource_index/packages/robot_navigation2
[1.499s] -- Symlinking: /home/korey/Desktop/lio-sam_simulation_navigation/install/robot_navigation2/share/robot_navigation2/cmake/robot_navigation2Config.cmake
[1.512s] -- Symlinking: /home/korey/Desktop/lio-sam_simulation_navigation/install/robot_navigation2/share/robot_navigation2/cmake/robot_navigation2Config-version.cmake
[1.527s] -- Symlinking: /home/korey/Desktop/lio-sam_simulation_navigation/install/robot_navigation2/share/robot_navigation2/package.xml
[1.577s] Listing '/home/korey/Desktop/lio-sam_simulation_navigation/install/robot_navigation2/lib/python3.8/site-packages/script'...
[1.584s] Invoked command in '/home/korey/Desktop/lio-sam_simulation_navigation/build/robot_navigation2' returned '0': CMAKE_PREFIX_PATH=${CMAKE_PREFIX_PATH}:/opt/ros/foxy CONDA_PROMPT_MODIFIER=(base) /usr/bin/cmake --install /home/korey/Desktop/lio-sam_simulation_navigation/build/robot_navigation2
