[0.034s] Invoking command in '/home/korey/Desktop/lio-sam_simulation_navigation/build/robot_navigation2': /home/korey/.local/bin/cmake /home/korey/Desktop/lio-sam_simulation_navigation/src/robot_navigation2 -DCMAKE_INSTALL_PREFIX=/home/korey/Desktop/lio-sam_simulation_navigation/install/robot_navigation2
[0.171s] -- The C compiler identification is GNU 9.4.0
[0.285s] -- The CXX compiler identification is GNU 9.4.0
[0.301s] -- Detecting C compiler ABI info
[0.365s] -- Detecting C compiler ABI info - done
[0.376s] -- Check for working C compiler: /usr/bin/cc - skipped
[0.377s] -- Detecting C compile features
[0.377s] -- Detecting C compile features - done
[0.381s] -- Detecting CXX compiler ABI info
[0.454s] -- Detecting CXX compiler ABI info - done
[0.467s] -- Check for working CXX compiler: /usr/bin/c++ - skipped
[0.467s] -- Detecting CXX compile features
[0.468s] -- Detecting CXX compile features - done
[0.486s] [31mCMake Error at CMakeLists.txt:3 (find_package):
[0.486s]   By not providing "Findament_cmake.cmake" in CMAKE_MODULE_PATH this project
[0.486s]   has asked CMake to find a package configuration file provided by
[0.486s]   "ament_cmake", but CMake did not find one.
[0.486s] 
[0.486s]   Could not find a package configuration file provided by "ament_cmake" with
[0.486s]   any of the following names:
[0.486s] 
[0.486s]     ament_cmakeConfig.cmake
[0.487s]     ament_cmake-config.cmake
[0.487s] 
[0.487s]   Add the installation prefix of "ament_cmake" to CMAKE_PREFIX_PATH or set
[0.487s]   "ament_cmake_DIR" to a directory containing one of the above files.  If
[0.487s]   "ament_cmake" provides a separate development package or SDK, be sure it
[0.487s]   has been installed.
[0.488s] 
[0.488s] [0m
[0.489s] -- Configuring incomplete, errors occurred!
[0.492s] See also "/home/korey/Desktop/lio-sam_simulation_navigation/build/robot_navigation2/CMakeFiles/CMakeOutput.log".
[0.507s] Invoked command in '/home/korey/Desktop/lio-sam_simulation_navigation/build/robot_navigation2' returned '1': /home/korey/.local/bin/cmake /home/korey/Desktop/lio-sam_simulation_navigation/src/robot_navigation2 -DCMAKE_INSTALL_PREFIX=/home/korey/Desktop/lio-sam_simulation_navigation/install/robot_navigation2
