[0.031s] Invoking command in '/home/korey/Desktop/lio-sam_simulation_navigation/build/pointcloud_downsampling': /home/korey/.local/bin/cmake /home/korey/Desktop/lio-sam_simulation_navigation/src/pointcloud_downsampling -DCMAKE_INSTALL_PREFIX=/home/korey/Desktop/lio-sam_simulation_navigation/install/pointcloud_downsampling
[0.198s] -- The C compiler identification is GNU 9.4.0
[0.302s] -- The CXX compiler identification is GNU 9.4.0
[0.316s] -- Detecting C compiler ABI info
[0.380s] -- Detecting C compiler ABI info - done
[0.391s] -- Check for working C compiler: /usr/bin/cc - skipped
[0.391s] -- Detecting C compile features
[0.392s] -- Detecting C compile features - done
[0.395s] -- Detecting CXX compiler ABI info
[0.472s] -- Detecting CXX compiler ABI info - done
[0.485s] -- Check for working CXX compiler: /usr/bin/c++ - skipped
[0.485s] -- Detecting CXX compile features
[0.486s] -- Detecting CXX compile features - done
[0.518s] [31mCMake Error at CMakeLists.txt:19 (find_package):
[0.519s]   By not providing "Findament_cmake_auto.cmake" in CMAKE_MODULE_PATH this
[0.519s]   project has asked CMake to find a package configuration file provided by
[0.519s]   "ament_cmake_auto", but CMake did not find one.
[0.519s] 
[0.519s]   Could not find a package configuration file provided by "ament_cmake_auto"
[0.519s]   with any of the following names:
[0.519s] 
[0.519s]     ament_cmake_autoConfig.cmake
[0.519s]     ament_cmake_auto-config.cmake
[0.519s] 
[0.519s]   Add the installation prefix of "ament_cmake_auto" to CMAKE_PREFIX_PATH or
[0.519s]   set "ament_cmake_auto_DIR" to a directory containing one of the above
[0.519s]   files.  If "ament_cmake_auto" provides a separate development package or
[0.519s]   SDK, be sure it has been installed.
[0.520s] 
[0.520s] [0m
[0.520s] -- Configuring incomplete, errors occurred!
[0.520s] See also "/home/korey/Desktop/lio-sam_simulation_navigation/build/pointcloud_downsampling/CMakeFiles/CMakeOutput.log".
[0.530s] Invoked command in '/home/korey/Desktop/lio-sam_simulation_navigation/build/pointcloud_downsampling' returned '1': /home/korey/.local/bin/cmake /home/korey/Desktop/lio-sam_simulation_navigation/src/pointcloud_downsampling -DCMAKE_INSTALL_PREFIX=/home/korey/Desktop/lio-sam_simulation_navigation/install/pointcloud_downsampling
