[0.019s] Invoking command in '/home/korey/Desktop/lio-sam_simulation_navigation/build/robot_bringup': CMAKE_PREFIX_PATH=/opt/ros/foxy CONDA_PROMPT_MODIFIER=(base) /home/korey/.local/bin/cmake /home/korey/Desktop/lio-sam_simulation_navigation/src/robot_bringup -DAMENT_CMAKE_SYMLINK_INSTALL=1 -DCMAKE_INSTALL_PREFIX=/home/korey/Desktop/lio-sam_simulation_navigation/install/robot_bringup
[0.060s] -- Found ament_cmake_auto: 0.9.12 (/opt/ros/foxy/share/ament_cmake_auto/cmake)
[0.093s] -- Using PYTHON_EXECUTABLE: /usr/bin/python3
[0.292s] -- Override CMake install command with custom implementation using symlinks instead of copying resources
[0.397s] -- Using all available rosidl_typesupport_c: rosidl_typesupport_fastrtps_c;rosidl_typesupport_introspection_c
[0.401s] -- Found rosidl_adapter: 1.3.1 (/opt/ros/foxy/share/rosidl_adapter/cmake)
[0.566s] -- Using all available rosidl_typesupport_cpp: rosidl_typesupport_fastrtps_cpp;rosidl_typesupport_introspection_cpp
[0.619s] -- Found rmw_implementation_cmake: 1.0.4 (/opt/ros/foxy/share/rmw_implementation_cmake/cmake)
[0.622s] -- Using RMW implementation 'rmw_fastrtps_cpp' as default
[1.049s] -- Eigen found (include: /usr/include/eigen3, version: 3.3.7)
[1.123s] -- The imported target "vtkParseOGLExt" references the file
[1.123s]    "/usr/bin/vtkParseOGLExt-7.1"
[1.123s] but this file does not exist.  Possible reasons include:
[1.124s] * The file was deleted, renamed, or moved to another location.
[1.124s] * An install or uninstall procedure did not complete successfully.
[1.124s] * The installation package was faulty and contained
[1.124s]    "/usr/lib/cmake/vtk-7.1/VTKTargets.cmake"
[1.124s] but not all the files it references.
[1.124s] 
[1.124s] -- The imported target "vtkRenderingPythonTkWidgets" references the file
[1.124s]    "/usr/lib/x86_64-linux-gnu/libvtkRenderingPythonTkWidgets.so"
[1.124s] but this file does not exist.  Possible reasons include:
[1.125s] * The file was deleted, renamed, or moved to another location.
[1.125s] * An install or uninstall procedure did not complete successfully.
[1.125s] * The installation package was faulty and contained
[1.125s]    "/usr/lib/cmake/vtk-7.1/VTKTargets.cmake"
[1.125s] but not all the files it references.
[1.125s] 
[1.125s] -- The imported target "vtk" references the file
[1.125s]    "/usr/bin/vtk"
[1.126s] but this file does not exist.  Possible reasons include:
[1.126s] * The file was deleted, renamed, or moved to another location.
[1.126s] * An install or uninstall procedure did not complete successfully.
[1.126s] * The installation package was faulty and contained
[1.126s]    "/usr/lib/cmake/vtk-7.1/VTKTargets.cmake"
[1.126s] but not all the files it references.
[1.126s] 
[1.126s] -- The imported target "pvtk" references the file
[1.126s]    "/usr/bin/pvtk"
[1.126s] but this file does not exist.  Possible reasons include:
[1.126s] * The file was deleted, renamed, or moved to another location.
[1.126s] * An install or uninstall procedure did not complete successfully.
[1.126s] * The installation package was faulty and contained
[1.126s]    "/usr/lib/cmake/vtk-7.1/VTKTargets.cmake"
[1.127s] but not all the files it references.
[1.127s] 
[1.157s] CMake Warning (dev) at /home/korey/.local/lib/python3.8/site-packages/cmake/data/share/cmake-3.25/Modules/FindPackageHandleStandardArgs.cmake:438 (message):
[1.157s]   The package name passed to `find_package_handle_standard_args` (USB_10)
[1.157s]   does not match the name of the calling package (OpenNI).  This can lead to
[1.157s]   problems in calling code that expects `find_package` result variables
[1.157s]   (e.g., `_FOUND`) to follow a certain pattern.
[1.158s] Call Stack (most recent call first):
[1.158s]   /usr/lib/x86_64-linux-gnu/cmake/pcl/Modules/FindOpenNI.cmake:28 (find_package_handle_standard_args)
[1.158s]   /usr/lib/x86_64-linux-gnu/cmake/pcl/PCLConfig.cmake:179 (find_package)
[1.158s]   /usr/lib/x86_64-linux-gnu/cmake/pcl/PCLConfig.cmake:322 (find_openni)
[1.158s]   /usr/lib/x86_64-linux-gnu/cmake/pcl/PCLConfig.cmake:548 (find_external_library)
[1.158s]   CMakeLists.txt:15 (find_package)
[1.158s] This warning is for project developers.  Use -Wno-dev to suppress it.
[1.158s] 
[1.160s] -- OpenNI found (include: /usr/include/ni, lib: /usr/lib/libOpenNI.so)
[1.168s] CMake Warning (dev) at /home/korey/.local/lib/python3.8/site-packages/cmake/data/share/cmake-3.25/Modules/FindPackageHandleStandardArgs.cmake:438 (message):
[1.169s]   The package name passed to `find_package_handle_standard_args` (USB_10)
[1.169s]   does not match the name of the calling package (OpenNI2).  This can lead to
[1.169s]   problems in calling code that expects `find_package` result variables
[1.169s]   (e.g., `_FOUND`) to follow a certain pattern.
[1.169s] Call Stack (most recent call first):
[1.169s]   /usr/lib/x86_64-linux-gnu/cmake/pcl/Modules/FindOpenNI2.cmake:28 (find_package_handle_standard_args)
[1.169s]   /usr/lib/x86_64-linux-gnu/cmake/pcl/PCLConfig.cmake:193 (find_package)
[1.170s]   /usr/lib/x86_64-linux-gnu/cmake/pcl/PCLConfig.cmake:324 (find_openni2)
[1.170s]   /usr/lib/x86_64-linux-gnu/cmake/pcl/PCLConfig.cmake:548 (find_external_library)
[1.170s]   CMakeLists.txt:15 (find_package)
[1.170s] This warning is for project developers.  Use -Wno-dev to suppress it.
[1.170s] 
[1.170s] -- OpenNI2 found (include: /usr/include/openni2, lib: /usr/lib/libOpenNI2.so)
[1.171s] ** WARNING ** io features related to pcap will be disabled
[1.171s] ** WARNING ** io features related to png will be disabled
[1.187s] CMake Warning (dev) at /home/korey/.local/lib/python3.8/site-packages/cmake/data/share/cmake-3.25/Modules/FindPackageHandleStandardArgs.cmake:438 (message):
[1.187s]   The package name passed to `find_package_handle_standard_args` (libusb-1.0)
[1.187s]   does not match the name of the calling package (PCL).  This can lead to
[1.187s]   problems in calling code that expects `find_package` result variables
[1.187s]   (e.g., `_FOUND`) to follow a certain pattern.
[1.187s] Call Stack (most recent call first):
[1.187s]   /usr/lib/x86_64-linux-gnu/cmake/pcl/PCLConfig.cmake:291 (find_package_handle_standard_args)
[1.187s]   /usr/lib/x86_64-linux-gnu/cmake/pcl/PCLConfig.cmake:338 (find_libusb)
[1.188s]   /usr/lib/x86_64-linux-gnu/cmake/pcl/PCLConfig.cmake:548 (find_external_library)
[1.188s]   CMakeLists.txt:15 (find_package)
[1.188s] This warning is for project developers.  Use -Wno-dev to suppress it.
[1.188s] 
[1.188s] ** WARNING ** io features related to libusb-1.0 will be disabled
[1.194s] CMake Warning (dev) at /home/korey/.local/lib/python3.8/site-packages/cmake/data/share/cmake-3.25/Modules/FindPackageHandleStandardArgs.cmake:438 (message):
[1.194s]   The package name passed to `find_package_handle_standard_args` (USB_10)
[1.195s]   does not match the name of the calling package (OpenNI).  This can lead to
[1.195s]   problems in calling code that expects `find_package` result variables
[1.195s]   (e.g., `_FOUND`) to follow a certain pattern.
[1.195s] Call Stack (most recent call first):
[1.195s]   /usr/lib/x86_64-linux-gnu/cmake/pcl/Modules/FindOpenNI.cmake:28 (find_package_handle_standard_args)
[1.195s]   /usr/lib/x86_64-linux-gnu/cmake/pcl/PCLConfig.cmake:179 (find_package)
[1.195s]   /usr/lib/x86_64-linux-gnu/cmake/pcl/PCLConfig.cmake:322 (find_openni)
[1.196s]   /usr/lib/x86_64-linux-gnu/cmake/pcl/PCLConfig.cmake:548 (find_external_library)
[1.196s]   CMakeLists.txt:15 (find_package)
[1.196s] This warning is for project developers.  Use -Wno-dev to suppress it.
[1.196s] 
[1.196s] -- OpenNI found (include: /usr/include/ni, lib: /usr/lib/libOpenNI.so)
[1.202s] CMake Warning (dev) at /home/korey/.local/lib/python3.8/site-packages/cmake/data/share/cmake-3.25/Modules/FindPackageHandleStandardArgs.cmake:438 (message):
[1.202s]   The package name passed to `find_package_handle_standard_args` (USB_10)
[1.202s]   does not match the name of the calling package (OpenNI2).  This can lead to
[1.202s]   problems in calling code that expects `find_package` result variables
[1.203s]   (e.g., `_FOUND`) to follow a certain pattern.
[1.203s] Call Stack (most recent call first):
[1.203s]   /usr/lib/x86_64-linux-gnu/cmake/pcl/Modules/FindOpenNI2.cmake:28 (find_package_handle_standard_args)
[1.203s]   /usr/lib/x86_64-linux-gnu/cmake/pcl/PCLConfig.cmake:193 (find_package)
[1.203s]   /usr/lib/x86_64-linux-gnu/cmake/pcl/PCLConfig.cmake:324 (find_openni2)
[1.203s]   /usr/lib/x86_64-linux-gnu/cmake/pcl/PCLConfig.cmake:548 (find_external_library)
[1.203s]   CMakeLists.txt:15 (find_package)
[1.203s] This warning is for project developers.  Use -Wno-dev to suppress it.
[1.203s] 
[1.204s] -- OpenNI2 found (include: /usr/include/openni2, lib: /usr/lib/libOpenNI2.so)
[1.218s] -- QHULL found (include: /usr/include, lib: optimized;/usr/lib/x86_64-linux-gnu/libqhull.so;debug;/usr/lib/x86_64-linux-gnu/libqhull.so)
[1.226s] CMake Warning (dev) at /home/korey/.local/lib/python3.8/site-packages/cmake/data/share/cmake-3.25/Modules/FindPackageHandleStandardArgs.cmake:438 (message):
[1.226s]   The package name passed to `find_package_handle_standard_args` (USB_10)
[1.226s]   does not match the name of the calling package (OpenNI).  This can lead to
[1.226s]   problems in calling code that expects `find_package` result variables
[1.226s]   (e.g., `_FOUND`) to follow a certain pattern.
[1.226s] Call Stack (most recent call first):
[1.226s]   /usr/lib/x86_64-linux-gnu/cmake/pcl/Modules/FindOpenNI.cmake:28 (find_package_handle_standard_args)
[1.226s]   /usr/lib/x86_64-linux-gnu/cmake/pcl/PCLConfig.cmake:179 (find_package)
[1.226s]   /usr/lib/x86_64-linux-gnu/cmake/pcl/PCLConfig.cmake:322 (find_openni)
[1.227s]   /usr/lib/x86_64-linux-gnu/cmake/pcl/PCLConfig.cmake:548 (find_external_library)
[1.227s]   CMakeLists.txt:15 (find_package)
[1.227s] This warning is for project developers.  Use -Wno-dev to suppress it.
[1.227s] 
[1.228s] -- OpenNI found (include: /usr/include/ni, lib: /usr/lib/libOpenNI.so)
[1.242s] -- looking for PCL_COMMON
[1.243s] CMake Warning (dev) at /home/korey/.local/lib/python3.8/site-packages/cmake/data/share/cmake-3.25/Modules/FindPackageHandleStandardArgs.cmake:438 (message):
[1.243s]   The package name passed to `find_package_handle_standard_args` (PCL_COMMON)
[1.243s]   does not match the name of the calling package (PCL).  This can lead to
[1.243s]   problems in calling code that expects `find_package` result variables
[1.243s]   (e.g., `_FOUND`) to follow a certain pattern.
[1.244s] Call Stack (most recent call first):
[1.244s]   /usr/lib/x86_64-linux-gnu/cmake/pcl/PCLConfig.cmake:616 (find_package_handle_standard_args)
[1.244s]   CMakeLists.txt:15 (find_package)
[1.244s] This warning is for project developers.  Use -Wno-dev to suppress it.
[1.244s] 
[1.244s] -- looking for PCL_KDTREE
[1.244s] CMake Warning (dev) at /home/korey/.local/lib/python3.8/site-packages/cmake/data/share/cmake-3.25/Modules/FindPackageHandleStandardArgs.cmake:438 (message):
[1.244s]   The package name passed to `find_package_handle_standard_args` (PCL_KDTREE)
[1.244s]   does not match the name of the calling package (PCL).  This can lead to
[1.244s]   problems in calling code that expects `find_package` result variables
[1.244s]   (e.g., `_FOUND`) to follow a certain pattern.
[1.244s] Call Stack (most recent call first):
[1.244s]   /usr/lib/x86_64-linux-gnu/cmake/pcl/PCLConfig.cmake:616 (find_package_handle_standard_args)
[1.245s]   CMakeLists.txt:15 (find_package)
[1.245s] This warning is for project developers.  Use -Wno-dev to suppress it.
[1.245s] 
[1.245s] -- looking for PCL_OCTREE
[1.245s] CMake Warning (dev) at /home/korey/.local/lib/python3.8/site-packages/cmake/data/share/cmake-3.25/Modules/FindPackageHandleStandardArgs.cmake:438 (message):
[1.245s]   The package name passed to `find_package_handle_standard_args` (PCL_OCTREE)
[1.246s]   does not match the name of the calling package (PCL).  This can lead to
[1.246s]   problems in calling code that expects `find_package` result variables
[1.246s]   (e.g., `_FOUND`) to follow a certain pattern.
[1.246s] Call Stack (most recent call first):
[1.246s]   /usr/lib/x86_64-linux-gnu/cmake/pcl/PCLConfig.cmake:616 (find_package_handle_standard_args)
[1.246s]   CMakeLists.txt:15 (find_package)
[1.246s] This warning is for project developers.  Use -Wno-dev to suppress it.
[1.247s] 
[1.247s] -- looking for PCL_SEARCH
[1.247s] CMake Warning (dev) at /home/korey/.local/lib/python3.8/site-packages/cmake/data/share/cmake-3.25/Modules/FindPackageHandleStandardArgs.cmake:438 (message):
[1.247s]   The package name passed to `find_package_handle_standard_args` (PCL_SEARCH)
[1.247s]   does not match the name of the calling package (PCL).  This can lead to
[1.247s]   problems in calling code that expects `find_package` result variables
[1.248s]   (e.g., `_FOUND`) to follow a certain pattern.
[1.248s] Call Stack (most recent call first):
[1.248s]   /usr/lib/x86_64-linux-gnu/cmake/pcl/PCLConfig.cmake:616 (find_package_handle_standard_args)
[1.248s]   CMakeLists.txt:15 (find_package)
[1.248s] This warning is for project developers.  Use -Wno-dev to suppress it.
[1.248s] 
[1.248s] -- looking for PCL_SAMPLE_CONSENSUS
[1.249s] CMake Warning (dev) at /home/korey/.local/lib/python3.8/site-packages/cmake/data/share/cmake-3.25/Modules/FindPackageHandleStandardArgs.cmake:438 (message):
[1.249s]   The package name passed to `find_package_handle_standard_args`
[1.249s]   (PCL_SAMPLE_CONSENSUS) does not match the name of the calling package
[1.249s]   (PCL).  This can lead to problems in calling code that expects
[1.249s]   `find_package` result variables (e.g., `_FOUND`) to follow a certain
[1.249s]   pattern.
[1.250s] Call Stack (most recent call first):
[1.250s]   /usr/lib/x86_64-linux-gnu/cmake/pcl/PCLConfig.cmake:616 (find_package_handle_standard_args)
[1.250s]   CMakeLists.txt:15 (find_package)
[1.250s] This warning is for project developers.  Use -Wno-dev to suppress it.
[1.250s] 
[1.250s] -- looking for PCL_FILTERS
[1.251s] CMake Warning (dev) at /home/korey/.local/lib/python3.8/site-packages/cmake/data/share/cmake-3.25/Modules/FindPackageHandleStandardArgs.cmake:438 (message):
[1.251s]   The package name passed to `find_package_handle_standard_args`
[1.251s]   (PCL_FILTERS) does not match the name of the calling package (PCL).  This
[1.251s]   can lead to problems in calling code that expects `find_package` result
[1.251s]   variables (e.g., `_FOUND`) to follow a certain pattern.
[1.251s] Call Stack (most recent call first):
[1.252s]   /usr/lib/x86_64-linux-gnu/cmake/pcl/PCLConfig.cmake:616 (find_package_handle_standard_args)
[1.252s]   CMakeLists.txt:15 (find_package)
[1.252s] This warning is for project developers.  Use -Wno-dev to suppress it.
[1.252s] 
[1.252s] -- looking for PCL_2D
[1.252s] CMake Warning (dev) at /home/korey/.local/lib/python3.8/site-packages/cmake/data/share/cmake-3.25/Modules/FindPackageHandleStandardArgs.cmake:438 (message):
[1.252s]   The package name passed to `find_package_handle_standard_args` (PCL_2D)
[1.253s]   does not match the name of the calling package (PCL).  This can lead to
[1.253s]   problems in calling code that expects `find_package` result variables
[1.253s]   (e.g., `_FOUND`) to follow a certain pattern.
[1.253s] Call Stack (most recent call first):
[1.253s]   /usr/lib/x86_64-linux-gnu/cmake/pcl/PCLConfig.cmake:619 (find_package_handle_standard_args)
[1.253s]   CMakeLists.txt:15 (find_package)
[1.253s] This warning is for project developers.  Use -Wno-dev to suppress it.
[1.253s] 
[1.254s] -- looking for PCL_GEOMETRY
[1.254s] CMake Warning (dev) at /home/korey/.local/lib/python3.8/site-packages/cmake/data/share/cmake-3.25/Modules/FindPackageHandleStandardArgs.cmake:438 (message):
[1.254s]   The package name passed to `find_package_handle_standard_args`
[1.254s]   (PCL_GEOMETRY) does not match the name of the calling package (PCL).  This
[1.254s]   can lead to problems in calling code that expects `find_package` result
[1.254s]   variables (e.g., `_FOUND`) to follow a certain pattern.
[1.254s] Call Stack (most recent call first):
[1.255s]   /usr/lib/x86_64-linux-gnu/cmake/pcl/PCLConfig.cmake:619 (find_package_handle_standard_args)
[1.255s]   CMakeLists.txt:15 (find_package)
[1.255s] This warning is for project developers.  Use -Wno-dev to suppress it.
[1.255s] 
[1.255s] -- looking for PCL_IO
[1.255s] CMake Warning (dev) at /home/korey/.local/lib/python3.8/site-packages/cmake/data/share/cmake-3.25/Modules/FindPackageHandleStandardArgs.cmake:438 (message):
[1.255s]   The package name passed to `find_package_handle_standard_args` (PCL_IO)
[1.255s]   does not match the name of the calling package (PCL).  This can lead to
[1.255s]   problems in calling code that expects `find_package` result variables
[1.255s]   (e.g., `_FOUND`) to follow a certain pattern.
[1.256s] Call Stack (most recent call first):
[1.256s]   /usr/lib/x86_64-linux-gnu/cmake/pcl/PCLConfig.cmake:616 (find_package_handle_standard_args)
[1.256s]   CMakeLists.txt:15 (find_package)
[1.256s] This warning is for project developers.  Use -Wno-dev to suppress it.
[1.256s] 
[1.256s] -- looking for PCL_FEATURES
[1.256s] CMake Warning (dev) at /home/korey/.local/lib/python3.8/site-packages/cmake/data/share/cmake-3.25/Modules/FindPackageHandleStandardArgs.cmake:438 (message):
[1.256s]   The package name passed to `find_package_handle_standard_args`
[1.256s]   (PCL_FEATURES) does not match the name of the calling package (PCL).  This
[1.256s]   can lead to problems in calling code that expects `find_package` result
[1.256s]   variables (e.g., `_FOUND`) to follow a certain pattern.
[1.256s] Call Stack (most recent call first):
[1.256s]   /usr/lib/x86_64-linux-gnu/cmake/pcl/PCLConfig.cmake:616 (find_package_handle_standard_args)
[1.256s]   CMakeLists.txt:15 (find_package)
[1.256s] This warning is for project developers.  Use -Wno-dev to suppress it.
[1.257s] 
[1.257s] -- looking for PCL_ML
[1.257s] CMake Warning (dev) at /home/korey/.local/lib/python3.8/site-packages/cmake/data/share/cmake-3.25/Modules/FindPackageHandleStandardArgs.cmake:438 (message):
[1.257s]   The package name passed to `find_package_handle_standard_args` (PCL_ML)
[1.257s]   does not match the name of the calling package (PCL).  This can lead to
[1.257s]   problems in calling code that expects `find_package` result variables
[1.257s]   (e.g., `_FOUND`) to follow a certain pattern.
[1.257s] Call Stack (most recent call first):
[1.257s]   /usr/lib/x86_64-linux-gnu/cmake/pcl/PCLConfig.cmake:616 (find_package_handle_standard_args)
[1.257s]   CMakeLists.txt:15 (find_package)
[1.257s] This warning is for project developers.  Use -Wno-dev to suppress it.
[1.257s] 
[1.257s] -- looking for PCL_SEGMENTATION
[1.257s] CMake Warning (dev) at /home/korey/.local/lib/python3.8/site-packages/cmake/data/share/cmake-3.25/Modules/FindPackageHandleStandardArgs.cmake:438 (message):
[1.257s]   The package name passed to `find_package_handle_standard_args`
[1.257s]   (PCL_SEGMENTATION) does not match the name of the calling package (PCL).
[1.258s]   This can lead to problems in calling code that expects `find_package`
[1.258s]   result variables (e.g., `_FOUND`) to follow a certain pattern.
[1.258s] Call Stack (most recent call first):
[1.258s]   /usr/lib/x86_64-linux-gnu/cmake/pcl/PCLConfig.cmake:616 (find_package_handle_standard_args)
[1.258s]   CMakeLists.txt:15 (find_package)
[1.258s] This warning is for project developers.  Use -Wno-dev to suppress it.
[1.258s] 
[1.258s] -- looking for PCL_VISUALIZATION
[1.258s] CMake Warning (dev) at /home/korey/.local/lib/python3.8/site-packages/cmake/data/share/cmake-3.25/Modules/FindPackageHandleStandardArgs.cmake:438 (message):
[1.258s]   The package name passed to `find_package_handle_standard_args`
[1.258s]   (PCL_VISUALIZATION) does not match the name of the calling package (PCL).
[1.258s]   This can lead to problems in calling code that expects `find_package`
[1.258s]   result variables (e.g., `_FOUND`) to follow a certain pattern.
[1.258s] Call Stack (most recent call first):
[1.258s]   /usr/lib/x86_64-linux-gnu/cmake/pcl/PCLConfig.cmake:616 (find_package_handle_standard_args)
[1.259s]   CMakeLists.txt:15 (find_package)
[1.259s] This warning is for project developers.  Use -Wno-dev to suppress it.
[1.259s] 
[1.259s] -- looking for PCL_SURFACE
[1.259s] CMake Warning (dev) at /home/korey/.local/lib/python3.8/site-packages/cmake/data/share/cmake-3.25/Modules/FindPackageHandleStandardArgs.cmake:438 (message):
[1.259s]   The package name passed to `find_package_handle_standard_args`
[1.259s]   (PCL_SURFACE) does not match the name of the calling package (PCL).  This
[1.259s]   can lead to problems in calling code that expects `find_package` result
[1.259s]   variables (e.g., `_FOUND`) to follow a certain pattern.
[1.259s] Call Stack (most recent call first):
[1.259s]   /usr/lib/x86_64-linux-gnu/cmake/pcl/PCLConfig.cmake:616 (find_package_handle_standard_args)
[1.259s]   CMakeLists.txt:15 (find_package)
[1.259s] This warning is for project developers.  Use -Wno-dev to suppress it.
[1.259s] 
[1.259s] -- looking for PCL_REGISTRATION
[1.259s] CMake Warning (dev) at /home/korey/.local/lib/python3.8/site-packages/cmake/data/share/cmake-3.25/Modules/FindPackageHandleStandardArgs.cmake:438 (message):
[1.260s]   The package name passed to `find_package_handle_standard_args`
[1.260s]   (PCL_REGISTRATION) does not match the name of the calling package (PCL).
[1.260s]   This can lead to problems in calling code that expects `find_package`
[1.260s]   result variables (e.g., `_FOUND`) to follow a certain pattern.
[1.260s] Call Stack (most recent call first):
[1.260s]   /usr/lib/x86_64-linux-gnu/cmake/pcl/PCLConfig.cmake:616 (find_package_handle_standard_args)
[1.260s]   CMakeLists.txt:15 (find_package)
[1.260s] This warning is for project developers.  Use -Wno-dev to suppress it.
[1.260s] 
[1.260s] -- looking for PCL_KEYPOINTS
[1.260s] CMake Warning (dev) at /home/korey/.local/lib/python3.8/site-packages/cmake/data/share/cmake-3.25/Modules/FindPackageHandleStandardArgs.cmake:438 (message):
[1.260s]   The package name passed to `find_package_handle_standard_args`
[1.260s]   (PCL_KEYPOINTS) does not match the name of the calling package (PCL).  This
[1.260s]   can lead to problems in calling code that expects `find_package` result
[1.260s]   variables (e.g., `_FOUND`) to follow a certain pattern.
[1.261s] Call Stack (most recent call first):
[1.261s]   /usr/lib/x86_64-linux-gnu/cmake/pcl/PCLConfig.cmake:616 (find_package_handle_standard_args)
[1.261s]   CMakeLists.txt:15 (find_package)
[1.261s] This warning is for project developers.  Use -Wno-dev to suppress it.
[1.261s] 
[1.261s] -- looking for PCL_TRACKING
[1.261s] CMake Warning (dev) at /home/korey/.local/lib/python3.8/site-packages/cmake/data/share/cmake-3.25/Modules/FindPackageHandleStandardArgs.cmake:438 (message):
[1.261s]   The package name passed to `find_package_handle_standard_args`
[1.261s]   (PCL_TRACKING) does not match the name of the calling package (PCL).  This
[1.261s]   can lead to problems in calling code that expects `find_package` result
[1.261s]   variables (e.g., `_FOUND`) to follow a certain pattern.
[1.261s] Call Stack (most recent call first):
[1.261s]   /usr/lib/x86_64-linux-gnu/cmake/pcl/PCLConfig.cmake:616 (find_package_handle_standard_args)
[1.261s]   CMakeLists.txt:15 (find_package)
[1.261s] This warning is for project developers.  Use -Wno-dev to suppress it.
[1.262s] 
[1.262s] -- looking for PCL_RECOGNITION
[1.262s] CMake Warning (dev) at /home/korey/.local/lib/python3.8/site-packages/cmake/data/share/cmake-3.25/Modules/FindPackageHandleStandardArgs.cmake:438 (message):
[1.262s]   The package name passed to `find_package_handle_standard_args`
[1.262s]   (PCL_RECOGNITION) does not match the name of the calling package (PCL).
[1.262s]   This can lead to problems in calling code that expects `find_package`
[1.262s]   result variables (e.g., `_FOUND`) to follow a certain pattern.
[1.262s] Call Stack (most recent call first):
[1.262s]   /usr/lib/x86_64-linux-gnu/cmake/pcl/PCLConfig.cmake:616 (find_package_handle_standard_args)
[1.262s]   CMakeLists.txt:15 (find_package)
[1.262s] This warning is for project developers.  Use -Wno-dev to suppress it.
[1.263s] 
[1.263s] -- looking for PCL_STEREO
[1.263s] CMake Warning (dev) at /home/korey/.local/lib/python3.8/site-packages/cmake/data/share/cmake-3.25/Modules/FindPackageHandleStandardArgs.cmake:438 (message):
[1.263s]   The package name passed to `find_package_handle_standard_args` (PCL_STEREO)
[1.263s]   does not match the name of the calling package (PCL).  This can lead to
[1.263s]   problems in calling code that expects `find_package` result variables
[1.263s]   (e.g., `_FOUND`) to follow a certain pattern.
[1.263s] Call Stack (most recent call first):
[1.263s]   /usr/lib/x86_64-linux-gnu/cmake/pcl/PCLConfig.cmake:616 (find_package_handle_standard_args)
[1.263s]   CMakeLists.txt:15 (find_package)
[1.264s] This warning is for project developers.  Use -Wno-dev to suppress it.
[1.264s] 
[1.264s] -- looking for PCL_APPS
[1.264s] CMake Warning (dev) at /home/korey/.local/lib/python3.8/site-packages/cmake/data/share/cmake-3.25/Modules/FindPackageHandleStandardArgs.cmake:438 (message):
[1.264s]   The package name passed to `find_package_handle_standard_args` (PCL_APPS)
[1.264s]   does not match the name of the calling package (PCL).  This can lead to
[1.264s]   problems in calling code that expects `find_package` result variables
[1.264s]   (e.g., `_FOUND`) to follow a certain pattern.
[1.264s] Call Stack (most recent call first):
[1.264s]   /usr/lib/x86_64-linux-gnu/cmake/pcl/PCLConfig.cmake:616 (find_package_handle_standard_args)
[1.264s]   CMakeLists.txt:15 (find_package)
[1.264s] This warning is for project developers.  Use -Wno-dev to suppress it.
[1.264s] 
[1.264s] -- looking for PCL_IN_HAND_SCANNER
[1.264s] CMake Warning (dev) at /home/korey/.local/lib/python3.8/site-packages/cmake/data/share/cmake-3.25/Modules/FindPackageHandleStandardArgs.cmake:438 (message):
[1.265s]   The package name passed to `find_package_handle_standard_args`
[1.265s]   (PCL_IN_HAND_SCANNER) does not match the name of the calling package (PCL).
[1.265s]   This can lead to problems in calling code that expects `find_package`
[1.265s]   result variables (e.g., `_FOUND`) to follow a certain pattern.
[1.265s] Call Stack (most recent call first):
[1.265s]   /usr/lib/x86_64-linux-gnu/cmake/pcl/PCLConfig.cmake:619 (find_package_handle_standard_args)
[1.265s]   CMakeLists.txt:15 (find_package)
[1.265s] This warning is for project developers.  Use -Wno-dev to suppress it.
[1.265s] 
[1.265s] -- looking for PCL_POINT_CLOUD_EDITOR
[1.265s] CMake Warning (dev) at /home/korey/.local/lib/python3.8/site-packages/cmake/data/share/cmake-3.25/Modules/FindPackageHandleStandardArgs.cmake:438 (message):
[1.265s]   The package name passed to `find_package_handle_standard_args`
[1.265s]   (PCL_POINT_CLOUD_EDITOR) does not match the name of the calling package
[1.265s]   (PCL).  This can lead to problems in calling code that expects
[1.265s]   `find_package` result variables (e.g., `_FOUND`) to follow a certain
[1.265s]   pattern.
[1.266s] Call Stack (most recent call first):
[1.266s]   /usr/lib/x86_64-linux-gnu/cmake/pcl/PCLConfig.cmake:619 (find_package_handle_standard_args)
[1.266s]   CMakeLists.txt:15 (find_package)
[1.266s] This warning is for project developers.  Use -Wno-dev to suppress it.
[1.266s] 
[1.266s] -- looking for PCL_OUTOFCORE
[1.266s] CMake Warning (dev) at /home/korey/.local/lib/python3.8/site-packages/cmake/data/share/cmake-3.25/Modules/FindPackageHandleStandardArgs.cmake:438 (message):
[1.266s]   The package name passed to `find_package_handle_standard_args`
[1.266s]   (PCL_OUTOFCORE) does not match the name of the calling package (PCL).  This
[1.266s]   can lead to problems in calling code that expects `find_package` result
[1.266s]   variables (e.g., `_FOUND`) to follow a certain pattern.
[1.266s] Call Stack (most recent call first):
[1.266s]   /usr/lib/x86_64-linux-gnu/cmake/pcl/PCLConfig.cmake:616 (find_package_handle_standard_args)
[1.266s]   CMakeLists.txt:15 (find_package)
[1.266s] This warning is for project developers.  Use -Wno-dev to suppress it.
[1.266s] 
[1.267s] -- looking for PCL_PEOPLE
[1.267s] CMake Warning (dev) at /home/korey/.local/lib/python3.8/site-packages/cmake/data/share/cmake-3.25/Modules/FindPackageHandleStandardArgs.cmake:438 (message):
[1.267s]   The package name passed to `find_package_handle_standard_args` (PCL_PEOPLE)
[1.267s]   does not match the name of the calling package (PCL).  This can lead to
[1.267s]   problems in calling code that expects `find_package` result variables
[1.267s]   (e.g., `_FOUND`) to follow a certain pattern.
[1.267s] Call Stack (most recent call first):
[1.267s]   /usr/lib/x86_64-linux-gnu/cmake/pcl/PCLConfig.cmake:616 (find_package_handle_standard_args)
[1.267s]   CMakeLists.txt:15 (find_package)
[1.267s] This warning is for project developers.  Use -Wno-dev to suppress it.
[1.267s] 
[1.299s] -- Found ament_lint_auto: 0.9.8 (/opt/ros/foxy/share/ament_lint_auto/cmake)
[1.339s] -- Added test 'cppcheck' to perform static code analysis on C / C++ code
[1.340s] -- Configured cppcheck include dirs: 
[1.340s] -- Configured cppcheck exclude dirs and/or files: 
[1.344s] -- Added test 'flake8' to check Python code syntax and style conventions
[1.350s] -- Added test 'lint_cmake' to check CMake code style
[1.353s] -- Added test 'pep257' to check Python code against some of the style conventions in PEP 257
[1.381s] -- Added test 'uncrustify' to check C / C++ code style
[1.381s] -- Configured uncrustify additional arguments: 
[1.384s] -- Added test 'xmllint' to check XML markup files
[1.386s] -- Configuring done
[1.442s] -- Generating done
[1.459s] -- Build files have been written to: /home/korey/Desktop/lio-sam_simulation_navigation/build/robot_bringup
[1.473s] Invoked command in '/home/korey/Desktop/lio-sam_simulation_navigation/build/robot_bringup' returned '0': CMAKE_PREFIX_PATH=/opt/ros/foxy CONDA_PROMPT_MODIFIER=(base) /home/korey/.local/bin/cmake /home/korey/Desktop/lio-sam_simulation_navigation/src/robot_bringup -DAMENT_CMAKE_SYMLINK_INSTALL=1 -DCMAKE_INSTALL_PREFIX=/home/korey/Desktop/lio-sam_simulation_navigation/install/robot_bringup
[1.475s] Invoking command in '/home/korey/Desktop/lio-sam_simulation_navigation/build/robot_bringup': CMAKE_PREFIX_PATH=/opt/ros/foxy CONDA_PROMPT_MODIFIER=(base) /home/korey/.local/bin/cmake --build /home/korey/Desktop/lio-sam_simulation_navigation/build/robot_bringup -- -j12 -l12
[1.588s] [ 50%] Linking CXX executable point_deal
[2.178s] [100%] Built target point_deal
[2.189s] Invoked command in '/home/korey/Desktop/lio-sam_simulation_navigation/build/robot_bringup' returned '0': CMAKE_PREFIX_PATH=/opt/ros/foxy CONDA_PROMPT_MODIFIER=(base) /home/korey/.local/bin/cmake --build /home/korey/Desktop/lio-sam_simulation_navigation/build/robot_bringup -- -j12 -l12
[2.231s] Invoking command in '/home/korey/Desktop/lio-sam_simulation_navigation/build/robot_bringup': CMAKE_PREFIX_PATH=/opt/ros/foxy CONDA_PROMPT_MODIFIER=(base) /home/korey/.local/bin/cmake --install /home/korey/Desktop/lio-sam_simulation_navigation/build/robot_bringup
[2.261s] -- Install configuration: ""
[2.261s] -- Execute custom install script
[2.262s] -- Symlinking: /home/korey/Desktop/lio-sam_simulation_navigation/install/robot_bringup/lib/robot_bringup/point_deal
[2.266s] -- Symlinking: /home/korey/Desktop/lio-sam_simulation_navigation/install/robot_bringup/share/robot_bringup/launch/__pycache__/bringup.launch.cpython-313.pyc
[2.270s] -- Symlinking: /home/korey/Desktop/lio-sam_simulation_navigation/install/robot_bringup/share/robot_bringup/launch/bringup.launch.py
[2.274s] -- Symlinking: /home/korey/Desktop/lio-sam_simulation_navigation/install/robot_bringup/share/robot_bringup/urdf/robo_car.urdf.xacro
[2.278s] -- Symlinking: /home/korey/Desktop/lio-sam_simulation_navigation/install/robot_bringup/share/robot_bringup/world/my_world.world
[2.283s] -- Symlinking: /home/korey/Desktop/lio-sam_simulation_navigation/install/robot_bringup/share/ament_index/resource_index/package_run_dependencies/robot_bringup
[2.287s] -- Symlinking: /home/korey/Desktop/lio-sam_simulation_navigation/install/robot_bringup/share/ament_index/resource_index/parent_prefix_path/robot_bringup
[2.291s] -- Symlinking: /home/korey/Desktop/lio-sam_simulation_navigation/install/robot_bringup/share/robot_bringup/environment/ament_prefix_path.sh
[2.294s] -- Symlinking: /home/korey/Desktop/lio-sam_simulation_navigation/install/robot_bringup/share/robot_bringup/environment/ament_prefix_path.dsv
[2.297s] -- Symlinking: /home/korey/Desktop/lio-sam_simulation_navigation/install/robot_bringup/share/robot_bringup/environment/path.sh
[2.299s] -- Symlinking: /home/korey/Desktop/lio-sam_simulation_navigation/install/robot_bringup/share/robot_bringup/environment/path.dsv
[2.304s] -- Symlinking: /home/korey/Desktop/lio-sam_simulation_navigation/install/robot_bringup/share/robot_bringup/local_setup.bash
[2.308s] -- Symlinking: /home/korey/Desktop/lio-sam_simulation_navigation/install/robot_bringup/share/robot_bringup/local_setup.sh
[2.312s] -- Symlinking: /home/korey/Desktop/lio-sam_simulation_navigation/install/robot_bringup/share/robot_bringup/local_setup.zsh
[2.316s] -- Symlinking: /home/korey/Desktop/lio-sam_simulation_navigation/install/robot_bringup/share/robot_bringup/local_setup.dsv
[2.320s] -- Symlinking: /home/korey/Desktop/lio-sam_simulation_navigation/install/robot_bringup/share/robot_bringup/package.dsv
[2.323s] -- Symlinking: /home/korey/Desktop/lio-sam_simulation_navigation/install/robot_bringup/share/ament_index/resource_index/packages/robot_bringup
[2.328s] -- Symlinking: /home/korey/Desktop/lio-sam_simulation_navigation/install/robot_bringup/share/robot_bringup/cmake/ament_cmake_export_dependencies-extras.cmake
[2.332s] -- Symlinking: /home/korey/Desktop/lio-sam_simulation_navigation/install/robot_bringup/share/robot_bringup/cmake/robot_bringupConfig.cmake
[2.336s] -- Symlinking: /home/korey/Desktop/lio-sam_simulation_navigation/install/robot_bringup/share/robot_bringup/cmake/robot_bringupConfig-version.cmake
[2.339s] -- Symlinking: /home/korey/Desktop/lio-sam_simulation_navigation/install/robot_bringup/share/robot_bringup/package.xml
[2.350s] Invoked command in '/home/korey/Desktop/lio-sam_simulation_navigation/build/robot_bringup' returned '0': CMAKE_PREFIX_PATH=/opt/ros/foxy CONDA_PROMPT_MODIFIER=(base) /home/korey/.local/bin/cmake --install /home/korey/Desktop/lio-sam_simulation_navigation/build/robot_bringup
