-- Install configuration: ""
-- Up-to-date: /home/korey/Desktop/lio_nav2/install/robot_navigation2/share/robot_navigation2/environment/pythonpath.sh
-- Up-to-date: /home/korey/Desktop/lio_nav2/install/robot_navigation2/share/robot_navigation2/environment/pythonpath.dsv
-- Up-to-date: /home/korey/Desktop/lio_nav2/install/robot_navigation2/lib/python3.8/site-packages/script
-- Up-to-date: /home/korey/Desktop/lio_nav2/install/robot_navigation2/lib/python3.8/site-packages/script/__init__.py
Listing '/home/korey/Desktop/lio_nav2/install/robot_navigation2/lib/python3.8/site-packages/script'...
-- Up-to-date: /home/korey/Desktop/lio_nav2/install/robot_navigation2/share/robot_navigation2/launch
-- Up-to-date: /home/korey/Desktop/lio_nav2/install/robot_navigation2/share/robot_navigation2/launch/navigation_launch.py
-- Up-to-date: /home/korey/Desktop/lio_nav2/install/robot_navigation2/share/robot_navigation2/launch/localization_launch.py
-- Up-to-date: /home/korey/Desktop/lio_nav2/install/robot_navigation2/share/robot_navigation2/launch/__pycache__
-- Up-to-date: /home/korey/Desktop/lio_nav2/install/robot_navigation2/share/robot_navigation2/launch/__pycache__/navigation2.launch.cpython-313.pyc
-- Up-to-date: /home/korey/Desktop/lio_nav2/install/robot_navigation2/share/robot_navigation2/launch/__pycache__/bring_launch.cpython-313.pyc
-- Up-to-date: /home/korey/Desktop/lio_nav2/install/robot_navigation2/share/robot_navigation2/launch/rviz_launch.py
-- Installing: /home/korey/Desktop/lio_nav2/install/robot_navigation2/share/robot_navigation2/launch/navigation2.launch.py
-- Installing: /home/korey/Desktop/lio_nav2/install/robot_navigation2/share/robot_navigation2/launch/bring_launch.py
-- Up-to-date: /home/korey/Desktop/lio_nav2/install/robot_navigation2/share/robot_navigation2/param
-- Up-to-date: /home/korey/Desktop/lio_nav2/install/robot_navigation2/share/robot_navigation2/param/robot.yaml
-- Up-to-date: /home/korey/Desktop/lio_nav2/install/robot_navigation2/share/robot_navigation2/maps
-- Up-to-date: /home/korey/Desktop/lio_nav2/install/robot_navigation2/share/robot_navigation2/maps/my_map.yaml
-- Up-to-date: /home/korey/Desktop/lio_nav2/install/robot_navigation2/share/robot_navigation2/maps/show_pgm.py
-- Up-to-date: /home/korey/Desktop/lio_nav2/install/robot_navigation2/share/robot_navigation2/maps/my_map.pgm
-- Up-to-date: /home/korey/Desktop/lio_nav2/install/robot_navigation2/share/robot_navigation2/launch
-- Up-to-date: /home/korey/Desktop/lio_nav2/install/robot_navigation2/share/robot_navigation2/launch/navigation_launch.py
-- Up-to-date: /home/korey/Desktop/lio_nav2/install/robot_navigation2/share/robot_navigation2/launch/localization_launch.py
-- Up-to-date: /home/korey/Desktop/lio_nav2/install/robot_navigation2/share/robot_navigation2/launch/__pycache__
-- Up-to-date: /home/korey/Desktop/lio_nav2/install/robot_navigation2/share/robot_navigation2/launch/__pycache__/navigation2.launch.cpython-313.pyc
-- Up-to-date: /home/korey/Desktop/lio_nav2/install/robot_navigation2/share/robot_navigation2/launch/__pycache__/bring_launch.cpython-313.pyc
-- Up-to-date: /home/korey/Desktop/lio_nav2/install/robot_navigation2/share/robot_navigation2/launch/rviz_launch.py
-- Up-to-date: /home/korey/Desktop/lio_nav2/install/robot_navigation2/share/robot_navigation2/launch/navigation2.launch.py
-- Up-to-date: /home/korey/Desktop/lio_nav2/install/robot_navigation2/share/robot_navigation2/launch/bring_launch.py
-- Up-to-date: /home/korey/Desktop/lio_nav2/install/robot_navigation2/share/ament_index/resource_index/package_run_dependencies/robot_navigation2
-- Up-to-date: /home/korey/Desktop/lio_nav2/install/robot_navigation2/share/ament_index/resource_index/parent_prefix_path/robot_navigation2
-- Up-to-date: /home/korey/Desktop/lio_nav2/install/robot_navigation2/share/robot_navigation2/environment/ament_prefix_path.sh
-- Up-to-date: /home/korey/Desktop/lio_nav2/install/robot_navigation2/share/robot_navigation2/environment/ament_prefix_path.dsv
-- Up-to-date: /home/korey/Desktop/lio_nav2/install/robot_navigation2/share/robot_navigation2/environment/path.sh
-- Up-to-date: /home/korey/Desktop/lio_nav2/install/robot_navigation2/share/robot_navigation2/environment/path.dsv
-- Up-to-date: /home/korey/Desktop/lio_nav2/install/robot_navigation2/share/robot_navigation2/local_setup.bash
-- Up-to-date: /home/korey/Desktop/lio_nav2/install/robot_navigation2/share/robot_navigation2/local_setup.sh
-- Up-to-date: /home/korey/Desktop/lio_nav2/install/robot_navigation2/share/robot_navigation2/local_setup.zsh
-- Up-to-date: /home/korey/Desktop/lio_nav2/install/robot_navigation2/share/robot_navigation2/local_setup.dsv
-- Installing: /home/korey/Desktop/lio_nav2/install/robot_navigation2/share/robot_navigation2/package.dsv
-- Up-to-date: /home/korey/Desktop/lio_nav2/install/robot_navigation2/share/ament_index/resource_index/packages/robot_navigation2
-- Up-to-date: /home/korey/Desktop/lio_nav2/install/robot_navigation2/share/robot_navigation2/cmake/robot_navigation2Config.cmake
-- Up-to-date: /home/korey/Desktop/lio_nav2/install/robot_navigation2/share/robot_navigation2/cmake/robot_navigation2Config-version.cmake
-- Up-to-date: /home/korey/Desktop/lio_nav2/install/robot_navigation2/share/robot_navigation2/package.xml
