[0.047s] Invoking command in '/home/korey/Desktop/lio_nav2/build/robot_navigation2': CMAKE_PREFIX_PATH=/opt/ros/foxy /home/korey/.local/bin/cmake --build /home/korey/Desktop/lio_nav2/build/robot_navigation2 -- -j12 -l12
[0.098s] Invoked command in '/home/korey/Desktop/lio_nav2/build/robot_navigation2' returned '0': CMAKE_PREFIX_PATH=/opt/ros/foxy /home/korey/.local/bin/cmake --build /home/korey/Desktop/lio_nav2/build/robot_navigation2 -- -j12 -l12
[0.128s] Invoking command in '/home/korey/Desktop/lio_nav2/build/robot_navigation2': CMAKE_PREFIX_PATH=/opt/ros/foxy /home/korey/.local/bin/cmake --install /home/korey/Desktop/lio_nav2/build/robot_navigation2
[0.161s] -- Install configuration: ""
[0.161s] -- Up-to-date: /home/korey/Desktop/lio_nav2/install/robot_navigation2/share/robot_navigation2/environment/pythonpath.sh
[0.162s] -- Up-to-date: /home/korey/Desktop/lio_nav2/install/robot_navigation2/share/robot_navigation2/environment/pythonpath.dsv
[0.162s] -- Up-to-date: /home/korey/Desktop/lio_nav2/install/robot_navigation2/lib/python3.8/site-packages/script
[0.163s] -- Up-to-date: /home/korey/Desktop/lio_nav2/install/robot_navigation2/lib/python3.8/site-packages/script/__init__.py
[0.196s] Listing '/home/korey/Desktop/lio_nav2/install/robot_navigation2/lib/python3.8/site-packages/script'...
[0.211s] -- Up-to-date: /home/korey/Desktop/lio_nav2/install/robot_navigation2/share/robot_navigation2/launch
[0.211s] -- Up-to-date: /home/korey/Desktop/lio_nav2/install/robot_navigation2/share/robot_navigation2/launch/navigation_launch.py
[0.211s] -- Up-to-date: /home/korey/Desktop/lio_nav2/install/robot_navigation2/share/robot_navigation2/launch/localization_launch.py
[0.211s] -- Up-to-date: /home/korey/Desktop/lio_nav2/install/robot_navigation2/share/robot_navigation2/launch/__pycache__
[0.211s] -- Up-to-date: /home/korey/Desktop/lio_nav2/install/robot_navigation2/share/robot_navigation2/launch/__pycache__/navigation2.launch.cpython-313.pyc
[0.211s] -- Up-to-date: /home/korey/Desktop/lio_nav2/install/robot_navigation2/share/robot_navigation2/launch/__pycache__/bring_launch.cpython-313.pyc
[0.211s] -- Up-to-date: /home/korey/Desktop/lio_nav2/install/robot_navigation2/share/robot_navigation2/launch/rviz_launch.py
[0.212s] -- Installing: /home/korey/Desktop/lio_nav2/install/robot_navigation2/share/robot_navigation2/launch/navigation2.launch.py
[0.212s] -- Installing: /home/korey/Desktop/lio_nav2/install/robot_navigation2/share/robot_navigation2/launch/bring_launch.py
[0.212s] -- Up-to-date: /home/korey/Desktop/lio_nav2/install/robot_navigation2/share/robot_navigation2/param
[0.213s] -- Up-to-date: /home/korey/Desktop/lio_nav2/install/robot_navigation2/share/robot_navigation2/param/robot.yaml
[0.213s] -- Up-to-date: /home/korey/Desktop/lio_nav2/install/robot_navigation2/share/robot_navigation2/maps
[0.214s] -- Up-to-date: /home/korey/Desktop/lio_nav2/install/robot_navigation2/share/robot_navigation2/maps/my_map.yaml
[0.214s] -- Up-to-date: /home/korey/Desktop/lio_nav2/install/robot_navigation2/share/robot_navigation2/maps/show_pgm.py
[0.214s] -- Up-to-date: /home/korey/Desktop/lio_nav2/install/robot_navigation2/share/robot_navigation2/maps/my_map.pgm
[0.214s] -- Up-to-date: /home/korey/Desktop/lio_nav2/install/robot_navigation2/share/robot_navigation2/launch
[0.214s] -- Up-to-date: /home/korey/Desktop/lio_nav2/install/robot_navigation2/share/robot_navigation2/launch/navigation_launch.py
[0.214s] -- Up-to-date: /home/korey/Desktop/lio_nav2/install/robot_navigation2/share/robot_navigation2/launch/localization_launch.py
[0.214s] -- Up-to-date: /home/korey/Desktop/lio_nav2/install/robot_navigation2/share/robot_navigation2/launch/__pycache__
[0.214s] -- Up-to-date: /home/korey/Desktop/lio_nav2/install/robot_navigation2/share/robot_navigation2/launch/__pycache__/navigation2.launch.cpython-313.pyc
[0.215s] -- Up-to-date: /home/korey/Desktop/lio_nav2/install/robot_navigation2/share/robot_navigation2/launch/__pycache__/bring_launch.cpython-313.pyc
[0.215s] -- Up-to-date: /home/korey/Desktop/lio_nav2/install/robot_navigation2/share/robot_navigation2/launch/rviz_launch.py
[0.215s] -- Up-to-date: /home/korey/Desktop/lio_nav2/install/robot_navigation2/share/robot_navigation2/launch/navigation2.launch.py
[0.215s] -- Up-to-date: /home/korey/Desktop/lio_nav2/install/robot_navigation2/share/robot_navigation2/launch/bring_launch.py
[0.215s] -- Up-to-date: /home/korey/Desktop/lio_nav2/install/robot_navigation2/share/ament_index/resource_index/package_run_dependencies/robot_navigation2
[0.215s] -- Up-to-date: /home/korey/Desktop/lio_nav2/install/robot_navigation2/share/ament_index/resource_index/parent_prefix_path/robot_navigation2
[0.215s] -- Up-to-date: /home/korey/Desktop/lio_nav2/install/robot_navigation2/share/robot_navigation2/environment/ament_prefix_path.sh
[0.215s] -- Up-to-date: /home/korey/Desktop/lio_nav2/install/robot_navigation2/share/robot_navigation2/environment/ament_prefix_path.dsv
[0.215s] -- Up-to-date: /home/korey/Desktop/lio_nav2/install/robot_navigation2/share/robot_navigation2/environment/path.sh
[0.215s] -- Up-to-date: /home/korey/Desktop/lio_nav2/install/robot_navigation2/share/robot_navigation2/environment/path.dsv
[0.216s] -- Up-to-date: /home/korey/Desktop/lio_nav2/install/robot_navigation2/share/robot_navigation2/local_setup.bash
[0.216s] -- Up-to-date: /home/korey/Desktop/lio_nav2/install/robot_navigation2/share/robot_navigation2/local_setup.sh
[0.216s] -- Up-to-date: /home/korey/Desktop/lio_nav2/install/robot_navigation2/share/robot_navigation2/local_setup.zsh
[0.216s] -- Up-to-date: /home/korey/Desktop/lio_nav2/install/robot_navigation2/share/robot_navigation2/local_setup.dsv
[0.216s] -- Installing: /home/korey/Desktop/lio_nav2/install/robot_navigation2/share/robot_navigation2/package.dsv
[0.216s] -- Up-to-date: /home/korey/Desktop/lio_nav2/install/robot_navigation2/share/ament_index/resource_index/packages/robot_navigation2
[0.216s] -- Up-to-date: /home/korey/Desktop/lio_nav2/install/robot_navigation2/share/robot_navigation2/cmake/robot_navigation2Config.cmake
[0.216s] -- Up-to-date: /home/korey/Desktop/lio_nav2/install/robot_navigation2/share/robot_navigation2/cmake/robot_navigation2Config-version.cmake
[0.217s] -- Up-to-date: /home/korey/Desktop/lio_nav2/install/robot_navigation2/share/robot_navigation2/package.xml
[0.246s] Invoked command in '/home/korey/Desktop/lio_nav2/build/robot_navigation2' returned '0': CMAKE_PREFIX_PATH=/opt/ros/foxy /home/korey/.local/bin/cmake --install /home/korey/Desktop/lio_nav2/build/robot_navigation2
